[2024-10-03T22:49:10.197-0400] {local_task_job_runner.py:123} INFO - ::group::Pre task execution logs
[2024-10-03T22:49:14.322-0400] {taskinstance.py:2612} INFO - Dependencies all met for dep_context=non-requeueable deps ti=<TaskInstance: huggingface_pdf_pipeline.extract_texts_task manual__2024-10-04T02:39:31.050432+00:00 [queued]>
[2024-10-03T22:49:14.741-0400] {taskinstance.py:2612} INFO - Dependencies all met for dep_context=requeueable deps ti=<TaskInstance: huggingface_pdf_pipeline.extract_texts_task manual__2024-10-04T02:39:31.050432+00:00 [queued]>
[2024-10-03T22:49:14.743-0400] {taskinstance.py:2865} INFO - Starting attempt 1 of 2
[2024-10-03T22:49:15.140-0400] {taskinstance.py:2888} INFO - Executing <Task(PythonOperator): extract_texts_task> on 2024-10-04 02:39:31.050432+00:00
[2024-10-03T22:49:15.144-0400] {standard_task_runner.py:72} INFO - Started process 34185 to run task
[2024-10-03T22:49:15.146-0400] {standard_task_runner.py:104} INFO - Running: ['airflow', 'tasks', 'run', 'huggingface_pdf_pipeline', 'extract_texts_task', 'manual__2024-10-04T02:39:31.050432+00:00', '--job-id', '43', '--raw', '--subdir', 'DAGS_FOLDER/huggingface_pdf_airflow_dag.py', '--cfg-path', '/tmp/tmpzzxq4d9d']
[2024-10-03T22:49:15.148-0400] {standard_task_runner.py:105} INFO - Job 43: Subtask extract_texts_task
[2024-10-03T22:49:27.586-0400] {task_command.py:467} INFO - Running <TaskInstance: huggingface_pdf_pipeline.extract_texts_task manual__2024-10-04T02:39:31.050432+00:00 [running]> on host LAPTOP-GD5THE3N.
[2024-10-03T22:49:27.767-0400] {job.py:229} INFO - Heartbeat recovered after 28.01 seconds
[2024-10-03T22:49:39.571-0400] {taskinstance.py:3131} INFO - Exporting env vars: AIRFLOW_CTX_DAG_OWNER='airflow' AIRFLOW_CTX_DAG_ID='huggingface_pdf_pipeline' AIRFLOW_CTX_TASK_ID='extract_texts_task' AIRFLOW_CTX_EXECUTION_DATE='2024-10-04T02:39:31.050432+00:00' AIRFLOW_CTX_TRY_NUMBER='1' AIRFLOW_CTX_DAG_RUN_ID='manual__2024-10-04T02:39:31.050432+00:00'
[2024-10-03T22:49:39.580-0400] {logging_mixin.py:190} INFO - Task instance is in running state
[2024-10-03T22:49:39.596-0400] {logging_mixin.py:190} INFO -  Previous state of the Task instance: queued
[2024-10-03T22:49:39.604-0400] {logging_mixin.py:190} INFO - Current task name:extract_texts_task state:running start_date:2024-10-04 02:49:14.324598+00:00
[2024-10-03T22:49:39.608-0400] {logging_mixin.py:190} INFO - Dag name:huggingface_pdf_pipeline and current dag run status:running
[2024-10-03T22:49:39.614-0400] {taskinstance.py:731} INFO - ::endgroup::
[2024-10-03T22:49:39.632-0400] {logging_mixin.py:190} INFO - Error extracting text from /: [Errno 21] Is a directory: '/'
[2024-10-03T22:49:39.643-0400] {logging_mixin.py:190} INFO - Error extracting text from h: [Errno 2] No such file or directory: 'h'
[2024-10-03T22:49:39.648-0400] {logging_mixin.py:190} INFO - Error extracting text from o: [Errno 2] No such file or directory: 'o'
[2024-10-03T22:49:39.664-0400] {logging_mixin.py:190} INFO - Error extracting text from m: [Errno 2] No such file or directory: 'm'
[2024-10-03T22:49:39.669-0400] {logging_mixin.py:190} INFO - Error extracting text from e: [Errno 2] No such file or directory: 'e'
[2024-10-03T22:49:39.672-0400] {logging_mixin.py:190} INFO - Error extracting text from /: [Errno 21] Is a directory: '/'
[2024-10-03T22:49:39.675-0400] {logging_mixin.py:190} INFO - Error extracting text from p: [Errno 2] No such file or directory: 'p'
[2024-10-03T22:49:39.687-0400] {logging_mixin.py:190} INFO - Error extracting text from a: [Errno 2] No such file or directory: 'a'
[2024-10-03T22:49:39.702-0400] {logging_mixin.py:190} INFO - Error extracting text from t: [Errno 2] No such file or directory: 't'
[2024-10-03T22:49:39.704-0400] {logging_mixin.py:190} INFO - Error extracting text from r: [Errno 2] No such file or directory: 'r'
[2024-10-03T22:49:39.706-0400] {logging_mixin.py:190} INFO - Error extracting text from i: [Errno 2] No such file or directory: 'i'
[2024-10-03T22:49:39.711-0400] {logging_mixin.py:190} INFO - Error extracting text from c: [Errno 2] No such file or directory: 'c'
[2024-10-03T22:49:39.712-0400] {logging_mixin.py:190} INFO - Error extracting text from k: [Errno 2] No such file or directory: 'k'
[2024-10-03T22:49:39.713-0400] {logging_mixin.py:190} INFO - Error extracting text from /: [Errno 21] Is a directory: '/'
[2024-10-03T22:49:39.732-0400] {logging_mixin.py:190} INFO - Error extracting text from D: [Errno 2] No such file or directory: 'D'
[2024-10-03T22:49:39.740-0400] {logging_mixin.py:190} INFO - Error extracting text from o: [Errno 2] No such file or directory: 'o'
[2024-10-03T22:49:39.741-0400] {logging_mixin.py:190} INFO - Error extracting text from w: [Errno 2] No such file or directory: 'w'
[2024-10-03T22:49:39.749-0400] {logging_mixin.py:190} INFO - Error extracting text from n: [Errno 2] No such file or directory: 'n'
[2024-10-03T22:49:39.757-0400] {logging_mixin.py:190} INFO - Error extracting text from l: [Errno 2] No such file or directory: 'l'
[2024-10-03T22:49:39.758-0400] {logging_mixin.py:190} INFO - Error extracting text from o: [Errno 2] No such file or directory: 'o'
[2024-10-03T22:49:39.760-0400] {logging_mixin.py:190} INFO - Error extracting text from a: [Errno 2] No such file or directory: 'a'
[2024-10-03T22:49:39.761-0400] {logging_mixin.py:190} INFO - Error extracting text from d: [Errno 2] No such file or directory: 'd'
[2024-10-03T22:49:39.762-0400] {logging_mixin.py:190} INFO - Error extracting text from s: [Errno 2] No such file or directory: 's'
[2024-10-03T22:49:39.764-0400] {python.py:240} INFO - Done. Returned value was: []
[2024-10-03T22:49:41.987-0400] {job.py:229} INFO - Heartbeat recovered after 14.40 seconds
[2024-10-03T22:49:54.909-0400] {taskinstance.py:340} INFO - ::group::Post task execution logs
[2024-10-03T22:49:54.911-0400] {taskinstance.py:352} INFO - Marking task as SUCCESS. dag_id=huggingface_pdf_pipeline, task_id=extract_texts_task, run_id=manual__2024-10-04T02:39:31.050432+00:00, execution_date=20241004T023931, start_date=20241004T024914, end_date=20241004T024954
[2024-10-03T22:49:55.740-0400] {logging_mixin.py:190} INFO - Task instance in success state
[2024-10-03T22:49:55.741-0400] {logging_mixin.py:190} INFO -  Previous state of the Task instance: running
[2024-10-03T22:49:55.743-0400] {logging_mixin.py:190} INFO - Dag name:huggingface_pdf_pipeline queued_at:2024-10-04 02:39:31.827011+00:00
[2024-10-03T22:49:55.744-0400] {logging_mixin.py:190} INFO - Task hostname:LAPTOP-GD5THE3N. operator:PythonOperator
[2024-10-03T22:50:00.595-0400] {job.py:229} INFO - Heartbeat recovered after 18.70 seconds
[2024-10-03T22:50:10.009-0400] {local_task_job_runner.py:266} INFO - Task exited with return code 0
[2024-10-03T22:50:10.207-0400] {standard_task_runner.py:217} INFO - Process not found (most likely exited), stop collecting metrics
[2024-10-03T22:50:22.223-0400] {taskinstance.py:3900} INFO - 1 downstream tasks scheduled from follow-on schedule check
[2024-10-03T22:50:22.288-0400] {local_task_job_runner.py:245} INFO - ::endgroup::
