[2024-10-03T22:40:32.419-0400] {local_task_job_runner.py:123} INFO - ::group::Pre task execution logs
[2024-10-03T22:40:44.806-0400] {taskinstance.py:2612} INFO - Dependencies all met for dep_context=non-requeueable deps ti=<TaskInstance: huggingface_pdf_pipeline.download_pdfs_task manual__2024-10-04T02:38:59.076013+00:00 [queued]>
[2024-10-03T22:40:44.981-0400] {taskinstance.py:2612} INFO - Dependencies all met for dep_context=requeueable deps ti=<TaskInstance: huggingface_pdf_pipeline.download_pdfs_task manual__2024-10-04T02:38:59.076013+00:00 [queued]>
[2024-10-03T22:40:44.983-0400] {taskinstance.py:2865} INFO - Starting attempt 1 of 2
[2024-10-03T22:40:45.553-0400] {taskinstance.py:2888} INFO - Executing <Task(PythonOperator): download_pdfs_task> on 2024-10-04 02:38:59.076013+00:00
[2024-10-03T22:40:45.557-0400] {standard_task_runner.py:72} INFO - Started process 31818 to run task
[2024-10-03T22:40:45.559-0400] {standard_task_runner.py:104} INFO - Running: ['airflow', 'tasks', 'run', 'huggingface_pdf_pipeline', 'download_pdfs_task', 'manual__2024-10-04T02:38:59.076013+00:00', '--job-id', '38', '--raw', '--subdir', 'DAGS_FOLDER/huggingface_pdf_airflow_dag.py', '--cfg-path', '/tmp/tmped1k8vmy']
[2024-10-03T22:40:45.561-0400] {standard_task_runner.py:105} INFO - Job 38: Subtask download_pdfs_task
[2024-10-03T22:40:56.338-0400] {job.py:229} INFO - Heartbeat recovered after 57.18 seconds
[2024-10-03T22:41:02.914-0400] {task_command.py:467} INFO - Running <TaskInstance: huggingface_pdf_pipeline.download_pdfs_task manual__2024-10-04T02:38:59.076013+00:00 [running]> on host LAPTOP-GD5THE3N.
[2024-10-03T22:41:10.935-0400] {job.py:229} INFO - Heartbeat recovered after 14.75 seconds
[2024-10-03T22:41:15.958-0400] {taskinstance.py:3131} INFO - Exporting env vars: AIRFLOW_CTX_DAG_OWNER='airflow' AIRFLOW_CTX_DAG_ID='huggingface_pdf_pipeline' AIRFLOW_CTX_TASK_ID='download_pdfs_task' AIRFLOW_CTX_EXECUTION_DATE='2024-10-04T02:38:59.076013+00:00' AIRFLOW_CTX_TRY_NUMBER='1' AIRFLOW_CTX_DAG_RUN_ID='manual__2024-10-04T02:38:59.076013+00:00'
[2024-10-03T22:41:15.960-0400] {logging_mixin.py:190} INFO - Task instance is in running state
[2024-10-03T22:41:15.961-0400] {logging_mixin.py:190} INFO -  Previous state of the Task instance: queued
[2024-10-03T22:41:15.961-0400] {logging_mixin.py:190} INFO - Current task name:download_pdfs_task state:running start_date:2024-10-04 02:40:44.808373+00:00
[2024-10-03T22:41:15.962-0400] {logging_mixin.py:190} INFO - Dag name:huggingface_pdf_pipeline and current dag run status:running
[2024-10-03T22:41:15.963-0400] {taskinstance.py:731} INFO - ::endgroup::
[2024-10-03T22:41:16.209-0400] {logging_mixin.py:190} INFO - Found PDF URL: https://huggingface.co/datasets/gaia-benchmark/GAIA/resolve/main/2023/validation/366e2f2b-8632-4ef2-81eb-bc3877489217.pdf
[2024-10-03T22:41:16.212-0400] {logging_mixin.py:190} INFO - Found PDF URL: https://huggingface.co/datasets/gaia-benchmark/GAIA/resolve/main/2023/validation/67e8878b-5cef-4375-804e-e6291fdbe78a.pdf
[2024-10-03T22:41:16.214-0400] {logging_mixin.py:190} INFO - Found PDF URL: https://huggingface.co/datasets/gaia-benchmark/GAIA/resolve/main/2023/validation/e9a2c537-8232-4c3f-85b0-b52de6bcba99.pdf
[2024-10-03T22:41:16.490-0400] {logging_mixin.py:190} INFO - Found PDF URL: https://huggingface.co/datasets/gaia-benchmark/GAIA/resolve/main/2023/test/021a5339-744f-42b7-bd9b-9368b3efda7a.pdf
[2024-10-03T22:41:16.492-0400] {logging_mixin.py:190} INFO - Found PDF URL: https://huggingface.co/datasets/gaia-benchmark/GAIA/resolve/main/2023/test/32f386b9-73ee-4455-b412-ddad508aa979.pdf
[2024-10-03T22:41:16.494-0400] {logging_mixin.py:190} INFO - Found PDF URL: https://huggingface.co/datasets/gaia-benchmark/GAIA/resolve/main/2023/test/4044eab7-1282-42bd-a559-3bf3a4d5858e.pdf
[2024-10-03T22:41:16.496-0400] {logging_mixin.py:190} INFO - Found PDF URL: https://huggingface.co/datasets/gaia-benchmark/GAIA/resolve/main/2023/test/634fca59-03b2-4cdf-9ce4-0205df22f256.pdf
[2024-10-03T22:41:16.497-0400] {logging_mixin.py:190} INFO - Found PDF URL: https://huggingface.co/datasets/gaia-benchmark/GAIA/resolve/main/2023/test/680d7d77-c0c7-49c8-88fd-f8ec623645e9.pdf
[2024-10-03T22:41:16.498-0400] {logging_mixin.py:190} INFO - Found PDF URL: https://huggingface.co/datasets/gaia-benchmark/GAIA/resolve/main/2023/test/7c215d46-91c7-424e-9f22-37d43ab73ea6.pdf
[2024-10-03T22:41:16.499-0400] {logging_mixin.py:190} INFO - Found PDF URL: https://huggingface.co/datasets/gaia-benchmark/GAIA/resolve/main/2023/test/8f697523-6988-4c4f-8d72-760a45681f68.pdf
[2024-10-03T22:41:16.501-0400] {logging_mixin.py:190} INFO - Found PDF URL: https://huggingface.co/datasets/gaia-benchmark/GAIA/resolve/main/2023/test/b3654e47-4307-442c-a09c-945b33b913c6.pdf
[2024-10-03T22:41:16.503-0400] {logging_mixin.py:190} INFO - Found PDF URL: https://huggingface.co/datasets/gaia-benchmark/GAIA/resolve/main/2023/test/be353748-74eb-4904-8f17-f180ce087f1a.pdf
[2024-10-03T22:41:16.504-0400] {logging_mixin.py:190} INFO - Found PDF URL: https://huggingface.co/datasets/gaia-benchmark/GAIA/resolve/main/2023/test/c4456885-2f03-436f-8fe9-0b4ca6822cdb.pdf
[2024-10-03T22:41:16.873-0400] {logging_mixin.py:190} INFO - Downloaded https://huggingface.co/datasets/gaia-benchmark/GAIA/resolve/main/2023/validation/366e2f2b-8632-4ef2-81eb-bc3877489217.pdf to /home/patrick/Downloads/366e2f2b-8632-4ef2-81eb-bc3877489217.pdf
[2024-10-03T22:41:17.259-0400] {logging_mixin.py:190} INFO - Downloaded https://huggingface.co/datasets/gaia-benchmark/GAIA/resolve/main/2023/validation/67e8878b-5cef-4375-804e-e6291fdbe78a.pdf to /home/patrick/Downloads/67e8878b-5cef-4375-804e-e6291fdbe78a.pdf
[2024-10-03T22:41:17.772-0400] {logging_mixin.py:190} INFO - Downloaded https://huggingface.co/datasets/gaia-benchmark/GAIA/resolve/main/2023/validation/e9a2c537-8232-4c3f-85b0-b52de6bcba99.pdf to /home/patrick/Downloads/e9a2c537-8232-4c3f-85b0-b52de6bcba99.pdf
[2024-10-03T22:41:18.151-0400] {logging_mixin.py:190} INFO - Downloaded https://huggingface.co/datasets/gaia-benchmark/GAIA/resolve/main/2023/test/021a5339-744f-42b7-bd9b-9368b3efda7a.pdf to /home/patrick/Downloads/021a5339-744f-42b7-bd9b-9368b3efda7a.pdf
[2024-10-03T22:41:18.493-0400] {logging_mixin.py:190} INFO - Downloaded https://huggingface.co/datasets/gaia-benchmark/GAIA/resolve/main/2023/test/32f386b9-73ee-4455-b412-ddad508aa979.pdf to /home/patrick/Downloads/32f386b9-73ee-4455-b412-ddad508aa979.pdf
[2024-10-03T22:41:18.798-0400] {logging_mixin.py:190} INFO - Downloaded https://huggingface.co/datasets/gaia-benchmark/GAIA/resolve/main/2023/test/4044eab7-1282-42bd-a559-3bf3a4d5858e.pdf to /home/patrick/Downloads/4044eab7-1282-42bd-a559-3bf3a4d5858e.pdf
[2024-10-03T22:41:19.087-0400] {logging_mixin.py:190} INFO - Downloaded https://huggingface.co/datasets/gaia-benchmark/GAIA/resolve/main/2023/test/634fca59-03b2-4cdf-9ce4-0205df22f256.pdf to /home/patrick/Downloads/634fca59-03b2-4cdf-9ce4-0205df22f256.pdf
[2024-10-03T22:41:19.399-0400] {logging_mixin.py:190} INFO - Downloaded https://huggingface.co/datasets/gaia-benchmark/GAIA/resolve/main/2023/test/680d7d77-c0c7-49c8-88fd-f8ec623645e9.pdf to /home/patrick/Downloads/680d7d77-c0c7-49c8-88fd-f8ec623645e9.pdf
[2024-10-03T22:41:19.674-0400] {logging_mixin.py:190} INFO - Downloaded https://huggingface.co/datasets/gaia-benchmark/GAIA/resolve/main/2023/test/7c215d46-91c7-424e-9f22-37d43ab73ea6.pdf to /home/patrick/Downloads/7c215d46-91c7-424e-9f22-37d43ab73ea6.pdf
[2024-10-03T22:41:20.043-0400] {logging_mixin.py:190} INFO - Downloaded https://huggingface.co/datasets/gaia-benchmark/GAIA/resolve/main/2023/test/8f697523-6988-4c4f-8d72-760a45681f68.pdf to /home/patrick/Downloads/8f697523-6988-4c4f-8d72-760a45681f68.pdf
[2024-10-03T22:41:20.401-0400] {logging_mixin.py:190} INFO - Downloaded https://huggingface.co/datasets/gaia-benchmark/GAIA/resolve/main/2023/test/b3654e47-4307-442c-a09c-945b33b913c6.pdf to /home/patrick/Downloads/b3654e47-4307-442c-a09c-945b33b913c6.pdf
[2024-10-03T22:41:21.435-0400] {logging_mixin.py:190} INFO - Downloaded https://huggingface.co/datasets/gaia-benchmark/GAIA/resolve/main/2023/test/be353748-74eb-4904-8f17-f180ce087f1a.pdf to /home/patrick/Downloads/be353748-74eb-4904-8f17-f180ce087f1a.pdf
[2024-10-03T22:41:21.820-0400] {logging_mixin.py:190} INFO - Downloaded https://huggingface.co/datasets/gaia-benchmark/GAIA/resolve/main/2023/test/c4456885-2f03-436f-8fe9-0b4ca6822cdb.pdf to /home/patrick/Downloads/c4456885-2f03-436f-8fe9-0b4ca6822cdb.pdf
[2024-10-03T22:41:21.822-0400] {python.py:240} INFO - Done. Returned value was: ['/home/patrick/Downloads/366e2f2b-8632-4ef2-81eb-bc3877489217.pdf', '/home/patrick/Downloads/67e8878b-5cef-4375-804e-e6291fdbe78a.pdf', '/home/patrick/Downloads/e9a2c537-8232-4c3f-85b0-b52de6bcba99.pdf', '/home/patrick/Downloads/021a5339-744f-42b7-bd9b-9368b3efda7a.pdf', '/home/patrick/Downloads/32f386b9-73ee-4455-b412-ddad508aa979.pdf', '/home/patrick/Downloads/4044eab7-1282-42bd-a559-3bf3a4d5858e.pdf', '/home/patrick/Downloads/634fca59-03b2-4cdf-9ce4-0205df22f256.pdf', '/home/patrick/Downloads/680d7d77-c0c7-49c8-88fd-f8ec623645e9.pdf', '/home/patrick/Downloads/7c215d46-91c7-424e-9f22-37d43ab73ea6.pdf', '/home/patrick/Downloads/8f697523-6988-4c4f-8d72-760a45681f68.pdf', '/home/patrick/Downloads/b3654e47-4307-442c-a09c-945b33b913c6.pdf', '/home/patrick/Downloads/be353748-74eb-4904-8f17-f180ce087f1a.pdf', '/home/patrick/Downloads/c4456885-2f03-436f-8fe9-0b4ca6822cdb.pdf']
[2024-10-03T22:41:23.952-0400] {job.py:229} INFO - Heartbeat recovered after 13.11 seconds
[2024-10-03T22:41:30.477-0400] {taskinstance.py:340} INFO - ::group::Post task execution logs
[2024-10-03T22:41:30.481-0400] {taskinstance.py:352} INFO - Marking task as SUCCESS. dag_id=huggingface_pdf_pipeline, task_id=download_pdfs_task, run_id=manual__2024-10-04T02:38:59.076013+00:00, execution_date=20241004T023859, start_date=20241004T024044, end_date=20241004T024130
[2024-10-03T22:41:30.721-0400] {logging_mixin.py:190} INFO - Task instance in success state
[2024-10-03T22:41:30.723-0400] {logging_mixin.py:190} INFO -  Previous state of the Task instance: running
[2024-10-03T22:41:30.724-0400] {logging_mixin.py:190} INFO - Dag name:huggingface_pdf_pipeline queued_at:2024-10-04 02:38:59.673155+00:00
[2024-10-03T22:41:30.726-0400] {logging_mixin.py:190} INFO - Task hostname:LAPTOP-GD5THE3N. operator:PythonOperator
[2024-10-03T22:41:30.750-0400] {local_task_job_runner.py:266} INFO - Task exited with return code 0
[2024-10-03T22:41:33.277-0400] {taskinstance.py:3900} INFO - 1 downstream tasks scheduled from follow-on schedule check
[2024-10-03T22:41:33.335-0400] {local_task_job_runner.py:245} INFO - ::endgroup::
[2024-10-03T22:41:35.614-0400] {standard_task_runner.py:217} INFO - Process not found (most likely exited), stop collecting metrics
