[2024-10-03T21:37:31.332-0400] {local_task_job_runner.py:123} INFO - ::group::Pre task execution logs
[2024-10-03T21:37:36.272-0400] {taskinstance.py:2612} INFO - Dependencies all met for dep_context=non-requeueable deps ti=<TaskInstance: huggingface_pdf_pipeline.extract_texts_task manual__2024-10-04T01:33:18.344581+00:00 [queued]>
[2024-10-03T21:37:36.582-0400] {taskinstance.py:2612} INFO - Dependencies all met for dep_context=requeueable deps ti=<TaskInstance: huggingface_pdf_pipeline.extract_texts_task manual__2024-10-04T01:33:18.344581+00:00 [queued]>
[2024-10-03T21:37:36.583-0400] {taskinstance.py:2865} INFO - Starting attempt 1 of 2
[2024-10-03T21:37:36.784-0400] {taskinstance.py:2888} INFO - Executing <Task(PythonOperator): extract_texts_task> on 2024-10-04 01:33:18.344581+00:00
[2024-10-03T21:37:36.788-0400] {standard_task_runner.py:72} INFO - Started process 14985 to run task
[2024-10-03T21:37:36.790-0400] {standard_task_runner.py:104} INFO - Running: ['airflow', 'tasks', 'run', 'huggingface_pdf_pipeline', 'extract_texts_task', 'manual__2024-10-04T01:33:18.344581+00:00', '--job-id', '23', '--raw', '--subdir', 'DAGS_FOLDER/huggingface_pdf_airflow_dag.py', '--cfg-path', '/tmp/tmpiu7e_hzj']
[2024-10-03T21:37:36.792-0400] {standard_task_runner.py:105} INFO - Job 23: Subtask extract_texts_task
[2024-10-03T21:37:51.272-0400] {job.py:229} INFO - Heartbeat recovered after 32.73 seconds
[2024-10-03T21:37:57.219-0400] {task_command.py:467} INFO - Running <TaskInstance: huggingface_pdf_pipeline.extract_texts_task manual__2024-10-04T01:33:18.344581+00:00 [running]> on host LAPTOP-GD5THE3N.
[2024-10-03T21:38:11.496-0400] {job.py:229} INFO - Heartbeat recovered after 20.48 seconds
[2024-10-03T21:38:29.088-0400] {taskinstance.py:3131} INFO - Exporting env vars: AIRFLOW_CTX_DAG_OWNER='airflow' AIRFLOW_CTX_DAG_ID='huggingface_pdf_pipeline' AIRFLOW_CTX_TASK_ID='extract_texts_task' AIRFLOW_CTX_EXECUTION_DATE='2024-10-04T01:33:18.344581+00:00' AIRFLOW_CTX_TRY_NUMBER='1' AIRFLOW_CTX_DAG_RUN_ID='manual__2024-10-04T01:33:18.344581+00:00'
[2024-10-03T21:38:29.101-0400] {logging_mixin.py:190} INFO - Task instance is in running state
[2024-10-03T21:38:29.111-0400] {logging_mixin.py:190} INFO -  Previous state of the Task instance: queued
[2024-10-03T21:38:29.126-0400] {logging_mixin.py:190} INFO - Current task name:extract_texts_task state:running start_date:2024-10-04 01:37:36.274872+00:00
[2024-10-03T21:38:29.141-0400] {logging_mixin.py:190} INFO - Dag name:huggingface_pdf_pipeline and current dag run status:running
[2024-10-03T21:38:29.155-0400] {taskinstance.py:731} INFO - ::endgroup::
[2024-10-03T21:38:29.163-0400] {logging_mixin.py:190} INFO - Error extracting text from /: [Errno 21] Is a directory: '/'
[2024-10-03T21:38:29.175-0400] {logging_mixin.py:190} INFO - Error extracting text from h: [Errno 2] No such file or directory: 'h'
[2024-10-03T21:38:29.184-0400] {logging_mixin.py:190} INFO - Error extracting text from o: [Errno 2] No such file or directory: 'o'
[2024-10-03T21:38:29.201-0400] {logging_mixin.py:190} INFO - Error extracting text from m: [Errno 2] No such file or directory: 'm'
[2024-10-03T21:38:29.204-0400] {logging_mixin.py:190} INFO - Error extracting text from e: [Errno 2] No such file or directory: 'e'
[2024-10-03T21:38:29.218-0400] {logging_mixin.py:190} INFO - Error extracting text from /: [Errno 21] Is a directory: '/'
[2024-10-03T21:38:29.221-0400] {logging_mixin.py:190} INFO - Error extracting text from p: [Errno 2] No such file or directory: 'p'
[2024-10-03T21:38:29.224-0400] {logging_mixin.py:190} INFO - Error extracting text from a: [Errno 2] No such file or directory: 'a'
[2024-10-03T21:38:29.227-0400] {logging_mixin.py:190} INFO - Error extracting text from t: [Errno 2] No such file or directory: 't'
[2024-10-03T21:38:29.229-0400] {logging_mixin.py:190} INFO - Error extracting text from r: [Errno 2] No such file or directory: 'r'
[2024-10-03T21:38:29.232-0400] {logging_mixin.py:190} INFO - Error extracting text from i: [Errno 2] No such file or directory: 'i'
[2024-10-03T21:38:29.234-0400] {logging_mixin.py:190} INFO - Error extracting text from c: [Errno 2] No such file or directory: 'c'
[2024-10-03T21:38:29.236-0400] {logging_mixin.py:190} INFO - Error extracting text from k: [Errno 2] No such file or directory: 'k'
[2024-10-03T21:38:29.238-0400] {logging_mixin.py:190} INFO - Error extracting text from /: [Errno 21] Is a directory: '/'
[2024-10-03T21:38:29.240-0400] {logging_mixin.py:190} INFO - Error extracting text from D: [Errno 2] No such file or directory: 'D'
[2024-10-03T21:38:29.242-0400] {logging_mixin.py:190} INFO - Error extracting text from o: [Errno 2] No such file or directory: 'o'
[2024-10-03T21:38:29.244-0400] {logging_mixin.py:190} INFO - Error extracting text from w: [Errno 2] No such file or directory: 'w'
[2024-10-03T21:38:29.246-0400] {logging_mixin.py:190} INFO - Error extracting text from n: [Errno 2] No such file or directory: 'n'
[2024-10-03T21:38:29.249-0400] {logging_mixin.py:190} INFO - Error extracting text from l: [Errno 2] No such file or directory: 'l'
[2024-10-03T21:38:29.251-0400] {logging_mixin.py:190} INFO - Error extracting text from o: [Errno 2] No such file or directory: 'o'
[2024-10-03T21:38:29.253-0400] {logging_mixin.py:190} INFO - Error extracting text from a: [Errno 2] No such file or directory: 'a'
[2024-10-03T21:38:29.254-0400] {logging_mixin.py:190} INFO - Error extracting text from d: [Errno 2] No such file or directory: 'd'
[2024-10-03T21:38:29.256-0400] {logging_mixin.py:190} INFO - Error extracting text from s: [Errno 2] No such file or directory: 's'
[2024-10-03T21:38:29.257-0400] {python.py:240} INFO - Done. Returned value was: []
[2024-10-03T21:38:37.931-0400] {job.py:229} INFO - Heartbeat recovered after 26.57 seconds
[2024-10-03T21:38:42.212-0400] {taskinstance.py:340} INFO - ::group::Post task execution logs
[2024-10-03T21:38:42.214-0400] {taskinstance.py:352} INFO - Marking task as SUCCESS. dag_id=huggingface_pdf_pipeline, task_id=extract_texts_task, run_id=manual__2024-10-04T01:33:18.344581+00:00, execution_date=20241004T013318, start_date=20241004T013736, end_date=20241004T013842
[2024-10-03T21:38:42.764-0400] {logging_mixin.py:190} INFO - Task instance in success state
[2024-10-03T21:38:42.767-0400] {logging_mixin.py:190} INFO -  Previous state of the Task instance: running
[2024-10-03T21:38:42.769-0400] {logging_mixin.py:190} INFO - Dag name:huggingface_pdf_pipeline queued_at:2024-10-04 01:33:18.948932+00:00
[2024-10-03T21:38:42.770-0400] {logging_mixin.py:190} INFO - Task hostname:LAPTOP-GD5THE3N. operator:PythonOperator
[2024-10-03T21:38:42.805-0400] {local_task_job_runner.py:266} INFO - Task exited with return code 0
[2024-10-03T21:38:46.872-0400] {standard_task_runner.py:217} INFO - Process not found (most likely exited), stop collecting metrics
[2024-10-03T21:38:47.114-0400] {taskinstance.py:3900} INFO - 1 downstream tasks scheduled from follow-on schedule check
[2024-10-03T21:38:47.181-0400] {local_task_job_runner.py:245} INFO - ::endgroup::
