[2024-10-03T22:16:16.105-0400] {local_task_job_runner.py:123} INFO - ::group::Pre task execution logs
[2024-10-03T22:16:26.499-0400] {taskinstance.py:2612} INFO - Dependencies all met for dep_context=non-requeueable deps ti=<TaskInstance: huggingface_pdf_pipeline.extract_texts_task manual__2024-10-04T02:11:57.983833+00:00 [queued]>
[2024-10-03T22:16:26.880-0400] {taskinstance.py:2612} INFO - Dependencies all met for dep_context=requeueable deps ti=<TaskInstance: huggingface_pdf_pipeline.extract_texts_task manual__2024-10-04T02:11:57.983833+00:00 [queued]>
[2024-10-03T22:16:26.883-0400] {taskinstance.py:2865} INFO - Starting attempt 1 of 2
[2024-10-03T22:16:27.080-0400] {taskinstance.py:2888} INFO - Executing <Task(PythonOperator): extract_texts_task> on 2024-10-04 02:11:57.983833+00:00
[2024-10-03T22:16:27.085-0400] {standard_task_runner.py:72} INFO - Started process 25233 to run task
[2024-10-03T22:16:27.087-0400] {standard_task_runner.py:104} INFO - Running: ['airflow', 'tasks', 'run', 'huggingface_pdf_pipeline', 'extract_texts_task', 'manual__2024-10-04T02:11:57.983833+00:00', '--job-id', '29', '--raw', '--subdir', 'DAGS_FOLDER/huggingface_pdf_airflow_dag.py', '--cfg-path', '/tmp/tmpo74951hk']
[2024-10-03T22:16:27.090-0400] {standard_task_runner.py:105} INFO - Job 29: Subtask extract_texts_task
[2024-10-03T22:16:43.137-0400] {job.py:229} INFO - Heartbeat recovered after 45.01 seconds
[2024-10-03T22:16:48.897-0400] {task_command.py:467} INFO - Running <TaskInstance: huggingface_pdf_pipeline.extract_texts_task manual__2024-10-04T02:11:57.983833+00:00 [running]> on host LAPTOP-GD5THE3N.
[2024-10-03T22:16:57.071-0400] {job.py:229} INFO - Heartbeat recovered after 14.08 seconds
[2024-10-03T22:17:03.082-0400] {taskinstance.py:3131} INFO - Exporting env vars: AIRFLOW_CTX_DAG_OWNER='airflow' AIRFLOW_CTX_DAG_ID='huggingface_pdf_pipeline' AIRFLOW_CTX_TASK_ID='extract_texts_task' AIRFLOW_CTX_EXECUTION_DATE='2024-10-04T02:11:57.983833+00:00' AIRFLOW_CTX_TRY_NUMBER='1' AIRFLOW_CTX_DAG_RUN_ID='manual__2024-10-04T02:11:57.983833+00:00'
[2024-10-03T22:17:03.085-0400] {logging_mixin.py:190} INFO - Task instance is in running state
[2024-10-03T22:17:03.087-0400] {logging_mixin.py:190} INFO -  Previous state of the Task instance: queued
[2024-10-03T22:17:03.088-0400] {logging_mixin.py:190} INFO - Current task name:extract_texts_task state:running start_date:2024-10-04 02:16:26.501777+00:00
[2024-10-03T22:17:03.089-0400] {logging_mixin.py:190} INFO - Dag name:huggingface_pdf_pipeline and current dag run status:running
[2024-10-03T22:17:03.089-0400] {taskinstance.py:731} INFO - ::endgroup::
[2024-10-03T22:17:03.092-0400] {logging_mixin.py:190} INFO - Error extracting text from /: [Errno 21] Is a directory: '/'
[2024-10-03T22:17:03.093-0400] {logging_mixin.py:190} INFO - Error extracting text from h: [Errno 2] No such file or directory: 'h'
[2024-10-03T22:17:03.093-0400] {logging_mixin.py:190} INFO - Error extracting text from o: [Errno 2] No such file or directory: 'o'
[2024-10-03T22:17:03.094-0400] {logging_mixin.py:190} INFO - Error extracting text from m: [Errno 2] No such file or directory: 'm'
[2024-10-03T22:17:03.094-0400] {logging_mixin.py:190} INFO - Error extracting text from e: [Errno 2] No such file or directory: 'e'
[2024-10-03T22:17:03.095-0400] {logging_mixin.py:190} INFO - Error extracting text from /: [Errno 21] Is a directory: '/'
[2024-10-03T22:17:03.095-0400] {logging_mixin.py:190} INFO - Error extracting text from p: [Errno 2] No such file or directory: 'p'
[2024-10-03T22:17:03.095-0400] {logging_mixin.py:190} INFO - Error extracting text from a: [Errno 2] No such file or directory: 'a'
[2024-10-03T22:17:03.096-0400] {logging_mixin.py:190} INFO - Error extracting text from t: [Errno 2] No such file or directory: 't'
[2024-10-03T22:17:03.098-0400] {logging_mixin.py:190} INFO - Error extracting text from r: [Errno 2] No such file or directory: 'r'
[2024-10-03T22:17:03.098-0400] {logging_mixin.py:190} INFO - Error extracting text from i: [Errno 2] No such file or directory: 'i'
[2024-10-03T22:17:03.098-0400] {logging_mixin.py:190} INFO - Error extracting text from c: [Errno 2] No such file or directory: 'c'
[2024-10-03T22:17:03.099-0400] {logging_mixin.py:190} INFO - Error extracting text from k: [Errno 2] No such file or directory: 'k'
[2024-10-03T22:17:03.099-0400] {logging_mixin.py:190} INFO - Error extracting text from /: [Errno 21] Is a directory: '/'
[2024-10-03T22:17:03.100-0400] {logging_mixin.py:190} INFO - Error extracting text from D: [Errno 2] No such file or directory: 'D'
[2024-10-03T22:17:03.100-0400] {logging_mixin.py:190} INFO - Error extracting text from o: [Errno 2] No such file or directory: 'o'
[2024-10-03T22:17:03.104-0400] {logging_mixin.py:190} INFO - Error extracting text from w: [Errno 2] No such file or directory: 'w'
[2024-10-03T22:17:03.106-0400] {logging_mixin.py:190} INFO - Error extracting text from n: [Errno 2] No such file or directory: 'n'
[2024-10-03T22:17:03.107-0400] {logging_mixin.py:190} INFO - Error extracting text from l: [Errno 2] No such file or directory: 'l'
[2024-10-03T22:17:03.108-0400] {logging_mixin.py:190} INFO - Error extracting text from o: [Errno 2] No such file or directory: 'o'
[2024-10-03T22:17:03.109-0400] {logging_mixin.py:190} INFO - Error extracting text from a: [Errno 2] No such file or directory: 'a'
[2024-10-03T22:17:03.109-0400] {logging_mixin.py:190} INFO - Error extracting text from d: [Errno 2] No such file or directory: 'd'
[2024-10-03T22:17:03.110-0400] {logging_mixin.py:190} INFO - Error extracting text from s: [Errno 2] No such file or directory: 's'
[2024-10-03T22:17:03.110-0400] {python.py:240} INFO - Done. Returned value was: []
[2024-10-03T22:17:14.627-0400] {taskinstance.py:340} INFO - ::group::Post task execution logs
[2024-10-03T22:17:14.631-0400] {taskinstance.py:352} INFO - Marking task as SUCCESS. dag_id=huggingface_pdf_pipeline, task_id=extract_texts_task, run_id=manual__2024-10-04T02:11:57.983833+00:00, execution_date=20241004T021157, start_date=20241004T021626, end_date=20241004T021714
[2024-10-03T22:17:14.814-0400] {job.py:229} INFO - Heartbeat recovered after 17.88 seconds
[2024-10-03T22:17:14.948-0400] {logging_mixin.py:190} INFO - Task instance in success state
[2024-10-03T22:17:14.951-0400] {logging_mixin.py:190} INFO -  Previous state of the Task instance: running
[2024-10-03T22:17:14.953-0400] {logging_mixin.py:190} INFO - Dag name:huggingface_pdf_pipeline queued_at:2024-10-04 02:11:58.460142+00:00
[2024-10-03T22:17:14.955-0400] {logging_mixin.py:190} INFO - Task hostname:LAPTOP-GD5THE3N. operator:PythonOperator
[2024-10-03T22:17:21.086-0400] {local_task_job_runner.py:266} INFO - Task exited with return code 0
[2024-10-03T22:17:22.150-0400] {standard_task_runner.py:217} INFO - Process not found (most likely exited), stop collecting metrics
[2024-10-03T22:17:26.982-0400] {taskinstance.py:3900} INFO - 1 downstream tasks scheduled from follow-on schedule check
[2024-10-03T22:17:27.043-0400] {local_task_job_runner.py:245} INFO - ::endgroup::
