[2024-10-05T13:27:36.121-0400] {processor.py:186} INFO - Started process (PID=713) to work on /mnt/c/Users/User/Documents/GitHub/DAMG7245/big_data_assignment2/airflow/dags/huggingface_pdf_airflow_dag.py
[2024-10-05T13:27:36.130-0400] {processor.py:914} INFO - Processing file /mnt/c/Users/User/Documents/GitHub/DAMG7245/big_data_assignment2/airflow/dags/huggingface_pdf_airflow_dag.py for tasks to queue
[2024-10-05T13:27:36.132-0400] {logging_mixin.py:190} INFO - [2024-10-05T13:27:36.132-0400] {dagbag.py:588} INFO - Filling up the DagBag from /mnt/c/Users/User/Documents/GitHub/DAMG7245/big_data_assignment2/airflow/dags/huggingface_pdf_airflow_dag.py
[2024-10-05T13:27:36.496-0400] {processor.py:925} INFO - DAG(s) 'huggingface_pdf_pipeline' retrieved from /mnt/c/Users/User/Documents/GitHub/DAMG7245/big_data_assignment2/airflow/dags/huggingface_pdf_airflow_dag.py
[2024-10-05T13:27:41.947-0400] {logging_mixin.py:190} INFO - [2024-10-05T13:27:41.947-0400] {dag.py:3239} INFO - Sync 1 DAGs
[2024-10-05T13:27:42.100-0400] {logging_mixin.py:190} INFO - [2024-10-05T13:27:42.100-0400] {dag.py:4180} INFO - Setting next_dagrun for huggingface_pdf_pipeline to 2024-10-05 00:00:00+00:00, run_after=2024-10-06 00:00:00+00:00
[2024-10-05T13:27:42.665-0400] {processor.py:208} INFO - Processing /mnt/c/Users/User/Documents/GitHub/DAMG7245/big_data_assignment2/airflow/dags/huggingface_pdf_airflow_dag.py took 6.547 seconds
[2024-10-05T13:32:38.725-0400] {processor.py:186} INFO - Started process (PID=2068) to work on /mnt/c/Users/User/Documents/GitHub/DAMG7245/big_data_assignment2/airflow/dags/huggingface_pdf_airflow_dag.py
[2024-10-05T13:32:38.726-0400] {processor.py:914} INFO - Processing file /mnt/c/Users/User/Documents/GitHub/DAMG7245/big_data_assignment2/airflow/dags/huggingface_pdf_airflow_dag.py for tasks to queue
[2024-10-05T13:32:38.727-0400] {logging_mixin.py:190} INFO - [2024-10-05T13:32:38.727-0400] {dagbag.py:588} INFO - Filling up the DagBag from /mnt/c/Users/User/Documents/GitHub/DAMG7245/big_data_assignment2/airflow/dags/huggingface_pdf_airflow_dag.py
[2024-10-05T13:32:38.960-0400] {processor.py:925} INFO - DAG(s) 'huggingface_pdf_pipeline' retrieved from /mnt/c/Users/User/Documents/GitHub/DAMG7245/big_data_assignment2/airflow/dags/huggingface_pdf_airflow_dag.py
[2024-10-05T13:32:45.176-0400] {logging_mixin.py:190} INFO - [2024-10-05T13:32:45.176-0400] {dag.py:3239} INFO - Sync 1 DAGs
[2024-10-05T13:32:45.487-0400] {logging_mixin.py:190} INFO - [2024-10-05T13:32:45.487-0400] {dag.py:4180} INFO - Setting next_dagrun for huggingface_pdf_pipeline to 2024-10-05 00:00:00+00:00, run_after=2024-10-06 00:00:00+00:00
[2024-10-05T13:32:46.178-0400] {processor.py:208} INFO - Processing /mnt/c/Users/User/Documents/GitHub/DAMG7245/big_data_assignment2/airflow/dags/huggingface_pdf_airflow_dag.py took 7.457 seconds
[2024-10-05T13:35:30.251-0400] {processor.py:186} INFO - Started process (PID=2860) to work on /mnt/c/Users/User/Documents/GitHub/DAMG7245/big_data_assignment2/airflow/dags/huggingface_pdf_airflow_dag.py
[2024-10-05T13:35:30.251-0400] {processor.py:914} INFO - Processing file /mnt/c/Users/User/Documents/GitHub/DAMG7245/big_data_assignment2/airflow/dags/huggingface_pdf_airflow_dag.py for tasks to queue
[2024-10-05T13:35:30.253-0400] {logging_mixin.py:190} INFO - [2024-10-05T13:35:30.253-0400] {dagbag.py:588} INFO - Filling up the DagBag from /mnt/c/Users/User/Documents/GitHub/DAMG7245/big_data_assignment2/airflow/dags/huggingface_pdf_airflow_dag.py
[2024-10-05T13:35:30.545-0400] {processor.py:925} INFO - DAG(s) 'huggingface_pdf_pipeline' retrieved from /mnt/c/Users/User/Documents/GitHub/DAMG7245/big_data_assignment2/airflow/dags/huggingface_pdf_airflow_dag.py
[2024-10-05T13:35:33.456-0400] {logging_mixin.py:190} INFO - [2024-10-05T13:35:33.456-0400] {dag.py:3239} INFO - Sync 1 DAGs
[2024-10-05T13:35:33.582-0400] {logging_mixin.py:190} INFO - [2024-10-05T13:35:33.582-0400] {dag.py:4180} INFO - Setting next_dagrun for huggingface_pdf_pipeline to 2024-10-05 00:00:00+00:00, run_after=2024-10-06 00:00:00+00:00
[2024-10-05T13:35:34.071-0400] {processor.py:208} INFO - Processing /mnt/c/Users/User/Documents/GitHub/DAMG7245/big_data_assignment2/airflow/dags/huggingface_pdf_airflow_dag.py took 3.824 seconds
[2024-10-05T13:37:57.836-0400] {processor.py:186} INFO - Started process (PID=3598) to work on /mnt/c/Users/User/Documents/GitHub/DAMG7245/big_data_assignment2/airflow/dags/huggingface_pdf_airflow_dag.py
[2024-10-05T13:37:57.837-0400] {processor.py:914} INFO - Processing file /mnt/c/Users/User/Documents/GitHub/DAMG7245/big_data_assignment2/airflow/dags/huggingface_pdf_airflow_dag.py for tasks to queue
[2024-10-05T13:37:57.839-0400] {logging_mixin.py:190} INFO - [2024-10-05T13:37:57.839-0400] {dagbag.py:588} INFO - Filling up the DagBag from /mnt/c/Users/User/Documents/GitHub/DAMG7245/big_data_assignment2/airflow/dags/huggingface_pdf_airflow_dag.py
[2024-10-05T13:37:58.214-0400] {processor.py:925} INFO - DAG(s) 'huggingface_pdf_pipeline' retrieved from /mnt/c/Users/User/Documents/GitHub/DAMG7245/big_data_assignment2/airflow/dags/huggingface_pdf_airflow_dag.py
[2024-10-05T13:38:02.285-0400] {logging_mixin.py:190} INFO - [2024-10-05T13:38:02.285-0400] {dag.py:3239} INFO - Sync 1 DAGs
[2024-10-05T13:38:02.590-0400] {logging_mixin.py:190} INFO - [2024-10-05T13:38:02.590-0400] {dag.py:4180} INFO - Setting next_dagrun for huggingface_pdf_pipeline to 2024-10-05 00:00:00+00:00, run_after=2024-10-06 00:00:00+00:00
[2024-10-05T13:38:03.439-0400] {processor.py:208} INFO - Processing /mnt/c/Users/User/Documents/GitHub/DAMG7245/big_data_assignment2/airflow/dags/huggingface_pdf_airflow_dag.py took 5.607 seconds
[2024-10-05T13:40:45.228-0400] {processor.py:186} INFO - Started process (PID=4324) to work on /mnt/c/Users/User/Documents/GitHub/DAMG7245/big_data_assignment2/airflow/dags/huggingface_pdf_airflow_dag.py
[2024-10-05T13:40:45.228-0400] {processor.py:914} INFO - Processing file /mnt/c/Users/User/Documents/GitHub/DAMG7245/big_data_assignment2/airflow/dags/huggingface_pdf_airflow_dag.py for tasks to queue
[2024-10-05T13:40:45.230-0400] {logging_mixin.py:190} INFO - [2024-10-05T13:40:45.229-0400] {dagbag.py:588} INFO - Filling up the DagBag from /mnt/c/Users/User/Documents/GitHub/DAMG7245/big_data_assignment2/airflow/dags/huggingface_pdf_airflow_dag.py
[2024-10-05T13:40:45.544-0400] {processor.py:925} INFO - DAG(s) 'huggingface_pdf_pipeline' retrieved from /mnt/c/Users/User/Documents/GitHub/DAMG7245/big_data_assignment2/airflow/dags/huggingface_pdf_airflow_dag.py
[2024-10-05T13:40:56.193-0400] {logging_mixin.py:190} INFO - [2024-10-05T13:40:56.193-0400] {dag.py:3239} INFO - Sync 1 DAGs
[2024-10-05T13:40:56.701-0400] {logging_mixin.py:190} INFO - [2024-10-05T13:40:56.701-0400] {dag.py:4180} INFO - Setting next_dagrun for huggingface_pdf_pipeline to 2024-10-05 00:00:00+00:00, run_after=2024-10-06 00:00:00+00:00
[2024-10-05T13:40:57.399-0400] {processor.py:208} INFO - Processing /mnt/c/Users/User/Documents/GitHub/DAMG7245/big_data_assignment2/airflow/dags/huggingface_pdf_airflow_dag.py took 12.174 seconds
[2024-10-05T13:43:20.553-0400] {processor.py:186} INFO - Started process (PID=4991) to work on /mnt/c/Users/User/Documents/GitHub/DAMG7245/big_data_assignment2/airflow/dags/huggingface_pdf_airflow_dag.py
[2024-10-05T13:43:20.554-0400] {processor.py:914} INFO - Processing file /mnt/c/Users/User/Documents/GitHub/DAMG7245/big_data_assignment2/airflow/dags/huggingface_pdf_airflow_dag.py for tasks to queue
[2024-10-05T13:43:20.555-0400] {logging_mixin.py:190} INFO - [2024-10-05T13:43:20.555-0400] {dagbag.py:588} INFO - Filling up the DagBag from /mnt/c/Users/User/Documents/GitHub/DAMG7245/big_data_assignment2/airflow/dags/huggingface_pdf_airflow_dag.py
[2024-10-05T13:43:20.757-0400] {processor.py:925} INFO - DAG(s) 'huggingface_pdf_pipeline' retrieved from /mnt/c/Users/User/Documents/GitHub/DAMG7245/big_data_assignment2/airflow/dags/huggingface_pdf_airflow_dag.py
[2024-10-05T13:43:23.351-0400] {logging_mixin.py:190} INFO - [2024-10-05T13:43:23.351-0400] {dag.py:3239} INFO - Sync 1 DAGs
[2024-10-05T13:43:23.537-0400] {logging_mixin.py:190} INFO - [2024-10-05T13:43:23.536-0400] {dag.py:4180} INFO - Setting next_dagrun for huggingface_pdf_pipeline to 2024-10-05 00:00:00+00:00, run_after=2024-10-06 00:00:00+00:00
[2024-10-05T13:43:24.287-0400] {processor.py:208} INFO - Processing /mnt/c/Users/User/Documents/GitHub/DAMG7245/big_data_assignment2/airflow/dags/huggingface_pdf_airflow_dag.py took 3.738 seconds
[2024-10-05T13:45:07.093-0400] {processor.py:186} INFO - Started process (PID=5455) to work on /mnt/c/Users/User/Documents/GitHub/DAMG7245/big_data_assignment2/airflow/dags/huggingface_pdf_airflow_dag.py
[2024-10-05T13:45:07.094-0400] {processor.py:914} INFO - Processing file /mnt/c/Users/User/Documents/GitHub/DAMG7245/big_data_assignment2/airflow/dags/huggingface_pdf_airflow_dag.py for tasks to queue
[2024-10-05T13:45:07.096-0400] {logging_mixin.py:190} INFO - [2024-10-05T13:45:07.095-0400] {dagbag.py:588} INFO - Filling up the DagBag from /mnt/c/Users/User/Documents/GitHub/DAMG7245/big_data_assignment2/airflow/dags/huggingface_pdf_airflow_dag.py
[2024-10-05T13:45:07.312-0400] {processor.py:925} INFO - DAG(s) 'huggingface_pdf_pipeline' retrieved from /mnt/c/Users/User/Documents/GitHub/DAMG7245/big_data_assignment2/airflow/dags/huggingface_pdf_airflow_dag.py
[2024-10-05T13:45:09.052-0400] {logging_mixin.py:190} INFO - [2024-10-05T13:45:09.052-0400] {dag.py:3239} INFO - Sync 1 DAGs
[2024-10-05T13:45:09.192-0400] {logging_mixin.py:190} INFO - [2024-10-05T13:45:09.192-0400] {dag.py:4180} INFO - Setting next_dagrun for huggingface_pdf_pipeline to 2024-10-05 00:00:00+00:00, run_after=2024-10-06 00:00:00+00:00
[2024-10-05T13:45:09.980-0400] {processor.py:208} INFO - Processing /mnt/c/Users/User/Documents/GitHub/DAMG7245/big_data_assignment2/airflow/dags/huggingface_pdf_airflow_dag.py took 2.890 seconds
[2024-10-05T13:46:47.865-0400] {processor.py:186} INFO - Started process (PID=5890) to work on /mnt/c/Users/User/Documents/GitHub/DAMG7245/big_data_assignment2/airflow/dags/huggingface_pdf_airflow_dag.py
[2024-10-05T13:46:47.866-0400] {processor.py:914} INFO - Processing file /mnt/c/Users/User/Documents/GitHub/DAMG7245/big_data_assignment2/airflow/dags/huggingface_pdf_airflow_dag.py for tasks to queue
[2024-10-05T13:46:47.867-0400] {logging_mixin.py:190} INFO - [2024-10-05T13:46:47.867-0400] {dagbag.py:588} INFO - Filling up the DagBag from /mnt/c/Users/User/Documents/GitHub/DAMG7245/big_data_assignment2/airflow/dags/huggingface_pdf_airflow_dag.py
[2024-10-05T13:46:48.097-0400] {processor.py:925} INFO - DAG(s) 'huggingface_pdf_pipeline' retrieved from /mnt/c/Users/User/Documents/GitHub/DAMG7245/big_data_assignment2/airflow/dags/huggingface_pdf_airflow_dag.py
[2024-10-05T13:46:51.260-0400] {logging_mixin.py:190} INFO - [2024-10-05T13:46:51.260-0400] {dag.py:3239} INFO - Sync 1 DAGs
[2024-10-05T13:46:51.408-0400] {logging_mixin.py:190} INFO - [2024-10-05T13:46:51.408-0400] {dag.py:4180} INFO - Setting next_dagrun for huggingface_pdf_pipeline to 2024-10-05 00:00:00+00:00, run_after=2024-10-06 00:00:00+00:00
[2024-10-05T13:46:52.043-0400] {processor.py:208} INFO - Processing /mnt/c/Users/User/Documents/GitHub/DAMG7245/big_data_assignment2/airflow/dags/huggingface_pdf_airflow_dag.py took 4.182 seconds
[2024-10-05T13:48:55.383-0400] {processor.py:186} INFO - Started process (PID=6439) to work on /mnt/c/Users/User/Documents/GitHub/DAMG7245/big_data_assignment2/airflow/dags/huggingface_pdf_airflow_dag.py
[2024-10-05T13:48:55.384-0400] {processor.py:914} INFO - Processing file /mnt/c/Users/User/Documents/GitHub/DAMG7245/big_data_assignment2/airflow/dags/huggingface_pdf_airflow_dag.py for tasks to queue
[2024-10-05T13:48:55.385-0400] {logging_mixin.py:190} INFO - [2024-10-05T13:48:55.385-0400] {dagbag.py:588} INFO - Filling up the DagBag from /mnt/c/Users/User/Documents/GitHub/DAMG7245/big_data_assignment2/airflow/dags/huggingface_pdf_airflow_dag.py
[2024-10-05T13:48:55.612-0400] {processor.py:925} INFO - DAG(s) 'huggingface_pdf_pipeline' retrieved from /mnt/c/Users/User/Documents/GitHub/DAMG7245/big_data_assignment2/airflow/dags/huggingface_pdf_airflow_dag.py
[2024-10-05T13:48:58.986-0400] {logging_mixin.py:190} INFO - [2024-10-05T13:48:58.986-0400] {dag.py:3239} INFO - Sync 1 DAGs
[2024-10-05T13:48:59.348-0400] {logging_mixin.py:190} INFO - [2024-10-05T13:48:59.348-0400] {dag.py:4180} INFO - Setting next_dagrun for huggingface_pdf_pipeline to 2024-10-05 00:00:00+00:00, run_after=2024-10-06 00:00:00+00:00
[2024-10-05T13:49:00.075-0400] {processor.py:208} INFO - Processing /mnt/c/Users/User/Documents/GitHub/DAMG7245/big_data_assignment2/airflow/dags/huggingface_pdf_airflow_dag.py took 4.695 seconds
[2024-10-05T13:51:04.029-0400] {processor.py:186} INFO - Started process (PID=6995) to work on /mnt/c/Users/User/Documents/GitHub/DAMG7245/big_data_assignment2/airflow/dags/huggingface_pdf_airflow_dag.py
[2024-10-05T13:51:04.031-0400] {processor.py:914} INFO - Processing file /mnt/c/Users/User/Documents/GitHub/DAMG7245/big_data_assignment2/airflow/dags/huggingface_pdf_airflow_dag.py for tasks to queue
[2024-10-05T13:51:04.033-0400] {logging_mixin.py:190} INFO - [2024-10-05T13:51:04.033-0400] {dagbag.py:588} INFO - Filling up the DagBag from /mnt/c/Users/User/Documents/GitHub/DAMG7245/big_data_assignment2/airflow/dags/huggingface_pdf_airflow_dag.py
[2024-10-05T13:51:04.292-0400] {processor.py:925} INFO - DAG(s) 'huggingface_pdf_pipeline' retrieved from /mnt/c/Users/User/Documents/GitHub/DAMG7245/big_data_assignment2/airflow/dags/huggingface_pdf_airflow_dag.py
[2024-10-05T13:51:05.816-0400] {logging_mixin.py:190} INFO - [2024-10-05T13:51:05.816-0400] {dag.py:3239} INFO - Sync 1 DAGs
[2024-10-05T13:51:06.070-0400] {logging_mixin.py:190} INFO - [2024-10-05T13:51:06.070-0400] {dag.py:4180} INFO - Setting next_dagrun for huggingface_pdf_pipeline to 2024-10-05 00:00:00+00:00, run_after=2024-10-06 00:00:00+00:00
[2024-10-05T13:51:07.008-0400] {processor.py:208} INFO - Processing /mnt/c/Users/User/Documents/GitHub/DAMG7245/big_data_assignment2/airflow/dags/huggingface_pdf_airflow_dag.py took 2.982 seconds
