[2024-10-05T13:32:10.760-0400] {processor.py:186} INFO - Started process (PID=1953) to work on /home/patrick/.cache/pypoetry/virtualenvs/airflow-wPbgcfzP-py3.10/lib/python3.10/site-packages/airflow/example_dags/example_branch_python_dop_operator_3.py
[2024-10-05T13:32:10.760-0400] {processor.py:914} INFO - Processing file /home/patrick/.cache/pypoetry/virtualenvs/airflow-wPbgcfzP-py3.10/lib/python3.10/site-packages/airflow/example_dags/example_branch_python_dop_operator_3.py for tasks to queue
[2024-10-05T13:32:10.762-0400] {logging_mixin.py:190} INFO - [2024-10-05T13:32:10.762-0400] {dagbag.py:588} INFO - Filling up the DagBag from /home/patrick/.cache/pypoetry/virtualenvs/airflow-wPbgcfzP-py3.10/lib/python3.10/site-packages/airflow/example_dags/example_branch_python_dop_operator_3.py
[2024-10-05T13:32:10.774-0400] {processor.py:925} INFO - DAG(s) 'example_branch_dop_operator_v3' retrieved from /home/patrick/.cache/pypoetry/virtualenvs/airflow-wPbgcfzP-py3.10/lib/python3.10/site-packages/airflow/example_dags/example_branch_python_dop_operator_3.py
[2024-10-05T13:32:25.707-0400] {logging_mixin.py:190} INFO - [2024-10-05T13:32:25.706-0400] {dag.py:3239} INFO - Sync 1 DAGs
[2024-10-05T13:32:27.886-0400] {logging_mixin.py:190} INFO - [2024-10-05T13:32:27.886-0400] {dag.py:4180} INFO - Setting next_dagrun for example_branch_dop_operator_v3 to 2024-10-05 17:31:00+00:00, run_after=2024-10-05 17:32:00+00:00
[2024-10-05T13:32:28.622-0400] {processor.py:208} INFO - Processing /home/patrick/.cache/pypoetry/virtualenvs/airflow-wPbgcfzP-py3.10/lib/python3.10/site-packages/airflow/example_dags/example_branch_python_dop_operator_3.py took 17.866 seconds
[2024-10-05T13:37:48.227-0400] {processor.py:186} INFO - Started process (PID=3554) to work on /home/patrick/.cache/pypoetry/virtualenvs/airflow-wPbgcfzP-py3.10/lib/python3.10/site-packages/airflow/example_dags/example_branch_python_dop_operator_3.py
[2024-10-05T13:37:48.228-0400] {processor.py:914} INFO - Processing file /home/patrick/.cache/pypoetry/virtualenvs/airflow-wPbgcfzP-py3.10/lib/python3.10/site-packages/airflow/example_dags/example_branch_python_dop_operator_3.py for tasks to queue
[2024-10-05T13:37:48.230-0400] {logging_mixin.py:190} INFO - [2024-10-05T13:37:48.230-0400] {dagbag.py:588} INFO - Filling up the DagBag from /home/patrick/.cache/pypoetry/virtualenvs/airflow-wPbgcfzP-py3.10/lib/python3.10/site-packages/airflow/example_dags/example_branch_python_dop_operator_3.py
[2024-10-05T13:37:48.236-0400] {processor.py:925} INFO - DAG(s) 'example_branch_dop_operator_v3' retrieved from /home/patrick/.cache/pypoetry/virtualenvs/airflow-wPbgcfzP-py3.10/lib/python3.10/site-packages/airflow/example_dags/example_branch_python_dop_operator_3.py
[2024-10-05T13:37:55.398-0400] {logging_mixin.py:190} INFO - [2024-10-05T13:37:55.398-0400] {dag.py:3239} INFO - Sync 1 DAGs
[2024-10-05T13:37:55.614-0400] {logging_mixin.py:190} INFO - [2024-10-05T13:37:55.614-0400] {dag.py:4180} INFO - Setting next_dagrun for example_branch_dop_operator_v3 to 2024-10-05 17:36:00+00:00, run_after=2024-10-05 17:37:00+00:00
[2024-10-05T13:37:56.336-0400] {processor.py:208} INFO - Processing /home/patrick/.cache/pypoetry/virtualenvs/airflow-wPbgcfzP-py3.10/lib/python3.10/site-packages/airflow/example_dags/example_branch_python_dop_operator_3.py took 8.113 seconds
[2024-10-05T13:43:13.624-0400] {processor.py:186} INFO - Started process (PID=4960) to work on /home/patrick/.cache/pypoetry/virtualenvs/airflow-wPbgcfzP-py3.10/lib/python3.10/site-packages/airflow/example_dags/example_branch_python_dop_operator_3.py
[2024-10-05T13:43:13.625-0400] {processor.py:914} INFO - Processing file /home/patrick/.cache/pypoetry/virtualenvs/airflow-wPbgcfzP-py3.10/lib/python3.10/site-packages/airflow/example_dags/example_branch_python_dop_operator_3.py for tasks to queue
[2024-10-05T13:43:13.626-0400] {logging_mixin.py:190} INFO - [2024-10-05T13:43:13.626-0400] {dagbag.py:588} INFO - Filling up the DagBag from /home/patrick/.cache/pypoetry/virtualenvs/airflow-wPbgcfzP-py3.10/lib/python3.10/site-packages/airflow/example_dags/example_branch_python_dop_operator_3.py
[2024-10-05T13:43:13.632-0400] {processor.py:925} INFO - DAG(s) 'example_branch_dop_operator_v3' retrieved from /home/patrick/.cache/pypoetry/virtualenvs/airflow-wPbgcfzP-py3.10/lib/python3.10/site-packages/airflow/example_dags/example_branch_python_dop_operator_3.py
[2024-10-05T13:43:16.982-0400] {logging_mixin.py:190} INFO - [2024-10-05T13:43:16.982-0400] {dag.py:3239} INFO - Sync 1 DAGs
[2024-10-05T13:43:17.184-0400] {logging_mixin.py:190} INFO - [2024-10-05T13:43:17.184-0400] {dag.py:4180} INFO - Setting next_dagrun for example_branch_dop_operator_v3 to 2024-10-05 17:42:00+00:00, run_after=2024-10-05 17:43:00+00:00
[2024-10-05T13:43:17.790-0400] {processor.py:208} INFO - Processing /home/patrick/.cache/pypoetry/virtualenvs/airflow-wPbgcfzP-py3.10/lib/python3.10/site-packages/airflow/example_dags/example_branch_python_dop_operator_3.py took 4.170 seconds
[2024-10-05T13:46:40.308-0400] {processor.py:186} INFO - Started process (PID=5858) to work on /home/patrick/.cache/pypoetry/virtualenvs/airflow-wPbgcfzP-py3.10/lib/python3.10/site-packages/airflow/example_dags/example_branch_python_dop_operator_3.py
[2024-10-05T13:46:40.308-0400] {processor.py:914} INFO - Processing file /home/patrick/.cache/pypoetry/virtualenvs/airflow-wPbgcfzP-py3.10/lib/python3.10/site-packages/airflow/example_dags/example_branch_python_dop_operator_3.py for tasks to queue
[2024-10-05T13:46:40.310-0400] {logging_mixin.py:190} INFO - [2024-10-05T13:46:40.310-0400] {dagbag.py:588} INFO - Filling up the DagBag from /home/patrick/.cache/pypoetry/virtualenvs/airflow-wPbgcfzP-py3.10/lib/python3.10/site-packages/airflow/example_dags/example_branch_python_dop_operator_3.py
[2024-10-05T13:46:40.315-0400] {processor.py:925} INFO - DAG(s) 'example_branch_dop_operator_v3' retrieved from /home/patrick/.cache/pypoetry/virtualenvs/airflow-wPbgcfzP-py3.10/lib/python3.10/site-packages/airflow/example_dags/example_branch_python_dop_operator_3.py
[2024-10-05T13:46:41.572-0400] {logging_mixin.py:190} INFO - [2024-10-05T13:46:41.571-0400] {dag.py:3239} INFO - Sync 1 DAGs
[2024-10-05T13:46:41.763-0400] {logging_mixin.py:190} INFO - [2024-10-05T13:46:41.763-0400] {dag.py:4180} INFO - Setting next_dagrun for example_branch_dop_operator_v3 to 2024-10-05 17:45:00+00:00, run_after=2024-10-05 17:46:00+00:00
[2024-10-05T13:46:42.385-0400] {processor.py:208} INFO - Processing /home/patrick/.cache/pypoetry/virtualenvs/airflow-wPbgcfzP-py3.10/lib/python3.10/site-packages/airflow/example_dags/example_branch_python_dop_operator_3.py took 2.080 seconds
[2024-10-05T13:50:57.252-0400] {processor.py:186} INFO - Started process (PID=6966) to work on /home/patrick/.cache/pypoetry/virtualenvs/airflow-wPbgcfzP-py3.10/lib/python3.10/site-packages/airflow/example_dags/example_branch_python_dop_operator_3.py
[2024-10-05T13:50:57.253-0400] {processor.py:914} INFO - Processing file /home/patrick/.cache/pypoetry/virtualenvs/airflow-wPbgcfzP-py3.10/lib/python3.10/site-packages/airflow/example_dags/example_branch_python_dop_operator_3.py for tasks to queue
[2024-10-05T13:50:57.255-0400] {logging_mixin.py:190} INFO - [2024-10-05T13:50:57.255-0400] {dagbag.py:588} INFO - Filling up the DagBag from /home/patrick/.cache/pypoetry/virtualenvs/airflow-wPbgcfzP-py3.10/lib/python3.10/site-packages/airflow/example_dags/example_branch_python_dop_operator_3.py
[2024-10-05T13:50:57.260-0400] {processor.py:925} INFO - DAG(s) 'example_branch_dop_operator_v3' retrieved from /home/patrick/.cache/pypoetry/virtualenvs/airflow-wPbgcfzP-py3.10/lib/python3.10/site-packages/airflow/example_dags/example_branch_python_dop_operator_3.py
[2024-10-05T13:50:59.076-0400] {logging_mixin.py:190} INFO - [2024-10-05T13:50:59.076-0400] {dag.py:3239} INFO - Sync 1 DAGs
[2024-10-05T13:50:59.394-0400] {logging_mixin.py:190} INFO - [2024-10-05T13:50:59.393-0400] {dag.py:4180} INFO - Setting next_dagrun for example_branch_dop_operator_v3 to 2024-10-05 17:49:00+00:00, run_after=2024-10-05 17:50:00+00:00
[2024-10-05T13:51:00.192-0400] {processor.py:208} INFO - Processing /home/patrick/.cache/pypoetry/virtualenvs/airflow-wPbgcfzP-py3.10/lib/python3.10/site-packages/airflow/example_dags/example_branch_python_dop_operator_3.py took 2.943 seconds
