[2024-10-05T13:31:24.209-0400] {processor.py:186} INFO - Started process (PID=1743) to work on /home/patrick/.cache/pypoetry/virtualenvs/airflow-wPbgcfzP-py3.10/lib/python3.10/site-packages/airflow/example_dags/example_complex.py
[2024-10-05T13:31:24.210-0400] {processor.py:914} INFO - Processing file /home/patrick/.cache/pypoetry/virtualenvs/airflow-wPbgcfzP-py3.10/lib/python3.10/site-packages/airflow/example_dags/example_complex.py for tasks to queue
[2024-10-05T13:31:24.211-0400] {logging_mixin.py:190} INFO - [2024-10-05T13:31:24.211-0400] {dagbag.py:588} INFO - Filling up the DagBag from /home/patrick/.cache/pypoetry/virtualenvs/airflow-wPbgcfzP-py3.10/lib/python3.10/site-packages/airflow/example_dags/example_complex.py
[2024-10-05T13:31:24.220-0400] {processor.py:925} INFO - DAG(s) 'example_complex' retrieved from /home/patrick/.cache/pypoetry/virtualenvs/airflow-wPbgcfzP-py3.10/lib/python3.10/site-packages/airflow/example_dags/example_complex.py
[2024-10-05T13:31:39.237-0400] {logging_mixin.py:190} INFO - [2024-10-05T13:31:39.237-0400] {dag.py:3239} INFO - Sync 1 DAGs
[2024-10-05T13:31:40.796-0400] {logging_mixin.py:190} INFO - [2024-10-05T13:31:40.796-0400] {dag.py:4180} INFO - Setting next_dagrun for example_complex to None, run_after=None
[2024-10-05T13:31:41.841-0400] {processor.py:208} INFO - Processing /home/patrick/.cache/pypoetry/virtualenvs/airflow-wPbgcfzP-py3.10/lib/python3.10/site-packages/airflow/example_dags/example_complex.py took 17.636 seconds
[2024-10-05T13:35:23.023-0400] {processor.py:186} INFO - Started process (PID=2826) to work on /home/patrick/.cache/pypoetry/virtualenvs/airflow-wPbgcfzP-py3.10/lib/python3.10/site-packages/airflow/example_dags/example_complex.py
[2024-10-05T13:35:23.024-0400] {processor.py:914} INFO - Processing file /home/patrick/.cache/pypoetry/virtualenvs/airflow-wPbgcfzP-py3.10/lib/python3.10/site-packages/airflow/example_dags/example_complex.py for tasks to queue
[2024-10-05T13:35:23.025-0400] {logging_mixin.py:190} INFO - [2024-10-05T13:35:23.025-0400] {dagbag.py:588} INFO - Filling up the DagBag from /home/patrick/.cache/pypoetry/virtualenvs/airflow-wPbgcfzP-py3.10/lib/python3.10/site-packages/airflow/example_dags/example_complex.py
[2024-10-05T13:35:23.032-0400] {processor.py:925} INFO - DAG(s) 'example_complex' retrieved from /home/patrick/.cache/pypoetry/virtualenvs/airflow-wPbgcfzP-py3.10/lib/python3.10/site-packages/airflow/example_dags/example_complex.py
[2024-10-05T13:35:24.791-0400] {logging_mixin.py:190} INFO - [2024-10-05T13:35:24.791-0400] {dag.py:3239} INFO - Sync 1 DAGs
[2024-10-05T13:35:24.851-0400] {logging_mixin.py:190} INFO - [2024-10-05T13:35:24.851-0400] {dag.py:4180} INFO - Setting next_dagrun for example_complex to None, run_after=None
[2024-10-05T13:35:25.591-0400] {processor.py:208} INFO - Processing /home/patrick/.cache/pypoetry/virtualenvs/airflow-wPbgcfzP-py3.10/lib/python3.10/site-packages/airflow/example_dags/example_complex.py took 2.572 seconds
[2024-10-05T13:40:13.135-0400] {processor.py:186} INFO - Started process (PID=4194) to work on /home/patrick/.cache/pypoetry/virtualenvs/airflow-wPbgcfzP-py3.10/lib/python3.10/site-packages/airflow/example_dags/example_complex.py
[2024-10-05T13:40:13.136-0400] {processor.py:914} INFO - Processing file /home/patrick/.cache/pypoetry/virtualenvs/airflow-wPbgcfzP-py3.10/lib/python3.10/site-packages/airflow/example_dags/example_complex.py for tasks to queue
[2024-10-05T13:40:13.138-0400] {logging_mixin.py:190} INFO - [2024-10-05T13:40:13.138-0400] {dagbag.py:588} INFO - Filling up the DagBag from /home/patrick/.cache/pypoetry/virtualenvs/airflow-wPbgcfzP-py3.10/lib/python3.10/site-packages/airflow/example_dags/example_complex.py
[2024-10-05T13:40:13.145-0400] {processor.py:925} INFO - DAG(s) 'example_complex' retrieved from /home/patrick/.cache/pypoetry/virtualenvs/airflow-wPbgcfzP-py3.10/lib/python3.10/site-packages/airflow/example_dags/example_complex.py
[2024-10-05T13:40:18.428-0400] {logging_mixin.py:190} INFO - [2024-10-05T13:40:18.428-0400] {dag.py:3239} INFO - Sync 1 DAGs
[2024-10-05T13:40:18.940-0400] {logging_mixin.py:190} INFO - [2024-10-05T13:40:18.940-0400] {dag.py:4180} INFO - Setting next_dagrun for example_complex to None, run_after=None
[2024-10-05T13:40:20.221-0400] {processor.py:208} INFO - Processing /home/patrick/.cache/pypoetry/virtualenvs/airflow-wPbgcfzP-py3.10/lib/python3.10/site-packages/airflow/example_dags/example_complex.py took 7.090 seconds
[2024-10-05T13:44:55.985-0400] {processor.py:186} INFO - Started process (PID=5407) to work on /home/patrick/.cache/pypoetry/virtualenvs/airflow-wPbgcfzP-py3.10/lib/python3.10/site-packages/airflow/example_dags/example_complex.py
[2024-10-05T13:44:55.987-0400] {processor.py:914} INFO - Processing file /home/patrick/.cache/pypoetry/virtualenvs/airflow-wPbgcfzP-py3.10/lib/python3.10/site-packages/airflow/example_dags/example_complex.py for tasks to queue
[2024-10-05T13:44:55.988-0400] {logging_mixin.py:190} INFO - [2024-10-05T13:44:55.988-0400] {dagbag.py:588} INFO - Filling up the DagBag from /home/patrick/.cache/pypoetry/virtualenvs/airflow-wPbgcfzP-py3.10/lib/python3.10/site-packages/airflow/example_dags/example_complex.py
[2024-10-05T13:44:55.996-0400] {processor.py:925} INFO - DAG(s) 'example_complex' retrieved from /home/patrick/.cache/pypoetry/virtualenvs/airflow-wPbgcfzP-py3.10/lib/python3.10/site-packages/airflow/example_dags/example_complex.py
[2024-10-05T13:45:00.380-0400] {logging_mixin.py:190} INFO - [2024-10-05T13:45:00.380-0400] {dag.py:3239} INFO - Sync 1 DAGs
[2024-10-05T13:45:00.489-0400] {logging_mixin.py:190} INFO - [2024-10-05T13:45:00.488-0400] {dag.py:4180} INFO - Setting next_dagrun for example_complex to None, run_after=None
[2024-10-05T13:45:01.210-0400] {processor.py:208} INFO - Processing /home/patrick/.cache/pypoetry/virtualenvs/airflow-wPbgcfzP-py3.10/lib/python3.10/site-packages/airflow/example_dags/example_complex.py took 5.229 seconds
[2024-10-05T13:48:46.520-0400] {processor.py:186} INFO - Started process (PID=6400) to work on /home/patrick/.cache/pypoetry/virtualenvs/airflow-wPbgcfzP-py3.10/lib/python3.10/site-packages/airflow/example_dags/example_complex.py
[2024-10-05T13:48:46.521-0400] {processor.py:914} INFO - Processing file /home/patrick/.cache/pypoetry/virtualenvs/airflow-wPbgcfzP-py3.10/lib/python3.10/site-packages/airflow/example_dags/example_complex.py for tasks to queue
[2024-10-05T13:48:46.523-0400] {logging_mixin.py:190} INFO - [2024-10-05T13:48:46.522-0400] {dagbag.py:588} INFO - Filling up the DagBag from /home/patrick/.cache/pypoetry/virtualenvs/airflow-wPbgcfzP-py3.10/lib/python3.10/site-packages/airflow/example_dags/example_complex.py
[2024-10-05T13:48:46.529-0400] {processor.py:925} INFO - DAG(s) 'example_complex' retrieved from /home/patrick/.cache/pypoetry/virtualenvs/airflow-wPbgcfzP-py3.10/lib/python3.10/site-packages/airflow/example_dags/example_complex.py
[2024-10-05T13:48:50.075-0400] {logging_mixin.py:190} INFO - [2024-10-05T13:48:50.075-0400] {dag.py:3239} INFO - Sync 1 DAGs
[2024-10-05T13:48:50.205-0400] {logging_mixin.py:190} INFO - [2024-10-05T13:48:50.205-0400] {dag.py:4180} INFO - Setting next_dagrun for example_complex to None, run_after=None
[2024-10-05T13:48:50.887-0400] {processor.py:208} INFO - Processing /home/patrick/.cache/pypoetry/virtualenvs/airflow-wPbgcfzP-py3.10/lib/python3.10/site-packages/airflow/example_dags/example_complex.py took 4.370 seconds
[2024-10-05T13:52:47.109-0400] {processor.py:186} INFO - Started process (PID=7507) to work on /home/patrick/.cache/pypoetry/virtualenvs/airflow-wPbgcfzP-py3.10/lib/python3.10/site-packages/airflow/example_dags/example_complex.py
[2024-10-05T13:52:47.110-0400] {processor.py:914} INFO - Processing file /home/patrick/.cache/pypoetry/virtualenvs/airflow-wPbgcfzP-py3.10/lib/python3.10/site-packages/airflow/example_dags/example_complex.py for tasks to queue
[2024-10-05T13:52:47.111-0400] {logging_mixin.py:190} INFO - [2024-10-05T13:52:47.111-0400] {dagbag.py:588} INFO - Filling up the DagBag from /home/patrick/.cache/pypoetry/virtualenvs/airflow-wPbgcfzP-py3.10/lib/python3.10/site-packages/airflow/example_dags/example_complex.py
[2024-10-05T13:52:47.118-0400] {processor.py:925} INFO - DAG(s) 'example_complex' retrieved from /home/patrick/.cache/pypoetry/virtualenvs/airflow-wPbgcfzP-py3.10/lib/python3.10/site-packages/airflow/example_dags/example_complex.py
[2024-10-05T13:52:50.123-0400] {logging_mixin.py:190} INFO - [2024-10-05T13:52:50.122-0400] {dag.py:3239} INFO - Sync 1 DAGs
[2024-10-05T13:52:50.522-0400] {logging_mixin.py:190} INFO - [2024-10-05T13:52:50.521-0400] {dag.py:4180} INFO - Setting next_dagrun for example_complex to None, run_after=None
[2024-10-05T13:52:51.367-0400] {processor.py:208} INFO - Processing /home/patrick/.cache/pypoetry/virtualenvs/airflow-wPbgcfzP-py3.10/lib/python3.10/site-packages/airflow/example_dags/example_complex.py took 4.261 seconds
