[2024-10-05T13:32:00.635-0400] {processor.py:186} INFO - Started process (PID=1906) to work on /home/patrick/.cache/pypoetry/virtualenvs/airflow-wPbgcfzP-py3.10/lib/python3.10/site-packages/airflow/example_dags/example_branch_datetime_operator.py
[2024-10-05T13:32:00.637-0400] {processor.py:914} INFO - Processing file /home/patrick/.cache/pypoetry/virtualenvs/airflow-wPbgcfzP-py3.10/lib/python3.10/site-packages/airflow/example_dags/example_branch_datetime_operator.py for tasks to queue
[2024-10-05T13:32:00.638-0400] {logging_mixin.py:190} INFO - [2024-10-05T13:32:00.638-0400] {dagbag.py:588} INFO - Filling up the DagBag from /home/patrick/.cache/pypoetry/virtualenvs/airflow-wPbgcfzP-py3.10/lib/python3.10/site-packages/airflow/example_dags/example_branch_datetime_operator.py
[2024-10-05T13:32:00.645-0400] {processor.py:925} INFO - DAG(s) 'example_branch_datetime_operator', 'example_branch_datetime_operator_3', 'example_branch_datetime_operator_2' retrieved from /home/patrick/.cache/pypoetry/virtualenvs/airflow-wPbgcfzP-py3.10/lib/python3.10/site-packages/airflow/example_dags/example_branch_datetime_operator.py
[2024-10-05T13:32:19.188-0400] {logging_mixin.py:190} INFO - [2024-10-05T13:32:19.188-0400] {dag.py:3239} INFO - Sync 3 DAGs
[2024-10-05T13:32:20.742-0400] {logging_mixin.py:190} INFO - [2024-10-05T13:32:20.741-0400] {dag.py:4180} INFO - Setting next_dagrun for example_branch_datetime_operator to 2024-10-04 00:00:00+00:00, run_after=2024-10-05 00:00:00+00:00
[2024-10-05T13:32:20.801-0400] {logging_mixin.py:190} INFO - [2024-10-05T13:32:20.800-0400] {dag.py:4180} INFO - Setting next_dagrun for example_branch_datetime_operator_2 to 2024-10-04 00:00:00+00:00, run_after=2024-10-05 00:00:00+00:00
[2024-10-05T13:32:20.854-0400] {logging_mixin.py:190} INFO - [2024-10-05T13:32:20.854-0400] {dag.py:4180} INFO - Setting next_dagrun for example_branch_datetime_operator_3 to 2024-10-04 00:00:00+00:00, run_after=2024-10-05 00:00:00+00:00
[2024-10-05T13:32:22.057-0400] {processor.py:208} INFO - Processing /home/patrick/.cache/pypoetry/virtualenvs/airflow-wPbgcfzP-py3.10/lib/python3.10/site-packages/airflow/example_dags/example_branch_datetime_operator.py took 21.425 seconds
[2024-10-05T13:37:45.597-0400] {processor.py:186} INFO - Started process (PID=3542) to work on /home/patrick/.cache/pypoetry/virtualenvs/airflow-wPbgcfzP-py3.10/lib/python3.10/site-packages/airflow/example_dags/example_branch_datetime_operator.py
[2024-10-05T13:37:45.598-0400] {processor.py:914} INFO - Processing file /home/patrick/.cache/pypoetry/virtualenvs/airflow-wPbgcfzP-py3.10/lib/python3.10/site-packages/airflow/example_dags/example_branch_datetime_operator.py for tasks to queue
[2024-10-05T13:37:45.600-0400] {logging_mixin.py:190} INFO - [2024-10-05T13:37:45.599-0400] {dagbag.py:588} INFO - Filling up the DagBag from /home/patrick/.cache/pypoetry/virtualenvs/airflow-wPbgcfzP-py3.10/lib/python3.10/site-packages/airflow/example_dags/example_branch_datetime_operator.py
[2024-10-05T13:37:45.607-0400] {processor.py:925} INFO - DAG(s) 'example_branch_datetime_operator', 'example_branch_datetime_operator_2', 'example_branch_datetime_operator_3' retrieved from /home/patrick/.cache/pypoetry/virtualenvs/airflow-wPbgcfzP-py3.10/lib/python3.10/site-packages/airflow/example_dags/example_branch_datetime_operator.py
[2024-10-05T13:37:48.004-0400] {logging_mixin.py:190} INFO - [2024-10-05T13:37:48.004-0400] {dag.py:3239} INFO - Sync 3 DAGs
[2024-10-05T13:37:48.398-0400] {logging_mixin.py:190} INFO - [2024-10-05T13:37:48.398-0400] {dag.py:4180} INFO - Setting next_dagrun for example_branch_datetime_operator to 2024-10-04 00:00:00+00:00, run_after=2024-10-05 00:00:00+00:00
[2024-10-05T13:37:48.458-0400] {logging_mixin.py:190} INFO - [2024-10-05T13:37:48.457-0400] {dag.py:4180} INFO - Setting next_dagrun for example_branch_datetime_operator_2 to 2024-10-04 00:00:00+00:00, run_after=2024-10-05 00:00:00+00:00
[2024-10-05T13:37:48.495-0400] {logging_mixin.py:190} INFO - [2024-10-05T13:37:48.495-0400] {dag.py:4180} INFO - Setting next_dagrun for example_branch_datetime_operator_3 to 2024-10-04 00:00:00+00:00, run_after=2024-10-05 00:00:00+00:00
[2024-10-05T13:37:49.186-0400] {processor.py:208} INFO - Processing /home/patrick/.cache/pypoetry/virtualenvs/airflow-wPbgcfzP-py3.10/lib/python3.10/site-packages/airflow/example_dags/example_branch_datetime_operator.py took 3.593 seconds
[2024-10-05T13:43:11.496-0400] {processor.py:186} INFO - Started process (PID=4951) to work on /home/patrick/.cache/pypoetry/virtualenvs/airflow-wPbgcfzP-py3.10/lib/python3.10/site-packages/airflow/example_dags/example_branch_datetime_operator.py
[2024-10-05T13:43:11.497-0400] {processor.py:914} INFO - Processing file /home/patrick/.cache/pypoetry/virtualenvs/airflow-wPbgcfzP-py3.10/lib/python3.10/site-packages/airflow/example_dags/example_branch_datetime_operator.py for tasks to queue
[2024-10-05T13:43:11.499-0400] {logging_mixin.py:190} INFO - [2024-10-05T13:43:11.498-0400] {dagbag.py:588} INFO - Filling up the DagBag from /home/patrick/.cache/pypoetry/virtualenvs/airflow-wPbgcfzP-py3.10/lib/python3.10/site-packages/airflow/example_dags/example_branch_datetime_operator.py
[2024-10-05T13:43:11.505-0400] {processor.py:925} INFO - DAG(s) 'example_branch_datetime_operator_2', 'example_branch_datetime_operator_3', 'example_branch_datetime_operator' retrieved from /home/patrick/.cache/pypoetry/virtualenvs/airflow-wPbgcfzP-py3.10/lib/python3.10/site-packages/airflow/example_dags/example_branch_datetime_operator.py
[2024-10-05T13:43:15.516-0400] {logging_mixin.py:190} INFO - [2024-10-05T13:43:15.515-0400] {dag.py:3239} INFO - Sync 3 DAGs
[2024-10-05T13:43:15.957-0400] {logging_mixin.py:190} INFO - [2024-10-05T13:43:15.957-0400] {dag.py:4180} INFO - Setting next_dagrun for example_branch_datetime_operator to 2024-10-04 00:00:00+00:00, run_after=2024-10-05 00:00:00+00:00
[2024-10-05T13:43:16.015-0400] {logging_mixin.py:190} INFO - [2024-10-05T13:43:16.014-0400] {dag.py:4180} INFO - Setting next_dagrun for example_branch_datetime_operator_2 to 2024-10-04 00:00:00+00:00, run_after=2024-10-05 00:00:00+00:00
[2024-10-05T13:43:16.062-0400] {logging_mixin.py:190} INFO - [2024-10-05T13:43:16.062-0400] {dag.py:4180} INFO - Setting next_dagrun for example_branch_datetime_operator_3 to 2024-10-04 00:00:00+00:00, run_after=2024-10-05 00:00:00+00:00
[2024-10-05T13:43:16.651-0400] {processor.py:208} INFO - Processing /home/patrick/.cache/pypoetry/virtualenvs/airflow-wPbgcfzP-py3.10/lib/python3.10/site-packages/airflow/example_dags/example_branch_datetime_operator.py took 5.158 seconds
[2024-10-05T13:46:39.281-0400] {processor.py:186} INFO - Started process (PID=5853) to work on /home/patrick/.cache/pypoetry/virtualenvs/airflow-wPbgcfzP-py3.10/lib/python3.10/site-packages/airflow/example_dags/example_branch_datetime_operator.py
[2024-10-05T13:46:39.282-0400] {processor.py:914} INFO - Processing file /home/patrick/.cache/pypoetry/virtualenvs/airflow-wPbgcfzP-py3.10/lib/python3.10/site-packages/airflow/example_dags/example_branch_datetime_operator.py for tasks to queue
[2024-10-05T13:46:39.284-0400] {logging_mixin.py:190} INFO - [2024-10-05T13:46:39.283-0400] {dagbag.py:588} INFO - Filling up the DagBag from /home/patrick/.cache/pypoetry/virtualenvs/airflow-wPbgcfzP-py3.10/lib/python3.10/site-packages/airflow/example_dags/example_branch_datetime_operator.py
[2024-10-05T13:46:39.290-0400] {processor.py:925} INFO - DAG(s) 'example_branch_datetime_operator_3', 'example_branch_datetime_operator_2', 'example_branch_datetime_operator' retrieved from /home/patrick/.cache/pypoetry/virtualenvs/airflow-wPbgcfzP-py3.10/lib/python3.10/site-packages/airflow/example_dags/example_branch_datetime_operator.py
[2024-10-05T13:46:40.855-0400] {logging_mixin.py:190} INFO - [2024-10-05T13:46:40.855-0400] {dag.py:3239} INFO - Sync 3 DAGs
[2024-10-05T13:46:41.013-0400] {logging_mixin.py:190} INFO - [2024-10-05T13:46:41.013-0400] {dag.py:4180} INFO - Setting next_dagrun for example_branch_datetime_operator to 2024-10-04 00:00:00+00:00, run_after=2024-10-05 00:00:00+00:00
[2024-10-05T13:46:41.060-0400] {logging_mixin.py:190} INFO - [2024-10-05T13:46:41.059-0400] {dag.py:4180} INFO - Setting next_dagrun for example_branch_datetime_operator_2 to 2024-10-04 00:00:00+00:00, run_after=2024-10-05 00:00:00+00:00
[2024-10-05T13:46:41.101-0400] {logging_mixin.py:190} INFO - [2024-10-05T13:46:41.101-0400] {dag.py:4180} INFO - Setting next_dagrun for example_branch_datetime_operator_3 to 2024-10-04 00:00:00+00:00, run_after=2024-10-05 00:00:00+00:00
[2024-10-05T13:46:41.697-0400] {processor.py:208} INFO - Processing /home/patrick/.cache/pypoetry/virtualenvs/airflow-wPbgcfzP-py3.10/lib/python3.10/site-packages/airflow/example_dags/example_branch_datetime_operator.py took 2.420 seconds
[2024-10-05T13:50:54.322-0400] {processor.py:186} INFO - Started process (PID=6953) to work on /home/patrick/.cache/pypoetry/virtualenvs/airflow-wPbgcfzP-py3.10/lib/python3.10/site-packages/airflow/example_dags/example_branch_datetime_operator.py
[2024-10-05T13:50:54.324-0400] {processor.py:914} INFO - Processing file /home/patrick/.cache/pypoetry/virtualenvs/airflow-wPbgcfzP-py3.10/lib/python3.10/site-packages/airflow/example_dags/example_branch_datetime_operator.py for tasks to queue
[2024-10-05T13:50:54.325-0400] {logging_mixin.py:190} INFO - [2024-10-05T13:50:54.325-0400] {dagbag.py:588} INFO - Filling up the DagBag from /home/patrick/.cache/pypoetry/virtualenvs/airflow-wPbgcfzP-py3.10/lib/python3.10/site-packages/airflow/example_dags/example_branch_datetime_operator.py
[2024-10-05T13:50:54.331-0400] {processor.py:925} INFO - DAG(s) 'example_branch_datetime_operator_3', 'example_branch_datetime_operator_2', 'example_branch_datetime_operator' retrieved from /home/patrick/.cache/pypoetry/virtualenvs/airflow-wPbgcfzP-py3.10/lib/python3.10/site-packages/airflow/example_dags/example_branch_datetime_operator.py
[2024-10-05T13:50:56.496-0400] {logging_mixin.py:190} INFO - [2024-10-05T13:50:56.496-0400] {dag.py:3239} INFO - Sync 3 DAGs
[2024-10-05T13:50:56.757-0400] {logging_mixin.py:190} INFO - [2024-10-05T13:50:56.756-0400] {dag.py:4180} INFO - Setting next_dagrun for example_branch_datetime_operator to 2024-10-04 00:00:00+00:00, run_after=2024-10-05 00:00:00+00:00
[2024-10-05T13:50:56.880-0400] {logging_mixin.py:190} INFO - [2024-10-05T13:50:56.880-0400] {dag.py:4180} INFO - Setting next_dagrun for example_branch_datetime_operator_2 to 2024-10-04 00:00:00+00:00, run_after=2024-10-05 00:00:00+00:00
[2024-10-05T13:50:56.919-0400] {logging_mixin.py:190} INFO - [2024-10-05T13:50:56.919-0400] {dag.py:4180} INFO - Setting next_dagrun for example_branch_datetime_operator_3 to 2024-10-04 00:00:00+00:00, run_after=2024-10-05 00:00:00+00:00
[2024-10-05T13:50:57.513-0400] {processor.py:208} INFO - Processing /home/patrick/.cache/pypoetry/virtualenvs/airflow-wPbgcfzP-py3.10/lib/python3.10/site-packages/airflow/example_dags/example_branch_datetime_operator.py took 3.194 seconds
