[2024-10-05T13:32:22.838-0400] {processor.py:186} INFO - Started process (PID=2002) to work on /home/patrick/.cache/pypoetry/virtualenvs/airflow-wPbgcfzP-py3.10/lib/python3.10/site-packages/airflow/example_dags/example_dynamic_task_mapping.py
[2024-10-05T13:32:22.839-0400] {processor.py:914} INFO - Processing file /home/patrick/.cache/pypoetry/virtualenvs/airflow-wPbgcfzP-py3.10/lib/python3.10/site-packages/airflow/example_dags/example_dynamic_task_mapping.py for tasks to queue
[2024-10-05T13:32:22.841-0400] {logging_mixin.py:190} INFO - [2024-10-05T13:32:22.840-0400] {dagbag.py:588} INFO - Filling up the DagBag from /home/patrick/.cache/pypoetry/virtualenvs/airflow-wPbgcfzP-py3.10/lib/python3.10/site-packages/airflow/example_dags/example_dynamic_task_mapping.py
[2024-10-05T13:32:22.845-0400] {processor.py:925} INFO - DAG(s) 'example_dynamic_task_mapping' retrieved from /home/patrick/.cache/pypoetry/virtualenvs/airflow-wPbgcfzP-py3.10/lib/python3.10/site-packages/airflow/example_dags/example_dynamic_task_mapping.py
[2024-10-05T13:32:37.224-0400] {logging_mixin.py:190} INFO - [2024-10-05T13:32:37.224-0400] {dag.py:3239} INFO - Sync 1 DAGs
[2024-10-05T13:32:37.499-0400] {logging_mixin.py:190} INFO - [2024-10-05T13:32:37.498-0400] {dag.py:4180} INFO - Setting next_dagrun for example_dynamic_task_mapping to None, run_after=None
[2024-10-05T13:32:38.160-0400] {processor.py:208} INFO - Processing /home/patrick/.cache/pypoetry/virtualenvs/airflow-wPbgcfzP-py3.10/lib/python3.10/site-packages/airflow/example_dags/example_dynamic_task_mapping.py took 15.325 seconds
[2024-10-05T13:37:49.662-0400] {processor.py:186} INFO - Started process (PID=3562) to work on /home/patrick/.cache/pypoetry/virtualenvs/airflow-wPbgcfzP-py3.10/lib/python3.10/site-packages/airflow/example_dags/example_dynamic_task_mapping.py
[2024-10-05T13:37:49.663-0400] {processor.py:914} INFO - Processing file /home/patrick/.cache/pypoetry/virtualenvs/airflow-wPbgcfzP-py3.10/lib/python3.10/site-packages/airflow/example_dags/example_dynamic_task_mapping.py for tasks to queue
[2024-10-05T13:37:49.665-0400] {logging_mixin.py:190} INFO - [2024-10-05T13:37:49.664-0400] {dagbag.py:588} INFO - Filling up the DagBag from /home/patrick/.cache/pypoetry/virtualenvs/airflow-wPbgcfzP-py3.10/lib/python3.10/site-packages/airflow/example_dags/example_dynamic_task_mapping.py
[2024-10-05T13:37:49.670-0400] {processor.py:925} INFO - DAG(s) 'example_dynamic_task_mapping' retrieved from /home/patrick/.cache/pypoetry/virtualenvs/airflow-wPbgcfzP-py3.10/lib/python3.10/site-packages/airflow/example_dags/example_dynamic_task_mapping.py
[2024-10-05T13:37:56.639-0400] {logging_mixin.py:190} INFO - [2024-10-05T13:37:56.639-0400] {dag.py:3239} INFO - Sync 1 DAGs
[2024-10-05T13:37:56.794-0400] {logging_mixin.py:190} INFO - [2024-10-05T13:37:56.794-0400] {dag.py:4180} INFO - Setting next_dagrun for example_dynamic_task_mapping to None, run_after=None
[2024-10-05T13:37:57.445-0400] {processor.py:208} INFO - Processing /home/patrick/.cache/pypoetry/virtualenvs/airflow-wPbgcfzP-py3.10/lib/python3.10/site-packages/airflow/example_dags/example_dynamic_task_mapping.py took 7.787 seconds
[2024-10-05T13:43:16.987-0400] {processor.py:186} INFO - Started process (PID=4975) to work on /home/patrick/.cache/pypoetry/virtualenvs/airflow-wPbgcfzP-py3.10/lib/python3.10/site-packages/airflow/example_dags/example_dynamic_task_mapping.py
[2024-10-05T13:43:16.988-0400] {processor.py:914} INFO - Processing file /home/patrick/.cache/pypoetry/virtualenvs/airflow-wPbgcfzP-py3.10/lib/python3.10/site-packages/airflow/example_dags/example_dynamic_task_mapping.py for tasks to queue
[2024-10-05T13:43:16.990-0400] {logging_mixin.py:190} INFO - [2024-10-05T13:43:16.990-0400] {dagbag.py:588} INFO - Filling up the DagBag from /home/patrick/.cache/pypoetry/virtualenvs/airflow-wPbgcfzP-py3.10/lib/python3.10/site-packages/airflow/example_dags/example_dynamic_task_mapping.py
[2024-10-05T13:43:16.994-0400] {processor.py:925} INFO - DAG(s) 'example_dynamic_task_mapping' retrieved from /home/patrick/.cache/pypoetry/virtualenvs/airflow-wPbgcfzP-py3.10/lib/python3.10/site-packages/airflow/example_dags/example_dynamic_task_mapping.py
[2024-10-05T13:43:18.513-0400] {logging_mixin.py:190} INFO - [2024-10-05T13:43:18.512-0400] {dag.py:3239} INFO - Sync 1 DAGs
[2024-10-05T13:43:18.617-0400] {logging_mixin.py:190} INFO - [2024-10-05T13:43:18.617-0400] {dag.py:4180} INFO - Setting next_dagrun for example_dynamic_task_mapping to None, run_after=None
[2024-10-05T13:43:19.340-0400] {processor.py:208} INFO - Processing /home/patrick/.cache/pypoetry/virtualenvs/airflow-wPbgcfzP-py3.10/lib/python3.10/site-packages/airflow/example_dags/example_dynamic_task_mapping.py took 2.356 seconds
[2024-10-05T13:46:42.707-0400] {processor.py:186} INFO - Started process (PID=5868) to work on /home/patrick/.cache/pypoetry/virtualenvs/airflow-wPbgcfzP-py3.10/lib/python3.10/site-packages/airflow/example_dags/example_dynamic_task_mapping.py
[2024-10-05T13:46:42.708-0400] {processor.py:914} INFO - Processing file /home/patrick/.cache/pypoetry/virtualenvs/airflow-wPbgcfzP-py3.10/lib/python3.10/site-packages/airflow/example_dags/example_dynamic_task_mapping.py for tasks to queue
[2024-10-05T13:46:42.712-0400] {logging_mixin.py:190} INFO - [2024-10-05T13:46:42.712-0400] {dagbag.py:588} INFO - Filling up the DagBag from /home/patrick/.cache/pypoetry/virtualenvs/airflow-wPbgcfzP-py3.10/lib/python3.10/site-packages/airflow/example_dags/example_dynamic_task_mapping.py
[2024-10-05T13:46:42.718-0400] {processor.py:925} INFO - DAG(s) 'example_dynamic_task_mapping' retrieved from /home/patrick/.cache/pypoetry/virtualenvs/airflow-wPbgcfzP-py3.10/lib/python3.10/site-packages/airflow/example_dags/example_dynamic_task_mapping.py
[2024-10-05T13:46:46.452-0400] {logging_mixin.py:190} INFO - [2024-10-05T13:46:46.452-0400] {dag.py:3239} INFO - Sync 1 DAGs
[2024-10-05T13:46:46.524-0400] {logging_mixin.py:190} INFO - [2024-10-05T13:46:46.523-0400] {dag.py:4180} INFO - Setting next_dagrun for example_dynamic_task_mapping to None, run_after=None
[2024-10-05T13:46:47.175-0400] {processor.py:208} INFO - Processing /home/patrick/.cache/pypoetry/virtualenvs/airflow-wPbgcfzP-py3.10/lib/python3.10/site-packages/airflow/example_dags/example_dynamic_task_mapping.py took 4.471 seconds
[2024-10-05T13:50:58.615-0400] {processor.py:186} INFO - Started process (PID=6972) to work on /home/patrick/.cache/pypoetry/virtualenvs/airflow-wPbgcfzP-py3.10/lib/python3.10/site-packages/airflow/example_dags/example_dynamic_task_mapping.py
[2024-10-05T13:50:58.616-0400] {processor.py:914} INFO - Processing file /home/patrick/.cache/pypoetry/virtualenvs/airflow-wPbgcfzP-py3.10/lib/python3.10/site-packages/airflow/example_dags/example_dynamic_task_mapping.py for tasks to queue
[2024-10-05T13:50:58.617-0400] {logging_mixin.py:190} INFO - [2024-10-05T13:50:58.617-0400] {dagbag.py:588} INFO - Filling up the DagBag from /home/patrick/.cache/pypoetry/virtualenvs/airflow-wPbgcfzP-py3.10/lib/python3.10/site-packages/airflow/example_dags/example_dynamic_task_mapping.py
[2024-10-05T13:50:58.622-0400] {processor.py:925} INFO - DAG(s) 'example_dynamic_task_mapping' retrieved from /home/patrick/.cache/pypoetry/virtualenvs/airflow-wPbgcfzP-py3.10/lib/python3.10/site-packages/airflow/example_dags/example_dynamic_task_mapping.py
[2024-10-05T13:51:02.023-0400] {logging_mixin.py:190} INFO - [2024-10-05T13:51:02.023-0400] {dag.py:3239} INFO - Sync 1 DAGs
[2024-10-05T13:51:02.172-0400] {logging_mixin.py:190} INFO - [2024-10-05T13:51:02.172-0400] {dag.py:4180} INFO - Setting next_dagrun for example_dynamic_task_mapping to None, run_after=None
[2024-10-05T13:51:02.843-0400] {processor.py:208} INFO - Processing /home/patrick/.cache/pypoetry/virtualenvs/airflow-wPbgcfzP-py3.10/lib/python3.10/site-packages/airflow/example_dags/example_dynamic_task_mapping.py took 4.231 seconds
