[2024-10-05T13:29:01.335-0400] {processor.py:186} INFO - Started process (PID=1108) to work on /home/patrick/.cache/pypoetry/virtualenvs/airflow-wPbgcfzP-py3.10/lib/python3.10/site-packages/airflow/example_dags/example_short_circuit_decorator.py
[2024-10-05T13:29:01.336-0400] {processor.py:914} INFO - Processing file /home/patrick/.cache/pypoetry/virtualenvs/airflow-wPbgcfzP-py3.10/lib/python3.10/site-packages/airflow/example_dags/example_short_circuit_decorator.py for tasks to queue
[2024-10-05T13:29:01.340-0400] {logging_mixin.py:190} INFO - [2024-10-05T13:29:01.340-0400] {dagbag.py:588} INFO - Filling up the DagBag from /home/patrick/.cache/pypoetry/virtualenvs/airflow-wPbgcfzP-py3.10/lib/python3.10/site-packages/airflow/example_dags/example_short_circuit_decorator.py
[2024-10-05T13:29:01.349-0400] {processor.py:925} INFO - DAG(s) 'example_short_circuit_decorator' retrieved from /home/patrick/.cache/pypoetry/virtualenvs/airflow-wPbgcfzP-py3.10/lib/python3.10/site-packages/airflow/example_dags/example_short_circuit_decorator.py
[2024-10-05T13:29:04.947-0400] {logging_mixin.py:190} INFO - [2024-10-05T13:29:04.946-0400] {dag.py:3239} INFO - Sync 1 DAGs
[2024-10-05T13:29:05.271-0400] {logging_mixin.py:190} INFO - [2024-10-05T13:29:05.271-0400] {dag.py:4180} INFO - Setting next_dagrun for example_short_circuit_decorator to None, run_after=None
[2024-10-05T13:29:05.989-0400] {processor.py:208} INFO - Processing /home/patrick/.cache/pypoetry/virtualenvs/airflow-wPbgcfzP-py3.10/lib/python3.10/site-packages/airflow/example_dags/example_short_circuit_decorator.py took 4.658 seconds
[2024-10-05T13:33:43.991-0400] {processor.py:186} INFO - Started process (PID=2385) to work on /home/patrick/.cache/pypoetry/virtualenvs/airflow-wPbgcfzP-py3.10/lib/python3.10/site-packages/airflow/example_dags/example_short_circuit_decorator.py
[2024-10-05T13:33:43.996-0400] {processor.py:914} INFO - Processing file /home/patrick/.cache/pypoetry/virtualenvs/airflow-wPbgcfzP-py3.10/lib/python3.10/site-packages/airflow/example_dags/example_short_circuit_decorator.py for tasks to queue
[2024-10-05T13:33:44.000-0400] {logging_mixin.py:190} INFO - [2024-10-05T13:33:44.000-0400] {dagbag.py:588} INFO - Filling up the DagBag from /home/patrick/.cache/pypoetry/virtualenvs/airflow-wPbgcfzP-py3.10/lib/python3.10/site-packages/airflow/example_dags/example_short_circuit_decorator.py
[2024-10-05T13:33:44.009-0400] {processor.py:925} INFO - DAG(s) 'example_short_circuit_decorator' retrieved from /home/patrick/.cache/pypoetry/virtualenvs/airflow-wPbgcfzP-py3.10/lib/python3.10/site-packages/airflow/example_dags/example_short_circuit_decorator.py
[2024-10-05T13:33:46.351-0400] {logging_mixin.py:190} INFO - [2024-10-05T13:33:46.350-0400] {dag.py:3239} INFO - Sync 1 DAGs
[2024-10-05T13:33:46.410-0400] {logging_mixin.py:190} INFO - [2024-10-05T13:33:46.409-0400] {dag.py:4180} INFO - Setting next_dagrun for example_short_circuit_decorator to None, run_after=None
[2024-10-05T13:33:47.120-0400] {processor.py:208} INFO - Processing /home/patrick/.cache/pypoetry/virtualenvs/airflow-wPbgcfzP-py3.10/lib/python3.10/site-packages/airflow/example_dags/example_short_circuit_decorator.py took 3.133 seconds
[2024-10-05T13:36:24.653-0400] {processor.py:186} INFO - Started process (PID=3111) to work on /home/patrick/.cache/pypoetry/virtualenvs/airflow-wPbgcfzP-py3.10/lib/python3.10/site-packages/airflow/example_dags/example_short_circuit_decorator.py
[2024-10-05T13:36:24.654-0400] {processor.py:914} INFO - Processing file /home/patrick/.cache/pypoetry/virtualenvs/airflow-wPbgcfzP-py3.10/lib/python3.10/site-packages/airflow/example_dags/example_short_circuit_decorator.py for tasks to queue
[2024-10-05T13:36:24.656-0400] {logging_mixin.py:190} INFO - [2024-10-05T13:36:24.656-0400] {dagbag.py:588} INFO - Filling up the DagBag from /home/patrick/.cache/pypoetry/virtualenvs/airflow-wPbgcfzP-py3.10/lib/python3.10/site-packages/airflow/example_dags/example_short_circuit_decorator.py
[2024-10-05T13:36:24.662-0400] {processor.py:925} INFO - DAG(s) 'example_short_circuit_decorator' retrieved from /home/patrick/.cache/pypoetry/virtualenvs/airflow-wPbgcfzP-py3.10/lib/python3.10/site-packages/airflow/example_dags/example_short_circuit_decorator.py
[2024-10-05T13:36:39.401-0400] {logging_mixin.py:190} INFO - [2024-10-05T13:36:39.401-0400] {dag.py:3239} INFO - Sync 1 DAGs
[2024-10-05T13:36:39.556-0400] {logging_mixin.py:190} INFO - [2024-10-05T13:36:39.556-0400] {dag.py:4180} INFO - Setting next_dagrun for example_short_circuit_decorator to None, run_after=None
[2024-10-05T13:36:40.298-0400] {processor.py:208} INFO - Processing /home/patrick/.cache/pypoetry/virtualenvs/airflow-wPbgcfzP-py3.10/lib/python3.10/site-packages/airflow/example_dags/example_short_circuit_decorator.py took 15.649 seconds
[2024-10-05T13:39:13.038-0400] {processor.py:186} INFO - Started process (PID=3935) to work on /home/patrick/.cache/pypoetry/virtualenvs/airflow-wPbgcfzP-py3.10/lib/python3.10/site-packages/airflow/example_dags/example_short_circuit_decorator.py
[2024-10-05T13:39:13.039-0400] {processor.py:914} INFO - Processing file /home/patrick/.cache/pypoetry/virtualenvs/airflow-wPbgcfzP-py3.10/lib/python3.10/site-packages/airflow/example_dags/example_short_circuit_decorator.py for tasks to queue
[2024-10-05T13:39:13.041-0400] {logging_mixin.py:190} INFO - [2024-10-05T13:39:13.040-0400] {dagbag.py:588} INFO - Filling up the DagBag from /home/patrick/.cache/pypoetry/virtualenvs/airflow-wPbgcfzP-py3.10/lib/python3.10/site-packages/airflow/example_dags/example_short_circuit_decorator.py
[2024-10-05T13:39:13.046-0400] {processor.py:925} INFO - DAG(s) 'example_short_circuit_decorator' retrieved from /home/patrick/.cache/pypoetry/virtualenvs/airflow-wPbgcfzP-py3.10/lib/python3.10/site-packages/airflow/example_dags/example_short_circuit_decorator.py
[2024-10-05T13:39:17.602-0400] {logging_mixin.py:190} INFO - [2024-10-05T13:39:17.602-0400] {dag.py:3239} INFO - Sync 1 DAGs
[2024-10-05T13:39:17.670-0400] {logging_mixin.py:190} INFO - [2024-10-05T13:39:17.670-0400] {dag.py:4180} INFO - Setting next_dagrun for example_short_circuit_decorator to None, run_after=None
[2024-10-05T13:39:18.364-0400] {processor.py:208} INFO - Processing /home/patrick/.cache/pypoetry/virtualenvs/airflow-wPbgcfzP-py3.10/lib/python3.10/site-packages/airflow/example_dags/example_short_circuit_decorator.py took 5.329 seconds
[2024-10-05T13:41:34.083-0400] {processor.py:186} INFO - Started process (PID=4536) to work on /home/patrick/.cache/pypoetry/virtualenvs/airflow-wPbgcfzP-py3.10/lib/python3.10/site-packages/airflow/example_dags/example_short_circuit_decorator.py
[2024-10-05T13:41:34.084-0400] {processor.py:914} INFO - Processing file /home/patrick/.cache/pypoetry/virtualenvs/airflow-wPbgcfzP-py3.10/lib/python3.10/site-packages/airflow/example_dags/example_short_circuit_decorator.py for tasks to queue
[2024-10-05T13:41:34.086-0400] {logging_mixin.py:190} INFO - [2024-10-05T13:41:34.086-0400] {dagbag.py:588} INFO - Filling up the DagBag from /home/patrick/.cache/pypoetry/virtualenvs/airflow-wPbgcfzP-py3.10/lib/python3.10/site-packages/airflow/example_dags/example_short_circuit_decorator.py
[2024-10-05T13:41:34.093-0400] {processor.py:925} INFO - DAG(s) 'example_short_circuit_decorator' retrieved from /home/patrick/.cache/pypoetry/virtualenvs/airflow-wPbgcfzP-py3.10/lib/python3.10/site-packages/airflow/example_dags/example_short_circuit_decorator.py
[2024-10-05T13:41:36.950-0400] {logging_mixin.py:190} INFO - [2024-10-05T13:41:36.949-0400] {dag.py:3239} INFO - Sync 1 DAGs
[2024-10-05T13:41:37.067-0400] {logging_mixin.py:190} INFO - [2024-10-05T13:41:37.067-0400] {dag.py:4180} INFO - Setting next_dagrun for example_short_circuit_decorator to None, run_after=None
[2024-10-05T13:41:37.782-0400] {processor.py:208} INFO - Processing /home/patrick/.cache/pypoetry/virtualenvs/airflow-wPbgcfzP-py3.10/lib/python3.10/site-packages/airflow/example_dags/example_short_circuit_decorator.py took 3.705 seconds
[2024-10-05T13:43:56.991-0400] {processor.py:186} INFO - Started process (PID=5154) to work on /home/patrick/.cache/pypoetry/virtualenvs/airflow-wPbgcfzP-py3.10/lib/python3.10/site-packages/airflow/example_dags/example_short_circuit_decorator.py
[2024-10-05T13:43:56.992-0400] {processor.py:914} INFO - Processing file /home/patrick/.cache/pypoetry/virtualenvs/airflow-wPbgcfzP-py3.10/lib/python3.10/site-packages/airflow/example_dags/example_short_circuit_decorator.py for tasks to queue
[2024-10-05T13:43:56.993-0400] {logging_mixin.py:190} INFO - [2024-10-05T13:43:56.993-0400] {dagbag.py:588} INFO - Filling up the DagBag from /home/patrick/.cache/pypoetry/virtualenvs/airflow-wPbgcfzP-py3.10/lib/python3.10/site-packages/airflow/example_dags/example_short_circuit_decorator.py
[2024-10-05T13:43:56.998-0400] {processor.py:925} INFO - DAG(s) 'example_short_circuit_decorator' retrieved from /home/patrick/.cache/pypoetry/virtualenvs/airflow-wPbgcfzP-py3.10/lib/python3.10/site-packages/airflow/example_dags/example_short_circuit_decorator.py
[2024-10-05T13:43:59.603-0400] {logging_mixin.py:190} INFO - [2024-10-05T13:43:59.603-0400] {dag.py:3239} INFO - Sync 1 DAGs
[2024-10-05T13:44:00.007-0400] {logging_mixin.py:190} INFO - [2024-10-05T13:44:00.007-0400] {dag.py:4180} INFO - Setting next_dagrun for example_short_circuit_decorator to None, run_after=None
[2024-10-05T13:44:00.552-0400] {processor.py:208} INFO - Processing /home/patrick/.cache/pypoetry/virtualenvs/airflow-wPbgcfzP-py3.10/lib/python3.10/site-packages/airflow/example_dags/example_short_circuit_decorator.py took 3.565 seconds
[2024-10-05T13:45:43.885-0400] {processor.py:186} INFO - Started process (PID=5619) to work on /home/patrick/.cache/pypoetry/virtualenvs/airflow-wPbgcfzP-py3.10/lib/python3.10/site-packages/airflow/example_dags/example_short_circuit_decorator.py
[2024-10-05T13:45:43.886-0400] {processor.py:914} INFO - Processing file /home/patrick/.cache/pypoetry/virtualenvs/airflow-wPbgcfzP-py3.10/lib/python3.10/site-packages/airflow/example_dags/example_short_circuit_decorator.py for tasks to queue
[2024-10-05T13:45:43.887-0400] {logging_mixin.py:190} INFO - [2024-10-05T13:45:43.887-0400] {dagbag.py:588} INFO - Filling up the DagBag from /home/patrick/.cache/pypoetry/virtualenvs/airflow-wPbgcfzP-py3.10/lib/python3.10/site-packages/airflow/example_dags/example_short_circuit_decorator.py
[2024-10-05T13:45:43.892-0400] {processor.py:925} INFO - DAG(s) 'example_short_circuit_decorator' retrieved from /home/patrick/.cache/pypoetry/virtualenvs/airflow-wPbgcfzP-py3.10/lib/python3.10/site-packages/airflow/example_dags/example_short_circuit_decorator.py
[2024-10-05T13:45:47.446-0400] {logging_mixin.py:190} INFO - [2024-10-05T13:45:47.446-0400] {dag.py:3239} INFO - Sync 1 DAGs
[2024-10-05T13:45:47.547-0400] {logging_mixin.py:190} INFO - [2024-10-05T13:45:47.547-0400] {dag.py:4180} INFO - Setting next_dagrun for example_short_circuit_decorator to None, run_after=None
[2024-10-05T13:45:48.225-0400] {processor.py:208} INFO - Processing /home/patrick/.cache/pypoetry/virtualenvs/airflow-wPbgcfzP-py3.10/lib/python3.10/site-packages/airflow/example_dags/example_short_circuit_decorator.py took 4.344 seconds
[2024-10-05T13:47:23.070-0400] {processor.py:186} INFO - Started process (PID=6049) to work on /home/patrick/.cache/pypoetry/virtualenvs/airflow-wPbgcfzP-py3.10/lib/python3.10/site-packages/airflow/example_dags/example_short_circuit_decorator.py
[2024-10-05T13:47:23.070-0400] {processor.py:914} INFO - Processing file /home/patrick/.cache/pypoetry/virtualenvs/airflow-wPbgcfzP-py3.10/lib/python3.10/site-packages/airflow/example_dags/example_short_circuit_decorator.py for tasks to queue
[2024-10-05T13:47:23.072-0400] {logging_mixin.py:190} INFO - [2024-10-05T13:47:23.071-0400] {dagbag.py:588} INFO - Filling up the DagBag from /home/patrick/.cache/pypoetry/virtualenvs/airflow-wPbgcfzP-py3.10/lib/python3.10/site-packages/airflow/example_dags/example_short_circuit_decorator.py
[2024-10-05T13:47:23.077-0400] {processor.py:925} INFO - DAG(s) 'example_short_circuit_decorator' retrieved from /home/patrick/.cache/pypoetry/virtualenvs/airflow-wPbgcfzP-py3.10/lib/python3.10/site-packages/airflow/example_dags/example_short_circuit_decorator.py
[2024-10-05T13:47:24.789-0400] {logging_mixin.py:190} INFO - [2024-10-05T13:47:24.789-0400] {dag.py:3239} INFO - Sync 1 DAGs
[2024-10-05T13:47:24.886-0400] {logging_mixin.py:190} INFO - [2024-10-05T13:47:24.886-0400] {dag.py:4180} INFO - Setting next_dagrun for example_short_circuit_decorator to None, run_after=None
[2024-10-05T13:47:25.552-0400] {processor.py:208} INFO - Processing /home/patrick/.cache/pypoetry/virtualenvs/airflow-wPbgcfzP-py3.10/lib/python3.10/site-packages/airflow/example_dags/example_short_circuit_decorator.py took 2.486 seconds
[2024-10-05T13:49:41.616-0400] {processor.py:186} INFO - Started process (PID=6641) to work on /home/patrick/.cache/pypoetry/virtualenvs/airflow-wPbgcfzP-py3.10/lib/python3.10/site-packages/airflow/example_dags/example_short_circuit_decorator.py
[2024-10-05T13:49:41.617-0400] {processor.py:914} INFO - Processing file /home/patrick/.cache/pypoetry/virtualenvs/airflow-wPbgcfzP-py3.10/lib/python3.10/site-packages/airflow/example_dags/example_short_circuit_decorator.py for tasks to queue
[2024-10-05T13:49:41.619-0400] {logging_mixin.py:190} INFO - [2024-10-05T13:49:41.619-0400] {dagbag.py:588} INFO - Filling up the DagBag from /home/patrick/.cache/pypoetry/virtualenvs/airflow-wPbgcfzP-py3.10/lib/python3.10/site-packages/airflow/example_dags/example_short_circuit_decorator.py
[2024-10-05T13:49:41.625-0400] {processor.py:925} INFO - DAG(s) 'example_short_circuit_decorator' retrieved from /home/patrick/.cache/pypoetry/virtualenvs/airflow-wPbgcfzP-py3.10/lib/python3.10/site-packages/airflow/example_dags/example_short_circuit_decorator.py
[2024-10-05T13:49:42.770-0400] {logging_mixin.py:190} INFO - [2024-10-05T13:49:42.769-0400] {dag.py:3239} INFO - Sync 1 DAGs
[2024-10-05T13:49:42.818-0400] {logging_mixin.py:190} INFO - [2024-10-05T13:49:42.818-0400] {dag.py:4180} INFO - Setting next_dagrun for example_short_circuit_decorator to None, run_after=None
[2024-10-05T13:49:43.418-0400] {processor.py:208} INFO - Processing /home/patrick/.cache/pypoetry/virtualenvs/airflow-wPbgcfzP-py3.10/lib/python3.10/site-packages/airflow/example_dags/example_short_circuit_decorator.py took 1.806 seconds
[2024-10-05T13:51:46.149-0400] {processor.py:186} INFO - Started process (PID=7247) to work on /home/patrick/.cache/pypoetry/virtualenvs/airflow-wPbgcfzP-py3.10/lib/python3.10/site-packages/airflow/example_dags/example_short_circuit_decorator.py
[2024-10-05T13:51:46.150-0400] {processor.py:914} INFO - Processing file /home/patrick/.cache/pypoetry/virtualenvs/airflow-wPbgcfzP-py3.10/lib/python3.10/site-packages/airflow/example_dags/example_short_circuit_decorator.py for tasks to queue
[2024-10-05T13:51:46.151-0400] {logging_mixin.py:190} INFO - [2024-10-05T13:51:46.151-0400] {dagbag.py:588} INFO - Filling up the DagBag from /home/patrick/.cache/pypoetry/virtualenvs/airflow-wPbgcfzP-py3.10/lib/python3.10/site-packages/airflow/example_dags/example_short_circuit_decorator.py
[2024-10-05T13:51:46.156-0400] {processor.py:925} INFO - DAG(s) 'example_short_circuit_decorator' retrieved from /home/patrick/.cache/pypoetry/virtualenvs/airflow-wPbgcfzP-py3.10/lib/python3.10/site-packages/airflow/example_dags/example_short_circuit_decorator.py
[2024-10-05T13:51:48.271-0400] {logging_mixin.py:190} INFO - [2024-10-05T13:51:48.271-0400] {dag.py:3239} INFO - Sync 1 DAGs
[2024-10-05T13:51:48.400-0400] {logging_mixin.py:190} INFO - [2024-10-05T13:51:48.400-0400] {dag.py:4180} INFO - Setting next_dagrun for example_short_circuit_decorator to None, run_after=None
[2024-10-05T13:51:49.199-0400] {processor.py:208} INFO - Processing /home/patrick/.cache/pypoetry/virtualenvs/airflow-wPbgcfzP-py3.10/lib/python3.10/site-packages/airflow/example_dags/example_short_circuit_decorator.py took 3.053 seconds
