[2024-10-05T13:29:10.041-0400] {processor.py:186} INFO - Started process (PID=1149) to work on /home/patrick/.cache/pypoetry/virtualenvs/airflow-wPbgcfzP-py3.10/lib/python3.10/site-packages/airflow/example_dags/example_python_operator.py
[2024-10-05T13:29:10.042-0400] {processor.py:914} INFO - Processing file /home/patrick/.cache/pypoetry/virtualenvs/airflow-wPbgcfzP-py3.10/lib/python3.10/site-packages/airflow/example_dags/example_python_operator.py for tasks to queue
[2024-10-05T13:29:10.044-0400] {logging_mixin.py:190} INFO - [2024-10-05T13:29:10.044-0400] {dagbag.py:588} INFO - Filling up the DagBag from /home/patrick/.cache/pypoetry/virtualenvs/airflow-wPbgcfzP-py3.10/lib/python3.10/site-packages/airflow/example_dags/example_python_operator.py
[2024-10-05T13:29:10.388-0400] {logging_mixin.py:190} INFO - [2024-10-05T13:29:10.387-0400] {example_python_operator.py:93} WARNING - The virtalenv_python example task requires virtualenv, please install it.
[2024-10-05T13:29:10.390-0400] {processor.py:925} INFO - DAG(s) 'example_python_operator' retrieved from /home/patrick/.cache/pypoetry/virtualenvs/airflow-wPbgcfzP-py3.10/lib/python3.10/site-packages/airflow/example_dags/example_python_operator.py
[2024-10-05T13:29:16.211-0400] {logging_mixin.py:190} INFO - [2024-10-05T13:29:16.211-0400] {dag.py:3239} INFO - Sync 1 DAGs
[2024-10-05T13:29:16.415-0400] {logging_mixin.py:190} INFO - [2024-10-05T13:29:16.415-0400] {dag.py:4180} INFO - Setting next_dagrun for example_python_operator to None, run_after=None
[2024-10-05T13:29:16.982-0400] {processor.py:208} INFO - Processing /home/patrick/.cache/pypoetry/virtualenvs/airflow-wPbgcfzP-py3.10/lib/python3.10/site-packages/airflow/example_dags/example_python_operator.py took 6.944 seconds
[2024-10-05T13:33:48.744-0400] {processor.py:186} INFO - Started process (PID=2409) to work on /home/patrick/.cache/pypoetry/virtualenvs/airflow-wPbgcfzP-py3.10/lib/python3.10/site-packages/airflow/example_dags/example_python_operator.py
[2024-10-05T13:33:48.745-0400] {processor.py:914} INFO - Processing file /home/patrick/.cache/pypoetry/virtualenvs/airflow-wPbgcfzP-py3.10/lib/python3.10/site-packages/airflow/example_dags/example_python_operator.py for tasks to queue
[2024-10-05T13:33:48.746-0400] {logging_mixin.py:190} INFO - [2024-10-05T13:33:48.746-0400] {dagbag.py:588} INFO - Filling up the DagBag from /home/patrick/.cache/pypoetry/virtualenvs/airflow-wPbgcfzP-py3.10/lib/python3.10/site-packages/airflow/example_dags/example_python_operator.py
[2024-10-05T13:33:48.808-0400] {logging_mixin.py:190} INFO - [2024-10-05T13:33:48.808-0400] {example_python_operator.py:93} WARNING - The virtalenv_python example task requires virtualenv, please install it.
[2024-10-05T13:33:48.810-0400] {processor.py:925} INFO - DAG(s) 'example_python_operator' retrieved from /home/patrick/.cache/pypoetry/virtualenvs/airflow-wPbgcfzP-py3.10/lib/python3.10/site-packages/airflow/example_dags/example_python_operator.py
[2024-10-05T13:33:53.434-0400] {logging_mixin.py:190} INFO - [2024-10-05T13:33:53.434-0400] {dag.py:3239} INFO - Sync 1 DAGs
[2024-10-05T13:33:53.631-0400] {logging_mixin.py:190} INFO - [2024-10-05T13:33:53.631-0400] {dag.py:4180} INFO - Setting next_dagrun for example_python_operator to None, run_after=None
[2024-10-05T13:33:54.216-0400] {processor.py:208} INFO - Processing /home/patrick/.cache/pypoetry/virtualenvs/airflow-wPbgcfzP-py3.10/lib/python3.10/site-packages/airflow/example_dags/example_python_operator.py took 5.477 seconds
[2024-10-05T13:36:51.723-0400] {processor.py:186} INFO - Started process (PID=3300) to work on /home/patrick/.cache/pypoetry/virtualenvs/airflow-wPbgcfzP-py3.10/lib/python3.10/site-packages/airflow/example_dags/example_python_operator.py
[2024-10-05T13:36:51.724-0400] {processor.py:914} INFO - Processing file /home/patrick/.cache/pypoetry/virtualenvs/airflow-wPbgcfzP-py3.10/lib/python3.10/site-packages/airflow/example_dags/example_python_operator.py for tasks to queue
[2024-10-05T13:36:51.725-0400] {logging_mixin.py:190} INFO - [2024-10-05T13:36:51.725-0400] {dagbag.py:588} INFO - Filling up the DagBag from /home/patrick/.cache/pypoetry/virtualenvs/airflow-wPbgcfzP-py3.10/lib/python3.10/site-packages/airflow/example_dags/example_python_operator.py
[2024-10-05T13:36:51.787-0400] {logging_mixin.py:190} INFO - [2024-10-05T13:36:51.787-0400] {example_python_operator.py:93} WARNING - The virtalenv_python example task requires virtualenv, please install it.
[2024-10-05T13:36:51.789-0400] {processor.py:925} INFO - DAG(s) 'example_python_operator' retrieved from /home/patrick/.cache/pypoetry/virtualenvs/airflow-wPbgcfzP-py3.10/lib/python3.10/site-packages/airflow/example_dags/example_python_operator.py
[2024-10-05T13:36:56.489-0400] {logging_mixin.py:190} INFO - [2024-10-05T13:36:56.489-0400] {dag.py:3239} INFO - Sync 1 DAGs
[2024-10-05T13:36:56.567-0400] {logging_mixin.py:190} INFO - [2024-10-05T13:36:56.567-0400] {dag.py:4180} INFO - Setting next_dagrun for example_python_operator to None, run_after=None
[2024-10-05T13:36:57.152-0400] {processor.py:208} INFO - Processing /home/patrick/.cache/pypoetry/virtualenvs/airflow-wPbgcfzP-py3.10/lib/python3.10/site-packages/airflow/example_dags/example_python_operator.py took 5.432 seconds
[2024-10-05T13:39:19.225-0400] {processor.py:186} INFO - Started process (PID=3964) to work on /home/patrick/.cache/pypoetry/virtualenvs/airflow-wPbgcfzP-py3.10/lib/python3.10/site-packages/airflow/example_dags/example_python_operator.py
[2024-10-05T13:39:19.225-0400] {processor.py:914} INFO - Processing file /home/patrick/.cache/pypoetry/virtualenvs/airflow-wPbgcfzP-py3.10/lib/python3.10/site-packages/airflow/example_dags/example_python_operator.py for tasks to queue
[2024-10-05T13:39:19.226-0400] {logging_mixin.py:190} INFO - [2024-10-05T13:39:19.226-0400] {dagbag.py:588} INFO - Filling up the DagBag from /home/patrick/.cache/pypoetry/virtualenvs/airflow-wPbgcfzP-py3.10/lib/python3.10/site-packages/airflow/example_dags/example_python_operator.py
[2024-10-05T13:39:19.295-0400] {logging_mixin.py:190} INFO - [2024-10-05T13:39:19.295-0400] {example_python_operator.py:93} WARNING - The virtalenv_python example task requires virtualenv, please install it.
[2024-10-05T13:39:19.297-0400] {processor.py:925} INFO - DAG(s) 'example_python_operator' retrieved from /home/patrick/.cache/pypoetry/virtualenvs/airflow-wPbgcfzP-py3.10/lib/python3.10/site-packages/airflow/example_dags/example_python_operator.py
[2024-10-05T13:39:24.215-0400] {logging_mixin.py:190} INFO - [2024-10-05T13:39:24.215-0400] {dag.py:3239} INFO - Sync 1 DAGs
[2024-10-05T13:39:24.422-0400] {logging_mixin.py:190} INFO - [2024-10-05T13:39:24.422-0400] {dag.py:4180} INFO - Setting next_dagrun for example_python_operator to None, run_after=None
[2024-10-05T13:39:25.269-0400] {processor.py:208} INFO - Processing /home/patrick/.cache/pypoetry/virtualenvs/airflow-wPbgcfzP-py3.10/lib/python3.10/site-packages/airflow/example_dags/example_python_operator.py took 6.048 seconds
[2024-10-05T13:41:42.283-0400] {processor.py:186} INFO - Started process (PID=4575) to work on /home/patrick/.cache/pypoetry/virtualenvs/airflow-wPbgcfzP-py3.10/lib/python3.10/site-packages/airflow/example_dags/example_python_operator.py
[2024-10-05T13:41:42.284-0400] {processor.py:914} INFO - Processing file /home/patrick/.cache/pypoetry/virtualenvs/airflow-wPbgcfzP-py3.10/lib/python3.10/site-packages/airflow/example_dags/example_python_operator.py for tasks to queue
[2024-10-05T13:41:42.285-0400] {logging_mixin.py:190} INFO - [2024-10-05T13:41:42.285-0400] {dagbag.py:588} INFO - Filling up the DagBag from /home/patrick/.cache/pypoetry/virtualenvs/airflow-wPbgcfzP-py3.10/lib/python3.10/site-packages/airflow/example_dags/example_python_operator.py
[2024-10-05T13:41:42.325-0400] {logging_mixin.py:190} INFO - [2024-10-05T13:41:42.325-0400] {example_python_operator.py:93} WARNING - The virtalenv_python example task requires virtualenv, please install it.
[2024-10-05T13:41:42.327-0400] {processor.py:925} INFO - DAG(s) 'example_python_operator' retrieved from /home/patrick/.cache/pypoetry/virtualenvs/airflow-wPbgcfzP-py3.10/lib/python3.10/site-packages/airflow/example_dags/example_python_operator.py
[2024-10-05T13:41:44.917-0400] {logging_mixin.py:190} INFO - [2024-10-05T13:41:44.916-0400] {dag.py:3239} INFO - Sync 1 DAGs
[2024-10-05T13:41:45.177-0400] {logging_mixin.py:190} INFO - [2024-10-05T13:41:45.177-0400] {dag.py:4180} INFO - Setting next_dagrun for example_python_operator to None, run_after=None
[2024-10-05T13:41:45.874-0400] {processor.py:208} INFO - Processing /home/patrick/.cache/pypoetry/virtualenvs/airflow-wPbgcfzP-py3.10/lib/python3.10/site-packages/airflow/example_dags/example_python_operator.py took 3.595 seconds
[2024-10-05T13:44:02.180-0400] {processor.py:186} INFO - Started process (PID=5177) to work on /home/patrick/.cache/pypoetry/virtualenvs/airflow-wPbgcfzP-py3.10/lib/python3.10/site-packages/airflow/example_dags/example_python_operator.py
[2024-10-05T13:44:02.181-0400] {processor.py:914} INFO - Processing file /home/patrick/.cache/pypoetry/virtualenvs/airflow-wPbgcfzP-py3.10/lib/python3.10/site-packages/airflow/example_dags/example_python_operator.py for tasks to queue
[2024-10-05T13:44:02.182-0400] {logging_mixin.py:190} INFO - [2024-10-05T13:44:02.182-0400] {dagbag.py:588} INFO - Filling up the DagBag from /home/patrick/.cache/pypoetry/virtualenvs/airflow-wPbgcfzP-py3.10/lib/python3.10/site-packages/airflow/example_dags/example_python_operator.py
[2024-10-05T13:44:02.240-0400] {logging_mixin.py:190} INFO - [2024-10-05T13:44:02.240-0400] {example_python_operator.py:93} WARNING - The virtalenv_python example task requires virtualenv, please install it.
[2024-10-05T13:44:02.241-0400] {processor.py:925} INFO - DAG(s) 'example_python_operator' retrieved from /home/patrick/.cache/pypoetry/virtualenvs/airflow-wPbgcfzP-py3.10/lib/python3.10/site-packages/airflow/example_dags/example_python_operator.py
[2024-10-05T13:44:05.163-0400] {logging_mixin.py:190} INFO - [2024-10-05T13:44:05.162-0400] {dag.py:3239} INFO - Sync 1 DAGs
[2024-10-05T13:44:05.441-0400] {logging_mixin.py:190} INFO - [2024-10-05T13:44:05.441-0400] {dag.py:4180} INFO - Setting next_dagrun for example_python_operator to None, run_after=None
[2024-10-05T13:44:06.271-0400] {processor.py:208} INFO - Processing /home/patrick/.cache/pypoetry/virtualenvs/airflow-wPbgcfzP-py3.10/lib/python3.10/site-packages/airflow/example_dags/example_python_operator.py took 4.094 seconds
[2024-10-05T13:45:53.279-0400] {processor.py:186} INFO - Started process (PID=5659) to work on /home/patrick/.cache/pypoetry/virtualenvs/airflow-wPbgcfzP-py3.10/lib/python3.10/site-packages/airflow/example_dags/example_python_operator.py
[2024-10-05T13:45:53.280-0400] {processor.py:914} INFO - Processing file /home/patrick/.cache/pypoetry/virtualenvs/airflow-wPbgcfzP-py3.10/lib/python3.10/site-packages/airflow/example_dags/example_python_operator.py for tasks to queue
[2024-10-05T13:45:53.282-0400] {logging_mixin.py:190} INFO - [2024-10-05T13:45:53.281-0400] {dagbag.py:588} INFO - Filling up the DagBag from /home/patrick/.cache/pypoetry/virtualenvs/airflow-wPbgcfzP-py3.10/lib/python3.10/site-packages/airflow/example_dags/example_python_operator.py
[2024-10-05T13:45:53.332-0400] {logging_mixin.py:190} INFO - [2024-10-05T13:45:53.332-0400] {example_python_operator.py:93} WARNING - The virtalenv_python example task requires virtualenv, please install it.
[2024-10-05T13:45:53.333-0400] {processor.py:925} INFO - DAG(s) 'example_python_operator' retrieved from /home/patrick/.cache/pypoetry/virtualenvs/airflow-wPbgcfzP-py3.10/lib/python3.10/site-packages/airflow/example_dags/example_python_operator.py
[2024-10-05T13:45:55.619-0400] {logging_mixin.py:190} INFO - [2024-10-05T13:45:55.619-0400] {dag.py:3239} INFO - Sync 1 DAGs
[2024-10-05T13:45:55.758-0400] {logging_mixin.py:190} INFO - [2024-10-05T13:45:55.758-0400] {dag.py:4180} INFO - Setting next_dagrun for example_python_operator to None, run_after=None
[2024-10-05T13:45:56.329-0400] {processor.py:208} INFO - Processing /home/patrick/.cache/pypoetry/virtualenvs/airflow-wPbgcfzP-py3.10/lib/python3.10/site-packages/airflow/example_dags/example_python_operator.py took 3.053 seconds
[2024-10-05T13:47:30.201-0400] {processor.py:186} INFO - Started process (PID=6080) to work on /home/patrick/.cache/pypoetry/virtualenvs/airflow-wPbgcfzP-py3.10/lib/python3.10/site-packages/airflow/example_dags/example_python_operator.py
[2024-10-05T13:47:30.202-0400] {processor.py:914} INFO - Processing file /home/patrick/.cache/pypoetry/virtualenvs/airflow-wPbgcfzP-py3.10/lib/python3.10/site-packages/airflow/example_dags/example_python_operator.py for tasks to queue
[2024-10-05T13:47:30.203-0400] {logging_mixin.py:190} INFO - [2024-10-05T13:47:30.203-0400] {dagbag.py:588} INFO - Filling up the DagBag from /home/patrick/.cache/pypoetry/virtualenvs/airflow-wPbgcfzP-py3.10/lib/python3.10/site-packages/airflow/example_dags/example_python_operator.py
[2024-10-05T13:47:30.254-0400] {logging_mixin.py:190} INFO - [2024-10-05T13:47:30.254-0400] {example_python_operator.py:93} WARNING - The virtalenv_python example task requires virtualenv, please install it.
[2024-10-05T13:47:30.256-0400] {processor.py:925} INFO - DAG(s) 'example_python_operator' retrieved from /home/patrick/.cache/pypoetry/virtualenvs/airflow-wPbgcfzP-py3.10/lib/python3.10/site-packages/airflow/example_dags/example_python_operator.py
[2024-10-05T13:47:33.578-0400] {logging_mixin.py:190} INFO - [2024-10-05T13:47:33.578-0400] {dag.py:3239} INFO - Sync 1 DAGs
[2024-10-05T13:47:33.649-0400] {logging_mixin.py:190} INFO - [2024-10-05T13:47:33.649-0400] {dag.py:4180} INFO - Setting next_dagrun for example_python_operator to None, run_after=None
[2024-10-05T13:47:34.227-0400] {processor.py:208} INFO - Processing /home/patrick/.cache/pypoetry/virtualenvs/airflow-wPbgcfzP-py3.10/lib/python3.10/site-packages/airflow/example_dags/example_python_operator.py took 4.030 seconds
[2024-10-05T13:49:45.640-0400] {processor.py:186} INFO - Started process (PID=6660) to work on /home/patrick/.cache/pypoetry/virtualenvs/airflow-wPbgcfzP-py3.10/lib/python3.10/site-packages/airflow/example_dags/example_python_operator.py
[2024-10-05T13:49:45.641-0400] {processor.py:914} INFO - Processing file /home/patrick/.cache/pypoetry/virtualenvs/airflow-wPbgcfzP-py3.10/lib/python3.10/site-packages/airflow/example_dags/example_python_operator.py for tasks to queue
[2024-10-05T13:49:45.642-0400] {logging_mixin.py:190} INFO - [2024-10-05T13:49:45.642-0400] {dagbag.py:588} INFO - Filling up the DagBag from /home/patrick/.cache/pypoetry/virtualenvs/airflow-wPbgcfzP-py3.10/lib/python3.10/site-packages/airflow/example_dags/example_python_operator.py
[2024-10-05T13:49:45.782-0400] {logging_mixin.py:190} INFO - [2024-10-05T13:49:45.782-0400] {example_python_operator.py:93} WARNING - The virtalenv_python example task requires virtualenv, please install it.
[2024-10-05T13:49:45.785-0400] {processor.py:925} INFO - DAG(s) 'example_python_operator' retrieved from /home/patrick/.cache/pypoetry/virtualenvs/airflow-wPbgcfzP-py3.10/lib/python3.10/site-packages/airflow/example_dags/example_python_operator.py
[2024-10-05T13:49:48.073-0400] {logging_mixin.py:190} INFO - [2024-10-05T13:49:48.072-0400] {dag.py:3239} INFO - Sync 1 DAGs
[2024-10-05T13:49:48.141-0400] {logging_mixin.py:190} INFO - [2024-10-05T13:49:48.141-0400] {dag.py:4180} INFO - Setting next_dagrun for example_python_operator to None, run_after=None
[2024-10-05T13:49:48.774-0400] {processor.py:208} INFO - Processing /home/patrick/.cache/pypoetry/virtualenvs/airflow-wPbgcfzP-py3.10/lib/python3.10/site-packages/airflow/example_dags/example_python_operator.py took 3.139 seconds
[2024-10-05T13:51:52.285-0400] {processor.py:186} INFO - Started process (PID=7274) to work on /home/patrick/.cache/pypoetry/virtualenvs/airflow-wPbgcfzP-py3.10/lib/python3.10/site-packages/airflow/example_dags/example_python_operator.py
[2024-10-05T13:51:52.286-0400] {processor.py:914} INFO - Processing file /home/patrick/.cache/pypoetry/virtualenvs/airflow-wPbgcfzP-py3.10/lib/python3.10/site-packages/airflow/example_dags/example_python_operator.py for tasks to queue
[2024-10-05T13:51:52.287-0400] {logging_mixin.py:190} INFO - [2024-10-05T13:51:52.287-0400] {dagbag.py:588} INFO - Filling up the DagBag from /home/patrick/.cache/pypoetry/virtualenvs/airflow-wPbgcfzP-py3.10/lib/python3.10/site-packages/airflow/example_dags/example_python_operator.py
[2024-10-05T13:51:52.342-0400] {logging_mixin.py:190} INFO - [2024-10-05T13:51:52.342-0400] {example_python_operator.py:93} WARNING - The virtalenv_python example task requires virtualenv, please install it.
[2024-10-05T13:51:52.344-0400] {processor.py:925} INFO - DAG(s) 'example_python_operator' retrieved from /home/patrick/.cache/pypoetry/virtualenvs/airflow-wPbgcfzP-py3.10/lib/python3.10/site-packages/airflow/example_dags/example_python_operator.py
[2024-10-05T13:51:53.568-0400] {logging_mixin.py:190} INFO - [2024-10-05T13:51:53.567-0400] {dag.py:3239} INFO - Sync 1 DAGs
[2024-10-05T13:51:53.638-0400] {logging_mixin.py:190} INFO - [2024-10-05T13:51:53.638-0400] {dag.py:4180} INFO - Setting next_dagrun for example_python_operator to None, run_after=None
[2024-10-05T13:51:54.164-0400] {processor.py:208} INFO - Processing /home/patrick/.cache/pypoetry/virtualenvs/airflow-wPbgcfzP-py3.10/lib/python3.10/site-packages/airflow/example_dags/example_python_operator.py took 1.882 seconds
