[2024-10-05T13:27:46.366-0400] {processor.py:186} INFO - Started process (PID=778) to work on /home/patrick/.cache/pypoetry/virtualenvs/airflow-wPbgcfzP-py3.10/lib/python3.10/site-packages/airflow/example_dags/example_short_circuit_operator.py
[2024-10-05T13:27:46.367-0400] {processor.py:914} INFO - Processing file /home/patrick/.cache/pypoetry/virtualenvs/airflow-wPbgcfzP-py3.10/lib/python3.10/site-packages/airflow/example_dags/example_short_circuit_operator.py for tasks to queue
[2024-10-05T13:27:46.370-0400] {logging_mixin.py:190} INFO - [2024-10-05T13:27:46.370-0400] {dagbag.py:588} INFO - Filling up the DagBag from /home/patrick/.cache/pypoetry/virtualenvs/airflow-wPbgcfzP-py3.10/lib/python3.10/site-packages/airflow/example_dags/example_short_circuit_operator.py
[2024-10-05T13:27:46.378-0400] {processor.py:925} INFO - DAG(s) 'example_short_circuit_operator' retrieved from /home/patrick/.cache/pypoetry/virtualenvs/airflow-wPbgcfzP-py3.10/lib/python3.10/site-packages/airflow/example_dags/example_short_circuit_operator.py
[2024-10-05T13:27:53.681-0400] {logging_mixin.py:190} INFO - [2024-10-05T13:27:53.681-0400] {dag.py:3239} INFO - Sync 1 DAGs
[2024-10-05T13:27:53.829-0400] {logging_mixin.py:190} INFO - [2024-10-05T13:27:53.829-0400] {dag.py:4180} INFO - Setting next_dagrun for example_short_circuit_operator to None, run_after=None
[2024-10-05T13:27:54.657-0400] {processor.py:208} INFO - Processing /home/patrick/.cache/pypoetry/virtualenvs/airflow-wPbgcfzP-py3.10/lib/python3.10/site-packages/airflow/example_dags/example_short_circuit_operator.py took 8.294 seconds
[2024-10-05T13:32:54.606-0400] {processor.py:186} INFO - Started process (PID=2161) to work on /home/patrick/.cache/pypoetry/virtualenvs/airflow-wPbgcfzP-py3.10/lib/python3.10/site-packages/airflow/example_dags/example_short_circuit_operator.py
[2024-10-05T13:32:54.607-0400] {processor.py:914} INFO - Processing file /home/patrick/.cache/pypoetry/virtualenvs/airflow-wPbgcfzP-py3.10/lib/python3.10/site-packages/airflow/example_dags/example_short_circuit_operator.py for tasks to queue
[2024-10-05T13:32:54.609-0400] {logging_mixin.py:190} INFO - [2024-10-05T13:32:54.609-0400] {dagbag.py:588} INFO - Filling up the DagBag from /home/patrick/.cache/pypoetry/virtualenvs/airflow-wPbgcfzP-py3.10/lib/python3.10/site-packages/airflow/example_dags/example_short_circuit_operator.py
[2024-10-05T13:32:54.615-0400] {processor.py:925} INFO - DAG(s) 'example_short_circuit_operator' retrieved from /home/patrick/.cache/pypoetry/virtualenvs/airflow-wPbgcfzP-py3.10/lib/python3.10/site-packages/airflow/example_dags/example_short_circuit_operator.py
[2024-10-05T13:32:56.312-0400] {logging_mixin.py:190} INFO - [2024-10-05T13:32:56.312-0400] {dag.py:3239} INFO - Sync 1 DAGs
[2024-10-05T13:32:56.427-0400] {logging_mixin.py:190} INFO - [2024-10-05T13:32:56.427-0400] {dag.py:4180} INFO - Setting next_dagrun for example_short_circuit_operator to None, run_after=None
[2024-10-05T13:32:57.157-0400] {processor.py:208} INFO - Processing /home/patrick/.cache/pypoetry/virtualenvs/airflow-wPbgcfzP-py3.10/lib/python3.10/site-packages/airflow/example_dags/example_short_circuit_operator.py took 2.555 seconds
[2024-10-05T13:35:37.480-0400] {processor.py:186} INFO - Started process (PID=2896) to work on /home/patrick/.cache/pypoetry/virtualenvs/airflow-wPbgcfzP-py3.10/lib/python3.10/site-packages/airflow/example_dags/example_short_circuit_operator.py
[2024-10-05T13:35:37.481-0400] {processor.py:914} INFO - Processing file /home/patrick/.cache/pypoetry/virtualenvs/airflow-wPbgcfzP-py3.10/lib/python3.10/site-packages/airflow/example_dags/example_short_circuit_operator.py for tasks to queue
[2024-10-05T13:35:37.483-0400] {logging_mixin.py:190} INFO - [2024-10-05T13:35:37.482-0400] {dagbag.py:588} INFO - Filling up the DagBag from /home/patrick/.cache/pypoetry/virtualenvs/airflow-wPbgcfzP-py3.10/lib/python3.10/site-packages/airflow/example_dags/example_short_circuit_operator.py
[2024-10-05T13:35:37.487-0400] {processor.py:925} INFO - DAG(s) 'example_short_circuit_operator' retrieved from /home/patrick/.cache/pypoetry/virtualenvs/airflow-wPbgcfzP-py3.10/lib/python3.10/site-packages/airflow/example_dags/example_short_circuit_operator.py
[2024-10-05T13:35:40.441-0400] {logging_mixin.py:190} INFO - [2024-10-05T13:35:40.441-0400] {dag.py:3239} INFO - Sync 1 DAGs
[2024-10-05T13:35:40.808-0400] {logging_mixin.py:190} INFO - [2024-10-05T13:35:40.807-0400] {dag.py:4180} INFO - Setting next_dagrun for example_short_circuit_operator to None, run_after=None
[2024-10-05T13:35:41.399-0400] {processor.py:208} INFO - Processing /home/patrick/.cache/pypoetry/virtualenvs/airflow-wPbgcfzP-py3.10/lib/python3.10/site-packages/airflow/example_dags/example_short_circuit_operator.py took 3.922 seconds
[2024-10-05T13:38:17.763-0400] {processor.py:186} INFO - Started process (PID=3682) to work on /home/patrick/.cache/pypoetry/virtualenvs/airflow-wPbgcfzP-py3.10/lib/python3.10/site-packages/airflow/example_dags/example_short_circuit_operator.py
[2024-10-05T13:38:17.764-0400] {processor.py:914} INFO - Processing file /home/patrick/.cache/pypoetry/virtualenvs/airflow-wPbgcfzP-py3.10/lib/python3.10/site-packages/airflow/example_dags/example_short_circuit_operator.py for tasks to queue
[2024-10-05T13:38:17.766-0400] {logging_mixin.py:190} INFO - [2024-10-05T13:38:17.765-0400] {dagbag.py:588} INFO - Filling up the DagBag from /home/patrick/.cache/pypoetry/virtualenvs/airflow-wPbgcfzP-py3.10/lib/python3.10/site-packages/airflow/example_dags/example_short_circuit_operator.py
[2024-10-05T13:38:17.771-0400] {processor.py:925} INFO - DAG(s) 'example_short_circuit_operator' retrieved from /home/patrick/.cache/pypoetry/virtualenvs/airflow-wPbgcfzP-py3.10/lib/python3.10/site-packages/airflow/example_dags/example_short_circuit_operator.py
[2024-10-05T13:38:29.544-0400] {logging_mixin.py:190} INFO - [2024-10-05T13:38:29.544-0400] {dag.py:3239} INFO - Sync 1 DAGs
[2024-10-05T13:38:29.898-0400] {logging_mixin.py:190} INFO - [2024-10-05T13:38:29.897-0400] {dag.py:4180} INFO - Setting next_dagrun for example_short_circuit_operator to None, run_after=None
[2024-10-05T13:38:30.745-0400] {processor.py:208} INFO - Processing /home/patrick/.cache/pypoetry/virtualenvs/airflow-wPbgcfzP-py3.10/lib/python3.10/site-packages/airflow/example_dags/example_short_circuit_operator.py took 12.986 seconds
[2024-10-05T13:41:01.728-0400] {processor.py:186} INFO - Started process (PID=4394) to work on /home/patrick/.cache/pypoetry/virtualenvs/airflow-wPbgcfzP-py3.10/lib/python3.10/site-packages/airflow/example_dags/example_short_circuit_operator.py
[2024-10-05T13:41:01.729-0400] {processor.py:914} INFO - Processing file /home/patrick/.cache/pypoetry/virtualenvs/airflow-wPbgcfzP-py3.10/lib/python3.10/site-packages/airflow/example_dags/example_short_circuit_operator.py for tasks to queue
[2024-10-05T13:41:01.730-0400] {logging_mixin.py:190} INFO - [2024-10-05T13:41:01.730-0400] {dagbag.py:588} INFO - Filling up the DagBag from /home/patrick/.cache/pypoetry/virtualenvs/airflow-wPbgcfzP-py3.10/lib/python3.10/site-packages/airflow/example_dags/example_short_circuit_operator.py
[2024-10-05T13:41:01.736-0400] {processor.py:925} INFO - DAG(s) 'example_short_circuit_operator' retrieved from /home/patrick/.cache/pypoetry/virtualenvs/airflow-wPbgcfzP-py3.10/lib/python3.10/site-packages/airflow/example_dags/example_short_circuit_operator.py
[2024-10-05T13:41:04.334-0400] {logging_mixin.py:190} INFO - [2024-10-05T13:41:04.334-0400] {dag.py:3239} INFO - Sync 1 DAGs
[2024-10-05T13:41:04.423-0400] {logging_mixin.py:190} INFO - [2024-10-05T13:41:04.423-0400] {dag.py:4180} INFO - Setting next_dagrun for example_short_circuit_operator to None, run_after=None
[2024-10-05T13:41:05.083-0400] {processor.py:208} INFO - Processing /home/patrick/.cache/pypoetry/virtualenvs/airflow-wPbgcfzP-py3.10/lib/python3.10/site-packages/airflow/example_dags/example_short_circuit_operator.py took 3.359 seconds
[2024-10-05T13:43:27.596-0400] {processor.py:186} INFO - Started process (PID=5023) to work on /home/patrick/.cache/pypoetry/virtualenvs/airflow-wPbgcfzP-py3.10/lib/python3.10/site-packages/airflow/example_dags/example_short_circuit_operator.py
[2024-10-05T13:43:27.597-0400] {processor.py:914} INFO - Processing file /home/patrick/.cache/pypoetry/virtualenvs/airflow-wPbgcfzP-py3.10/lib/python3.10/site-packages/airflow/example_dags/example_short_circuit_operator.py for tasks to queue
[2024-10-05T13:43:27.599-0400] {logging_mixin.py:190} INFO - [2024-10-05T13:43:27.599-0400] {dagbag.py:588} INFO - Filling up the DagBag from /home/patrick/.cache/pypoetry/virtualenvs/airflow-wPbgcfzP-py3.10/lib/python3.10/site-packages/airflow/example_dags/example_short_circuit_operator.py
[2024-10-05T13:43:27.603-0400] {processor.py:925} INFO - DAG(s) 'example_short_circuit_operator' retrieved from /home/patrick/.cache/pypoetry/virtualenvs/airflow-wPbgcfzP-py3.10/lib/python3.10/site-packages/airflow/example_dags/example_short_circuit_operator.py
[2024-10-05T13:43:29.607-0400] {logging_mixin.py:190} INFO - [2024-10-05T13:43:29.607-0400] {dag.py:3239} INFO - Sync 1 DAGs
[2024-10-05T13:43:29.688-0400] {logging_mixin.py:190} INFO - [2024-10-05T13:43:29.688-0400] {dag.py:4180} INFO - Setting next_dagrun for example_short_circuit_operator to None, run_after=None
[2024-10-05T13:43:30.276-0400] {processor.py:208} INFO - Processing /home/patrick/.cache/pypoetry/virtualenvs/airflow-wPbgcfzP-py3.10/lib/python3.10/site-packages/airflow/example_dags/example_short_circuit_operator.py took 2.682 seconds
[2024-10-05T13:45:13.503-0400] {processor.py:186} INFO - Started process (PID=5485) to work on /home/patrick/.cache/pypoetry/virtualenvs/airflow-wPbgcfzP-py3.10/lib/python3.10/site-packages/airflow/example_dags/example_short_circuit_operator.py
[2024-10-05T13:45:13.504-0400] {processor.py:914} INFO - Processing file /home/patrick/.cache/pypoetry/virtualenvs/airflow-wPbgcfzP-py3.10/lib/python3.10/site-packages/airflow/example_dags/example_short_circuit_operator.py for tasks to queue
[2024-10-05T13:45:13.515-0400] {logging_mixin.py:190} INFO - [2024-10-05T13:45:13.515-0400] {dagbag.py:588} INFO - Filling up the DagBag from /home/patrick/.cache/pypoetry/virtualenvs/airflow-wPbgcfzP-py3.10/lib/python3.10/site-packages/airflow/example_dags/example_short_circuit_operator.py
[2024-10-05T13:45:13.524-0400] {processor.py:925} INFO - DAG(s) 'example_short_circuit_operator' retrieved from /home/patrick/.cache/pypoetry/virtualenvs/airflow-wPbgcfzP-py3.10/lib/python3.10/site-packages/airflow/example_dags/example_short_circuit_operator.py
[2024-10-05T13:45:15.398-0400] {logging_mixin.py:190} INFO - [2024-10-05T13:45:15.398-0400] {dag.py:3239} INFO - Sync 1 DAGs
[2024-10-05T13:45:15.458-0400] {logging_mixin.py:190} INFO - [2024-10-05T13:45:15.458-0400] {dag.py:4180} INFO - Setting next_dagrun for example_short_circuit_operator to None, run_after=None
[2024-10-05T13:45:16.020-0400] {processor.py:208} INFO - Processing /home/patrick/.cache/pypoetry/virtualenvs/airflow-wPbgcfzP-py3.10/lib/python3.10/site-packages/airflow/example_dags/example_short_circuit_operator.py took 2.520 seconds
[2024-10-05T13:46:53.661-0400] {processor.py:186} INFO - Started process (PID=5918) to work on /home/patrick/.cache/pypoetry/virtualenvs/airflow-wPbgcfzP-py3.10/lib/python3.10/site-packages/airflow/example_dags/example_short_circuit_operator.py
[2024-10-05T13:46:53.661-0400] {processor.py:914} INFO - Processing file /home/patrick/.cache/pypoetry/virtualenvs/airflow-wPbgcfzP-py3.10/lib/python3.10/site-packages/airflow/example_dags/example_short_circuit_operator.py for tasks to queue
[2024-10-05T13:46:53.663-0400] {logging_mixin.py:190} INFO - [2024-10-05T13:46:53.663-0400] {dagbag.py:588} INFO - Filling up the DagBag from /home/patrick/.cache/pypoetry/virtualenvs/airflow-wPbgcfzP-py3.10/lib/python3.10/site-packages/airflow/example_dags/example_short_circuit_operator.py
[2024-10-05T13:46:53.667-0400] {processor.py:925} INFO - DAG(s) 'example_short_circuit_operator' retrieved from /home/patrick/.cache/pypoetry/virtualenvs/airflow-wPbgcfzP-py3.10/lib/python3.10/site-packages/airflow/example_dags/example_short_circuit_operator.py
[2024-10-05T13:46:55.813-0400] {logging_mixin.py:190} INFO - [2024-10-05T13:46:55.812-0400] {dag.py:3239} INFO - Sync 1 DAGs
[2024-10-05T13:46:55.974-0400] {logging_mixin.py:190} INFO - [2024-10-05T13:46:55.973-0400] {dag.py:4180} INFO - Setting next_dagrun for example_short_circuit_operator to None, run_after=None
[2024-10-05T13:46:56.739-0400] {processor.py:208} INFO - Processing /home/patrick/.cache/pypoetry/virtualenvs/airflow-wPbgcfzP-py3.10/lib/python3.10/site-packages/airflow/example_dags/example_short_circuit_operator.py took 3.082 seconds
[2024-10-05T13:49:04.520-0400] {processor.py:186} INFO - Started process (PID=6480) to work on /home/patrick/.cache/pypoetry/virtualenvs/airflow-wPbgcfzP-py3.10/lib/python3.10/site-packages/airflow/example_dags/example_short_circuit_operator.py
[2024-10-05T13:49:04.521-0400] {processor.py:914} INFO - Processing file /home/patrick/.cache/pypoetry/virtualenvs/airflow-wPbgcfzP-py3.10/lib/python3.10/site-packages/airflow/example_dags/example_short_circuit_operator.py for tasks to queue
[2024-10-05T13:49:04.522-0400] {logging_mixin.py:190} INFO - [2024-10-05T13:49:04.522-0400] {dagbag.py:588} INFO - Filling up the DagBag from /home/patrick/.cache/pypoetry/virtualenvs/airflow-wPbgcfzP-py3.10/lib/python3.10/site-packages/airflow/example_dags/example_short_circuit_operator.py
[2024-10-05T13:49:04.527-0400] {processor.py:925} INFO - DAG(s) 'example_short_circuit_operator' retrieved from /home/patrick/.cache/pypoetry/virtualenvs/airflow-wPbgcfzP-py3.10/lib/python3.10/site-packages/airflow/example_dags/example_short_circuit_operator.py
[2024-10-05T13:49:07.236-0400] {logging_mixin.py:190} INFO - [2024-10-05T13:49:07.235-0400] {dag.py:3239} INFO - Sync 1 DAGs
[2024-10-05T13:49:07.315-0400] {logging_mixin.py:190} INFO - [2024-10-05T13:49:07.315-0400] {dag.py:4180} INFO - Setting next_dagrun for example_short_circuit_operator to None, run_after=None
[2024-10-05T13:49:07.988-0400] {processor.py:208} INFO - Processing /home/patrick/.cache/pypoetry/virtualenvs/airflow-wPbgcfzP-py3.10/lib/python3.10/site-packages/airflow/example_dags/example_short_circuit_operator.py took 3.471 seconds
[2024-10-05T13:51:14.085-0400] {processor.py:186} INFO - Started process (PID=7040) to work on /home/patrick/.cache/pypoetry/virtualenvs/airflow-wPbgcfzP-py3.10/lib/python3.10/site-packages/airflow/example_dags/example_short_circuit_operator.py
[2024-10-05T13:51:14.086-0400] {processor.py:914} INFO - Processing file /home/patrick/.cache/pypoetry/virtualenvs/airflow-wPbgcfzP-py3.10/lib/python3.10/site-packages/airflow/example_dags/example_short_circuit_operator.py for tasks to queue
[2024-10-05T13:51:14.087-0400] {logging_mixin.py:190} INFO - [2024-10-05T13:51:14.087-0400] {dagbag.py:588} INFO - Filling up the DagBag from /home/patrick/.cache/pypoetry/virtualenvs/airflow-wPbgcfzP-py3.10/lib/python3.10/site-packages/airflow/example_dags/example_short_circuit_operator.py
[2024-10-05T13:51:14.092-0400] {processor.py:925} INFO - DAG(s) 'example_short_circuit_operator' retrieved from /home/patrick/.cache/pypoetry/virtualenvs/airflow-wPbgcfzP-py3.10/lib/python3.10/site-packages/airflow/example_dags/example_short_circuit_operator.py
[2024-10-05T13:51:15.749-0400] {logging_mixin.py:190} INFO - [2024-10-05T13:51:15.749-0400] {dag.py:3239} INFO - Sync 1 DAGs
[2024-10-05T13:51:15.901-0400] {logging_mixin.py:190} INFO - [2024-10-05T13:51:15.901-0400] {dag.py:4180} INFO - Setting next_dagrun for example_short_circuit_operator to None, run_after=None
[2024-10-05T13:51:16.530-0400] {processor.py:208} INFO - Processing /home/patrick/.cache/pypoetry/virtualenvs/airflow-wPbgcfzP-py3.10/lib/python3.10/site-packages/airflow/example_dags/example_short_circuit_operator.py took 2.449 seconds
