[2024-10-05T13:27:55.952-0400] {processor.py:186} INFO - Started process (PID=819) to work on /home/patrick/.cache/pypoetry/virtualenvs/airflow-wPbgcfzP-py3.10/lib/python3.10/site-packages/airflow/example_dags/example_outlet_event_extra.py
[2024-10-05T13:27:55.953-0400] {processor.py:914} INFO - Processing file /home/patrick/.cache/pypoetry/virtualenvs/airflow-wPbgcfzP-py3.10/lib/python3.10/site-packages/airflow/example_dags/example_outlet_event_extra.py for tasks to queue
[2024-10-05T13:27:55.954-0400] {logging_mixin.py:190} INFO - [2024-10-05T13:27:55.954-0400] {dagbag.py:588} INFO - Filling up the DagBag from /home/patrick/.cache/pypoetry/virtualenvs/airflow-wPbgcfzP-py3.10/lib/python3.10/site-packages/airflow/example_dags/example_outlet_event_extra.py
[2024-10-05T13:27:55.962-0400] {processor.py:925} INFO - DAG(s) 'dataset_with_extra_by_yield', 'dataset_with_extra_by_context', 'dataset_with_extra_from_classic_operator' retrieved from /home/patrick/.cache/pypoetry/virtualenvs/airflow-wPbgcfzP-py3.10/lib/python3.10/site-packages/airflow/example_dags/example_outlet_event_extra.py
[2024-10-05T13:28:00.427-0400] {logging_mixin.py:190} INFO - [2024-10-05T13:28:00.427-0400] {dag.py:3239} INFO - Sync 3 DAGs
[2024-10-05T13:28:00.708-0400] {logging_mixin.py:190} INFO - [2024-10-05T13:28:00.708-0400] {dag.py:4180} INFO - Setting next_dagrun for dataset_with_extra_by_context to 2024-10-04 00:00:00+00:00, run_after=2024-10-05 00:00:00+00:00
[2024-10-05T13:28:00.745-0400] {logging_mixin.py:190} INFO - [2024-10-05T13:28:00.745-0400] {dag.py:4180} INFO - Setting next_dagrun for dataset_with_extra_by_yield to 2024-10-04 00:00:00+00:00, run_after=2024-10-05 00:00:00+00:00
[2024-10-05T13:28:00.787-0400] {logging_mixin.py:190} INFO - [2024-10-05T13:28:00.787-0400] {dag.py:4180} INFO - Setting next_dagrun for dataset_with_extra_from_classic_operator to 2024-10-04 00:00:00+00:00, run_after=2024-10-05 00:00:00+00:00
[2024-10-05T13:28:01.486-0400] {processor.py:208} INFO - Processing /home/patrick/.cache/pypoetry/virtualenvs/airflow-wPbgcfzP-py3.10/lib/python3.10/site-packages/airflow/example_dags/example_outlet_event_extra.py took 5.538 seconds
[2024-10-05T13:32:57.646-0400] {processor.py:186} INFO - Started process (PID=2175) to work on /home/patrick/.cache/pypoetry/virtualenvs/airflow-wPbgcfzP-py3.10/lib/python3.10/site-packages/airflow/example_dags/example_outlet_event_extra.py
[2024-10-05T13:32:57.651-0400] {processor.py:914} INFO - Processing file /home/patrick/.cache/pypoetry/virtualenvs/airflow-wPbgcfzP-py3.10/lib/python3.10/site-packages/airflow/example_dags/example_outlet_event_extra.py for tasks to queue
[2024-10-05T13:32:57.653-0400] {logging_mixin.py:190} INFO - [2024-10-05T13:32:57.653-0400] {dagbag.py:588} INFO - Filling up the DagBag from /home/patrick/.cache/pypoetry/virtualenvs/airflow-wPbgcfzP-py3.10/lib/python3.10/site-packages/airflow/example_dags/example_outlet_event_extra.py
[2024-10-05T13:32:57.661-0400] {processor.py:925} INFO - DAG(s) 'dataset_with_extra_by_yield', 'dataset_with_extra_by_context', 'dataset_with_extra_from_classic_operator' retrieved from /home/patrick/.cache/pypoetry/virtualenvs/airflow-wPbgcfzP-py3.10/lib/python3.10/site-packages/airflow/example_dags/example_outlet_event_extra.py
[2024-10-05T13:33:01.729-0400] {logging_mixin.py:190} INFO - [2024-10-05T13:33:01.728-0400] {dag.py:3239} INFO - Sync 3 DAGs
[2024-10-05T13:33:01.918-0400] {logging_mixin.py:190} INFO - [2024-10-05T13:33:01.918-0400] {dag.py:4180} INFO - Setting next_dagrun for dataset_with_extra_by_context to 2024-10-04 00:00:00+00:00, run_after=2024-10-05 00:00:00+00:00
[2024-10-05T13:33:01.957-0400] {logging_mixin.py:190} INFO - [2024-10-05T13:33:01.957-0400] {dag.py:4180} INFO - Setting next_dagrun for dataset_with_extra_by_yield to 2024-10-04 00:00:00+00:00, run_after=2024-10-05 00:00:00+00:00
[2024-10-05T13:33:01.995-0400] {logging_mixin.py:190} INFO - [2024-10-05T13:33:01.994-0400] {dag.py:4180} INFO - Setting next_dagrun for dataset_with_extra_from_classic_operator to 2024-10-04 00:00:00+00:00, run_after=2024-10-05 00:00:00+00:00
[2024-10-05T13:33:02.815-0400] {processor.py:208} INFO - Processing /home/patrick/.cache/pypoetry/virtualenvs/airflow-wPbgcfzP-py3.10/lib/python3.10/site-packages/airflow/example_dags/example_outlet_event_extra.py took 5.172 seconds
[2024-10-05T13:35:42.406-0400] {processor.py:186} INFO - Started process (PID=2919) to work on /home/patrick/.cache/pypoetry/virtualenvs/airflow-wPbgcfzP-py3.10/lib/python3.10/site-packages/airflow/example_dags/example_outlet_event_extra.py
[2024-10-05T13:35:42.407-0400] {processor.py:914} INFO - Processing file /home/patrick/.cache/pypoetry/virtualenvs/airflow-wPbgcfzP-py3.10/lib/python3.10/site-packages/airflow/example_dags/example_outlet_event_extra.py for tasks to queue
[2024-10-05T13:35:42.409-0400] {logging_mixin.py:190} INFO - [2024-10-05T13:35:42.409-0400] {dagbag.py:588} INFO - Filling up the DagBag from /home/patrick/.cache/pypoetry/virtualenvs/airflow-wPbgcfzP-py3.10/lib/python3.10/site-packages/airflow/example_dags/example_outlet_event_extra.py
[2024-10-05T13:35:42.417-0400] {processor.py:925} INFO - DAG(s) 'dataset_with_extra_by_context', 'dataset_with_extra_from_classic_operator', 'dataset_with_extra_by_yield' retrieved from /home/patrick/.cache/pypoetry/virtualenvs/airflow-wPbgcfzP-py3.10/lib/python3.10/site-packages/airflow/example_dags/example_outlet_event_extra.py
[2024-10-05T13:35:49.261-0400] {logging_mixin.py:190} INFO - [2024-10-05T13:35:49.260-0400] {dag.py:3239} INFO - Sync 3 DAGs
[2024-10-05T13:35:49.564-0400] {logging_mixin.py:190} INFO - [2024-10-05T13:35:49.564-0400] {dag.py:4180} INFO - Setting next_dagrun for dataset_with_extra_by_context to 2024-10-04 00:00:00+00:00, run_after=2024-10-05 00:00:00+00:00
[2024-10-05T13:35:49.623-0400] {logging_mixin.py:190} INFO - [2024-10-05T13:35:49.623-0400] {dag.py:4180} INFO - Setting next_dagrun for dataset_with_extra_by_yield to 2024-10-04 00:00:00+00:00, run_after=2024-10-05 00:00:00+00:00
[2024-10-05T13:35:49.720-0400] {logging_mixin.py:190} INFO - [2024-10-05T13:35:49.720-0400] {dag.py:4180} INFO - Setting next_dagrun for dataset_with_extra_from_classic_operator to 2024-10-04 00:00:00+00:00, run_after=2024-10-05 00:00:00+00:00
[2024-10-05T13:35:50.862-0400] {processor.py:208} INFO - Processing /home/patrick/.cache/pypoetry/virtualenvs/airflow-wPbgcfzP-py3.10/lib/python3.10/site-packages/airflow/example_dags/example_outlet_event_extra.py took 8.460 seconds
[2024-10-05T13:38:31.884-0400] {processor.py:186} INFO - Started process (PID=3739) to work on /home/patrick/.cache/pypoetry/virtualenvs/airflow-wPbgcfzP-py3.10/lib/python3.10/site-packages/airflow/example_dags/example_outlet_event_extra.py
[2024-10-05T13:38:31.885-0400] {processor.py:914} INFO - Processing file /home/patrick/.cache/pypoetry/virtualenvs/airflow-wPbgcfzP-py3.10/lib/python3.10/site-packages/airflow/example_dags/example_outlet_event_extra.py for tasks to queue
[2024-10-05T13:38:31.887-0400] {logging_mixin.py:190} INFO - [2024-10-05T13:38:31.887-0400] {dagbag.py:588} INFO - Filling up the DagBag from /home/patrick/.cache/pypoetry/virtualenvs/airflow-wPbgcfzP-py3.10/lib/python3.10/site-packages/airflow/example_dags/example_outlet_event_extra.py
[2024-10-05T13:38:31.894-0400] {processor.py:925} INFO - DAG(s) 'dataset_with_extra_by_context', 'dataset_with_extra_by_yield', 'dataset_with_extra_from_classic_operator' retrieved from /home/patrick/.cache/pypoetry/virtualenvs/airflow-wPbgcfzP-py3.10/lib/python3.10/site-packages/airflow/example_dags/example_outlet_event_extra.py
[2024-10-05T13:38:37.422-0400] {logging_mixin.py:190} INFO - [2024-10-05T13:38:37.422-0400] {dag.py:3239} INFO - Sync 3 DAGs
[2024-10-05T13:38:37.597-0400] {logging_mixin.py:190} INFO - [2024-10-05T13:38:37.597-0400] {dag.py:4180} INFO - Setting next_dagrun for dataset_with_extra_by_context to 2024-10-04 00:00:00+00:00, run_after=2024-10-05 00:00:00+00:00
[2024-10-05T13:38:37.638-0400] {logging_mixin.py:190} INFO - [2024-10-05T13:38:37.638-0400] {dag.py:4180} INFO - Setting next_dagrun for dataset_with_extra_by_yield to 2024-10-04 00:00:00+00:00, run_after=2024-10-05 00:00:00+00:00
[2024-10-05T13:38:37.679-0400] {logging_mixin.py:190} INFO - [2024-10-05T13:38:37.679-0400] {dag.py:4180} INFO - Setting next_dagrun for dataset_with_extra_from_classic_operator to 2024-10-04 00:00:00+00:00, run_after=2024-10-05 00:00:00+00:00
[2024-10-05T13:38:38.505-0400] {processor.py:208} INFO - Processing /home/patrick/.cache/pypoetry/virtualenvs/airflow-wPbgcfzP-py3.10/lib/python3.10/site-packages/airflow/example_dags/example_outlet_event_extra.py took 6.627 seconds
[2024-10-05T13:41:05.791-0400] {processor.py:186} INFO - Started process (PID=4412) to work on /home/patrick/.cache/pypoetry/virtualenvs/airflow-wPbgcfzP-py3.10/lib/python3.10/site-packages/airflow/example_dags/example_outlet_event_extra.py
[2024-10-05T13:41:05.792-0400] {processor.py:914} INFO - Processing file /home/patrick/.cache/pypoetry/virtualenvs/airflow-wPbgcfzP-py3.10/lib/python3.10/site-packages/airflow/example_dags/example_outlet_event_extra.py for tasks to queue
[2024-10-05T13:41:05.793-0400] {logging_mixin.py:190} INFO - [2024-10-05T13:41:05.793-0400] {dagbag.py:588} INFO - Filling up the DagBag from /home/patrick/.cache/pypoetry/virtualenvs/airflow-wPbgcfzP-py3.10/lib/python3.10/site-packages/airflow/example_dags/example_outlet_event_extra.py
[2024-10-05T13:41:05.801-0400] {processor.py:925} INFO - DAG(s) 'dataset_with_extra_by_context', 'dataset_with_extra_by_yield', 'dataset_with_extra_from_classic_operator' retrieved from /home/patrick/.cache/pypoetry/virtualenvs/airflow-wPbgcfzP-py3.10/lib/python3.10/site-packages/airflow/example_dags/example_outlet_event_extra.py
[2024-10-05T13:41:07.558-0400] {logging_mixin.py:190} INFO - [2024-10-05T13:41:07.558-0400] {dag.py:3239} INFO - Sync 3 DAGs
[2024-10-05T13:41:07.783-0400] {logging_mixin.py:190} INFO - [2024-10-05T13:41:07.783-0400] {dag.py:4180} INFO - Setting next_dagrun for dataset_with_extra_by_context to 2024-10-04 00:00:00+00:00, run_after=2024-10-05 00:00:00+00:00
[2024-10-05T13:41:07.832-0400] {logging_mixin.py:190} INFO - [2024-10-05T13:41:07.832-0400] {dag.py:4180} INFO - Setting next_dagrun for dataset_with_extra_by_yield to 2024-10-04 00:00:00+00:00, run_after=2024-10-05 00:00:00+00:00
[2024-10-05T13:41:07.870-0400] {logging_mixin.py:190} INFO - [2024-10-05T13:41:07.870-0400] {dag.py:4180} INFO - Setting next_dagrun for dataset_with_extra_from_classic_operator to 2024-10-04 00:00:00+00:00, run_after=2024-10-05 00:00:00+00:00
[2024-10-05T13:41:08.543-0400] {processor.py:208} INFO - Processing /home/patrick/.cache/pypoetry/virtualenvs/airflow-wPbgcfzP-py3.10/lib/python3.10/site-packages/airflow/example_dags/example_outlet_event_extra.py took 2.755 seconds
[2024-10-05T13:43:30.607-0400] {processor.py:186} INFO - Started process (PID=5037) to work on /home/patrick/.cache/pypoetry/virtualenvs/airflow-wPbgcfzP-py3.10/lib/python3.10/site-packages/airflow/example_dags/example_outlet_event_extra.py
[2024-10-05T13:43:30.608-0400] {processor.py:914} INFO - Processing file /home/patrick/.cache/pypoetry/virtualenvs/airflow-wPbgcfzP-py3.10/lib/python3.10/site-packages/airflow/example_dags/example_outlet_event_extra.py for tasks to queue
[2024-10-05T13:43:30.609-0400] {logging_mixin.py:190} INFO - [2024-10-05T13:43:30.609-0400] {dagbag.py:588} INFO - Filling up the DagBag from /home/patrick/.cache/pypoetry/virtualenvs/airflow-wPbgcfzP-py3.10/lib/python3.10/site-packages/airflow/example_dags/example_outlet_event_extra.py
[2024-10-05T13:43:30.616-0400] {processor.py:925} INFO - DAG(s) 'dataset_with_extra_by_yield', 'dataset_with_extra_by_context', 'dataset_with_extra_from_classic_operator' retrieved from /home/patrick/.cache/pypoetry/virtualenvs/airflow-wPbgcfzP-py3.10/lib/python3.10/site-packages/airflow/example_dags/example_outlet_event_extra.py
[2024-10-05T13:43:32.431-0400] {logging_mixin.py:190} INFO - [2024-10-05T13:43:32.431-0400] {dag.py:3239} INFO - Sync 3 DAGs
[2024-10-05T13:43:32.676-0400] {logging_mixin.py:190} INFO - [2024-10-05T13:43:32.676-0400] {dag.py:4180} INFO - Setting next_dagrun for dataset_with_extra_by_context to 2024-10-04 00:00:00+00:00, run_after=2024-10-05 00:00:00+00:00
[2024-10-05T13:43:32.715-0400] {logging_mixin.py:190} INFO - [2024-10-05T13:43:32.715-0400] {dag.py:4180} INFO - Setting next_dagrun for dataset_with_extra_by_yield to 2024-10-04 00:00:00+00:00, run_after=2024-10-05 00:00:00+00:00
[2024-10-05T13:43:32.753-0400] {logging_mixin.py:190} INFO - [2024-10-05T13:43:32.753-0400] {dag.py:4180} INFO - Setting next_dagrun for dataset_with_extra_from_classic_operator to 2024-10-04 00:00:00+00:00, run_after=2024-10-05 00:00:00+00:00
[2024-10-05T13:43:33.623-0400] {processor.py:208} INFO - Processing /home/patrick/.cache/pypoetry/virtualenvs/airflow-wPbgcfzP-py3.10/lib/python3.10/site-packages/airflow/example_dags/example_outlet_event_extra.py took 3.019 seconds
[2024-10-05T13:45:17.053-0400] {processor.py:186} INFO - Started process (PID=5501) to work on /home/patrick/.cache/pypoetry/virtualenvs/airflow-wPbgcfzP-py3.10/lib/python3.10/site-packages/airflow/example_dags/example_outlet_event_extra.py
[2024-10-05T13:45:17.054-0400] {processor.py:914} INFO - Processing file /home/patrick/.cache/pypoetry/virtualenvs/airflow-wPbgcfzP-py3.10/lib/python3.10/site-packages/airflow/example_dags/example_outlet_event_extra.py for tasks to queue
[2024-10-05T13:45:17.055-0400] {logging_mixin.py:190} INFO - [2024-10-05T13:45:17.055-0400] {dagbag.py:588} INFO - Filling up the DagBag from /home/patrick/.cache/pypoetry/virtualenvs/airflow-wPbgcfzP-py3.10/lib/python3.10/site-packages/airflow/example_dags/example_outlet_event_extra.py
[2024-10-05T13:45:17.062-0400] {processor.py:925} INFO - DAG(s) 'dataset_with_extra_from_classic_operator', 'dataset_with_extra_by_context', 'dataset_with_extra_by_yield' retrieved from /home/patrick/.cache/pypoetry/virtualenvs/airflow-wPbgcfzP-py3.10/lib/python3.10/site-packages/airflow/example_dags/example_outlet_event_extra.py
[2024-10-05T13:45:18.374-0400] {logging_mixin.py:190} INFO - [2024-10-05T13:45:18.373-0400] {dag.py:3239} INFO - Sync 3 DAGs
[2024-10-05T13:45:18.655-0400] {logging_mixin.py:190} INFO - [2024-10-05T13:45:18.655-0400] {dag.py:4180} INFO - Setting next_dagrun for dataset_with_extra_by_context to 2024-10-04 00:00:00+00:00, run_after=2024-10-05 00:00:00+00:00
[2024-10-05T13:45:18.706-0400] {logging_mixin.py:190} INFO - [2024-10-05T13:45:18.706-0400] {dag.py:4180} INFO - Setting next_dagrun for dataset_with_extra_by_yield to 2024-10-04 00:00:00+00:00, run_after=2024-10-05 00:00:00+00:00
[2024-10-05T13:45:18.822-0400] {logging_mixin.py:190} INFO - [2024-10-05T13:45:18.822-0400] {dag.py:4180} INFO - Setting next_dagrun for dataset_with_extra_from_classic_operator to 2024-10-04 00:00:00+00:00, run_after=2024-10-05 00:00:00+00:00
[2024-10-05T13:45:19.590-0400] {processor.py:208} INFO - Processing /home/patrick/.cache/pypoetry/virtualenvs/airflow-wPbgcfzP-py3.10/lib/python3.10/site-packages/airflow/example_dags/example_outlet_event_extra.py took 2.541 seconds
[2024-10-05T13:46:57.868-0400] {processor.py:186} INFO - Started process (PID=5936) to work on /home/patrick/.cache/pypoetry/virtualenvs/airflow-wPbgcfzP-py3.10/lib/python3.10/site-packages/airflow/example_dags/example_outlet_event_extra.py
[2024-10-05T13:46:57.869-0400] {processor.py:914} INFO - Processing file /home/patrick/.cache/pypoetry/virtualenvs/airflow-wPbgcfzP-py3.10/lib/python3.10/site-packages/airflow/example_dags/example_outlet_event_extra.py for tasks to queue
[2024-10-05T13:46:57.871-0400] {logging_mixin.py:190} INFO - [2024-10-05T13:46:57.870-0400] {dagbag.py:588} INFO - Filling up the DagBag from /home/patrick/.cache/pypoetry/virtualenvs/airflow-wPbgcfzP-py3.10/lib/python3.10/site-packages/airflow/example_dags/example_outlet_event_extra.py
[2024-10-05T13:46:57.879-0400] {processor.py:925} INFO - DAG(s) 'dataset_with_extra_by_context', 'dataset_with_extra_from_classic_operator', 'dataset_with_extra_by_yield' retrieved from /home/patrick/.cache/pypoetry/virtualenvs/airflow-wPbgcfzP-py3.10/lib/python3.10/site-packages/airflow/example_dags/example_outlet_event_extra.py
[2024-10-05T13:47:03.136-0400] {logging_mixin.py:190} INFO - [2024-10-05T13:47:03.136-0400] {dag.py:3239} INFO - Sync 3 DAGs
[2024-10-05T13:47:03.362-0400] {logging_mixin.py:190} INFO - [2024-10-05T13:47:03.362-0400] {dag.py:4180} INFO - Setting next_dagrun for dataset_with_extra_by_context to 2024-10-04 00:00:00+00:00, run_after=2024-10-05 00:00:00+00:00
[2024-10-05T13:47:03.400-0400] {logging_mixin.py:190} INFO - [2024-10-05T13:47:03.400-0400] {dag.py:4180} INFO - Setting next_dagrun for dataset_with_extra_by_yield to 2024-10-04 00:00:00+00:00, run_after=2024-10-05 00:00:00+00:00
[2024-10-05T13:47:03.432-0400] {logging_mixin.py:190} INFO - [2024-10-05T13:47:03.432-0400] {dag.py:4180} INFO - Setting next_dagrun for dataset_with_extra_from_classic_operator to 2024-10-04 00:00:00+00:00, run_after=2024-10-05 00:00:00+00:00
[2024-10-05T13:47:04.105-0400] {processor.py:208} INFO - Processing /home/patrick/.cache/pypoetry/virtualenvs/airflow-wPbgcfzP-py3.10/lib/python3.10/site-packages/airflow/example_dags/example_outlet_event_extra.py took 6.240 seconds
[2024-10-05T13:49:08.322-0400] {processor.py:186} INFO - Started process (PID=6497) to work on /home/patrick/.cache/pypoetry/virtualenvs/airflow-wPbgcfzP-py3.10/lib/python3.10/site-packages/airflow/example_dags/example_outlet_event_extra.py
[2024-10-05T13:49:08.323-0400] {processor.py:914} INFO - Processing file /home/patrick/.cache/pypoetry/virtualenvs/airflow-wPbgcfzP-py3.10/lib/python3.10/site-packages/airflow/example_dags/example_outlet_event_extra.py for tasks to queue
[2024-10-05T13:49:08.324-0400] {logging_mixin.py:190} INFO - [2024-10-05T13:49:08.324-0400] {dagbag.py:588} INFO - Filling up the DagBag from /home/patrick/.cache/pypoetry/virtualenvs/airflow-wPbgcfzP-py3.10/lib/python3.10/site-packages/airflow/example_dags/example_outlet_event_extra.py
[2024-10-05T13:49:08.332-0400] {processor.py:925} INFO - DAG(s) 'dataset_with_extra_by_yield', 'dataset_with_extra_by_context', 'dataset_with_extra_from_classic_operator' retrieved from /home/patrick/.cache/pypoetry/virtualenvs/airflow-wPbgcfzP-py3.10/lib/python3.10/site-packages/airflow/example_dags/example_outlet_event_extra.py
[2024-10-05T13:49:12.699-0400] {logging_mixin.py:190} INFO - [2024-10-05T13:49:12.699-0400] {dag.py:3239} INFO - Sync 3 DAGs
[2024-10-05T13:49:12.914-0400] {logging_mixin.py:190} INFO - [2024-10-05T13:49:12.914-0400] {dag.py:4180} INFO - Setting next_dagrun for dataset_with_extra_by_context to 2024-10-04 00:00:00+00:00, run_after=2024-10-05 00:00:00+00:00
[2024-10-05T13:49:12.955-0400] {logging_mixin.py:190} INFO - [2024-10-05T13:49:12.955-0400] {dag.py:4180} INFO - Setting next_dagrun for dataset_with_extra_by_yield to 2024-10-04 00:00:00+00:00, run_after=2024-10-05 00:00:00+00:00
[2024-10-05T13:49:13.000-0400] {logging_mixin.py:190} INFO - [2024-10-05T13:49:13.000-0400] {dag.py:4180} INFO - Setting next_dagrun for dataset_with_extra_from_classic_operator to 2024-10-04 00:00:00+00:00, run_after=2024-10-05 00:00:00+00:00
[2024-10-05T13:49:13.805-0400] {processor.py:208} INFO - Processing /home/patrick/.cache/pypoetry/virtualenvs/airflow-wPbgcfzP-py3.10/lib/python3.10/site-packages/airflow/example_dags/example_outlet_event_extra.py took 5.486 seconds
[2024-10-05T13:51:17.579-0400] {processor.py:186} INFO - Started process (PID=7056) to work on /home/patrick/.cache/pypoetry/virtualenvs/airflow-wPbgcfzP-py3.10/lib/python3.10/site-packages/airflow/example_dags/example_outlet_event_extra.py
[2024-10-05T13:51:17.580-0400] {processor.py:914} INFO - Processing file /home/patrick/.cache/pypoetry/virtualenvs/airflow-wPbgcfzP-py3.10/lib/python3.10/site-packages/airflow/example_dags/example_outlet_event_extra.py for tasks to queue
[2024-10-05T13:51:17.582-0400] {logging_mixin.py:190} INFO - [2024-10-05T13:51:17.581-0400] {dagbag.py:588} INFO - Filling up the DagBag from /home/patrick/.cache/pypoetry/virtualenvs/airflow-wPbgcfzP-py3.10/lib/python3.10/site-packages/airflow/example_dags/example_outlet_event_extra.py
[2024-10-05T13:51:17.590-0400] {processor.py:925} INFO - DAG(s) 'dataset_with_extra_from_classic_operator', 'dataset_with_extra_by_yield', 'dataset_with_extra_by_context' retrieved from /home/patrick/.cache/pypoetry/virtualenvs/airflow-wPbgcfzP-py3.10/lib/python3.10/site-packages/airflow/example_dags/example_outlet_event_extra.py
[2024-10-05T13:51:21.667-0400] {logging_mixin.py:190} INFO - [2024-10-05T13:51:21.667-0400] {dag.py:3239} INFO - Sync 3 DAGs
[2024-10-05T13:51:21.980-0400] {logging_mixin.py:190} INFO - [2024-10-05T13:51:21.980-0400] {dag.py:4180} INFO - Setting next_dagrun for dataset_with_extra_by_context to 2024-10-04 00:00:00+00:00, run_after=2024-10-05 00:00:00+00:00
[2024-10-05T13:51:22.039-0400] {logging_mixin.py:190} INFO - [2024-10-05T13:51:22.039-0400] {dag.py:4180} INFO - Setting next_dagrun for dataset_with_extra_by_yield to 2024-10-04 00:00:00+00:00, run_after=2024-10-05 00:00:00+00:00
[2024-10-05T13:51:22.097-0400] {logging_mixin.py:190} INFO - [2024-10-05T13:51:22.097-0400] {dag.py:4180} INFO - Setting next_dagrun for dataset_with_extra_from_classic_operator to 2024-10-04 00:00:00+00:00, run_after=2024-10-05 00:00:00+00:00
[2024-10-05T13:51:23.119-0400] {processor.py:208} INFO - Processing /home/patrick/.cache/pypoetry/virtualenvs/airflow-wPbgcfzP-py3.10/lib/python3.10/site-packages/airflow/example_dags/example_outlet_event_extra.py took 5.544 seconds
