[2024-10-05T13:28:58.340-0400] {processor.py:186} INFO - Started process (PID=1093) to work on /home/patrick/.cache/pypoetry/virtualenvs/airflow-wPbgcfzP-py3.10/lib/python3.10/site-packages/airflow/example_dags/example_setup_teardown.py
[2024-10-05T13:28:58.341-0400] {processor.py:914} INFO - Processing file /home/patrick/.cache/pypoetry/virtualenvs/airflow-wPbgcfzP-py3.10/lib/python3.10/site-packages/airflow/example_dags/example_setup_teardown.py for tasks to queue
[2024-10-05T13:28:58.343-0400] {logging_mixin.py:190} INFO - [2024-10-05T13:28:58.343-0400] {dagbag.py:588} INFO - Filling up the DagBag from /home/patrick/.cache/pypoetry/virtualenvs/airflow-wPbgcfzP-py3.10/lib/python3.10/site-packages/airflow/example_dags/example_setup_teardown.py
[2024-10-05T13:28:58.348-0400] {processor.py:925} INFO - DAG(s) 'example_setup_teardown' retrieved from /home/patrick/.cache/pypoetry/virtualenvs/airflow-wPbgcfzP-py3.10/lib/python3.10/site-packages/airflow/example_dags/example_setup_teardown.py
[2024-10-05T13:29:02.446-0400] {logging_mixin.py:190} INFO - [2024-10-05T13:29:02.446-0400] {dag.py:3239} INFO - Sync 1 DAGs
[2024-10-05T13:29:02.691-0400] {logging_mixin.py:190} INFO - [2024-10-05T13:29:02.690-0400] {dag.py:4180} INFO - Setting next_dagrun for example_setup_teardown to None, run_after=None
[2024-10-05T13:29:03.583-0400] {processor.py:208} INFO - Processing /home/patrick/.cache/pypoetry/virtualenvs/airflow-wPbgcfzP-py3.10/lib/python3.10/site-packages/airflow/example_dags/example_setup_teardown.py took 5.246 seconds
[2024-10-05T13:33:38.975-0400] {processor.py:186} INFO - Started process (PID=2361) to work on /home/patrick/.cache/pypoetry/virtualenvs/airflow-wPbgcfzP-py3.10/lib/python3.10/site-packages/airflow/example_dags/example_setup_teardown.py
[2024-10-05T13:33:38.976-0400] {processor.py:914} INFO - Processing file /home/patrick/.cache/pypoetry/virtualenvs/airflow-wPbgcfzP-py3.10/lib/python3.10/site-packages/airflow/example_dags/example_setup_teardown.py for tasks to queue
[2024-10-05T13:33:38.978-0400] {logging_mixin.py:190} INFO - [2024-10-05T13:33:38.978-0400] {dagbag.py:588} INFO - Filling up the DagBag from /home/patrick/.cache/pypoetry/virtualenvs/airflow-wPbgcfzP-py3.10/lib/python3.10/site-packages/airflow/example_dags/example_setup_teardown.py
[2024-10-05T13:33:38.983-0400] {processor.py:925} INFO - DAG(s) 'example_setup_teardown' retrieved from /home/patrick/.cache/pypoetry/virtualenvs/airflow-wPbgcfzP-py3.10/lib/python3.10/site-packages/airflow/example_dags/example_setup_teardown.py
[2024-10-05T13:33:44.091-0400] {logging_mixin.py:190} INFO - [2024-10-05T13:33:44.090-0400] {dag.py:3239} INFO - Sync 1 DAGs
[2024-10-05T13:33:44.167-0400] {logging_mixin.py:190} INFO - [2024-10-05T13:33:44.167-0400] {dag.py:4180} INFO - Setting next_dagrun for example_setup_teardown to None, run_after=None
[2024-10-05T13:33:44.797-0400] {processor.py:208} INFO - Processing /home/patrick/.cache/pypoetry/virtualenvs/airflow-wPbgcfzP-py3.10/lib/python3.10/site-packages/airflow/example_dags/example_setup_teardown.py took 5.825 seconds
[2024-10-05T13:36:21.552-0400] {processor.py:186} INFO - Started process (PID=3096) to work on /home/patrick/.cache/pypoetry/virtualenvs/airflow-wPbgcfzP-py3.10/lib/python3.10/site-packages/airflow/example_dags/example_setup_teardown.py
[2024-10-05T13:36:21.554-0400] {processor.py:914} INFO - Processing file /home/patrick/.cache/pypoetry/virtualenvs/airflow-wPbgcfzP-py3.10/lib/python3.10/site-packages/airflow/example_dags/example_setup_teardown.py for tasks to queue
[2024-10-05T13:36:21.555-0400] {logging_mixin.py:190} INFO - [2024-10-05T13:36:21.555-0400] {dagbag.py:588} INFO - Filling up the DagBag from /home/patrick/.cache/pypoetry/virtualenvs/airflow-wPbgcfzP-py3.10/lib/python3.10/site-packages/airflow/example_dags/example_setup_teardown.py
[2024-10-05T13:36:21.561-0400] {processor.py:925} INFO - DAG(s) 'example_setup_teardown' retrieved from /home/patrick/.cache/pypoetry/virtualenvs/airflow-wPbgcfzP-py3.10/lib/python3.10/site-packages/airflow/example_dags/example_setup_teardown.py
[2024-10-05T13:36:39.235-0400] {logging_mixin.py:190} INFO - [2024-10-05T13:36:39.235-0400] {dag.py:3239} INFO - Sync 1 DAGs
[2024-10-05T13:36:39.440-0400] {logging_mixin.py:190} INFO - [2024-10-05T13:36:39.440-0400] {dag.py:4180} INFO - Setting next_dagrun for example_setup_teardown to None, run_after=None
[2024-10-05T13:36:40.473-0400] {processor.py:208} INFO - Processing /home/patrick/.cache/pypoetry/virtualenvs/airflow-wPbgcfzP-py3.10/lib/python3.10/site-packages/airflow/example_dags/example_setup_teardown.py took 18.924 seconds
[2024-10-05T13:39:01.786-0400] {processor.py:186} INFO - Started process (PID=3889) to work on /home/patrick/.cache/pypoetry/virtualenvs/airflow-wPbgcfzP-py3.10/lib/python3.10/site-packages/airflow/example_dags/example_setup_teardown.py
[2024-10-05T13:39:01.787-0400] {processor.py:914} INFO - Processing file /home/patrick/.cache/pypoetry/virtualenvs/airflow-wPbgcfzP-py3.10/lib/python3.10/site-packages/airflow/example_dags/example_setup_teardown.py for tasks to queue
[2024-10-05T13:39:01.788-0400] {logging_mixin.py:190} INFO - [2024-10-05T13:39:01.788-0400] {dagbag.py:588} INFO - Filling up the DagBag from /home/patrick/.cache/pypoetry/virtualenvs/airflow-wPbgcfzP-py3.10/lib/python3.10/site-packages/airflow/example_dags/example_setup_teardown.py
[2024-10-05T13:39:01.793-0400] {processor.py:925} INFO - DAG(s) 'example_setup_teardown' retrieved from /home/patrick/.cache/pypoetry/virtualenvs/airflow-wPbgcfzP-py3.10/lib/python3.10/site-packages/airflow/example_dags/example_setup_teardown.py
[2024-10-05T13:39:10.787-0400] {logging_mixin.py:190} INFO - [2024-10-05T13:39:10.787-0400] {dag.py:3239} INFO - Sync 1 DAGs
[2024-10-05T13:39:11.125-0400] {logging_mixin.py:190} INFO - [2024-10-05T13:39:11.125-0400] {dag.py:4180} INFO - Setting next_dagrun for example_setup_teardown to None, run_after=None
[2024-10-05T13:39:12.196-0400] {processor.py:208} INFO - Processing /home/patrick/.cache/pypoetry/virtualenvs/airflow-wPbgcfzP-py3.10/lib/python3.10/site-packages/airflow/example_dags/example_setup_teardown.py took 10.414 seconds
[2024-10-05T13:41:31.971-0400] {processor.py:186} INFO - Started process (PID=4527) to work on /home/patrick/.cache/pypoetry/virtualenvs/airflow-wPbgcfzP-py3.10/lib/python3.10/site-packages/airflow/example_dags/example_setup_teardown.py
[2024-10-05T13:41:31.971-0400] {processor.py:914} INFO - Processing file /home/patrick/.cache/pypoetry/virtualenvs/airflow-wPbgcfzP-py3.10/lib/python3.10/site-packages/airflow/example_dags/example_setup_teardown.py for tasks to queue
[2024-10-05T13:41:31.973-0400] {logging_mixin.py:190} INFO - [2024-10-05T13:41:31.973-0400] {dagbag.py:588} INFO - Filling up the DagBag from /home/patrick/.cache/pypoetry/virtualenvs/airflow-wPbgcfzP-py3.10/lib/python3.10/site-packages/airflow/example_dags/example_setup_teardown.py
[2024-10-05T13:41:31.978-0400] {processor.py:925} INFO - DAG(s) 'example_setup_teardown' retrieved from /home/patrick/.cache/pypoetry/virtualenvs/airflow-wPbgcfzP-py3.10/lib/python3.10/site-packages/airflow/example_dags/example_setup_teardown.py
[2024-10-05T13:41:34.834-0400] {logging_mixin.py:190} INFO - [2024-10-05T13:41:34.833-0400] {dag.py:3239} INFO - Sync 1 DAGs
[2024-10-05T13:41:35.056-0400] {logging_mixin.py:190} INFO - [2024-10-05T13:41:35.056-0400] {dag.py:4180} INFO - Setting next_dagrun for example_setup_teardown to None, run_after=None
[2024-10-05T13:41:35.820-0400] {processor.py:208} INFO - Processing /home/patrick/.cache/pypoetry/virtualenvs/airflow-wPbgcfzP-py3.10/lib/python3.10/site-packages/airflow/example_dags/example_setup_teardown.py took 3.853 seconds
[2024-10-05T13:43:56.384-0400] {processor.py:186} INFO - Started process (PID=5150) to work on /home/patrick/.cache/pypoetry/virtualenvs/airflow-wPbgcfzP-py3.10/lib/python3.10/site-packages/airflow/example_dags/example_setup_teardown.py
[2024-10-05T13:43:56.384-0400] {processor.py:914} INFO - Processing file /home/patrick/.cache/pypoetry/virtualenvs/airflow-wPbgcfzP-py3.10/lib/python3.10/site-packages/airflow/example_dags/example_setup_teardown.py for tasks to queue
[2024-10-05T13:43:56.386-0400] {logging_mixin.py:190} INFO - [2024-10-05T13:43:56.386-0400] {dagbag.py:588} INFO - Filling up the DagBag from /home/patrick/.cache/pypoetry/virtualenvs/airflow-wPbgcfzP-py3.10/lib/python3.10/site-packages/airflow/example_dags/example_setup_teardown.py
[2024-10-05T13:43:56.391-0400] {processor.py:925} INFO - DAG(s) 'example_setup_teardown' retrieved from /home/patrick/.cache/pypoetry/virtualenvs/airflow-wPbgcfzP-py3.10/lib/python3.10/site-packages/airflow/example_dags/example_setup_teardown.py
[2024-10-05T13:43:58.603-0400] {logging_mixin.py:190} INFO - [2024-10-05T13:43:58.603-0400] {dag.py:3239} INFO - Sync 1 DAGs
[2024-10-05T13:43:58.676-0400] {logging_mixin.py:190} INFO - [2024-10-05T13:43:58.676-0400] {dag.py:4180} INFO - Setting next_dagrun for example_setup_teardown to None, run_after=None
[2024-10-05T13:43:59.277-0400] {processor.py:208} INFO - Processing /home/patrick/.cache/pypoetry/virtualenvs/airflow-wPbgcfzP-py3.10/lib/python3.10/site-packages/airflow/example_dags/example_setup_teardown.py took 2.897 seconds
[2024-10-05T13:45:43.281-0400] {processor.py:186} INFO - Started process (PID=5616) to work on /home/patrick/.cache/pypoetry/virtualenvs/airflow-wPbgcfzP-py3.10/lib/python3.10/site-packages/airflow/example_dags/example_setup_teardown.py
[2024-10-05T13:45:43.282-0400] {processor.py:914} INFO - Processing file /home/patrick/.cache/pypoetry/virtualenvs/airflow-wPbgcfzP-py3.10/lib/python3.10/site-packages/airflow/example_dags/example_setup_teardown.py for tasks to queue
[2024-10-05T13:45:43.283-0400] {logging_mixin.py:190} INFO - [2024-10-05T13:45:43.283-0400] {dagbag.py:588} INFO - Filling up the DagBag from /home/patrick/.cache/pypoetry/virtualenvs/airflow-wPbgcfzP-py3.10/lib/python3.10/site-packages/airflow/example_dags/example_setup_teardown.py
[2024-10-05T13:45:43.288-0400] {processor.py:925} INFO - DAG(s) 'example_setup_teardown' retrieved from /home/patrick/.cache/pypoetry/virtualenvs/airflow-wPbgcfzP-py3.10/lib/python3.10/site-packages/airflow/example_dags/example_setup_teardown.py
[2024-10-05T13:45:46.765-0400] {logging_mixin.py:190} INFO - [2024-10-05T13:45:46.764-0400] {dag.py:3239} INFO - Sync 1 DAGs
[2024-10-05T13:45:46.847-0400] {logging_mixin.py:190} INFO - [2024-10-05T13:45:46.847-0400] {dag.py:4180} INFO - Setting next_dagrun for example_setup_teardown to None, run_after=None
[2024-10-05T13:45:47.446-0400] {processor.py:208} INFO - Processing /home/patrick/.cache/pypoetry/virtualenvs/airflow-wPbgcfzP-py3.10/lib/python3.10/site-packages/airflow/example_dags/example_setup_teardown.py took 4.168 seconds
[2024-10-05T13:47:21.354-0400] {processor.py:186} INFO - Started process (PID=6041) to work on /home/patrick/.cache/pypoetry/virtualenvs/airflow-wPbgcfzP-py3.10/lib/python3.10/site-packages/airflow/example_dags/example_setup_teardown.py
[2024-10-05T13:47:21.355-0400] {processor.py:914} INFO - Processing file /home/patrick/.cache/pypoetry/virtualenvs/airflow-wPbgcfzP-py3.10/lib/python3.10/site-packages/airflow/example_dags/example_setup_teardown.py for tasks to queue
[2024-10-05T13:47:21.357-0400] {logging_mixin.py:190} INFO - [2024-10-05T13:47:21.356-0400] {dagbag.py:588} INFO - Filling up the DagBag from /home/patrick/.cache/pypoetry/virtualenvs/airflow-wPbgcfzP-py3.10/lib/python3.10/site-packages/airflow/example_dags/example_setup_teardown.py
[2024-10-05T13:47:21.361-0400] {processor.py:925} INFO - DAG(s) 'example_setup_teardown' retrieved from /home/patrick/.cache/pypoetry/virtualenvs/airflow-wPbgcfzP-py3.10/lib/python3.10/site-packages/airflow/example_dags/example_setup_teardown.py
[2024-10-05T13:47:23.175-0400] {logging_mixin.py:190} INFO - [2024-10-05T13:47:23.175-0400] {dag.py:3239} INFO - Sync 1 DAGs
[2024-10-05T13:47:23.245-0400] {logging_mixin.py:190} INFO - [2024-10-05T13:47:23.245-0400] {dag.py:4180} INFO - Setting next_dagrun for example_setup_teardown to None, run_after=None
[2024-10-05T13:47:23.878-0400] {processor.py:208} INFO - Processing /home/patrick/.cache/pypoetry/virtualenvs/airflow-wPbgcfzP-py3.10/lib/python3.10/site-packages/airflow/example_dags/example_setup_teardown.py took 2.528 seconds
[2024-10-05T13:49:39.791-0400] {processor.py:186} INFO - Started process (PID=6633) to work on /home/patrick/.cache/pypoetry/virtualenvs/airflow-wPbgcfzP-py3.10/lib/python3.10/site-packages/airflow/example_dags/example_setup_teardown.py
[2024-10-05T13:49:39.792-0400] {processor.py:914} INFO - Processing file /home/patrick/.cache/pypoetry/virtualenvs/airflow-wPbgcfzP-py3.10/lib/python3.10/site-packages/airflow/example_dags/example_setup_teardown.py for tasks to queue
[2024-10-05T13:49:39.795-0400] {logging_mixin.py:190} INFO - [2024-10-05T13:49:39.794-0400] {dagbag.py:588} INFO - Filling up the DagBag from /home/patrick/.cache/pypoetry/virtualenvs/airflow-wPbgcfzP-py3.10/lib/python3.10/site-packages/airflow/example_dags/example_setup_teardown.py
[2024-10-05T13:49:39.800-0400] {processor.py:925} INFO - DAG(s) 'example_setup_teardown' retrieved from /home/patrick/.cache/pypoetry/virtualenvs/airflow-wPbgcfzP-py3.10/lib/python3.10/site-packages/airflow/example_dags/example_setup_teardown.py
[2024-10-05T13:49:41.978-0400] {logging_mixin.py:190} INFO - [2024-10-05T13:49:41.978-0400] {dag.py:3239} INFO - Sync 1 DAGs
[2024-10-05T13:49:42.049-0400] {logging_mixin.py:190} INFO - [2024-10-05T13:49:42.049-0400] {dag.py:4180} INFO - Setting next_dagrun for example_setup_teardown to None, run_after=None
[2024-10-05T13:49:42.580-0400] {processor.py:208} INFO - Processing /home/patrick/.cache/pypoetry/virtualenvs/airflow-wPbgcfzP-py3.10/lib/python3.10/site-packages/airflow/example_dags/example_setup_teardown.py took 2.793 seconds
[2024-10-05T13:51:43.946-0400] {processor.py:186} INFO - Started process (PID=7237) to work on /home/patrick/.cache/pypoetry/virtualenvs/airflow-wPbgcfzP-py3.10/lib/python3.10/site-packages/airflow/example_dags/example_setup_teardown.py
[2024-10-05T13:51:43.947-0400] {processor.py:914} INFO - Processing file /home/patrick/.cache/pypoetry/virtualenvs/airflow-wPbgcfzP-py3.10/lib/python3.10/site-packages/airflow/example_dags/example_setup_teardown.py for tasks to queue
[2024-10-05T13:51:43.948-0400] {logging_mixin.py:190} INFO - [2024-10-05T13:51:43.948-0400] {dagbag.py:588} INFO - Filling up the DagBag from /home/patrick/.cache/pypoetry/virtualenvs/airflow-wPbgcfzP-py3.10/lib/python3.10/site-packages/airflow/example_dags/example_setup_teardown.py
[2024-10-05T13:51:43.953-0400] {processor.py:925} INFO - DAG(s) 'example_setup_teardown' retrieved from /home/patrick/.cache/pypoetry/virtualenvs/airflow-wPbgcfzP-py3.10/lib/python3.10/site-packages/airflow/example_dags/example_setup_teardown.py
[2024-10-05T13:51:45.963-0400] {logging_mixin.py:190} INFO - [2024-10-05T13:51:45.962-0400] {dag.py:3239} INFO - Sync 1 DAGs
[2024-10-05T13:51:46.026-0400] {logging_mixin.py:190} INFO - [2024-10-05T13:51:46.026-0400] {dag.py:4180} INFO - Setting next_dagrun for example_setup_teardown to None, run_after=None
[2024-10-05T13:51:46.682-0400] {processor.py:208} INFO - Processing /home/patrick/.cache/pypoetry/virtualenvs/airflow-wPbgcfzP-py3.10/lib/python3.10/site-packages/airflow/example_dags/example_setup_teardown.py took 2.739 seconds
