[2024-10-05T13:27:41.890-0400] {processor.py:186} INFO - Started process (PID=738) to work on /home/patrick/.cache/pypoetry/virtualenvs/airflow-wPbgcfzP-py3.10/lib/python3.10/site-packages/airflow/example_dags/example_params_ui_tutorial.py
[2024-10-05T13:27:41.892-0400] {processor.py:914} INFO - Processing file /home/patrick/.cache/pypoetry/virtualenvs/airflow-wPbgcfzP-py3.10/lib/python3.10/site-packages/airflow/example_dags/example_params_ui_tutorial.py for tasks to queue
[2024-10-05T13:27:41.894-0400] {logging_mixin.py:190} INFO - [2024-10-05T13:27:41.894-0400] {dagbag.py:588} INFO - Filling up the DagBag from /home/patrick/.cache/pypoetry/virtualenvs/airflow-wPbgcfzP-py3.10/lib/python3.10/site-packages/airflow/example_dags/example_params_ui_tutorial.py
[2024-10-05T13:27:41.900-0400] {processor.py:925} INFO - DAG(s) 'example_params_ui_tutorial' retrieved from /home/patrick/.cache/pypoetry/virtualenvs/airflow-wPbgcfzP-py3.10/lib/python3.10/site-packages/airflow/example_dags/example_params_ui_tutorial.py
[2024-10-05T13:27:44.603-0400] {logging_mixin.py:190} INFO - [2024-10-05T13:27:44.603-0400] {dag.py:3239} INFO - Sync 1 DAGs
[2024-10-05T13:27:44.703-0400] {logging_mixin.py:190} INFO - [2024-10-05T13:27:44.703-0400] {dag.py:4180} INFO - Setting next_dagrun for example_params_ui_tutorial to None, run_after=None
[2024-10-05T13:27:45.937-0400] {processor.py:208} INFO - Processing /home/patrick/.cache/pypoetry/virtualenvs/airflow-wPbgcfzP-py3.10/lib/python3.10/site-packages/airflow/example_dags/example_params_ui_tutorial.py took 4.050 seconds
[2024-10-05T13:32:46.662-0400] {processor.py:186} INFO - Started process (PID=2106) to work on /home/patrick/.cache/pypoetry/virtualenvs/airflow-wPbgcfzP-py3.10/lib/python3.10/site-packages/airflow/example_dags/example_params_ui_tutorial.py
[2024-10-05T13:32:46.664-0400] {processor.py:914} INFO - Processing file /home/patrick/.cache/pypoetry/virtualenvs/airflow-wPbgcfzP-py3.10/lib/python3.10/site-packages/airflow/example_dags/example_params_ui_tutorial.py for tasks to queue
[2024-10-05T13:32:46.673-0400] {logging_mixin.py:190} INFO - [2024-10-05T13:32:46.672-0400] {dagbag.py:588} INFO - Filling up the DagBag from /home/patrick/.cache/pypoetry/virtualenvs/airflow-wPbgcfzP-py3.10/lib/python3.10/site-packages/airflow/example_dags/example_params_ui_tutorial.py
[2024-10-05T13:32:46.679-0400] {processor.py:925} INFO - DAG(s) 'example_params_ui_tutorial' retrieved from /home/patrick/.cache/pypoetry/virtualenvs/airflow-wPbgcfzP-py3.10/lib/python3.10/site-packages/airflow/example_dags/example_params_ui_tutorial.py
[2024-10-05T13:32:52.501-0400] {logging_mixin.py:190} INFO - [2024-10-05T13:32:52.500-0400] {dag.py:3239} INFO - Sync 1 DAGs
[2024-10-05T13:32:52.697-0400] {logging_mixin.py:190} INFO - [2024-10-05T13:32:52.697-0400] {dag.py:4180} INFO - Setting next_dagrun for example_params_ui_tutorial to None, run_after=None
[2024-10-05T13:32:53.389-0400] {processor.py:208} INFO - Processing /home/patrick/.cache/pypoetry/virtualenvs/airflow-wPbgcfzP-py3.10/lib/python3.10/site-packages/airflow/example_dags/example_params_ui_tutorial.py took 6.731 seconds
[2024-10-05T13:35:34.366-0400] {processor.py:186} INFO - Started process (PID=2882) to work on /home/patrick/.cache/pypoetry/virtualenvs/airflow-wPbgcfzP-py3.10/lib/python3.10/site-packages/airflow/example_dags/example_params_ui_tutorial.py
[2024-10-05T13:35:34.367-0400] {processor.py:914} INFO - Processing file /home/patrick/.cache/pypoetry/virtualenvs/airflow-wPbgcfzP-py3.10/lib/python3.10/site-packages/airflow/example_dags/example_params_ui_tutorial.py for tasks to queue
[2024-10-05T13:35:34.369-0400] {logging_mixin.py:190} INFO - [2024-10-05T13:35:34.368-0400] {dagbag.py:588} INFO - Filling up the DagBag from /home/patrick/.cache/pypoetry/virtualenvs/airflow-wPbgcfzP-py3.10/lib/python3.10/site-packages/airflow/example_dags/example_params_ui_tutorial.py
[2024-10-05T13:35:34.373-0400] {processor.py:925} INFO - DAG(s) 'example_params_ui_tutorial' retrieved from /home/patrick/.cache/pypoetry/virtualenvs/airflow-wPbgcfzP-py3.10/lib/python3.10/site-packages/airflow/example_dags/example_params_ui_tutorial.py
[2024-10-05T13:35:36.215-0400] {logging_mixin.py:190} INFO - [2024-10-05T13:35:36.215-0400] {dag.py:3239} INFO - Sync 1 DAGs
[2024-10-05T13:35:36.295-0400] {logging_mixin.py:190} INFO - [2024-10-05T13:35:36.294-0400] {dag.py:4180} INFO - Setting next_dagrun for example_params_ui_tutorial to None, run_after=None
[2024-10-05T13:35:36.942-0400] {processor.py:208} INFO - Processing /home/patrick/.cache/pypoetry/virtualenvs/airflow-wPbgcfzP-py3.10/lib/python3.10/site-packages/airflow/example_dags/example_params_ui_tutorial.py took 2.579 seconds
[2024-10-05T13:38:03.860-0400] {processor.py:186} INFO - Started process (PID=3625) to work on /home/patrick/.cache/pypoetry/virtualenvs/airflow-wPbgcfzP-py3.10/lib/python3.10/site-packages/airflow/example_dags/example_params_ui_tutorial.py
[2024-10-05T13:38:03.861-0400] {processor.py:914} INFO - Processing file /home/patrick/.cache/pypoetry/virtualenvs/airflow-wPbgcfzP-py3.10/lib/python3.10/site-packages/airflow/example_dags/example_params_ui_tutorial.py for tasks to queue
[2024-10-05T13:38:03.863-0400] {logging_mixin.py:190} INFO - [2024-10-05T13:38:03.863-0400] {dagbag.py:588} INFO - Filling up the DagBag from /home/patrick/.cache/pypoetry/virtualenvs/airflow-wPbgcfzP-py3.10/lib/python3.10/site-packages/airflow/example_dags/example_params_ui_tutorial.py
[2024-10-05T13:38:03.869-0400] {processor.py:925} INFO - DAG(s) 'example_params_ui_tutorial' retrieved from /home/patrick/.cache/pypoetry/virtualenvs/airflow-wPbgcfzP-py3.10/lib/python3.10/site-packages/airflow/example_dags/example_params_ui_tutorial.py
[2024-10-05T13:38:15.129-0400] {logging_mixin.py:190} INFO - [2024-10-05T13:38:15.129-0400] {dag.py:3239} INFO - Sync 1 DAGs
[2024-10-05T13:38:15.562-0400] {logging_mixin.py:190} INFO - [2024-10-05T13:38:15.561-0400] {dag.py:4180} INFO - Setting next_dagrun for example_params_ui_tutorial to None, run_after=None
[2024-10-05T13:38:16.549-0400] {processor.py:208} INFO - Processing /home/patrick/.cache/pypoetry/virtualenvs/airflow-wPbgcfzP-py3.10/lib/python3.10/site-packages/airflow/example_dags/example_params_ui_tutorial.py took 12.693 seconds
[2024-10-05T13:40:58.266-0400] {processor.py:186} INFO - Started process (PID=4378) to work on /home/patrick/.cache/pypoetry/virtualenvs/airflow-wPbgcfzP-py3.10/lib/python3.10/site-packages/airflow/example_dags/example_params_ui_tutorial.py
[2024-10-05T13:40:58.267-0400] {processor.py:914} INFO - Processing file /home/patrick/.cache/pypoetry/virtualenvs/airflow-wPbgcfzP-py3.10/lib/python3.10/site-packages/airflow/example_dags/example_params_ui_tutorial.py for tasks to queue
[2024-10-05T13:40:58.268-0400] {logging_mixin.py:190} INFO - [2024-10-05T13:40:58.268-0400] {dagbag.py:588} INFO - Filling up the DagBag from /home/patrick/.cache/pypoetry/virtualenvs/airflow-wPbgcfzP-py3.10/lib/python3.10/site-packages/airflow/example_dags/example_params_ui_tutorial.py
[2024-10-05T13:40:58.273-0400] {processor.py:925} INFO - DAG(s) 'example_params_ui_tutorial' retrieved from /home/patrick/.cache/pypoetry/virtualenvs/airflow-wPbgcfzP-py3.10/lib/python3.10/site-packages/airflow/example_dags/example_params_ui_tutorial.py
[2024-10-05T13:41:00.269-0400] {logging_mixin.py:190} INFO - [2024-10-05T13:41:00.268-0400] {dag.py:3239} INFO - Sync 1 DAGs
[2024-10-05T13:41:00.440-0400] {logging_mixin.py:190} INFO - [2024-10-05T13:41:00.439-0400] {dag.py:4180} INFO - Setting next_dagrun for example_params_ui_tutorial to None, run_after=None
[2024-10-05T13:41:01.237-0400] {processor.py:208} INFO - Processing /home/patrick/.cache/pypoetry/virtualenvs/airflow-wPbgcfzP-py3.10/lib/python3.10/site-packages/airflow/example_dags/example_params_ui_tutorial.py took 2.975 seconds
[2024-10-05T13:43:24.649-0400] {processor.py:186} INFO - Started process (PID=5010) to work on /home/patrick/.cache/pypoetry/virtualenvs/airflow-wPbgcfzP-py3.10/lib/python3.10/site-packages/airflow/example_dags/example_params_ui_tutorial.py
[2024-10-05T13:43:24.650-0400] {processor.py:914} INFO - Processing file /home/patrick/.cache/pypoetry/virtualenvs/airflow-wPbgcfzP-py3.10/lib/python3.10/site-packages/airflow/example_dags/example_params_ui_tutorial.py for tasks to queue
[2024-10-05T13:43:24.651-0400] {logging_mixin.py:190} INFO - [2024-10-05T13:43:24.651-0400] {dagbag.py:588} INFO - Filling up the DagBag from /home/patrick/.cache/pypoetry/virtualenvs/airflow-wPbgcfzP-py3.10/lib/python3.10/site-packages/airflow/example_dags/example_params_ui_tutorial.py
[2024-10-05T13:43:24.656-0400] {processor.py:925} INFO - DAG(s) 'example_params_ui_tutorial' retrieved from /home/patrick/.cache/pypoetry/virtualenvs/airflow-wPbgcfzP-py3.10/lib/python3.10/site-packages/airflow/example_dags/example_params_ui_tutorial.py
[2024-10-05T13:43:26.613-0400] {logging_mixin.py:190} INFO - [2024-10-05T13:43:26.613-0400] {dag.py:3239} INFO - Sync 1 DAGs
[2024-10-05T13:43:26.700-0400] {logging_mixin.py:190} INFO - [2024-10-05T13:43:26.700-0400] {dag.py:4180} INFO - Setting next_dagrun for example_params_ui_tutorial to None, run_after=None
[2024-10-05T13:43:27.274-0400] {processor.py:208} INFO - Processing /home/patrick/.cache/pypoetry/virtualenvs/airflow-wPbgcfzP-py3.10/lib/python3.10/site-packages/airflow/example_dags/example_params_ui_tutorial.py took 2.628 seconds
[2024-10-05T13:45:10.394-0400] {processor.py:186} INFO - Started process (PID=5470) to work on /home/patrick/.cache/pypoetry/virtualenvs/airflow-wPbgcfzP-py3.10/lib/python3.10/site-packages/airflow/example_dags/example_params_ui_tutorial.py
[2024-10-05T13:45:10.397-0400] {processor.py:914} INFO - Processing file /home/patrick/.cache/pypoetry/virtualenvs/airflow-wPbgcfzP-py3.10/lib/python3.10/site-packages/airflow/example_dags/example_params_ui_tutorial.py for tasks to queue
[2024-10-05T13:45:10.400-0400] {logging_mixin.py:190} INFO - [2024-10-05T13:45:10.400-0400] {dagbag.py:588} INFO - Filling up the DagBag from /home/patrick/.cache/pypoetry/virtualenvs/airflow-wPbgcfzP-py3.10/lib/python3.10/site-packages/airflow/example_dags/example_params_ui_tutorial.py
[2024-10-05T13:45:10.406-0400] {processor.py:925} INFO - DAG(s) 'example_params_ui_tutorial' retrieved from /home/patrick/.cache/pypoetry/virtualenvs/airflow-wPbgcfzP-py3.10/lib/python3.10/site-packages/airflow/example_dags/example_params_ui_tutorial.py
[2024-10-05T13:45:12.406-0400] {logging_mixin.py:190} INFO - [2024-10-05T13:45:12.405-0400] {dag.py:3239} INFO - Sync 1 DAGs
[2024-10-05T13:45:12.475-0400] {logging_mixin.py:190} INFO - [2024-10-05T13:45:12.475-0400] {dag.py:4180} INFO - Setting next_dagrun for example_params_ui_tutorial to None, run_after=None
[2024-10-05T13:45:13.124-0400] {processor.py:208} INFO - Processing /home/patrick/.cache/pypoetry/virtualenvs/airflow-wPbgcfzP-py3.10/lib/python3.10/site-packages/airflow/example_dags/example_params_ui_tutorial.py took 2.734 seconds
[2024-10-05T13:46:51.350-0400] {processor.py:186} INFO - Started process (PID=5907) to work on /home/patrick/.cache/pypoetry/virtualenvs/airflow-wPbgcfzP-py3.10/lib/python3.10/site-packages/airflow/example_dags/example_params_ui_tutorial.py
[2024-10-05T13:46:51.350-0400] {processor.py:914} INFO - Processing file /home/patrick/.cache/pypoetry/virtualenvs/airflow-wPbgcfzP-py3.10/lib/python3.10/site-packages/airflow/example_dags/example_params_ui_tutorial.py for tasks to queue
[2024-10-05T13:46:51.352-0400] {logging_mixin.py:190} INFO - [2024-10-05T13:46:51.352-0400] {dagbag.py:588} INFO - Filling up the DagBag from /home/patrick/.cache/pypoetry/virtualenvs/airflow-wPbgcfzP-py3.10/lib/python3.10/site-packages/airflow/example_dags/example_params_ui_tutorial.py
[2024-10-05T13:46:51.356-0400] {processor.py:925} INFO - DAG(s) 'example_params_ui_tutorial' retrieved from /home/patrick/.cache/pypoetry/virtualenvs/airflow-wPbgcfzP-py3.10/lib/python3.10/site-packages/airflow/example_dags/example_params_ui_tutorial.py
[2024-10-05T13:46:52.617-0400] {logging_mixin.py:190} INFO - [2024-10-05T13:46:52.617-0400] {dag.py:3239} INFO - Sync 1 DAGs
[2024-10-05T13:46:52.720-0400] {logging_mixin.py:190} INFO - [2024-10-05T13:46:52.720-0400] {dag.py:4180} INFO - Setting next_dagrun for example_params_ui_tutorial to None, run_after=None
[2024-10-05T13:46:53.328-0400] {processor.py:208} INFO - Processing /home/patrick/.cache/pypoetry/virtualenvs/airflow-wPbgcfzP-py3.10/lib/python3.10/site-packages/airflow/example_dags/example_params_ui_tutorial.py took 1.982 seconds
[2024-10-05T13:49:00.541-0400] {processor.py:186} INFO - Started process (PID=6462) to work on /home/patrick/.cache/pypoetry/virtualenvs/airflow-wPbgcfzP-py3.10/lib/python3.10/site-packages/airflow/example_dags/example_params_ui_tutorial.py
[2024-10-05T13:49:00.542-0400] {processor.py:914} INFO - Processing file /home/patrick/.cache/pypoetry/virtualenvs/airflow-wPbgcfzP-py3.10/lib/python3.10/site-packages/airflow/example_dags/example_params_ui_tutorial.py for tasks to queue
[2024-10-05T13:49:00.543-0400] {logging_mixin.py:190} INFO - [2024-10-05T13:49:00.543-0400] {dagbag.py:588} INFO - Filling up the DagBag from /home/patrick/.cache/pypoetry/virtualenvs/airflow-wPbgcfzP-py3.10/lib/python3.10/site-packages/airflow/example_dags/example_params_ui_tutorial.py
[2024-10-05T13:49:00.548-0400] {processor.py:925} INFO - DAG(s) 'example_params_ui_tutorial' retrieved from /home/patrick/.cache/pypoetry/virtualenvs/airflow-wPbgcfzP-py3.10/lib/python3.10/site-packages/airflow/example_dags/example_params_ui_tutorial.py
[2024-10-05T13:49:03.249-0400] {logging_mixin.py:190} INFO - [2024-10-05T13:49:03.249-0400] {dag.py:3239} INFO - Sync 1 DAGs
[2024-10-05T13:49:03.313-0400] {logging_mixin.py:190} INFO - [2024-10-05T13:49:03.312-0400] {dag.py:4180} INFO - Setting next_dagrun for example_params_ui_tutorial to None, run_after=None
[2024-10-05T13:49:03.933-0400] {processor.py:208} INFO - Processing /home/patrick/.cache/pypoetry/virtualenvs/airflow-wPbgcfzP-py3.10/lib/python3.10/site-packages/airflow/example_dags/example_params_ui_tutorial.py took 3.396 seconds
[2024-10-05T13:51:08.239-0400] {processor.py:186} INFO - Started process (PID=7015) to work on /home/patrick/.cache/pypoetry/virtualenvs/airflow-wPbgcfzP-py3.10/lib/python3.10/site-packages/airflow/example_dags/example_params_ui_tutorial.py
[2024-10-05T13:51:08.239-0400] {processor.py:914} INFO - Processing file /home/patrick/.cache/pypoetry/virtualenvs/airflow-wPbgcfzP-py3.10/lib/python3.10/site-packages/airflow/example_dags/example_params_ui_tutorial.py for tasks to queue
[2024-10-05T13:51:08.241-0400] {logging_mixin.py:190} INFO - [2024-10-05T13:51:08.240-0400] {dagbag.py:588} INFO - Filling up the DagBag from /home/patrick/.cache/pypoetry/virtualenvs/airflow-wPbgcfzP-py3.10/lib/python3.10/site-packages/airflow/example_dags/example_params_ui_tutorial.py
[2024-10-05T13:51:08.245-0400] {processor.py:925} INFO - DAG(s) 'example_params_ui_tutorial' retrieved from /home/patrick/.cache/pypoetry/virtualenvs/airflow-wPbgcfzP-py3.10/lib/python3.10/site-packages/airflow/example_dags/example_params_ui_tutorial.py
[2024-10-05T13:51:13.144-0400] {logging_mixin.py:190} INFO - [2024-10-05T13:51:13.144-0400] {dag.py:3239} INFO - Sync 1 DAGs
[2024-10-05T13:51:13.199-0400] {logging_mixin.py:190} INFO - [2024-10-05T13:51:13.199-0400] {dag.py:4180} INFO - Setting next_dagrun for example_params_ui_tutorial to None, run_after=None
[2024-10-05T13:51:13.750-0400] {processor.py:208} INFO - Processing /home/patrick/.cache/pypoetry/virtualenvs/airflow-wPbgcfzP-py3.10/lib/python3.10/site-packages/airflow/example_dags/example_params_ui_tutorial.py took 5.515 seconds
