[2024-10-05T13:28:16.950-0400] {processor.py:186} INFO - Started process (PID=916) to work on /home/patrick/.cache/pypoetry/virtualenvs/airflow-wPbgcfzP-py3.10/lib/python3.10/site-packages/airflow/example_dags/example_skip_dag.py
[2024-10-05T13:28:16.951-0400] {processor.py:914} INFO - Processing file /home/patrick/.cache/pypoetry/virtualenvs/airflow-wPbgcfzP-py3.10/lib/python3.10/site-packages/airflow/example_dags/example_skip_dag.py for tasks to queue
[2024-10-05T13:28:16.952-0400] {logging_mixin.py:190} INFO - [2024-10-05T13:28:16.952-0400] {dagbag.py:588} INFO - Filling up the DagBag from /home/patrick/.cache/pypoetry/virtualenvs/airflow-wPbgcfzP-py3.10/lib/python3.10/site-packages/airflow/example_dags/example_skip_dag.py
[2024-10-05T13:28:16.957-0400] {processor.py:925} INFO - DAG(s) 'example_skip_dag' retrieved from /home/patrick/.cache/pypoetry/virtualenvs/airflow-wPbgcfzP-py3.10/lib/python3.10/site-packages/airflow/example_dags/example_skip_dag.py
[2024-10-05T13:28:28.466-0400] {logging_mixin.py:190} INFO - [2024-10-05T13:28:28.466-0400] {dag.py:3239} INFO - Sync 1 DAGs
[2024-10-05T13:28:28.907-0400] {logging_mixin.py:190} INFO - [2024-10-05T13:28:28.907-0400] {dag.py:4180} INFO - Setting next_dagrun for example_skip_dag to 2024-10-04 00:00:00+00:00, run_after=2024-10-05 00:00:00+00:00
[2024-10-05T13:28:30.247-0400] {processor.py:208} INFO - Processing /home/patrick/.cache/pypoetry/virtualenvs/airflow-wPbgcfzP-py3.10/lib/python3.10/site-packages/airflow/example_dags/example_skip_dag.py took 13.300 seconds
[2024-10-05T13:33:11.572-0400] {processor.py:186} INFO - Started process (PID=2241) to work on /home/patrick/.cache/pypoetry/virtualenvs/airflow-wPbgcfzP-py3.10/lib/python3.10/site-packages/airflow/example_dags/example_skip_dag.py
[2024-10-05T13:33:11.574-0400] {processor.py:914} INFO - Processing file /home/patrick/.cache/pypoetry/virtualenvs/airflow-wPbgcfzP-py3.10/lib/python3.10/site-packages/airflow/example_dags/example_skip_dag.py for tasks to queue
[2024-10-05T13:33:11.576-0400] {logging_mixin.py:190} INFO - [2024-10-05T13:33:11.575-0400] {dagbag.py:588} INFO - Filling up the DagBag from /home/patrick/.cache/pypoetry/virtualenvs/airflow-wPbgcfzP-py3.10/lib/python3.10/site-packages/airflow/example_dags/example_skip_dag.py
[2024-10-05T13:33:11.580-0400] {processor.py:925} INFO - DAG(s) 'example_skip_dag' retrieved from /home/patrick/.cache/pypoetry/virtualenvs/airflow-wPbgcfzP-py3.10/lib/python3.10/site-packages/airflow/example_dags/example_skip_dag.py
[2024-10-05T13:33:15.910-0400] {logging_mixin.py:190} INFO - [2024-10-05T13:33:15.910-0400] {dag.py:3239} INFO - Sync 1 DAGs
[2024-10-05T13:33:16.207-0400] {logging_mixin.py:190} INFO - [2024-10-05T13:33:16.207-0400] {dag.py:4180} INFO - Setting next_dagrun for example_skip_dag to 2024-10-04 00:00:00+00:00, run_after=2024-10-05 00:00:00+00:00
[2024-10-05T13:33:16.912-0400] {processor.py:208} INFO - Processing /home/patrick/.cache/pypoetry/virtualenvs/airflow-wPbgcfzP-py3.10/lib/python3.10/site-packages/airflow/example_dags/example_skip_dag.py took 5.343 seconds
[2024-10-05T13:35:55.330-0400] {processor.py:186} INFO - Started process (PID=2978) to work on /home/patrick/.cache/pypoetry/virtualenvs/airflow-wPbgcfzP-py3.10/lib/python3.10/site-packages/airflow/example_dags/example_skip_dag.py
[2024-10-05T13:35:55.331-0400] {processor.py:914} INFO - Processing file /home/patrick/.cache/pypoetry/virtualenvs/airflow-wPbgcfzP-py3.10/lib/python3.10/site-packages/airflow/example_dags/example_skip_dag.py for tasks to queue
[2024-10-05T13:35:55.332-0400] {logging_mixin.py:190} INFO - [2024-10-05T13:35:55.332-0400] {dagbag.py:588} INFO - Filling up the DagBag from /home/patrick/.cache/pypoetry/virtualenvs/airflow-wPbgcfzP-py3.10/lib/python3.10/site-packages/airflow/example_dags/example_skip_dag.py
[2024-10-05T13:35:55.337-0400] {processor.py:925} INFO - DAG(s) 'example_skip_dag' retrieved from /home/patrick/.cache/pypoetry/virtualenvs/airflow-wPbgcfzP-py3.10/lib/python3.10/site-packages/airflow/example_dags/example_skip_dag.py
[2024-10-05T13:35:58.187-0400] {logging_mixin.py:190} INFO - [2024-10-05T13:35:58.187-0400] {dag.py:3239} INFO - Sync 1 DAGs
[2024-10-05T13:35:58.384-0400] {logging_mixin.py:190} INFO - [2024-10-05T13:35:58.384-0400] {dag.py:4180} INFO - Setting next_dagrun for example_skip_dag to 2024-10-04 00:00:00+00:00, run_after=2024-10-05 00:00:00+00:00
[2024-10-05T13:35:58.976-0400] {processor.py:208} INFO - Processing /home/patrick/.cache/pypoetry/virtualenvs/airflow-wPbgcfzP-py3.10/lib/python3.10/site-packages/airflow/example_dags/example_skip_dag.py took 3.650 seconds
[2024-10-05T13:38:45.222-0400] {processor.py:186} INFO - Started process (PID=3798) to work on /home/patrick/.cache/pypoetry/virtualenvs/airflow-wPbgcfzP-py3.10/lib/python3.10/site-packages/airflow/example_dags/example_skip_dag.py
[2024-10-05T13:38:45.223-0400] {processor.py:914} INFO - Processing file /home/patrick/.cache/pypoetry/virtualenvs/airflow-wPbgcfzP-py3.10/lib/python3.10/site-packages/airflow/example_dags/example_skip_dag.py for tasks to queue
[2024-10-05T13:38:45.225-0400] {logging_mixin.py:190} INFO - [2024-10-05T13:38:45.225-0400] {dagbag.py:588} INFO - Filling up the DagBag from /home/patrick/.cache/pypoetry/virtualenvs/airflow-wPbgcfzP-py3.10/lib/python3.10/site-packages/airflow/example_dags/example_skip_dag.py
[2024-10-05T13:38:45.231-0400] {processor.py:925} INFO - DAG(s) 'example_skip_dag' retrieved from /home/patrick/.cache/pypoetry/virtualenvs/airflow-wPbgcfzP-py3.10/lib/python3.10/site-packages/airflow/example_dags/example_skip_dag.py
[2024-10-05T13:38:47.812-0400] {logging_mixin.py:190} INFO - [2024-10-05T13:38:47.811-0400] {dag.py:3239} INFO - Sync 1 DAGs
[2024-10-05T13:38:47.959-0400] {logging_mixin.py:190} INFO - [2024-10-05T13:38:47.959-0400] {dag.py:4180} INFO - Setting next_dagrun for example_skip_dag to 2024-10-04 00:00:00+00:00, run_after=2024-10-05 00:00:00+00:00
[2024-10-05T13:38:48.525-0400] {processor.py:208} INFO - Processing /home/patrick/.cache/pypoetry/virtualenvs/airflow-wPbgcfzP-py3.10/lib/python3.10/site-packages/airflow/example_dags/example_skip_dag.py took 3.307 seconds
[2024-10-05T13:41:13.403-0400] {processor.py:186} INFO - Started process (PID=4447) to work on /home/patrick/.cache/pypoetry/virtualenvs/airflow-wPbgcfzP-py3.10/lib/python3.10/site-packages/airflow/example_dags/example_skip_dag.py
[2024-10-05T13:41:13.404-0400] {processor.py:914} INFO - Processing file /home/patrick/.cache/pypoetry/virtualenvs/airflow-wPbgcfzP-py3.10/lib/python3.10/site-packages/airflow/example_dags/example_skip_dag.py for tasks to queue
[2024-10-05T13:41:13.405-0400] {logging_mixin.py:190} INFO - [2024-10-05T13:41:13.405-0400] {dagbag.py:588} INFO - Filling up the DagBag from /home/patrick/.cache/pypoetry/virtualenvs/airflow-wPbgcfzP-py3.10/lib/python3.10/site-packages/airflow/example_dags/example_skip_dag.py
[2024-10-05T13:41:13.410-0400] {processor.py:925} INFO - DAG(s) 'example_skip_dag' retrieved from /home/patrick/.cache/pypoetry/virtualenvs/airflow-wPbgcfzP-py3.10/lib/python3.10/site-packages/airflow/example_dags/example_skip_dag.py
[2024-10-05T13:41:17.525-0400] {logging_mixin.py:190} INFO - [2024-10-05T13:41:17.524-0400] {dag.py:3239} INFO - Sync 1 DAGs
[2024-10-05T13:41:17.760-0400] {logging_mixin.py:190} INFO - [2024-10-05T13:41:17.760-0400] {dag.py:4180} INFO - Setting next_dagrun for example_skip_dag to 2024-10-04 00:00:00+00:00, run_after=2024-10-05 00:00:00+00:00
[2024-10-05T13:41:18.534-0400] {processor.py:208} INFO - Processing /home/patrick/.cache/pypoetry/virtualenvs/airflow-wPbgcfzP-py3.10/lib/python3.10/site-packages/airflow/example_dags/example_skip_dag.py took 5.134 seconds
[2024-10-05T13:43:39.089-0400] {processor.py:186} INFO - Started process (PID=5075) to work on /home/patrick/.cache/pypoetry/virtualenvs/airflow-wPbgcfzP-py3.10/lib/python3.10/site-packages/airflow/example_dags/example_skip_dag.py
[2024-10-05T13:43:39.090-0400] {processor.py:914} INFO - Processing file /home/patrick/.cache/pypoetry/virtualenvs/airflow-wPbgcfzP-py3.10/lib/python3.10/site-packages/airflow/example_dags/example_skip_dag.py for tasks to queue
[2024-10-05T13:43:39.091-0400] {logging_mixin.py:190} INFO - [2024-10-05T13:43:39.091-0400] {dagbag.py:588} INFO - Filling up the DagBag from /home/patrick/.cache/pypoetry/virtualenvs/airflow-wPbgcfzP-py3.10/lib/python3.10/site-packages/airflow/example_dags/example_skip_dag.py
[2024-10-05T13:43:39.095-0400] {processor.py:925} INFO - DAG(s) 'example_skip_dag' retrieved from /home/patrick/.cache/pypoetry/virtualenvs/airflow-wPbgcfzP-py3.10/lib/python3.10/site-packages/airflow/example_dags/example_skip_dag.py
[2024-10-05T13:43:41.540-0400] {logging_mixin.py:190} INFO - [2024-10-05T13:43:41.540-0400] {dag.py:3239} INFO - Sync 1 DAGs
[2024-10-05T13:43:41.689-0400] {logging_mixin.py:190} INFO - [2024-10-05T13:43:41.689-0400] {dag.py:4180} INFO - Setting next_dagrun for example_skip_dag to 2024-10-04 00:00:00+00:00, run_after=2024-10-05 00:00:00+00:00
[2024-10-05T13:43:42.215-0400] {processor.py:208} INFO - Processing /home/patrick/.cache/pypoetry/virtualenvs/airflow-wPbgcfzP-py3.10/lib/python3.10/site-packages/airflow/example_dags/example_skip_dag.py took 3.130 seconds
[2024-10-05T13:45:26.311-0400] {processor.py:186} INFO - Started process (PID=5542) to work on /home/patrick/.cache/pypoetry/virtualenvs/airflow-wPbgcfzP-py3.10/lib/python3.10/site-packages/airflow/example_dags/example_skip_dag.py
[2024-10-05T13:45:26.312-0400] {processor.py:914} INFO - Processing file /home/patrick/.cache/pypoetry/virtualenvs/airflow-wPbgcfzP-py3.10/lib/python3.10/site-packages/airflow/example_dags/example_skip_dag.py for tasks to queue
[2024-10-05T13:45:26.313-0400] {logging_mixin.py:190} INFO - [2024-10-05T13:45:26.313-0400] {dagbag.py:588} INFO - Filling up the DagBag from /home/patrick/.cache/pypoetry/virtualenvs/airflow-wPbgcfzP-py3.10/lib/python3.10/site-packages/airflow/example_dags/example_skip_dag.py
[2024-10-05T13:45:26.317-0400] {processor.py:925} INFO - DAG(s) 'example_skip_dag' retrieved from /home/patrick/.cache/pypoetry/virtualenvs/airflow-wPbgcfzP-py3.10/lib/python3.10/site-packages/airflow/example_dags/example_skip_dag.py
[2024-10-05T13:45:30.843-0400] {logging_mixin.py:190} INFO - [2024-10-05T13:45:30.843-0400] {dag.py:3239} INFO - Sync 1 DAGs
[2024-10-05T13:45:30.992-0400] {logging_mixin.py:190} INFO - [2024-10-05T13:45:30.991-0400] {dag.py:4180} INFO - Setting next_dagrun for example_skip_dag to 2024-10-04 00:00:00+00:00, run_after=2024-10-05 00:00:00+00:00
[2024-10-05T13:45:31.534-0400] {processor.py:208} INFO - Processing /home/patrick/.cache/pypoetry/virtualenvs/airflow-wPbgcfzP-py3.10/lib/python3.10/site-packages/airflow/example_dags/example_skip_dag.py took 5.226 seconds
[2024-10-05T13:47:09.769-0400] {processor.py:186} INFO - Started process (PID=5988) to work on /home/patrick/.cache/pypoetry/virtualenvs/airflow-wPbgcfzP-py3.10/lib/python3.10/site-packages/airflow/example_dags/example_skip_dag.py
[2024-10-05T13:47:09.770-0400] {processor.py:914} INFO - Processing file /home/patrick/.cache/pypoetry/virtualenvs/airflow-wPbgcfzP-py3.10/lib/python3.10/site-packages/airflow/example_dags/example_skip_dag.py for tasks to queue
[2024-10-05T13:47:09.772-0400] {logging_mixin.py:190} INFO - [2024-10-05T13:47:09.771-0400] {dagbag.py:588} INFO - Filling up the DagBag from /home/patrick/.cache/pypoetry/virtualenvs/airflow-wPbgcfzP-py3.10/lib/python3.10/site-packages/airflow/example_dags/example_skip_dag.py
[2024-10-05T13:47:09.776-0400] {processor.py:925} INFO - DAG(s) 'example_skip_dag' retrieved from /home/patrick/.cache/pypoetry/virtualenvs/airflow-wPbgcfzP-py3.10/lib/python3.10/site-packages/airflow/example_dags/example_skip_dag.py
[2024-10-05T13:47:11.977-0400] {logging_mixin.py:190} INFO - [2024-10-05T13:47:11.977-0400] {dag.py:3239} INFO - Sync 1 DAGs
[2024-10-05T13:47:12.215-0400] {logging_mixin.py:190} INFO - [2024-10-05T13:47:12.215-0400] {dag.py:4180} INFO - Setting next_dagrun for example_skip_dag to 2024-10-04 00:00:00+00:00, run_after=2024-10-05 00:00:00+00:00
[2024-10-05T13:47:12.756-0400] {processor.py:208} INFO - Processing /home/patrick/.cache/pypoetry/virtualenvs/airflow-wPbgcfzP-py3.10/lib/python3.10/site-packages/airflow/example_dags/example_skip_dag.py took 2.991 seconds
[2024-10-05T13:49:23.748-0400] {processor.py:186} INFO - Started process (PID=6562) to work on /home/patrick/.cache/pypoetry/virtualenvs/airflow-wPbgcfzP-py3.10/lib/python3.10/site-packages/airflow/example_dags/example_skip_dag.py
[2024-10-05T13:49:23.749-0400] {processor.py:914} INFO - Processing file /home/patrick/.cache/pypoetry/virtualenvs/airflow-wPbgcfzP-py3.10/lib/python3.10/site-packages/airflow/example_dags/example_skip_dag.py for tasks to queue
[2024-10-05T13:49:23.750-0400] {logging_mixin.py:190} INFO - [2024-10-05T13:49:23.750-0400] {dagbag.py:588} INFO - Filling up the DagBag from /home/patrick/.cache/pypoetry/virtualenvs/airflow-wPbgcfzP-py3.10/lib/python3.10/site-packages/airflow/example_dags/example_skip_dag.py
[2024-10-05T13:49:23.755-0400] {processor.py:925} INFO - DAG(s) 'example_skip_dag' retrieved from /home/patrick/.cache/pypoetry/virtualenvs/airflow-wPbgcfzP-py3.10/lib/python3.10/site-packages/airflow/example_dags/example_skip_dag.py
[2024-10-05T13:49:29.257-0400] {logging_mixin.py:190} INFO - [2024-10-05T13:49:29.256-0400] {dag.py:3239} INFO - Sync 1 DAGs
[2024-10-05T13:49:29.633-0400] {logging_mixin.py:190} INFO - [2024-10-05T13:49:29.633-0400] {dag.py:4180} INFO - Setting next_dagrun for example_skip_dag to 2024-10-04 00:00:00+00:00, run_after=2024-10-05 00:00:00+00:00
[2024-10-05T13:49:30.299-0400] {processor.py:208} INFO - Processing /home/patrick/.cache/pypoetry/virtualenvs/airflow-wPbgcfzP-py3.10/lib/python3.10/site-packages/airflow/example_dags/example_skip_dag.py took 6.555 seconds
[2024-10-05T13:51:31.187-0400] {processor.py:186} INFO - Started process (PID=7180) to work on /home/patrick/.cache/pypoetry/virtualenvs/airflow-wPbgcfzP-py3.10/lib/python3.10/site-packages/airflow/example_dags/example_skip_dag.py
[2024-10-05T13:51:31.188-0400] {processor.py:914} INFO - Processing file /home/patrick/.cache/pypoetry/virtualenvs/airflow-wPbgcfzP-py3.10/lib/python3.10/site-packages/airflow/example_dags/example_skip_dag.py for tasks to queue
[2024-10-05T13:51:31.189-0400] {logging_mixin.py:190} INFO - [2024-10-05T13:51:31.189-0400] {dagbag.py:588} INFO - Filling up the DagBag from /home/patrick/.cache/pypoetry/virtualenvs/airflow-wPbgcfzP-py3.10/lib/python3.10/site-packages/airflow/example_dags/example_skip_dag.py
[2024-10-05T13:51:31.193-0400] {processor.py:925} INFO - DAG(s) 'example_skip_dag' retrieved from /home/patrick/.cache/pypoetry/virtualenvs/airflow-wPbgcfzP-py3.10/lib/python3.10/site-packages/airflow/example_dags/example_skip_dag.py
[2024-10-05T13:51:32.985-0400] {logging_mixin.py:190} INFO - [2024-10-05T13:51:32.984-0400] {dag.py:3239} INFO - Sync 1 DAGs
[2024-10-05T13:51:33.118-0400] {logging_mixin.py:190} INFO - [2024-10-05T13:51:33.117-0400] {dag.py:4180} INFO - Setting next_dagrun for example_skip_dag to 2024-10-04 00:00:00+00:00, run_after=2024-10-05 00:00:00+00:00
[2024-10-05T13:51:33.655-0400] {processor.py:208} INFO - Processing /home/patrick/.cache/pypoetry/virtualenvs/airflow-wPbgcfzP-py3.10/lib/python3.10/site-packages/airflow/example_dags/example_skip_dag.py took 2.472 seconds
