[2024-10-05T13:29:56.524-0400] {processor.py:186} INFO - Started process (PID=1375) to work on /home/patrick/.cache/pypoetry/virtualenvs/airflow-wPbgcfzP-py3.10/lib/python3.10/site-packages/airflow/example_dags/example_inlet_event_extra.py
[2024-10-05T13:29:56.524-0400] {processor.py:914} INFO - Processing file /home/patrick/.cache/pypoetry/virtualenvs/airflow-wPbgcfzP-py3.10/lib/python3.10/site-packages/airflow/example_dags/example_inlet_event_extra.py for tasks to queue
[2024-10-05T13:29:56.526-0400] {logging_mixin.py:190} INFO - [2024-10-05T13:29:56.526-0400] {dagbag.py:588} INFO - Filling up the DagBag from /home/patrick/.cache/pypoetry/virtualenvs/airflow-wPbgcfzP-py3.10/lib/python3.10/site-packages/airflow/example_dags/example_inlet_event_extra.py
[2024-10-05T13:29:56.532-0400] {processor.py:925} INFO - DAG(s) 'read_dataset_event', 'read_dataset_event_from_classic' retrieved from /home/patrick/.cache/pypoetry/virtualenvs/airflow-wPbgcfzP-py3.10/lib/python3.10/site-packages/airflow/example_dags/example_inlet_event_extra.py
[2024-10-05T13:30:00.879-0400] {logging_mixin.py:190} INFO - [2024-10-05T13:30:00.879-0400] {dag.py:3239} INFO - Sync 2 DAGs
[2024-10-05T13:30:01.174-0400] {logging_mixin.py:190} INFO - [2024-10-05T13:30:01.174-0400] {dag.py:4180} INFO - Setting next_dagrun for read_dataset_event to 2024-10-04 00:00:00+00:00, run_after=2024-10-05 00:00:00+00:00
[2024-10-05T13:30:01.214-0400] {logging_mixin.py:190} INFO - [2024-10-05T13:30:01.214-0400] {dag.py:4180} INFO - Setting next_dagrun for read_dataset_event_from_classic to 2024-10-04 00:00:00+00:00, run_after=2024-10-05 00:00:00+00:00
[2024-10-05T13:30:01.879-0400] {processor.py:208} INFO - Processing /home/patrick/.cache/pypoetry/virtualenvs/airflow-wPbgcfzP-py3.10/lib/python3.10/site-packages/airflow/example_dags/example_inlet_event_extra.py took 5.359 seconds
[2024-10-05T13:34:52.927-0400] {processor.py:186} INFO - Started process (PID=2694) to work on /home/patrick/.cache/pypoetry/virtualenvs/airflow-wPbgcfzP-py3.10/lib/python3.10/site-packages/airflow/example_dags/example_inlet_event_extra.py
[2024-10-05T13:34:52.928-0400] {processor.py:914} INFO - Processing file /home/patrick/.cache/pypoetry/virtualenvs/airflow-wPbgcfzP-py3.10/lib/python3.10/site-packages/airflow/example_dags/example_inlet_event_extra.py for tasks to queue
[2024-10-05T13:34:52.930-0400] {logging_mixin.py:190} INFO - [2024-10-05T13:34:52.929-0400] {dagbag.py:588} INFO - Filling up the DagBag from /home/patrick/.cache/pypoetry/virtualenvs/airflow-wPbgcfzP-py3.10/lib/python3.10/site-packages/airflow/example_dags/example_inlet_event_extra.py
[2024-10-05T13:34:52.937-0400] {processor.py:925} INFO - DAG(s) 'read_dataset_event', 'read_dataset_event_from_classic' retrieved from /home/patrick/.cache/pypoetry/virtualenvs/airflow-wPbgcfzP-py3.10/lib/python3.10/site-packages/airflow/example_dags/example_inlet_event_extra.py
[2024-10-05T13:34:54.862-0400] {logging_mixin.py:190} INFO - [2024-10-05T13:34:54.861-0400] {dag.py:3239} INFO - Sync 2 DAGs
[2024-10-05T13:34:55.109-0400] {logging_mixin.py:190} INFO - [2024-10-05T13:34:55.109-0400] {dag.py:4180} INFO - Setting next_dagrun for read_dataset_event to 2024-10-04 00:00:00+00:00, run_after=2024-10-05 00:00:00+00:00
[2024-10-05T13:34:55.158-0400] {logging_mixin.py:190} INFO - [2024-10-05T13:34:55.157-0400] {dag.py:4180} INFO - Setting next_dagrun for read_dataset_event_from_classic to 2024-10-04 00:00:00+00:00, run_after=2024-10-05 00:00:00+00:00
[2024-10-05T13:34:55.719-0400] {processor.py:208} INFO - Processing /home/patrick/.cache/pypoetry/virtualenvs/airflow-wPbgcfzP-py3.10/lib/python3.10/site-packages/airflow/example_dags/example_inlet_event_extra.py took 2.796 seconds
[2024-10-05T13:37:36.661-0400] {processor.py:186} INFO - Started process (PID=3500) to work on /home/patrick/.cache/pypoetry/virtualenvs/airflow-wPbgcfzP-py3.10/lib/python3.10/site-packages/airflow/example_dags/example_inlet_event_extra.py
[2024-10-05T13:37:36.662-0400] {processor.py:914} INFO - Processing file /home/patrick/.cache/pypoetry/virtualenvs/airflow-wPbgcfzP-py3.10/lib/python3.10/site-packages/airflow/example_dags/example_inlet_event_extra.py for tasks to queue
[2024-10-05T13:37:36.663-0400] {logging_mixin.py:190} INFO - [2024-10-05T13:37:36.663-0400] {dagbag.py:588} INFO - Filling up the DagBag from /home/patrick/.cache/pypoetry/virtualenvs/airflow-wPbgcfzP-py3.10/lib/python3.10/site-packages/airflow/example_dags/example_inlet_event_extra.py
[2024-10-05T13:37:36.677-0400] {processor.py:925} INFO - DAG(s) 'read_dataset_event_from_classic', 'read_dataset_event' retrieved from /home/patrick/.cache/pypoetry/virtualenvs/airflow-wPbgcfzP-py3.10/lib/python3.10/site-packages/airflow/example_dags/example_inlet_event_extra.py
[2024-10-05T13:37:38.997-0400] {logging_mixin.py:190} INFO - [2024-10-05T13:37:38.997-0400] {dag.py:3239} INFO - Sync 2 DAGs
[2024-10-05T13:37:39.302-0400] {logging_mixin.py:190} INFO - [2024-10-05T13:37:39.302-0400] {dag.py:4180} INFO - Setting next_dagrun for read_dataset_event to 2024-10-04 00:00:00+00:00, run_after=2024-10-05 00:00:00+00:00
[2024-10-05T13:37:39.348-0400] {logging_mixin.py:190} INFO - [2024-10-05T13:37:39.348-0400] {dag.py:4180} INFO - Setting next_dagrun for read_dataset_event_from_classic to 2024-10-04 00:00:00+00:00, run_after=2024-10-05 00:00:00+00:00
[2024-10-05T13:37:40.081-0400] {processor.py:208} INFO - Processing /home/patrick/.cache/pypoetry/virtualenvs/airflow-wPbgcfzP-py3.10/lib/python3.10/site-packages/airflow/example_dags/example_inlet_event_extra.py took 3.424 seconds
[2024-10-05T13:42:41.833-0400] {processor.py:186} INFO - Started process (PID=4826) to work on /home/patrick/.cache/pypoetry/virtualenvs/airflow-wPbgcfzP-py3.10/lib/python3.10/site-packages/airflow/example_dags/example_inlet_event_extra.py
[2024-10-05T13:42:41.834-0400] {processor.py:914} INFO - Processing file /home/patrick/.cache/pypoetry/virtualenvs/airflow-wPbgcfzP-py3.10/lib/python3.10/site-packages/airflow/example_dags/example_inlet_event_extra.py for tasks to queue
[2024-10-05T13:42:41.835-0400] {logging_mixin.py:190} INFO - [2024-10-05T13:42:41.835-0400] {dagbag.py:588} INFO - Filling up the DagBag from /home/patrick/.cache/pypoetry/virtualenvs/airflow-wPbgcfzP-py3.10/lib/python3.10/site-packages/airflow/example_dags/example_inlet_event_extra.py
[2024-10-05T13:42:41.842-0400] {processor.py:925} INFO - DAG(s) 'read_dataset_event', 'read_dataset_event_from_classic' retrieved from /home/patrick/.cache/pypoetry/virtualenvs/airflow-wPbgcfzP-py3.10/lib/python3.10/site-packages/airflow/example_dags/example_inlet_event_extra.py
[2024-10-05T13:42:48.307-0400] {logging_mixin.py:190} INFO - [2024-10-05T13:42:48.307-0400] {dag.py:3239} INFO - Sync 2 DAGs
[2024-10-05T13:42:48.668-0400] {logging_mixin.py:190} INFO - [2024-10-05T13:42:48.667-0400] {dag.py:4180} INFO - Setting next_dagrun for read_dataset_event to 2024-10-04 00:00:00+00:00, run_after=2024-10-05 00:00:00+00:00
[2024-10-05T13:42:48.726-0400] {logging_mixin.py:190} INFO - [2024-10-05T13:42:48.726-0400] {dag.py:4180} INFO - Setting next_dagrun for read_dataset_event_from_classic to 2024-10-04 00:00:00+00:00, run_after=2024-10-05 00:00:00+00:00
[2024-10-05T13:42:49.347-0400] {processor.py:208} INFO - Processing /home/patrick/.cache/pypoetry/virtualenvs/airflow-wPbgcfzP-py3.10/lib/python3.10/site-packages/airflow/example_dags/example_inlet_event_extra.py took 7.517 seconds
[2024-10-05T13:46:03.319-0400] {processor.py:186} INFO - Started process (PID=5704) to work on /home/patrick/.cache/pypoetry/virtualenvs/airflow-wPbgcfzP-py3.10/lib/python3.10/site-packages/airflow/example_dags/example_inlet_event_extra.py
[2024-10-05T13:46:03.320-0400] {processor.py:914} INFO - Processing file /home/patrick/.cache/pypoetry/virtualenvs/airflow-wPbgcfzP-py3.10/lib/python3.10/site-packages/airflow/example_dags/example_inlet_event_extra.py for tasks to queue
[2024-10-05T13:46:03.322-0400] {logging_mixin.py:190} INFO - [2024-10-05T13:46:03.322-0400] {dagbag.py:588} INFO - Filling up the DagBag from /home/patrick/.cache/pypoetry/virtualenvs/airflow-wPbgcfzP-py3.10/lib/python3.10/site-packages/airflow/example_dags/example_inlet_event_extra.py
[2024-10-05T13:46:03.331-0400] {processor.py:925} INFO - DAG(s) 'read_dataset_event_from_classic', 'read_dataset_event' retrieved from /home/patrick/.cache/pypoetry/virtualenvs/airflow-wPbgcfzP-py3.10/lib/python3.10/site-packages/airflow/example_dags/example_inlet_event_extra.py
[2024-10-05T13:46:07.611-0400] {logging_mixin.py:190} INFO - [2024-10-05T13:46:07.611-0400] {dag.py:3239} INFO - Sync 2 DAGs
[2024-10-05T13:46:07.945-0400] {logging_mixin.py:190} INFO - [2024-10-05T13:46:07.944-0400] {dag.py:4180} INFO - Setting next_dagrun for read_dataset_event to 2024-10-04 00:00:00+00:00, run_after=2024-10-05 00:00:00+00:00
[2024-10-05T13:46:07.984-0400] {logging_mixin.py:190} INFO - [2024-10-05T13:46:07.983-0400] {dag.py:4180} INFO - Setting next_dagrun for read_dataset_event_from_classic to 2024-10-04 00:00:00+00:00, run_after=2024-10-05 00:00:00+00:00
[2024-10-05T13:46:09.026-0400] {processor.py:208} INFO - Processing /home/patrick/.cache/pypoetry/virtualenvs/airflow-wPbgcfzP-py3.10/lib/python3.10/site-packages/airflow/example_dags/example_inlet_event_extra.py took 5.711 seconds
[2024-10-05T13:48:24.856-0400] {processor.py:186} INFO - Started process (PID=6311) to work on /home/patrick/.cache/pypoetry/virtualenvs/airflow-wPbgcfzP-py3.10/lib/python3.10/site-packages/airflow/example_dags/example_inlet_event_extra.py
[2024-10-05T13:48:24.857-0400] {processor.py:914} INFO - Processing file /home/patrick/.cache/pypoetry/virtualenvs/airflow-wPbgcfzP-py3.10/lib/python3.10/site-packages/airflow/example_dags/example_inlet_event_extra.py for tasks to queue
[2024-10-05T13:48:24.859-0400] {logging_mixin.py:190} INFO - [2024-10-05T13:48:24.859-0400] {dagbag.py:588} INFO - Filling up the DagBag from /home/patrick/.cache/pypoetry/virtualenvs/airflow-wPbgcfzP-py3.10/lib/python3.10/site-packages/airflow/example_dags/example_inlet_event_extra.py
[2024-10-05T13:48:24.866-0400] {processor.py:925} INFO - DAG(s) 'read_dataset_event_from_classic', 'read_dataset_event' retrieved from /home/patrick/.cache/pypoetry/virtualenvs/airflow-wPbgcfzP-py3.10/lib/python3.10/site-packages/airflow/example_dags/example_inlet_event_extra.py
[2024-10-05T13:48:34.254-0400] {logging_mixin.py:190} INFO - [2024-10-05T13:48:34.254-0400] {dag.py:3239} INFO - Sync 2 DAGs
[2024-10-05T13:48:34.548-0400] {logging_mixin.py:190} INFO - [2024-10-05T13:48:34.548-0400] {dag.py:4180} INFO - Setting next_dagrun for read_dataset_event to 2024-10-04 00:00:00+00:00, run_after=2024-10-05 00:00:00+00:00
[2024-10-05T13:48:34.609-0400] {logging_mixin.py:190} INFO - [2024-10-05T13:48:34.609-0400] {dag.py:4180} INFO - Setting next_dagrun for read_dataset_event_from_classic to 2024-10-04 00:00:00+00:00, run_after=2024-10-05 00:00:00+00:00
[2024-10-05T13:48:35.691-0400] {processor.py:208} INFO - Processing /home/patrick/.cache/pypoetry/virtualenvs/airflow-wPbgcfzP-py3.10/lib/python3.10/site-packages/airflow/example_dags/example_inlet_event_extra.py took 10.839 seconds
[2024-10-05T13:52:33.461-0400] {processor.py:186} INFO - Started process (PID=7449) to work on /home/patrick/.cache/pypoetry/virtualenvs/airflow-wPbgcfzP-py3.10/lib/python3.10/site-packages/airflow/example_dags/example_inlet_event_extra.py
[2024-10-05T13:52:33.462-0400] {processor.py:914} INFO - Processing file /home/patrick/.cache/pypoetry/virtualenvs/airflow-wPbgcfzP-py3.10/lib/python3.10/site-packages/airflow/example_dags/example_inlet_event_extra.py for tasks to queue
[2024-10-05T13:52:33.463-0400] {logging_mixin.py:190} INFO - [2024-10-05T13:52:33.463-0400] {dagbag.py:588} INFO - Filling up the DagBag from /home/patrick/.cache/pypoetry/virtualenvs/airflow-wPbgcfzP-py3.10/lib/python3.10/site-packages/airflow/example_dags/example_inlet_event_extra.py
[2024-10-05T13:52:33.470-0400] {processor.py:925} INFO - DAG(s) 'read_dataset_event', 'read_dataset_event_from_classic' retrieved from /home/patrick/.cache/pypoetry/virtualenvs/airflow-wPbgcfzP-py3.10/lib/python3.10/site-packages/airflow/example_dags/example_inlet_event_extra.py
[2024-10-05T13:52:38.495-0400] {logging_mixin.py:190} INFO - [2024-10-05T13:52:38.495-0400] {dag.py:3239} INFO - Sync 2 DAGs
[2024-10-05T13:52:38.827-0400] {logging_mixin.py:190} INFO - [2024-10-05T13:52:38.827-0400] {dag.py:4180} INFO - Setting next_dagrun for read_dataset_event to 2024-10-04 00:00:00+00:00, run_after=2024-10-05 00:00:00+00:00
[2024-10-05T13:52:38.867-0400] {logging_mixin.py:190} INFO - [2024-10-05T13:52:38.867-0400] {dag.py:4180} INFO - Setting next_dagrun for read_dataset_event_from_classic to 2024-10-04 00:00:00+00:00, run_after=2024-10-05 00:00:00+00:00
[2024-10-05T13:52:39.478-0400] {processor.py:208} INFO - Processing /home/patrick/.cache/pypoetry/virtualenvs/airflow-wPbgcfzP-py3.10/lib/python3.10/site-packages/airflow/example_dags/example_inlet_event_extra.py took 6.022 seconds
