[2024-10-05T13:29:31.301-0400] {processor.py:186} INFO - Started process (PID=1242) to work on /home/patrick/.cache/pypoetry/virtualenvs/airflow-wPbgcfzP-py3.10/lib/python3.10/site-packages/airflow/example_dags/example_latest_only_with_trigger.py
[2024-10-05T13:29:31.302-0400] {processor.py:914} INFO - Processing file /home/patrick/.cache/pypoetry/virtualenvs/airflow-wPbgcfzP-py3.10/lib/python3.10/site-packages/airflow/example_dags/example_latest_only_with_trigger.py for tasks to queue
[2024-10-05T13:29:31.304-0400] {logging_mixin.py:190} INFO - [2024-10-05T13:29:31.304-0400] {dagbag.py:588} INFO - Filling up the DagBag from /home/patrick/.cache/pypoetry/virtualenvs/airflow-wPbgcfzP-py3.10/lib/python3.10/site-packages/airflow/example_dags/example_latest_only_with_trigger.py
[2024-10-05T13:29:31.308-0400] {processor.py:925} INFO - DAG(s) 'latest_only_with_trigger' retrieved from /home/patrick/.cache/pypoetry/virtualenvs/airflow-wPbgcfzP-py3.10/lib/python3.10/site-packages/airflow/example_dags/example_latest_only_with_trigger.py
[2024-10-05T13:29:34.297-0400] {logging_mixin.py:190} INFO - [2024-10-05T13:29:34.297-0400] {dag.py:3239} INFO - Sync 1 DAGs
[2024-10-05T13:29:34.702-0400] {logging_mixin.py:190} INFO - [2024-10-05T13:29:34.702-0400] {dag.py:4180} INFO - Setting next_dagrun for latest_only_with_trigger to 2024-10-05 12:00:00+00:00, run_after=2024-10-05 16:00:00+00:00
[2024-10-05T13:29:35.229-0400] {processor.py:208} INFO - Processing /home/patrick/.cache/pypoetry/virtualenvs/airflow-wPbgcfzP-py3.10/lib/python3.10/site-packages/airflow/example_dags/example_latest_only_with_trigger.py took 3.931 seconds
[2024-10-05T13:34:23.179-0400] {processor.py:186} INFO - Started process (PID=2560) to work on /home/patrick/.cache/pypoetry/virtualenvs/airflow-wPbgcfzP-py3.10/lib/python3.10/site-packages/airflow/example_dags/example_latest_only_with_trigger.py
[2024-10-05T13:34:23.180-0400] {processor.py:914} INFO - Processing file /home/patrick/.cache/pypoetry/virtualenvs/airflow-wPbgcfzP-py3.10/lib/python3.10/site-packages/airflow/example_dags/example_latest_only_with_trigger.py for tasks to queue
[2024-10-05T13:34:23.182-0400] {logging_mixin.py:190} INFO - [2024-10-05T13:34:23.182-0400] {dagbag.py:588} INFO - Filling up the DagBag from /home/patrick/.cache/pypoetry/virtualenvs/airflow-wPbgcfzP-py3.10/lib/python3.10/site-packages/airflow/example_dags/example_latest_only_with_trigger.py
[2024-10-05T13:34:23.187-0400] {processor.py:925} INFO - DAG(s) 'latest_only_with_trigger' retrieved from /home/patrick/.cache/pypoetry/virtualenvs/airflow-wPbgcfzP-py3.10/lib/python3.10/site-packages/airflow/example_dags/example_latest_only_with_trigger.py
[2024-10-05T13:34:27.040-0400] {logging_mixin.py:190} INFO - [2024-10-05T13:34:27.039-0400] {dag.py:3239} INFO - Sync 1 DAGs
[2024-10-05T13:34:27.373-0400] {logging_mixin.py:190} INFO - [2024-10-05T13:34:27.373-0400] {dag.py:4180} INFO - Setting next_dagrun for latest_only_with_trigger to 2024-10-05 12:00:00+00:00, run_after=2024-10-05 16:00:00+00:00
[2024-10-05T13:34:28.698-0400] {processor.py:208} INFO - Processing /home/patrick/.cache/pypoetry/virtualenvs/airflow-wPbgcfzP-py3.10/lib/python3.10/site-packages/airflow/example_dags/example_latest_only_with_trigger.py took 5.522 seconds
[2024-10-05T13:37:13.791-0400] {processor.py:186} INFO - Started process (PID=3396) to work on /home/patrick/.cache/pypoetry/virtualenvs/airflow-wPbgcfzP-py3.10/lib/python3.10/site-packages/airflow/example_dags/example_latest_only_with_trigger.py
[2024-10-05T13:37:13.792-0400] {processor.py:914} INFO - Processing file /home/patrick/.cache/pypoetry/virtualenvs/airflow-wPbgcfzP-py3.10/lib/python3.10/site-packages/airflow/example_dags/example_latest_only_with_trigger.py for tasks to queue
[2024-10-05T13:37:13.794-0400] {logging_mixin.py:190} INFO - [2024-10-05T13:37:13.794-0400] {dagbag.py:588} INFO - Filling up the DagBag from /home/patrick/.cache/pypoetry/virtualenvs/airflow-wPbgcfzP-py3.10/lib/python3.10/site-packages/airflow/example_dags/example_latest_only_with_trigger.py
[2024-10-05T13:37:13.799-0400] {processor.py:925} INFO - DAG(s) 'latest_only_with_trigger' retrieved from /home/patrick/.cache/pypoetry/virtualenvs/airflow-wPbgcfzP-py3.10/lib/python3.10/site-packages/airflow/example_dags/example_latest_only_with_trigger.py
[2024-10-05T13:37:16.619-0400] {logging_mixin.py:190} INFO - [2024-10-05T13:37:16.618-0400] {dag.py:3239} INFO - Sync 1 DAGs
[2024-10-05T13:37:16.998-0400] {logging_mixin.py:190} INFO - [2024-10-05T13:37:16.998-0400] {dag.py:4180} INFO - Setting next_dagrun for latest_only_with_trigger to 2024-10-05 12:00:00+00:00, run_after=2024-10-05 16:00:00+00:00
[2024-10-05T13:37:17.795-0400] {processor.py:208} INFO - Processing /home/patrick/.cache/pypoetry/virtualenvs/airflow-wPbgcfzP-py3.10/lib/python3.10/site-packages/airflow/example_dags/example_latest_only_with_trigger.py took 4.007 seconds
[2024-10-05T13:39:46.172-0400] {processor.py:186} INFO - Started process (PID=4076) to work on /home/patrick/.cache/pypoetry/virtualenvs/airflow-wPbgcfzP-py3.10/lib/python3.10/site-packages/airflow/example_dags/example_latest_only_with_trigger.py
[2024-10-05T13:39:46.173-0400] {processor.py:914} INFO - Processing file /home/patrick/.cache/pypoetry/virtualenvs/airflow-wPbgcfzP-py3.10/lib/python3.10/site-packages/airflow/example_dags/example_latest_only_with_trigger.py for tasks to queue
[2024-10-05T13:39:46.174-0400] {logging_mixin.py:190} INFO - [2024-10-05T13:39:46.174-0400] {dagbag.py:588} INFO - Filling up the DagBag from /home/patrick/.cache/pypoetry/virtualenvs/airflow-wPbgcfzP-py3.10/lib/python3.10/site-packages/airflow/example_dags/example_latest_only_with_trigger.py
[2024-10-05T13:39:46.179-0400] {processor.py:925} INFO - DAG(s) 'latest_only_with_trigger' retrieved from /home/patrick/.cache/pypoetry/virtualenvs/airflow-wPbgcfzP-py3.10/lib/python3.10/site-packages/airflow/example_dags/example_latest_only_with_trigger.py
[2024-10-05T13:39:49.427-0400] {logging_mixin.py:190} INFO - [2024-10-05T13:39:49.427-0400] {dag.py:3239} INFO - Sync 1 DAGs
[2024-10-05T13:39:49.717-0400] {logging_mixin.py:190} INFO - [2024-10-05T13:39:49.716-0400] {dag.py:4180} INFO - Setting next_dagrun for latest_only_with_trigger to 2024-10-05 12:00:00+00:00, run_after=2024-10-05 16:00:00+00:00
[2024-10-05T13:39:50.418-0400] {processor.py:208} INFO - Processing /home/patrick/.cache/pypoetry/virtualenvs/airflow-wPbgcfzP-py3.10/lib/python3.10/site-packages/airflow/example_dags/example_latest_only_with_trigger.py took 4.249 seconds
[2024-10-05T13:41:53.481-0400] {processor.py:186} INFO - Started process (PID=4627) to work on /home/patrick/.cache/pypoetry/virtualenvs/airflow-wPbgcfzP-py3.10/lib/python3.10/site-packages/airflow/example_dags/example_latest_only_with_trigger.py
[2024-10-05T13:41:53.482-0400] {processor.py:914} INFO - Processing file /home/patrick/.cache/pypoetry/virtualenvs/airflow-wPbgcfzP-py3.10/lib/python3.10/site-packages/airflow/example_dags/example_latest_only_with_trigger.py for tasks to queue
[2024-10-05T13:41:53.484-0400] {logging_mixin.py:190} INFO - [2024-10-05T13:41:53.484-0400] {dagbag.py:588} INFO - Filling up the DagBag from /home/patrick/.cache/pypoetry/virtualenvs/airflow-wPbgcfzP-py3.10/lib/python3.10/site-packages/airflow/example_dags/example_latest_only_with_trigger.py
[2024-10-05T13:41:53.488-0400] {processor.py:925} INFO - DAG(s) 'latest_only_with_trigger' retrieved from /home/patrick/.cache/pypoetry/virtualenvs/airflow-wPbgcfzP-py3.10/lib/python3.10/site-packages/airflow/example_dags/example_latest_only_with_trigger.py
[2024-10-05T13:41:59.330-0400] {logging_mixin.py:190} INFO - [2024-10-05T13:41:59.329-0400] {dag.py:3239} INFO - Sync 1 DAGs
[2024-10-05T13:41:59.644-0400] {logging_mixin.py:190} INFO - [2024-10-05T13:41:59.644-0400] {dag.py:4180} INFO - Setting next_dagrun for latest_only_with_trigger to 2024-10-05 12:00:00+00:00, run_after=2024-10-05 16:00:00+00:00
[2024-10-05T13:42:00.548-0400] {processor.py:208} INFO - Processing /home/patrick/.cache/pypoetry/virtualenvs/airflow-wPbgcfzP-py3.10/lib/python3.10/site-packages/airflow/example_dags/example_latest_only_with_trigger.py took 7.070 seconds
[2024-10-05T13:44:31.100-0400] {processor.py:186} INFO - Started process (PID=5297) to work on /home/patrick/.cache/pypoetry/virtualenvs/airflow-wPbgcfzP-py3.10/lib/python3.10/site-packages/airflow/example_dags/example_latest_only_with_trigger.py
[2024-10-05T13:44:31.102-0400] {processor.py:914} INFO - Processing file /home/patrick/.cache/pypoetry/virtualenvs/airflow-wPbgcfzP-py3.10/lib/python3.10/site-packages/airflow/example_dags/example_latest_only_with_trigger.py for tasks to queue
[2024-10-05T13:44:31.103-0400] {logging_mixin.py:190} INFO - [2024-10-05T13:44:31.103-0400] {dagbag.py:588} INFO - Filling up the DagBag from /home/patrick/.cache/pypoetry/virtualenvs/airflow-wPbgcfzP-py3.10/lib/python3.10/site-packages/airflow/example_dags/example_latest_only_with_trigger.py
[2024-10-05T13:44:31.107-0400] {processor.py:925} INFO - DAG(s) 'latest_only_with_trigger' retrieved from /home/patrick/.cache/pypoetry/virtualenvs/airflow-wPbgcfzP-py3.10/lib/python3.10/site-packages/airflow/example_dags/example_latest_only_with_trigger.py
[2024-10-05T13:44:37.672-0400] {logging_mixin.py:190} INFO - [2024-10-05T13:44:37.671-0400] {dag.py:3239} INFO - Sync 1 DAGs
[2024-10-05T13:44:37.831-0400] {logging_mixin.py:190} INFO - [2024-10-05T13:44:37.831-0400] {dag.py:4180} INFO - Setting next_dagrun for latest_only_with_trigger to 2024-10-05 12:00:00+00:00, run_after=2024-10-05 16:00:00+00:00
[2024-10-05T13:44:38.481-0400] {processor.py:208} INFO - Processing /home/patrick/.cache/pypoetry/virtualenvs/airflow-wPbgcfzP-py3.10/lib/python3.10/site-packages/airflow/example_dags/example_latest_only_with_trigger.py took 7.384 seconds
[2024-10-05T13:47:43.432-0400] {processor.py:186} INFO - Started process (PID=6139) to work on /home/patrick/.cache/pypoetry/virtualenvs/airflow-wPbgcfzP-py3.10/lib/python3.10/site-packages/airflow/example_dags/example_latest_only_with_trigger.py
[2024-10-05T13:47:43.432-0400] {processor.py:914} INFO - Processing file /home/patrick/.cache/pypoetry/virtualenvs/airflow-wPbgcfzP-py3.10/lib/python3.10/site-packages/airflow/example_dags/example_latest_only_with_trigger.py for tasks to queue
[2024-10-05T13:47:43.434-0400] {logging_mixin.py:190} INFO - [2024-10-05T13:47:43.434-0400] {dagbag.py:588} INFO - Filling up the DagBag from /home/patrick/.cache/pypoetry/virtualenvs/airflow-wPbgcfzP-py3.10/lib/python3.10/site-packages/airflow/example_dags/example_latest_only_with_trigger.py
[2024-10-05T13:47:43.438-0400] {processor.py:925} INFO - DAG(s) 'latest_only_with_trigger' retrieved from /home/patrick/.cache/pypoetry/virtualenvs/airflow-wPbgcfzP-py3.10/lib/python3.10/site-packages/airflow/example_dags/example_latest_only_with_trigger.py
[2024-10-05T13:47:47.788-0400] {logging_mixin.py:190} INFO - [2024-10-05T13:47:47.787-0400] {dag.py:3239} INFO - Sync 1 DAGs
[2024-10-05T13:47:48.117-0400] {logging_mixin.py:190} INFO - [2024-10-05T13:47:48.117-0400] {dag.py:4180} INFO - Setting next_dagrun for latest_only_with_trigger to 2024-10-05 12:00:00+00:00, run_after=2024-10-05 16:00:00+00:00
[2024-10-05T13:47:48.709-0400] {processor.py:208} INFO - Processing /home/patrick/.cache/pypoetry/virtualenvs/airflow-wPbgcfzP-py3.10/lib/python3.10/site-packages/airflow/example_dags/example_latest_only_with_trigger.py took 5.281 seconds
[2024-10-05T13:49:59.904-0400] {processor.py:186} INFO - Started process (PID=6723) to work on /home/patrick/.cache/pypoetry/virtualenvs/airflow-wPbgcfzP-py3.10/lib/python3.10/site-packages/airflow/example_dags/example_latest_only_with_trigger.py
[2024-10-05T13:49:59.905-0400] {processor.py:914} INFO - Processing file /home/patrick/.cache/pypoetry/virtualenvs/airflow-wPbgcfzP-py3.10/lib/python3.10/site-packages/airflow/example_dags/example_latest_only_with_trigger.py for tasks to queue
[2024-10-05T13:49:59.907-0400] {logging_mixin.py:190} INFO - [2024-10-05T13:49:59.906-0400] {dagbag.py:588} INFO - Filling up the DagBag from /home/patrick/.cache/pypoetry/virtualenvs/airflow-wPbgcfzP-py3.10/lib/python3.10/site-packages/airflow/example_dags/example_latest_only_with_trigger.py
[2024-10-05T13:49:59.911-0400] {processor.py:925} INFO - DAG(s) 'latest_only_with_trigger' retrieved from /home/patrick/.cache/pypoetry/virtualenvs/airflow-wPbgcfzP-py3.10/lib/python3.10/site-packages/airflow/example_dags/example_latest_only_with_trigger.py
[2024-10-05T13:50:09.599-0400] {logging_mixin.py:190} INFO - [2024-10-05T13:50:09.598-0400] {dag.py:3239} INFO - Sync 1 DAGs
[2024-10-05T13:50:10.000-0400] {logging_mixin.py:190} INFO - [2024-10-05T13:50:09.999-0400] {dag.py:4180} INFO - Setting next_dagrun for latest_only_with_trigger to 2024-10-05 12:00:00+00:00, run_after=2024-10-05 16:00:00+00:00
[2024-10-05T13:50:10.807-0400] {processor.py:208} INFO - Processing /home/patrick/.cache/pypoetry/virtualenvs/airflow-wPbgcfzP-py3.10/lib/python3.10/site-packages/airflow/example_dags/example_latest_only_with_trigger.py took 10.906 seconds
[2024-10-05T13:52:02.118-0400] {processor.py:186} INFO - Started process (PID=7319) to work on /home/patrick/.cache/pypoetry/virtualenvs/airflow-wPbgcfzP-py3.10/lib/python3.10/site-packages/airflow/example_dags/example_latest_only_with_trigger.py
[2024-10-05T13:52:02.119-0400] {processor.py:914} INFO - Processing file /home/patrick/.cache/pypoetry/virtualenvs/airflow-wPbgcfzP-py3.10/lib/python3.10/site-packages/airflow/example_dags/example_latest_only_with_trigger.py for tasks to queue
[2024-10-05T13:52:02.121-0400] {logging_mixin.py:190} INFO - [2024-10-05T13:52:02.120-0400] {dagbag.py:588} INFO - Filling up the DagBag from /home/patrick/.cache/pypoetry/virtualenvs/airflow-wPbgcfzP-py3.10/lib/python3.10/site-packages/airflow/example_dags/example_latest_only_with_trigger.py
[2024-10-05T13:52:02.125-0400] {processor.py:925} INFO - DAG(s) 'latest_only_with_trigger' retrieved from /home/patrick/.cache/pypoetry/virtualenvs/airflow-wPbgcfzP-py3.10/lib/python3.10/site-packages/airflow/example_dags/example_latest_only_with_trigger.py
[2024-10-05T13:52:05.463-0400] {logging_mixin.py:190} INFO - [2024-10-05T13:52:05.462-0400] {dag.py:3239} INFO - Sync 1 DAGs
[2024-10-05T13:52:05.923-0400] {logging_mixin.py:190} INFO - [2024-10-05T13:52:05.922-0400] {dag.py:4180} INFO - Setting next_dagrun for latest_only_with_trigger to 2024-10-05 12:00:00+00:00, run_after=2024-10-05 16:00:00+00:00
[2024-10-05T13:52:06.618-0400] {processor.py:208} INFO - Processing /home/patrick/.cache/pypoetry/virtualenvs/airflow-wPbgcfzP-py3.10/lib/python3.10/site-packages/airflow/example_dags/example_latest_only_with_trigger.py took 4.503 seconds
