[2024-10-05T13:29:06.404-0400] {processor.py:186} INFO - Started process (PID=1130) to work on /home/patrick/.cache/pypoetry/virtualenvs/airflow-wPbgcfzP-py3.10/lib/python3.10/site-packages/airflow/example_dags/example_latest_only.py
[2024-10-05T13:29:06.405-0400] {processor.py:914} INFO - Processing file /home/patrick/.cache/pypoetry/virtualenvs/airflow-wPbgcfzP-py3.10/lib/python3.10/site-packages/airflow/example_dags/example_latest_only.py for tasks to queue
[2024-10-05T13:29:06.407-0400] {logging_mixin.py:190} INFO - [2024-10-05T13:29:06.407-0400] {dagbag.py:588} INFO - Filling up the DagBag from /home/patrick/.cache/pypoetry/virtualenvs/airflow-wPbgcfzP-py3.10/lib/python3.10/site-packages/airflow/example_dags/example_latest_only.py
[2024-10-05T13:29:06.412-0400] {processor.py:925} INFO - DAG(s) 'latest_only' retrieved from /home/patrick/.cache/pypoetry/virtualenvs/airflow-wPbgcfzP-py3.10/lib/python3.10/site-packages/airflow/example_dags/example_latest_only.py
[2024-10-05T13:29:11.281-0400] {logging_mixin.py:190} INFO - [2024-10-05T13:29:11.280-0400] {dag.py:3239} INFO - Sync 1 DAGs
[2024-10-05T13:29:11.532-0400] {logging_mixin.py:190} INFO - [2024-10-05T13:29:11.532-0400] {dag.py:4180} INFO - Setting next_dagrun for latest_only to 2024-10-05 12:00:00+00:00, run_after=2024-10-05 16:00:00+00:00
[2024-10-05T13:29:12.275-0400] {processor.py:208} INFO - Processing /home/patrick/.cache/pypoetry/virtualenvs/airflow-wPbgcfzP-py3.10/lib/python3.10/site-packages/airflow/example_dags/example_latest_only.py took 5.874 seconds
[2024-10-05T13:33:47.897-0400] {processor.py:186} INFO - Started process (PID=2403) to work on /home/patrick/.cache/pypoetry/virtualenvs/airflow-wPbgcfzP-py3.10/lib/python3.10/site-packages/airflow/example_dags/example_latest_only.py
[2024-10-05T13:33:47.898-0400] {processor.py:914} INFO - Processing file /home/patrick/.cache/pypoetry/virtualenvs/airflow-wPbgcfzP-py3.10/lib/python3.10/site-packages/airflow/example_dags/example_latest_only.py for tasks to queue
[2024-10-05T13:33:47.899-0400] {logging_mixin.py:190} INFO - [2024-10-05T13:33:47.899-0400] {dagbag.py:588} INFO - Filling up the DagBag from /home/patrick/.cache/pypoetry/virtualenvs/airflow-wPbgcfzP-py3.10/lib/python3.10/site-packages/airflow/example_dags/example_latest_only.py
[2024-10-05T13:33:47.903-0400] {processor.py:925} INFO - DAG(s) 'latest_only' retrieved from /home/patrick/.cache/pypoetry/virtualenvs/airflow-wPbgcfzP-py3.10/lib/python3.10/site-packages/airflow/example_dags/example_latest_only.py
[2024-10-05T13:33:53.176-0400] {logging_mixin.py:190} INFO - [2024-10-05T13:33:53.176-0400] {dag.py:3239} INFO - Sync 1 DAGs
[2024-10-05T13:33:53.349-0400] {logging_mixin.py:190} INFO - [2024-10-05T13:33:53.349-0400] {dag.py:4180} INFO - Setting next_dagrun for latest_only to 2024-10-05 12:00:00+00:00, run_after=2024-10-05 16:00:00+00:00
[2024-10-05T13:33:54.002-0400] {processor.py:208} INFO - Processing /home/patrick/.cache/pypoetry/virtualenvs/airflow-wPbgcfzP-py3.10/lib/python3.10/site-packages/airflow/example_dags/example_latest_only.py took 6.110 seconds
[2024-10-05T13:36:41.456-0400] {processor.py:186} INFO - Started process (PID=3259) to work on /home/patrick/.cache/pypoetry/virtualenvs/airflow-wPbgcfzP-py3.10/lib/python3.10/site-packages/airflow/example_dags/example_latest_only.py
[2024-10-05T13:36:41.456-0400] {processor.py:914} INFO - Processing file /home/patrick/.cache/pypoetry/virtualenvs/airflow-wPbgcfzP-py3.10/lib/python3.10/site-packages/airflow/example_dags/example_latest_only.py for tasks to queue
[2024-10-05T13:36:41.458-0400] {logging_mixin.py:190} INFO - [2024-10-05T13:36:41.457-0400] {dagbag.py:588} INFO - Filling up the DagBag from /home/patrick/.cache/pypoetry/virtualenvs/airflow-wPbgcfzP-py3.10/lib/python3.10/site-packages/airflow/example_dags/example_latest_only.py
[2024-10-05T13:36:41.462-0400] {processor.py:925} INFO - DAG(s) 'latest_only' retrieved from /home/patrick/.cache/pypoetry/virtualenvs/airflow-wPbgcfzP-py3.10/lib/python3.10/site-packages/airflow/example_dags/example_latest_only.py
[2024-10-05T13:36:49.824-0400] {logging_mixin.py:190} INFO - [2024-10-05T13:36:49.824-0400] {dag.py:3239} INFO - Sync 1 DAGs
[2024-10-05T13:36:50.317-0400] {logging_mixin.py:190} INFO - [2024-10-05T13:36:50.317-0400] {dag.py:4180} INFO - Setting next_dagrun for latest_only to 2024-10-05 12:00:00+00:00, run_after=2024-10-05 16:00:00+00:00
[2024-10-05T13:36:51.320-0400] {processor.py:208} INFO - Processing /home/patrick/.cache/pypoetry/virtualenvs/airflow-wPbgcfzP-py3.10/lib/python3.10/site-packages/airflow/example_dags/example_latest_only.py took 9.868 seconds
[2024-10-05T13:39:19.221-0400] {processor.py:186} INFO - Started process (PID=3963) to work on /home/patrick/.cache/pypoetry/virtualenvs/airflow-wPbgcfzP-py3.10/lib/python3.10/site-packages/airflow/example_dags/example_latest_only.py
[2024-10-05T13:39:19.224-0400] {processor.py:914} INFO - Processing file /home/patrick/.cache/pypoetry/virtualenvs/airflow-wPbgcfzP-py3.10/lib/python3.10/site-packages/airflow/example_dags/example_latest_only.py for tasks to queue
[2024-10-05T13:39:19.225-0400] {logging_mixin.py:190} INFO - [2024-10-05T13:39:19.225-0400] {dagbag.py:588} INFO - Filling up the DagBag from /home/patrick/.cache/pypoetry/virtualenvs/airflow-wPbgcfzP-py3.10/lib/python3.10/site-packages/airflow/example_dags/example_latest_only.py
[2024-10-05T13:39:19.229-0400] {processor.py:925} INFO - DAG(s) 'latest_only' retrieved from /home/patrick/.cache/pypoetry/virtualenvs/airflow-wPbgcfzP-py3.10/lib/python3.10/site-packages/airflow/example_dags/example_latest_only.py
[2024-10-05T13:39:24.311-0400] {logging_mixin.py:190} INFO - [2024-10-05T13:39:24.310-0400] {dag.py:3239} INFO - Sync 1 DAGs
[2024-10-05T13:39:24.538-0400] {logging_mixin.py:190} INFO - [2024-10-05T13:39:24.538-0400] {dag.py:4180} INFO - Setting next_dagrun for latest_only to 2024-10-05 12:00:00+00:00, run_after=2024-10-05 16:00:00+00:00
[2024-10-05T13:39:25.210-0400] {processor.py:208} INFO - Processing /home/patrick/.cache/pypoetry/virtualenvs/airflow-wPbgcfzP-py3.10/lib/python3.10/site-packages/airflow/example_dags/example_latest_only.py took 5.993 seconds
[2024-10-05T13:41:38.144-0400] {processor.py:186} INFO - Started process (PID=4554) to work on /home/patrick/.cache/pypoetry/virtualenvs/airflow-wPbgcfzP-py3.10/lib/python3.10/site-packages/airflow/example_dags/example_latest_only.py
[2024-10-05T13:41:38.145-0400] {processor.py:914} INFO - Processing file /home/patrick/.cache/pypoetry/virtualenvs/airflow-wPbgcfzP-py3.10/lib/python3.10/site-packages/airflow/example_dags/example_latest_only.py for tasks to queue
[2024-10-05T13:41:38.147-0400] {logging_mixin.py:190} INFO - [2024-10-05T13:41:38.146-0400] {dagbag.py:588} INFO - Filling up the DagBag from /home/patrick/.cache/pypoetry/virtualenvs/airflow-wPbgcfzP-py3.10/lib/python3.10/site-packages/airflow/example_dags/example_latest_only.py
[2024-10-05T13:41:38.151-0400] {processor.py:925} INFO - DAG(s) 'latest_only' retrieved from /home/patrick/.cache/pypoetry/virtualenvs/airflow-wPbgcfzP-py3.10/lib/python3.10/site-packages/airflow/example_dags/example_latest_only.py
[2024-10-05T13:41:41.822-0400] {logging_mixin.py:190} INFO - [2024-10-05T13:41:41.821-0400] {dag.py:3239} INFO - Sync 1 DAGs
[2024-10-05T13:41:42.008-0400] {logging_mixin.py:190} INFO - [2024-10-05T13:41:42.008-0400] {dag.py:4180} INFO - Setting next_dagrun for latest_only to 2024-10-05 12:00:00+00:00, run_after=2024-10-05 16:00:00+00:00
[2024-10-05T13:41:42.721-0400] {processor.py:208} INFO - Processing /home/patrick/.cache/pypoetry/virtualenvs/airflow-wPbgcfzP-py3.10/lib/python3.10/site-packages/airflow/example_dags/example_latest_only.py took 4.580 seconds
[2024-10-05T13:44:00.836-0400] {processor.py:186} INFO - Started process (PID=5171) to work on /home/patrick/.cache/pypoetry/virtualenvs/airflow-wPbgcfzP-py3.10/lib/python3.10/site-packages/airflow/example_dags/example_latest_only.py
[2024-10-05T13:44:00.837-0400] {processor.py:914} INFO - Processing file /home/patrick/.cache/pypoetry/virtualenvs/airflow-wPbgcfzP-py3.10/lib/python3.10/site-packages/airflow/example_dags/example_latest_only.py for tasks to queue
[2024-10-05T13:44:00.838-0400] {logging_mixin.py:190} INFO - [2024-10-05T13:44:00.838-0400] {dagbag.py:588} INFO - Filling up the DagBag from /home/patrick/.cache/pypoetry/virtualenvs/airflow-wPbgcfzP-py3.10/lib/python3.10/site-packages/airflow/example_dags/example_latest_only.py
[2024-10-05T13:44:00.842-0400] {processor.py:925} INFO - DAG(s) 'latest_only' retrieved from /home/patrick/.cache/pypoetry/virtualenvs/airflow-wPbgcfzP-py3.10/lib/python3.10/site-packages/airflow/example_dags/example_latest_only.py
[2024-10-05T13:44:01.961-0400] {logging_mixin.py:190} INFO - [2024-10-05T13:44:01.960-0400] {dag.py:3239} INFO - Sync 1 DAGs
[2024-10-05T13:44:02.129-0400] {logging_mixin.py:190} INFO - [2024-10-05T13:44:02.128-0400] {dag.py:4180} INFO - Setting next_dagrun for latest_only to 2024-10-05 12:00:00+00:00, run_after=2024-10-05 16:00:00+00:00
[2024-10-05T13:44:02.741-0400] {processor.py:208} INFO - Processing /home/patrick/.cache/pypoetry/virtualenvs/airflow-wPbgcfzP-py3.10/lib/python3.10/site-packages/airflow/example_dags/example_latest_only.py took 1.909 seconds
[2024-10-05T13:45:48.963-0400] {processor.py:186} INFO - Started process (PID=5641) to work on /home/patrick/.cache/pypoetry/virtualenvs/airflow-wPbgcfzP-py3.10/lib/python3.10/site-packages/airflow/example_dags/example_latest_only.py
[2024-10-05T13:45:48.963-0400] {processor.py:914} INFO - Processing file /home/patrick/.cache/pypoetry/virtualenvs/airflow-wPbgcfzP-py3.10/lib/python3.10/site-packages/airflow/example_dags/example_latest_only.py for tasks to queue
[2024-10-05T13:45:48.965-0400] {logging_mixin.py:190} INFO - [2024-10-05T13:45:48.965-0400] {dagbag.py:588} INFO - Filling up the DagBag from /home/patrick/.cache/pypoetry/virtualenvs/airflow-wPbgcfzP-py3.10/lib/python3.10/site-packages/airflow/example_dags/example_latest_only.py
[2024-10-05T13:45:48.969-0400] {processor.py:925} INFO - DAG(s) 'latest_only' retrieved from /home/patrick/.cache/pypoetry/virtualenvs/airflow-wPbgcfzP-py3.10/lib/python3.10/site-packages/airflow/example_dags/example_latest_only.py
[2024-10-05T13:45:52.349-0400] {logging_mixin.py:190} INFO - [2024-10-05T13:45:52.348-0400] {dag.py:3239} INFO - Sync 1 DAGs
[2024-10-05T13:45:52.494-0400] {logging_mixin.py:190} INFO - [2024-10-05T13:45:52.494-0400] {dag.py:4180} INFO - Setting next_dagrun for latest_only to 2024-10-05 12:00:00+00:00, run_after=2024-10-05 16:00:00+00:00
[2024-10-05T13:45:53.011-0400] {processor.py:208} INFO - Processing /home/patrick/.cache/pypoetry/virtualenvs/airflow-wPbgcfzP-py3.10/lib/python3.10/site-packages/airflow/example_dags/example_latest_only.py took 4.052 seconds
[2024-10-05T13:47:27.052-0400] {processor.py:186} INFO - Started process (PID=6066) to work on /home/patrick/.cache/pypoetry/virtualenvs/airflow-wPbgcfzP-py3.10/lib/python3.10/site-packages/airflow/example_dags/example_latest_only.py
[2024-10-05T13:47:27.053-0400] {processor.py:914} INFO - Processing file /home/patrick/.cache/pypoetry/virtualenvs/airflow-wPbgcfzP-py3.10/lib/python3.10/site-packages/airflow/example_dags/example_latest_only.py for tasks to queue
[2024-10-05T13:47:27.054-0400] {logging_mixin.py:190} INFO - [2024-10-05T13:47:27.054-0400] {dagbag.py:588} INFO - Filling up the DagBag from /home/patrick/.cache/pypoetry/virtualenvs/airflow-wPbgcfzP-py3.10/lib/python3.10/site-packages/airflow/example_dags/example_latest_only.py
[2024-10-05T13:47:27.058-0400] {processor.py:925} INFO - DAG(s) 'latest_only' retrieved from /home/patrick/.cache/pypoetry/virtualenvs/airflow-wPbgcfzP-py3.10/lib/python3.10/site-packages/airflow/example_dags/example_latest_only.py
[2024-10-05T13:47:31.739-0400] {logging_mixin.py:190} INFO - [2024-10-05T13:47:31.738-0400] {dag.py:3239} INFO - Sync 1 DAGs
[2024-10-05T13:47:31.933-0400] {logging_mixin.py:190} INFO - [2024-10-05T13:47:31.933-0400] {dag.py:4180} INFO - Setting next_dagrun for latest_only to 2024-10-05 12:00:00+00:00, run_after=2024-10-05 16:00:00+00:00
[2024-10-05T13:47:32.654-0400] {processor.py:208} INFO - Processing /home/patrick/.cache/pypoetry/virtualenvs/airflow-wPbgcfzP-py3.10/lib/python3.10/site-packages/airflow/example_dags/example_latest_only.py took 5.605 seconds
[2024-10-05T13:49:44.250-0400] {processor.py:186} INFO - Started process (PID=6653) to work on /home/patrick/.cache/pypoetry/virtualenvs/airflow-wPbgcfzP-py3.10/lib/python3.10/site-packages/airflow/example_dags/example_latest_only.py
[2024-10-05T13:49:44.251-0400] {processor.py:914} INFO - Processing file /home/patrick/.cache/pypoetry/virtualenvs/airflow-wPbgcfzP-py3.10/lib/python3.10/site-packages/airflow/example_dags/example_latest_only.py for tasks to queue
[2024-10-05T13:49:44.254-0400] {logging_mixin.py:190} INFO - [2024-10-05T13:49:44.253-0400] {dagbag.py:588} INFO - Filling up the DagBag from /home/patrick/.cache/pypoetry/virtualenvs/airflow-wPbgcfzP-py3.10/lib/python3.10/site-packages/airflow/example_dags/example_latest_only.py
[2024-10-05T13:49:44.258-0400] {processor.py:925} INFO - DAG(s) 'latest_only' retrieved from /home/patrick/.cache/pypoetry/virtualenvs/airflow-wPbgcfzP-py3.10/lib/python3.10/site-packages/airflow/example_dags/example_latest_only.py
[2024-10-05T13:49:46.299-0400] {logging_mixin.py:190} INFO - [2024-10-05T13:49:46.299-0400] {dag.py:3239} INFO - Sync 1 DAGs
[2024-10-05T13:49:46.654-0400] {logging_mixin.py:190} INFO - [2024-10-05T13:49:46.653-0400] {dag.py:4180} INFO - Setting next_dagrun for latest_only to 2024-10-05 12:00:00+00:00, run_after=2024-10-05 16:00:00+00:00
[2024-10-05T13:49:47.327-0400] {processor.py:208} INFO - Processing /home/patrick/.cache/pypoetry/virtualenvs/airflow-wPbgcfzP-py3.10/lib/python3.10/site-packages/airflow/example_dags/example_latest_only.py took 3.081 seconds
[2024-10-05T13:51:49.886-0400] {processor.py:186} INFO - Started process (PID=7264) to work on /home/patrick/.cache/pypoetry/virtualenvs/airflow-wPbgcfzP-py3.10/lib/python3.10/site-packages/airflow/example_dags/example_latest_only.py
[2024-10-05T13:51:49.887-0400] {processor.py:914} INFO - Processing file /home/patrick/.cache/pypoetry/virtualenvs/airflow-wPbgcfzP-py3.10/lib/python3.10/site-packages/airflow/example_dags/example_latest_only.py for tasks to queue
[2024-10-05T13:51:49.888-0400] {logging_mixin.py:190} INFO - [2024-10-05T13:51:49.888-0400] {dagbag.py:588} INFO - Filling up the DagBag from /home/patrick/.cache/pypoetry/virtualenvs/airflow-wPbgcfzP-py3.10/lib/python3.10/site-packages/airflow/example_dags/example_latest_only.py
[2024-10-05T13:51:49.892-0400] {processor.py:925} INFO - DAG(s) 'latest_only' retrieved from /home/patrick/.cache/pypoetry/virtualenvs/airflow-wPbgcfzP-py3.10/lib/python3.10/site-packages/airflow/example_dags/example_latest_only.py
[2024-10-05T13:51:52.198-0400] {logging_mixin.py:190} INFO - [2024-10-05T13:51:52.198-0400] {dag.py:3239} INFO - Sync 1 DAGs
[2024-10-05T13:51:52.316-0400] {logging_mixin.py:190} INFO - [2024-10-05T13:51:52.316-0400] {dag.py:4180} INFO - Setting next_dagrun for latest_only to 2024-10-05 12:00:00+00:00, run_after=2024-10-05 16:00:00+00:00
[2024-10-05T13:51:52.875-0400] {processor.py:208} INFO - Processing /home/patrick/.cache/pypoetry/virtualenvs/airflow-wPbgcfzP-py3.10/lib/python3.10/site-packages/airflow/example_dags/example_latest_only.py took 2.992 seconds
