[2024-10-05T13:31:55.475-0400] {processor.py:186} INFO - Started process (PID=1883) to work on /home/patrick/.cache/pypoetry/virtualenvs/airflow-wPbgcfzP-py3.10/lib/python3.10/site-packages/airflow/example_dags/example_bash_operator.py
[2024-10-05T13:31:55.476-0400] {processor.py:914} INFO - Processing file /home/patrick/.cache/pypoetry/virtualenvs/airflow-wPbgcfzP-py3.10/lib/python3.10/site-packages/airflow/example_dags/example_bash_operator.py for tasks to queue
[2024-10-05T13:31:55.478-0400] {logging_mixin.py:190} INFO - [2024-10-05T13:31:55.478-0400] {dagbag.py:588} INFO - Filling up the DagBag from /home/patrick/.cache/pypoetry/virtualenvs/airflow-wPbgcfzP-py3.10/lib/python3.10/site-packages/airflow/example_dags/example_bash_operator.py
[2024-10-05T13:31:55.486-0400] {processor.py:925} INFO - DAG(s) 'example_bash_operator' retrieved from /home/patrick/.cache/pypoetry/virtualenvs/airflow-wPbgcfzP-py3.10/lib/python3.10/site-packages/airflow/example_dags/example_bash_operator.py
[2024-10-05T13:32:08.880-0400] {logging_mixin.py:190} INFO - [2024-10-05T13:32:08.879-0400] {dag.py:3239} INFO - Sync 1 DAGs
[2024-10-05T13:32:09.488-0400] {logging_mixin.py:190} INFO - [2024-10-05T13:32:09.488-0400] {dag.py:4180} INFO - Setting next_dagrun for example_bash_operator to 2024-10-04 00:00:00+00:00, run_after=2024-10-05 00:00:00+00:00
[2024-10-05T13:32:10.362-0400] {processor.py:208} INFO - Processing /home/patrick/.cache/pypoetry/virtualenvs/airflow-wPbgcfzP-py3.10/lib/python3.10/site-packages/airflow/example_dags/example_bash_operator.py took 14.891 seconds
[2024-10-05T13:37:43.380-0400] {processor.py:186} INFO - Started process (PID=3530) to work on /home/patrick/.cache/pypoetry/virtualenvs/airflow-wPbgcfzP-py3.10/lib/python3.10/site-packages/airflow/example_dags/example_bash_operator.py
[2024-10-05T13:37:43.381-0400] {processor.py:914} INFO - Processing file /home/patrick/.cache/pypoetry/virtualenvs/airflow-wPbgcfzP-py3.10/lib/python3.10/site-packages/airflow/example_dags/example_bash_operator.py for tasks to queue
[2024-10-05T13:37:43.382-0400] {logging_mixin.py:190} INFO - [2024-10-05T13:37:43.382-0400] {dagbag.py:588} INFO - Filling up the DagBag from /home/patrick/.cache/pypoetry/virtualenvs/airflow-wPbgcfzP-py3.10/lib/python3.10/site-packages/airflow/example_dags/example_bash_operator.py
[2024-10-05T13:37:43.389-0400] {processor.py:925} INFO - DAG(s) 'example_bash_operator' retrieved from /home/patrick/.cache/pypoetry/virtualenvs/airflow-wPbgcfzP-py3.10/lib/python3.10/site-packages/airflow/example_dags/example_bash_operator.py
[2024-10-05T13:37:47.052-0400] {logging_mixin.py:190} INFO - [2024-10-05T13:37:47.052-0400] {dag.py:3239} INFO - Sync 1 DAGs
[2024-10-05T13:37:47.230-0400] {logging_mixin.py:190} INFO - [2024-10-05T13:37:47.230-0400] {dag.py:4180} INFO - Setting next_dagrun for example_bash_operator to 2024-10-04 00:00:00+00:00, run_after=2024-10-05 00:00:00+00:00
[2024-10-05T13:37:47.781-0400] {processor.py:208} INFO - Processing /home/patrick/.cache/pypoetry/virtualenvs/airflow-wPbgcfzP-py3.10/lib/python3.10/site-packages/airflow/example_dags/example_bash_operator.py took 4.404 seconds
[2024-10-05T13:43:06.022-0400] {processor.py:186} INFO - Started process (PID=4929) to work on /home/patrick/.cache/pypoetry/virtualenvs/airflow-wPbgcfzP-py3.10/lib/python3.10/site-packages/airflow/example_dags/example_bash_operator.py
[2024-10-05T13:43:06.023-0400] {processor.py:914} INFO - Processing file /home/patrick/.cache/pypoetry/virtualenvs/airflow-wPbgcfzP-py3.10/lib/python3.10/site-packages/airflow/example_dags/example_bash_operator.py for tasks to queue
[2024-10-05T13:43:06.025-0400] {logging_mixin.py:190} INFO - [2024-10-05T13:43:06.024-0400] {dagbag.py:588} INFO - Filling up the DagBag from /home/patrick/.cache/pypoetry/virtualenvs/airflow-wPbgcfzP-py3.10/lib/python3.10/site-packages/airflow/example_dags/example_bash_operator.py
[2024-10-05T13:43:06.032-0400] {processor.py:925} INFO - DAG(s) 'example_bash_operator' retrieved from /home/patrick/.cache/pypoetry/virtualenvs/airflow-wPbgcfzP-py3.10/lib/python3.10/site-packages/airflow/example_dags/example_bash_operator.py
[2024-10-05T13:43:11.632-0400] {logging_mixin.py:190} INFO - [2024-10-05T13:43:11.632-0400] {dag.py:3239} INFO - Sync 1 DAGs
[2024-10-05T13:43:11.897-0400] {logging_mixin.py:190} INFO - [2024-10-05T13:43:11.897-0400] {dag.py:4180} INFO - Setting next_dagrun for example_bash_operator to 2024-10-04 00:00:00+00:00, run_after=2024-10-05 00:00:00+00:00
[2024-10-05T13:43:12.586-0400] {processor.py:208} INFO - Processing /home/patrick/.cache/pypoetry/virtualenvs/airflow-wPbgcfzP-py3.10/lib/python3.10/site-packages/airflow/example_dags/example_bash_operator.py took 6.567 seconds
[2024-10-05T13:46:36.265-0400] {processor.py:186} INFO - Started process (PID=5840) to work on /home/patrick/.cache/pypoetry/virtualenvs/airflow-wPbgcfzP-py3.10/lib/python3.10/site-packages/airflow/example_dags/example_bash_operator.py
[2024-10-05T13:46:36.265-0400] {processor.py:914} INFO - Processing file /home/patrick/.cache/pypoetry/virtualenvs/airflow-wPbgcfzP-py3.10/lib/python3.10/site-packages/airflow/example_dags/example_bash_operator.py for tasks to queue
[2024-10-05T13:46:36.267-0400] {logging_mixin.py:190} INFO - [2024-10-05T13:46:36.266-0400] {dagbag.py:588} INFO - Filling up the DagBag from /home/patrick/.cache/pypoetry/virtualenvs/airflow-wPbgcfzP-py3.10/lib/python3.10/site-packages/airflow/example_dags/example_bash_operator.py
[2024-10-05T13:46:36.274-0400] {processor.py:925} INFO - DAG(s) 'example_bash_operator' retrieved from /home/patrick/.cache/pypoetry/virtualenvs/airflow-wPbgcfzP-py3.10/lib/python3.10/site-packages/airflow/example_dags/example_bash_operator.py
[2024-10-05T13:46:38.292-0400] {logging_mixin.py:190} INFO - [2024-10-05T13:46:38.292-0400] {dag.py:3239} INFO - Sync 1 DAGs
[2024-10-05T13:46:38.519-0400] {logging_mixin.py:190} INFO - [2024-10-05T13:46:38.519-0400] {dag.py:4180} INFO - Setting next_dagrun for example_bash_operator to 2024-10-04 00:00:00+00:00, run_after=2024-10-05 00:00:00+00:00
[2024-10-05T13:46:39.097-0400] {processor.py:208} INFO - Processing /home/patrick/.cache/pypoetry/virtualenvs/airflow-wPbgcfzP-py3.10/lib/python3.10/site-packages/airflow/example_dags/example_bash_operator.py took 2.835 seconds
[2024-10-05T13:50:52.655-0400] {processor.py:186} INFO - Started process (PID=6945) to work on /home/patrick/.cache/pypoetry/virtualenvs/airflow-wPbgcfzP-py3.10/lib/python3.10/site-packages/airflow/example_dags/example_bash_operator.py
[2024-10-05T13:50:52.660-0400] {processor.py:914} INFO - Processing file /home/patrick/.cache/pypoetry/virtualenvs/airflow-wPbgcfzP-py3.10/lib/python3.10/site-packages/airflow/example_dags/example_bash_operator.py for tasks to queue
[2024-10-05T13:50:52.662-0400] {logging_mixin.py:190} INFO - [2024-10-05T13:50:52.662-0400] {dagbag.py:588} INFO - Filling up the DagBag from /home/patrick/.cache/pypoetry/virtualenvs/airflow-wPbgcfzP-py3.10/lib/python3.10/site-packages/airflow/example_dags/example_bash_operator.py
[2024-10-05T13:50:52.670-0400] {processor.py:925} INFO - DAG(s) 'example_bash_operator' retrieved from /home/patrick/.cache/pypoetry/virtualenvs/airflow-wPbgcfzP-py3.10/lib/python3.10/site-packages/airflow/example_dags/example_bash_operator.py
[2024-10-05T13:50:54.109-0400] {logging_mixin.py:190} INFO - [2024-10-05T13:50:54.108-0400] {dag.py:3239} INFO - Sync 1 DAGs
[2024-10-05T13:50:54.316-0400] {logging_mixin.py:190} INFO - [2024-10-05T13:50:54.316-0400] {dag.py:4180} INFO - Setting next_dagrun for example_bash_operator to 2024-10-04 00:00:00+00:00, run_after=2024-10-05 00:00:00+00:00
[2024-10-05T13:50:55.745-0400] {processor.py:208} INFO - Processing /home/patrick/.cache/pypoetry/virtualenvs/airflow-wPbgcfzP-py3.10/lib/python3.10/site-packages/airflow/example_dags/example_bash_operator.py took 3.093 seconds
