[2024-10-05T13:27:47.331-0400] {processor.py:186} INFO - Started process (PID=783) to work on /home/patrick/.cache/pypoetry/virtualenvs/airflow-wPbgcfzP-py3.10/lib/python3.10/site-packages/airflow/example_dags/example_xcom.py
[2024-10-05T13:27:47.331-0400] {processor.py:914} INFO - Processing file /home/patrick/.cache/pypoetry/virtualenvs/airflow-wPbgcfzP-py3.10/lib/python3.10/site-packages/airflow/example_dags/example_xcom.py for tasks to queue
[2024-10-05T13:27:47.335-0400] {logging_mixin.py:190} INFO - [2024-10-05T13:27:47.334-0400] {dagbag.py:588} INFO - Filling up the DagBag from /home/patrick/.cache/pypoetry/virtualenvs/airflow-wPbgcfzP-py3.10/lib/python3.10/site-packages/airflow/example_dags/example_xcom.py
[2024-10-05T13:27:47.339-0400] {processor.py:925} INFO - DAG(s) 'example_xcom' retrieved from /home/patrick/.cache/pypoetry/virtualenvs/airflow-wPbgcfzP-py3.10/lib/python3.10/site-packages/airflow/example_dags/example_xcom.py
[2024-10-05T13:27:55.711-0400] {logging_mixin.py:190} INFO - [2024-10-05T13:27:55.711-0400] {dag.py:3239} INFO - Sync 1 DAGs
[2024-10-05T13:27:56.092-0400] {logging_mixin.py:190} INFO - [2024-10-05T13:27:56.091-0400] {dag.py:4180} INFO - Setting next_dagrun for example_xcom to 2021-01-01 00:00:00+00:00, run_after=2021-01-01 00:00:00+00:00
[2024-10-05T13:27:56.969-0400] {processor.py:208} INFO - Processing /home/patrick/.cache/pypoetry/virtualenvs/airflow-wPbgcfzP-py3.10/lib/python3.10/site-packages/airflow/example_dags/example_xcom.py took 9.642 seconds
[2024-10-05T13:32:55.975-0400] {processor.py:186} INFO - Started process (PID=2167) to work on /home/patrick/.cache/pypoetry/virtualenvs/airflow-wPbgcfzP-py3.10/lib/python3.10/site-packages/airflow/example_dags/example_xcom.py
[2024-10-05T13:32:55.979-0400] {processor.py:914} INFO - Processing file /home/patrick/.cache/pypoetry/virtualenvs/airflow-wPbgcfzP-py3.10/lib/python3.10/site-packages/airflow/example_dags/example_xcom.py for tasks to queue
[2024-10-05T13:32:55.980-0400] {logging_mixin.py:190} INFO - [2024-10-05T13:32:55.980-0400] {dagbag.py:588} INFO - Filling up the DagBag from /home/patrick/.cache/pypoetry/virtualenvs/airflow-wPbgcfzP-py3.10/lib/python3.10/site-packages/airflow/example_dags/example_xcom.py
[2024-10-05T13:32:55.986-0400] {processor.py:925} INFO - DAG(s) 'example_xcom' retrieved from /home/patrick/.cache/pypoetry/virtualenvs/airflow-wPbgcfzP-py3.10/lib/python3.10/site-packages/airflow/example_dags/example_xcom.py
[2024-10-05T13:32:58.384-0400] {logging_mixin.py:190} INFO - [2024-10-05T13:32:58.383-0400] {dag.py:3239} INFO - Sync 1 DAGs
[2024-10-05T13:32:58.597-0400] {logging_mixin.py:190} INFO - [2024-10-05T13:32:58.597-0400] {dag.py:4180} INFO - Setting next_dagrun for example_xcom to 2021-01-01 00:00:00+00:00, run_after=2021-01-01 00:00:00+00:00
[2024-10-05T13:32:59.295-0400] {processor.py:208} INFO - Processing /home/patrick/.cache/pypoetry/virtualenvs/airflow-wPbgcfzP-py3.10/lib/python3.10/site-packages/airflow/example_dags/example_xcom.py took 3.324 seconds
[2024-10-05T13:35:38.090-0400] {processor.py:186} INFO - Started process (PID=2899) to work on /home/patrick/.cache/pypoetry/virtualenvs/airflow-wPbgcfzP-py3.10/lib/python3.10/site-packages/airflow/example_dags/example_xcom.py
[2024-10-05T13:35:38.091-0400] {processor.py:914} INFO - Processing file /home/patrick/.cache/pypoetry/virtualenvs/airflow-wPbgcfzP-py3.10/lib/python3.10/site-packages/airflow/example_dags/example_xcom.py for tasks to queue
[2024-10-05T13:35:38.092-0400] {logging_mixin.py:190} INFO - [2024-10-05T13:35:38.092-0400] {dagbag.py:588} INFO - Filling up the DagBag from /home/patrick/.cache/pypoetry/virtualenvs/airflow-wPbgcfzP-py3.10/lib/python3.10/site-packages/airflow/example_dags/example_xcom.py
[2024-10-05T13:35:38.098-0400] {processor.py:925} INFO - DAG(s) 'example_xcom' retrieved from /home/patrick/.cache/pypoetry/virtualenvs/airflow-wPbgcfzP-py3.10/lib/python3.10/site-packages/airflow/example_dags/example_xcom.py
[2024-10-05T13:35:44.235-0400] {logging_mixin.py:190} INFO - [2024-10-05T13:35:44.235-0400] {dag.py:3239} INFO - Sync 1 DAGs
[2024-10-05T13:35:44.507-0400] {logging_mixin.py:190} INFO - [2024-10-05T13:35:44.506-0400] {dag.py:4180} INFO - Setting next_dagrun for example_xcom to 2021-01-01 00:00:00+00:00, run_after=2021-01-01 00:00:00+00:00
[2024-10-05T13:35:45.246-0400] {processor.py:208} INFO - Processing /home/patrick/.cache/pypoetry/virtualenvs/airflow-wPbgcfzP-py3.10/lib/python3.10/site-packages/airflow/example_dags/example_xcom.py took 7.160 seconds
[2024-10-05T13:38:28.623-0400] {processor.py:186} INFO - Started process (PID=3725) to work on /home/patrick/.cache/pypoetry/virtualenvs/airflow-wPbgcfzP-py3.10/lib/python3.10/site-packages/airflow/example_dags/example_xcom.py
[2024-10-05T13:38:28.624-0400] {processor.py:914} INFO - Processing file /home/patrick/.cache/pypoetry/virtualenvs/airflow-wPbgcfzP-py3.10/lib/python3.10/site-packages/airflow/example_dags/example_xcom.py for tasks to queue
[2024-10-05T13:38:28.626-0400] {logging_mixin.py:190} INFO - [2024-10-05T13:38:28.625-0400] {dagbag.py:588} INFO - Filling up the DagBag from /home/patrick/.cache/pypoetry/virtualenvs/airflow-wPbgcfzP-py3.10/lib/python3.10/site-packages/airflow/example_dags/example_xcom.py
[2024-10-05T13:38:28.631-0400] {processor.py:925} INFO - DAG(s) 'example_xcom' retrieved from /home/patrick/.cache/pypoetry/virtualenvs/airflow-wPbgcfzP-py3.10/lib/python3.10/site-packages/airflow/example_dags/example_xcom.py
[2024-10-05T13:38:35.547-0400] {logging_mixin.py:190} INFO - [2024-10-05T13:38:35.547-0400] {dag.py:3239} INFO - Sync 1 DAGs
[2024-10-05T13:38:35.860-0400] {logging_mixin.py:190} INFO - [2024-10-05T13:38:35.859-0400] {dag.py:4180} INFO - Setting next_dagrun for example_xcom to 2021-01-01 00:00:00+00:00, run_after=2021-01-01 00:00:00+00:00
[2024-10-05T13:38:36.476-0400] {processor.py:208} INFO - Processing /home/patrick/.cache/pypoetry/virtualenvs/airflow-wPbgcfzP-py3.10/lib/python3.10/site-packages/airflow/example_dags/example_xcom.py took 7.856 seconds
[2024-10-05T13:41:04.421-0400] {processor.py:186} INFO - Started process (PID=4406) to work on /home/patrick/.cache/pypoetry/virtualenvs/airflow-wPbgcfzP-py3.10/lib/python3.10/site-packages/airflow/example_dags/example_xcom.py
[2024-10-05T13:41:04.421-0400] {processor.py:914} INFO - Processing file /home/patrick/.cache/pypoetry/virtualenvs/airflow-wPbgcfzP-py3.10/lib/python3.10/site-packages/airflow/example_dags/example_xcom.py for tasks to queue
[2024-10-05T13:41:04.423-0400] {logging_mixin.py:190} INFO - [2024-10-05T13:41:04.423-0400] {dagbag.py:588} INFO - Filling up the DagBag from /home/patrick/.cache/pypoetry/virtualenvs/airflow-wPbgcfzP-py3.10/lib/python3.10/site-packages/airflow/example_dags/example_xcom.py
[2024-10-05T13:41:04.428-0400] {processor.py:925} INFO - DAG(s) 'example_xcom' retrieved from /home/patrick/.cache/pypoetry/virtualenvs/airflow-wPbgcfzP-py3.10/lib/python3.10/site-packages/airflow/example_dags/example_xcom.py
[2024-10-05T13:41:06.884-0400] {logging_mixin.py:190} INFO - [2024-10-05T13:41:06.884-0400] {dag.py:3239} INFO - Sync 1 DAGs
[2024-10-05T13:41:07.086-0400] {logging_mixin.py:190} INFO - [2024-10-05T13:41:07.086-0400] {dag.py:4180} INFO - Setting next_dagrun for example_xcom to 2021-01-01 00:00:00+00:00, run_after=2021-01-01 00:00:00+00:00
[2024-10-05T13:41:07.628-0400] {processor.py:208} INFO - Processing /home/patrick/.cache/pypoetry/virtualenvs/airflow-wPbgcfzP-py3.10/lib/python3.10/site-packages/airflow/example_dags/example_xcom.py took 3.210 seconds
[2024-10-05T13:43:29.819-0400] {processor.py:186} INFO - Started process (PID=5033) to work on /home/patrick/.cache/pypoetry/virtualenvs/airflow-wPbgcfzP-py3.10/lib/python3.10/site-packages/airflow/example_dags/example_xcom.py
[2024-10-05T13:43:29.820-0400] {processor.py:914} INFO - Processing file /home/patrick/.cache/pypoetry/virtualenvs/airflow-wPbgcfzP-py3.10/lib/python3.10/site-packages/airflow/example_dags/example_xcom.py for tasks to queue
[2024-10-05T13:43:29.821-0400] {logging_mixin.py:190} INFO - [2024-10-05T13:43:29.821-0400] {dagbag.py:588} INFO - Filling up the DagBag from /home/patrick/.cache/pypoetry/virtualenvs/airflow-wPbgcfzP-py3.10/lib/python3.10/site-packages/airflow/example_dags/example_xcom.py
[2024-10-05T13:43:29.827-0400] {processor.py:925} INFO - DAG(s) 'example_xcom' retrieved from /home/patrick/.cache/pypoetry/virtualenvs/airflow-wPbgcfzP-py3.10/lib/python3.10/site-packages/airflow/example_dags/example_xcom.py
[2024-10-05T13:43:31.287-0400] {logging_mixin.py:190} INFO - [2024-10-05T13:43:31.287-0400] {dag.py:3239} INFO - Sync 1 DAGs
[2024-10-05T13:43:31.485-0400] {logging_mixin.py:190} INFO - [2024-10-05T13:43:31.484-0400] {dag.py:4180} INFO - Setting next_dagrun for example_xcom to 2021-01-01 00:00:00+00:00, run_after=2021-01-01 00:00:00+00:00
[2024-10-05T13:43:32.140-0400] {processor.py:208} INFO - Processing /home/patrick/.cache/pypoetry/virtualenvs/airflow-wPbgcfzP-py3.10/lib/python3.10/site-packages/airflow/example_dags/example_xcom.py took 2.324 seconds
[2024-10-05T13:45:15.749-0400] {processor.py:186} INFO - Started process (PID=5494) to work on /home/patrick/.cache/pypoetry/virtualenvs/airflow-wPbgcfzP-py3.10/lib/python3.10/site-packages/airflow/example_dags/example_xcom.py
[2024-10-05T13:45:15.750-0400] {processor.py:914} INFO - Processing file /home/patrick/.cache/pypoetry/virtualenvs/airflow-wPbgcfzP-py3.10/lib/python3.10/site-packages/airflow/example_dags/example_xcom.py for tasks to queue
[2024-10-05T13:45:15.751-0400] {logging_mixin.py:190} INFO - [2024-10-05T13:45:15.751-0400] {dagbag.py:588} INFO - Filling up the DagBag from /home/patrick/.cache/pypoetry/virtualenvs/airflow-wPbgcfzP-py3.10/lib/python3.10/site-packages/airflow/example_dags/example_xcom.py
[2024-10-05T13:45:15.757-0400] {processor.py:925} INFO - DAG(s) 'example_xcom' retrieved from /home/patrick/.cache/pypoetry/virtualenvs/airflow-wPbgcfzP-py3.10/lib/python3.10/site-packages/airflow/example_dags/example_xcom.py
[2024-10-05T13:45:16.945-0400] {logging_mixin.py:190} INFO - [2024-10-05T13:45:16.944-0400] {dag.py:3239} INFO - Sync 1 DAGs
[2024-10-05T13:45:17.075-0400] {logging_mixin.py:190} INFO - [2024-10-05T13:45:17.075-0400] {dag.py:4180} INFO - Setting next_dagrun for example_xcom to 2021-01-01 00:00:00+00:00, run_after=2021-01-01 00:00:00+00:00
[2024-10-05T13:45:17.633-0400] {processor.py:208} INFO - Processing /home/patrick/.cache/pypoetry/virtualenvs/airflow-wPbgcfzP-py3.10/lib/python3.10/site-packages/airflow/example_dags/example_xcom.py took 1.887 seconds
[2024-10-05T13:46:55.671-0400] {processor.py:186} INFO - Started process (PID=5927) to work on /home/patrick/.cache/pypoetry/virtualenvs/airflow-wPbgcfzP-py3.10/lib/python3.10/site-packages/airflow/example_dags/example_xcom.py
[2024-10-05T13:46:55.672-0400] {processor.py:914} INFO - Processing file /home/patrick/.cache/pypoetry/virtualenvs/airflow-wPbgcfzP-py3.10/lib/python3.10/site-packages/airflow/example_dags/example_xcom.py for tasks to queue
[2024-10-05T13:46:55.674-0400] {logging_mixin.py:190} INFO - [2024-10-05T13:46:55.673-0400] {dagbag.py:588} INFO - Filling up the DagBag from /home/patrick/.cache/pypoetry/virtualenvs/airflow-wPbgcfzP-py3.10/lib/python3.10/site-packages/airflow/example_dags/example_xcom.py
[2024-10-05T13:46:55.679-0400] {processor.py:925} INFO - DAG(s) 'example_xcom' retrieved from /home/patrick/.cache/pypoetry/virtualenvs/airflow-wPbgcfzP-py3.10/lib/python3.10/site-packages/airflow/example_dags/example_xcom.py
[2024-10-05T13:46:58.639-0400] {logging_mixin.py:190} INFO - [2024-10-05T13:46:58.638-0400] {dag.py:3239} INFO - Sync 1 DAGs
[2024-10-05T13:46:58.950-0400] {logging_mixin.py:190} INFO - [2024-10-05T13:46:58.949-0400] {dag.py:4180} INFO - Setting next_dagrun for example_xcom to 2021-01-01 00:00:00+00:00, run_after=2021-01-01 00:00:00+00:00
[2024-10-05T13:46:59.640-0400] {processor.py:208} INFO - Processing /home/patrick/.cache/pypoetry/virtualenvs/airflow-wPbgcfzP-py3.10/lib/python3.10/site-packages/airflow/example_dags/example_xcom.py took 3.973 seconds
[2024-10-05T13:49:07.008-0400] {processor.py:186} INFO - Started process (PID=6490) to work on /home/patrick/.cache/pypoetry/virtualenvs/airflow-wPbgcfzP-py3.10/lib/python3.10/site-packages/airflow/example_dags/example_xcom.py
[2024-10-05T13:49:07.009-0400] {processor.py:914} INFO - Processing file /home/patrick/.cache/pypoetry/virtualenvs/airflow-wPbgcfzP-py3.10/lib/python3.10/site-packages/airflow/example_dags/example_xcom.py for tasks to queue
[2024-10-05T13:49:07.011-0400] {logging_mixin.py:190} INFO - [2024-10-05T13:49:07.011-0400] {dagbag.py:588} INFO - Filling up the DagBag from /home/patrick/.cache/pypoetry/virtualenvs/airflow-wPbgcfzP-py3.10/lib/python3.10/site-packages/airflow/example_dags/example_xcom.py
[2024-10-05T13:49:07.016-0400] {processor.py:925} INFO - DAG(s) 'example_xcom' retrieved from /home/patrick/.cache/pypoetry/virtualenvs/airflow-wPbgcfzP-py3.10/lib/python3.10/site-packages/airflow/example_dags/example_xcom.py
[2024-10-05T13:49:11.294-0400] {logging_mixin.py:190} INFO - [2024-10-05T13:49:11.294-0400] {dag.py:3239} INFO - Sync 1 DAGs
[2024-10-05T13:49:11.598-0400] {logging_mixin.py:190} INFO - [2024-10-05T13:49:11.598-0400] {dag.py:4180} INFO - Setting next_dagrun for example_xcom to 2021-01-01 00:00:00+00:00, run_after=2021-01-01 00:00:00+00:00
[2024-10-05T13:49:12.252-0400] {processor.py:208} INFO - Processing /home/patrick/.cache/pypoetry/virtualenvs/airflow-wPbgcfzP-py3.10/lib/python3.10/site-packages/airflow/example_dags/example_xcom.py took 5.248 seconds
[2024-10-05T13:51:14.847-0400] {processor.py:186} INFO - Started process (PID=7044) to work on /home/patrick/.cache/pypoetry/virtualenvs/airflow-wPbgcfzP-py3.10/lib/python3.10/site-packages/airflow/example_dags/example_xcom.py
[2024-10-05T13:51:14.848-0400] {processor.py:914} INFO - Processing file /home/patrick/.cache/pypoetry/virtualenvs/airflow-wPbgcfzP-py3.10/lib/python3.10/site-packages/airflow/example_dags/example_xcom.py for tasks to queue
[2024-10-05T13:51:14.850-0400] {logging_mixin.py:190} INFO - [2024-10-05T13:51:14.850-0400] {dagbag.py:588} INFO - Filling up the DagBag from /home/patrick/.cache/pypoetry/virtualenvs/airflow-wPbgcfzP-py3.10/lib/python3.10/site-packages/airflow/example_dags/example_xcom.py
[2024-10-05T13:51:14.856-0400] {processor.py:925} INFO - DAG(s) 'example_xcom' retrieved from /home/patrick/.cache/pypoetry/virtualenvs/airflow-wPbgcfzP-py3.10/lib/python3.10/site-packages/airflow/example_dags/example_xcom.py
[2024-10-05T13:51:16.738-0400] {logging_mixin.py:190} INFO - [2024-10-05T13:51:16.738-0400] {dag.py:3239} INFO - Sync 1 DAGs
[2024-10-05T13:51:16.943-0400] {logging_mixin.py:190} INFO - [2024-10-05T13:51:16.942-0400] {dag.py:4180} INFO - Setting next_dagrun for example_xcom to 2021-01-01 00:00:00+00:00, run_after=2021-01-01 00:00:00+00:00
[2024-10-05T13:51:17.597-0400] {processor.py:208} INFO - Processing /home/patrick/.cache/pypoetry/virtualenvs/airflow-wPbgcfzP-py3.10/lib/python3.10/site-packages/airflow/example_dags/example_xcom.py took 2.753 seconds
