[2024-10-05T13:30:53.673-0400] {processor.py:186} INFO - Started process (PID=1617) to work on /home/patrick/.cache/pypoetry/virtualenvs/airflow-wPbgcfzP-py3.10/lib/python3.10/site-packages/airflow/example_dags/example_datasets.py
[2024-10-05T13:30:53.674-0400] {processor.py:914} INFO - Processing file /home/patrick/.cache/pypoetry/virtualenvs/airflow-wPbgcfzP-py3.10/lib/python3.10/site-packages/airflow/example_dags/example_datasets.py for tasks to queue
[2024-10-05T13:30:53.680-0400] {logging_mixin.py:190} INFO - [2024-10-05T13:30:53.679-0400] {dagbag.py:588} INFO - Filling up the DagBag from /home/patrick/.cache/pypoetry/virtualenvs/airflow-wPbgcfzP-py3.10/lib/python3.10/site-packages/airflow/example_dags/example_datasets.py
[2024-10-05T13:30:53.692-0400] {processor.py:925} INFO - DAG(s) 'consume_1_and_2_with_dataset_expressions', 'dataset_consumes_1_and_2', 'conditional_dataset_and_time_based_timetable', 'consume_1_or_both_2_and_3_with_dataset_expressions', 'dataset_produces_1', 'dataset_consumes_unknown_never_scheduled', 'dataset_consumes_1', 'dataset_produces_2', 'dataset_consumes_1_never_scheduled', 'consume_1_or_2_with_dataset_expressions' retrieved from /home/patrick/.cache/pypoetry/virtualenvs/airflow-wPbgcfzP-py3.10/lib/python3.10/site-packages/airflow/example_dags/example_datasets.py
[2024-10-05T13:31:20.787-0400] {logging_mixin.py:190} INFO - [2024-10-05T13:31:20.786-0400] {dag.py:3239} INFO - Sync 10 DAGs
[2024-10-05T13:31:21.236-0400] {logging_mixin.py:190} INFO - [2024-10-05T13:31:21.236-0400] {dag.py:4180} INFO - Setting next_dagrun for conditional_dataset_and_time_based_timetable to 2024-10-02 01:00:00+00:00, run_after=2024-10-02 01:00:00+00:00
[2024-10-05T13:31:21.283-0400] {logging_mixin.py:190} INFO - [2024-10-05T13:31:21.283-0400] {dag.py:4180} INFO - Setting next_dagrun for consume_1_and_2_with_dataset_expressions to None, run_after=None
[2024-10-05T13:31:21.342-0400] {logging_mixin.py:190} INFO - [2024-10-05T13:31:21.341-0400] {dag.py:4180} INFO - Setting next_dagrun for consume_1_or_2_with_dataset_expressions to None, run_after=None
[2024-10-05T13:31:21.400-0400] {logging_mixin.py:190} INFO - [2024-10-05T13:31:21.400-0400] {dag.py:4180} INFO - Setting next_dagrun for consume_1_or_both_2_and_3_with_dataset_expressions to None, run_after=None
[2024-10-05T13:31:21.439-0400] {logging_mixin.py:190} INFO - [2024-10-05T13:31:21.439-0400] {dag.py:4180} INFO - Setting next_dagrun for dataset_consumes_1 to None, run_after=None
[2024-10-05T13:31:21.535-0400] {logging_mixin.py:190} INFO - [2024-10-05T13:31:21.535-0400] {dag.py:4180} INFO - Setting next_dagrun for dataset_consumes_1_and_2 to None, run_after=None
[2024-10-05T13:31:21.603-0400] {logging_mixin.py:190} INFO - [2024-10-05T13:31:21.603-0400] {dag.py:4180} INFO - Setting next_dagrun for dataset_consumes_1_never_scheduled to None, run_after=None
[2024-10-05T13:31:21.643-0400] {logging_mixin.py:190} INFO - [2024-10-05T13:31:21.643-0400] {dag.py:4180} INFO - Setting next_dagrun for dataset_consumes_unknown_never_scheduled to None, run_after=None
[2024-10-05T13:31:21.683-0400] {logging_mixin.py:190} INFO - [2024-10-05T13:31:21.683-0400] {dag.py:4180} INFO - Setting next_dagrun for dataset_produces_1 to 2024-10-04 00:00:00+00:00, run_after=2024-10-05 00:00:00+00:00
[2024-10-05T13:31:21.733-0400] {logging_mixin.py:190} INFO - [2024-10-05T13:31:21.732-0400] {dag.py:4180} INFO - Setting next_dagrun for dataset_produces_2 to None, run_after=None
[2024-10-05T13:31:23.858-0400] {processor.py:208} INFO - Processing /home/patrick/.cache/pypoetry/virtualenvs/airflow-wPbgcfzP-py3.10/lib/python3.10/site-packages/airflow/example_dags/example_datasets.py took 30.188 seconds
[2024-10-05T13:35:13.611-0400] {processor.py:186} INFO - Started process (PID=2787) to work on /home/patrick/.cache/pypoetry/virtualenvs/airflow-wPbgcfzP-py3.10/lib/python3.10/site-packages/airflow/example_dags/example_datasets.py
[2024-10-05T13:35:13.612-0400] {processor.py:914} INFO - Processing file /home/patrick/.cache/pypoetry/virtualenvs/airflow-wPbgcfzP-py3.10/lib/python3.10/site-packages/airflow/example_dags/example_datasets.py for tasks to queue
[2024-10-05T13:35:13.613-0400] {logging_mixin.py:190} INFO - [2024-10-05T13:35:13.613-0400] {dagbag.py:588} INFO - Filling up the DagBag from /home/patrick/.cache/pypoetry/virtualenvs/airflow-wPbgcfzP-py3.10/lib/python3.10/site-packages/airflow/example_dags/example_datasets.py
[2024-10-05T13:35:13.622-0400] {processor.py:925} INFO - DAG(s) 'dataset_consumes_1_never_scheduled', 'consume_1_and_2_with_dataset_expressions', 'dataset_consumes_1_and_2', 'dataset_produces_2', 'consume_1_or_2_with_dataset_expressions', 'conditional_dataset_and_time_based_timetable', 'dataset_consumes_unknown_never_scheduled', 'dataset_produces_1', 'dataset_consumes_1', 'consume_1_or_both_2_and_3_with_dataset_expressions' retrieved from /home/patrick/.cache/pypoetry/virtualenvs/airflow-wPbgcfzP-py3.10/lib/python3.10/site-packages/airflow/example_dags/example_datasets.py
[2024-10-05T13:35:19.906-0400] {logging_mixin.py:190} INFO - [2024-10-05T13:35:19.906-0400] {dag.py:3239} INFO - Sync 10 DAGs
[2024-10-05T13:35:20.562-0400] {logging_mixin.py:190} INFO - [2024-10-05T13:35:20.562-0400] {dag.py:4180} INFO - Setting next_dagrun for conditional_dataset_and_time_based_timetable to 2024-10-02 01:00:00+00:00, run_after=2024-10-02 01:00:00+00:00
[2024-10-05T13:35:20.608-0400] {logging_mixin.py:190} INFO - [2024-10-05T13:35:20.608-0400] {dag.py:4180} INFO - Setting next_dagrun for consume_1_and_2_with_dataset_expressions to None, run_after=None
[2024-10-05T13:35:20.646-0400] {logging_mixin.py:190} INFO - [2024-10-05T13:35:20.646-0400] {dag.py:4180} INFO - Setting next_dagrun for consume_1_or_2_with_dataset_expressions to None, run_after=None
[2024-10-05T13:35:20.699-0400] {logging_mixin.py:190} INFO - [2024-10-05T13:35:20.699-0400] {dag.py:4180} INFO - Setting next_dagrun for consume_1_or_both_2_and_3_with_dataset_expressions to None, run_after=None
[2024-10-05T13:35:20.736-0400] {logging_mixin.py:190} INFO - [2024-10-05T13:35:20.735-0400] {dag.py:4180} INFO - Setting next_dagrun for dataset_consumes_1 to None, run_after=None
[2024-10-05T13:35:20.794-0400] {logging_mixin.py:190} INFO - [2024-10-05T13:35:20.794-0400] {dag.py:4180} INFO - Setting next_dagrun for dataset_consumes_1_and_2 to None, run_after=None
[2024-10-05T13:35:20.833-0400] {logging_mixin.py:190} INFO - [2024-10-05T13:35:20.833-0400] {dag.py:4180} INFO - Setting next_dagrun for dataset_consumes_1_never_scheduled to None, run_after=None
[2024-10-05T13:35:20.873-0400] {logging_mixin.py:190} INFO - [2024-10-05T13:35:20.873-0400] {dag.py:4180} INFO - Setting next_dagrun for dataset_consumes_unknown_never_scheduled to None, run_after=None
[2024-10-05T13:35:20.913-0400] {logging_mixin.py:190} INFO - [2024-10-05T13:35:20.912-0400] {dag.py:4180} INFO - Setting next_dagrun for dataset_produces_1 to 2024-10-04 00:00:00+00:00, run_after=2024-10-05 00:00:00+00:00
[2024-10-05T13:35:20.951-0400] {logging_mixin.py:190} INFO - [2024-10-05T13:35:20.950-0400] {dag.py:4180} INFO - Setting next_dagrun for dataset_produces_2 to None, run_after=None
[2024-10-05T13:35:22.637-0400] {processor.py:208} INFO - Processing /home/patrick/.cache/pypoetry/virtualenvs/airflow-wPbgcfzP-py3.10/lib/python3.10/site-packages/airflow/example_dags/example_datasets.py took 9.029 seconds
[2024-10-05T13:40:02.214-0400] {processor.py:186} INFO - Started process (PID=4147) to work on /home/patrick/.cache/pypoetry/virtualenvs/airflow-wPbgcfzP-py3.10/lib/python3.10/site-packages/airflow/example_dags/example_datasets.py
[2024-10-05T13:40:02.215-0400] {processor.py:914} INFO - Processing file /home/patrick/.cache/pypoetry/virtualenvs/airflow-wPbgcfzP-py3.10/lib/python3.10/site-packages/airflow/example_dags/example_datasets.py for tasks to queue
[2024-10-05T13:40:02.217-0400] {logging_mixin.py:190} INFO - [2024-10-05T13:40:02.216-0400] {dagbag.py:588} INFO - Filling up the DagBag from /home/patrick/.cache/pypoetry/virtualenvs/airflow-wPbgcfzP-py3.10/lib/python3.10/site-packages/airflow/example_dags/example_datasets.py
[2024-10-05T13:40:02.228-0400] {processor.py:925} INFO - DAG(s) 'consume_1_and_2_with_dataset_expressions', 'dataset_consumes_1', 'dataset_produces_1', 'dataset_consumes_1_and_2', 'dataset_produces_2', 'conditional_dataset_and_time_based_timetable', 'consume_1_or_2_with_dataset_expressions', 'consume_1_or_both_2_and_3_with_dataset_expressions', 'dataset_consumes_1_never_scheduled', 'dataset_consumes_unknown_never_scheduled' retrieved from /home/patrick/.cache/pypoetry/virtualenvs/airflow-wPbgcfzP-py3.10/lib/python3.10/site-packages/airflow/example_dags/example_datasets.py
[2024-10-05T13:40:08.004-0400] {logging_mixin.py:190} INFO - [2024-10-05T13:40:08.003-0400] {dag.py:3239} INFO - Sync 10 DAGs
[2024-10-05T13:40:09.026-0400] {logging_mixin.py:190} INFO - [2024-10-05T13:40:09.026-0400] {dag.py:4180} INFO - Setting next_dagrun for conditional_dataset_and_time_based_timetable to 2024-10-02 01:00:00+00:00, run_after=2024-10-02 01:00:00+00:00
[2024-10-05T13:40:09.119-0400] {logging_mixin.py:190} INFO - [2024-10-05T13:40:09.118-0400] {dag.py:4180} INFO - Setting next_dagrun for consume_1_and_2_with_dataset_expressions to None, run_after=None
[2024-10-05T13:40:09.168-0400] {logging_mixin.py:190} INFO - [2024-10-05T13:40:09.168-0400] {dag.py:4180} INFO - Setting next_dagrun for consume_1_or_2_with_dataset_expressions to None, run_after=None
[2024-10-05T13:40:09.264-0400] {logging_mixin.py:190} INFO - [2024-10-05T13:40:09.264-0400] {dag.py:4180} INFO - Setting next_dagrun for consume_1_or_both_2_and_3_with_dataset_expressions to None, run_after=None
[2024-10-05T13:40:09.311-0400] {logging_mixin.py:190} INFO - [2024-10-05T13:40:09.311-0400] {dag.py:4180} INFO - Setting next_dagrun for dataset_consumes_1 to None, run_after=None
[2024-10-05T13:40:09.356-0400] {logging_mixin.py:190} INFO - [2024-10-05T13:40:09.356-0400] {dag.py:4180} INFO - Setting next_dagrun for dataset_consumes_1_and_2 to None, run_after=None
[2024-10-05T13:40:09.424-0400] {logging_mixin.py:190} INFO - [2024-10-05T13:40:09.424-0400] {dag.py:4180} INFO - Setting next_dagrun for dataset_consumes_1_never_scheduled to None, run_after=None
[2024-10-05T13:40:09.483-0400] {logging_mixin.py:190} INFO - [2024-10-05T13:40:09.483-0400] {dag.py:4180} INFO - Setting next_dagrun for dataset_consumes_unknown_never_scheduled to None, run_after=None
[2024-10-05T13:40:09.540-0400] {logging_mixin.py:190} INFO - [2024-10-05T13:40:09.540-0400] {dag.py:4180} INFO - Setting next_dagrun for dataset_produces_1 to 2024-10-04 00:00:00+00:00, run_after=2024-10-05 00:00:00+00:00
[2024-10-05T13:40:09.599-0400] {logging_mixin.py:190} INFO - [2024-10-05T13:40:09.599-0400] {dag.py:4180} INFO - Setting next_dagrun for dataset_produces_2 to None, run_after=None
[2024-10-05T13:40:11.805-0400] {processor.py:208} INFO - Processing /home/patrick/.cache/pypoetry/virtualenvs/airflow-wPbgcfzP-py3.10/lib/python3.10/site-packages/airflow/example_dags/example_datasets.py took 9.594 seconds
[2024-10-05T13:44:51.455-0400] {processor.py:186} INFO - Started process (PID=5387) to work on /home/patrick/.cache/pypoetry/virtualenvs/airflow-wPbgcfzP-py3.10/lib/python3.10/site-packages/airflow/example_dags/example_datasets.py
[2024-10-05T13:44:51.456-0400] {processor.py:914} INFO - Processing file /home/patrick/.cache/pypoetry/virtualenvs/airflow-wPbgcfzP-py3.10/lib/python3.10/site-packages/airflow/example_dags/example_datasets.py for tasks to queue
[2024-10-05T13:44:51.457-0400] {logging_mixin.py:190} INFO - [2024-10-05T13:44:51.457-0400] {dagbag.py:588} INFO - Filling up the DagBag from /home/patrick/.cache/pypoetry/virtualenvs/airflow-wPbgcfzP-py3.10/lib/python3.10/site-packages/airflow/example_dags/example_datasets.py
[2024-10-05T13:44:51.465-0400] {processor.py:925} INFO - DAG(s) 'consume_1_or_both_2_and_3_with_dataset_expressions', 'dataset_produces_1', 'consume_1_or_2_with_dataset_expressions', 'dataset_consumes_1_never_scheduled', 'dataset_consumes_1_and_2', 'consume_1_and_2_with_dataset_expressions', 'dataset_consumes_unknown_never_scheduled', 'conditional_dataset_and_time_based_timetable', 'dataset_consumes_1', 'dataset_produces_2' retrieved from /home/patrick/.cache/pypoetry/virtualenvs/airflow-wPbgcfzP-py3.10/lib/python3.10/site-packages/airflow/example_dags/example_datasets.py
[2024-10-05T13:44:53.508-0400] {logging_mixin.py:190} INFO - [2024-10-05T13:44:53.508-0400] {dag.py:3239} INFO - Sync 10 DAGs
[2024-10-05T13:44:53.775-0400] {logging_mixin.py:190} INFO - [2024-10-05T13:44:53.775-0400] {dag.py:4180} INFO - Setting next_dagrun for conditional_dataset_and_time_based_timetable to 2024-10-02 01:00:00+00:00, run_after=2024-10-02 01:00:00+00:00
[2024-10-05T13:44:53.815-0400] {logging_mixin.py:190} INFO - [2024-10-05T13:44:53.815-0400] {dag.py:4180} INFO - Setting next_dagrun for consume_1_and_2_with_dataset_expressions to None, run_after=None
[2024-10-05T13:44:53.861-0400] {logging_mixin.py:190} INFO - [2024-10-05T13:44:53.860-0400] {dag.py:4180} INFO - Setting next_dagrun for consume_1_or_2_with_dataset_expressions to None, run_after=None
[2024-10-05T13:44:53.900-0400] {logging_mixin.py:190} INFO - [2024-10-05T13:44:53.900-0400] {dag.py:4180} INFO - Setting next_dagrun for consume_1_or_both_2_and_3_with_dataset_expressions to None, run_after=None
[2024-10-05T13:44:53.996-0400] {logging_mixin.py:190} INFO - [2024-10-05T13:44:53.996-0400] {dag.py:4180} INFO - Setting next_dagrun for dataset_consumes_1 to None, run_after=None
[2024-10-05T13:44:54.047-0400] {logging_mixin.py:190} INFO - [2024-10-05T13:44:54.046-0400] {dag.py:4180} INFO - Setting next_dagrun for dataset_consumes_1_and_2 to None, run_after=None
[2024-10-05T13:44:54.086-0400] {logging_mixin.py:190} INFO - [2024-10-05T13:44:54.086-0400] {dag.py:4180} INFO - Setting next_dagrun for dataset_consumes_1_never_scheduled to None, run_after=None
[2024-10-05T13:44:54.134-0400] {logging_mixin.py:190} INFO - [2024-10-05T13:44:54.134-0400] {dag.py:4180} INFO - Setting next_dagrun for dataset_consumes_unknown_never_scheduled to None, run_after=None
[2024-10-05T13:44:54.203-0400] {logging_mixin.py:190} INFO - [2024-10-05T13:44:54.203-0400] {dag.py:4180} INFO - Setting next_dagrun for dataset_produces_1 to 2024-10-04 00:00:00+00:00, run_after=2024-10-05 00:00:00+00:00
[2024-10-05T13:44:54.242-0400] {logging_mixin.py:190} INFO - [2024-10-05T13:44:54.242-0400] {dag.py:4180} INFO - Setting next_dagrun for dataset_produces_2 to None, run_after=None
[2024-10-05T13:44:55.729-0400] {processor.py:208} INFO - Processing /home/patrick/.cache/pypoetry/virtualenvs/airflow-wPbgcfzP-py3.10/lib/python3.10/site-packages/airflow/example_dags/example_datasets.py took 4.277 seconds
[2024-10-05T13:48:36.535-0400] {processor.py:186} INFO - Started process (PID=6359) to work on /home/patrick/.cache/pypoetry/virtualenvs/airflow-wPbgcfzP-py3.10/lib/python3.10/site-packages/airflow/example_dags/example_datasets.py
[2024-10-05T13:48:36.536-0400] {processor.py:914} INFO - Processing file /home/patrick/.cache/pypoetry/virtualenvs/airflow-wPbgcfzP-py3.10/lib/python3.10/site-packages/airflow/example_dags/example_datasets.py for tasks to queue
[2024-10-05T13:48:36.537-0400] {logging_mixin.py:190} INFO - [2024-10-05T13:48:36.537-0400] {dagbag.py:588} INFO - Filling up the DagBag from /home/patrick/.cache/pypoetry/virtualenvs/airflow-wPbgcfzP-py3.10/lib/python3.10/site-packages/airflow/example_dags/example_datasets.py
[2024-10-05T13:48:36.545-0400] {processor.py:925} INFO - DAG(s) 'dataset_consumes_1_and_2', 'consume_1_and_2_with_dataset_expressions', 'dataset_consumes_1', 'consume_1_or_both_2_and_3_with_dataset_expressions', 'dataset_produces_1', 'dataset_consumes_unknown_never_scheduled', 'dataset_produces_2', 'conditional_dataset_and_time_based_timetable', 'dataset_consumes_1_never_scheduled', 'consume_1_or_2_with_dataset_expressions' retrieved from /home/patrick/.cache/pypoetry/virtualenvs/airflow-wPbgcfzP-py3.10/lib/python3.10/site-packages/airflow/example_dags/example_datasets.py
[2024-10-05T13:48:42.525-0400] {logging_mixin.py:190} INFO - [2024-10-05T13:48:42.524-0400] {dag.py:3239} INFO - Sync 10 DAGs
[2024-10-05T13:48:42.846-0400] {logging_mixin.py:190} INFO - [2024-10-05T13:48:42.846-0400] {dag.py:4180} INFO - Setting next_dagrun for conditional_dataset_and_time_based_timetable to 2024-10-02 01:00:00+00:00, run_after=2024-10-02 01:00:00+00:00
[2024-10-05T13:48:42.886-0400] {logging_mixin.py:190} INFO - [2024-10-05T13:48:42.886-0400] {dag.py:4180} INFO - Setting next_dagrun for consume_1_and_2_with_dataset_expressions to None, run_after=None
[2024-10-05T13:48:42.926-0400] {logging_mixin.py:190} INFO - [2024-10-05T13:48:42.925-0400] {dag.py:4180} INFO - Setting next_dagrun for consume_1_or_2_with_dataset_expressions to None, run_after=None
[2024-10-05T13:48:42.974-0400] {logging_mixin.py:190} INFO - [2024-10-05T13:48:42.973-0400] {dag.py:4180} INFO - Setting next_dagrun for consume_1_or_both_2_and_3_with_dataset_expressions to None, run_after=None
[2024-10-05T13:48:43.025-0400] {logging_mixin.py:190} INFO - [2024-10-05T13:48:43.025-0400] {dag.py:4180} INFO - Setting next_dagrun for dataset_consumes_1 to None, run_after=None
[2024-10-05T13:48:43.064-0400] {logging_mixin.py:190} INFO - [2024-10-05T13:48:43.063-0400] {dag.py:4180} INFO - Setting next_dagrun for dataset_consumes_1_and_2 to None, run_after=None
[2024-10-05T13:48:43.101-0400] {logging_mixin.py:190} INFO - [2024-10-05T13:48:43.101-0400] {dag.py:4180} INFO - Setting next_dagrun for dataset_consumes_1_never_scheduled to None, run_after=None
[2024-10-05T13:48:43.141-0400] {logging_mixin.py:190} INFO - [2024-10-05T13:48:43.140-0400] {dag.py:4180} INFO - Setting next_dagrun for dataset_consumes_unknown_never_scheduled to None, run_after=None
[2024-10-05T13:48:43.182-0400] {logging_mixin.py:190} INFO - [2024-10-05T13:48:43.181-0400] {dag.py:4180} INFO - Setting next_dagrun for dataset_produces_1 to 2024-10-04 00:00:00+00:00, run_after=2024-10-05 00:00:00+00:00
[2024-10-05T13:48:43.218-0400] {logging_mixin.py:190} INFO - [2024-10-05T13:48:43.218-0400] {dag.py:4180} INFO - Setting next_dagrun for dataset_produces_2 to None, run_after=None
[2024-10-05T13:48:45.264-0400] {processor.py:208} INFO - Processing /home/patrick/.cache/pypoetry/virtualenvs/airflow-wPbgcfzP-py3.10/lib/python3.10/site-packages/airflow/example_dags/example_datasets.py took 8.732 seconds
[2024-10-05T13:52:39.924-0400] {processor.py:186} INFO - Started process (PID=7476) to work on /home/patrick/.cache/pypoetry/virtualenvs/airflow-wPbgcfzP-py3.10/lib/python3.10/site-packages/airflow/example_dags/example_datasets.py
[2024-10-05T13:52:39.924-0400] {processor.py:914} INFO - Processing file /home/patrick/.cache/pypoetry/virtualenvs/airflow-wPbgcfzP-py3.10/lib/python3.10/site-packages/airflow/example_dags/example_datasets.py for tasks to queue
[2024-10-05T13:52:39.926-0400] {logging_mixin.py:190} INFO - [2024-10-05T13:52:39.926-0400] {dagbag.py:588} INFO - Filling up the DagBag from /home/patrick/.cache/pypoetry/virtualenvs/airflow-wPbgcfzP-py3.10/lib/python3.10/site-packages/airflow/example_dags/example_datasets.py
[2024-10-05T13:52:39.934-0400] {processor.py:925} INFO - DAG(s) 'dataset_consumes_1', 'consume_1_or_2_with_dataset_expressions', 'dataset_produces_2', 'conditional_dataset_and_time_based_timetable', 'dataset_consumes_unknown_never_scheduled', 'dataset_produces_1', 'consume_1_and_2_with_dataset_expressions', 'consume_1_or_both_2_and_3_with_dataset_expressions', 'dataset_consumes_1_and_2', 'dataset_consumes_1_never_scheduled' retrieved from /home/patrick/.cache/pypoetry/virtualenvs/airflow-wPbgcfzP-py3.10/lib/python3.10/site-packages/airflow/example_dags/example_datasets.py
[2024-10-05T13:52:43.978-0400] {logging_mixin.py:190} INFO - [2024-10-05T13:52:43.978-0400] {dag.py:3239} INFO - Sync 10 DAGs
[2024-10-05T13:52:44.180-0400] {logging_mixin.py:190} INFO - [2024-10-05T13:52:44.179-0400] {dag.py:4180} INFO - Setting next_dagrun for conditional_dataset_and_time_based_timetable to 2024-10-02 01:00:00+00:00, run_after=2024-10-02 01:00:00+00:00
[2024-10-05T13:52:44.285-0400] {logging_mixin.py:190} INFO - [2024-10-05T13:52:44.285-0400] {dag.py:4180} INFO - Setting next_dagrun for consume_1_and_2_with_dataset_expressions to None, run_after=None
[2024-10-05T13:52:44.327-0400] {logging_mixin.py:190} INFO - [2024-10-05T13:52:44.327-0400] {dag.py:4180} INFO - Setting next_dagrun for consume_1_or_2_with_dataset_expressions to None, run_after=None
[2024-10-05T13:52:44.396-0400] {logging_mixin.py:190} INFO - [2024-10-05T13:52:44.395-0400] {dag.py:4180} INFO - Setting next_dagrun for consume_1_or_both_2_and_3_with_dataset_expressions to None, run_after=None
[2024-10-05T13:52:44.443-0400] {logging_mixin.py:190} INFO - [2024-10-05T13:52:44.443-0400] {dag.py:4180} INFO - Setting next_dagrun for dataset_consumes_1 to None, run_after=None
[2024-10-05T13:52:44.482-0400] {logging_mixin.py:190} INFO - [2024-10-05T13:52:44.481-0400] {dag.py:4180} INFO - Setting next_dagrun for dataset_consumes_1_and_2 to None, run_after=None
[2024-10-05T13:52:44.521-0400] {logging_mixin.py:190} INFO - [2024-10-05T13:52:44.521-0400] {dag.py:4180} INFO - Setting next_dagrun for dataset_consumes_1_never_scheduled to None, run_after=None
[2024-10-05T13:52:44.559-0400] {logging_mixin.py:190} INFO - [2024-10-05T13:52:44.559-0400] {dag.py:4180} INFO - Setting next_dagrun for dataset_consumes_unknown_never_scheduled to None, run_after=None
[2024-10-05T13:52:44.597-0400] {logging_mixin.py:190} INFO - [2024-10-05T13:52:44.597-0400] {dag.py:4180} INFO - Setting next_dagrun for dataset_produces_1 to 2024-10-04 00:00:00+00:00, run_after=2024-10-05 00:00:00+00:00
[2024-10-05T13:52:44.646-0400] {logging_mixin.py:190} INFO - [2024-10-05T13:52:44.646-0400] {dag.py:4180} INFO - Setting next_dagrun for dataset_produces_2 to None, run_after=None
[2024-10-05T13:52:46.243-0400] {processor.py:208} INFO - Processing /home/patrick/.cache/pypoetry/virtualenvs/airflow-wPbgcfzP-py3.10/lib/python3.10/site-packages/airflow/example_dags/example_datasets.py took 6.323 seconds
