[2024-10-05T13:28:13.060-0400] {processor.py:186} INFO - Started process (PID=897) to work on /home/patrick/.cache/pypoetry/virtualenvs/airflow-wPbgcfzP-py3.10/lib/python3.10/site-packages/airflow/example_dags/example_task_group.py
[2024-10-05T13:28:13.061-0400] {processor.py:914} INFO - Processing file /home/patrick/.cache/pypoetry/virtualenvs/airflow-wPbgcfzP-py3.10/lib/python3.10/site-packages/airflow/example_dags/example_task_group.py for tasks to queue
[2024-10-05T13:28:13.062-0400] {logging_mixin.py:190} INFO - [2024-10-05T13:28:13.062-0400] {dagbag.py:588} INFO - Filling up the DagBag from /home/patrick/.cache/pypoetry/virtualenvs/airflow-wPbgcfzP-py3.10/lib/python3.10/site-packages/airflow/example_dags/example_task_group.py
[2024-10-05T13:28:13.070-0400] {processor.py:925} INFO - DAG(s) 'example_task_group' retrieved from /home/patrick/.cache/pypoetry/virtualenvs/airflow-wPbgcfzP-py3.10/lib/python3.10/site-packages/airflow/example_dags/example_task_group.py
[2024-10-05T13:28:22.898-0400] {logging_mixin.py:190} INFO - [2024-10-05T13:28:22.897-0400] {dag.py:3239} INFO - Sync 1 DAGs
[2024-10-05T13:28:23.300-0400] {logging_mixin.py:190} INFO - [2024-10-05T13:28:23.300-0400] {dag.py:4180} INFO - Setting next_dagrun for example_task_group to None, run_after=None
[2024-10-05T13:28:24.770-0400] {processor.py:208} INFO - Processing /home/patrick/.cache/pypoetry/virtualenvs/airflow-wPbgcfzP-py3.10/lib/python3.10/site-packages/airflow/example_dags/example_task_group.py took 11.714 seconds
[2024-10-05T13:33:07.920-0400] {processor.py:186} INFO - Started process (PID=2224) to work on /home/patrick/.cache/pypoetry/virtualenvs/airflow-wPbgcfzP-py3.10/lib/python3.10/site-packages/airflow/example_dags/example_task_group.py
[2024-10-05T13:33:07.921-0400] {processor.py:914} INFO - Processing file /home/patrick/.cache/pypoetry/virtualenvs/airflow-wPbgcfzP-py3.10/lib/python3.10/site-packages/airflow/example_dags/example_task_group.py for tasks to queue
[2024-10-05T13:33:07.923-0400] {logging_mixin.py:190} INFO - [2024-10-05T13:33:07.923-0400] {dagbag.py:588} INFO - Filling up the DagBag from /home/patrick/.cache/pypoetry/virtualenvs/airflow-wPbgcfzP-py3.10/lib/python3.10/site-packages/airflow/example_dags/example_task_group.py
[2024-10-05T13:33:07.930-0400] {processor.py:925} INFO - DAG(s) 'example_task_group' retrieved from /home/patrick/.cache/pypoetry/virtualenvs/airflow-wPbgcfzP-py3.10/lib/python3.10/site-packages/airflow/example_dags/example_task_group.py
[2024-10-05T13:33:15.432-0400] {logging_mixin.py:190} INFO - [2024-10-05T13:33:15.432-0400] {dag.py:3239} INFO - Sync 1 DAGs
[2024-10-05T13:33:15.763-0400] {logging_mixin.py:190} INFO - [2024-10-05T13:33:15.763-0400] {dag.py:4180} INFO - Setting next_dagrun for example_task_group to None, run_after=None
[2024-10-05T13:33:16.348-0400] {processor.py:208} INFO - Processing /home/patrick/.cache/pypoetry/virtualenvs/airflow-wPbgcfzP-py3.10/lib/python3.10/site-packages/airflow/example_dags/example_task_group.py took 8.432 seconds
[2024-10-05T13:35:54.893-0400] {processor.py:186} INFO - Started process (PID=2975) to work on /home/patrick/.cache/pypoetry/virtualenvs/airflow-wPbgcfzP-py3.10/lib/python3.10/site-packages/airflow/example_dags/example_task_group.py
[2024-10-05T13:35:54.894-0400] {processor.py:914} INFO - Processing file /home/patrick/.cache/pypoetry/virtualenvs/airflow-wPbgcfzP-py3.10/lib/python3.10/site-packages/airflow/example_dags/example_task_group.py for tasks to queue
[2024-10-05T13:35:54.895-0400] {logging_mixin.py:190} INFO - [2024-10-05T13:35:54.895-0400] {dagbag.py:588} INFO - Filling up the DagBag from /home/patrick/.cache/pypoetry/virtualenvs/airflow-wPbgcfzP-py3.10/lib/python3.10/site-packages/airflow/example_dags/example_task_group.py
[2024-10-05T13:35:54.900-0400] {processor.py:925} INFO - DAG(s) 'example_task_group' retrieved from /home/patrick/.cache/pypoetry/virtualenvs/airflow-wPbgcfzP-py3.10/lib/python3.10/site-packages/airflow/example_dags/example_task_group.py
[2024-10-05T13:35:57.560-0400] {logging_mixin.py:190} INFO - [2024-10-05T13:35:57.560-0400] {dag.py:3239} INFO - Sync 1 DAGs
[2024-10-05T13:35:57.650-0400] {logging_mixin.py:190} INFO - [2024-10-05T13:35:57.650-0400] {dag.py:4180} INFO - Setting next_dagrun for example_task_group to None, run_after=None
[2024-10-05T13:35:58.349-0400] {processor.py:208} INFO - Processing /home/patrick/.cache/pypoetry/virtualenvs/airflow-wPbgcfzP-py3.10/lib/python3.10/site-packages/airflow/example_dags/example_task_group.py took 3.459 seconds
[2024-10-05T13:38:42.758-0400] {processor.py:186} INFO - Started process (PID=3786) to work on /home/patrick/.cache/pypoetry/virtualenvs/airflow-wPbgcfzP-py3.10/lib/python3.10/site-packages/airflow/example_dags/example_task_group.py
[2024-10-05T13:38:42.759-0400] {processor.py:914} INFO - Processing file /home/patrick/.cache/pypoetry/virtualenvs/airflow-wPbgcfzP-py3.10/lib/python3.10/site-packages/airflow/example_dags/example_task_group.py for tasks to queue
[2024-10-05T13:38:42.760-0400] {logging_mixin.py:190} INFO - [2024-10-05T13:38:42.760-0400] {dagbag.py:588} INFO - Filling up the DagBag from /home/patrick/.cache/pypoetry/virtualenvs/airflow-wPbgcfzP-py3.10/lib/python3.10/site-packages/airflow/example_dags/example_task_group.py
[2024-10-05T13:38:42.765-0400] {processor.py:925} INFO - DAG(s) 'example_task_group' retrieved from /home/patrick/.cache/pypoetry/virtualenvs/airflow-wPbgcfzP-py3.10/lib/python3.10/site-packages/airflow/example_dags/example_task_group.py
[2024-10-05T13:38:44.986-0400] {logging_mixin.py:190} INFO - [2024-10-05T13:38:44.986-0400] {dag.py:3239} INFO - Sync 1 DAGs
[2024-10-05T13:38:45.056-0400] {logging_mixin.py:190} INFO - [2024-10-05T13:38:45.055-0400] {dag.py:4180} INFO - Setting next_dagrun for example_task_group to None, run_after=None
[2024-10-05T13:38:45.654-0400] {processor.py:208} INFO - Processing /home/patrick/.cache/pypoetry/virtualenvs/airflow-wPbgcfzP-py3.10/lib/python3.10/site-packages/airflow/example_dags/example_task_group.py took 2.900 seconds
[2024-10-05T13:41:12.175-0400] {processor.py:186} INFO - Started process (PID=4441) to work on /home/patrick/.cache/pypoetry/virtualenvs/airflow-wPbgcfzP-py3.10/lib/python3.10/site-packages/airflow/example_dags/example_task_group.py
[2024-10-05T13:41:12.176-0400] {processor.py:914} INFO - Processing file /home/patrick/.cache/pypoetry/virtualenvs/airflow-wPbgcfzP-py3.10/lib/python3.10/site-packages/airflow/example_dags/example_task_group.py for tasks to queue
[2024-10-05T13:41:12.177-0400] {logging_mixin.py:190} INFO - [2024-10-05T13:41:12.177-0400] {dagbag.py:588} INFO - Filling up the DagBag from /home/patrick/.cache/pypoetry/virtualenvs/airflow-wPbgcfzP-py3.10/lib/python3.10/site-packages/airflow/example_dags/example_task_group.py
[2024-10-05T13:41:12.183-0400] {processor.py:925} INFO - DAG(s) 'example_task_group' retrieved from /home/patrick/.cache/pypoetry/virtualenvs/airflow-wPbgcfzP-py3.10/lib/python3.10/site-packages/airflow/example_dags/example_task_group.py
[2024-10-05T13:41:14.823-0400] {logging_mixin.py:190} INFO - [2024-10-05T13:41:14.823-0400] {dag.py:3239} INFO - Sync 1 DAGs
[2024-10-05T13:41:14.902-0400] {logging_mixin.py:190} INFO - [2024-10-05T13:41:14.902-0400] {dag.py:4180} INFO - Setting next_dagrun for example_task_group to None, run_after=None
[2024-10-05T13:41:15.623-0400] {processor.py:208} INFO - Processing /home/patrick/.cache/pypoetry/virtualenvs/airflow-wPbgcfzP-py3.10/lib/python3.10/site-packages/airflow/example_dags/example_task_group.py took 3.452 seconds
[2024-10-05T13:43:37.771-0400] {processor.py:186} INFO - Started process (PID=5069) to work on /home/patrick/.cache/pypoetry/virtualenvs/airflow-wPbgcfzP-py3.10/lib/python3.10/site-packages/airflow/example_dags/example_task_group.py
[2024-10-05T13:43:37.772-0400] {processor.py:914} INFO - Processing file /home/patrick/.cache/pypoetry/virtualenvs/airflow-wPbgcfzP-py3.10/lib/python3.10/site-packages/airflow/example_dags/example_task_group.py for tasks to queue
[2024-10-05T13:43:37.774-0400] {logging_mixin.py:190} INFO - [2024-10-05T13:43:37.773-0400] {dagbag.py:588} INFO - Filling up the DagBag from /home/patrick/.cache/pypoetry/virtualenvs/airflow-wPbgcfzP-py3.10/lib/python3.10/site-packages/airflow/example_dags/example_task_group.py
[2024-10-05T13:43:37.779-0400] {processor.py:925} INFO - DAG(s) 'example_task_group' retrieved from /home/patrick/.cache/pypoetry/virtualenvs/airflow-wPbgcfzP-py3.10/lib/python3.10/site-packages/airflow/example_dags/example_task_group.py
[2024-10-05T13:43:40.955-0400] {logging_mixin.py:190} INFO - [2024-10-05T13:43:40.954-0400] {dag.py:3239} INFO - Sync 1 DAGs
[2024-10-05T13:43:41.048-0400] {logging_mixin.py:190} INFO - [2024-10-05T13:43:41.047-0400] {dag.py:4180} INFO - Setting next_dagrun for example_task_group to None, run_after=None
[2024-10-05T13:43:41.607-0400] {processor.py:208} INFO - Processing /home/patrick/.cache/pypoetry/virtualenvs/airflow-wPbgcfzP-py3.10/lib/python3.10/site-packages/airflow/example_dags/example_task_group.py took 3.839 seconds
[2024-10-05T13:45:25.540-0400] {processor.py:186} INFO - Started process (PID=5538) to work on /home/patrick/.cache/pypoetry/virtualenvs/airflow-wPbgcfzP-py3.10/lib/python3.10/site-packages/airflow/example_dags/example_task_group.py
[2024-10-05T13:45:25.541-0400] {processor.py:914} INFO - Processing file /home/patrick/.cache/pypoetry/virtualenvs/airflow-wPbgcfzP-py3.10/lib/python3.10/site-packages/airflow/example_dags/example_task_group.py for tasks to queue
[2024-10-05T13:45:25.542-0400] {logging_mixin.py:190} INFO - [2024-10-05T13:45:25.542-0400] {dagbag.py:588} INFO - Filling up the DagBag from /home/patrick/.cache/pypoetry/virtualenvs/airflow-wPbgcfzP-py3.10/lib/python3.10/site-packages/airflow/example_dags/example_task_group.py
[2024-10-05T13:45:25.547-0400] {processor.py:925} INFO - DAG(s) 'example_task_group' retrieved from /home/patrick/.cache/pypoetry/virtualenvs/airflow-wPbgcfzP-py3.10/lib/python3.10/site-packages/airflow/example_dags/example_task_group.py
[2024-10-05T13:45:30.316-0400] {logging_mixin.py:190} INFO - [2024-10-05T13:45:30.316-0400] {dag.py:3239} INFO - Sync 1 DAGs
[2024-10-05T13:45:30.395-0400] {logging_mixin.py:190} INFO - [2024-10-05T13:45:30.394-0400] {dag.py:4180} INFO - Setting next_dagrun for example_task_group to None, run_after=None
[2024-10-05T13:45:31.285-0400] {processor.py:208} INFO - Processing /home/patrick/.cache/pypoetry/virtualenvs/airflow-wPbgcfzP-py3.10/lib/python3.10/site-packages/airflow/example_dags/example_task_group.py took 5.748 seconds
[2024-10-05T13:47:07.524-0400] {processor.py:186} INFO - Started process (PID=5978) to work on /home/patrick/.cache/pypoetry/virtualenvs/airflow-wPbgcfzP-py3.10/lib/python3.10/site-packages/airflow/example_dags/example_task_group.py
[2024-10-05T13:47:07.525-0400] {processor.py:914} INFO - Processing file /home/patrick/.cache/pypoetry/virtualenvs/airflow-wPbgcfzP-py3.10/lib/python3.10/site-packages/airflow/example_dags/example_task_group.py for tasks to queue
[2024-10-05T13:47:07.526-0400] {logging_mixin.py:190} INFO - [2024-10-05T13:47:07.526-0400] {dagbag.py:588} INFO - Filling up the DagBag from /home/patrick/.cache/pypoetry/virtualenvs/airflow-wPbgcfzP-py3.10/lib/python3.10/site-packages/airflow/example_dags/example_task_group.py
[2024-10-05T13:47:07.531-0400] {processor.py:925} INFO - DAG(s) 'example_task_group' retrieved from /home/patrick/.cache/pypoetry/virtualenvs/airflow-wPbgcfzP-py3.10/lib/python3.10/site-packages/airflow/example_dags/example_task_group.py
[2024-10-05T13:47:10.313-0400] {logging_mixin.py:190} INFO - [2024-10-05T13:47:10.313-0400] {dag.py:3239} INFO - Sync 1 DAGs
[2024-10-05T13:47:10.435-0400] {logging_mixin.py:190} INFO - [2024-10-05T13:47:10.435-0400] {dag.py:4180} INFO - Setting next_dagrun for example_task_group to None, run_after=None
[2024-10-05T13:47:11.202-0400] {processor.py:208} INFO - Processing /home/patrick/.cache/pypoetry/virtualenvs/airflow-wPbgcfzP-py3.10/lib/python3.10/site-packages/airflow/example_dags/example_task_group.py took 3.682 seconds
[2024-10-05T13:49:18.754-0400] {processor.py:186} INFO - Started process (PID=6542) to work on /home/patrick/.cache/pypoetry/virtualenvs/airflow-wPbgcfzP-py3.10/lib/python3.10/site-packages/airflow/example_dags/example_task_group.py
[2024-10-05T13:49:18.755-0400] {processor.py:914} INFO - Processing file /home/patrick/.cache/pypoetry/virtualenvs/airflow-wPbgcfzP-py3.10/lib/python3.10/site-packages/airflow/example_dags/example_task_group.py for tasks to queue
[2024-10-05T13:49:18.757-0400] {logging_mixin.py:190} INFO - [2024-10-05T13:49:18.757-0400] {dagbag.py:588} INFO - Filling up the DagBag from /home/patrick/.cache/pypoetry/virtualenvs/airflow-wPbgcfzP-py3.10/lib/python3.10/site-packages/airflow/example_dags/example_task_group.py
[2024-10-05T13:49:18.762-0400] {processor.py:925} INFO - DAG(s) 'example_task_group' retrieved from /home/patrick/.cache/pypoetry/virtualenvs/airflow-wPbgcfzP-py3.10/lib/python3.10/site-packages/airflow/example_dags/example_task_group.py
[2024-10-05T13:49:24.100-0400] {logging_mixin.py:190} INFO - [2024-10-05T13:49:24.100-0400] {dag.py:3239} INFO - Sync 1 DAGs
[2024-10-05T13:49:24.279-0400] {logging_mixin.py:190} INFO - [2024-10-05T13:49:24.278-0400] {dag.py:4180} INFO - Setting next_dagrun for example_task_group to None, run_after=None
[2024-10-05T13:49:25.009-0400] {processor.py:208} INFO - Processing /home/patrick/.cache/pypoetry/virtualenvs/airflow-wPbgcfzP-py3.10/lib/python3.10/site-packages/airflow/example_dags/example_task_group.py took 6.258 seconds
[2024-10-05T13:51:29.463-0400] {processor.py:186} INFO - Started process (PID=7173) to work on /home/patrick/.cache/pypoetry/virtualenvs/airflow-wPbgcfzP-py3.10/lib/python3.10/site-packages/airflow/example_dags/example_task_group.py
[2024-10-05T13:51:29.463-0400] {processor.py:914} INFO - Processing file /home/patrick/.cache/pypoetry/virtualenvs/airflow-wPbgcfzP-py3.10/lib/python3.10/site-packages/airflow/example_dags/example_task_group.py for tasks to queue
[2024-10-05T13:51:29.465-0400] {logging_mixin.py:190} INFO - [2024-10-05T13:51:29.465-0400] {dagbag.py:588} INFO - Filling up the DagBag from /home/patrick/.cache/pypoetry/virtualenvs/airflow-wPbgcfzP-py3.10/lib/python3.10/site-packages/airflow/example_dags/example_task_group.py
[2024-10-05T13:51:29.470-0400] {processor.py:925} INFO - DAG(s) 'example_task_group' retrieved from /home/patrick/.cache/pypoetry/virtualenvs/airflow-wPbgcfzP-py3.10/lib/python3.10/site-packages/airflow/example_dags/example_task_group.py
[2024-10-05T13:51:32.553-0400] {logging_mixin.py:190} INFO - [2024-10-05T13:51:32.553-0400] {dag.py:3239} INFO - Sync 1 DAGs
[2024-10-05T13:51:32.637-0400] {logging_mixin.py:190} INFO - [2024-10-05T13:51:32.636-0400] {dag.py:4180} INFO - Setting next_dagrun for example_task_group to None, run_after=None
[2024-10-05T13:51:33.171-0400] {processor.py:208} INFO - Processing /home/patrick/.cache/pypoetry/virtualenvs/airflow-wPbgcfzP-py3.10/lib/python3.10/site-packages/airflow/example_dags/example_task_group.py took 3.711 seconds
