[2024-10-05T13:29:35.714-0400] {processor.py:186} INFO - Started process (PID=1263) to work on /home/patrick/.cache/pypoetry/virtualenvs/airflow-wPbgcfzP-py3.10/lib/python3.10/site-packages/airflow/example_dags/example_python_decorator.py
[2024-10-05T13:29:35.715-0400] {processor.py:914} INFO - Processing file /home/patrick/.cache/pypoetry/virtualenvs/airflow-wPbgcfzP-py3.10/lib/python3.10/site-packages/airflow/example_dags/example_python_decorator.py for tasks to queue
[2024-10-05T13:29:35.716-0400] {logging_mixin.py:190} INFO - [2024-10-05T13:29:35.716-0400] {dagbag.py:588} INFO - Filling up the DagBag from /home/patrick/.cache/pypoetry/virtualenvs/airflow-wPbgcfzP-py3.10/lib/python3.10/site-packages/airflow/example_dags/example_python_decorator.py
[2024-10-05T13:29:35.787-0400] {logging_mixin.py:190} INFO - [2024-10-05T13:29:35.786-0400] {example_python_decorator.py:80} WARNING - The virtalenv_python example task requires virtualenv, please install it.
[2024-10-05T13:29:35.788-0400] {processor.py:925} INFO - DAG(s) 'example_python_decorator' retrieved from /home/patrick/.cache/pypoetry/virtualenvs/airflow-wPbgcfzP-py3.10/lib/python3.10/site-packages/airflow/example_dags/example_python_decorator.py
[2024-10-05T13:29:41.171-0400] {logging_mixin.py:190} INFO - [2024-10-05T13:29:41.171-0400] {dag.py:3239} INFO - Sync 1 DAGs
[2024-10-05T13:29:41.397-0400] {logging_mixin.py:190} INFO - [2024-10-05T13:29:41.396-0400] {dag.py:4180} INFO - Setting next_dagrun for example_python_decorator to None, run_after=None
[2024-10-05T13:29:42.037-0400] {processor.py:208} INFO - Processing /home/patrick/.cache/pypoetry/virtualenvs/airflow-wPbgcfzP-py3.10/lib/python3.10/site-packages/airflow/example_dags/example_python_decorator.py took 6.327 seconds
[2024-10-05T13:34:29.726-0400] {processor.py:186} INFO - Started process (PID=2590) to work on /home/patrick/.cache/pypoetry/virtualenvs/airflow-wPbgcfzP-py3.10/lib/python3.10/site-packages/airflow/example_dags/example_python_decorator.py
[2024-10-05T13:34:29.727-0400] {processor.py:914} INFO - Processing file /home/patrick/.cache/pypoetry/virtualenvs/airflow-wPbgcfzP-py3.10/lib/python3.10/site-packages/airflow/example_dags/example_python_decorator.py for tasks to queue
[2024-10-05T13:34:29.729-0400] {logging_mixin.py:190} INFO - [2024-10-05T13:34:29.728-0400] {dagbag.py:588} INFO - Filling up the DagBag from /home/patrick/.cache/pypoetry/virtualenvs/airflow-wPbgcfzP-py3.10/lib/python3.10/site-packages/airflow/example_dags/example_python_decorator.py
[2024-10-05T13:34:29.789-0400] {logging_mixin.py:190} INFO - [2024-10-05T13:34:29.789-0400] {example_python_decorator.py:80} WARNING - The virtalenv_python example task requires virtualenv, please install it.
[2024-10-05T13:34:29.791-0400] {processor.py:925} INFO - DAG(s) 'example_python_decorator' retrieved from /home/patrick/.cache/pypoetry/virtualenvs/airflow-wPbgcfzP-py3.10/lib/python3.10/site-packages/airflow/example_dags/example_python_decorator.py
[2024-10-05T13:34:39.436-0400] {logging_mixin.py:190} INFO - [2024-10-05T13:34:39.436-0400] {dag.py:3239} INFO - Sync 1 DAGs
[2024-10-05T13:34:39.807-0400] {logging_mixin.py:190} INFO - [2024-10-05T13:34:39.807-0400] {dag.py:4180} INFO - Setting next_dagrun for example_python_decorator to None, run_after=None
[2024-10-05T13:34:40.761-0400] {processor.py:208} INFO - Processing /home/patrick/.cache/pypoetry/virtualenvs/airflow-wPbgcfzP-py3.10/lib/python3.10/site-packages/airflow/example_dags/example_python_decorator.py took 11.039 seconds
[2024-10-05T13:37:18.787-0400] {processor.py:186} INFO - Started process (PID=3418) to work on /home/patrick/.cache/pypoetry/virtualenvs/airflow-wPbgcfzP-py3.10/lib/python3.10/site-packages/airflow/example_dags/example_python_decorator.py
[2024-10-05T13:37:18.788-0400] {processor.py:914} INFO - Processing file /home/patrick/.cache/pypoetry/virtualenvs/airflow-wPbgcfzP-py3.10/lib/python3.10/site-packages/airflow/example_dags/example_python_decorator.py for tasks to queue
[2024-10-05T13:37:18.789-0400] {logging_mixin.py:190} INFO - [2024-10-05T13:37:18.789-0400] {dagbag.py:588} INFO - Filling up the DagBag from /home/patrick/.cache/pypoetry/virtualenvs/airflow-wPbgcfzP-py3.10/lib/python3.10/site-packages/airflow/example_dags/example_python_decorator.py
[2024-10-05T13:37:18.839-0400] {logging_mixin.py:190} INFO - [2024-10-05T13:37:18.839-0400] {example_python_decorator.py:80} WARNING - The virtalenv_python example task requires virtualenv, please install it.
[2024-10-05T13:37:18.840-0400] {processor.py:925} INFO - DAG(s) 'example_python_decorator' retrieved from /home/patrick/.cache/pypoetry/virtualenvs/airflow-wPbgcfzP-py3.10/lib/python3.10/site-packages/airflow/example_dags/example_python_decorator.py
[2024-10-05T13:37:24.770-0400] {logging_mixin.py:190} INFO - [2024-10-05T13:37:24.770-0400] {dag.py:3239} INFO - Sync 1 DAGs
[2024-10-05T13:37:24.966-0400] {logging_mixin.py:190} INFO - [2024-10-05T13:37:24.966-0400] {dag.py:4180} INFO - Setting next_dagrun for example_python_decorator to None, run_after=None
[2024-10-05T13:37:25.786-0400] {processor.py:208} INFO - Processing /home/patrick/.cache/pypoetry/virtualenvs/airflow-wPbgcfzP-py3.10/lib/python3.10/site-packages/airflow/example_dags/example_python_decorator.py took 7.003 seconds
[2024-10-05T13:39:50.762-0400] {processor.py:186} INFO - Started process (PID=4096) to work on /home/patrick/.cache/pypoetry/virtualenvs/airflow-wPbgcfzP-py3.10/lib/python3.10/site-packages/airflow/example_dags/example_python_decorator.py
[2024-10-05T13:39:50.763-0400] {processor.py:914} INFO - Processing file /home/patrick/.cache/pypoetry/virtualenvs/airflow-wPbgcfzP-py3.10/lib/python3.10/site-packages/airflow/example_dags/example_python_decorator.py for tasks to queue
[2024-10-05T13:39:50.764-0400] {logging_mixin.py:190} INFO - [2024-10-05T13:39:50.764-0400] {dagbag.py:588} INFO - Filling up the DagBag from /home/patrick/.cache/pypoetry/virtualenvs/airflow-wPbgcfzP-py3.10/lib/python3.10/site-packages/airflow/example_dags/example_python_decorator.py
[2024-10-05T13:39:50.817-0400] {logging_mixin.py:190} INFO - [2024-10-05T13:39:50.817-0400] {example_python_decorator.py:80} WARNING - The virtalenv_python example task requires virtualenv, please install it.
[2024-10-05T13:39:50.819-0400] {processor.py:925} INFO - DAG(s) 'example_python_decorator' retrieved from /home/patrick/.cache/pypoetry/virtualenvs/airflow-wPbgcfzP-py3.10/lib/python3.10/site-packages/airflow/example_dags/example_python_decorator.py
[2024-10-05T13:39:54.937-0400] {logging_mixin.py:190} INFO - [2024-10-05T13:39:54.937-0400] {dag.py:3239} INFO - Sync 1 DAGs
[2024-10-05T13:39:55.299-0400] {logging_mixin.py:190} INFO - [2024-10-05T13:39:55.298-0400] {dag.py:4180} INFO - Setting next_dagrun for example_python_decorator to None, run_after=None
[2024-10-05T13:39:55.950-0400] {processor.py:208} INFO - Processing /home/patrick/.cache/pypoetry/virtualenvs/airflow-wPbgcfzP-py3.10/lib/python3.10/site-packages/airflow/example_dags/example_python_decorator.py took 5.192 seconds
[2024-10-05T13:42:01.569-0400] {processor.py:186} INFO - Started process (PID=4660) to work on /home/patrick/.cache/pypoetry/virtualenvs/airflow-wPbgcfzP-py3.10/lib/python3.10/site-packages/airflow/example_dags/example_python_decorator.py
[2024-10-05T13:42:01.569-0400] {processor.py:914} INFO - Processing file /home/patrick/.cache/pypoetry/virtualenvs/airflow-wPbgcfzP-py3.10/lib/python3.10/site-packages/airflow/example_dags/example_python_decorator.py for tasks to queue
[2024-10-05T13:42:01.571-0400] {logging_mixin.py:190} INFO - [2024-10-05T13:42:01.571-0400] {dagbag.py:588} INFO - Filling up the DagBag from /home/patrick/.cache/pypoetry/virtualenvs/airflow-wPbgcfzP-py3.10/lib/python3.10/site-packages/airflow/example_dags/example_python_decorator.py
[2024-10-05T13:42:01.622-0400] {logging_mixin.py:190} INFO - [2024-10-05T13:42:01.621-0400] {example_python_decorator.py:80} WARNING - The virtalenv_python example task requires virtualenv, please install it.
[2024-10-05T13:42:01.623-0400] {processor.py:925} INFO - DAG(s) 'example_python_decorator' retrieved from /home/patrick/.cache/pypoetry/virtualenvs/airflow-wPbgcfzP-py3.10/lib/python3.10/site-packages/airflow/example_dags/example_python_decorator.py
[2024-10-05T13:42:08.161-0400] {logging_mixin.py:190} INFO - [2024-10-05T13:42:08.161-0400] {dag.py:3239} INFO - Sync 1 DAGs
[2024-10-05T13:42:08.367-0400] {logging_mixin.py:190} INFO - [2024-10-05T13:42:08.367-0400] {dag.py:4180} INFO - Setting next_dagrun for example_python_decorator to None, run_after=None
[2024-10-05T13:42:09.284-0400] {processor.py:208} INFO - Processing /home/patrick/.cache/pypoetry/virtualenvs/airflow-wPbgcfzP-py3.10/lib/python3.10/site-packages/airflow/example_dags/example_python_decorator.py took 7.718 seconds
[2024-10-05T13:44:39.119-0400] {processor.py:186} INFO - Started process (PID=5331) to work on /home/patrick/.cache/pypoetry/virtualenvs/airflow-wPbgcfzP-py3.10/lib/python3.10/site-packages/airflow/example_dags/example_python_decorator.py
[2024-10-05T13:44:39.120-0400] {processor.py:914} INFO - Processing file /home/patrick/.cache/pypoetry/virtualenvs/airflow-wPbgcfzP-py3.10/lib/python3.10/site-packages/airflow/example_dags/example_python_decorator.py for tasks to queue
[2024-10-05T13:44:39.122-0400] {logging_mixin.py:190} INFO - [2024-10-05T13:44:39.122-0400] {dagbag.py:588} INFO - Filling up the DagBag from /home/patrick/.cache/pypoetry/virtualenvs/airflow-wPbgcfzP-py3.10/lib/python3.10/site-packages/airflow/example_dags/example_python_decorator.py
[2024-10-05T13:44:39.170-0400] {logging_mixin.py:190} INFO - [2024-10-05T13:44:39.170-0400] {example_python_decorator.py:80} WARNING - The virtalenv_python example task requires virtualenv, please install it.
[2024-10-05T13:44:39.172-0400] {processor.py:925} INFO - DAG(s) 'example_python_decorator' retrieved from /home/patrick/.cache/pypoetry/virtualenvs/airflow-wPbgcfzP-py3.10/lib/python3.10/site-packages/airflow/example_dags/example_python_decorator.py
[2024-10-05T13:44:41.235-0400] {logging_mixin.py:190} INFO - [2024-10-05T13:44:41.234-0400] {dag.py:3239} INFO - Sync 1 DAGs
[2024-10-05T13:44:41.284-0400] {logging_mixin.py:190} INFO - [2024-10-05T13:44:41.284-0400] {dag.py:4180} INFO - Setting next_dagrun for example_python_decorator to None, run_after=None
[2024-10-05T13:44:41.802-0400] {processor.py:208} INFO - Processing /home/patrick/.cache/pypoetry/virtualenvs/airflow-wPbgcfzP-py3.10/lib/python3.10/site-packages/airflow/example_dags/example_python_decorator.py took 2.686 seconds
[2024-10-05T13:47:49.766-0400] {processor.py:186} INFO - Started process (PID=6166) to work on /home/patrick/.cache/pypoetry/virtualenvs/airflow-wPbgcfzP-py3.10/lib/python3.10/site-packages/airflow/example_dags/example_python_decorator.py
[2024-10-05T13:47:49.767-0400] {processor.py:914} INFO - Processing file /home/patrick/.cache/pypoetry/virtualenvs/airflow-wPbgcfzP-py3.10/lib/python3.10/site-packages/airflow/example_dags/example_python_decorator.py for tasks to queue
[2024-10-05T13:47:49.768-0400] {logging_mixin.py:190} INFO - [2024-10-05T13:47:49.768-0400] {dagbag.py:588} INFO - Filling up the DagBag from /home/patrick/.cache/pypoetry/virtualenvs/airflow-wPbgcfzP-py3.10/lib/python3.10/site-packages/airflow/example_dags/example_python_decorator.py
[2024-10-05T13:47:49.815-0400] {logging_mixin.py:190} INFO - [2024-10-05T13:47:49.815-0400] {example_python_decorator.py:80} WARNING - The virtalenv_python example task requires virtualenv, please install it.
[2024-10-05T13:47:49.817-0400] {processor.py:925} INFO - DAG(s) 'example_python_decorator' retrieved from /home/patrick/.cache/pypoetry/virtualenvs/airflow-wPbgcfzP-py3.10/lib/python3.10/site-packages/airflow/example_dags/example_python_decorator.py
[2024-10-05T13:47:54.197-0400] {logging_mixin.py:190} INFO - [2024-10-05T13:47:54.196-0400] {dag.py:3239} INFO - Sync 1 DAGs
[2024-10-05T13:47:54.286-0400] {logging_mixin.py:190} INFO - [2024-10-05T13:47:54.286-0400] {dag.py:4180} INFO - Setting next_dagrun for example_python_decorator to None, run_after=None
[2024-10-05T13:47:54.911-0400] {processor.py:208} INFO - Processing /home/patrick/.cache/pypoetry/virtualenvs/airflow-wPbgcfzP-py3.10/lib/python3.10/site-packages/airflow/example_dags/example_python_decorator.py took 5.148 seconds
[2024-10-05T13:50:11.851-0400] {processor.py:186} INFO - Started process (PID=6772) to work on /home/patrick/.cache/pypoetry/virtualenvs/airflow-wPbgcfzP-py3.10/lib/python3.10/site-packages/airflow/example_dags/example_python_decorator.py
[2024-10-05T13:50:11.852-0400] {processor.py:914} INFO - Processing file /home/patrick/.cache/pypoetry/virtualenvs/airflow-wPbgcfzP-py3.10/lib/python3.10/site-packages/airflow/example_dags/example_python_decorator.py for tasks to queue
[2024-10-05T13:50:11.854-0400] {logging_mixin.py:190} INFO - [2024-10-05T13:50:11.854-0400] {dagbag.py:588} INFO - Filling up the DagBag from /home/patrick/.cache/pypoetry/virtualenvs/airflow-wPbgcfzP-py3.10/lib/python3.10/site-packages/airflow/example_dags/example_python_decorator.py
[2024-10-05T13:50:11.910-0400] {logging_mixin.py:190} INFO - [2024-10-05T13:50:11.910-0400] {example_python_decorator.py:80} WARNING - The virtalenv_python example task requires virtualenv, please install it.
[2024-10-05T13:50:11.912-0400] {processor.py:925} INFO - DAG(s) 'example_python_decorator' retrieved from /home/patrick/.cache/pypoetry/virtualenvs/airflow-wPbgcfzP-py3.10/lib/python3.10/site-packages/airflow/example_dags/example_python_decorator.py
[2024-10-05T13:50:18.898-0400] {logging_mixin.py:190} INFO - [2024-10-05T13:50:18.897-0400] {dag.py:3239} INFO - Sync 1 DAGs
[2024-10-05T13:50:19.034-0400] {logging_mixin.py:190} INFO - [2024-10-05T13:50:19.034-0400] {dag.py:4180} INFO - Setting next_dagrun for example_python_decorator to None, run_after=None
[2024-10-05T13:50:19.704-0400] {processor.py:208} INFO - Processing /home/patrick/.cache/pypoetry/virtualenvs/airflow-wPbgcfzP-py3.10/lib/python3.10/site-packages/airflow/example_dags/example_python_decorator.py took 7.856 seconds
[2024-10-05T13:52:07.605-0400] {processor.py:186} INFO - Started process (PID=7343) to work on /home/patrick/.cache/pypoetry/virtualenvs/airflow-wPbgcfzP-py3.10/lib/python3.10/site-packages/airflow/example_dags/example_python_decorator.py
[2024-10-05T13:52:07.607-0400] {processor.py:914} INFO - Processing file /home/patrick/.cache/pypoetry/virtualenvs/airflow-wPbgcfzP-py3.10/lib/python3.10/site-packages/airflow/example_dags/example_python_decorator.py for tasks to queue
[2024-10-05T13:52:07.608-0400] {logging_mixin.py:190} INFO - [2024-10-05T13:52:07.608-0400] {dagbag.py:588} INFO - Filling up the DagBag from /home/patrick/.cache/pypoetry/virtualenvs/airflow-wPbgcfzP-py3.10/lib/python3.10/site-packages/airflow/example_dags/example_python_decorator.py
[2024-10-05T13:52:07.902-0400] {logging_mixin.py:190} INFO - [2024-10-05T13:52:07.902-0400] {example_python_decorator.py:80} WARNING - The virtalenv_python example task requires virtualenv, please install it.
[2024-10-05T13:52:07.904-0400] {processor.py:925} INFO - DAG(s) 'example_python_decorator' retrieved from /home/patrick/.cache/pypoetry/virtualenvs/airflow-wPbgcfzP-py3.10/lib/python3.10/site-packages/airflow/example_dags/example_python_decorator.py
[2024-10-05T13:52:16.751-0400] {logging_mixin.py:190} INFO - [2024-10-05T13:52:16.751-0400] {dag.py:3239} INFO - Sync 1 DAGs
[2024-10-05T13:52:17.029-0400] {logging_mixin.py:190} INFO - [2024-10-05T13:52:17.029-0400] {dag.py:4180} INFO - Setting next_dagrun for example_python_decorator to None, run_after=None
[2024-10-05T13:52:18.021-0400] {processor.py:208} INFO - Processing /home/patrick/.cache/pypoetry/virtualenvs/airflow-wPbgcfzP-py3.10/lib/python3.10/site-packages/airflow/example_dags/example_python_decorator.py took 10.419 seconds
