[2024-10-05T13:30:30.320-0400] {processor.py:186} INFO - Started process (PID=1520) to work on /home/patrick/.cache/pypoetry/virtualenvs/airflow-wPbgcfzP-py3.10/lib/python3.10/site-packages/airflow/example_dags/example_display_name.py
[2024-10-05T13:30:30.321-0400] {processor.py:914} INFO - Processing file /home/patrick/.cache/pypoetry/virtualenvs/airflow-wPbgcfzP-py3.10/lib/python3.10/site-packages/airflow/example_dags/example_display_name.py for tasks to queue
[2024-10-05T13:30:30.323-0400] {logging_mixin.py:190} INFO - [2024-10-05T13:30:30.323-0400] {dagbag.py:588} INFO - Filling up the DagBag from /home/patrick/.cache/pypoetry/virtualenvs/airflow-wPbgcfzP-py3.10/lib/python3.10/site-packages/airflow/example_dags/example_display_name.py
[2024-10-05T13:30:30.329-0400] {processor.py:925} INFO - DAG(s) 'example_display_name' retrieved from /home/patrick/.cache/pypoetry/virtualenvs/airflow-wPbgcfzP-py3.10/lib/python3.10/site-packages/airflow/example_dags/example_display_name.py
[2024-10-05T13:30:51.709-0400] {logging_mixin.py:190} INFO - [2024-10-05T13:30:51.709-0400] {dag.py:3239} INFO - Sync 1 DAGs
[2024-10-05T13:30:52.169-0400] {logging_mixin.py:190} INFO - [2024-10-05T13:30:52.169-0400] {dag.py:4180} INFO - Setting next_dagrun for example_display_name to None, run_after=None
[2024-10-05T13:30:52.959-0400] {processor.py:208} INFO - Processing /home/patrick/.cache/pypoetry/virtualenvs/airflow-wPbgcfzP-py3.10/lib/python3.10/site-packages/airflow/example_dags/example_display_name.py took 22.642 seconds
[2024-10-05T13:35:01.186-0400] {processor.py:186} INFO - Started process (PID=2733) to work on /home/patrick/.cache/pypoetry/virtualenvs/airflow-wPbgcfzP-py3.10/lib/python3.10/site-packages/airflow/example_dags/example_display_name.py
[2024-10-05T13:35:01.187-0400] {processor.py:914} INFO - Processing file /home/patrick/.cache/pypoetry/virtualenvs/airflow-wPbgcfzP-py3.10/lib/python3.10/site-packages/airflow/example_dags/example_display_name.py for tasks to queue
[2024-10-05T13:35:01.189-0400] {logging_mixin.py:190} INFO - [2024-10-05T13:35:01.188-0400] {dagbag.py:588} INFO - Filling up the DagBag from /home/patrick/.cache/pypoetry/virtualenvs/airflow-wPbgcfzP-py3.10/lib/python3.10/site-packages/airflow/example_dags/example_display_name.py
[2024-10-05T13:35:01.193-0400] {processor.py:925} INFO - DAG(s) 'example_display_name' retrieved from /home/patrick/.cache/pypoetry/virtualenvs/airflow-wPbgcfzP-py3.10/lib/python3.10/site-packages/airflow/example_dags/example_display_name.py
[2024-10-05T13:35:11.312-0400] {logging_mixin.py:190} INFO - [2024-10-05T13:35:11.312-0400] {dag.py:3239} INFO - Sync 1 DAGs
[2024-10-05T13:35:11.513-0400] {logging_mixin.py:190} INFO - [2024-10-05T13:35:11.512-0400] {dag.py:4180} INFO - Setting next_dagrun for example_display_name to None, run_after=None
[2024-10-05T13:35:12.365-0400] {processor.py:208} INFO - Processing /home/patrick/.cache/pypoetry/virtualenvs/airflow-wPbgcfzP-py3.10/lib/python3.10/site-packages/airflow/example_dags/example_display_name.py took 11.183 seconds
[2024-10-05T13:39:58.713-0400] {processor.py:186} INFO - Started process (PID=4131) to work on /home/patrick/.cache/pypoetry/virtualenvs/airflow-wPbgcfzP-py3.10/lib/python3.10/site-packages/airflow/example_dags/example_display_name.py
[2024-10-05T13:39:58.714-0400] {processor.py:914} INFO - Processing file /home/patrick/.cache/pypoetry/virtualenvs/airflow-wPbgcfzP-py3.10/lib/python3.10/site-packages/airflow/example_dags/example_display_name.py for tasks to queue
[2024-10-05T13:39:58.715-0400] {logging_mixin.py:190} INFO - [2024-10-05T13:39:58.715-0400] {dagbag.py:588} INFO - Filling up the DagBag from /home/patrick/.cache/pypoetry/virtualenvs/airflow-wPbgcfzP-py3.10/lib/python3.10/site-packages/airflow/example_dags/example_display_name.py
[2024-10-05T13:39:58.719-0400] {processor.py:925} INFO - DAG(s) 'example_display_name' retrieved from /home/patrick/.cache/pypoetry/virtualenvs/airflow-wPbgcfzP-py3.10/lib/python3.10/site-packages/airflow/example_dags/example_display_name.py
[2024-10-05T13:40:00.487-0400] {logging_mixin.py:190} INFO - [2024-10-05T13:40:00.487-0400] {dag.py:3239} INFO - Sync 1 DAGs
[2024-10-05T13:40:00.615-0400] {logging_mixin.py:190} INFO - [2024-10-05T13:40:00.615-0400] {dag.py:4180} INFO - Setting next_dagrun for example_display_name to None, run_after=None
[2024-10-05T13:40:01.176-0400] {processor.py:208} INFO - Processing /home/patrick/.cache/pypoetry/virtualenvs/airflow-wPbgcfzP-py3.10/lib/python3.10/site-packages/airflow/example_dags/example_display_name.py took 2.466 seconds
[2024-10-05T13:43:01.713-0400] {processor.py:186} INFO - Started process (PID=4910) to work on /home/patrick/.cache/pypoetry/virtualenvs/airflow-wPbgcfzP-py3.10/lib/python3.10/site-packages/airflow/example_dags/example_display_name.py
[2024-10-05T13:43:01.714-0400] {processor.py:914} INFO - Processing file /home/patrick/.cache/pypoetry/virtualenvs/airflow-wPbgcfzP-py3.10/lib/python3.10/site-packages/airflow/example_dags/example_display_name.py for tasks to queue
[2024-10-05T13:43:01.716-0400] {logging_mixin.py:190} INFO - [2024-10-05T13:43:01.716-0400] {dagbag.py:588} INFO - Filling up the DagBag from /home/patrick/.cache/pypoetry/virtualenvs/airflow-wPbgcfzP-py3.10/lib/python3.10/site-packages/airflow/example_dags/example_display_name.py
[2024-10-05T13:43:01.720-0400] {processor.py:925} INFO - DAG(s) 'example_display_name' retrieved from /home/patrick/.cache/pypoetry/virtualenvs/airflow-wPbgcfzP-py3.10/lib/python3.10/site-packages/airflow/example_dags/example_display_name.py
[2024-10-05T13:43:04.691-0400] {logging_mixin.py:190} INFO - [2024-10-05T13:43:04.690-0400] {dag.py:3239} INFO - Sync 1 DAGs
[2024-10-05T13:43:04.819-0400] {logging_mixin.py:190} INFO - [2024-10-05T13:43:04.819-0400] {dag.py:4180} INFO - Setting next_dagrun for example_display_name to None, run_after=None
[2024-10-05T13:43:05.428-0400] {processor.py:208} INFO - Processing /home/patrick/.cache/pypoetry/virtualenvs/airflow-wPbgcfzP-py3.10/lib/python3.10/site-packages/airflow/example_dags/example_display_name.py took 3.718 seconds
[2024-10-05T13:46:28.307-0400] {processor.py:186} INFO - Started process (PID=5807) to work on /home/patrick/.cache/pypoetry/virtualenvs/airflow-wPbgcfzP-py3.10/lib/python3.10/site-packages/airflow/example_dags/example_display_name.py
[2024-10-05T13:46:28.308-0400] {processor.py:914} INFO - Processing file /home/patrick/.cache/pypoetry/virtualenvs/airflow-wPbgcfzP-py3.10/lib/python3.10/site-packages/airflow/example_dags/example_display_name.py for tasks to queue
[2024-10-05T13:46:28.309-0400] {logging_mixin.py:190} INFO - [2024-10-05T13:46:28.309-0400] {dagbag.py:588} INFO - Filling up the DagBag from /home/patrick/.cache/pypoetry/virtualenvs/airflow-wPbgcfzP-py3.10/lib/python3.10/site-packages/airflow/example_dags/example_display_name.py
[2024-10-05T13:46:28.313-0400] {processor.py:925} INFO - DAG(s) 'example_display_name' retrieved from /home/patrick/.cache/pypoetry/virtualenvs/airflow-wPbgcfzP-py3.10/lib/python3.10/site-packages/airflow/example_dags/example_display_name.py
[2024-10-05T13:46:34.919-0400] {logging_mixin.py:190} INFO - [2024-10-05T13:46:34.919-0400] {dag.py:3239} INFO - Sync 1 DAGs
[2024-10-05T13:46:35.008-0400] {logging_mixin.py:190} INFO - [2024-10-05T13:46:35.008-0400] {dag.py:4180} INFO - Setting next_dagrun for example_display_name to None, run_after=None
[2024-10-05T13:46:35.708-0400] {processor.py:208} INFO - Processing /home/patrick/.cache/pypoetry/virtualenvs/airflow-wPbgcfzP-py3.10/lib/python3.10/site-packages/airflow/example_dags/example_display_name.py took 7.404 seconds
[2024-10-05T13:50:47.715-0400] {processor.py:186} INFO - Started process (PID=6924) to work on /home/patrick/.cache/pypoetry/virtualenvs/airflow-wPbgcfzP-py3.10/lib/python3.10/site-packages/airflow/example_dags/example_display_name.py
[2024-10-05T13:50:47.716-0400] {processor.py:914} INFO - Processing file /home/patrick/.cache/pypoetry/virtualenvs/airflow-wPbgcfzP-py3.10/lib/python3.10/site-packages/airflow/example_dags/example_display_name.py for tasks to queue
[2024-10-05T13:50:47.718-0400] {logging_mixin.py:190} INFO - [2024-10-05T13:50:47.717-0400] {dagbag.py:588} INFO - Filling up the DagBag from /home/patrick/.cache/pypoetry/virtualenvs/airflow-wPbgcfzP-py3.10/lib/python3.10/site-packages/airflow/example_dags/example_display_name.py
[2024-10-05T13:50:47.722-0400] {processor.py:925} INFO - DAG(s) 'example_display_name' retrieved from /home/patrick/.cache/pypoetry/virtualenvs/airflow-wPbgcfzP-py3.10/lib/python3.10/site-packages/airflow/example_dags/example_display_name.py
[2024-10-05T13:50:51.270-0400] {logging_mixin.py:190} INFO - [2024-10-05T13:50:51.270-0400] {dag.py:3239} INFO - Sync 1 DAGs
[2024-10-05T13:50:51.340-0400] {logging_mixin.py:190} INFO - [2024-10-05T13:50:51.340-0400] {dag.py:4180} INFO - Setting next_dagrun for example_display_name to None, run_after=None
[2024-10-05T13:50:51.933-0400] {processor.py:208} INFO - Processing /home/patrick/.cache/pypoetry/virtualenvs/airflow-wPbgcfzP-py3.10/lib/python3.10/site-packages/airflow/example_dags/example_display_name.py took 4.221 seconds
