[2024-10-05T13:28:31.315-0400] {processor.py:186} INFO - Started process (PID=976) to work on /home/patrick/.cache/pypoetry/virtualenvs/airflow-wPbgcfzP-py3.10/lib/python3.10/site-packages/airflow/example_dags/example_params_trigger_ui.py
[2024-10-05T13:28:31.316-0400] {processor.py:914} INFO - Processing file /home/patrick/.cache/pypoetry/virtualenvs/airflow-wPbgcfzP-py3.10/lib/python3.10/site-packages/airflow/example_dags/example_params_trigger_ui.py for tasks to queue
[2024-10-05T13:28:31.318-0400] {logging_mixin.py:190} INFO - [2024-10-05T13:28:31.318-0400] {dagbag.py:588} INFO - Filling up the DagBag from /home/patrick/.cache/pypoetry/virtualenvs/airflow-wPbgcfzP-py3.10/lib/python3.10/site-packages/airflow/example_dags/example_params_trigger_ui.py
[2024-10-05T13:28:31.325-0400] {processor.py:925} INFO - DAG(s) 'example_params_trigger_ui' retrieved from /home/patrick/.cache/pypoetry/virtualenvs/airflow-wPbgcfzP-py3.10/lib/python3.10/site-packages/airflow/example_dags/example_params_trigger_ui.py
[2024-10-05T13:28:43.263-0400] {logging_mixin.py:190} INFO - [2024-10-05T13:28:43.263-0400] {dag.py:3239} INFO - Sync 1 DAGs
[2024-10-05T13:28:43.430-0400] {logging_mixin.py:190} INFO - [2024-10-05T13:28:43.429-0400] {dag.py:4180} INFO - Setting next_dagrun for example_params_trigger_ui to None, run_after=None
[2024-10-05T13:28:44.042-0400] {processor.py:208} INFO - Processing /home/patrick/.cache/pypoetry/virtualenvs/airflow-wPbgcfzP-py3.10/lib/python3.10/site-packages/airflow/example_dags/example_params_trigger_ui.py took 12.730 seconds
[2024-10-05T13:33:17.850-0400] {processor.py:186} INFO - Started process (PID=2268) to work on /home/patrick/.cache/pypoetry/virtualenvs/airflow-wPbgcfzP-py3.10/lib/python3.10/site-packages/airflow/example_dags/example_params_trigger_ui.py
[2024-10-05T13:33:17.851-0400] {processor.py:914} INFO - Processing file /home/patrick/.cache/pypoetry/virtualenvs/airflow-wPbgcfzP-py3.10/lib/python3.10/site-packages/airflow/example_dags/example_params_trigger_ui.py for tasks to queue
[2024-10-05T13:33:17.853-0400] {logging_mixin.py:190} INFO - [2024-10-05T13:33:17.853-0400] {dagbag.py:588} INFO - Filling up the DagBag from /home/patrick/.cache/pypoetry/virtualenvs/airflow-wPbgcfzP-py3.10/lib/python3.10/site-packages/airflow/example_dags/example_params_trigger_ui.py
[2024-10-05T13:33:17.859-0400] {processor.py:925} INFO - DAG(s) 'example_params_trigger_ui' retrieved from /home/patrick/.cache/pypoetry/virtualenvs/airflow-wPbgcfzP-py3.10/lib/python3.10/site-packages/airflow/example_dags/example_params_trigger_ui.py
[2024-10-05T13:33:25.870-0400] {logging_mixin.py:190} INFO - [2024-10-05T13:33:25.870-0400] {dag.py:3239} INFO - Sync 1 DAGs
[2024-10-05T13:33:26.094-0400] {logging_mixin.py:190} INFO - [2024-10-05T13:33:26.094-0400] {dag.py:4180} INFO - Setting next_dagrun for example_params_trigger_ui to None, run_after=None
[2024-10-05T13:33:26.762-0400] {processor.py:208} INFO - Processing /home/patrick/.cache/pypoetry/virtualenvs/airflow-wPbgcfzP-py3.10/lib/python3.10/site-packages/airflow/example_dags/example_params_trigger_ui.py took 8.915 seconds
[2024-10-05T13:35:59.333-0400] {processor.py:186} INFO - Started process (PID=2997) to work on /home/patrick/.cache/pypoetry/virtualenvs/airflow-wPbgcfzP-py3.10/lib/python3.10/site-packages/airflow/example_dags/example_params_trigger_ui.py
[2024-10-05T13:35:59.334-0400] {processor.py:914} INFO - Processing file /home/patrick/.cache/pypoetry/virtualenvs/airflow-wPbgcfzP-py3.10/lib/python3.10/site-packages/airflow/example_dags/example_params_trigger_ui.py for tasks to queue
[2024-10-05T13:35:59.336-0400] {logging_mixin.py:190} INFO - [2024-10-05T13:35:59.335-0400] {dagbag.py:588} INFO - Filling up the DagBag from /home/patrick/.cache/pypoetry/virtualenvs/airflow-wPbgcfzP-py3.10/lib/python3.10/site-packages/airflow/example_dags/example_params_trigger_ui.py
[2024-10-05T13:35:59.343-0400] {processor.py:925} INFO - DAG(s) 'example_params_trigger_ui' retrieved from /home/patrick/.cache/pypoetry/virtualenvs/airflow-wPbgcfzP-py3.10/lib/python3.10/site-packages/airflow/example_dags/example_params_trigger_ui.py
[2024-10-05T13:36:01.839-0400] {logging_mixin.py:190} INFO - [2024-10-05T13:36:01.838-0400] {dag.py:3239} INFO - Sync 1 DAGs
[2024-10-05T13:36:01.901-0400] {logging_mixin.py:190} INFO - [2024-10-05T13:36:01.901-0400] {dag.py:4180} INFO - Setting next_dagrun for example_params_trigger_ui to None, run_after=None
[2024-10-05T13:36:02.608-0400] {processor.py:208} INFO - Processing /home/patrick/.cache/pypoetry/virtualenvs/airflow-wPbgcfzP-py3.10/lib/python3.10/site-packages/airflow/example_dags/example_params_trigger_ui.py took 3.280 seconds
[2024-10-05T13:38:49.609-0400] {processor.py:186} INFO - Started process (PID=3837) to work on /home/patrick/.cache/pypoetry/virtualenvs/airflow-wPbgcfzP-py3.10/lib/python3.10/site-packages/airflow/example_dags/example_params_trigger_ui.py
[2024-10-05T13:38:49.612-0400] {processor.py:914} INFO - Processing file /home/patrick/.cache/pypoetry/virtualenvs/airflow-wPbgcfzP-py3.10/lib/python3.10/site-packages/airflow/example_dags/example_params_trigger_ui.py for tasks to queue
[2024-10-05T13:38:49.613-0400] {logging_mixin.py:190} INFO - [2024-10-05T13:38:49.613-0400] {dagbag.py:588} INFO - Filling up the DagBag from /home/patrick/.cache/pypoetry/virtualenvs/airflow-wPbgcfzP-py3.10/lib/python3.10/site-packages/airflow/example_dags/example_params_trigger_ui.py
[2024-10-05T13:38:49.620-0400] {processor.py:925} INFO - DAG(s) 'example_params_trigger_ui' retrieved from /home/patrick/.cache/pypoetry/virtualenvs/airflow-wPbgcfzP-py3.10/lib/python3.10/site-packages/airflow/example_dags/example_params_trigger_ui.py
[2024-10-05T13:38:53.859-0400] {logging_mixin.py:190} INFO - [2024-10-05T13:38:53.858-0400] {dag.py:3239} INFO - Sync 1 DAGs
[2024-10-05T13:38:53.943-0400] {logging_mixin.py:190} INFO - [2024-10-05T13:38:53.943-0400] {dag.py:4180} INFO - Setting next_dagrun for example_params_trigger_ui to None, run_after=None
[2024-10-05T13:38:54.605-0400] {processor.py:208} INFO - Processing /home/patrick/.cache/pypoetry/virtualenvs/airflow-wPbgcfzP-py3.10/lib/python3.10/site-packages/airflow/example_dags/example_params_trigger_ui.py took 5.000 seconds
[2024-10-05T13:41:20.063-0400] {processor.py:186} INFO - Started process (PID=4475) to work on /home/patrick/.cache/pypoetry/virtualenvs/airflow-wPbgcfzP-py3.10/lib/python3.10/site-packages/airflow/example_dags/example_params_trigger_ui.py
[2024-10-05T13:41:20.064-0400] {processor.py:914} INFO - Processing file /home/patrick/.cache/pypoetry/virtualenvs/airflow-wPbgcfzP-py3.10/lib/python3.10/site-packages/airflow/example_dags/example_params_trigger_ui.py for tasks to queue
[2024-10-05T13:41:20.065-0400] {logging_mixin.py:190} INFO - [2024-10-05T13:41:20.065-0400] {dagbag.py:588} INFO - Filling up the DagBag from /home/patrick/.cache/pypoetry/virtualenvs/airflow-wPbgcfzP-py3.10/lib/python3.10/site-packages/airflow/example_dags/example_params_trigger_ui.py
[2024-10-05T13:41:20.071-0400] {processor.py:925} INFO - DAG(s) 'example_params_trigger_ui' retrieved from /home/patrick/.cache/pypoetry/virtualenvs/airflow-wPbgcfzP-py3.10/lib/python3.10/site-packages/airflow/example_dags/example_params_trigger_ui.py
[2024-10-05T13:41:25.846-0400] {logging_mixin.py:190} INFO - [2024-10-05T13:41:25.846-0400] {dag.py:3239} INFO - Sync 1 DAGs
[2024-10-05T13:41:26.092-0400] {logging_mixin.py:190} INFO - [2024-10-05T13:41:26.092-0400] {dag.py:4180} INFO - Setting next_dagrun for example_params_trigger_ui to None, run_after=None
[2024-10-05T13:41:26.951-0400] {processor.py:208} INFO - Processing /home/patrick/.cache/pypoetry/virtualenvs/airflow-wPbgcfzP-py3.10/lib/python3.10/site-packages/airflow/example_dags/example_params_trigger_ui.py took 6.891 seconds
[2024-10-05T13:43:42.537-0400] {processor.py:186} INFO - Started process (PID=5091) to work on /home/patrick/.cache/pypoetry/virtualenvs/airflow-wPbgcfzP-py3.10/lib/python3.10/site-packages/airflow/example_dags/example_params_trigger_ui.py
[2024-10-05T13:43:42.538-0400] {processor.py:914} INFO - Processing file /home/patrick/.cache/pypoetry/virtualenvs/airflow-wPbgcfzP-py3.10/lib/python3.10/site-packages/airflow/example_dags/example_params_trigger_ui.py for tasks to queue
[2024-10-05T13:43:42.539-0400] {logging_mixin.py:190} INFO - [2024-10-05T13:43:42.539-0400] {dagbag.py:588} INFO - Filling up the DagBag from /home/patrick/.cache/pypoetry/virtualenvs/airflow-wPbgcfzP-py3.10/lib/python3.10/site-packages/airflow/example_dags/example_params_trigger_ui.py
[2024-10-05T13:43:42.545-0400] {processor.py:925} INFO - DAG(s) 'example_params_trigger_ui' retrieved from /home/patrick/.cache/pypoetry/virtualenvs/airflow-wPbgcfzP-py3.10/lib/python3.10/site-packages/airflow/example_dags/example_params_trigger_ui.py
[2024-10-05T13:43:45.801-0400] {logging_mixin.py:190} INFO - [2024-10-05T13:43:45.800-0400] {dag.py:3239} INFO - Sync 1 DAGs
[2024-10-05T13:43:45.873-0400] {logging_mixin.py:190} INFO - [2024-10-05T13:43:45.873-0400] {dag.py:4180} INFO - Setting next_dagrun for example_params_trigger_ui to None, run_after=None
[2024-10-05T13:43:46.817-0400] {processor.py:208} INFO - Processing /home/patrick/.cache/pypoetry/virtualenvs/airflow-wPbgcfzP-py3.10/lib/python3.10/site-packages/airflow/example_dags/example_params_trigger_ui.py took 4.283 seconds
[2024-10-05T13:45:32.300-0400] {processor.py:186} INFO - Started process (PID=5568) to work on /home/patrick/.cache/pypoetry/virtualenvs/airflow-wPbgcfzP-py3.10/lib/python3.10/site-packages/airflow/example_dags/example_params_trigger_ui.py
[2024-10-05T13:45:32.301-0400] {processor.py:914} INFO - Processing file /home/patrick/.cache/pypoetry/virtualenvs/airflow-wPbgcfzP-py3.10/lib/python3.10/site-packages/airflow/example_dags/example_params_trigger_ui.py for tasks to queue
[2024-10-05T13:45:32.302-0400] {logging_mixin.py:190} INFO - [2024-10-05T13:45:32.302-0400] {dagbag.py:588} INFO - Filling up the DagBag from /home/patrick/.cache/pypoetry/virtualenvs/airflow-wPbgcfzP-py3.10/lib/python3.10/site-packages/airflow/example_dags/example_params_trigger_ui.py
[2024-10-05T13:45:32.309-0400] {processor.py:925} INFO - DAG(s) 'example_params_trigger_ui' retrieved from /home/patrick/.cache/pypoetry/virtualenvs/airflow-wPbgcfzP-py3.10/lib/python3.10/site-packages/airflow/example_dags/example_params_trigger_ui.py
[2024-10-05T13:45:33.567-0400] {logging_mixin.py:190} INFO - [2024-10-05T13:45:33.567-0400] {dag.py:3239} INFO - Sync 1 DAGs
[2024-10-05T13:45:33.678-0400] {logging_mixin.py:190} INFO - [2024-10-05T13:45:33.677-0400] {dag.py:4180} INFO - Setting next_dagrun for example_params_trigger_ui to None, run_after=None
[2024-10-05T13:45:34.280-0400] {processor.py:208} INFO - Processing /home/patrick/.cache/pypoetry/virtualenvs/airflow-wPbgcfzP-py3.10/lib/python3.10/site-packages/airflow/example_dags/example_params_trigger_ui.py took 1.983 seconds
[2024-10-05T13:47:13.706-0400] {processor.py:186} INFO - Started process (PID=6006) to work on /home/patrick/.cache/pypoetry/virtualenvs/airflow-wPbgcfzP-py3.10/lib/python3.10/site-packages/airflow/example_dags/example_params_trigger_ui.py
[2024-10-05T13:47:13.707-0400] {processor.py:914} INFO - Processing file /home/patrick/.cache/pypoetry/virtualenvs/airflow-wPbgcfzP-py3.10/lib/python3.10/site-packages/airflow/example_dags/example_params_trigger_ui.py for tasks to queue
[2024-10-05T13:47:13.708-0400] {logging_mixin.py:190} INFO - [2024-10-05T13:47:13.708-0400] {dagbag.py:588} INFO - Filling up the DagBag from /home/patrick/.cache/pypoetry/virtualenvs/airflow-wPbgcfzP-py3.10/lib/python3.10/site-packages/airflow/example_dags/example_params_trigger_ui.py
[2024-10-05T13:47:13.715-0400] {processor.py:925} INFO - DAG(s) 'example_params_trigger_ui' retrieved from /home/patrick/.cache/pypoetry/virtualenvs/airflow-wPbgcfzP-py3.10/lib/python3.10/site-packages/airflow/example_dags/example_params_trigger_ui.py
[2024-10-05T13:47:15.304-0400] {logging_mixin.py:190} INFO - [2024-10-05T13:47:15.304-0400] {dag.py:3239} INFO - Sync 1 DAGs
[2024-10-05T13:47:15.411-0400] {logging_mixin.py:190} INFO - [2024-10-05T13:47:15.411-0400] {dag.py:4180} INFO - Setting next_dagrun for example_params_trigger_ui to None, run_after=None
[2024-10-05T13:47:16.070-0400] {processor.py:208} INFO - Processing /home/patrick/.cache/pypoetry/virtualenvs/airflow-wPbgcfzP-py3.10/lib/python3.10/site-packages/airflow/example_dags/example_params_trigger_ui.py took 2.368 seconds
[2024-10-05T13:49:30.648-0400] {processor.py:186} INFO - Started process (PID=6592) to work on /home/patrick/.cache/pypoetry/virtualenvs/airflow-wPbgcfzP-py3.10/lib/python3.10/site-packages/airflow/example_dags/example_params_trigger_ui.py
[2024-10-05T13:49:30.649-0400] {processor.py:914} INFO - Processing file /home/patrick/.cache/pypoetry/virtualenvs/airflow-wPbgcfzP-py3.10/lib/python3.10/site-packages/airflow/example_dags/example_params_trigger_ui.py for tasks to queue
[2024-10-05T13:49:30.650-0400] {logging_mixin.py:190} INFO - [2024-10-05T13:49:30.650-0400] {dagbag.py:588} INFO - Filling up the DagBag from /home/patrick/.cache/pypoetry/virtualenvs/airflow-wPbgcfzP-py3.10/lib/python3.10/site-packages/airflow/example_dags/example_params_trigger_ui.py
[2024-10-05T13:49:30.657-0400] {processor.py:925} INFO - DAG(s) 'example_params_trigger_ui' retrieved from /home/patrick/.cache/pypoetry/virtualenvs/airflow-wPbgcfzP-py3.10/lib/python3.10/site-packages/airflow/example_dags/example_params_trigger_ui.py
[2024-10-05T13:49:34.232-0400] {logging_mixin.py:190} INFO - [2024-10-05T13:49:34.232-0400] {dag.py:3239} INFO - Sync 1 DAGs
[2024-10-05T13:49:34.295-0400] {logging_mixin.py:190} INFO - [2024-10-05T13:49:34.295-0400] {dag.py:4180} INFO - Setting next_dagrun for example_params_trigger_ui to None, run_after=None
[2024-10-05T13:49:34.797-0400] {processor.py:208} INFO - Processing /home/patrick/.cache/pypoetry/virtualenvs/airflow-wPbgcfzP-py3.10/lib/python3.10/site-packages/airflow/example_dags/example_params_trigger_ui.py took 4.154 seconds
[2024-10-05T13:51:34.791-0400] {processor.py:186} INFO - Started process (PID=7196) to work on /home/patrick/.cache/pypoetry/virtualenvs/airflow-wPbgcfzP-py3.10/lib/python3.10/site-packages/airflow/example_dags/example_params_trigger_ui.py
[2024-10-05T13:51:34.792-0400] {processor.py:914} INFO - Processing file /home/patrick/.cache/pypoetry/virtualenvs/airflow-wPbgcfzP-py3.10/lib/python3.10/site-packages/airflow/example_dags/example_params_trigger_ui.py for tasks to queue
[2024-10-05T13:51:34.794-0400] {logging_mixin.py:190} INFO - [2024-10-05T13:51:34.794-0400] {dagbag.py:588} INFO - Filling up the DagBag from /home/patrick/.cache/pypoetry/virtualenvs/airflow-wPbgcfzP-py3.10/lib/python3.10/site-packages/airflow/example_dags/example_params_trigger_ui.py
[2024-10-05T13:51:34.800-0400] {processor.py:925} INFO - DAG(s) 'example_params_trigger_ui' retrieved from /home/patrick/.cache/pypoetry/virtualenvs/airflow-wPbgcfzP-py3.10/lib/python3.10/site-packages/airflow/example_dags/example_params_trigger_ui.py
[2024-10-05T13:51:36.428-0400] {logging_mixin.py:190} INFO - [2024-10-05T13:51:36.427-0400] {dag.py:3239} INFO - Sync 1 DAGs
[2024-10-05T13:51:36.706-0400] {logging_mixin.py:190} INFO - [2024-10-05T13:51:36.705-0400] {dag.py:4180} INFO - Setting next_dagrun for example_params_trigger_ui to None, run_after=None
[2024-10-05T13:51:37.442-0400] {processor.py:208} INFO - Processing /home/patrick/.cache/pypoetry/virtualenvs/airflow-wPbgcfzP-py3.10/lib/python3.10/site-packages/airflow/example_dags/example_params_trigger_ui.py took 2.654 seconds
