[2024-10-05T13:31:08.018-0400] {processor.py:186} INFO - Started process (PID=1678) to work on /home/patrick/.cache/pypoetry/virtualenvs/airflow-wPbgcfzP-py3.10/lib/python3.10/site-packages/airflow/example_dags/example_dataset_alias_with_no_taskflow.py
[2024-10-05T13:31:08.019-0400] {processor.py:914} INFO - Processing file /home/patrick/.cache/pypoetry/virtualenvs/airflow-wPbgcfzP-py3.10/lib/python3.10/site-packages/airflow/example_dags/example_dataset_alias_with_no_taskflow.py for tasks to queue
[2024-10-05T13:31:08.020-0400] {logging_mixin.py:190} INFO - [2024-10-05T13:31:08.020-0400] {dagbag.py:588} INFO - Filling up the DagBag from /home/patrick/.cache/pypoetry/virtualenvs/airflow-wPbgcfzP-py3.10/lib/python3.10/site-packages/airflow/example_dags/example_dataset_alias_with_no_taskflow.py
[2024-10-05T13:31:27.962-0400] {processor.py:925} INFO - DAG(s) 'dataset_s3_bucket_consumer_with_no_taskflow', 'dataset_s3_bucket_producer_with_no_taskflow', 'dataset_alias_example_alias_consumer_with_no_taskflow', 'dataset_alias_example_alias_producer_with_no_taskflow' retrieved from /home/patrick/.cache/pypoetry/virtualenvs/airflow-wPbgcfzP-py3.10/lib/python3.10/site-packages/airflow/example_dags/example_dataset_alias_with_no_taskflow.py
[2024-10-05T13:31:29.049-0400] {logging_mixin.py:190} INFO - [2024-10-05T13:31:29.049-0400] {dag.py:3239} INFO - Sync 4 DAGs
[2024-10-05T13:31:29.751-0400] {logging_mixin.py:190} INFO - [2024-10-05T13:31:29.750-0400] {dag.py:4180} INFO - Setting next_dagrun for dataset_alias_example_alias_consumer_with_no_taskflow to None, run_after=None
[2024-10-05T13:31:29.808-0400] {logging_mixin.py:190} INFO - [2024-10-05T13:31:29.808-0400] {dag.py:4180} INFO - Setting next_dagrun for dataset_alias_example_alias_producer_with_no_taskflow to None, run_after=None
[2024-10-05T13:31:30.089-0400] {logging_mixin.py:190} INFO - [2024-10-05T13:31:30.089-0400] {dag.py:4180} INFO - Setting next_dagrun for dataset_s3_bucket_consumer_with_no_taskflow to None, run_after=None
[2024-10-05T13:31:30.137-0400] {logging_mixin.py:190} INFO - [2024-10-05T13:31:30.136-0400] {dag.py:4180} INFO - Setting next_dagrun for dataset_s3_bucket_producer_with_no_taskflow to None, run_after=None
[2024-10-05T13:31:31.294-0400] {processor.py:208} INFO - Processing /home/patrick/.cache/pypoetry/virtualenvs/airflow-wPbgcfzP-py3.10/lib/python3.10/site-packages/airflow/example_dags/example_dataset_alias_with_no_taskflow.py took 23.280 seconds
[2024-10-05T13:35:18.033-0400] {processor.py:186} INFO - Started process (PID=2805) to work on /home/patrick/.cache/pypoetry/virtualenvs/airflow-wPbgcfzP-py3.10/lib/python3.10/site-packages/airflow/example_dags/example_dataset_alias_with_no_taskflow.py
[2024-10-05T13:35:18.034-0400] {processor.py:914} INFO - Processing file /home/patrick/.cache/pypoetry/virtualenvs/airflow-wPbgcfzP-py3.10/lib/python3.10/site-packages/airflow/example_dags/example_dataset_alias_with_no_taskflow.py for tasks to queue
[2024-10-05T13:35:18.035-0400] {logging_mixin.py:190} INFO - [2024-10-05T13:35:18.035-0400] {dagbag.py:588} INFO - Filling up the DagBag from /home/patrick/.cache/pypoetry/virtualenvs/airflow-wPbgcfzP-py3.10/lib/python3.10/site-packages/airflow/example_dags/example_dataset_alias_with_no_taskflow.py
[2024-10-05T13:35:22.433-0400] {processor.py:925} INFO - DAG(s) 'dataset_alias_example_alias_consumer_with_no_taskflow', 'dataset_alias_example_alias_producer_with_no_taskflow', 'dataset_s3_bucket_producer_with_no_taskflow', 'dataset_s3_bucket_consumer_with_no_taskflow' retrieved from /home/patrick/.cache/pypoetry/virtualenvs/airflow-wPbgcfzP-py3.10/lib/python3.10/site-packages/airflow/example_dags/example_dataset_alias_with_no_taskflow.py
[2024-10-05T13:35:23.109-0400] {logging_mixin.py:190} INFO - [2024-10-05T13:35:23.109-0400] {dag.py:3239} INFO - Sync 4 DAGs
[2024-10-05T13:35:23.246-0400] {logging_mixin.py:190} INFO - [2024-10-05T13:35:23.246-0400] {dag.py:4180} INFO - Setting next_dagrun for dataset_alias_example_alias_consumer_with_no_taskflow to None, run_after=None
[2024-10-05T13:35:23.286-0400] {logging_mixin.py:190} INFO - [2024-10-05T13:35:23.286-0400] {dag.py:4180} INFO - Setting next_dagrun for dataset_alias_example_alias_producer_with_no_taskflow to None, run_after=None
[2024-10-05T13:35:23.333-0400] {logging_mixin.py:190} INFO - [2024-10-05T13:35:23.333-0400] {dag.py:4180} INFO - Setting next_dagrun for dataset_s3_bucket_consumer_with_no_taskflow to None, run_after=None
[2024-10-05T13:35:23.372-0400] {logging_mixin.py:190} INFO - [2024-10-05T13:35:23.372-0400] {dag.py:4180} INFO - Setting next_dagrun for dataset_s3_bucket_producer_with_no_taskflow to None, run_after=None
[2024-10-05T13:35:24.145-0400] {processor.py:208} INFO - Processing /home/patrick/.cache/pypoetry/virtualenvs/airflow-wPbgcfzP-py3.10/lib/python3.10/site-packages/airflow/example_dags/example_dataset_alias_with_no_taskflow.py took 6.115 seconds
[2024-10-05T13:40:04.835-0400] {processor.py:186} INFO - Started process (PID=4160) to work on /home/patrick/.cache/pypoetry/virtualenvs/airflow-wPbgcfzP-py3.10/lib/python3.10/site-packages/airflow/example_dags/example_dataset_alias_with_no_taskflow.py
[2024-10-05T13:40:04.836-0400] {processor.py:914} INFO - Processing file /home/patrick/.cache/pypoetry/virtualenvs/airflow-wPbgcfzP-py3.10/lib/python3.10/site-packages/airflow/example_dags/example_dataset_alias_with_no_taskflow.py for tasks to queue
[2024-10-05T13:40:04.838-0400] {logging_mixin.py:190} INFO - [2024-10-05T13:40:04.837-0400] {dagbag.py:588} INFO - Filling up the DagBag from /home/patrick/.cache/pypoetry/virtualenvs/airflow-wPbgcfzP-py3.10/lib/python3.10/site-packages/airflow/example_dags/example_dataset_alias_with_no_taskflow.py
[2024-10-05T13:40:12.198-0400] {processor.py:925} INFO - DAG(s) 'dataset_s3_bucket_producer_with_no_taskflow', 'dataset_alias_example_alias_consumer_with_no_taskflow', 'dataset_s3_bucket_consumer_with_no_taskflow', 'dataset_alias_example_alias_producer_with_no_taskflow' retrieved from /home/patrick/.cache/pypoetry/virtualenvs/airflow-wPbgcfzP-py3.10/lib/python3.10/site-packages/airflow/example_dags/example_dataset_alias_with_no_taskflow.py
[2024-10-05T13:40:13.331-0400] {logging_mixin.py:190} INFO - [2024-10-05T13:40:13.331-0400] {dag.py:3239} INFO - Sync 4 DAGs
[2024-10-05T13:40:13.951-0400] {logging_mixin.py:190} INFO - [2024-10-05T13:40:13.950-0400] {dag.py:4180} INFO - Setting next_dagrun for dataset_alias_example_alias_consumer_with_no_taskflow to None, run_after=None
[2024-10-05T13:40:14.038-0400] {logging_mixin.py:190} INFO - [2024-10-05T13:40:14.038-0400] {dag.py:4180} INFO - Setting next_dagrun for dataset_alias_example_alias_producer_with_no_taskflow to None, run_after=None
[2024-10-05T13:40:14.109-0400] {logging_mixin.py:190} INFO - [2024-10-05T13:40:14.109-0400] {dag.py:4180} INFO - Setting next_dagrun for dataset_s3_bucket_consumer_with_no_taskflow to None, run_after=None
[2024-10-05T13:40:14.155-0400] {logging_mixin.py:190} INFO - [2024-10-05T13:40:14.155-0400] {dag.py:4180} INFO - Setting next_dagrun for dataset_s3_bucket_producer_with_no_taskflow to None, run_after=None
[2024-10-05T13:40:15.212-0400] {processor.py:208} INFO - Processing /home/patrick/.cache/pypoetry/virtualenvs/airflow-wPbgcfzP-py3.10/lib/python3.10/site-packages/airflow/example_dags/example_dataset_alias_with_no_taskflow.py took 10.381 seconds
[2024-10-05T13:44:52.044-0400] {processor.py:186} INFO - Started process (PID=5390) to work on /home/patrick/.cache/pypoetry/virtualenvs/airflow-wPbgcfzP-py3.10/lib/python3.10/site-packages/airflow/example_dags/example_dataset_alias_with_no_taskflow.py
[2024-10-05T13:44:52.044-0400] {processor.py:914} INFO - Processing file /home/patrick/.cache/pypoetry/virtualenvs/airflow-wPbgcfzP-py3.10/lib/python3.10/site-packages/airflow/example_dags/example_dataset_alias_with_no_taskflow.py for tasks to queue
[2024-10-05T13:44:52.046-0400] {logging_mixin.py:190} INFO - [2024-10-05T13:44:52.046-0400] {dagbag.py:588} INFO - Filling up the DagBag from /home/patrick/.cache/pypoetry/virtualenvs/airflow-wPbgcfzP-py3.10/lib/python3.10/site-packages/airflow/example_dags/example_dataset_alias_with_no_taskflow.py
[2024-10-05T13:44:53.736-0400] {processor.py:925} INFO - DAG(s) 'dataset_alias_example_alias_producer_with_no_taskflow', 'dataset_alias_example_alias_consumer_with_no_taskflow', 'dataset_s3_bucket_producer_with_no_taskflow', 'dataset_s3_bucket_consumer_with_no_taskflow' retrieved from /home/patrick/.cache/pypoetry/virtualenvs/airflow-wPbgcfzP-py3.10/lib/python3.10/site-packages/airflow/example_dags/example_dataset_alias_with_no_taskflow.py
[2024-10-05T13:44:54.437-0400] {logging_mixin.py:190} INFO - [2024-10-05T13:44:54.436-0400] {dag.py:3239} INFO - Sync 4 DAGs
[2024-10-05T13:44:54.632-0400] {logging_mixin.py:190} INFO - [2024-10-05T13:44:54.632-0400] {dag.py:4180} INFO - Setting next_dagrun for dataset_alias_example_alias_consumer_with_no_taskflow to None, run_after=None
[2024-10-05T13:44:54.674-0400] {logging_mixin.py:190} INFO - [2024-10-05T13:44:54.673-0400] {dag.py:4180} INFO - Setting next_dagrun for dataset_alias_example_alias_producer_with_no_taskflow to None, run_after=None
[2024-10-05T13:44:54.714-0400] {logging_mixin.py:190} INFO - [2024-10-05T13:44:54.714-0400] {dag.py:4180} INFO - Setting next_dagrun for dataset_s3_bucket_consumer_with_no_taskflow to None, run_after=None
[2024-10-05T13:44:54.760-0400] {logging_mixin.py:190} INFO - [2024-10-05T13:44:54.760-0400] {dag.py:4180} INFO - Setting next_dagrun for dataset_s3_bucket_producer_with_no_taskflow to None, run_after=None
[2024-10-05T13:44:55.435-0400] {processor.py:208} INFO - Processing /home/patrick/.cache/pypoetry/virtualenvs/airflow-wPbgcfzP-py3.10/lib/python3.10/site-packages/airflow/example_dags/example_dataset_alias_with_no_taskflow.py took 3.395 seconds
[2024-10-05T13:48:40.769-0400] {processor.py:186} INFO - Started process (PID=6377) to work on /home/patrick/.cache/pypoetry/virtualenvs/airflow-wPbgcfzP-py3.10/lib/python3.10/site-packages/airflow/example_dags/example_dataset_alias_with_no_taskflow.py
[2024-10-05T13:48:40.770-0400] {processor.py:914} INFO - Processing file /home/patrick/.cache/pypoetry/virtualenvs/airflow-wPbgcfzP-py3.10/lib/python3.10/site-packages/airflow/example_dags/example_dataset_alias_with_no_taskflow.py for tasks to queue
[2024-10-05T13:48:40.771-0400] {logging_mixin.py:190} INFO - [2024-10-05T13:48:40.771-0400] {dagbag.py:588} INFO - Filling up the DagBag from /home/patrick/.cache/pypoetry/virtualenvs/airflow-wPbgcfzP-py3.10/lib/python3.10/site-packages/airflow/example_dags/example_dataset_alias_with_no_taskflow.py
[2024-10-05T13:48:46.017-0400] {processor.py:925} INFO - DAG(s) 'dataset_s3_bucket_producer_with_no_taskflow', 'dataset_s3_bucket_consumer_with_no_taskflow', 'dataset_alias_example_alias_consumer_with_no_taskflow', 'dataset_alias_example_alias_producer_with_no_taskflow' retrieved from /home/patrick/.cache/pypoetry/virtualenvs/airflow-wPbgcfzP-py3.10/lib/python3.10/site-packages/airflow/example_dags/example_dataset_alias_with_no_taskflow.py
[2024-10-05T13:48:46.774-0400] {logging_mixin.py:190} INFO - [2024-10-05T13:48:46.773-0400] {dag.py:3239} INFO - Sync 4 DAGs
[2024-10-05T13:48:47.261-0400] {logging_mixin.py:190} INFO - [2024-10-05T13:48:47.260-0400] {dag.py:4180} INFO - Setting next_dagrun for dataset_alias_example_alias_consumer_with_no_taskflow to None, run_after=None
[2024-10-05T13:48:47.314-0400] {logging_mixin.py:190} INFO - [2024-10-05T13:48:47.314-0400] {dag.py:4180} INFO - Setting next_dagrun for dataset_alias_example_alias_producer_with_no_taskflow to None, run_after=None
[2024-10-05T13:48:47.371-0400] {logging_mixin.py:190} INFO - [2024-10-05T13:48:47.371-0400] {dag.py:4180} INFO - Setting next_dagrun for dataset_s3_bucket_consumer_with_no_taskflow to None, run_after=None
[2024-10-05T13:48:47.408-0400] {logging_mixin.py:190} INFO - [2024-10-05T13:48:47.408-0400] {dag.py:4180} INFO - Setting next_dagrun for dataset_s3_bucket_producer_with_no_taskflow to None, run_after=None
[2024-10-05T13:48:48.473-0400] {processor.py:208} INFO - Processing /home/patrick/.cache/pypoetry/virtualenvs/airflow-wPbgcfzP-py3.10/lib/python3.10/site-packages/airflow/example_dags/example_dataset_alias_with_no_taskflow.py took 7.708 seconds
[2024-10-05T13:52:44.243-0400] {processor.py:186} INFO - Started process (PID=7494) to work on /home/patrick/.cache/pypoetry/virtualenvs/airflow-wPbgcfzP-py3.10/lib/python3.10/site-packages/airflow/example_dags/example_dataset_alias_with_no_taskflow.py
[2024-10-05T13:52:44.245-0400] {processor.py:914} INFO - Processing file /home/patrick/.cache/pypoetry/virtualenvs/airflow-wPbgcfzP-py3.10/lib/python3.10/site-packages/airflow/example_dags/example_dataset_alias_with_no_taskflow.py for tasks to queue
[2024-10-05T13:52:44.247-0400] {logging_mixin.py:190} INFO - [2024-10-05T13:52:44.247-0400] {dagbag.py:588} INFO - Filling up the DagBag from /home/patrick/.cache/pypoetry/virtualenvs/airflow-wPbgcfzP-py3.10/lib/python3.10/site-packages/airflow/example_dags/example_dataset_alias_with_no_taskflow.py
[2024-10-05T13:52:45.707-0400] {processor.py:925} INFO - DAG(s) 'dataset_s3_bucket_consumer_with_no_taskflow', 'dataset_alias_example_alias_producer_with_no_taskflow', 'dataset_s3_bucket_producer_with_no_taskflow', 'dataset_alias_example_alias_consumer_with_no_taskflow' retrieved from /home/patrick/.cache/pypoetry/virtualenvs/airflow-wPbgcfzP-py3.10/lib/python3.10/site-packages/airflow/example_dags/example_dataset_alias_with_no_taskflow.py
[2024-10-05T13:52:46.312-0400] {logging_mixin.py:190} INFO - [2024-10-05T13:52:46.312-0400] {dag.py:3239} INFO - Sync 4 DAGs
[2024-10-05T13:52:46.549-0400] {logging_mixin.py:190} INFO - [2024-10-05T13:52:46.549-0400] {dag.py:4180} INFO - Setting next_dagrun for dataset_alias_example_alias_consumer_with_no_taskflow to None, run_after=None
[2024-10-05T13:52:46.587-0400] {logging_mixin.py:190} INFO - [2024-10-05T13:52:46.586-0400] {dag.py:4180} INFO - Setting next_dagrun for dataset_alias_example_alias_producer_with_no_taskflow to None, run_after=None
[2024-10-05T13:52:46.701-0400] {logging_mixin.py:190} INFO - [2024-10-05T13:52:46.701-0400] {dag.py:4180} INFO - Setting next_dagrun for dataset_s3_bucket_consumer_with_no_taskflow to None, run_after=None
[2024-10-05T13:52:46.744-0400] {logging_mixin.py:190} INFO - [2024-10-05T13:52:46.743-0400] {dag.py:4180} INFO - Setting next_dagrun for dataset_s3_bucket_producer_with_no_taskflow to None, run_after=None
[2024-10-05T13:52:47.570-0400] {processor.py:208} INFO - Processing /home/patrick/.cache/pypoetry/virtualenvs/airflow-wPbgcfzP-py3.10/lib/python3.10/site-packages/airflow/example_dags/example_dataset_alias_with_no_taskflow.py took 3.331 seconds
