[2024-10-05T13:31:31.784-0400] {processor.py:186} INFO - Started process (PID=1774) to work on /home/patrick/.cache/pypoetry/virtualenvs/airflow-wPbgcfzP-py3.10/lib/python3.10/site-packages/airflow/example_dags/example_dataset_alias.py
[2024-10-05T13:31:31.784-0400] {processor.py:914} INFO - Processing file /home/patrick/.cache/pypoetry/virtualenvs/airflow-wPbgcfzP-py3.10/lib/python3.10/site-packages/airflow/example_dags/example_dataset_alias.py for tasks to queue
[2024-10-05T13:31:31.786-0400] {logging_mixin.py:190} INFO - [2024-10-05T13:31:31.786-0400] {dagbag.py:588} INFO - Filling up the DagBag from /home/patrick/.cache/pypoetry/virtualenvs/airflow-wPbgcfzP-py3.10/lib/python3.10/site-packages/airflow/example_dags/example_dataset_alias.py
[2024-10-05T13:31:48.122-0400] {processor.py:925} INFO - DAG(s) 'dataset_s3_bucket_producer', 'dataset_alias_example_alias_producer', 'dataset_alias_example_alias_consumer', 'dataset_s3_bucket_consumer' retrieved from /home/patrick/.cache/pypoetry/virtualenvs/airflow-wPbgcfzP-py3.10/lib/python3.10/site-packages/airflow/example_dags/example_dataset_alias.py
[2024-10-05T13:31:49.086-0400] {logging_mixin.py:190} INFO - [2024-10-05T13:31:49.086-0400] {dag.py:3239} INFO - Sync 4 DAGs
[2024-10-05T13:31:49.497-0400] {logging_mixin.py:190} INFO - [2024-10-05T13:31:49.497-0400] {dag.py:4180} INFO - Setting next_dagrun for dataset_alias_example_alias_consumer to None, run_after=None
[2024-10-05T13:31:49.547-0400] {logging_mixin.py:190} INFO - [2024-10-05T13:31:49.546-0400] {dag.py:4180} INFO - Setting next_dagrun for dataset_alias_example_alias_producer to None, run_after=None
[2024-10-05T13:31:49.607-0400] {logging_mixin.py:190} INFO - [2024-10-05T13:31:49.607-0400] {dag.py:4180} INFO - Setting next_dagrun for dataset_s3_bucket_consumer to None, run_after=None
[2024-10-05T13:31:49.663-0400] {logging_mixin.py:190} INFO - [2024-10-05T13:31:49.663-0400] {dag.py:4180} INFO - Setting next_dagrun for dataset_s3_bucket_producer to None, run_after=None
[2024-10-05T13:31:50.618-0400] {processor.py:208} INFO - Processing /home/patrick/.cache/pypoetry/virtualenvs/airflow-wPbgcfzP-py3.10/lib/python3.10/site-packages/airflow/example_dags/example_dataset_alias.py took 18.838 seconds
[2024-10-05T13:35:24.790-0400] {processor.py:186} INFO - Started process (PID=2836) to work on /home/patrick/.cache/pypoetry/virtualenvs/airflow-wPbgcfzP-py3.10/lib/python3.10/site-packages/airflow/example_dags/example_dataset_alias.py
[2024-10-05T13:35:24.791-0400] {processor.py:914} INFO - Processing file /home/patrick/.cache/pypoetry/virtualenvs/airflow-wPbgcfzP-py3.10/lib/python3.10/site-packages/airflow/example_dags/example_dataset_alias.py for tasks to queue
[2024-10-05T13:35:24.793-0400] {logging_mixin.py:190} INFO - [2024-10-05T13:35:24.793-0400] {dagbag.py:588} INFO - Filling up the DagBag from /home/patrick/.cache/pypoetry/virtualenvs/airflow-wPbgcfzP-py3.10/lib/python3.10/site-packages/airflow/example_dags/example_dataset_alias.py
[2024-10-05T13:35:27.244-0400] {processor.py:925} INFO - DAG(s) 'dataset_alias_example_alias_consumer', 'dataset_s3_bucket_consumer', 'dataset_s3_bucket_producer', 'dataset_alias_example_alias_producer' retrieved from /home/patrick/.cache/pypoetry/virtualenvs/airflow-wPbgcfzP-py3.10/lib/python3.10/site-packages/airflow/example_dags/example_dataset_alias.py
[2024-10-05T13:35:27.852-0400] {logging_mixin.py:190} INFO - [2024-10-05T13:35:27.852-0400] {dag.py:3239} INFO - Sync 4 DAGs
[2024-10-05T13:35:27.999-0400] {logging_mixin.py:190} INFO - [2024-10-05T13:35:27.999-0400] {dag.py:4180} INFO - Setting next_dagrun for dataset_alias_example_alias_consumer to None, run_after=None
[2024-10-05T13:35:28.102-0400] {logging_mixin.py:190} INFO - [2024-10-05T13:35:28.102-0400] {dag.py:4180} INFO - Setting next_dagrun for dataset_alias_example_alias_producer to None, run_after=None
[2024-10-05T13:35:28.155-0400] {logging_mixin.py:190} INFO - [2024-10-05T13:35:28.155-0400] {dag.py:4180} INFO - Setting next_dagrun for dataset_s3_bucket_consumer to None, run_after=None
[2024-10-05T13:35:28.195-0400] {logging_mixin.py:190} INFO - [2024-10-05T13:35:28.194-0400] {dag.py:4180} INFO - Setting next_dagrun for dataset_s3_bucket_producer to None, run_after=None
[2024-10-05T13:35:28.966-0400] {processor.py:208} INFO - Processing /home/patrick/.cache/pypoetry/virtualenvs/airflow-wPbgcfzP-py3.10/lib/python3.10/site-packages/airflow/example_dags/example_dataset_alias.py took 4.179 seconds
[2024-10-05T13:40:16.074-0400] {processor.py:186} INFO - Started process (PID=4206) to work on /home/patrick/.cache/pypoetry/virtualenvs/airflow-wPbgcfzP-py3.10/lib/python3.10/site-packages/airflow/example_dags/example_dataset_alias.py
[2024-10-05T13:40:16.075-0400] {processor.py:914} INFO - Processing file /home/patrick/.cache/pypoetry/virtualenvs/airflow-wPbgcfzP-py3.10/lib/python3.10/site-packages/airflow/example_dags/example_dataset_alias.py for tasks to queue
[2024-10-05T13:40:16.077-0400] {logging_mixin.py:190} INFO - [2024-10-05T13:40:16.077-0400] {dagbag.py:588} INFO - Filling up the DagBag from /home/patrick/.cache/pypoetry/virtualenvs/airflow-wPbgcfzP-py3.10/lib/python3.10/site-packages/airflow/example_dags/example_dataset_alias.py
[2024-10-05T13:40:35.000-0400] {processor.py:925} INFO - DAG(s) 'dataset_s3_bucket_producer', 'dataset_alias_example_alias_consumer', 'dataset_s3_bucket_consumer', 'dataset_alias_example_alias_producer' retrieved from /home/patrick/.cache/pypoetry/virtualenvs/airflow-wPbgcfzP-py3.10/lib/python3.10/site-packages/airflow/example_dags/example_dataset_alias.py
[2024-10-05T13:40:36.318-0400] {logging_mixin.py:190} INFO - [2024-10-05T13:40:36.317-0400] {dag.py:3239} INFO - Sync 4 DAGs
[2024-10-05T13:40:38.304-0400] {logging_mixin.py:190} INFO - [2024-10-05T13:40:38.304-0400] {dag.py:4180} INFO - Setting next_dagrun for dataset_alias_example_alias_consumer to None, run_after=None
[2024-10-05T13:40:38.589-0400] {logging_mixin.py:190} INFO - [2024-10-05T13:40:38.589-0400] {dag.py:4180} INFO - Setting next_dagrun for dataset_alias_example_alias_producer to None, run_after=None
[2024-10-05T13:40:38.637-0400] {logging_mixin.py:190} INFO - [2024-10-05T13:40:38.637-0400] {dag.py:4180} INFO - Setting next_dagrun for dataset_s3_bucket_consumer to None, run_after=None
[2024-10-05T13:40:38.686-0400] {logging_mixin.py:190} INFO - [2024-10-05T13:40:38.685-0400] {dag.py:4180} INFO - Setting next_dagrun for dataset_s3_bucket_producer to None, run_after=None
[2024-10-05T13:40:39.854-0400] {processor.py:208} INFO - Processing /home/patrick/.cache/pypoetry/virtualenvs/airflow-wPbgcfzP-py3.10/lib/python3.10/site-packages/airflow/example_dags/example_dataset_alias.py took 23.784 seconds
[2024-10-05T13:44:56.781-0400] {processor.py:186} INFO - Started process (PID=5411) to work on /home/patrick/.cache/pypoetry/virtualenvs/airflow-wPbgcfzP-py3.10/lib/python3.10/site-packages/airflow/example_dags/example_dataset_alias.py
[2024-10-05T13:44:56.781-0400] {processor.py:914} INFO - Processing file /home/patrick/.cache/pypoetry/virtualenvs/airflow-wPbgcfzP-py3.10/lib/python3.10/site-packages/airflow/example_dags/example_dataset_alias.py for tasks to queue
[2024-10-05T13:44:56.783-0400] {logging_mixin.py:190} INFO - [2024-10-05T13:44:56.782-0400] {dagbag.py:588} INFO - Filling up the DagBag from /home/patrick/.cache/pypoetry/virtualenvs/airflow-wPbgcfzP-py3.10/lib/python3.10/site-packages/airflow/example_dags/example_dataset_alias.py
[2024-10-05T13:45:01.535-0400] {processor.py:925} INFO - DAG(s) 'dataset_alias_example_alias_consumer', 'dataset_alias_example_alias_producer', 'dataset_s3_bucket_producer', 'dataset_s3_bucket_consumer' retrieved from /home/patrick/.cache/pypoetry/virtualenvs/airflow-wPbgcfzP-py3.10/lib/python3.10/site-packages/airflow/example_dags/example_dataset_alias.py
[2024-10-05T13:45:02.222-0400] {logging_mixin.py:190} INFO - [2024-10-05T13:45:02.222-0400] {dag.py:3239} INFO - Sync 4 DAGs
[2024-10-05T13:45:02.535-0400] {logging_mixin.py:190} INFO - [2024-10-05T13:45:02.535-0400] {dag.py:4180} INFO - Setting next_dagrun for dataset_alias_example_alias_consumer to None, run_after=None
[2024-10-05T13:45:02.707-0400] {logging_mixin.py:190} INFO - [2024-10-05T13:45:02.706-0400] {dag.py:4180} INFO - Setting next_dagrun for dataset_alias_example_alias_producer to None, run_after=None
[2024-10-05T13:45:02.757-0400] {logging_mixin.py:190} INFO - [2024-10-05T13:45:02.757-0400] {dag.py:4180} INFO - Setting next_dagrun for dataset_s3_bucket_consumer to None, run_after=None
[2024-10-05T13:45:02.803-0400] {logging_mixin.py:190} INFO - [2024-10-05T13:45:02.803-0400] {dag.py:4180} INFO - Setting next_dagrun for dataset_s3_bucket_producer to None, run_after=None
[2024-10-05T13:45:04.045-0400] {processor.py:208} INFO - Processing /home/patrick/.cache/pypoetry/virtualenvs/airflow-wPbgcfzP-py3.10/lib/python3.10/site-packages/airflow/example_dags/example_dataset_alias.py took 7.267 seconds
[2024-10-05T13:48:49.398-0400] {processor.py:186} INFO - Started process (PID=6412) to work on /home/patrick/.cache/pypoetry/virtualenvs/airflow-wPbgcfzP-py3.10/lib/python3.10/site-packages/airflow/example_dags/example_dataset_alias.py
[2024-10-05T13:48:49.399-0400] {processor.py:914} INFO - Processing file /home/patrick/.cache/pypoetry/virtualenvs/airflow-wPbgcfzP-py3.10/lib/python3.10/site-packages/airflow/example_dags/example_dataset_alias.py for tasks to queue
[2024-10-05T13:48:49.400-0400] {logging_mixin.py:190} INFO - [2024-10-05T13:48:49.400-0400] {dagbag.py:588} INFO - Filling up the DagBag from /home/patrick/.cache/pypoetry/virtualenvs/airflow-wPbgcfzP-py3.10/lib/python3.10/site-packages/airflow/example_dags/example_dataset_alias.py
[2024-10-05T13:48:52.559-0400] {processor.py:925} INFO - DAG(s) 'dataset_s3_bucket_producer', 'dataset_s3_bucket_consumer', 'dataset_alias_example_alias_producer', 'dataset_alias_example_alias_consumer' retrieved from /home/patrick/.cache/pypoetry/virtualenvs/airflow-wPbgcfzP-py3.10/lib/python3.10/site-packages/airflow/example_dags/example_dataset_alias.py
[2024-10-05T13:48:53.121-0400] {logging_mixin.py:190} INFO - [2024-10-05T13:48:53.120-0400] {dag.py:3239} INFO - Sync 4 DAGs
[2024-10-05T13:48:53.266-0400] {logging_mixin.py:190} INFO - [2024-10-05T13:48:53.266-0400] {dag.py:4180} INFO - Setting next_dagrun for dataset_alias_example_alias_consumer to None, run_after=None
[2024-10-05T13:48:53.320-0400] {logging_mixin.py:190} INFO - [2024-10-05T13:48:53.319-0400] {dag.py:4180} INFO - Setting next_dagrun for dataset_alias_example_alias_producer to None, run_after=None
[2024-10-05T13:48:53.422-0400] {logging_mixin.py:190} INFO - [2024-10-05T13:48:53.422-0400] {dag.py:4180} INFO - Setting next_dagrun for dataset_s3_bucket_consumer to None, run_after=None
[2024-10-05T13:48:53.462-0400] {logging_mixin.py:190} INFO - [2024-10-05T13:48:53.462-0400] {dag.py:4180} INFO - Setting next_dagrun for dataset_s3_bucket_producer to None, run_after=None
[2024-10-05T13:48:54.148-0400] {processor.py:208} INFO - Processing /home/patrick/.cache/pypoetry/virtualenvs/airflow-wPbgcfzP-py3.10/lib/python3.10/site-packages/airflow/example_dags/example_dataset_alias.py took 4.754 seconds
[2024-10-05T13:52:48.565-0400] {processor.py:186} INFO - Started process (PID=7513) to work on /home/patrick/.cache/pypoetry/virtualenvs/airflow-wPbgcfzP-py3.10/lib/python3.10/site-packages/airflow/example_dags/example_dataset_alias.py
[2024-10-05T13:52:48.566-0400] {processor.py:914} INFO - Processing file /home/patrick/.cache/pypoetry/virtualenvs/airflow-wPbgcfzP-py3.10/lib/python3.10/site-packages/airflow/example_dags/example_dataset_alias.py for tasks to queue
[2024-10-05T13:52:48.567-0400] {logging_mixin.py:190} INFO - [2024-10-05T13:52:48.567-0400] {dagbag.py:588} INFO - Filling up the DagBag from /home/patrick/.cache/pypoetry/virtualenvs/airflow-wPbgcfzP-py3.10/lib/python3.10/site-packages/airflow/example_dags/example_dataset_alias.py
[2024-10-05T13:52:53.868-0400] {processor.py:925} INFO - DAG(s) 'dataset_alias_example_alias_consumer', 'dataset_s3_bucket_producer', 'dataset_s3_bucket_consumer', 'dataset_alias_example_alias_producer' retrieved from /home/patrick/.cache/pypoetry/virtualenvs/airflow-wPbgcfzP-py3.10/lib/python3.10/site-packages/airflow/example_dags/example_dataset_alias.py
[2024-10-05T13:52:54.335-0400] {logging_mixin.py:190} INFO - [2024-10-05T13:52:54.334-0400] {process_utils.py:266} INFO - Waiting up to 5 seconds for processes to exit...
