[2024-10-05T13:28:40.702-0400] {processor.py:186} INFO - Started process (PID=1017) to work on /home/patrick/.cache/pypoetry/virtualenvs/airflow-wPbgcfzP-py3.10/lib/python3.10/site-packages/airflow/example_dags/example_setup_teardown_taskflow.py
[2024-10-05T13:28:40.703-0400] {processor.py:914} INFO - Processing file /home/patrick/.cache/pypoetry/virtualenvs/airflow-wPbgcfzP-py3.10/lib/python3.10/site-packages/airflow/example_dags/example_setup_teardown_taskflow.py for tasks to queue
[2024-10-05T13:28:40.705-0400] {logging_mixin.py:190} INFO - [2024-10-05T13:28:40.705-0400] {dagbag.py:588} INFO - Filling up the DagBag from /home/patrick/.cache/pypoetry/virtualenvs/airflow-wPbgcfzP-py3.10/lib/python3.10/site-packages/airflow/example_dags/example_setup_teardown_taskflow.py
[2024-10-05T13:28:40.713-0400] {processor.py:925} INFO - DAG(s) 'example_setup_teardown_taskflow' retrieved from /home/patrick/.cache/pypoetry/virtualenvs/airflow-wPbgcfzP-py3.10/lib/python3.10/site-packages/airflow/example_dags/example_setup_teardown_taskflow.py
[2024-10-05T13:28:49.598-0400] {logging_mixin.py:190} INFO - [2024-10-05T13:28:49.598-0400] {dag.py:3239} INFO - Sync 1 DAGs
[2024-10-05T13:28:50.366-0400] {logging_mixin.py:190} INFO - [2024-10-05T13:28:50.366-0400] {dag.py:4180} INFO - Setting next_dagrun for example_setup_teardown_taskflow to None, run_after=None
[2024-10-05T13:28:51.006-0400] {processor.py:208} INFO - Processing /home/patrick/.cache/pypoetry/virtualenvs/airflow-wPbgcfzP-py3.10/lib/python3.10/site-packages/airflow/example_dags/example_setup_teardown_taskflow.py took 10.306 seconds
[2024-10-05T13:33:24.917-0400] {processor.py:186} INFO - Started process (PID=2299) to work on /home/patrick/.cache/pypoetry/virtualenvs/airflow-wPbgcfzP-py3.10/lib/python3.10/site-packages/airflow/example_dags/example_setup_teardown_taskflow.py
[2024-10-05T13:33:24.919-0400] {processor.py:914} INFO - Processing file /home/patrick/.cache/pypoetry/virtualenvs/airflow-wPbgcfzP-py3.10/lib/python3.10/site-packages/airflow/example_dags/example_setup_teardown_taskflow.py for tasks to queue
[2024-10-05T13:33:24.920-0400] {logging_mixin.py:190} INFO - [2024-10-05T13:33:24.920-0400] {dagbag.py:588} INFO - Filling up the DagBag from /home/patrick/.cache/pypoetry/virtualenvs/airflow-wPbgcfzP-py3.10/lib/python3.10/site-packages/airflow/example_dags/example_setup_teardown_taskflow.py
[2024-10-05T13:33:24.927-0400] {processor.py:925} INFO - DAG(s) 'example_setup_teardown_taskflow' retrieved from /home/patrick/.cache/pypoetry/virtualenvs/airflow-wPbgcfzP-py3.10/lib/python3.10/site-packages/airflow/example_dags/example_setup_teardown_taskflow.py
[2024-10-05T13:33:29.745-0400] {logging_mixin.py:190} INFO - [2024-10-05T13:33:29.745-0400] {dag.py:3239} INFO - Sync 1 DAGs
[2024-10-05T13:33:29.887-0400] {logging_mixin.py:190} INFO - [2024-10-05T13:33:29.887-0400] {dag.py:4180} INFO - Setting next_dagrun for example_setup_teardown_taskflow to None, run_after=None
[2024-10-05T13:33:30.802-0400] {processor.py:208} INFO - Processing /home/patrick/.cache/pypoetry/virtualenvs/airflow-wPbgcfzP-py3.10/lib/python3.10/site-packages/airflow/example_dags/example_setup_teardown_taskflow.py took 5.889 seconds
[2024-10-05T13:36:02.156-0400] {processor.py:186} INFO - Started process (PID=3011) to work on /home/patrick/.cache/pypoetry/virtualenvs/airflow-wPbgcfzP-py3.10/lib/python3.10/site-packages/airflow/example_dags/example_setup_teardown_taskflow.py
[2024-10-05T13:36:02.158-0400] {processor.py:914} INFO - Processing file /home/patrick/.cache/pypoetry/virtualenvs/airflow-wPbgcfzP-py3.10/lib/python3.10/site-packages/airflow/example_dags/example_setup_teardown_taskflow.py for tasks to queue
[2024-10-05T13:36:02.160-0400] {logging_mixin.py:190} INFO - [2024-10-05T13:36:02.160-0400] {dagbag.py:588} INFO - Filling up the DagBag from /home/patrick/.cache/pypoetry/virtualenvs/airflow-wPbgcfzP-py3.10/lib/python3.10/site-packages/airflow/example_dags/example_setup_teardown_taskflow.py
[2024-10-05T13:36:02.167-0400] {processor.py:925} INFO - DAG(s) 'example_setup_teardown_taskflow' retrieved from /home/patrick/.cache/pypoetry/virtualenvs/airflow-wPbgcfzP-py3.10/lib/python3.10/site-packages/airflow/example_dags/example_setup_teardown_taskflow.py
[2024-10-05T13:36:06.349-0400] {logging_mixin.py:190} INFO - [2024-10-05T13:36:06.349-0400] {dag.py:3239} INFO - Sync 1 DAGs
[2024-10-05T13:36:06.606-0400] {logging_mixin.py:190} INFO - [2024-10-05T13:36:06.605-0400] {dag.py:4180} INFO - Setting next_dagrun for example_setup_teardown_taskflow to None, run_after=None
[2024-10-05T13:36:07.345-0400] {processor.py:208} INFO - Processing /home/patrick/.cache/pypoetry/virtualenvs/airflow-wPbgcfzP-py3.10/lib/python3.10/site-packages/airflow/example_dags/example_setup_teardown_taskflow.py took 5.192 seconds
[2024-10-05T13:38:49.605-0400] {processor.py:186} INFO - Started process (PID=3838) to work on /home/patrick/.cache/pypoetry/virtualenvs/airflow-wPbgcfzP-py3.10/lib/python3.10/site-packages/airflow/example_dags/example_setup_teardown_taskflow.py
[2024-10-05T13:38:49.605-0400] {processor.py:914} INFO - Processing file /home/patrick/.cache/pypoetry/virtualenvs/airflow-wPbgcfzP-py3.10/lib/python3.10/site-packages/airflow/example_dags/example_setup_teardown_taskflow.py for tasks to queue
[2024-10-05T13:38:49.607-0400] {logging_mixin.py:190} INFO - [2024-10-05T13:38:49.606-0400] {dagbag.py:588} INFO - Filling up the DagBag from /home/patrick/.cache/pypoetry/virtualenvs/airflow-wPbgcfzP-py3.10/lib/python3.10/site-packages/airflow/example_dags/example_setup_teardown_taskflow.py
[2024-10-05T13:38:49.613-0400] {processor.py:925} INFO - DAG(s) 'example_setup_teardown_taskflow' retrieved from /home/patrick/.cache/pypoetry/virtualenvs/airflow-wPbgcfzP-py3.10/lib/python3.10/site-packages/airflow/example_dags/example_setup_teardown_taskflow.py
[2024-10-05T13:38:54.058-0400] {logging_mixin.py:190} INFO - [2024-10-05T13:38:54.058-0400] {dag.py:3239} INFO - Sync 1 DAGs
[2024-10-05T13:38:54.160-0400] {logging_mixin.py:190} INFO - [2024-10-05T13:38:54.160-0400] {dag.py:4180} INFO - Setting next_dagrun for example_setup_teardown_taskflow to None, run_after=None
[2024-10-05T13:38:54.811-0400] {processor.py:208} INFO - Processing /home/patrick/.cache/pypoetry/virtualenvs/airflow-wPbgcfzP-py3.10/lib/python3.10/site-packages/airflow/example_dags/example_setup_teardown_taskflow.py took 5.210 seconds
[2024-10-05T13:41:21.359-0400] {processor.py:186} INFO - Started process (PID=4481) to work on /home/patrick/.cache/pypoetry/virtualenvs/airflow-wPbgcfzP-py3.10/lib/python3.10/site-packages/airflow/example_dags/example_setup_teardown_taskflow.py
[2024-10-05T13:41:21.360-0400] {processor.py:914} INFO - Processing file /home/patrick/.cache/pypoetry/virtualenvs/airflow-wPbgcfzP-py3.10/lib/python3.10/site-packages/airflow/example_dags/example_setup_teardown_taskflow.py for tasks to queue
[2024-10-05T13:41:21.361-0400] {logging_mixin.py:190} INFO - [2024-10-05T13:41:21.361-0400] {dagbag.py:588} INFO - Filling up the DagBag from /home/patrick/.cache/pypoetry/virtualenvs/airflow-wPbgcfzP-py3.10/lib/python3.10/site-packages/airflow/example_dags/example_setup_teardown_taskflow.py
[2024-10-05T13:41:21.367-0400] {processor.py:925} INFO - DAG(s) 'example_setup_teardown_taskflow' retrieved from /home/patrick/.cache/pypoetry/virtualenvs/airflow-wPbgcfzP-py3.10/lib/python3.10/site-packages/airflow/example_dags/example_setup_teardown_taskflow.py
[2024-10-05T13:41:27.510-0400] {logging_mixin.py:190} INFO - [2024-10-05T13:41:27.510-0400] {dag.py:3239} INFO - Sync 1 DAGs
[2024-10-05T13:41:27.588-0400] {logging_mixin.py:190} INFO - [2024-10-05T13:41:27.588-0400] {dag.py:4180} INFO - Setting next_dagrun for example_setup_teardown_taskflow to None, run_after=None
[2024-10-05T13:41:28.274-0400] {processor.py:208} INFO - Processing /home/patrick/.cache/pypoetry/virtualenvs/airflow-wPbgcfzP-py3.10/lib/python3.10/site-packages/airflow/example_dags/example_setup_teardown_taskflow.py took 6.918 seconds
[2024-10-05T13:43:47.475-0400] {processor.py:186} INFO - Started process (PID=5111) to work on /home/patrick/.cache/pypoetry/virtualenvs/airflow-wPbgcfzP-py3.10/lib/python3.10/site-packages/airflow/example_dags/example_setup_teardown_taskflow.py
[2024-10-05T13:43:47.475-0400] {processor.py:914} INFO - Processing file /home/patrick/.cache/pypoetry/virtualenvs/airflow-wPbgcfzP-py3.10/lib/python3.10/site-packages/airflow/example_dags/example_setup_teardown_taskflow.py for tasks to queue
[2024-10-05T13:43:47.477-0400] {logging_mixin.py:190} INFO - [2024-10-05T13:43:47.477-0400] {dagbag.py:588} INFO - Filling up the DagBag from /home/patrick/.cache/pypoetry/virtualenvs/airflow-wPbgcfzP-py3.10/lib/python3.10/site-packages/airflow/example_dags/example_setup_teardown_taskflow.py
[2024-10-05T13:43:47.483-0400] {processor.py:925} INFO - DAG(s) 'example_setup_teardown_taskflow' retrieved from /home/patrick/.cache/pypoetry/virtualenvs/airflow-wPbgcfzP-py3.10/lib/python3.10/site-packages/airflow/example_dags/example_setup_teardown_taskflow.py
[2024-10-05T13:43:50.918-0400] {logging_mixin.py:190} INFO - [2024-10-05T13:43:50.918-0400] {dag.py:3239} INFO - Sync 1 DAGs
[2024-10-05T13:43:50.973-0400] {logging_mixin.py:190} INFO - [2024-10-05T13:43:50.972-0400] {dag.py:4180} INFO - Setting next_dagrun for example_setup_teardown_taskflow to None, run_after=None
[2024-10-05T13:43:51.525-0400] {processor.py:208} INFO - Processing /home/patrick/.cache/pypoetry/virtualenvs/airflow-wPbgcfzP-py3.10/lib/python3.10/site-packages/airflow/example_dags/example_setup_teardown_taskflow.py took 4.053 seconds
[2024-10-05T13:45:34.263-0400] {processor.py:186} INFO - Started process (PID=5576) to work on /home/patrick/.cache/pypoetry/virtualenvs/airflow-wPbgcfzP-py3.10/lib/python3.10/site-packages/airflow/example_dags/example_setup_teardown_taskflow.py
[2024-10-05T13:45:34.263-0400] {processor.py:914} INFO - Processing file /home/patrick/.cache/pypoetry/virtualenvs/airflow-wPbgcfzP-py3.10/lib/python3.10/site-packages/airflow/example_dags/example_setup_teardown_taskflow.py for tasks to queue
[2024-10-05T13:45:34.265-0400] {logging_mixin.py:190} INFO - [2024-10-05T13:45:34.265-0400] {dagbag.py:588} INFO - Filling up the DagBag from /home/patrick/.cache/pypoetry/virtualenvs/airflow-wPbgcfzP-py3.10/lib/python3.10/site-packages/airflow/example_dags/example_setup_teardown_taskflow.py
[2024-10-05T13:45:34.271-0400] {processor.py:925} INFO - DAG(s) 'example_setup_teardown_taskflow' retrieved from /home/patrick/.cache/pypoetry/virtualenvs/airflow-wPbgcfzP-py3.10/lib/python3.10/site-packages/airflow/example_dags/example_setup_teardown_taskflow.py
[2024-10-05T13:45:36.962-0400] {logging_mixin.py:190} INFO - [2024-10-05T13:45:36.961-0400] {dag.py:3239} INFO - Sync 1 DAGs
[2024-10-05T13:45:37.026-0400] {logging_mixin.py:190} INFO - [2024-10-05T13:45:37.026-0400] {dag.py:4180} INFO - Setting next_dagrun for example_setup_teardown_taskflow to None, run_after=None
[2024-10-05T13:45:37.617-0400] {processor.py:208} INFO - Processing /home/patrick/.cache/pypoetry/virtualenvs/airflow-wPbgcfzP-py3.10/lib/python3.10/site-packages/airflow/example_dags/example_setup_teardown_taskflow.py took 3.358 seconds
[2024-10-05T13:47:14.153-0400] {processor.py:186} INFO - Started process (PID=6008) to work on /home/patrick/.cache/pypoetry/virtualenvs/airflow-wPbgcfzP-py3.10/lib/python3.10/site-packages/airflow/example_dags/example_setup_teardown_taskflow.py
[2024-10-05T13:47:14.154-0400] {processor.py:914} INFO - Processing file /home/patrick/.cache/pypoetry/virtualenvs/airflow-wPbgcfzP-py3.10/lib/python3.10/site-packages/airflow/example_dags/example_setup_teardown_taskflow.py for tasks to queue
[2024-10-05T13:47:14.155-0400] {logging_mixin.py:190} INFO - [2024-10-05T13:47:14.155-0400] {dagbag.py:588} INFO - Filling up the DagBag from /home/patrick/.cache/pypoetry/virtualenvs/airflow-wPbgcfzP-py3.10/lib/python3.10/site-packages/airflow/example_dags/example_setup_teardown_taskflow.py
[2024-10-05T13:47:14.161-0400] {processor.py:925} INFO - DAG(s) 'example_setup_teardown_taskflow' retrieved from /home/patrick/.cache/pypoetry/virtualenvs/airflow-wPbgcfzP-py3.10/lib/python3.10/site-packages/airflow/example_dags/example_setup_teardown_taskflow.py
[2024-10-05T13:47:16.545-0400] {logging_mixin.py:190} INFO - [2024-10-05T13:47:16.544-0400] {dag.py:3239} INFO - Sync 1 DAGs
[2024-10-05T13:47:16.619-0400] {logging_mixin.py:190} INFO - [2024-10-05T13:47:16.619-0400] {dag.py:4180} INFO - Setting next_dagrun for example_setup_teardown_taskflow to None, run_after=None
[2024-10-05T13:47:17.268-0400] {processor.py:208} INFO - Processing /home/patrick/.cache/pypoetry/virtualenvs/airflow-wPbgcfzP-py3.10/lib/python3.10/site-packages/airflow/example_dags/example_setup_teardown_taskflow.py took 3.118 seconds
[2024-10-05T13:49:32.569-0400] {processor.py:186} INFO - Started process (PID=6600) to work on /home/patrick/.cache/pypoetry/virtualenvs/airflow-wPbgcfzP-py3.10/lib/python3.10/site-packages/airflow/example_dags/example_setup_teardown_taskflow.py
[2024-10-05T13:49:32.570-0400] {processor.py:914} INFO - Processing file /home/patrick/.cache/pypoetry/virtualenvs/airflow-wPbgcfzP-py3.10/lib/python3.10/site-packages/airflow/example_dags/example_setup_teardown_taskflow.py for tasks to queue
[2024-10-05T13:49:32.572-0400] {logging_mixin.py:190} INFO - [2024-10-05T13:49:32.572-0400] {dagbag.py:588} INFO - Filling up the DagBag from /home/patrick/.cache/pypoetry/virtualenvs/airflow-wPbgcfzP-py3.10/lib/python3.10/site-packages/airflow/example_dags/example_setup_teardown_taskflow.py
[2024-10-05T13:49:32.580-0400] {processor.py:925} INFO - DAG(s) 'example_setup_teardown_taskflow' retrieved from /home/patrick/.cache/pypoetry/virtualenvs/airflow-wPbgcfzP-py3.10/lib/python3.10/site-packages/airflow/example_dags/example_setup_teardown_taskflow.py
[2024-10-05T13:49:34.714-0400] {logging_mixin.py:190} INFO - [2024-10-05T13:49:34.714-0400] {dag.py:3239} INFO - Sync 1 DAGs
[2024-10-05T13:49:34.758-0400] {logging_mixin.py:190} INFO - [2024-10-05T13:49:34.758-0400] {dag.py:4180} INFO - Setting next_dagrun for example_setup_teardown_taskflow to None, run_after=None
[2024-10-05T13:49:35.292-0400] {processor.py:208} INFO - Processing /home/patrick/.cache/pypoetry/virtualenvs/airflow-wPbgcfzP-py3.10/lib/python3.10/site-packages/airflow/example_dags/example_setup_teardown_taskflow.py took 2.727 seconds
[2024-10-05T13:51:35.869-0400] {processor.py:186} INFO - Started process (PID=7202) to work on /home/patrick/.cache/pypoetry/virtualenvs/airflow-wPbgcfzP-py3.10/lib/python3.10/site-packages/airflow/example_dags/example_setup_teardown_taskflow.py
[2024-10-05T13:51:35.870-0400] {processor.py:914} INFO - Processing file /home/patrick/.cache/pypoetry/virtualenvs/airflow-wPbgcfzP-py3.10/lib/python3.10/site-packages/airflow/example_dags/example_setup_teardown_taskflow.py for tasks to queue
[2024-10-05T13:51:35.871-0400] {logging_mixin.py:190} INFO - [2024-10-05T13:51:35.871-0400] {dagbag.py:588} INFO - Filling up the DagBag from /home/patrick/.cache/pypoetry/virtualenvs/airflow-wPbgcfzP-py3.10/lib/python3.10/site-packages/airflow/example_dags/example_setup_teardown_taskflow.py
[2024-10-05T13:51:35.877-0400] {processor.py:925} INFO - DAG(s) 'example_setup_teardown_taskflow' retrieved from /home/patrick/.cache/pypoetry/virtualenvs/airflow-wPbgcfzP-py3.10/lib/python3.10/site-packages/airflow/example_dags/example_setup_teardown_taskflow.py
[2024-10-05T13:51:38.309-0400] {logging_mixin.py:190} INFO - [2024-10-05T13:51:38.309-0400] {dag.py:3239} INFO - Sync 1 DAGs
[2024-10-05T13:51:38.487-0400] {logging_mixin.py:190} INFO - [2024-10-05T13:51:38.487-0400] {dag.py:4180} INFO - Setting next_dagrun for example_setup_teardown_taskflow to None, run_after=None
[2024-10-05T13:51:39.178-0400] {processor.py:208} INFO - Processing /home/patrick/.cache/pypoetry/virtualenvs/airflow-wPbgcfzP-py3.10/lib/python3.10/site-packages/airflow/example_dags/example_setup_teardown_taskflow.py took 3.313 seconds
