[2024-10-05T13:32:29.677-0400] {processor.py:186} INFO - Started process (PID=2030) to work on /home/patrick/.cache/pypoetry/virtualenvs/airflow-wPbgcfzP-py3.10/lib/python3.10/site-packages/airflow/example_dags/example_external_task_marker_dag.py
[2024-10-05T13:32:29.679-0400] {processor.py:914} INFO - Processing file /home/patrick/.cache/pypoetry/virtualenvs/airflow-wPbgcfzP-py3.10/lib/python3.10/site-packages/airflow/example_dags/example_external_task_marker_dag.py for tasks to queue
[2024-10-05T13:32:29.680-0400] {logging_mixin.py:190} INFO - [2024-10-05T13:32:29.680-0400] {dagbag.py:588} INFO - Filling up the DagBag from /home/patrick/.cache/pypoetry/virtualenvs/airflow-wPbgcfzP-py3.10/lib/python3.10/site-packages/airflow/example_dags/example_external_task_marker_dag.py
[2024-10-05T13:32:29.690-0400] {processor.py:925} INFO - DAG(s) 'example_external_task_marker_child', 'example_external_task_marker_parent' retrieved from /home/patrick/.cache/pypoetry/virtualenvs/airflow-wPbgcfzP-py3.10/lib/python3.10/site-packages/airflow/example_dags/example_external_task_marker_dag.py
[2024-10-05T13:32:39.397-0400] {logging_mixin.py:190} INFO - [2024-10-05T13:32:39.397-0400] {dag.py:3239} INFO - Sync 2 DAGs
[2024-10-05T13:32:39.726-0400] {logging_mixin.py:190} INFO - [2024-10-05T13:32:39.726-0400] {dag.py:4180} INFO - Setting next_dagrun for example_external_task_marker_child to None, run_after=None
[2024-10-05T13:32:39.765-0400] {logging_mixin.py:190} INFO - [2024-10-05T13:32:39.765-0400] {dag.py:4180} INFO - Setting next_dagrun for example_external_task_marker_parent to None, run_after=None
[2024-10-05T13:32:41.232-0400] {processor.py:208} INFO - Processing /home/patrick/.cache/pypoetry/virtualenvs/airflow-wPbgcfzP-py3.10/lib/python3.10/site-packages/airflow/example_dags/example_external_task_marker_dag.py took 11.559 seconds
[2024-10-05T13:37:56.910-0400] {processor.py:186} INFO - Started process (PID=3593) to work on /home/patrick/.cache/pypoetry/virtualenvs/airflow-wPbgcfzP-py3.10/lib/python3.10/site-packages/airflow/example_dags/example_external_task_marker_dag.py
[2024-10-05T13:37:56.911-0400] {processor.py:914} INFO - Processing file /home/patrick/.cache/pypoetry/virtualenvs/airflow-wPbgcfzP-py3.10/lib/python3.10/site-packages/airflow/example_dags/example_external_task_marker_dag.py for tasks to queue
[2024-10-05T13:37:56.913-0400] {logging_mixin.py:190} INFO - [2024-10-05T13:37:56.912-0400] {dagbag.py:588} INFO - Filling up the DagBag from /home/patrick/.cache/pypoetry/virtualenvs/airflow-wPbgcfzP-py3.10/lib/python3.10/site-packages/airflow/example_dags/example_external_task_marker_dag.py
[2024-10-05T13:37:56.919-0400] {processor.py:925} INFO - DAG(s) 'example_external_task_marker_child', 'example_external_task_marker_parent' retrieved from /home/patrick/.cache/pypoetry/virtualenvs/airflow-wPbgcfzP-py3.10/lib/python3.10/site-packages/airflow/example_dags/example_external_task_marker_dag.py
[2024-10-05T13:38:01.538-0400] {logging_mixin.py:190} INFO - [2024-10-05T13:38:01.538-0400] {dag.py:3239} INFO - Sync 2 DAGs
[2024-10-05T13:38:01.648-0400] {logging_mixin.py:190} INFO - [2024-10-05T13:38:01.648-0400] {dag.py:4180} INFO - Setting next_dagrun for example_external_task_marker_child to None, run_after=None
[2024-10-05T13:38:01.692-0400] {logging_mixin.py:190} INFO - [2024-10-05T13:38:01.692-0400] {dag.py:4180} INFO - Setting next_dagrun for example_external_task_marker_parent to None, run_after=None
[2024-10-05T13:38:02.259-0400] {processor.py:208} INFO - Processing /home/patrick/.cache/pypoetry/virtualenvs/airflow-wPbgcfzP-py3.10/lib/python3.10/site-packages/airflow/example_dags/example_external_task_marker_dag.py took 5.352 seconds
[2024-10-05T13:43:18.080-0400] {processor.py:186} INFO - Started process (PID=4980) to work on /home/patrick/.cache/pypoetry/virtualenvs/airflow-wPbgcfzP-py3.10/lib/python3.10/site-packages/airflow/example_dags/example_external_task_marker_dag.py
[2024-10-05T13:43:18.081-0400] {processor.py:914} INFO - Processing file /home/patrick/.cache/pypoetry/virtualenvs/airflow-wPbgcfzP-py3.10/lib/python3.10/site-packages/airflow/example_dags/example_external_task_marker_dag.py for tasks to queue
[2024-10-05T13:43:18.082-0400] {logging_mixin.py:190} INFO - [2024-10-05T13:43:18.082-0400] {dagbag.py:588} INFO - Filling up the DagBag from /home/patrick/.cache/pypoetry/virtualenvs/airflow-wPbgcfzP-py3.10/lib/python3.10/site-packages/airflow/example_dags/example_external_task_marker_dag.py
[2024-10-05T13:43:18.087-0400] {processor.py:925} INFO - DAG(s) 'example_external_task_marker_parent', 'example_external_task_marker_child' retrieved from /home/patrick/.cache/pypoetry/virtualenvs/airflow-wPbgcfzP-py3.10/lib/python3.10/site-packages/airflow/example_dags/example_external_task_marker_dag.py
[2024-10-05T13:43:21.708-0400] {logging_mixin.py:190} INFO - [2024-10-05T13:43:21.708-0400] {dag.py:3239} INFO - Sync 2 DAGs
[2024-10-05T13:43:21.908-0400] {logging_mixin.py:190} INFO - [2024-10-05T13:43:21.907-0400] {dag.py:4180} INFO - Setting next_dagrun for example_external_task_marker_child to None, run_after=None
[2024-10-05T13:43:21.952-0400] {logging_mixin.py:190} INFO - [2024-10-05T13:43:21.952-0400] {dag.py:4180} INFO - Setting next_dagrun for example_external_task_marker_parent to None, run_after=None
[2024-10-05T13:43:22.568-0400] {processor.py:208} INFO - Processing /home/patrick/.cache/pypoetry/virtualenvs/airflow-wPbgcfzP-py3.10/lib/python3.10/site-packages/airflow/example_dags/example_external_task_marker_dag.py took 4.492 seconds
[2024-10-05T13:46:42.711-0400] {processor.py:186} INFO - Started process (PID=5869) to work on /home/patrick/.cache/pypoetry/virtualenvs/airflow-wPbgcfzP-py3.10/lib/python3.10/site-packages/airflow/example_dags/example_external_task_marker_dag.py
[2024-10-05T13:46:42.713-0400] {processor.py:914} INFO - Processing file /home/patrick/.cache/pypoetry/virtualenvs/airflow-wPbgcfzP-py3.10/lib/python3.10/site-packages/airflow/example_dags/example_external_task_marker_dag.py for tasks to queue
[2024-10-05T13:46:42.714-0400] {logging_mixin.py:190} INFO - [2024-10-05T13:46:42.714-0400] {dagbag.py:588} INFO - Filling up the DagBag from /home/patrick/.cache/pypoetry/virtualenvs/airflow-wPbgcfzP-py3.10/lib/python3.10/site-packages/airflow/example_dags/example_external_task_marker_dag.py
[2024-10-05T13:46:42.718-0400] {processor.py:925} INFO - DAG(s) 'example_external_task_marker_child', 'example_external_task_marker_parent' retrieved from /home/patrick/.cache/pypoetry/virtualenvs/airflow-wPbgcfzP-py3.10/lib/python3.10/site-packages/airflow/example_dags/example_external_task_marker_dag.py
[2024-10-05T13:46:46.764-0400] {logging_mixin.py:190} INFO - [2024-10-05T13:46:46.764-0400] {dag.py:3239} INFO - Sync 2 DAGs
[2024-10-05T13:46:46.846-0400] {logging_mixin.py:190} INFO - [2024-10-05T13:46:46.846-0400] {dag.py:4180} INFO - Setting next_dagrun for example_external_task_marker_child to None, run_after=None
[2024-10-05T13:46:46.893-0400] {logging_mixin.py:190} INFO - [2024-10-05T13:46:46.893-0400] {dag.py:4180} INFO - Setting next_dagrun for example_external_task_marker_parent to None, run_after=None
[2024-10-05T13:46:47.488-0400] {processor.py:208} INFO - Processing /home/patrick/.cache/pypoetry/virtualenvs/airflow-wPbgcfzP-py3.10/lib/python3.10/site-packages/airflow/example_dags/example_external_task_marker_dag.py took 4.780 seconds
[2024-10-05T13:51:01.384-0400] {processor.py:186} INFO - Started process (PID=6984) to work on /home/patrick/.cache/pypoetry/virtualenvs/airflow-wPbgcfzP-py3.10/lib/python3.10/site-packages/airflow/example_dags/example_external_task_marker_dag.py
[2024-10-05T13:51:01.385-0400] {processor.py:914} INFO - Processing file /home/patrick/.cache/pypoetry/virtualenvs/airflow-wPbgcfzP-py3.10/lib/python3.10/site-packages/airflow/example_dags/example_external_task_marker_dag.py for tasks to queue
[2024-10-05T13:51:01.387-0400] {logging_mixin.py:190} INFO - [2024-10-05T13:51:01.387-0400] {dagbag.py:588} INFO - Filling up the DagBag from /home/patrick/.cache/pypoetry/virtualenvs/airflow-wPbgcfzP-py3.10/lib/python3.10/site-packages/airflow/example_dags/example_external_task_marker_dag.py
[2024-10-05T13:51:01.392-0400] {processor.py:925} INFO - DAG(s) 'example_external_task_marker_parent', 'example_external_task_marker_child' retrieved from /home/patrick/.cache/pypoetry/virtualenvs/airflow-wPbgcfzP-py3.10/lib/python3.10/site-packages/airflow/example_dags/example_external_task_marker_dag.py
[2024-10-05T13:51:03.343-0400] {logging_mixin.py:190} INFO - [2024-10-05T13:51:03.342-0400] {dag.py:3239} INFO - Sync 2 DAGs
[2024-10-05T13:51:03.403-0400] {logging_mixin.py:190} INFO - [2024-10-05T13:51:03.403-0400] {dag.py:4180} INFO - Setting next_dagrun for example_external_task_marker_child to None, run_after=None
[2024-10-05T13:51:03.450-0400] {logging_mixin.py:190} INFO - [2024-10-05T13:51:03.450-0400] {dag.py:4180} INFO - Setting next_dagrun for example_external_task_marker_parent to None, run_after=None
[2024-10-05T13:51:04.085-0400] {processor.py:208} INFO - Processing /home/patrick/.cache/pypoetry/virtualenvs/airflow-wPbgcfzP-py3.10/lib/python3.10/site-packages/airflow/example_dags/example_external_task_marker_dag.py took 2.704 seconds
