[2024-10-05T13:29:24.934-0400] {processor.py:186} INFO - Started process (PID=1214) to work on /home/patrick/.cache/pypoetry/virtualenvs/airflow-wPbgcfzP-py3.10/lib/python3.10/site-packages/airflow/example_dags/example_task_group_decorator.py
[2024-10-05T13:29:24.935-0400] {processor.py:914} INFO - Processing file /home/patrick/.cache/pypoetry/virtualenvs/airflow-wPbgcfzP-py3.10/lib/python3.10/site-packages/airflow/example_dags/example_task_group_decorator.py for tasks to queue
[2024-10-05T13:29:24.937-0400] {logging_mixin.py:190} INFO - [2024-10-05T13:29:24.937-0400] {dagbag.py:588} INFO - Filling up the DagBag from /home/patrick/.cache/pypoetry/virtualenvs/airflow-wPbgcfzP-py3.10/lib/python3.10/site-packages/airflow/example_dags/example_task_group_decorator.py
[2024-10-05T13:29:24.945-0400] {processor.py:925} INFO - DAG(s) 'example_task_group_decorator' retrieved from /home/patrick/.cache/pypoetry/virtualenvs/airflow-wPbgcfzP-py3.10/lib/python3.10/site-packages/airflow/example_dags/example_task_group_decorator.py
[2024-10-05T13:29:29.579-0400] {logging_mixin.py:190} INFO - [2024-10-05T13:29:29.579-0400] {dag.py:3239} INFO - Sync 1 DAGs
[2024-10-05T13:29:29.777-0400] {logging_mixin.py:190} INFO - [2024-10-05T13:29:29.777-0400] {dag.py:4180} INFO - Setting next_dagrun for example_task_group_decorator to None, run_after=None
[2024-10-05T13:29:30.449-0400] {processor.py:208} INFO - Processing /home/patrick/.cache/pypoetry/virtualenvs/airflow-wPbgcfzP-py3.10/lib/python3.10/site-packages/airflow/example_dags/example_task_group_decorator.py took 5.518 seconds
[2024-10-05T13:34:02.642-0400] {processor.py:186} INFO - Started process (PID=2472) to work on /home/patrick/.cache/pypoetry/virtualenvs/airflow-wPbgcfzP-py3.10/lib/python3.10/site-packages/airflow/example_dags/example_task_group_decorator.py
[2024-10-05T13:34:02.643-0400] {processor.py:914} INFO - Processing file /home/patrick/.cache/pypoetry/virtualenvs/airflow-wPbgcfzP-py3.10/lib/python3.10/site-packages/airflow/example_dags/example_task_group_decorator.py for tasks to queue
[2024-10-05T13:34:02.645-0400] {logging_mixin.py:190} INFO - [2024-10-05T13:34:02.645-0400] {dagbag.py:588} INFO - Filling up the DagBag from /home/patrick/.cache/pypoetry/virtualenvs/airflow-wPbgcfzP-py3.10/lib/python3.10/site-packages/airflow/example_dags/example_task_group_decorator.py
[2024-10-05T13:34:02.654-0400] {processor.py:925} INFO - DAG(s) 'example_task_group_decorator' retrieved from /home/patrick/.cache/pypoetry/virtualenvs/airflow-wPbgcfzP-py3.10/lib/python3.10/site-packages/airflow/example_dags/example_task_group_decorator.py
[2024-10-05T13:34:16.146-0400] {logging_mixin.py:190} INFO - [2024-10-05T13:34:16.146-0400] {dag.py:3239} INFO - Sync 1 DAGs
[2024-10-05T13:34:16.451-0400] {logging_mixin.py:190} INFO - [2024-10-05T13:34:16.451-0400] {dag.py:4180} INFO - Setting next_dagrun for example_task_group_decorator to None, run_after=None
[2024-10-05T13:34:17.212-0400] {processor.py:208} INFO - Processing /home/patrick/.cache/pypoetry/virtualenvs/airflow-wPbgcfzP-py3.10/lib/python3.10/site-packages/airflow/example_dags/example_task_group_decorator.py took 14.575 seconds
[2024-10-05T13:37:03.316-0400] {processor.py:186} INFO - Started process (PID=3350) to work on /home/patrick/.cache/pypoetry/virtualenvs/airflow-wPbgcfzP-py3.10/lib/python3.10/site-packages/airflow/example_dags/example_task_group_decorator.py
[2024-10-05T13:37:03.318-0400] {processor.py:914} INFO - Processing file /home/patrick/.cache/pypoetry/virtualenvs/airflow-wPbgcfzP-py3.10/lib/python3.10/site-packages/airflow/example_dags/example_task_group_decorator.py for tasks to queue
[2024-10-05T13:37:03.319-0400] {logging_mixin.py:190} INFO - [2024-10-05T13:37:03.319-0400] {dagbag.py:588} INFO - Filling up the DagBag from /home/patrick/.cache/pypoetry/virtualenvs/airflow-wPbgcfzP-py3.10/lib/python3.10/site-packages/airflow/example_dags/example_task_group_decorator.py
[2024-10-05T13:37:03.328-0400] {processor.py:925} INFO - DAG(s) 'example_task_group_decorator' retrieved from /home/patrick/.cache/pypoetry/virtualenvs/airflow-wPbgcfzP-py3.10/lib/python3.10/site-packages/airflow/example_dags/example_task_group_decorator.py
[2024-10-05T13:37:06.048-0400] {logging_mixin.py:190} INFO - [2024-10-05T13:37:06.048-0400] {dag.py:3239} INFO - Sync 1 DAGs
[2024-10-05T13:37:06.256-0400] {logging_mixin.py:190} INFO - [2024-10-05T13:37:06.256-0400] {dag.py:4180} INFO - Setting next_dagrun for example_task_group_decorator to None, run_after=None
[2024-10-05T13:37:07.053-0400] {processor.py:208} INFO - Processing /home/patrick/.cache/pypoetry/virtualenvs/airflow-wPbgcfzP-py3.10/lib/python3.10/site-packages/airflow/example_dags/example_task_group_decorator.py took 3.740 seconds
[2024-10-05T13:39:36.620-0400] {processor.py:186} INFO - Started process (PID=4036) to work on /home/patrick/.cache/pypoetry/virtualenvs/airflow-wPbgcfzP-py3.10/lib/python3.10/site-packages/airflow/example_dags/example_task_group_decorator.py
[2024-10-05T13:39:36.621-0400] {processor.py:914} INFO - Processing file /home/patrick/.cache/pypoetry/virtualenvs/airflow-wPbgcfzP-py3.10/lib/python3.10/site-packages/airflow/example_dags/example_task_group_decorator.py for tasks to queue
[2024-10-05T13:39:36.623-0400] {logging_mixin.py:190} INFO - [2024-10-05T13:39:36.622-0400] {dagbag.py:588} INFO - Filling up the DagBag from /home/patrick/.cache/pypoetry/virtualenvs/airflow-wPbgcfzP-py3.10/lib/python3.10/site-packages/airflow/example_dags/example_task_group_decorator.py
[2024-10-05T13:39:36.630-0400] {processor.py:925} INFO - DAG(s) 'example_task_group_decorator' retrieved from /home/patrick/.cache/pypoetry/virtualenvs/airflow-wPbgcfzP-py3.10/lib/python3.10/site-packages/airflow/example_dags/example_task_group_decorator.py
[2024-10-05T13:39:40.410-0400] {logging_mixin.py:190} INFO - [2024-10-05T13:39:40.409-0400] {dag.py:3239} INFO - Sync 1 DAGs
[2024-10-05T13:39:40.549-0400] {logging_mixin.py:190} INFO - [2024-10-05T13:39:40.549-0400] {dag.py:4180} INFO - Setting next_dagrun for example_task_group_decorator to None, run_after=None
[2024-10-05T13:39:41.182-0400] {processor.py:208} INFO - Processing /home/patrick/.cache/pypoetry/virtualenvs/airflow-wPbgcfzP-py3.10/lib/python3.10/site-packages/airflow/example_dags/example_task_group_decorator.py took 4.565 seconds
[2024-10-05T13:41:49.823-0400] {processor.py:186} INFO - Started process (PID=4609) to work on /home/patrick/.cache/pypoetry/virtualenvs/airflow-wPbgcfzP-py3.10/lib/python3.10/site-packages/airflow/example_dags/example_task_group_decorator.py
[2024-10-05T13:41:49.824-0400] {processor.py:914} INFO - Processing file /home/patrick/.cache/pypoetry/virtualenvs/airflow-wPbgcfzP-py3.10/lib/python3.10/site-packages/airflow/example_dags/example_task_group_decorator.py for tasks to queue
[2024-10-05T13:41:49.826-0400] {logging_mixin.py:190} INFO - [2024-10-05T13:41:49.825-0400] {dagbag.py:588} INFO - Filling up the DagBag from /home/patrick/.cache/pypoetry/virtualenvs/airflow-wPbgcfzP-py3.10/lib/python3.10/site-packages/airflow/example_dags/example_task_group_decorator.py
[2024-10-05T13:41:49.835-0400] {processor.py:925} INFO - DAG(s) 'example_task_group_decorator' retrieved from /home/patrick/.cache/pypoetry/virtualenvs/airflow-wPbgcfzP-py3.10/lib/python3.10/site-packages/airflow/example_dags/example_task_group_decorator.py
[2024-10-05T13:41:52.410-0400] {logging_mixin.py:190} INFO - [2024-10-05T13:41:52.410-0400] {dag.py:3239} INFO - Sync 1 DAGs
[2024-10-05T13:41:52.482-0400] {logging_mixin.py:190} INFO - [2024-10-05T13:41:52.482-0400] {dag.py:4180} INFO - Setting next_dagrun for example_task_group_decorator to None, run_after=None
[2024-10-05T13:41:53.073-0400] {processor.py:208} INFO - Processing /home/patrick/.cache/pypoetry/virtualenvs/airflow-wPbgcfzP-py3.10/lib/python3.10/site-packages/airflow/example_dags/example_task_group_decorator.py took 3.253 seconds
[2024-10-05T13:44:14.397-0400] {processor.py:186} INFO - Started process (PID=5229) to work on /home/patrick/.cache/pypoetry/virtualenvs/airflow-wPbgcfzP-py3.10/lib/python3.10/site-packages/airflow/example_dags/example_task_group_decorator.py
[2024-10-05T13:44:14.398-0400] {processor.py:914} INFO - Processing file /home/patrick/.cache/pypoetry/virtualenvs/airflow-wPbgcfzP-py3.10/lib/python3.10/site-packages/airflow/example_dags/example_task_group_decorator.py for tasks to queue
[2024-10-05T13:44:14.400-0400] {logging_mixin.py:190} INFO - [2024-10-05T13:44:14.399-0400] {dagbag.py:588} INFO - Filling up the DagBag from /home/patrick/.cache/pypoetry/virtualenvs/airflow-wPbgcfzP-py3.10/lib/python3.10/site-packages/airflow/example_dags/example_task_group_decorator.py
[2024-10-05T13:44:14.408-0400] {processor.py:925} INFO - DAG(s) 'example_task_group_decorator' retrieved from /home/patrick/.cache/pypoetry/virtualenvs/airflow-wPbgcfzP-py3.10/lib/python3.10/site-packages/airflow/example_dags/example_task_group_decorator.py
[2024-10-05T13:44:22.102-0400] {logging_mixin.py:190} INFO - [2024-10-05T13:44:22.102-0400] {dag.py:3239} INFO - Sync 1 DAGs
[2024-10-05T13:44:22.202-0400] {logging_mixin.py:190} INFO - [2024-10-05T13:44:22.202-0400] {dag.py:4180} INFO - Setting next_dagrun for example_task_group_decorator to None, run_after=None
[2024-10-05T13:44:22.913-0400] {processor.py:208} INFO - Processing /home/patrick/.cache/pypoetry/virtualenvs/airflow-wPbgcfzP-py3.10/lib/python3.10/site-packages/airflow/example_dags/example_task_group_decorator.py took 8.520 seconds
[2024-10-05T13:46:00.061-0400] {processor.py:186} INFO - Started process (PID=5689) to work on /home/patrick/.cache/pypoetry/virtualenvs/airflow-wPbgcfzP-py3.10/lib/python3.10/site-packages/airflow/example_dags/example_task_group_decorator.py
[2024-10-05T13:46:00.062-0400] {processor.py:914} INFO - Processing file /home/patrick/.cache/pypoetry/virtualenvs/airflow-wPbgcfzP-py3.10/lib/python3.10/site-packages/airflow/example_dags/example_task_group_decorator.py for tasks to queue
[2024-10-05T13:46:00.063-0400] {logging_mixin.py:190} INFO - [2024-10-05T13:46:00.063-0400] {dagbag.py:588} INFO - Filling up the DagBag from /home/patrick/.cache/pypoetry/virtualenvs/airflow-wPbgcfzP-py3.10/lib/python3.10/site-packages/airflow/example_dags/example_task_group_decorator.py
[2024-10-05T13:46:00.072-0400] {processor.py:925} INFO - DAG(s) 'example_task_group_decorator' retrieved from /home/patrick/.cache/pypoetry/virtualenvs/airflow-wPbgcfzP-py3.10/lib/python3.10/site-packages/airflow/example_dags/example_task_group_decorator.py
[2024-10-05T13:46:01.736-0400] {logging_mixin.py:190} INFO - [2024-10-05T13:46:01.736-0400] {dag.py:3239} INFO - Sync 1 DAGs
[2024-10-05T13:46:01.818-0400] {logging_mixin.py:190} INFO - [2024-10-05T13:46:01.818-0400] {dag.py:4180} INFO - Setting next_dagrun for example_task_group_decorator to None, run_after=None
[2024-10-05T13:46:02.574-0400] {processor.py:208} INFO - Processing /home/patrick/.cache/pypoetry/virtualenvs/airflow-wPbgcfzP-py3.10/lib/python3.10/site-packages/airflow/example_dags/example_task_group_decorator.py took 2.516 seconds
[2024-10-05T13:47:39.532-0400] {processor.py:186} INFO - Started process (PID=6120) to work on /home/patrick/.cache/pypoetry/virtualenvs/airflow-wPbgcfzP-py3.10/lib/python3.10/site-packages/airflow/example_dags/example_task_group_decorator.py
[2024-10-05T13:47:39.533-0400] {processor.py:914} INFO - Processing file /home/patrick/.cache/pypoetry/virtualenvs/airflow-wPbgcfzP-py3.10/lib/python3.10/site-packages/airflow/example_dags/example_task_group_decorator.py for tasks to queue
[2024-10-05T13:47:39.534-0400] {logging_mixin.py:190} INFO - [2024-10-05T13:47:39.534-0400] {dagbag.py:588} INFO - Filling up the DagBag from /home/patrick/.cache/pypoetry/virtualenvs/airflow-wPbgcfzP-py3.10/lib/python3.10/site-packages/airflow/example_dags/example_task_group_decorator.py
[2024-10-05T13:47:39.543-0400] {processor.py:925} INFO - DAG(s) 'example_task_group_decorator' retrieved from /home/patrick/.cache/pypoetry/virtualenvs/airflow-wPbgcfzP-py3.10/lib/python3.10/site-packages/airflow/example_dags/example_task_group_decorator.py
[2024-10-05T13:47:41.040-0400] {logging_mixin.py:190} INFO - [2024-10-05T13:47:41.040-0400] {dag.py:3239} INFO - Sync 1 DAGs
[2024-10-05T13:47:41.101-0400] {logging_mixin.py:190} INFO - [2024-10-05T13:47:41.101-0400] {dag.py:4180} INFO - Setting next_dagrun for example_task_group_decorator to None, run_after=None
[2024-10-05T13:47:41.673-0400] {processor.py:208} INFO - Processing /home/patrick/.cache/pypoetry/virtualenvs/airflow-wPbgcfzP-py3.10/lib/python3.10/site-packages/airflow/example_dags/example_task_group_decorator.py took 2.145 seconds
[2024-10-05T13:49:54.315-0400] {processor.py:186} INFO - Started process (PID=6698) to work on /home/patrick/.cache/pypoetry/virtualenvs/airflow-wPbgcfzP-py3.10/lib/python3.10/site-packages/airflow/example_dags/example_task_group_decorator.py
[2024-10-05T13:49:54.316-0400] {processor.py:914} INFO - Processing file /home/patrick/.cache/pypoetry/virtualenvs/airflow-wPbgcfzP-py3.10/lib/python3.10/site-packages/airflow/example_dags/example_task_group_decorator.py for tasks to queue
[2024-10-05T13:49:54.317-0400] {logging_mixin.py:190} INFO - [2024-10-05T13:49:54.317-0400] {dagbag.py:588} INFO - Filling up the DagBag from /home/patrick/.cache/pypoetry/virtualenvs/airflow-wPbgcfzP-py3.10/lib/python3.10/site-packages/airflow/example_dags/example_task_group_decorator.py
[2024-10-05T13:49:54.326-0400] {processor.py:925} INFO - DAG(s) 'example_task_group_decorator' retrieved from /home/patrick/.cache/pypoetry/virtualenvs/airflow-wPbgcfzP-py3.10/lib/python3.10/site-packages/airflow/example_dags/example_task_group_decorator.py
[2024-10-05T13:49:55.717-0400] {logging_mixin.py:190} INFO - [2024-10-05T13:49:55.717-0400] {dag.py:3239} INFO - Sync 1 DAGs
[2024-10-05T13:49:55.883-0400] {logging_mixin.py:190} INFO - [2024-10-05T13:49:55.883-0400] {dag.py:4180} INFO - Setting next_dagrun for example_task_group_decorator to None, run_after=None
[2024-10-05T13:49:56.821-0400] {processor.py:208} INFO - Processing /home/patrick/.cache/pypoetry/virtualenvs/airflow-wPbgcfzP-py3.10/lib/python3.10/site-packages/airflow/example_dags/example_task_group_decorator.py took 2.509 seconds
[2024-10-05T13:51:57.361-0400] {processor.py:186} INFO - Started process (PID=7298) to work on /home/patrick/.cache/pypoetry/virtualenvs/airflow-wPbgcfzP-py3.10/lib/python3.10/site-packages/airflow/example_dags/example_task_group_decorator.py
[2024-10-05T13:51:57.362-0400] {processor.py:914} INFO - Processing file /home/patrick/.cache/pypoetry/virtualenvs/airflow-wPbgcfzP-py3.10/lib/python3.10/site-packages/airflow/example_dags/example_task_group_decorator.py for tasks to queue
[2024-10-05T13:51:57.363-0400] {logging_mixin.py:190} INFO - [2024-10-05T13:51:57.363-0400] {dagbag.py:588} INFO - Filling up the DagBag from /home/patrick/.cache/pypoetry/virtualenvs/airflow-wPbgcfzP-py3.10/lib/python3.10/site-packages/airflow/example_dags/example_task_group_decorator.py
[2024-10-05T13:51:57.372-0400] {processor.py:925} INFO - DAG(s) 'example_task_group_decorator' retrieved from /home/patrick/.cache/pypoetry/virtualenvs/airflow-wPbgcfzP-py3.10/lib/python3.10/site-packages/airflow/example_dags/example_task_group_decorator.py
[2024-10-05T13:52:00.658-0400] {logging_mixin.py:190} INFO - [2024-10-05T13:52:00.657-0400] {dag.py:3239} INFO - Sync 1 DAGs
[2024-10-05T13:52:00.744-0400] {logging_mixin.py:190} INFO - [2024-10-05T13:52:00.744-0400] {dag.py:4180} INFO - Setting next_dagrun for example_task_group_decorator to None, run_after=None
[2024-10-05T13:52:01.331-0400] {processor.py:208} INFO - Processing /home/patrick/.cache/pypoetry/virtualenvs/airflow-wPbgcfzP-py3.10/lib/python3.10/site-packages/airflow/example_dags/example_task_group_decorator.py took 3.973 seconds
