[2024-10-05T13:29:31.301-0400] {processor.py:186} INFO - Started process (PID=1241) to work on /home/patrick/.cache/pypoetry/virtualenvs/airflow-wPbgcfzP-py3.10/lib/python3.10/site-packages/airflow/example_dags/example_trigger_controller_dag.py
[2024-10-05T13:29:31.302-0400] {processor.py:914} INFO - Processing file /home/patrick/.cache/pypoetry/virtualenvs/airflow-wPbgcfzP-py3.10/lib/python3.10/site-packages/airflow/example_dags/example_trigger_controller_dag.py for tasks to queue
[2024-10-05T13:29:31.303-0400] {logging_mixin.py:190} INFO - [2024-10-05T13:29:31.303-0400] {dagbag.py:588} INFO - Filling up the DagBag from /home/patrick/.cache/pypoetry/virtualenvs/airflow-wPbgcfzP-py3.10/lib/python3.10/site-packages/airflow/example_dags/example_trigger_controller_dag.py
[2024-10-05T13:29:31.308-0400] {processor.py:925} INFO - DAG(s) 'example_trigger_controller_dag' retrieved from /home/patrick/.cache/pypoetry/virtualenvs/airflow-wPbgcfzP-py3.10/lib/python3.10/site-packages/airflow/example_dags/example_trigger_controller_dag.py
[2024-10-05T13:29:34.005-0400] {logging_mixin.py:190} INFO - [2024-10-05T13:29:34.004-0400] {dag.py:3239} INFO - Sync 1 DAGs
[2024-10-05T13:29:34.142-0400] {logging_mixin.py:190} INFO - [2024-10-05T13:29:34.142-0400] {dag.py:4180} INFO - Setting next_dagrun for example_trigger_controller_dag to 2021-01-01 00:00:00+00:00, run_after=2021-01-01 00:00:00+00:00
[2024-10-05T13:29:34.681-0400] {processor.py:208} INFO - Processing /home/patrick/.cache/pypoetry/virtualenvs/airflow-wPbgcfzP-py3.10/lib/python3.10/site-packages/airflow/example_dags/example_trigger_controller_dag.py took 3.384 seconds
[2024-10-05T13:34:17.559-0400] {processor.py:186} INFO - Started process (PID=2535) to work on /home/patrick/.cache/pypoetry/virtualenvs/airflow-wPbgcfzP-py3.10/lib/python3.10/site-packages/airflow/example_dags/example_trigger_controller_dag.py
[2024-10-05T13:34:17.560-0400] {processor.py:914} INFO - Processing file /home/patrick/.cache/pypoetry/virtualenvs/airflow-wPbgcfzP-py3.10/lib/python3.10/site-packages/airflow/example_dags/example_trigger_controller_dag.py for tasks to queue
[2024-10-05T13:34:17.561-0400] {logging_mixin.py:190} INFO - [2024-10-05T13:34:17.561-0400] {dagbag.py:588} INFO - Filling up the DagBag from /home/patrick/.cache/pypoetry/virtualenvs/airflow-wPbgcfzP-py3.10/lib/python3.10/site-packages/airflow/example_dags/example_trigger_controller_dag.py
[2024-10-05T13:34:17.565-0400] {processor.py:925} INFO - DAG(s) 'example_trigger_controller_dag' retrieved from /home/patrick/.cache/pypoetry/virtualenvs/airflow-wPbgcfzP-py3.10/lib/python3.10/site-packages/airflow/example_dags/example_trigger_controller_dag.py
[2024-10-05T13:34:23.771-0400] {logging_mixin.py:190} INFO - [2024-10-05T13:34:23.771-0400] {dag.py:3239} INFO - Sync 1 DAGs
[2024-10-05T13:34:24.261-0400] {logging_mixin.py:190} INFO - [2024-10-05T13:34:24.261-0400] {dag.py:4180} INFO - Setting next_dagrun for example_trigger_controller_dag to 2021-01-01 00:00:00+00:00, run_after=2021-01-01 00:00:00+00:00
[2024-10-05T13:34:25.004-0400] {processor.py:208} INFO - Processing /home/patrick/.cache/pypoetry/virtualenvs/airflow-wPbgcfzP-py3.10/lib/python3.10/site-packages/airflow/example_dags/example_trigger_controller_dag.py took 7.449 seconds
[2024-10-05T13:37:07.855-0400] {processor.py:186} INFO - Started process (PID=3369) to work on /home/patrick/.cache/pypoetry/virtualenvs/airflow-wPbgcfzP-py3.10/lib/python3.10/site-packages/airflow/example_dags/example_trigger_controller_dag.py
[2024-10-05T13:37:07.856-0400] {processor.py:914} INFO - Processing file /home/patrick/.cache/pypoetry/virtualenvs/airflow-wPbgcfzP-py3.10/lib/python3.10/site-packages/airflow/example_dags/example_trigger_controller_dag.py for tasks to queue
[2024-10-05T13:37:07.858-0400] {logging_mixin.py:190} INFO - [2024-10-05T13:37:07.857-0400] {dagbag.py:588} INFO - Filling up the DagBag from /home/patrick/.cache/pypoetry/virtualenvs/airflow-wPbgcfzP-py3.10/lib/python3.10/site-packages/airflow/example_dags/example_trigger_controller_dag.py
[2024-10-05T13:37:07.862-0400] {processor.py:925} INFO - DAG(s) 'example_trigger_controller_dag' retrieved from /home/patrick/.cache/pypoetry/virtualenvs/airflow-wPbgcfzP-py3.10/lib/python3.10/site-packages/airflow/example_dags/example_trigger_controller_dag.py
[2024-10-05T13:37:14.784-0400] {logging_mixin.py:190} INFO - [2024-10-05T13:37:14.784-0400] {dag.py:3239} INFO - Sync 1 DAGs
[2024-10-05T13:37:14.959-0400] {logging_mixin.py:190} INFO - [2024-10-05T13:37:14.959-0400] {dag.py:4180} INFO - Setting next_dagrun for example_trigger_controller_dag to 2021-01-01 00:00:00+00:00, run_after=2021-01-01 00:00:00+00:00
[2024-10-05T13:37:15.595-0400] {processor.py:208} INFO - Processing /home/patrick/.cache/pypoetry/virtualenvs/airflow-wPbgcfzP-py3.10/lib/python3.10/site-packages/airflow/example_dags/example_trigger_controller_dag.py took 7.743 seconds
[2024-10-05T13:39:41.561-0400] {processor.py:186} INFO - Started process (PID=4057) to work on /home/patrick/.cache/pypoetry/virtualenvs/airflow-wPbgcfzP-py3.10/lib/python3.10/site-packages/airflow/example_dags/example_trigger_controller_dag.py
[2024-10-05T13:39:41.569-0400] {processor.py:914} INFO - Processing file /home/patrick/.cache/pypoetry/virtualenvs/airflow-wPbgcfzP-py3.10/lib/python3.10/site-packages/airflow/example_dags/example_trigger_controller_dag.py for tasks to queue
[2024-10-05T13:39:41.571-0400] {logging_mixin.py:190} INFO - [2024-10-05T13:39:41.571-0400] {dagbag.py:588} INFO - Filling up the DagBag from /home/patrick/.cache/pypoetry/virtualenvs/airflow-wPbgcfzP-py3.10/lib/python3.10/site-packages/airflow/example_dags/example_trigger_controller_dag.py
[2024-10-05T13:39:41.581-0400] {processor.py:925} INFO - DAG(s) 'example_trigger_controller_dag' retrieved from /home/patrick/.cache/pypoetry/virtualenvs/airflow-wPbgcfzP-py3.10/lib/python3.10/site-packages/airflow/example_dags/example_trigger_controller_dag.py
[2024-10-05T13:39:47.491-0400] {logging_mixin.py:190} INFO - [2024-10-05T13:39:47.491-0400] {dag.py:3239} INFO - Sync 1 DAGs
[2024-10-05T13:39:47.727-0400] {logging_mixin.py:190} INFO - [2024-10-05T13:39:47.727-0400] {dag.py:4180} INFO - Setting next_dagrun for example_trigger_controller_dag to 2021-01-01 00:00:00+00:00, run_after=2021-01-01 00:00:00+00:00
[2024-10-05T13:39:48.342-0400] {processor.py:208} INFO - Processing /home/patrick/.cache/pypoetry/virtualenvs/airflow-wPbgcfzP-py3.10/lib/python3.10/site-packages/airflow/example_dags/example_trigger_controller_dag.py took 6.785 seconds
[2024-10-05T13:41:53.481-0400] {processor.py:186} INFO - Started process (PID=4626) to work on /home/patrick/.cache/pypoetry/virtualenvs/airflow-wPbgcfzP-py3.10/lib/python3.10/site-packages/airflow/example_dags/example_trigger_controller_dag.py
[2024-10-05T13:41:53.482-0400] {processor.py:914} INFO - Processing file /home/patrick/.cache/pypoetry/virtualenvs/airflow-wPbgcfzP-py3.10/lib/python3.10/site-packages/airflow/example_dags/example_trigger_controller_dag.py for tasks to queue
[2024-10-05T13:41:53.484-0400] {logging_mixin.py:190} INFO - [2024-10-05T13:41:53.484-0400] {dagbag.py:588} INFO - Filling up the DagBag from /home/patrick/.cache/pypoetry/virtualenvs/airflow-wPbgcfzP-py3.10/lib/python3.10/site-packages/airflow/example_dags/example_trigger_controller_dag.py
[2024-10-05T13:41:53.488-0400] {processor.py:925} INFO - DAG(s) 'example_trigger_controller_dag' retrieved from /home/patrick/.cache/pypoetry/virtualenvs/airflow-wPbgcfzP-py3.10/lib/python3.10/site-packages/airflow/example_dags/example_trigger_controller_dag.py
[2024-10-05T13:41:59.291-0400] {logging_mixin.py:190} INFO - [2024-10-05T13:41:59.290-0400] {dag.py:3239} INFO - Sync 1 DAGs
[2024-10-05T13:41:59.614-0400] {logging_mixin.py:190} INFO - [2024-10-05T13:41:59.613-0400] {dag.py:4180} INFO - Setting next_dagrun for example_trigger_controller_dag to 2021-01-01 00:00:00+00:00, run_after=2021-01-01 00:00:00+00:00
[2024-10-05T13:42:00.401-0400] {processor.py:208} INFO - Processing /home/patrick/.cache/pypoetry/virtualenvs/airflow-wPbgcfzP-py3.10/lib/python3.10/site-packages/airflow/example_dags/example_trigger_controller_dag.py took 6.923 seconds
[2024-10-05T13:44:23.806-0400] {processor.py:186} INFO - Started process (PID=5268) to work on /home/patrick/.cache/pypoetry/virtualenvs/airflow-wPbgcfzP-py3.10/lib/python3.10/site-packages/airflow/example_dags/example_trigger_controller_dag.py
[2024-10-05T13:44:23.806-0400] {processor.py:914} INFO - Processing file /home/patrick/.cache/pypoetry/virtualenvs/airflow-wPbgcfzP-py3.10/lib/python3.10/site-packages/airflow/example_dags/example_trigger_controller_dag.py for tasks to queue
[2024-10-05T13:44:23.808-0400] {logging_mixin.py:190} INFO - [2024-10-05T13:44:23.808-0400] {dagbag.py:588} INFO - Filling up the DagBag from /home/patrick/.cache/pypoetry/virtualenvs/airflow-wPbgcfzP-py3.10/lib/python3.10/site-packages/airflow/example_dags/example_trigger_controller_dag.py
[2024-10-05T13:44:23.811-0400] {processor.py:925} INFO - DAG(s) 'example_trigger_controller_dag' retrieved from /home/patrick/.cache/pypoetry/virtualenvs/airflow-wPbgcfzP-py3.10/lib/python3.10/site-packages/airflow/example_dags/example_trigger_controller_dag.py
[2024-10-05T13:44:36.615-0400] {logging_mixin.py:190} INFO - [2024-10-05T13:44:36.614-0400] {dag.py:3239} INFO - Sync 1 DAGs
[2024-10-05T13:44:36.911-0400] {logging_mixin.py:190} INFO - [2024-10-05T13:44:36.911-0400] {dag.py:4180} INFO - Setting next_dagrun for example_trigger_controller_dag to 2021-01-01 00:00:00+00:00, run_after=2021-01-01 00:00:00+00:00
[2024-10-05T13:44:37.591-0400] {processor.py:208} INFO - Processing /home/patrick/.cache/pypoetry/virtualenvs/airflow-wPbgcfzP-py3.10/lib/python3.10/site-packages/airflow/example_dags/example_trigger_controller_dag.py took 13.789 seconds
[2024-10-05T13:47:42.026-0400] {processor.py:186} INFO - Started process (PID=6132) to work on /home/patrick/.cache/pypoetry/virtualenvs/airflow-wPbgcfzP-py3.10/lib/python3.10/site-packages/airflow/example_dags/example_trigger_controller_dag.py
[2024-10-05T13:47:42.027-0400] {processor.py:914} INFO - Processing file /home/patrick/.cache/pypoetry/virtualenvs/airflow-wPbgcfzP-py3.10/lib/python3.10/site-packages/airflow/example_dags/example_trigger_controller_dag.py for tasks to queue
[2024-10-05T13:47:42.028-0400] {logging_mixin.py:190} INFO - [2024-10-05T13:47:42.028-0400] {dagbag.py:588} INFO - Filling up the DagBag from /home/patrick/.cache/pypoetry/virtualenvs/airflow-wPbgcfzP-py3.10/lib/python3.10/site-packages/airflow/example_dags/example_trigger_controller_dag.py
[2024-10-05T13:47:42.032-0400] {processor.py:925} INFO - DAG(s) 'example_trigger_controller_dag' retrieved from /home/patrick/.cache/pypoetry/virtualenvs/airflow-wPbgcfzP-py3.10/lib/python3.10/site-packages/airflow/example_dags/example_trigger_controller_dag.py
[2024-10-05T13:47:45.144-0400] {logging_mixin.py:190} INFO - [2024-10-05T13:47:45.144-0400] {dag.py:3239} INFO - Sync 1 DAGs
[2024-10-05T13:47:45.474-0400] {logging_mixin.py:190} INFO - [2024-10-05T13:47:45.474-0400] {dag.py:4180} INFO - Setting next_dagrun for example_trigger_controller_dag to 2021-01-01 00:00:00+00:00, run_after=2021-01-01 00:00:00+00:00
[2024-10-05T13:47:46.145-0400] {processor.py:208} INFO - Processing /home/patrick/.cache/pypoetry/virtualenvs/airflow-wPbgcfzP-py3.10/lib/python3.10/site-packages/airflow/example_dags/example_trigger_controller_dag.py took 4.123 seconds
[2024-10-05T13:49:57.690-0400] {processor.py:186} INFO - Started process (PID=6713) to work on /home/patrick/.cache/pypoetry/virtualenvs/airflow-wPbgcfzP-py3.10/lib/python3.10/site-packages/airflow/example_dags/example_trigger_controller_dag.py
[2024-10-05T13:49:57.691-0400] {processor.py:914} INFO - Processing file /home/patrick/.cache/pypoetry/virtualenvs/airflow-wPbgcfzP-py3.10/lib/python3.10/site-packages/airflow/example_dags/example_trigger_controller_dag.py for tasks to queue
[2024-10-05T13:49:57.694-0400] {logging_mixin.py:190} INFO - [2024-10-05T13:49:57.693-0400] {dagbag.py:588} INFO - Filling up the DagBag from /home/patrick/.cache/pypoetry/virtualenvs/airflow-wPbgcfzP-py3.10/lib/python3.10/site-packages/airflow/example_dags/example_trigger_controller_dag.py
[2024-10-05T13:49:57.698-0400] {processor.py:925} INFO - DAG(s) 'example_trigger_controller_dag' retrieved from /home/patrick/.cache/pypoetry/virtualenvs/airflow-wPbgcfzP-py3.10/lib/python3.10/site-packages/airflow/example_dags/example_trigger_controller_dag.py
[2024-10-05T13:50:04.437-0400] {logging_mixin.py:190} INFO - [2024-10-05T13:50:04.437-0400] {dag.py:3239} INFO - Sync 1 DAGs
[2024-10-05T13:50:05.063-0400] {logging_mixin.py:190} INFO - [2024-10-05T13:50:05.063-0400] {dag.py:4180} INFO - Setting next_dagrun for example_trigger_controller_dag to 2021-01-01 00:00:00+00:00, run_after=2021-01-01 00:00:00+00:00
[2024-10-05T13:50:06.057-0400] {processor.py:208} INFO - Processing /home/patrick/.cache/pypoetry/virtualenvs/airflow-wPbgcfzP-py3.10/lib/python3.10/site-packages/airflow/example_dags/example_trigger_controller_dag.py took 8.370 seconds
[2024-10-05T13:52:02.118-0400] {processor.py:186} INFO - Started process (PID=7318) to work on /home/patrick/.cache/pypoetry/virtualenvs/airflow-wPbgcfzP-py3.10/lib/python3.10/site-packages/airflow/example_dags/example_trigger_controller_dag.py
[2024-10-05T13:52:02.119-0400] {processor.py:914} INFO - Processing file /home/patrick/.cache/pypoetry/virtualenvs/airflow-wPbgcfzP-py3.10/lib/python3.10/site-packages/airflow/example_dags/example_trigger_controller_dag.py for tasks to queue
[2024-10-05T13:52:02.121-0400] {logging_mixin.py:190} INFO - [2024-10-05T13:52:02.121-0400] {dagbag.py:588} INFO - Filling up the DagBag from /home/patrick/.cache/pypoetry/virtualenvs/airflow-wPbgcfzP-py3.10/lib/python3.10/site-packages/airflow/example_dags/example_trigger_controller_dag.py
[2024-10-05T13:52:02.124-0400] {processor.py:925} INFO - DAG(s) 'example_trigger_controller_dag' retrieved from /home/patrick/.cache/pypoetry/virtualenvs/airflow-wPbgcfzP-py3.10/lib/python3.10/site-packages/airflow/example_dags/example_trigger_controller_dag.py
[2024-10-05T13:52:05.522-0400] {logging_mixin.py:190} INFO - [2024-10-05T13:52:05.521-0400] {dag.py:3239} INFO - Sync 1 DAGs
[2024-10-05T13:52:05.815-0400] {logging_mixin.py:190} INFO - [2024-10-05T13:52:05.815-0400] {dag.py:4180} INFO - Setting next_dagrun for example_trigger_controller_dag to 2021-01-01 00:00:00+00:00, run_after=2021-01-01 00:00:00+00:00
[2024-10-05T13:52:06.567-0400] {processor.py:208} INFO - Processing /home/patrick/.cache/pypoetry/virtualenvs/airflow-wPbgcfzP-py3.10/lib/python3.10/site-packages/airflow/example_dags/example_trigger_controller_dag.py took 4.452 seconds
