[2024-10-05T13:30:23.341-0400] {processor.py:186} INFO - Started process (PID=1491) to work on /home/patrick/.cache/pypoetry/virtualenvs/airflow-wPbgcfzP-py3.10/lib/python3.10/site-packages/airflow/example_dags/example_dag_decorator.py
[2024-10-05T13:30:23.342-0400] {processor.py:914} INFO - Processing file /home/patrick/.cache/pypoetry/virtualenvs/airflow-wPbgcfzP-py3.10/lib/python3.10/site-packages/airflow/example_dags/example_dag_decorator.py for tasks to queue
[2024-10-05T13:30:23.344-0400] {logging_mixin.py:190} INFO - [2024-10-05T13:30:23.343-0400] {dagbag.py:588} INFO - Filling up the DagBag from /home/patrick/.cache/pypoetry/virtualenvs/airflow-wPbgcfzP-py3.10/lib/python3.10/site-packages/airflow/example_dags/example_dag_decorator.py
[2024-10-05T13:30:23.358-0400] {processor.py:925} INFO - DAG(s) 'example_dag_decorator' retrieved from /home/patrick/.cache/pypoetry/virtualenvs/airflow-wPbgcfzP-py3.10/lib/python3.10/site-packages/airflow/example_dags/example_dag_decorator.py
[2024-10-05T13:30:43.747-0400] {logging_mixin.py:190} INFO - [2024-10-05T13:30:43.747-0400] {dag.py:3239} INFO - Sync 1 DAGs
[2024-10-05T13:30:44.079-0400] {logging_mixin.py:190} INFO - [2024-10-05T13:30:44.079-0400] {dag.py:4180} INFO - Setting next_dagrun for example_dag_decorator to None, run_after=None
[2024-10-05T13:30:45.169-0400] {processor.py:208} INFO - Processing /home/patrick/.cache/pypoetry/virtualenvs/airflow-wPbgcfzP-py3.10/lib/python3.10/site-packages/airflow/example_dags/example_dag_decorator.py took 21.831 seconds
[2024-10-05T13:34:57.940-0400] {processor.py:186} INFO - Started process (PID=2718) to work on /home/patrick/.cache/pypoetry/virtualenvs/airflow-wPbgcfzP-py3.10/lib/python3.10/site-packages/airflow/example_dags/example_dag_decorator.py
[2024-10-05T13:34:57.941-0400] {processor.py:914} INFO - Processing file /home/patrick/.cache/pypoetry/virtualenvs/airflow-wPbgcfzP-py3.10/lib/python3.10/site-packages/airflow/example_dags/example_dag_decorator.py for tasks to queue
[2024-10-05T13:34:57.942-0400] {logging_mixin.py:190} INFO - [2024-10-05T13:34:57.942-0400] {dagbag.py:588} INFO - Filling up the DagBag from /home/patrick/.cache/pypoetry/virtualenvs/airflow-wPbgcfzP-py3.10/lib/python3.10/site-packages/airflow/example_dags/example_dag_decorator.py
[2024-10-05T13:34:57.950-0400] {processor.py:925} INFO - DAG(s) 'example_dag_decorator' retrieved from /home/patrick/.cache/pypoetry/virtualenvs/airflow-wPbgcfzP-py3.10/lib/python3.10/site-packages/airflow/example_dags/example_dag_decorator.py
[2024-10-05T13:35:04.584-0400] {logging_mixin.py:190} INFO - [2024-10-05T13:35:04.584-0400] {dag.py:3239} INFO - Sync 1 DAGs
[2024-10-05T13:35:04.906-0400] {logging_mixin.py:190} INFO - [2024-10-05T13:35:04.906-0400] {dag.py:4180} INFO - Setting next_dagrun for example_dag_decorator to None, run_after=None
[2024-10-05T13:35:06.108-0400] {processor.py:208} INFO - Processing /home/patrick/.cache/pypoetry/virtualenvs/airflow-wPbgcfzP-py3.10/lib/python3.10/site-packages/airflow/example_dags/example_dag_decorator.py took 8.171 seconds
[2024-10-05T13:39:56.984-0400] {processor.py:186} INFO - Started process (PID=4123) to work on /home/patrick/.cache/pypoetry/virtualenvs/airflow-wPbgcfzP-py3.10/lib/python3.10/site-packages/airflow/example_dags/example_dag_decorator.py
[2024-10-05T13:39:56.985-0400] {processor.py:914} INFO - Processing file /home/patrick/.cache/pypoetry/virtualenvs/airflow-wPbgcfzP-py3.10/lib/python3.10/site-packages/airflow/example_dags/example_dag_decorator.py for tasks to queue
[2024-10-05T13:39:56.987-0400] {logging_mixin.py:190} INFO - [2024-10-05T13:39:56.986-0400] {dagbag.py:588} INFO - Filling up the DagBag from /home/patrick/.cache/pypoetry/virtualenvs/airflow-wPbgcfzP-py3.10/lib/python3.10/site-packages/airflow/example_dags/example_dag_decorator.py
[2024-10-05T13:39:56.996-0400] {processor.py:925} INFO - DAG(s) 'example_dag_decorator' retrieved from /home/patrick/.cache/pypoetry/virtualenvs/airflow-wPbgcfzP-py3.10/lib/python3.10/site-packages/airflow/example_dags/example_dag_decorator.py
[2024-10-05T13:39:59.731-0400] {logging_mixin.py:190} INFO - [2024-10-05T13:39:59.730-0400] {dag.py:3239} INFO - Sync 1 DAGs
[2024-10-05T13:39:59.810-0400] {logging_mixin.py:190} INFO - [2024-10-05T13:39:59.809-0400] {dag.py:4180} INFO - Setting next_dagrun for example_dag_decorator to None, run_after=None
[2024-10-05T13:40:00.373-0400] {processor.py:208} INFO - Processing /home/patrick/.cache/pypoetry/virtualenvs/airflow-wPbgcfzP-py3.10/lib/python3.10/site-packages/airflow/example_dags/example_dag_decorator.py took 3.392 seconds
[2024-10-05T13:42:57.682-0400] {processor.py:186} INFO - Started process (PID=4893) to work on /home/patrick/.cache/pypoetry/virtualenvs/airflow-wPbgcfzP-py3.10/lib/python3.10/site-packages/airflow/example_dags/example_dag_decorator.py
[2024-10-05T13:42:57.682-0400] {processor.py:914} INFO - Processing file /home/patrick/.cache/pypoetry/virtualenvs/airflow-wPbgcfzP-py3.10/lib/python3.10/site-packages/airflow/example_dags/example_dag_decorator.py for tasks to queue
[2024-10-05T13:42:57.684-0400] {logging_mixin.py:190} INFO - [2024-10-05T13:42:57.683-0400] {dagbag.py:588} INFO - Filling up the DagBag from /home/patrick/.cache/pypoetry/virtualenvs/airflow-wPbgcfzP-py3.10/lib/python3.10/site-packages/airflow/example_dags/example_dag_decorator.py
[2024-10-05T13:42:57.691-0400] {processor.py:925} INFO - DAG(s) 'example_dag_decorator' retrieved from /home/patrick/.cache/pypoetry/virtualenvs/airflow-wPbgcfzP-py3.10/lib/python3.10/site-packages/airflow/example_dags/example_dag_decorator.py
[2024-10-05T13:43:04.046-0400] {logging_mixin.py:190} INFO - [2024-10-05T13:43:04.046-0400] {dag.py:3239} INFO - Sync 1 DAGs
[2024-10-05T13:43:04.122-0400] {logging_mixin.py:190} INFO - [2024-10-05T13:43:04.122-0400] {dag.py:4180} INFO - Setting next_dagrun for example_dag_decorator to None, run_after=None
[2024-10-05T13:43:04.883-0400] {processor.py:208} INFO - Processing /home/patrick/.cache/pypoetry/virtualenvs/airflow-wPbgcfzP-py3.10/lib/python3.10/site-packages/airflow/example_dags/example_dag_decorator.py took 7.205 seconds
[2024-10-05T13:46:22.906-0400] {processor.py:186} INFO - Started process (PID=5785) to work on /home/patrick/.cache/pypoetry/virtualenvs/airflow-wPbgcfzP-py3.10/lib/python3.10/site-packages/airflow/example_dags/example_dag_decorator.py
[2024-10-05T13:46:22.907-0400] {processor.py:914} INFO - Processing file /home/patrick/.cache/pypoetry/virtualenvs/airflow-wPbgcfzP-py3.10/lib/python3.10/site-packages/airflow/example_dags/example_dag_decorator.py for tasks to queue
[2024-10-05T13:46:22.908-0400] {logging_mixin.py:190} INFO - [2024-10-05T13:46:22.908-0400] {dagbag.py:588} INFO - Filling up the DagBag from /home/patrick/.cache/pypoetry/virtualenvs/airflow-wPbgcfzP-py3.10/lib/python3.10/site-packages/airflow/example_dags/example_dag_decorator.py
[2024-10-05T13:46:22.914-0400] {processor.py:925} INFO - DAG(s) 'example_dag_decorator' retrieved from /home/patrick/.cache/pypoetry/virtualenvs/airflow-wPbgcfzP-py3.10/lib/python3.10/site-packages/airflow/example_dags/example_dag_decorator.py
[2024-10-05T13:46:35.125-0400] {logging_mixin.py:190} INFO - [2024-10-05T13:46:35.124-0400] {dag.py:3239} INFO - Sync 1 DAGs
[2024-10-05T13:46:35.208-0400] {logging_mixin.py:190} INFO - [2024-10-05T13:46:35.208-0400] {dag.py:4180} INFO - Setting next_dagrun for example_dag_decorator to None, run_after=None
[2024-10-05T13:46:35.924-0400] {processor.py:208} INFO - Processing /home/patrick/.cache/pypoetry/virtualenvs/airflow-wPbgcfzP-py3.10/lib/python3.10/site-packages/airflow/example_dags/example_dag_decorator.py took 13.021 seconds
[2024-10-05T13:50:45.546-0400] {processor.py:186} INFO - Started process (PID=6915) to work on /home/patrick/.cache/pypoetry/virtualenvs/airflow-wPbgcfzP-py3.10/lib/python3.10/site-packages/airflow/example_dags/example_dag_decorator.py
[2024-10-05T13:50:45.546-0400] {processor.py:914} INFO - Processing file /home/patrick/.cache/pypoetry/virtualenvs/airflow-wPbgcfzP-py3.10/lib/python3.10/site-packages/airflow/example_dags/example_dag_decorator.py for tasks to queue
[2024-10-05T13:50:45.548-0400] {logging_mixin.py:190} INFO - [2024-10-05T13:50:45.548-0400] {dagbag.py:588} INFO - Filling up the DagBag from /home/patrick/.cache/pypoetry/virtualenvs/airflow-wPbgcfzP-py3.10/lib/python3.10/site-packages/airflow/example_dags/example_dag_decorator.py
[2024-10-05T13:50:45.555-0400] {processor.py:925} INFO - DAG(s) 'example_dag_decorator' retrieved from /home/patrick/.cache/pypoetry/virtualenvs/airflow-wPbgcfzP-py3.10/lib/python3.10/site-packages/airflow/example_dags/example_dag_decorator.py
[2024-10-05T13:50:48.999-0400] {logging_mixin.py:190} INFO - [2024-10-05T13:50:48.998-0400] {dag.py:3239} INFO - Sync 1 DAGs
[2024-10-05T13:50:49.371-0400] {logging_mixin.py:190} INFO - [2024-10-05T13:50:49.371-0400] {dag.py:4180} INFO - Setting next_dagrun for example_dag_decorator to None, run_after=None
[2024-10-05T13:50:50.379-0400] {processor.py:208} INFO - Processing /home/patrick/.cache/pypoetry/virtualenvs/airflow-wPbgcfzP-py3.10/lib/python3.10/site-packages/airflow/example_dags/example_dag_decorator.py took 4.837 seconds
