[2024-10-05T13:29:35.222-0400] {processor.py:186} INFO - Started process (PID=1260) to work on /home/patrick/.cache/pypoetry/virtualenvs/airflow-wPbgcfzP-py3.10/lib/python3.10/site-packages/airflow/example_dags/example_trigger_target_dag.py
[2024-10-05T13:29:35.223-0400] {processor.py:914} INFO - Processing file /home/patrick/.cache/pypoetry/virtualenvs/airflow-wPbgcfzP-py3.10/lib/python3.10/site-packages/airflow/example_dags/example_trigger_target_dag.py for tasks to queue
[2024-10-05T13:29:35.225-0400] {logging_mixin.py:190} INFO - [2024-10-05T13:29:35.225-0400] {dagbag.py:588} INFO - Filling up the DagBag from /home/patrick/.cache/pypoetry/virtualenvs/airflow-wPbgcfzP-py3.10/lib/python3.10/site-packages/airflow/example_dags/example_trigger_target_dag.py
[2024-10-05T13:29:35.230-0400] {processor.py:925} INFO - DAG(s) 'example_trigger_target_dag' retrieved from /home/patrick/.cache/pypoetry/virtualenvs/airflow-wPbgcfzP-py3.10/lib/python3.10/site-packages/airflow/example_dags/example_trigger_target_dag.py
[2024-10-05T13:29:38.374-0400] {logging_mixin.py:190} INFO - [2024-10-05T13:29:38.373-0400] {dag.py:3239} INFO - Sync 1 DAGs
[2024-10-05T13:29:38.611-0400] {logging_mixin.py:190} INFO - [2024-10-05T13:29:38.611-0400] {dag.py:4180} INFO - Setting next_dagrun for example_trigger_target_dag to None, run_after=None
[2024-10-05T13:29:39.447-0400] {processor.py:208} INFO - Processing /home/patrick/.cache/pypoetry/virtualenvs/airflow-wPbgcfzP-py3.10/lib/python3.10/site-packages/airflow/example_dags/example_trigger_target_dag.py took 4.229 seconds
[2024-10-05T13:34:26.039-0400] {processor.py:186} INFO - Started process (PID=2573) to work on /home/patrick/.cache/pypoetry/virtualenvs/airflow-wPbgcfzP-py3.10/lib/python3.10/site-packages/airflow/example_dags/example_trigger_target_dag.py
[2024-10-05T13:34:26.041-0400] {processor.py:914} INFO - Processing file /home/patrick/.cache/pypoetry/virtualenvs/airflow-wPbgcfzP-py3.10/lib/python3.10/site-packages/airflow/example_dags/example_trigger_target_dag.py for tasks to queue
[2024-10-05T13:34:26.042-0400] {logging_mixin.py:190} INFO - [2024-10-05T13:34:26.042-0400] {dagbag.py:588} INFO - Filling up the DagBag from /home/patrick/.cache/pypoetry/virtualenvs/airflow-wPbgcfzP-py3.10/lib/python3.10/site-packages/airflow/example_dags/example_trigger_target_dag.py
[2024-10-05T13:34:26.047-0400] {processor.py:925} INFO - DAG(s) 'example_trigger_target_dag' retrieved from /home/patrick/.cache/pypoetry/virtualenvs/airflow-wPbgcfzP-py3.10/lib/python3.10/site-packages/airflow/example_dags/example_trigger_target_dag.py
[2024-10-05T13:34:34.313-0400] {logging_mixin.py:190} INFO - [2024-10-05T13:34:34.313-0400] {dag.py:3239} INFO - Sync 1 DAGs
[2024-10-05T13:34:34.567-0400] {logging_mixin.py:190} INFO - [2024-10-05T13:34:34.567-0400] {dag.py:4180} INFO - Setting next_dagrun for example_trigger_target_dag to None, run_after=None
[2024-10-05T13:34:35.527-0400] {processor.py:208} INFO - Processing /home/patrick/.cache/pypoetry/virtualenvs/airflow-wPbgcfzP-py3.10/lib/python3.10/site-packages/airflow/example_dags/example_trigger_target_dag.py took 9.491 seconds
[2024-10-05T13:37:15.976-0400] {processor.py:186} INFO - Started process (PID=3405) to work on /home/patrick/.cache/pypoetry/virtualenvs/airflow-wPbgcfzP-py3.10/lib/python3.10/site-packages/airflow/example_dags/example_trigger_target_dag.py
[2024-10-05T13:37:15.977-0400] {processor.py:914} INFO - Processing file /home/patrick/.cache/pypoetry/virtualenvs/airflow-wPbgcfzP-py3.10/lib/python3.10/site-packages/airflow/example_dags/example_trigger_target_dag.py for tasks to queue
[2024-10-05T13:37:15.979-0400] {logging_mixin.py:190} INFO - [2024-10-05T13:37:15.979-0400] {dagbag.py:588} INFO - Filling up the DagBag from /home/patrick/.cache/pypoetry/virtualenvs/airflow-wPbgcfzP-py3.10/lib/python3.10/site-packages/airflow/example_dags/example_trigger_target_dag.py
[2024-10-05T13:37:15.985-0400] {processor.py:925} INFO - DAG(s) 'example_trigger_target_dag' retrieved from /home/patrick/.cache/pypoetry/virtualenvs/airflow-wPbgcfzP-py3.10/lib/python3.10/site-packages/airflow/example_dags/example_trigger_target_dag.py
[2024-10-05T13:37:19.316-0400] {logging_mixin.py:190} INFO - [2024-10-05T13:37:19.316-0400] {dag.py:3239} INFO - Sync 1 DAGs
[2024-10-05T13:37:19.455-0400] {logging_mixin.py:190} INFO - [2024-10-05T13:37:19.455-0400] {dag.py:4180} INFO - Setting next_dagrun for example_trigger_target_dag to None, run_after=None
[2024-10-05T13:37:20.301-0400] {processor.py:208} INFO - Processing /home/patrick/.cache/pypoetry/virtualenvs/airflow-wPbgcfzP-py3.10/lib/python3.10/site-packages/airflow/example_dags/example_trigger_target_dag.py took 4.328 seconds
[2024-10-05T13:39:48.922-0400] {processor.py:186} INFO - Started process (PID=4088) to work on /home/patrick/.cache/pypoetry/virtualenvs/airflow-wPbgcfzP-py3.10/lib/python3.10/site-packages/airflow/example_dags/example_trigger_target_dag.py
[2024-10-05T13:39:48.922-0400] {processor.py:914} INFO - Processing file /home/patrick/.cache/pypoetry/virtualenvs/airflow-wPbgcfzP-py3.10/lib/python3.10/site-packages/airflow/example_dags/example_trigger_target_dag.py for tasks to queue
[2024-10-05T13:39:48.924-0400] {logging_mixin.py:190} INFO - [2024-10-05T13:39:48.923-0400] {dagbag.py:588} INFO - Filling up the DagBag from /home/patrick/.cache/pypoetry/virtualenvs/airflow-wPbgcfzP-py3.10/lib/python3.10/site-packages/airflow/example_dags/example_trigger_target_dag.py
[2024-10-05T13:39:48.928-0400] {processor.py:925} INFO - DAG(s) 'example_trigger_target_dag' retrieved from /home/patrick/.cache/pypoetry/virtualenvs/airflow-wPbgcfzP-py3.10/lib/python3.10/site-packages/airflow/example_dags/example_trigger_target_dag.py
[2024-10-05T13:39:52.909-0400] {logging_mixin.py:190} INFO - [2024-10-05T13:39:52.909-0400] {dag.py:3239} INFO - Sync 1 DAGs
[2024-10-05T13:39:53.066-0400] {logging_mixin.py:190} INFO - [2024-10-05T13:39:53.066-0400] {dag.py:4180} INFO - Setting next_dagrun for example_trigger_target_dag to None, run_after=None
[2024-10-05T13:39:53.730-0400] {processor.py:208} INFO - Processing /home/patrick/.cache/pypoetry/virtualenvs/airflow-wPbgcfzP-py3.10/lib/python3.10/site-packages/airflow/example_dags/example_trigger_target_dag.py took 4.812 seconds
[2024-10-05T13:42:00.818-0400] {processor.py:186} INFO - Started process (PID=4656) to work on /home/patrick/.cache/pypoetry/virtualenvs/airflow-wPbgcfzP-py3.10/lib/python3.10/site-packages/airflow/example_dags/example_trigger_target_dag.py
[2024-10-05T13:42:00.819-0400] {processor.py:914} INFO - Processing file /home/patrick/.cache/pypoetry/virtualenvs/airflow-wPbgcfzP-py3.10/lib/python3.10/site-packages/airflow/example_dags/example_trigger_target_dag.py for tasks to queue
[2024-10-05T13:42:00.820-0400] {logging_mixin.py:190} INFO - [2024-10-05T13:42:00.820-0400] {dagbag.py:588} INFO - Filling up the DagBag from /home/patrick/.cache/pypoetry/virtualenvs/airflow-wPbgcfzP-py3.10/lib/python3.10/site-packages/airflow/example_dags/example_trigger_target_dag.py
[2024-10-05T13:42:00.824-0400] {processor.py:925} INFO - DAG(s) 'example_trigger_target_dag' retrieved from /home/patrick/.cache/pypoetry/virtualenvs/airflow-wPbgcfzP-py3.10/lib/python3.10/site-packages/airflow/example_dags/example_trigger_target_dag.py
[2024-10-05T13:42:07.311-0400] {logging_mixin.py:190} INFO - [2024-10-05T13:42:07.311-0400] {dag.py:3239} INFO - Sync 1 DAGs
[2024-10-05T13:42:07.508-0400] {logging_mixin.py:190} INFO - [2024-10-05T13:42:07.507-0400] {dag.py:4180} INFO - Setting next_dagrun for example_trigger_target_dag to None, run_after=None
[2024-10-05T13:42:08.161-0400] {processor.py:208} INFO - Processing /home/patrick/.cache/pypoetry/virtualenvs/airflow-wPbgcfzP-py3.10/lib/python3.10/site-packages/airflow/example_dags/example_trigger_target_dag.py took 7.347 seconds
[2024-10-05T13:44:38.690-0400] {processor.py:186} INFO - Started process (PID=5328) to work on /home/patrick/.cache/pypoetry/virtualenvs/airflow-wPbgcfzP-py3.10/lib/python3.10/site-packages/airflow/example_dags/example_trigger_target_dag.py
[2024-10-05T13:44:38.691-0400] {processor.py:914} INFO - Processing file /home/patrick/.cache/pypoetry/virtualenvs/airflow-wPbgcfzP-py3.10/lib/python3.10/site-packages/airflow/example_dags/example_trigger_target_dag.py for tasks to queue
[2024-10-05T13:44:38.692-0400] {logging_mixin.py:190} INFO - [2024-10-05T13:44:38.692-0400] {dagbag.py:588} INFO - Filling up the DagBag from /home/patrick/.cache/pypoetry/virtualenvs/airflow-wPbgcfzP-py3.10/lib/python3.10/site-packages/airflow/example_dags/example_trigger_target_dag.py
[2024-10-05T13:44:38.696-0400] {processor.py:925} INFO - DAG(s) 'example_trigger_target_dag' retrieved from /home/patrick/.cache/pypoetry/virtualenvs/airflow-wPbgcfzP-py3.10/lib/python3.10/site-packages/airflow/example_dags/example_trigger_target_dag.py
[2024-10-05T13:44:41.157-0400] {logging_mixin.py:190} INFO - [2024-10-05T13:44:41.157-0400] {dag.py:3239} INFO - Sync 1 DAGs
[2024-10-05T13:44:41.216-0400] {logging_mixin.py:190} INFO - [2024-10-05T13:44:41.216-0400] {dag.py:4180} INFO - Setting next_dagrun for example_trigger_target_dag to None, run_after=None
[2024-10-05T13:44:41.712-0400] {processor.py:208} INFO - Processing /home/patrick/.cache/pypoetry/virtualenvs/airflow-wPbgcfzP-py3.10/lib/python3.10/site-packages/airflow/example_dags/example_trigger_target_dag.py took 3.026 seconds
[2024-10-05T13:47:46.567-0400] {processor.py:186} INFO - Started process (PID=6152) to work on /home/patrick/.cache/pypoetry/virtualenvs/airflow-wPbgcfzP-py3.10/lib/python3.10/site-packages/airflow/example_dags/example_trigger_target_dag.py
[2024-10-05T13:47:46.567-0400] {processor.py:914} INFO - Processing file /home/patrick/.cache/pypoetry/virtualenvs/airflow-wPbgcfzP-py3.10/lib/python3.10/site-packages/airflow/example_dags/example_trigger_target_dag.py for tasks to queue
[2024-10-05T13:47:46.569-0400] {logging_mixin.py:190} INFO - [2024-10-05T13:47:46.569-0400] {dagbag.py:588} INFO - Filling up the DagBag from /home/patrick/.cache/pypoetry/virtualenvs/airflow-wPbgcfzP-py3.10/lib/python3.10/site-packages/airflow/example_dags/example_trigger_target_dag.py
[2024-10-05T13:47:46.574-0400] {processor.py:925} INFO - DAG(s) 'example_trigger_target_dag' retrieved from /home/patrick/.cache/pypoetry/virtualenvs/airflow-wPbgcfzP-py3.10/lib/python3.10/site-packages/airflow/example_dags/example_trigger_target_dag.py
[2024-10-05T13:47:49.039-0400] {logging_mixin.py:190} INFO - [2024-10-05T13:47:49.039-0400] {dag.py:3239} INFO - Sync 1 DAGs
[2024-10-05T13:47:49.171-0400] {logging_mixin.py:190} INFO - [2024-10-05T13:47:49.170-0400] {dag.py:4180} INFO - Setting next_dagrun for example_trigger_target_dag to None, run_after=None
[2024-10-05T13:47:49.829-0400] {processor.py:208} INFO - Processing /home/patrick/.cache/pypoetry/virtualenvs/airflow-wPbgcfzP-py3.10/lib/python3.10/site-packages/airflow/example_dags/example_trigger_target_dag.py took 3.265 seconds
[2024-10-05T13:50:06.538-0400] {processor.py:186} INFO - Started process (PID=6750) to work on /home/patrick/.cache/pypoetry/virtualenvs/airflow-wPbgcfzP-py3.10/lib/python3.10/site-packages/airflow/example_dags/example_trigger_target_dag.py
[2024-10-05T13:50:06.539-0400] {processor.py:914} INFO - Processing file /home/patrick/.cache/pypoetry/virtualenvs/airflow-wPbgcfzP-py3.10/lib/python3.10/site-packages/airflow/example_dags/example_trigger_target_dag.py for tasks to queue
[2024-10-05T13:50:06.540-0400] {logging_mixin.py:190} INFO - [2024-10-05T13:50:06.540-0400] {dagbag.py:588} INFO - Filling up the DagBag from /home/patrick/.cache/pypoetry/virtualenvs/airflow-wPbgcfzP-py3.10/lib/python3.10/site-packages/airflow/example_dags/example_trigger_target_dag.py
[2024-10-05T13:50:06.545-0400] {processor.py:925} INFO - DAG(s) 'example_trigger_target_dag' retrieved from /home/patrick/.cache/pypoetry/virtualenvs/airflow-wPbgcfzP-py3.10/lib/python3.10/site-packages/airflow/example_dags/example_trigger_target_dag.py
[2024-10-05T13:50:14.670-0400] {logging_mixin.py:190} INFO - [2024-10-05T13:50:14.670-0400] {dag.py:3239} INFO - Sync 1 DAGs
[2024-10-05T13:50:14.820-0400] {logging_mixin.py:190} INFO - [2024-10-05T13:50:14.819-0400] {dag.py:4180} INFO - Setting next_dagrun for example_trigger_target_dag to None, run_after=None
[2024-10-05T13:50:15.539-0400] {processor.py:208} INFO - Processing /home/patrick/.cache/pypoetry/virtualenvs/airflow-wPbgcfzP-py3.10/lib/python3.10/site-packages/airflow/example_dags/example_trigger_target_dag.py took 9.005 seconds
[2024-10-05T13:52:07.605-0400] {processor.py:186} INFO - Started process (PID=7342) to work on /home/patrick/.cache/pypoetry/virtualenvs/airflow-wPbgcfzP-py3.10/lib/python3.10/site-packages/airflow/example_dags/example_trigger_target_dag.py
[2024-10-05T13:52:07.607-0400] {processor.py:914} INFO - Processing file /home/patrick/.cache/pypoetry/virtualenvs/airflow-wPbgcfzP-py3.10/lib/python3.10/site-packages/airflow/example_dags/example_trigger_target_dag.py for tasks to queue
[2024-10-05T13:52:07.608-0400] {logging_mixin.py:190} INFO - [2024-10-05T13:52:07.608-0400] {dagbag.py:588} INFO - Filling up the DagBag from /home/patrick/.cache/pypoetry/virtualenvs/airflow-wPbgcfzP-py3.10/lib/python3.10/site-packages/airflow/example_dags/example_trigger_target_dag.py
[2024-10-05T13:52:07.613-0400] {processor.py:925} INFO - DAG(s) 'example_trigger_target_dag' retrieved from /home/patrick/.cache/pypoetry/virtualenvs/airflow-wPbgcfzP-py3.10/lib/python3.10/site-packages/airflow/example_dags/example_trigger_target_dag.py
[2024-10-05T13:52:16.339-0400] {logging_mixin.py:190} INFO - [2024-10-05T13:52:16.339-0400] {dag.py:3239} INFO - Sync 1 DAGs
[2024-10-05T13:52:16.891-0400] {logging_mixin.py:190} INFO - [2024-10-05T13:52:16.891-0400] {dag.py:4180} INFO - Setting next_dagrun for example_trigger_target_dag to None, run_after=None
[2024-10-05T13:52:17.812-0400] {processor.py:208} INFO - Processing /home/patrick/.cache/pypoetry/virtualenvs/airflow-wPbgcfzP-py3.10/lib/python3.10/site-packages/airflow/example_dags/example_trigger_target_dag.py took 10.210 seconds
