[2024-10-05T13:29:19.516-0400] {processor.py:186} INFO - Started process (PID=1192) to work on /home/patrick/.cache/pypoetry/virtualenvs/airflow-wPbgcfzP-py3.10/lib/python3.10/site-packages/airflow/example_dags/example_time_delta_sensor_async.py
[2024-10-05T13:29:19.517-0400] {processor.py:914} INFO - Processing file /home/patrick/.cache/pypoetry/virtualenvs/airflow-wPbgcfzP-py3.10/lib/python3.10/site-packages/airflow/example_dags/example_time_delta_sensor_async.py for tasks to queue
[2024-10-05T13:29:19.519-0400] {logging_mixin.py:190} INFO - [2024-10-05T13:29:19.519-0400] {dagbag.py:588} INFO - Filling up the DagBag from /home/patrick/.cache/pypoetry/virtualenvs/airflow-wPbgcfzP-py3.10/lib/python3.10/site-packages/airflow/example_dags/example_time_delta_sensor_async.py
[2024-10-05T13:29:19.526-0400] {processor.py:925} INFO - DAG(s) 'example_time_delta_sensor_async' retrieved from /home/patrick/.cache/pypoetry/virtualenvs/airflow-wPbgcfzP-py3.10/lib/python3.10/site-packages/airflow/example_dags/example_time_delta_sensor_async.py
[2024-10-05T13:29:24.513-0400] {logging_mixin.py:190} INFO - [2024-10-05T13:29:24.513-0400] {dag.py:3239} INFO - Sync 1 DAGs
[2024-10-05T13:29:24.662-0400] {logging_mixin.py:190} INFO - [2024-10-05T13:29:24.661-0400] {dag.py:4180} INFO - Setting next_dagrun for example_time_delta_sensor_async to None, run_after=None
[2024-10-05T13:29:25.306-0400] {processor.py:208} INFO - Processing /home/patrick/.cache/pypoetry/virtualenvs/airflow-wPbgcfzP-py3.10/lib/python3.10/site-packages/airflow/example_dags/example_time_delta_sensor_async.py took 5.793 seconds
[2024-10-05T13:34:01.232-0400] {processor.py:186} INFO - Started process (PID=2466) to work on /home/patrick/.cache/pypoetry/virtualenvs/airflow-wPbgcfzP-py3.10/lib/python3.10/site-packages/airflow/example_dags/example_time_delta_sensor_async.py
[2024-10-05T13:34:01.233-0400] {processor.py:914} INFO - Processing file /home/patrick/.cache/pypoetry/virtualenvs/airflow-wPbgcfzP-py3.10/lib/python3.10/site-packages/airflow/example_dags/example_time_delta_sensor_async.py for tasks to queue
[2024-10-05T13:34:01.235-0400] {logging_mixin.py:190} INFO - [2024-10-05T13:34:01.235-0400] {dagbag.py:588} INFO - Filling up the DagBag from /home/patrick/.cache/pypoetry/virtualenvs/airflow-wPbgcfzP-py3.10/lib/python3.10/site-packages/airflow/example_dags/example_time_delta_sensor_async.py
[2024-10-05T13:34:01.239-0400] {processor.py:925} INFO - DAG(s) 'example_time_delta_sensor_async' retrieved from /home/patrick/.cache/pypoetry/virtualenvs/airflow-wPbgcfzP-py3.10/lib/python3.10/site-packages/airflow/example_dags/example_time_delta_sensor_async.py
[2024-10-05T13:34:11.872-0400] {logging_mixin.py:190} INFO - [2024-10-05T13:34:11.871-0400] {dag.py:3239} INFO - Sync 1 DAGs
[2024-10-05T13:34:12.257-0400] {logging_mixin.py:190} INFO - [2024-10-05T13:34:12.257-0400] {dag.py:4180} INFO - Setting next_dagrun for example_time_delta_sensor_async to None, run_after=None
[2024-10-05T13:34:13.475-0400] {processor.py:208} INFO - Processing /home/patrick/.cache/pypoetry/virtualenvs/airflow-wPbgcfzP-py3.10/lib/python3.10/site-packages/airflow/example_dags/example_time_delta_sensor_async.py took 12.247 seconds
[2024-10-05T13:36:57.785-0400] {processor.py:186} INFO - Started process (PID=3327) to work on /home/patrick/.cache/pypoetry/virtualenvs/airflow-wPbgcfzP-py3.10/lib/python3.10/site-packages/airflow/example_dags/example_time_delta_sensor_async.py
[2024-10-05T13:36:57.786-0400] {processor.py:914} INFO - Processing file /home/patrick/.cache/pypoetry/virtualenvs/airflow-wPbgcfzP-py3.10/lib/python3.10/site-packages/airflow/example_dags/example_time_delta_sensor_async.py for tasks to queue
[2024-10-05T13:36:57.787-0400] {logging_mixin.py:190} INFO - [2024-10-05T13:36:57.787-0400] {dagbag.py:588} INFO - Filling up the DagBag from /home/patrick/.cache/pypoetry/virtualenvs/airflow-wPbgcfzP-py3.10/lib/python3.10/site-packages/airflow/example_dags/example_time_delta_sensor_async.py
[2024-10-05T13:36:57.791-0400] {processor.py:925} INFO - DAG(s) 'example_time_delta_sensor_async' retrieved from /home/patrick/.cache/pypoetry/virtualenvs/airflow-wPbgcfzP-py3.10/lib/python3.10/site-packages/airflow/example_dags/example_time_delta_sensor_async.py
[2024-10-05T13:37:03.662-0400] {logging_mixin.py:190} INFO - [2024-10-05T13:37:03.662-0400] {dag.py:3239} INFO - Sync 1 DAGs
[2024-10-05T13:37:03.759-0400] {logging_mixin.py:190} INFO - [2024-10-05T13:37:03.758-0400] {dag.py:4180} INFO - Setting next_dagrun for example_time_delta_sensor_async to None, run_after=None
[2024-10-05T13:37:04.469-0400] {processor.py:208} INFO - Processing /home/patrick/.cache/pypoetry/virtualenvs/airflow-wPbgcfzP-py3.10/lib/python3.10/site-packages/airflow/example_dags/example_time_delta_sensor_async.py took 6.688 seconds
[2024-10-05T13:39:35.660-0400] {processor.py:186} INFO - Started process (PID=4031) to work on /home/patrick/.cache/pypoetry/virtualenvs/airflow-wPbgcfzP-py3.10/lib/python3.10/site-packages/airflow/example_dags/example_time_delta_sensor_async.py
[2024-10-05T13:39:35.661-0400] {processor.py:914} INFO - Processing file /home/patrick/.cache/pypoetry/virtualenvs/airflow-wPbgcfzP-py3.10/lib/python3.10/site-packages/airflow/example_dags/example_time_delta_sensor_async.py for tasks to queue
[2024-10-05T13:39:35.662-0400] {logging_mixin.py:190} INFO - [2024-10-05T13:39:35.662-0400] {dagbag.py:588} INFO - Filling up the DagBag from /home/patrick/.cache/pypoetry/virtualenvs/airflow-wPbgcfzP-py3.10/lib/python3.10/site-packages/airflow/example_dags/example_time_delta_sensor_async.py
[2024-10-05T13:39:35.666-0400] {processor.py:925} INFO - DAG(s) 'example_time_delta_sensor_async' retrieved from /home/patrick/.cache/pypoetry/virtualenvs/airflow-wPbgcfzP-py3.10/lib/python3.10/site-packages/airflow/example_dags/example_time_delta_sensor_async.py
[2024-10-05T13:39:38.546-0400] {logging_mixin.py:190} INFO - [2024-10-05T13:39:38.546-0400] {dag.py:3239} INFO - Sync 1 DAGs
[2024-10-05T13:39:38.789-0400] {logging_mixin.py:190} INFO - [2024-10-05T13:39:38.789-0400] {dag.py:4180} INFO - Setting next_dagrun for example_time_delta_sensor_async to None, run_after=None
[2024-10-05T13:39:39.448-0400] {processor.py:208} INFO - Processing /home/patrick/.cache/pypoetry/virtualenvs/airflow-wPbgcfzP-py3.10/lib/python3.10/site-packages/airflow/example_dags/example_time_delta_sensor_async.py took 3.791 seconds
[2024-10-05T13:41:47.440-0400] {processor.py:186} INFO - Started process (PID=4599) to work on /home/patrick/.cache/pypoetry/virtualenvs/airflow-wPbgcfzP-py3.10/lib/python3.10/site-packages/airflow/example_dags/example_time_delta_sensor_async.py
[2024-10-05T13:41:47.441-0400] {processor.py:914} INFO - Processing file /home/patrick/.cache/pypoetry/virtualenvs/airflow-wPbgcfzP-py3.10/lib/python3.10/site-packages/airflow/example_dags/example_time_delta_sensor_async.py for tasks to queue
[2024-10-05T13:41:47.442-0400] {logging_mixin.py:190} INFO - [2024-10-05T13:41:47.442-0400] {dagbag.py:588} INFO - Filling up the DagBag from /home/patrick/.cache/pypoetry/virtualenvs/airflow-wPbgcfzP-py3.10/lib/python3.10/site-packages/airflow/example_dags/example_time_delta_sensor_async.py
[2024-10-05T13:41:47.446-0400] {processor.py:925} INFO - DAG(s) 'example_time_delta_sensor_async' retrieved from /home/patrick/.cache/pypoetry/virtualenvs/airflow-wPbgcfzP-py3.10/lib/python3.10/site-packages/airflow/example_dags/example_time_delta_sensor_async.py
[2024-10-05T13:41:48.950-0400] {logging_mixin.py:190} INFO - [2024-10-05T13:41:48.949-0400] {dag.py:3239} INFO - Sync 1 DAGs
[2024-10-05T13:41:49.091-0400] {logging_mixin.py:190} INFO - [2024-10-05T13:41:49.090-0400] {dag.py:4180} INFO - Setting next_dagrun for example_time_delta_sensor_async to None, run_after=None
[2024-10-05T13:41:49.656-0400] {processor.py:208} INFO - Processing /home/patrick/.cache/pypoetry/virtualenvs/airflow-wPbgcfzP-py3.10/lib/python3.10/site-packages/airflow/example_dags/example_time_delta_sensor_async.py took 2.220 seconds
[2024-10-05T13:44:08.761-0400] {processor.py:186} INFO - Started process (PID=5206) to work on /home/patrick/.cache/pypoetry/virtualenvs/airflow-wPbgcfzP-py3.10/lib/python3.10/site-packages/airflow/example_dags/example_time_delta_sensor_async.py
[2024-10-05T13:44:08.763-0400] {processor.py:914} INFO - Processing file /home/patrick/.cache/pypoetry/virtualenvs/airflow-wPbgcfzP-py3.10/lib/python3.10/site-packages/airflow/example_dags/example_time_delta_sensor_async.py for tasks to queue
[2024-10-05T13:44:08.764-0400] {logging_mixin.py:190} INFO - [2024-10-05T13:44:08.764-0400] {dagbag.py:588} INFO - Filling up the DagBag from /home/patrick/.cache/pypoetry/virtualenvs/airflow-wPbgcfzP-py3.10/lib/python3.10/site-packages/airflow/example_dags/example_time_delta_sensor_async.py
[2024-10-05T13:44:08.768-0400] {processor.py:925} INFO - DAG(s) 'example_time_delta_sensor_async' retrieved from /home/patrick/.cache/pypoetry/virtualenvs/airflow-wPbgcfzP-py3.10/lib/python3.10/site-packages/airflow/example_dags/example_time_delta_sensor_async.py
[2024-10-05T13:44:13.437-0400] {logging_mixin.py:190} INFO - [2024-10-05T13:44:13.436-0400] {dag.py:3239} INFO - Sync 1 DAGs
[2024-10-05T13:44:13.596-0400] {logging_mixin.py:190} INFO - [2024-10-05T13:44:13.595-0400] {dag.py:4180} INFO - Setting next_dagrun for example_time_delta_sensor_async to None, run_after=None
[2024-10-05T13:44:14.231-0400] {processor.py:208} INFO - Processing /home/patrick/.cache/pypoetry/virtualenvs/airflow-wPbgcfzP-py3.10/lib/python3.10/site-packages/airflow/example_dags/example_time_delta_sensor_async.py took 5.472 seconds
[2024-10-05T13:45:57.945-0400] {processor.py:186} INFO - Started process (PID=5680) to work on /home/patrick/.cache/pypoetry/virtualenvs/airflow-wPbgcfzP-py3.10/lib/python3.10/site-packages/airflow/example_dags/example_time_delta_sensor_async.py
[2024-10-05T13:45:57.946-0400] {processor.py:914} INFO - Processing file /home/patrick/.cache/pypoetry/virtualenvs/airflow-wPbgcfzP-py3.10/lib/python3.10/site-packages/airflow/example_dags/example_time_delta_sensor_async.py for tasks to queue
[2024-10-05T13:45:57.947-0400] {logging_mixin.py:190} INFO - [2024-10-05T13:45:57.947-0400] {dagbag.py:588} INFO - Filling up the DagBag from /home/patrick/.cache/pypoetry/virtualenvs/airflow-wPbgcfzP-py3.10/lib/python3.10/site-packages/airflow/example_dags/example_time_delta_sensor_async.py
[2024-10-05T13:45:57.951-0400] {processor.py:925} INFO - DAG(s) 'example_time_delta_sensor_async' retrieved from /home/patrick/.cache/pypoetry/virtualenvs/airflow-wPbgcfzP-py3.10/lib/python3.10/site-packages/airflow/example_dags/example_time_delta_sensor_async.py
[2024-10-05T13:46:00.756-0400] {logging_mixin.py:190} INFO - [2024-10-05T13:46:00.756-0400] {dag.py:3239} INFO - Sync 1 DAGs
[2024-10-05T13:46:00.819-0400] {logging_mixin.py:190} INFO - [2024-10-05T13:46:00.819-0400] {dag.py:4180} INFO - Setting next_dagrun for example_time_delta_sensor_async to None, run_after=None
[2024-10-05T13:46:01.353-0400] {processor.py:208} INFO - Processing /home/patrick/.cache/pypoetry/virtualenvs/airflow-wPbgcfzP-py3.10/lib/python3.10/site-packages/airflow/example_dags/example_time_delta_sensor_async.py took 3.412 seconds
[2024-10-05T13:47:38.179-0400] {processor.py:186} INFO - Started process (PID=6114) to work on /home/patrick/.cache/pypoetry/virtualenvs/airflow-wPbgcfzP-py3.10/lib/python3.10/site-packages/airflow/example_dags/example_time_delta_sensor_async.py
[2024-10-05T13:47:38.180-0400] {processor.py:914} INFO - Processing file /home/patrick/.cache/pypoetry/virtualenvs/airflow-wPbgcfzP-py3.10/lib/python3.10/site-packages/airflow/example_dags/example_time_delta_sensor_async.py for tasks to queue
[2024-10-05T13:47:38.182-0400] {logging_mixin.py:190} INFO - [2024-10-05T13:47:38.182-0400] {dagbag.py:588} INFO - Filling up the DagBag from /home/patrick/.cache/pypoetry/virtualenvs/airflow-wPbgcfzP-py3.10/lib/python3.10/site-packages/airflow/example_dags/example_time_delta_sensor_async.py
[2024-10-05T13:47:38.189-0400] {processor.py:925} INFO - DAG(s) 'example_time_delta_sensor_async' retrieved from /home/patrick/.cache/pypoetry/virtualenvs/airflow-wPbgcfzP-py3.10/lib/python3.10/site-packages/airflow/example_dags/example_time_delta_sensor_async.py
[2024-10-05T13:47:40.220-0400] {logging_mixin.py:190} INFO - [2024-10-05T13:47:40.220-0400] {dag.py:3239} INFO - Sync 1 DAGs
[2024-10-05T13:47:40.328-0400] {logging_mixin.py:190} INFO - [2024-10-05T13:47:40.328-0400] {dag.py:4180} INFO - Setting next_dagrun for example_time_delta_sensor_async to None, run_after=None
[2024-10-05T13:47:40.874-0400] {processor.py:208} INFO - Processing /home/patrick/.cache/pypoetry/virtualenvs/airflow-wPbgcfzP-py3.10/lib/python3.10/site-packages/airflow/example_dags/example_time_delta_sensor_async.py took 2.699 seconds
[2024-10-05T13:49:51.593-0400] {processor.py:186} INFO - Started process (PID=6686) to work on /home/patrick/.cache/pypoetry/virtualenvs/airflow-wPbgcfzP-py3.10/lib/python3.10/site-packages/airflow/example_dags/example_time_delta_sensor_async.py
[2024-10-05T13:49:51.594-0400] {processor.py:914} INFO - Processing file /home/patrick/.cache/pypoetry/virtualenvs/airflow-wPbgcfzP-py3.10/lib/python3.10/site-packages/airflow/example_dags/example_time_delta_sensor_async.py for tasks to queue
[2024-10-05T13:49:51.595-0400] {logging_mixin.py:190} INFO - [2024-10-05T13:49:51.595-0400] {dagbag.py:588} INFO - Filling up the DagBag from /home/patrick/.cache/pypoetry/virtualenvs/airflow-wPbgcfzP-py3.10/lib/python3.10/site-packages/airflow/example_dags/example_time_delta_sensor_async.py
[2024-10-05T13:49:51.599-0400] {processor.py:925} INFO - DAG(s) 'example_time_delta_sensor_async' retrieved from /home/patrick/.cache/pypoetry/virtualenvs/airflow-wPbgcfzP-py3.10/lib/python3.10/site-packages/airflow/example_dags/example_time_delta_sensor_async.py
[2024-10-05T13:49:54.023-0400] {logging_mixin.py:190} INFO - [2024-10-05T13:49:54.023-0400] {dag.py:3239} INFO - Sync 1 DAGs
[2024-10-05T13:49:54.062-0400] {logging_mixin.py:190} INFO - [2024-10-05T13:49:54.062-0400] {dag.py:4180} INFO - Setting next_dagrun for example_time_delta_sensor_async to None, run_after=None
[2024-10-05T13:49:54.583-0400] {processor.py:208} INFO - Processing /home/patrick/.cache/pypoetry/virtualenvs/airflow-wPbgcfzP-py3.10/lib/python3.10/site-packages/airflow/example_dags/example_time_delta_sensor_async.py took 2.994 seconds
[2024-10-05T13:51:55.533-0400] {processor.py:186} INFO - Started process (PID=7290) to work on /home/patrick/.cache/pypoetry/virtualenvs/airflow-wPbgcfzP-py3.10/lib/python3.10/site-packages/airflow/example_dags/example_time_delta_sensor_async.py
[2024-10-05T13:51:55.533-0400] {processor.py:914} INFO - Processing file /home/patrick/.cache/pypoetry/virtualenvs/airflow-wPbgcfzP-py3.10/lib/python3.10/site-packages/airflow/example_dags/example_time_delta_sensor_async.py for tasks to queue
[2024-10-05T13:51:55.535-0400] {logging_mixin.py:190} INFO - [2024-10-05T13:51:55.535-0400] {dagbag.py:588} INFO - Filling up the DagBag from /home/patrick/.cache/pypoetry/virtualenvs/airflow-wPbgcfzP-py3.10/lib/python3.10/site-packages/airflow/example_dags/example_time_delta_sensor_async.py
[2024-10-05T13:51:55.539-0400] {processor.py:925} INFO - DAG(s) 'example_time_delta_sensor_async' retrieved from /home/patrick/.cache/pypoetry/virtualenvs/airflow-wPbgcfzP-py3.10/lib/python3.10/site-packages/airflow/example_dags/example_time_delta_sensor_async.py
[2024-10-05T13:51:57.336-0400] {logging_mixin.py:190} INFO - [2024-10-05T13:51:57.336-0400] {dag.py:3239} INFO - Sync 1 DAGs
[2024-10-05T13:51:57.405-0400] {logging_mixin.py:190} INFO - [2024-10-05T13:51:57.405-0400] {dag.py:4180} INFO - Setting next_dagrun for example_time_delta_sensor_async to None, run_after=None
[2024-10-05T13:51:58.136-0400] {processor.py:208} INFO - Processing /home/patrick/.cache/pypoetry/virtualenvs/airflow-wPbgcfzP-py3.10/lib/python3.10/site-packages/airflow/example_dags/example_time_delta_sensor_async.py took 2.606 seconds
