[2024-10-05T13:29:39.928-0400] {processor.py:186} INFO - Started process (PID=1280) to work on /home/patrick/.cache/pypoetry/virtualenvs/airflow-wPbgcfzP-py3.10/lib/python3.10/site-packages/airflow/example_dags/example_subdag_operator.py
[2024-10-05T13:29:39.929-0400] {processor.py:914} INFO - Processing file /home/patrick/.cache/pypoetry/virtualenvs/airflow-wPbgcfzP-py3.10/lib/python3.10/site-packages/airflow/example_dags/example_subdag_operator.py for tasks to queue
[2024-10-05T13:29:39.934-0400] {logging_mixin.py:190} INFO - [2024-10-05T13:29:39.934-0400] {dagbag.py:588} INFO - Filling up the DagBag from /home/patrick/.cache/pypoetry/virtualenvs/airflow-wPbgcfzP-py3.10/lib/python3.10/site-packages/airflow/example_dags/example_subdag_operator.py
[2024-10-05T13:29:44.061-0400] {processor.py:925} INFO - DAG(s) 'example_subdag_operator.section-1', 'example_subdag_operator.section-2', 'example_subdag_operator' retrieved from /home/patrick/.cache/pypoetry/virtualenvs/airflow-wPbgcfzP-py3.10/lib/python3.10/site-packages/airflow/example_dags/example_subdag_operator.py
[2024-10-05T13:29:44.273-0400] {logging_mixin.py:190} INFO - [2024-10-05T13:29:44.272-0400] {dag.py:3239} INFO - Sync 3 DAGs
[2024-10-05T13:29:44.603-0400] {logging_mixin.py:190} INFO - [2024-10-05T13:29:44.603-0400] {dag.py:4180} INFO - Setting next_dagrun for example_subdag_operator to 2022-01-01 00:00:00+00:00, run_after=2022-01-01 00:00:00+00:00
[2024-10-05T13:29:44.642-0400] {logging_mixin.py:190} INFO - [2024-10-05T13:29:44.642-0400] {dag.py:4180} INFO - Setting next_dagrun for example_subdag_operator.section-1 to None, run_after=None
[2024-10-05T13:29:44.731-0400] {logging_mixin.py:190} INFO - [2024-10-05T13:29:44.731-0400] {dag.py:4180} INFO - Setting next_dagrun for example_subdag_operator.section-2 to None, run_after=None
[2024-10-05T13:29:44.936-0400] {logging_mixin.py:190} INFO - [2024-10-05T13:29:44.936-0400] {dag.py:3239} INFO - Sync 2 DAGs
[2024-10-05T13:29:45.186-0400] {logging_mixin.py:190} INFO - [2024-10-05T13:29:45.186-0400] {dag.py:4180} INFO - Setting next_dagrun for example_subdag_operator.section-1 to None, run_after=None
[2024-10-05T13:29:45.188-0400] {logging_mixin.py:190} INFO - [2024-10-05T13:29:45.188-0400] {dag.py:4180} INFO - Setting next_dagrun for example_subdag_operator.section-2 to None, run_after=None
[2024-10-05T13:29:45.745-0400] {processor.py:208} INFO - Processing /home/patrick/.cache/pypoetry/virtualenvs/airflow-wPbgcfzP-py3.10/lib/python3.10/site-packages/airflow/example_dags/example_subdag_operator.py took 5.820 seconds
[2024-10-05T13:34:36.905-0400] {processor.py:186} INFO - Started process (PID=2620) to work on /home/patrick/.cache/pypoetry/virtualenvs/airflow-wPbgcfzP-py3.10/lib/python3.10/site-packages/airflow/example_dags/example_subdag_operator.py
[2024-10-05T13:34:36.906-0400] {processor.py:914} INFO - Processing file /home/patrick/.cache/pypoetry/virtualenvs/airflow-wPbgcfzP-py3.10/lib/python3.10/site-packages/airflow/example_dags/example_subdag_operator.py for tasks to queue
[2024-10-05T13:34:36.908-0400] {logging_mixin.py:190} INFO - [2024-10-05T13:34:36.908-0400] {dagbag.py:588} INFO - Filling up the DagBag from /home/patrick/.cache/pypoetry/virtualenvs/airflow-wPbgcfzP-py3.10/lib/python3.10/site-packages/airflow/example_dags/example_subdag_operator.py
[2024-10-05T13:34:42.211-0400] {processor.py:925} INFO - DAG(s) 'example_subdag_operator.section-1', 'example_subdag_operator.section-2', 'example_subdag_operator' retrieved from /home/patrick/.cache/pypoetry/virtualenvs/airflow-wPbgcfzP-py3.10/lib/python3.10/site-packages/airflow/example_dags/example_subdag_operator.py
[2024-10-05T13:34:42.400-0400] {logging_mixin.py:190} INFO - [2024-10-05T13:34:42.400-0400] {dag.py:3239} INFO - Sync 3 DAGs
[2024-10-05T13:34:42.679-0400] {logging_mixin.py:190} INFO - [2024-10-05T13:34:42.679-0400] {dag.py:4180} INFO - Setting next_dagrun for example_subdag_operator to 2022-01-01 00:00:00+00:00, run_after=2022-01-01 00:00:00+00:00
[2024-10-05T13:34:42.719-0400] {logging_mixin.py:190} INFO - [2024-10-05T13:34:42.718-0400] {dag.py:4180} INFO - Setting next_dagrun for example_subdag_operator.section-1 to None, run_after=None
[2024-10-05T13:34:42.756-0400] {logging_mixin.py:190} INFO - [2024-10-05T13:34:42.756-0400] {dag.py:4180} INFO - Setting next_dagrun for example_subdag_operator.section-2 to None, run_after=None
[2024-10-05T13:34:42.906-0400] {logging_mixin.py:190} INFO - [2024-10-05T13:34:42.905-0400] {dag.py:3239} INFO - Sync 2 DAGs
[2024-10-05T13:34:43.035-0400] {logging_mixin.py:190} INFO - [2024-10-05T13:34:43.035-0400] {dag.py:4180} INFO - Setting next_dagrun for example_subdag_operator.section-1 to None, run_after=None
[2024-10-05T13:34:43.036-0400] {logging_mixin.py:190} INFO - [2024-10-05T13:34:43.036-0400] {dag.py:4180} INFO - Setting next_dagrun for example_subdag_operator.section-2 to None, run_after=None
[2024-10-05T13:34:43.615-0400] {processor.py:208} INFO - Processing /home/patrick/.cache/pypoetry/virtualenvs/airflow-wPbgcfzP-py3.10/lib/python3.10/site-packages/airflow/example_dags/example_subdag_operator.py took 6.713 seconds
[2024-10-05T13:37:20.696-0400] {processor.py:186} INFO - Started process (PID=3426) to work on /home/patrick/.cache/pypoetry/virtualenvs/airflow-wPbgcfzP-py3.10/lib/python3.10/site-packages/airflow/example_dags/example_subdag_operator.py
[2024-10-05T13:37:20.697-0400] {processor.py:914} INFO - Processing file /home/patrick/.cache/pypoetry/virtualenvs/airflow-wPbgcfzP-py3.10/lib/python3.10/site-packages/airflow/example_dags/example_subdag_operator.py for tasks to queue
[2024-10-05T13:37:20.698-0400] {logging_mixin.py:190} INFO - [2024-10-05T13:37:20.698-0400] {dagbag.py:588} INFO - Filling up the DagBag from /home/patrick/.cache/pypoetry/virtualenvs/airflow-wPbgcfzP-py3.10/lib/python3.10/site-packages/airflow/example_dags/example_subdag_operator.py
[2024-10-05T13:37:26.359-0400] {processor.py:925} INFO - DAG(s) 'example_subdag_operator.section-1', 'example_subdag_operator.section-2', 'example_subdag_operator' retrieved from /home/patrick/.cache/pypoetry/virtualenvs/airflow-wPbgcfzP-py3.10/lib/python3.10/site-packages/airflow/example_dags/example_subdag_operator.py
[2024-10-05T13:37:26.513-0400] {logging_mixin.py:190} INFO - [2024-10-05T13:37:26.513-0400] {dag.py:3239} INFO - Sync 3 DAGs
[2024-10-05T13:37:26.708-0400] {logging_mixin.py:190} INFO - [2024-10-05T13:37:26.708-0400] {dag.py:4180} INFO - Setting next_dagrun for example_subdag_operator to 2022-01-01 00:00:00+00:00, run_after=2022-01-01 00:00:00+00:00
[2024-10-05T13:37:26.787-0400] {logging_mixin.py:190} INFO - [2024-10-05T13:37:26.786-0400] {dag.py:4180} INFO - Setting next_dagrun for example_subdag_operator.section-1 to None, run_after=None
[2024-10-05T13:37:26.824-0400] {logging_mixin.py:190} INFO - [2024-10-05T13:37:26.824-0400] {dag.py:4180} INFO - Setting next_dagrun for example_subdag_operator.section-2 to None, run_after=None
[2024-10-05T13:37:26.942-0400] {logging_mixin.py:190} INFO - [2024-10-05T13:37:26.942-0400] {dag.py:3239} INFO - Sync 2 DAGs
[2024-10-05T13:37:27.100-0400] {logging_mixin.py:190} INFO - [2024-10-05T13:37:27.100-0400] {dag.py:4180} INFO - Setting next_dagrun for example_subdag_operator.section-1 to None, run_after=None
[2024-10-05T13:37:27.101-0400] {logging_mixin.py:190} INFO - [2024-10-05T13:37:27.101-0400] {dag.py:4180} INFO - Setting next_dagrun for example_subdag_operator.section-2 to None, run_after=None
[2024-10-05T13:37:27.672-0400] {processor.py:208} INFO - Processing /home/patrick/.cache/pypoetry/virtualenvs/airflow-wPbgcfzP-py3.10/lib/python3.10/site-packages/airflow/example_dags/example_subdag_operator.py took 6.980 seconds
[2024-10-05T13:42:08.680-0400] {processor.py:186} INFO - Started process (PID=4689) to work on /home/patrick/.cache/pypoetry/virtualenvs/airflow-wPbgcfzP-py3.10/lib/python3.10/site-packages/airflow/example_dags/example_subdag_operator.py
[2024-10-05T13:42:08.682-0400] {processor.py:914} INFO - Processing file /home/patrick/.cache/pypoetry/virtualenvs/airflow-wPbgcfzP-py3.10/lib/python3.10/site-packages/airflow/example_dags/example_subdag_operator.py for tasks to queue
[2024-10-05T13:42:08.683-0400] {logging_mixin.py:190} INFO - [2024-10-05T13:42:08.683-0400] {dagbag.py:588} INFO - Filling up the DagBag from /home/patrick/.cache/pypoetry/virtualenvs/airflow-wPbgcfzP-py3.10/lib/python3.10/site-packages/airflow/example_dags/example_subdag_operator.py
[2024-10-05T13:42:16.365-0400] {processor.py:925} INFO - DAG(s) 'example_subdag_operator.section-1', 'example_subdag_operator.section-2', 'example_subdag_operator' retrieved from /home/patrick/.cache/pypoetry/virtualenvs/airflow-wPbgcfzP-py3.10/lib/python3.10/site-packages/airflow/example_dags/example_subdag_operator.py
[2024-10-05T13:42:16.550-0400] {logging_mixin.py:190} INFO - [2024-10-05T13:42:16.549-0400] {dag.py:3239} INFO - Sync 3 DAGs
[2024-10-05T13:42:16.862-0400] {logging_mixin.py:190} INFO - [2024-10-05T13:42:16.862-0400] {dag.py:4180} INFO - Setting next_dagrun for example_subdag_operator to 2022-01-01 00:00:00+00:00, run_after=2022-01-01 00:00:00+00:00
[2024-10-05T13:42:16.926-0400] {logging_mixin.py:190} INFO - [2024-10-05T13:42:16.926-0400] {dag.py:4180} INFO - Setting next_dagrun for example_subdag_operator.section-1 to None, run_after=None
[2024-10-05T13:42:16.979-0400] {logging_mixin.py:190} INFO - [2024-10-05T13:42:16.979-0400] {dag.py:4180} INFO - Setting next_dagrun for example_subdag_operator.section-2 to None, run_after=None
[2024-10-05T13:42:17.105-0400] {logging_mixin.py:190} INFO - [2024-10-05T13:42:17.104-0400] {dag.py:3239} INFO - Sync 2 DAGs
[2024-10-05T13:42:17.252-0400] {logging_mixin.py:190} INFO - [2024-10-05T13:42:17.252-0400] {dag.py:4180} INFO - Setting next_dagrun for example_subdag_operator.section-1 to None, run_after=None
[2024-10-05T13:42:17.253-0400] {logging_mixin.py:190} INFO - [2024-10-05T13:42:17.253-0400] {dag.py:4180} INFO - Setting next_dagrun for example_subdag_operator.section-2 to None, run_after=None
[2024-10-05T13:42:17.833-0400] {processor.py:208} INFO - Processing /home/patrick/.cache/pypoetry/virtualenvs/airflow-wPbgcfzP-py3.10/lib/python3.10/site-packages/airflow/example_dags/example_subdag_operator.py took 9.156 seconds
[2024-10-05T13:44:42.018-0400] {processor.py:186} INFO - Started process (PID=5343) to work on /home/patrick/.cache/pypoetry/virtualenvs/airflow-wPbgcfzP-py3.10/lib/python3.10/site-packages/airflow/example_dags/example_subdag_operator.py
[2024-10-05T13:44:42.019-0400] {processor.py:914} INFO - Processing file /home/patrick/.cache/pypoetry/virtualenvs/airflow-wPbgcfzP-py3.10/lib/python3.10/site-packages/airflow/example_dags/example_subdag_operator.py for tasks to queue
[2024-10-05T13:44:42.021-0400] {logging_mixin.py:190} INFO - [2024-10-05T13:44:42.021-0400] {dagbag.py:588} INFO - Filling up the DagBag from /home/patrick/.cache/pypoetry/virtualenvs/airflow-wPbgcfzP-py3.10/lib/python3.10/site-packages/airflow/example_dags/example_subdag_operator.py
[2024-10-05T13:44:43.343-0400] {processor.py:925} INFO - DAG(s) 'example_subdag_operator.section-1', 'example_subdag_operator.section-2', 'example_subdag_operator' retrieved from /home/patrick/.cache/pypoetry/virtualenvs/airflow-wPbgcfzP-py3.10/lib/python3.10/site-packages/airflow/example_dags/example_subdag_operator.py
[2024-10-05T13:44:43.565-0400] {logging_mixin.py:190} INFO - [2024-10-05T13:44:43.565-0400] {dag.py:3239} INFO - Sync 3 DAGs
[2024-10-05T13:44:43.752-0400] {logging_mixin.py:190} INFO - [2024-10-05T13:44:43.752-0400] {dag.py:4180} INFO - Setting next_dagrun for example_subdag_operator to 2022-01-01 00:00:00+00:00, run_after=2022-01-01 00:00:00+00:00
[2024-10-05T13:44:43.816-0400] {logging_mixin.py:190} INFO - [2024-10-05T13:44:43.815-0400] {dag.py:4180} INFO - Setting next_dagrun for example_subdag_operator.section-1 to None, run_after=None
[2024-10-05T13:44:43.859-0400] {logging_mixin.py:190} INFO - [2024-10-05T13:44:43.859-0400] {dag.py:4180} INFO - Setting next_dagrun for example_subdag_operator.section-2 to None, run_after=None
[2024-10-05T13:44:44.016-0400] {logging_mixin.py:190} INFO - [2024-10-05T13:44:44.016-0400] {dag.py:3239} INFO - Sync 2 DAGs
[2024-10-05T13:44:44.210-0400] {logging_mixin.py:190} INFO - [2024-10-05T13:44:44.210-0400] {dag.py:4180} INFO - Setting next_dagrun for example_subdag_operator.section-1 to None, run_after=None
[2024-10-05T13:44:44.211-0400] {logging_mixin.py:190} INFO - [2024-10-05T13:44:44.211-0400] {dag.py:4180} INFO - Setting next_dagrun for example_subdag_operator.section-2 to None, run_after=None
[2024-10-05T13:44:44.746-0400] {processor.py:208} INFO - Processing /home/patrick/.cache/pypoetry/virtualenvs/airflow-wPbgcfzP-py3.10/lib/python3.10/site-packages/airflow/example_dags/example_subdag_operator.py took 2.732 seconds
[2024-10-05T13:47:50.284-0400] {processor.py:186} INFO - Started process (PID=6169) to work on /home/patrick/.cache/pypoetry/virtualenvs/airflow-wPbgcfzP-py3.10/lib/python3.10/site-packages/airflow/example_dags/example_subdag_operator.py
[2024-10-05T13:47:50.285-0400] {processor.py:914} INFO - Processing file /home/patrick/.cache/pypoetry/virtualenvs/airflow-wPbgcfzP-py3.10/lib/python3.10/site-packages/airflow/example_dags/example_subdag_operator.py for tasks to queue
[2024-10-05T13:47:50.286-0400] {logging_mixin.py:190} INFO - [2024-10-05T13:47:50.286-0400] {dagbag.py:588} INFO - Filling up the DagBag from /home/patrick/.cache/pypoetry/virtualenvs/airflow-wPbgcfzP-py3.10/lib/python3.10/site-packages/airflow/example_dags/example_subdag_operator.py
[2024-10-05T13:47:54.293-0400] {processor.py:925} INFO - DAG(s) 'example_subdag_operator.section-1', 'example_subdag_operator.section-2', 'example_subdag_operator' retrieved from /home/patrick/.cache/pypoetry/virtualenvs/airflow-wPbgcfzP-py3.10/lib/python3.10/site-packages/airflow/example_dags/example_subdag_operator.py
[2024-10-05T13:47:54.451-0400] {logging_mixin.py:190} INFO - [2024-10-05T13:47:54.451-0400] {dag.py:3239} INFO - Sync 3 DAGs
[2024-10-05T13:47:54.678-0400] {logging_mixin.py:190} INFO - [2024-10-05T13:47:54.677-0400] {dag.py:4180} INFO - Setting next_dagrun for example_subdag_operator to 2022-01-01 00:00:00+00:00, run_after=2022-01-01 00:00:00+00:00
[2024-10-05T13:47:54.747-0400] {logging_mixin.py:190} INFO - [2024-10-05T13:47:54.747-0400] {dag.py:4180} INFO - Setting next_dagrun for example_subdag_operator.section-1 to None, run_after=None
[2024-10-05T13:47:54.783-0400] {logging_mixin.py:190} INFO - [2024-10-05T13:47:54.783-0400] {dag.py:4180} INFO - Setting next_dagrun for example_subdag_operator.section-2 to None, run_after=None
[2024-10-05T13:47:54.913-0400] {logging_mixin.py:190} INFO - [2024-10-05T13:47:54.912-0400] {dag.py:3239} INFO - Sync 2 DAGs
[2024-10-05T13:47:55.184-0400] {logging_mixin.py:190} INFO - [2024-10-05T13:47:55.183-0400] {dag.py:4180} INFO - Setting next_dagrun for example_subdag_operator.section-1 to None, run_after=None
[2024-10-05T13:47:55.185-0400] {logging_mixin.py:190} INFO - [2024-10-05T13:47:55.185-0400] {dag.py:4180} INFO - Setting next_dagrun for example_subdag_operator.section-2 to None, run_after=None
[2024-10-05T13:47:55.966-0400] {processor.py:208} INFO - Processing /home/patrick/.cache/pypoetry/virtualenvs/airflow-wPbgcfzP-py3.10/lib/python3.10/site-packages/airflow/example_dags/example_subdag_operator.py took 5.686 seconds
[2024-10-05T13:50:15.999-0400] {processor.py:186} INFO - Started process (PID=6790) to work on /home/patrick/.cache/pypoetry/virtualenvs/airflow-wPbgcfzP-py3.10/lib/python3.10/site-packages/airflow/example_dags/example_subdag_operator.py
[2024-10-05T13:50:16.000-0400] {processor.py:914} INFO - Processing file /home/patrick/.cache/pypoetry/virtualenvs/airflow-wPbgcfzP-py3.10/lib/python3.10/site-packages/airflow/example_dags/example_subdag_operator.py for tasks to queue
[2024-10-05T13:50:16.002-0400] {logging_mixin.py:190} INFO - [2024-10-05T13:50:16.002-0400] {dagbag.py:588} INFO - Filling up the DagBag from /home/patrick/.cache/pypoetry/virtualenvs/airflow-wPbgcfzP-py3.10/lib/python3.10/site-packages/airflow/example_dags/example_subdag_operator.py
[2024-10-05T13:50:22.157-0400] {processor.py:925} INFO - DAG(s) 'example_subdag_operator.section-1', 'example_subdag_operator.section-2', 'example_subdag_operator' retrieved from /home/patrick/.cache/pypoetry/virtualenvs/airflow-wPbgcfzP-py3.10/lib/python3.10/site-packages/airflow/example_dags/example_subdag_operator.py
[2024-10-05T13:50:22.352-0400] {logging_mixin.py:190} INFO - [2024-10-05T13:50:22.352-0400] {dag.py:3239} INFO - Sync 3 DAGs
[2024-10-05T13:50:22.996-0400] {logging_mixin.py:190} INFO - [2024-10-05T13:50:22.996-0400] {dag.py:4180} INFO - Setting next_dagrun for example_subdag_operator to 2022-01-01 00:00:00+00:00, run_after=2022-01-01 00:00:00+00:00
[2024-10-05T13:50:23.060-0400] {logging_mixin.py:190} INFO - [2024-10-05T13:50:23.060-0400] {dag.py:4180} INFO - Setting next_dagrun for example_subdag_operator.section-1 to None, run_after=None
[2024-10-05T13:50:23.125-0400] {logging_mixin.py:190} INFO - [2024-10-05T13:50:23.124-0400] {dag.py:4180} INFO - Setting next_dagrun for example_subdag_operator.section-2 to None, run_after=None
[2024-10-05T13:50:23.362-0400] {logging_mixin.py:190} INFO - [2024-10-05T13:50:23.362-0400] {dag.py:3239} INFO - Sync 2 DAGs
[2024-10-05T13:50:23.570-0400] {logging_mixin.py:190} INFO - [2024-10-05T13:50:23.570-0400] {dag.py:4180} INFO - Setting next_dagrun for example_subdag_operator.section-1 to None, run_after=None
[2024-10-05T13:50:23.570-0400] {logging_mixin.py:190} INFO - [2024-10-05T13:50:23.570-0400] {dag.py:4180} INFO - Setting next_dagrun for example_subdag_operator.section-2 to None, run_after=None
[2024-10-05T13:50:24.433-0400] {processor.py:208} INFO - Processing /home/patrick/.cache/pypoetry/virtualenvs/airflow-wPbgcfzP-py3.10/lib/python3.10/site-packages/airflow/example_dags/example_subdag_operator.py took 8.437 seconds
[2024-10-05T13:52:18.565-0400] {processor.py:186} INFO - Started process (PID=7387) to work on /home/patrick/.cache/pypoetry/virtualenvs/airflow-wPbgcfzP-py3.10/lib/python3.10/site-packages/airflow/example_dags/example_subdag_operator.py
[2024-10-05T13:52:18.566-0400] {processor.py:914} INFO - Processing file /home/patrick/.cache/pypoetry/virtualenvs/airflow-wPbgcfzP-py3.10/lib/python3.10/site-packages/airflow/example_dags/example_subdag_operator.py for tasks to queue
[2024-10-05T13:52:18.567-0400] {logging_mixin.py:190} INFO - [2024-10-05T13:52:18.567-0400] {dagbag.py:588} INFO - Filling up the DagBag from /home/patrick/.cache/pypoetry/virtualenvs/airflow-wPbgcfzP-py3.10/lib/python3.10/site-packages/airflow/example_dags/example_subdag_operator.py
[2024-10-05T13:52:29.319-0400] {processor.py:925} INFO - DAG(s) 'example_subdag_operator.section-1', 'example_subdag_operator.section-2', 'example_subdag_operator' retrieved from /home/patrick/.cache/pypoetry/virtualenvs/airflow-wPbgcfzP-py3.10/lib/python3.10/site-packages/airflow/example_dags/example_subdag_operator.py
[2024-10-05T13:52:29.667-0400] {logging_mixin.py:190} INFO - [2024-10-05T13:52:29.667-0400] {dag.py:3239} INFO - Sync 3 DAGs
[2024-10-05T13:52:30.677-0400] {logging_mixin.py:190} INFO - [2024-10-05T13:52:30.676-0400] {dag.py:4180} INFO - Setting next_dagrun for example_subdag_operator to 2022-01-01 00:00:00+00:00, run_after=2022-01-01 00:00:00+00:00
[2024-10-05T13:52:30.735-0400] {logging_mixin.py:190} INFO - [2024-10-05T13:52:30.734-0400] {dag.py:4180} INFO - Setting next_dagrun for example_subdag_operator.section-1 to None, run_after=None
[2024-10-05T13:52:30.771-0400] {logging_mixin.py:190} INFO - [2024-10-05T13:52:30.771-0400] {dag.py:4180} INFO - Setting next_dagrun for example_subdag_operator.section-2 to None, run_after=None
[2024-10-05T13:52:30.918-0400] {logging_mixin.py:190} INFO - [2024-10-05T13:52:30.918-0400] {dag.py:3239} INFO - Sync 2 DAGs
[2024-10-05T13:52:31.319-0400] {logging_mixin.py:190} INFO - [2024-10-05T13:52:31.319-0400] {dag.py:4180} INFO - Setting next_dagrun for example_subdag_operator.section-1 to None, run_after=None
[2024-10-05T13:52:31.320-0400] {logging_mixin.py:190} INFO - [2024-10-05T13:52:31.320-0400] {dag.py:4180} INFO - Setting next_dagrun for example_subdag_operator.section-2 to None, run_after=None
[2024-10-05T13:52:32.327-0400] {processor.py:208} INFO - Processing /home/patrick/.cache/pypoetry/virtualenvs/airflow-wPbgcfzP-py3.10/lib/python3.10/site-packages/airflow/example_dags/example_subdag_operator.py took 13.766 seconds
