[2024-10-05T13:30:45.701-0400] {processor.py:186} INFO - Started process (PID=1584) to work on /home/patrick/.cache/pypoetry/virtualenvs/airflow-wPbgcfzP-py3.10/lib/python3.10/site-packages/airflow/example_dags/example_bash_decorator.py
[2024-10-05T13:30:45.704-0400] {processor.py:914} INFO - Processing file /home/patrick/.cache/pypoetry/virtualenvs/airflow-wPbgcfzP-py3.10/lib/python3.10/site-packages/airflow/example_dags/example_bash_decorator.py for tasks to queue
[2024-10-05T13:30:45.707-0400] {logging_mixin.py:190} INFO - [2024-10-05T13:30:45.707-0400] {dagbag.py:588} INFO - Filling up the DagBag from /home/patrick/.cache/pypoetry/virtualenvs/airflow-wPbgcfzP-py3.10/lib/python3.10/site-packages/airflow/example_dags/example_bash_decorator.py
[2024-10-05T13:30:45.717-0400] {processor.py:925} INFO - DAG(s) 'example_bash_decorator' retrieved from /home/patrick/.cache/pypoetry/virtualenvs/airflow-wPbgcfzP-py3.10/lib/python3.10/site-packages/airflow/example_dags/example_bash_decorator.py
[2024-10-05T13:31:04.197-0400] {logging_mixin.py:190} INFO - [2024-10-05T13:31:04.197-0400] {dag.py:3239} INFO - Sync 1 DAGs
[2024-10-05T13:31:05.227-0400] {logging_mixin.py:190} INFO - [2024-10-05T13:31:05.227-0400] {dag.py:4180} INFO - Setting next_dagrun for example_bash_decorator to None, run_after=None
[2024-10-05T13:31:06.939-0400] {processor.py:208} INFO - Processing /home/patrick/.cache/pypoetry/virtualenvs/airflow-wPbgcfzP-py3.10/lib/python3.10/site-packages/airflow/example_dags/example_bash_decorator.py took 21.242 seconds
[2024-10-05T13:35:07.280-0400] {processor.py:186} INFO - Started process (PID=2759) to work on /home/patrick/.cache/pypoetry/virtualenvs/airflow-wPbgcfzP-py3.10/lib/python3.10/site-packages/airflow/example_dags/example_bash_decorator.py
[2024-10-05T13:35:07.281-0400] {processor.py:914} INFO - Processing file /home/patrick/.cache/pypoetry/virtualenvs/airflow-wPbgcfzP-py3.10/lib/python3.10/site-packages/airflow/example_dags/example_bash_decorator.py for tasks to queue
[2024-10-05T13:35:07.283-0400] {logging_mixin.py:190} INFO - [2024-10-05T13:35:07.282-0400] {dagbag.py:588} INFO - Filling up the DagBag from /home/patrick/.cache/pypoetry/virtualenvs/airflow-wPbgcfzP-py3.10/lib/python3.10/site-packages/airflow/example_dags/example_bash_decorator.py
[2024-10-05T13:35:07.291-0400] {processor.py:925} INFO - DAG(s) 'example_bash_decorator' retrieved from /home/patrick/.cache/pypoetry/virtualenvs/airflow-wPbgcfzP-py3.10/lib/python3.10/site-packages/airflow/example_dags/example_bash_decorator.py
[2024-10-05T13:35:16.756-0400] {logging_mixin.py:190} INFO - [2024-10-05T13:35:16.755-0400] {dag.py:3239} INFO - Sync 1 DAGs
[2024-10-05T13:35:16.941-0400] {logging_mixin.py:190} INFO - [2024-10-05T13:35:16.941-0400] {dag.py:4180} INFO - Setting next_dagrun for example_bash_decorator to None, run_after=None
[2024-10-05T13:35:17.681-0400] {processor.py:208} INFO - Processing /home/patrick/.cache/pypoetry/virtualenvs/airflow-wPbgcfzP-py3.10/lib/python3.10/site-packages/airflow/example_dags/example_bash_decorator.py took 10.405 seconds
[2024-10-05T13:40:00.720-0400] {processor.py:186} INFO - Started process (PID=4140) to work on /home/patrick/.cache/pypoetry/virtualenvs/airflow-wPbgcfzP-py3.10/lib/python3.10/site-packages/airflow/example_dags/example_bash_decorator.py
[2024-10-05T13:40:00.721-0400] {processor.py:914} INFO - Processing file /home/patrick/.cache/pypoetry/virtualenvs/airflow-wPbgcfzP-py3.10/lib/python3.10/site-packages/airflow/example_dags/example_bash_decorator.py for tasks to queue
[2024-10-05T13:40:00.722-0400] {logging_mixin.py:190} INFO - [2024-10-05T13:40:00.722-0400] {dagbag.py:588} INFO - Filling up the DagBag from /home/patrick/.cache/pypoetry/virtualenvs/airflow-wPbgcfzP-py3.10/lib/python3.10/site-packages/airflow/example_dags/example_bash_decorator.py
[2024-10-05T13:40:00.731-0400] {processor.py:925} INFO - DAG(s) 'example_bash_decorator' retrieved from /home/patrick/.cache/pypoetry/virtualenvs/airflow-wPbgcfzP-py3.10/lib/python3.10/site-packages/airflow/example_dags/example_bash_decorator.py
[2024-10-05T13:40:02.993-0400] {logging_mixin.py:190} INFO - [2024-10-05T13:40:02.993-0400] {dag.py:3239} INFO - Sync 1 DAGs
[2024-10-05T13:40:03.346-0400] {logging_mixin.py:190} INFO - [2024-10-05T13:40:03.346-0400] {dag.py:4180} INFO - Setting next_dagrun for example_bash_decorator to None, run_after=None
[2024-10-05T13:40:04.291-0400] {processor.py:208} INFO - Processing /home/patrick/.cache/pypoetry/virtualenvs/airflow-wPbgcfzP-py3.10/lib/python3.10/site-packages/airflow/example_dags/example_bash_decorator.py took 3.574 seconds
[2024-10-05T13:43:05.222-0400] {processor.py:186} INFO - Started process (PID=4924) to work on /home/patrick/.cache/pypoetry/virtualenvs/airflow-wPbgcfzP-py3.10/lib/python3.10/site-packages/airflow/example_dags/example_bash_decorator.py
[2024-10-05T13:43:05.223-0400] {processor.py:914} INFO - Processing file /home/patrick/.cache/pypoetry/virtualenvs/airflow-wPbgcfzP-py3.10/lib/python3.10/site-packages/airflow/example_dags/example_bash_decorator.py for tasks to queue
[2024-10-05T13:43:05.224-0400] {logging_mixin.py:190} INFO - [2024-10-05T13:43:05.224-0400] {dagbag.py:588} INFO - Filling up the DagBag from /home/patrick/.cache/pypoetry/virtualenvs/airflow-wPbgcfzP-py3.10/lib/python3.10/site-packages/airflow/example_dags/example_bash_decorator.py
[2024-10-05T13:43:05.232-0400] {processor.py:925} INFO - DAG(s) 'example_bash_decorator' retrieved from /home/patrick/.cache/pypoetry/virtualenvs/airflow-wPbgcfzP-py3.10/lib/python3.10/site-packages/airflow/example_dags/example_bash_decorator.py
[2024-10-05T13:43:09.643-0400] {logging_mixin.py:190} INFO - [2024-10-05T13:43:09.643-0400] {dag.py:3239} INFO - Sync 1 DAGs
[2024-10-05T13:43:09.851-0400] {logging_mixin.py:190} INFO - [2024-10-05T13:43:09.851-0400] {dag.py:4180} INFO - Setting next_dagrun for example_bash_decorator to None, run_after=None
[2024-10-05T13:43:10.704-0400] {processor.py:208} INFO - Processing /home/patrick/.cache/pypoetry/virtualenvs/airflow-wPbgcfzP-py3.10/lib/python3.10/site-packages/airflow/example_dags/example_bash_decorator.py took 5.485 seconds
[2024-10-05T13:46:36.264-0400] {processor.py:186} INFO - Started process (PID=5839) to work on /home/patrick/.cache/pypoetry/virtualenvs/airflow-wPbgcfzP-py3.10/lib/python3.10/site-packages/airflow/example_dags/example_bash_decorator.py
[2024-10-05T13:46:36.265-0400] {processor.py:914} INFO - Processing file /home/patrick/.cache/pypoetry/virtualenvs/airflow-wPbgcfzP-py3.10/lib/python3.10/site-packages/airflow/example_dags/example_bash_decorator.py for tasks to queue
[2024-10-05T13:46:36.266-0400] {logging_mixin.py:190} INFO - [2024-10-05T13:46:36.266-0400] {dagbag.py:588} INFO - Filling up the DagBag from /home/patrick/.cache/pypoetry/virtualenvs/airflow-wPbgcfzP-py3.10/lib/python3.10/site-packages/airflow/example_dags/example_bash_decorator.py
[2024-10-05T13:46:36.274-0400] {processor.py:925} INFO - DAG(s) 'example_bash_decorator' retrieved from /home/patrick/.cache/pypoetry/virtualenvs/airflow-wPbgcfzP-py3.10/lib/python3.10/site-packages/airflow/example_dags/example_bash_decorator.py
[2024-10-05T13:46:38.226-0400] {logging_mixin.py:190} INFO - [2024-10-05T13:46:38.226-0400] {dag.py:3239} INFO - Sync 1 DAGs
[2024-10-05T13:46:38.306-0400] {logging_mixin.py:190} INFO - [2024-10-05T13:46:38.305-0400] {dag.py:4180} INFO - Setting next_dagrun for example_bash_decorator to None, run_after=None
[2024-10-05T13:46:38.934-0400] {processor.py:208} INFO - Processing /home/patrick/.cache/pypoetry/virtualenvs/airflow-wPbgcfzP-py3.10/lib/python3.10/site-packages/airflow/example_dags/example_bash_decorator.py took 2.673 seconds
[2024-10-05T13:50:51.266-0400] {processor.py:186} INFO - Started process (PID=6939) to work on /home/patrick/.cache/pypoetry/virtualenvs/airflow-wPbgcfzP-py3.10/lib/python3.10/site-packages/airflow/example_dags/example_bash_decorator.py
[2024-10-05T13:50:51.266-0400] {processor.py:914} INFO - Processing file /home/patrick/.cache/pypoetry/virtualenvs/airflow-wPbgcfzP-py3.10/lib/python3.10/site-packages/airflow/example_dags/example_bash_decorator.py for tasks to queue
[2024-10-05T13:50:51.268-0400] {logging_mixin.py:190} INFO - [2024-10-05T13:50:51.268-0400] {dagbag.py:588} INFO - Filling up the DagBag from /home/patrick/.cache/pypoetry/virtualenvs/airflow-wPbgcfzP-py3.10/lib/python3.10/site-packages/airflow/example_dags/example_bash_decorator.py
[2024-10-05T13:50:51.277-0400] {processor.py:925} INFO - DAG(s) 'example_bash_decorator' retrieved from /home/patrick/.cache/pypoetry/virtualenvs/airflow-wPbgcfzP-py3.10/lib/python3.10/site-packages/airflow/example_dags/example_bash_decorator.py
[2024-10-05T13:50:53.008-0400] {logging_mixin.py:190} INFO - [2024-10-05T13:50:53.008-0400] {dag.py:3239} INFO - Sync 1 DAGs
[2024-10-05T13:50:53.115-0400] {logging_mixin.py:190} INFO - [2024-10-05T13:50:53.115-0400] {dag.py:4180} INFO - Setting next_dagrun for example_bash_decorator to None, run_after=None
[2024-10-05T13:50:53.992-0400] {processor.py:208} INFO - Processing /home/patrick/.cache/pypoetry/virtualenvs/airflow-wPbgcfzP-py3.10/lib/python3.10/site-packages/airflow/example_dags/example_bash_decorator.py took 2.730 seconds
