[2024-10-05T13:28:44.443-0400] {processor.py:186} INFO - Started process (PID=1032) to work on /home/patrick/.cache/pypoetry/virtualenvs/airflow-wPbgcfzP-py3.10/lib/python3.10/site-packages/airflow/example_dags/example_sensor_decorator.py
[2024-10-05T13:28:44.444-0400] {processor.py:914} INFO - Processing file /home/patrick/.cache/pypoetry/virtualenvs/airflow-wPbgcfzP-py3.10/lib/python3.10/site-packages/airflow/example_dags/example_sensor_decorator.py for tasks to queue
[2024-10-05T13:28:44.446-0400] {logging_mixin.py:190} INFO - [2024-10-05T13:28:44.446-0400] {dagbag.py:588} INFO - Filling up the DagBag from /home/patrick/.cache/pypoetry/virtualenvs/airflow-wPbgcfzP-py3.10/lib/python3.10/site-packages/airflow/example_dags/example_sensor_decorator.py
[2024-10-05T13:28:44.451-0400] {processor.py:925} INFO - DAG(s) 'example_sensor_decorator' retrieved from /home/patrick/.cache/pypoetry/virtualenvs/airflow-wPbgcfzP-py3.10/lib/python3.10/site-packages/airflow/example_dags/example_sensor_decorator.py
[2024-10-05T13:28:52.426-0400] {logging_mixin.py:190} INFO - [2024-10-05T13:28:52.426-0400] {dag.py:3239} INFO - Sync 1 DAGs
[2024-10-05T13:28:52.550-0400] {logging_mixin.py:190} INFO - [2024-10-05T13:28:52.549-0400] {dag.py:4180} INFO - Setting next_dagrun for example_sensor_decorator to None, run_after=None
[2024-10-05T13:28:53.105-0400] {processor.py:208} INFO - Processing /home/patrick/.cache/pypoetry/virtualenvs/airflow-wPbgcfzP-py3.10/lib/python3.10/site-packages/airflow/example_dags/example_sensor_decorator.py took 8.666 seconds
[2024-10-05T13:33:27.664-0400] {processor.py:186} INFO - Started process (PID=2311) to work on /home/patrick/.cache/pypoetry/virtualenvs/airflow-wPbgcfzP-py3.10/lib/python3.10/site-packages/airflow/example_dags/example_sensor_decorator.py
[2024-10-05T13:33:27.665-0400] {processor.py:914} INFO - Processing file /home/patrick/.cache/pypoetry/virtualenvs/airflow-wPbgcfzP-py3.10/lib/python3.10/site-packages/airflow/example_dags/example_sensor_decorator.py for tasks to queue
[2024-10-05T13:33:27.666-0400] {logging_mixin.py:190} INFO - [2024-10-05T13:33:27.666-0400] {dagbag.py:588} INFO - Filling up the DagBag from /home/patrick/.cache/pypoetry/virtualenvs/airflow-wPbgcfzP-py3.10/lib/python3.10/site-packages/airflow/example_dags/example_sensor_decorator.py
[2024-10-05T13:33:27.671-0400] {processor.py:925} INFO - DAG(s) 'example_sensor_decorator' retrieved from /home/patrick/.cache/pypoetry/virtualenvs/airflow-wPbgcfzP-py3.10/lib/python3.10/site-packages/airflow/example_dags/example_sensor_decorator.py
[2024-10-05T13:33:35.363-0400] {logging_mixin.py:190} INFO - [2024-10-05T13:33:35.363-0400] {dag.py:3239} INFO - Sync 1 DAGs
[2024-10-05T13:33:35.462-0400] {logging_mixin.py:190} INFO - [2024-10-05T13:33:35.462-0400] {dag.py:4180} INFO - Setting next_dagrun for example_sensor_decorator to None, run_after=None
[2024-10-05T13:33:36.368-0400] {processor.py:208} INFO - Processing /home/patrick/.cache/pypoetry/virtualenvs/airflow-wPbgcfzP-py3.10/lib/python3.10/site-packages/airflow/example_dags/example_sensor_decorator.py took 8.707 seconds
[2024-10-05T13:36:03.628-0400] {processor.py:186} INFO - Started process (PID=3018) to work on /home/patrick/.cache/pypoetry/virtualenvs/airflow-wPbgcfzP-py3.10/lib/python3.10/site-packages/airflow/example_dags/example_sensor_decorator.py
[2024-10-05T13:36:03.629-0400] {processor.py:914} INFO - Processing file /home/patrick/.cache/pypoetry/virtualenvs/airflow-wPbgcfzP-py3.10/lib/python3.10/site-packages/airflow/example_dags/example_sensor_decorator.py for tasks to queue
[2024-10-05T13:36:03.631-0400] {logging_mixin.py:190} INFO - [2024-10-05T13:36:03.631-0400] {dagbag.py:588} INFO - Filling up the DagBag from /home/patrick/.cache/pypoetry/virtualenvs/airflow-wPbgcfzP-py3.10/lib/python3.10/site-packages/airflow/example_dags/example_sensor_decorator.py
[2024-10-05T13:36:03.637-0400] {processor.py:925} INFO - DAG(s) 'example_sensor_decorator' retrieved from /home/patrick/.cache/pypoetry/virtualenvs/airflow-wPbgcfzP-py3.10/lib/python3.10/site-packages/airflow/example_dags/example_sensor_decorator.py
[2024-10-05T13:36:07.774-0400] {logging_mixin.py:190} INFO - [2024-10-05T13:36:07.773-0400] {dag.py:3239} INFO - Sync 1 DAGs
[2024-10-05T13:36:07.872-0400] {logging_mixin.py:190} INFO - [2024-10-05T13:36:07.872-0400] {dag.py:4180} INFO - Setting next_dagrun for example_sensor_decorator to None, run_after=None
[2024-10-05T13:36:08.951-0400] {processor.py:208} INFO - Processing /home/patrick/.cache/pypoetry/virtualenvs/airflow-wPbgcfzP-py3.10/lib/python3.10/site-packages/airflow/example_dags/example_sensor_decorator.py took 5.326 seconds
[2024-10-05T13:38:55.047-0400] {processor.py:186} INFO - Started process (PID=3860) to work on /home/patrick/.cache/pypoetry/virtualenvs/airflow-wPbgcfzP-py3.10/lib/python3.10/site-packages/airflow/example_dags/example_sensor_decorator.py
[2024-10-05T13:38:55.048-0400] {processor.py:914} INFO - Processing file /home/patrick/.cache/pypoetry/virtualenvs/airflow-wPbgcfzP-py3.10/lib/python3.10/site-packages/airflow/example_dags/example_sensor_decorator.py for tasks to queue
[2024-10-05T13:38:55.049-0400] {logging_mixin.py:190} INFO - [2024-10-05T13:38:55.049-0400] {dagbag.py:588} INFO - Filling up the DagBag from /home/patrick/.cache/pypoetry/virtualenvs/airflow-wPbgcfzP-py3.10/lib/python3.10/site-packages/airflow/example_dags/example_sensor_decorator.py
[2024-10-05T13:38:55.054-0400] {processor.py:925} INFO - DAG(s) 'example_sensor_decorator' retrieved from /home/patrick/.cache/pypoetry/virtualenvs/airflow-wPbgcfzP-py3.10/lib/python3.10/site-packages/airflow/example_dags/example_sensor_decorator.py
[2024-10-05T13:38:58.868-0400] {logging_mixin.py:190} INFO - [2024-10-05T13:38:58.867-0400] {dag.py:3239} INFO - Sync 1 DAGs
[2024-10-05T13:38:58.986-0400] {logging_mixin.py:190} INFO - [2024-10-05T13:38:58.985-0400] {dag.py:4180} INFO - Setting next_dagrun for example_sensor_decorator to None, run_after=None
[2024-10-05T13:38:59.743-0400] {processor.py:208} INFO - Processing /home/patrick/.cache/pypoetry/virtualenvs/airflow-wPbgcfzP-py3.10/lib/python3.10/site-packages/airflow/example_dags/example_sensor_decorator.py took 4.700 seconds
[2024-10-05T13:41:27.430-0400] {processor.py:186} INFO - Started process (PID=4506) to work on /home/patrick/.cache/pypoetry/virtualenvs/airflow-wPbgcfzP-py3.10/lib/python3.10/site-packages/airflow/example_dags/example_sensor_decorator.py
[2024-10-05T13:41:27.430-0400] {processor.py:914} INFO - Processing file /home/patrick/.cache/pypoetry/virtualenvs/airflow-wPbgcfzP-py3.10/lib/python3.10/site-packages/airflow/example_dags/example_sensor_decorator.py for tasks to queue
[2024-10-05T13:41:27.432-0400] {logging_mixin.py:190} INFO - [2024-10-05T13:41:27.432-0400] {dagbag.py:588} INFO - Filling up the DagBag from /home/patrick/.cache/pypoetry/virtualenvs/airflow-wPbgcfzP-py3.10/lib/python3.10/site-packages/airflow/example_dags/example_sensor_decorator.py
[2024-10-05T13:41:27.436-0400] {processor.py:925} INFO - DAG(s) 'example_sensor_decorator' retrieved from /home/patrick/.cache/pypoetry/virtualenvs/airflow-wPbgcfzP-py3.10/lib/python3.10/site-packages/airflow/example_dags/example_sensor_decorator.py
[2024-10-05T13:41:29.855-0400] {logging_mixin.py:190} INFO - [2024-10-05T13:41:29.855-0400] {dag.py:3239} INFO - Sync 1 DAGs
[2024-10-05T13:41:29.944-0400] {logging_mixin.py:190} INFO - [2024-10-05T13:41:29.944-0400] {dag.py:4180} INFO - Setting next_dagrun for example_sensor_decorator to None, run_after=None
[2024-10-05T13:41:30.544-0400] {processor.py:208} INFO - Processing /home/patrick/.cache/pypoetry/virtualenvs/airflow-wPbgcfzP-py3.10/lib/python3.10/site-packages/airflow/example_dags/example_sensor_decorator.py took 3.118 seconds
[2024-10-05T13:43:47.475-0400] {processor.py:186} INFO - Started process (PID=5112) to work on /home/patrick/.cache/pypoetry/virtualenvs/airflow-wPbgcfzP-py3.10/lib/python3.10/site-packages/airflow/example_dags/example_sensor_decorator.py
[2024-10-05T13:43:47.476-0400] {processor.py:914} INFO - Processing file /home/patrick/.cache/pypoetry/virtualenvs/airflow-wPbgcfzP-py3.10/lib/python3.10/site-packages/airflow/example_dags/example_sensor_decorator.py for tasks to queue
[2024-10-05T13:43:47.477-0400] {logging_mixin.py:190} INFO - [2024-10-05T13:43:47.477-0400] {dagbag.py:588} INFO - Filling up the DagBag from /home/patrick/.cache/pypoetry/virtualenvs/airflow-wPbgcfzP-py3.10/lib/python3.10/site-packages/airflow/example_dags/example_sensor_decorator.py
[2024-10-05T13:43:47.482-0400] {processor.py:925} INFO - DAG(s) 'example_sensor_decorator' retrieved from /home/patrick/.cache/pypoetry/virtualenvs/airflow-wPbgcfzP-py3.10/lib/python3.10/site-packages/airflow/example_dags/example_sensor_decorator.py
[2024-10-05T13:43:50.906-0400] {logging_mixin.py:190} INFO - [2024-10-05T13:43:50.906-0400] {dag.py:3239} INFO - Sync 1 DAGs
[2024-10-05T13:43:50.952-0400] {logging_mixin.py:190} INFO - [2024-10-05T13:43:50.952-0400] {dag.py:4180} INFO - Setting next_dagrun for example_sensor_decorator to None, run_after=None
[2024-10-05T13:43:51.441-0400] {processor.py:208} INFO - Processing /home/patrick/.cache/pypoetry/virtualenvs/airflow-wPbgcfzP-py3.10/lib/python3.10/site-packages/airflow/example_dags/example_sensor_decorator.py took 3.969 seconds
[2024-10-05T13:45:34.698-0400] {processor.py:186} INFO - Started process (PID=5579) to work on /home/patrick/.cache/pypoetry/virtualenvs/airflow-wPbgcfzP-py3.10/lib/python3.10/site-packages/airflow/example_dags/example_sensor_decorator.py
[2024-10-05T13:45:34.699-0400] {processor.py:914} INFO - Processing file /home/patrick/.cache/pypoetry/virtualenvs/airflow-wPbgcfzP-py3.10/lib/python3.10/site-packages/airflow/example_dags/example_sensor_decorator.py for tasks to queue
[2024-10-05T13:45:34.700-0400] {logging_mixin.py:190} INFO - [2024-10-05T13:45:34.700-0400] {dagbag.py:588} INFO - Filling up the DagBag from /home/patrick/.cache/pypoetry/virtualenvs/airflow-wPbgcfzP-py3.10/lib/python3.10/site-packages/airflow/example_dags/example_sensor_decorator.py
[2024-10-05T13:45:34.705-0400] {processor.py:925} INFO - DAG(s) 'example_sensor_decorator' retrieved from /home/patrick/.cache/pypoetry/virtualenvs/airflow-wPbgcfzP-py3.10/lib/python3.10/site-packages/airflow/example_dags/example_sensor_decorator.py
[2024-10-05T13:45:37.133-0400] {logging_mixin.py:190} INFO - [2024-10-05T13:45:37.132-0400] {dag.py:3239} INFO - Sync 1 DAGs
[2024-10-05T13:45:37.190-0400] {logging_mixin.py:190} INFO - [2024-10-05T13:45:37.190-0400] {dag.py:4180} INFO - Setting next_dagrun for example_sensor_decorator to None, run_after=None
[2024-10-05T13:45:37.800-0400] {processor.py:208} INFO - Processing /home/patrick/.cache/pypoetry/virtualenvs/airflow-wPbgcfzP-py3.10/lib/python3.10/site-packages/airflow/example_dags/example_sensor_decorator.py took 3.105 seconds
[2024-10-05T13:47:16.827-0400] {processor.py:186} INFO - Started process (PID=6020) to work on /home/patrick/.cache/pypoetry/virtualenvs/airflow-wPbgcfzP-py3.10/lib/python3.10/site-packages/airflow/example_dags/example_sensor_decorator.py
[2024-10-05T13:47:16.828-0400] {processor.py:914} INFO - Processing file /home/patrick/.cache/pypoetry/virtualenvs/airflow-wPbgcfzP-py3.10/lib/python3.10/site-packages/airflow/example_dags/example_sensor_decorator.py for tasks to queue
[2024-10-05T13:47:16.829-0400] {logging_mixin.py:190} INFO - [2024-10-05T13:47:16.829-0400] {dagbag.py:588} INFO - Filling up the DagBag from /home/patrick/.cache/pypoetry/virtualenvs/airflow-wPbgcfzP-py3.10/lib/python3.10/site-packages/airflow/example_dags/example_sensor_decorator.py
[2024-10-05T13:47:16.834-0400] {processor.py:925} INFO - DAG(s) 'example_sensor_decorator' retrieved from /home/patrick/.cache/pypoetry/virtualenvs/airflow-wPbgcfzP-py3.10/lib/python3.10/site-packages/airflow/example_dags/example_sensor_decorator.py
[2024-10-05T13:47:18.781-0400] {logging_mixin.py:190} INFO - [2024-10-05T13:47:18.781-0400] {dag.py:3239} INFO - Sync 1 DAGs
[2024-10-05T13:47:18.918-0400] {logging_mixin.py:190} INFO - [2024-10-05T13:47:18.918-0400] {dag.py:4180} INFO - Setting next_dagrun for example_sensor_decorator to None, run_after=None
[2024-10-05T13:47:19.639-0400] {processor.py:208} INFO - Processing /home/patrick/.cache/pypoetry/virtualenvs/airflow-wPbgcfzP-py3.10/lib/python3.10/site-packages/airflow/example_dags/example_sensor_decorator.py took 2.816 seconds
[2024-10-05T13:49:35.113-0400] {processor.py:186} INFO - Started process (PID=6611) to work on /home/patrick/.cache/pypoetry/virtualenvs/airflow-wPbgcfzP-py3.10/lib/python3.10/site-packages/airflow/example_dags/example_sensor_decorator.py
[2024-10-05T13:49:35.114-0400] {processor.py:914} INFO - Processing file /home/patrick/.cache/pypoetry/virtualenvs/airflow-wPbgcfzP-py3.10/lib/python3.10/site-packages/airflow/example_dags/example_sensor_decorator.py for tasks to queue
[2024-10-05T13:49:35.115-0400] {logging_mixin.py:190} INFO - [2024-10-05T13:49:35.115-0400] {dagbag.py:588} INFO - Filling up the DagBag from /home/patrick/.cache/pypoetry/virtualenvs/airflow-wPbgcfzP-py3.10/lib/python3.10/site-packages/airflow/example_dags/example_sensor_decorator.py
[2024-10-05T13:49:35.121-0400] {processor.py:925} INFO - DAG(s) 'example_sensor_decorator' retrieved from /home/patrick/.cache/pypoetry/virtualenvs/airflow-wPbgcfzP-py3.10/lib/python3.10/site-packages/airflow/example_dags/example_sensor_decorator.py
[2024-10-05T13:49:37.946-0400] {logging_mixin.py:190} INFO - [2024-10-05T13:49:37.946-0400] {dag.py:3239} INFO - Sync 1 DAGs
[2024-10-05T13:49:38.009-0400] {logging_mixin.py:190} INFO - [2024-10-05T13:49:38.009-0400] {dag.py:4180} INFO - Setting next_dagrun for example_sensor_decorator to None, run_after=None
[2024-10-05T13:49:38.575-0400] {processor.py:208} INFO - Processing /home/patrick/.cache/pypoetry/virtualenvs/airflow-wPbgcfzP-py3.10/lib/python3.10/site-packages/airflow/example_dags/example_sensor_decorator.py took 3.466 seconds
[2024-10-05T13:51:37.793-0400] {processor.py:186} INFO - Started process (PID=7210) to work on /home/patrick/.cache/pypoetry/virtualenvs/airflow-wPbgcfzP-py3.10/lib/python3.10/site-packages/airflow/example_dags/example_sensor_decorator.py
[2024-10-05T13:51:37.794-0400] {processor.py:914} INFO - Processing file /home/patrick/.cache/pypoetry/virtualenvs/airflow-wPbgcfzP-py3.10/lib/python3.10/site-packages/airflow/example_dags/example_sensor_decorator.py for tasks to queue
[2024-10-05T13:51:37.795-0400] {logging_mixin.py:190} INFO - [2024-10-05T13:51:37.795-0400] {dagbag.py:588} INFO - Filling up the DagBag from /home/patrick/.cache/pypoetry/virtualenvs/airflow-wPbgcfzP-py3.10/lib/python3.10/site-packages/airflow/example_dags/example_sensor_decorator.py
[2024-10-05T13:51:37.799-0400] {processor.py:925} INFO - DAG(s) 'example_sensor_decorator' retrieved from /home/patrick/.cache/pypoetry/virtualenvs/airflow-wPbgcfzP-py3.10/lib/python3.10/site-packages/airflow/example_dags/example_sensor_decorator.py
[2024-10-05T13:51:41.744-0400] {logging_mixin.py:190} INFO - [2024-10-05T13:51:41.743-0400] {dag.py:3239} INFO - Sync 1 DAGs
[2024-10-05T13:51:41.843-0400] {logging_mixin.py:190} INFO - [2024-10-05T13:51:41.843-0400] {dag.py:4180} INFO - Setting next_dagrun for example_sensor_decorator to None, run_after=None
[2024-10-05T13:51:42.437-0400] {processor.py:208} INFO - Processing /home/patrick/.cache/pypoetry/virtualenvs/airflow-wPbgcfzP-py3.10/lib/python3.10/site-packages/airflow/example_dags/example_sensor_decorator.py took 4.647 seconds
