[2024-10-05T13:29:12.705-0400] {processor.py:186} INFO - Started process (PID=1161) to work on /home/patrick/.cache/pypoetry/virtualenvs/airflow-wPbgcfzP-py3.10/lib/python3.10/site-packages/airflow/example_dags/example_sla_dag.py
[2024-10-05T13:29:12.706-0400] {processor.py:914} INFO - Processing file /home/patrick/.cache/pypoetry/virtualenvs/airflow-wPbgcfzP-py3.10/lib/python3.10/site-packages/airflow/example_dags/example_sla_dag.py for tasks to queue
[2024-10-05T13:29:12.707-0400] {logging_mixin.py:190} INFO - [2024-10-05T13:29:12.707-0400] {dagbag.py:588} INFO - Filling up the DagBag from /home/patrick/.cache/pypoetry/virtualenvs/airflow-wPbgcfzP-py3.10/lib/python3.10/site-packages/airflow/example_dags/example_sla_dag.py
[2024-10-05T13:29:12.714-0400] {processor.py:925} INFO - DAG(s) 'example_sla_dag' retrieved from /home/patrick/.cache/pypoetry/virtualenvs/airflow-wPbgcfzP-py3.10/lib/python3.10/site-packages/airflow/example_dags/example_sla_dag.py
[2024-10-05T13:29:17.447-0400] {logging_mixin.py:190} INFO - [2024-10-05T13:29:17.446-0400] {dag.py:3239} INFO - Sync 1 DAGs
[2024-10-05T13:29:17.665-0400] {logging_mixin.py:190} INFO - [2024-10-05T13:29:17.664-0400] {dag.py:4180} INFO - Setting next_dagrun for example_sla_dag to 2024-10-05 17:26:00+00:00, run_after=2024-10-05 17:28:00+00:00
[2024-10-05T13:29:18.340-0400] {processor.py:208} INFO - Processing /home/patrick/.cache/pypoetry/virtualenvs/airflow-wPbgcfzP-py3.10/lib/python3.10/site-packages/airflow/example_dags/example_sla_dag.py took 5.640 seconds
[2024-10-05T13:33:54.663-0400] {processor.py:186} INFO - Started process (PID=2435) to work on /home/patrick/.cache/pypoetry/virtualenvs/airflow-wPbgcfzP-py3.10/lib/python3.10/site-packages/airflow/example_dags/example_sla_dag.py
[2024-10-05T13:33:54.664-0400] {processor.py:914} INFO - Processing file /home/patrick/.cache/pypoetry/virtualenvs/airflow-wPbgcfzP-py3.10/lib/python3.10/site-packages/airflow/example_dags/example_sla_dag.py for tasks to queue
[2024-10-05T13:33:54.665-0400] {logging_mixin.py:190} INFO - [2024-10-05T13:33:54.665-0400] {dagbag.py:588} INFO - Filling up the DagBag from /home/patrick/.cache/pypoetry/virtualenvs/airflow-wPbgcfzP-py3.10/lib/python3.10/site-packages/airflow/example_dags/example_sla_dag.py
[2024-10-05T13:33:54.671-0400] {processor.py:925} INFO - DAG(s) 'example_sla_dag' retrieved from /home/patrick/.cache/pypoetry/virtualenvs/airflow-wPbgcfzP-py3.10/lib/python3.10/site-packages/airflow/example_dags/example_sla_dag.py
[2024-10-05T13:34:00.118-0400] {logging_mixin.py:190} INFO - [2024-10-05T13:34:00.118-0400] {dag.py:3239} INFO - Sync 1 DAGs
[2024-10-05T13:34:00.715-0400] {logging_mixin.py:190} INFO - [2024-10-05T13:34:00.715-0400] {dag.py:4180} INFO - Setting next_dagrun for example_sla_dag to 2024-10-05 17:32:00+00:00, run_after=2024-10-05 17:34:00+00:00
[2024-10-05T13:34:01.526-0400] {processor.py:208} INFO - Processing /home/patrick/.cache/pypoetry/virtualenvs/airflow-wPbgcfzP-py3.10/lib/python3.10/site-packages/airflow/example_dags/example_sla_dag.py took 6.867 seconds
[2024-10-05T13:36:51.723-0400] {processor.py:186} INFO - Started process (PID=3301) to work on /home/patrick/.cache/pypoetry/virtualenvs/airflow-wPbgcfzP-py3.10/lib/python3.10/site-packages/airflow/example_dags/example_sla_dag.py
[2024-10-05T13:36:51.724-0400] {processor.py:914} INFO - Processing file /home/patrick/.cache/pypoetry/virtualenvs/airflow-wPbgcfzP-py3.10/lib/python3.10/site-packages/airflow/example_dags/example_sla_dag.py for tasks to queue
[2024-10-05T13:36:51.725-0400] {logging_mixin.py:190} INFO - [2024-10-05T13:36:51.725-0400] {dagbag.py:588} INFO - Filling up the DagBag from /home/patrick/.cache/pypoetry/virtualenvs/airflow-wPbgcfzP-py3.10/lib/python3.10/site-packages/airflow/example_dags/example_sla_dag.py
[2024-10-05T13:36:51.732-0400] {processor.py:925} INFO - DAG(s) 'example_sla_dag' retrieved from /home/patrick/.cache/pypoetry/virtualenvs/airflow-wPbgcfzP-py3.10/lib/python3.10/site-packages/airflow/example_dags/example_sla_dag.py
[2024-10-05T13:36:56.091-0400] {logging_mixin.py:190} INFO - [2024-10-05T13:36:56.090-0400] {dag.py:3239} INFO - Sync 1 DAGs
[2024-10-05T13:36:56.265-0400] {logging_mixin.py:190} INFO - [2024-10-05T13:36:56.264-0400] {dag.py:4180} INFO - Setting next_dagrun for example_sla_dag to 2024-10-05 17:34:00+00:00, run_after=2024-10-05 17:36:00+00:00
[2024-10-05T13:36:56.808-0400] {processor.py:208} INFO - Processing /home/patrick/.cache/pypoetry/virtualenvs/airflow-wPbgcfzP-py3.10/lib/python3.10/site-packages/airflow/example_dags/example_sla_dag.py took 5.088 seconds
[2024-10-05T13:39:26.372-0400] {processor.py:186} INFO - Started process (PID=3993) to work on /home/patrick/.cache/pypoetry/virtualenvs/airflow-wPbgcfzP-py3.10/lib/python3.10/site-packages/airflow/example_dags/example_sla_dag.py
[2024-10-05T13:39:26.373-0400] {processor.py:914} INFO - Processing file /home/patrick/.cache/pypoetry/virtualenvs/airflow-wPbgcfzP-py3.10/lib/python3.10/site-packages/airflow/example_dags/example_sla_dag.py for tasks to queue
[2024-10-05T13:39:26.374-0400] {logging_mixin.py:190} INFO - [2024-10-05T13:39:26.374-0400] {dagbag.py:588} INFO - Filling up the DagBag from /home/patrick/.cache/pypoetry/virtualenvs/airflow-wPbgcfzP-py3.10/lib/python3.10/site-packages/airflow/example_dags/example_sla_dag.py
[2024-10-05T13:39:26.380-0400] {processor.py:925} INFO - DAG(s) 'example_sla_dag' retrieved from /home/patrick/.cache/pypoetry/virtualenvs/airflow-wPbgcfzP-py3.10/lib/python3.10/site-packages/airflow/example_dags/example_sla_dag.py
[2024-10-05T13:39:34.139-0400] {logging_mixin.py:190} INFO - [2024-10-05T13:39:34.138-0400] {dag.py:3239} INFO - Sync 1 DAGs
[2024-10-05T13:39:34.628-0400] {logging_mixin.py:190} INFO - [2024-10-05T13:39:34.628-0400] {dag.py:4180} INFO - Setting next_dagrun for example_sla_dag to 2024-10-05 17:36:00+00:00, run_after=2024-10-05 17:38:00+00:00
[2024-10-05T13:39:35.298-0400] {processor.py:208} INFO - Processing /home/patrick/.cache/pypoetry/virtualenvs/airflow-wPbgcfzP-py3.10/lib/python3.10/site-packages/airflow/example_dags/example_sla_dag.py took 8.930 seconds
[2024-10-05T13:41:43.653-0400] {processor.py:186} INFO - Started process (PID=4582) to work on /home/patrick/.cache/pypoetry/virtualenvs/airflow-wPbgcfzP-py3.10/lib/python3.10/site-packages/airflow/example_dags/example_sla_dag.py
[2024-10-05T13:41:43.654-0400] {processor.py:914} INFO - Processing file /home/patrick/.cache/pypoetry/virtualenvs/airflow-wPbgcfzP-py3.10/lib/python3.10/site-packages/airflow/example_dags/example_sla_dag.py for tasks to queue
[2024-10-05T13:41:43.655-0400] {logging_mixin.py:190} INFO - [2024-10-05T13:41:43.655-0400] {dagbag.py:588} INFO - Filling up the DagBag from /home/patrick/.cache/pypoetry/virtualenvs/airflow-wPbgcfzP-py3.10/lib/python3.10/site-packages/airflow/example_dags/example_sla_dag.py
[2024-10-05T13:41:43.661-0400] {processor.py:925} INFO - DAG(s) 'example_sla_dag' retrieved from /home/patrick/.cache/pypoetry/virtualenvs/airflow-wPbgcfzP-py3.10/lib/python3.10/site-packages/airflow/example_dags/example_sla_dag.py
[2024-10-05T13:41:46.392-0400] {logging_mixin.py:190} INFO - [2024-10-05T13:41:46.392-0400] {dag.py:3239} INFO - Sync 1 DAGs
[2024-10-05T13:41:46.552-0400] {logging_mixin.py:190} INFO - [2024-10-05T13:41:46.552-0400] {dag.py:4180} INFO - Setting next_dagrun for example_sla_dag to 2024-10-05 17:38:00+00:00, run_after=2024-10-05 17:40:00+00:00
[2024-10-05T13:41:47.116-0400] {processor.py:208} INFO - Processing /home/patrick/.cache/pypoetry/virtualenvs/airflow-wPbgcfzP-py3.10/lib/python3.10/site-packages/airflow/example_dags/example_sla_dag.py took 3.466 seconds
[2024-10-05T13:44:03.608-0400] {processor.py:186} INFO - Started process (PID=5184) to work on /home/patrick/.cache/pypoetry/virtualenvs/airflow-wPbgcfzP-py3.10/lib/python3.10/site-packages/airflow/example_dags/example_sla_dag.py
[2024-10-05T13:44:03.609-0400] {processor.py:914} INFO - Processing file /home/patrick/.cache/pypoetry/virtualenvs/airflow-wPbgcfzP-py3.10/lib/python3.10/site-packages/airflow/example_dags/example_sla_dag.py for tasks to queue
[2024-10-05T13:44:03.611-0400] {logging_mixin.py:190} INFO - [2024-10-05T13:44:03.610-0400] {dagbag.py:588} INFO - Filling up the DagBag from /home/patrick/.cache/pypoetry/virtualenvs/airflow-wPbgcfzP-py3.10/lib/python3.10/site-packages/airflow/example_dags/example_sla_dag.py
[2024-10-05T13:44:03.616-0400] {processor.py:925} INFO - DAG(s) 'example_sla_dag' retrieved from /home/patrick/.cache/pypoetry/virtualenvs/airflow-wPbgcfzP-py3.10/lib/python3.10/site-packages/airflow/example_dags/example_sla_dag.py
[2024-10-05T13:44:06.810-0400] {logging_mixin.py:190} INFO - [2024-10-05T13:44:06.809-0400] {dag.py:3239} INFO - Sync 1 DAGs
[2024-10-05T13:44:06.978-0400] {logging_mixin.py:190} INFO - [2024-10-05T13:44:06.978-0400] {dag.py:4180} INFO - Setting next_dagrun for example_sla_dag to 2024-10-05 17:42:00+00:00, run_after=2024-10-05 17:44:00+00:00
[2024-10-05T13:44:07.648-0400] {processor.py:208} INFO - Processing /home/patrick/.cache/pypoetry/virtualenvs/airflow-wPbgcfzP-py3.10/lib/python3.10/site-packages/airflow/example_dags/example_sla_dag.py took 4.043 seconds
[2024-10-05T13:45:54.352-0400] {processor.py:186} INFO - Started process (PID=5664) to work on /home/patrick/.cache/pypoetry/virtualenvs/airflow-wPbgcfzP-py3.10/lib/python3.10/site-packages/airflow/example_dags/example_sla_dag.py
[2024-10-05T13:45:54.354-0400] {processor.py:914} INFO - Processing file /home/patrick/.cache/pypoetry/virtualenvs/airflow-wPbgcfzP-py3.10/lib/python3.10/site-packages/airflow/example_dags/example_sla_dag.py for tasks to queue
[2024-10-05T13:45:54.355-0400] {logging_mixin.py:190} INFO - [2024-10-05T13:45:54.355-0400] {dagbag.py:588} INFO - Filling up the DagBag from /home/patrick/.cache/pypoetry/virtualenvs/airflow-wPbgcfzP-py3.10/lib/python3.10/site-packages/airflow/example_dags/example_sla_dag.py
[2024-10-05T13:45:54.361-0400] {processor.py:925} INFO - DAG(s) 'example_sla_dag' retrieved from /home/patrick/.cache/pypoetry/virtualenvs/airflow-wPbgcfzP-py3.10/lib/python3.10/site-packages/airflow/example_dags/example_sla_dag.py
[2024-10-05T13:45:56.600-0400] {logging_mixin.py:190} INFO - [2024-10-05T13:45:56.600-0400] {dag.py:3239} INFO - Sync 1 DAGs
[2024-10-05T13:45:56.750-0400] {logging_mixin.py:190} INFO - [2024-10-05T13:45:56.750-0400] {dag.py:4180} INFO - Setting next_dagrun for example_sla_dag to 2024-10-05 17:42:00+00:00, run_after=2024-10-05 17:44:00+00:00
[2024-10-05T13:45:57.355-0400] {processor.py:208} INFO - Processing /home/patrick/.cache/pypoetry/virtualenvs/airflow-wPbgcfzP-py3.10/lib/python3.10/site-packages/airflow/example_dags/example_sla_dag.py took 3.006 seconds
[2024-10-05T13:47:33.812-0400] {processor.py:186} INFO - Started process (PID=6095) to work on /home/patrick/.cache/pypoetry/virtualenvs/airflow-wPbgcfzP-py3.10/lib/python3.10/site-packages/airflow/example_dags/example_sla_dag.py
[2024-10-05T13:47:33.813-0400] {processor.py:914} INFO - Processing file /home/patrick/.cache/pypoetry/virtualenvs/airflow-wPbgcfzP-py3.10/lib/python3.10/site-packages/airflow/example_dags/example_sla_dag.py for tasks to queue
[2024-10-05T13:47:33.814-0400] {logging_mixin.py:190} INFO - [2024-10-05T13:47:33.814-0400] {dagbag.py:588} INFO - Filling up the DagBag from /home/patrick/.cache/pypoetry/virtualenvs/airflow-wPbgcfzP-py3.10/lib/python3.10/site-packages/airflow/example_dags/example_sla_dag.py
[2024-10-05T13:47:33.820-0400] {processor.py:925} INFO - DAG(s) 'example_sla_dag' retrieved from /home/patrick/.cache/pypoetry/virtualenvs/airflow-wPbgcfzP-py3.10/lib/python3.10/site-packages/airflow/example_dags/example_sla_dag.py
[2024-10-05T13:47:35.867-0400] {logging_mixin.py:190} INFO - [2024-10-05T13:47:35.867-0400] {dag.py:3239} INFO - Sync 1 DAGs
[2024-10-05T13:47:36.073-0400] {logging_mixin.py:190} INFO - [2024-10-05T13:47:36.073-0400] {dag.py:4180} INFO - Setting next_dagrun for example_sla_dag to 2024-10-05 17:44:00+00:00, run_after=2024-10-05 17:46:00+00:00
[2024-10-05T13:47:36.931-0400] {processor.py:208} INFO - Processing /home/patrick/.cache/pypoetry/virtualenvs/airflow-wPbgcfzP-py3.10/lib/python3.10/site-packages/airflow/example_dags/example_sla_dag.py took 3.123 seconds
[2024-10-05T13:49:47.639-0400] {processor.py:186} INFO - Started process (PID=6669) to work on /home/patrick/.cache/pypoetry/virtualenvs/airflow-wPbgcfzP-py3.10/lib/python3.10/site-packages/airflow/example_dags/example_sla_dag.py
[2024-10-05T13:49:47.640-0400] {processor.py:914} INFO - Processing file /home/patrick/.cache/pypoetry/virtualenvs/airflow-wPbgcfzP-py3.10/lib/python3.10/site-packages/airflow/example_dags/example_sla_dag.py for tasks to queue
[2024-10-05T13:49:47.641-0400] {logging_mixin.py:190} INFO - [2024-10-05T13:49:47.641-0400] {dagbag.py:588} INFO - Filling up the DagBag from /home/patrick/.cache/pypoetry/virtualenvs/airflow-wPbgcfzP-py3.10/lib/python3.10/site-packages/airflow/example_dags/example_sla_dag.py
[2024-10-05T13:49:47.648-0400] {processor.py:925} INFO - DAG(s) 'example_sla_dag' retrieved from /home/patrick/.cache/pypoetry/virtualenvs/airflow-wPbgcfzP-py3.10/lib/python3.10/site-packages/airflow/example_dags/example_sla_dag.py
[2024-10-05T13:49:50.003-0400] {logging_mixin.py:190} INFO - [2024-10-05T13:49:50.002-0400] {dag.py:3239} INFO - Sync 1 DAGs
[2024-10-05T13:49:50.578-0400] {logging_mixin.py:190} INFO - [2024-10-05T13:49:50.578-0400] {dag.py:4180} INFO - Setting next_dagrun for example_sla_dag to 2024-10-05 17:46:00+00:00, run_after=2024-10-05 17:48:00+00:00
[2024-10-05T13:49:51.219-0400] {processor.py:208} INFO - Processing /home/patrick/.cache/pypoetry/virtualenvs/airflow-wPbgcfzP-py3.10/lib/python3.10/site-packages/airflow/example_dags/example_sla_dag.py took 3.584 seconds
[2024-10-05T13:51:53.199-0400] {processor.py:186} INFO - Started process (PID=7278) to work on /home/patrick/.cache/pypoetry/virtualenvs/airflow-wPbgcfzP-py3.10/lib/python3.10/site-packages/airflow/example_dags/example_sla_dag.py
[2024-10-05T13:51:53.200-0400] {processor.py:914} INFO - Processing file /home/patrick/.cache/pypoetry/virtualenvs/airflow-wPbgcfzP-py3.10/lib/python3.10/site-packages/airflow/example_dags/example_sla_dag.py for tasks to queue
[2024-10-05T13:51:53.201-0400] {logging_mixin.py:190} INFO - [2024-10-05T13:51:53.201-0400] {dagbag.py:588} INFO - Filling up the DagBag from /home/patrick/.cache/pypoetry/virtualenvs/airflow-wPbgcfzP-py3.10/lib/python3.10/site-packages/airflow/example_dags/example_sla_dag.py
[2024-10-05T13:51:53.207-0400] {processor.py:925} INFO - DAG(s) 'example_sla_dag' retrieved from /home/patrick/.cache/pypoetry/virtualenvs/airflow-wPbgcfzP-py3.10/lib/python3.10/site-packages/airflow/example_dags/example_sla_dag.py
[2024-10-05T13:51:54.457-0400] {logging_mixin.py:190} INFO - [2024-10-05T13:51:54.457-0400] {dag.py:3239} INFO - Sync 1 DAGs
[2024-10-05T13:51:54.586-0400] {logging_mixin.py:190} INFO - [2024-10-05T13:51:54.586-0400] {dag.py:4180} INFO - Setting next_dagrun for example_sla_dag to 2024-10-05 17:48:00+00:00, run_after=2024-10-05 17:50:00+00:00
[2024-10-05T13:51:55.208-0400] {processor.py:208} INFO - Processing /home/patrick/.cache/pypoetry/virtualenvs/airflow-wPbgcfzP-py3.10/lib/python3.10/site-packages/airflow/example_dags/example_sla_dag.py took 2.012 seconds
