[2024-10-05T13:29:57.827-0400] {processor.py:186} INFO - Started process (PID=1381) to work on /home/patrick/.cache/pypoetry/virtualenvs/airflow-wPbgcfzP-py3.10/lib/python3.10/site-packages/airflow/example_dags/example_branch_labels.py
[2024-10-05T13:29:57.827-0400] {processor.py:914} INFO - Processing file /home/patrick/.cache/pypoetry/virtualenvs/airflow-wPbgcfzP-py3.10/lib/python3.10/site-packages/airflow/example_dags/example_branch_labels.py for tasks to queue
[2024-10-05T13:29:57.829-0400] {logging_mixin.py:190} INFO - [2024-10-05T13:29:57.829-0400] {dagbag.py:588} INFO - Filling up the DagBag from /home/patrick/.cache/pypoetry/virtualenvs/airflow-wPbgcfzP-py3.10/lib/python3.10/site-packages/airflow/example_dags/example_branch_labels.py
[2024-10-05T13:29:57.834-0400] {processor.py:925} INFO - DAG(s) 'example_branch_labels' retrieved from /home/patrick/.cache/pypoetry/virtualenvs/airflow-wPbgcfzP-py3.10/lib/python3.10/site-packages/airflow/example_dags/example_branch_labels.py
[2024-10-05T13:30:02.609-0400] {logging_mixin.py:190} INFO - [2024-10-05T13:30:02.609-0400] {dag.py:3239} INFO - Sync 1 DAGs
[2024-10-05T13:30:03.049-0400] {logging_mixin.py:190} INFO - [2024-10-05T13:30:03.049-0400] {dag.py:4180} INFO - Setting next_dagrun for example_branch_labels to 2024-10-04 00:00:00+00:00, run_after=2024-10-05 00:00:00+00:00
[2024-10-05T13:30:04.239-0400] {processor.py:208} INFO - Processing /home/patrick/.cache/pypoetry/virtualenvs/airflow-wPbgcfzP-py3.10/lib/python3.10/site-packages/airflow/example_dags/example_branch_labels.py took 6.417 seconds
[2024-10-05T13:34:54.244-0400] {processor.py:186} INFO - Started process (PID=2700) to work on /home/patrick/.cache/pypoetry/virtualenvs/airflow-wPbgcfzP-py3.10/lib/python3.10/site-packages/airflow/example_dags/example_branch_labels.py
[2024-10-05T13:34:54.245-0400] {processor.py:914} INFO - Processing file /home/patrick/.cache/pypoetry/virtualenvs/airflow-wPbgcfzP-py3.10/lib/python3.10/site-packages/airflow/example_dags/example_branch_labels.py for tasks to queue
[2024-10-05T13:34:54.247-0400] {logging_mixin.py:190} INFO - [2024-10-05T13:34:54.246-0400] {dagbag.py:588} INFO - Filling up the DagBag from /home/patrick/.cache/pypoetry/virtualenvs/airflow-wPbgcfzP-py3.10/lib/python3.10/site-packages/airflow/example_dags/example_branch_labels.py
[2024-10-05T13:34:54.254-0400] {processor.py:925} INFO - DAG(s) 'example_branch_labels' retrieved from /home/patrick/.cache/pypoetry/virtualenvs/airflow-wPbgcfzP-py3.10/lib/python3.10/site-packages/airflow/example_dags/example_branch_labels.py
[2024-10-05T13:34:55.961-0400] {logging_mixin.py:190} INFO - [2024-10-05T13:34:55.960-0400] {dag.py:3239} INFO - Sync 1 DAGs
[2024-10-05T13:34:56.093-0400] {logging_mixin.py:190} INFO - [2024-10-05T13:34:56.093-0400] {dag.py:4180} INFO - Setting next_dagrun for example_branch_labels to 2024-10-04 00:00:00+00:00, run_after=2024-10-05 00:00:00+00:00
[2024-10-05T13:34:56.679-0400] {processor.py:208} INFO - Processing /home/patrick/.cache/pypoetry/virtualenvs/airflow-wPbgcfzP-py3.10/lib/python3.10/site-packages/airflow/example_dags/example_branch_labels.py took 2.439 seconds
[2024-10-05T13:37:37.662-0400] {processor.py:186} INFO - Started process (PID=3505) to work on /home/patrick/.cache/pypoetry/virtualenvs/airflow-wPbgcfzP-py3.10/lib/python3.10/site-packages/airflow/example_dags/example_branch_labels.py
[2024-10-05T13:37:37.663-0400] {processor.py:914} INFO - Processing file /home/patrick/.cache/pypoetry/virtualenvs/airflow-wPbgcfzP-py3.10/lib/python3.10/site-packages/airflow/example_dags/example_branch_labels.py for tasks to queue
[2024-10-05T13:37:37.664-0400] {logging_mixin.py:190} INFO - [2024-10-05T13:37:37.664-0400] {dagbag.py:588} INFO - Filling up the DagBag from /home/patrick/.cache/pypoetry/virtualenvs/airflow-wPbgcfzP-py3.10/lib/python3.10/site-packages/airflow/example_dags/example_branch_labels.py
[2024-10-05T13:37:37.670-0400] {processor.py:925} INFO - DAG(s) 'example_branch_labels' retrieved from /home/patrick/.cache/pypoetry/virtualenvs/airflow-wPbgcfzP-py3.10/lib/python3.10/site-packages/airflow/example_dags/example_branch_labels.py
[2024-10-05T13:37:40.631-0400] {logging_mixin.py:190} INFO - [2024-10-05T13:37:40.631-0400] {dag.py:3239} INFO - Sync 1 DAGs
[2024-10-05T13:37:40.780-0400] {logging_mixin.py:190} INFO - [2024-10-05T13:37:40.780-0400] {dag.py:4180} INFO - Setting next_dagrun for example_branch_labels to 2024-10-04 00:00:00+00:00, run_after=2024-10-05 00:00:00+00:00
[2024-10-05T13:37:41.839-0400] {processor.py:208} INFO - Processing /home/patrick/.cache/pypoetry/virtualenvs/airflow-wPbgcfzP-py3.10/lib/python3.10/site-packages/airflow/example_dags/example_branch_labels.py took 4.180 seconds
[2024-10-05T13:42:46.099-0400] {processor.py:186} INFO - Started process (PID=4844) to work on /home/patrick/.cache/pypoetry/virtualenvs/airflow-wPbgcfzP-py3.10/lib/python3.10/site-packages/airflow/example_dags/example_branch_labels.py
[2024-10-05T13:42:46.099-0400] {processor.py:914} INFO - Processing file /home/patrick/.cache/pypoetry/virtualenvs/airflow-wPbgcfzP-py3.10/lib/python3.10/site-packages/airflow/example_dags/example_branch_labels.py for tasks to queue
[2024-10-05T13:42:46.101-0400] {logging_mixin.py:190} INFO - [2024-10-05T13:42:46.101-0400] {dagbag.py:588} INFO - Filling up the DagBag from /home/patrick/.cache/pypoetry/virtualenvs/airflow-wPbgcfzP-py3.10/lib/python3.10/site-packages/airflow/example_dags/example_branch_labels.py
[2024-10-05T13:42:46.107-0400] {processor.py:925} INFO - DAG(s) 'example_branch_labels' retrieved from /home/patrick/.cache/pypoetry/virtualenvs/airflow-wPbgcfzP-py3.10/lib/python3.10/site-packages/airflow/example_dags/example_branch_labels.py
[2024-10-05T13:42:53.352-0400] {logging_mixin.py:190} INFO - [2024-10-05T13:42:53.352-0400] {dag.py:3239} INFO - Sync 1 DAGs
[2024-10-05T13:42:53.663-0400] {logging_mixin.py:190} INFO - [2024-10-05T13:42:53.663-0400] {dag.py:4180} INFO - Setting next_dagrun for example_branch_labels to 2024-10-04 00:00:00+00:00, run_after=2024-10-05 00:00:00+00:00
[2024-10-05T13:42:54.621-0400] {processor.py:208} INFO - Processing /home/patrick/.cache/pypoetry/virtualenvs/airflow-wPbgcfzP-py3.10/lib/python3.10/site-packages/airflow/example_dags/example_branch_labels.py took 8.526 seconds
[2024-10-05T13:46:04.526-0400] {processor.py:186} INFO - Started process (PID=5710) to work on /home/patrick/.cache/pypoetry/virtualenvs/airflow-wPbgcfzP-py3.10/lib/python3.10/site-packages/airflow/example_dags/example_branch_labels.py
[2024-10-05T13:46:04.527-0400] {processor.py:914} INFO - Processing file /home/patrick/.cache/pypoetry/virtualenvs/airflow-wPbgcfzP-py3.10/lib/python3.10/site-packages/airflow/example_dags/example_branch_labels.py for tasks to queue
[2024-10-05T13:46:04.528-0400] {logging_mixin.py:190} INFO - [2024-10-05T13:46:04.528-0400] {dagbag.py:588} INFO - Filling up the DagBag from /home/patrick/.cache/pypoetry/virtualenvs/airflow-wPbgcfzP-py3.10/lib/python3.10/site-packages/airflow/example_dags/example_branch_labels.py
[2024-10-05T13:46:04.533-0400] {processor.py:925} INFO - DAG(s) 'example_branch_labels' retrieved from /home/patrick/.cache/pypoetry/virtualenvs/airflow-wPbgcfzP-py3.10/lib/python3.10/site-packages/airflow/example_dags/example_branch_labels.py
[2024-10-05T13:46:08.866-0400] {logging_mixin.py:190} INFO - [2024-10-05T13:46:08.865-0400] {dag.py:3239} INFO - Sync 1 DAGs
[2024-10-05T13:46:09.469-0400] {logging_mixin.py:190} INFO - [2024-10-05T13:46:09.468-0400] {dag.py:4180} INFO - Setting next_dagrun for example_branch_labels to 2024-10-04 00:00:00+00:00, run_after=2024-10-05 00:00:00+00:00
[2024-10-05T13:46:10.844-0400] {processor.py:208} INFO - Processing /home/patrick/.cache/pypoetry/virtualenvs/airflow-wPbgcfzP-py3.10/lib/python3.10/site-packages/airflow/example_dags/example_branch_labels.py took 6.322 seconds
[2024-10-05T13:48:28.967-0400] {processor.py:186} INFO - Started process (PID=6329) to work on /home/patrick/.cache/pypoetry/virtualenvs/airflow-wPbgcfzP-py3.10/lib/python3.10/site-packages/airflow/example_dags/example_branch_labels.py
[2024-10-05T13:48:28.967-0400] {processor.py:914} INFO - Processing file /home/patrick/.cache/pypoetry/virtualenvs/airflow-wPbgcfzP-py3.10/lib/python3.10/site-packages/airflow/example_dags/example_branch_labels.py for tasks to queue
[2024-10-05T13:48:28.969-0400] {logging_mixin.py:190} INFO - [2024-10-05T13:48:28.969-0400] {dagbag.py:588} INFO - Filling up the DagBag from /home/patrick/.cache/pypoetry/virtualenvs/airflow-wPbgcfzP-py3.10/lib/python3.10/site-packages/airflow/example_dags/example_branch_labels.py
[2024-10-05T13:48:28.974-0400] {processor.py:925} INFO - DAG(s) 'example_branch_labels' retrieved from /home/patrick/.cache/pypoetry/virtualenvs/airflow-wPbgcfzP-py3.10/lib/python3.10/site-packages/airflow/example_dags/example_branch_labels.py
[2024-10-05T13:48:38.504-0400] {logging_mixin.py:190} INFO - [2024-10-05T13:48:38.504-0400] {dag.py:3239} INFO - Sync 1 DAGs
[2024-10-05T13:48:38.809-0400] {logging_mixin.py:190} INFO - [2024-10-05T13:48:38.809-0400] {dag.py:4180} INFO - Setting next_dagrun for example_branch_labels to 2024-10-04 00:00:00+00:00, run_after=2024-10-05 00:00:00+00:00
[2024-10-05T13:48:39.560-0400] {processor.py:208} INFO - Processing /home/patrick/.cache/pypoetry/virtualenvs/airflow-wPbgcfzP-py3.10/lib/python3.10/site-packages/airflow/example_dags/example_branch_labels.py took 10.596 seconds
[2024-10-05T13:52:38.778-0400] {processor.py:186} INFO - Started process (PID=7471) to work on /home/patrick/.cache/pypoetry/virtualenvs/airflow-wPbgcfzP-py3.10/lib/python3.10/site-packages/airflow/example_dags/example_branch_labels.py
[2024-10-05T13:52:38.778-0400] {processor.py:914} INFO - Processing file /home/patrick/.cache/pypoetry/virtualenvs/airflow-wPbgcfzP-py3.10/lib/python3.10/site-packages/airflow/example_dags/example_branch_labels.py for tasks to queue
[2024-10-05T13:52:38.780-0400] {logging_mixin.py:190} INFO - [2024-10-05T13:52:38.779-0400] {dagbag.py:588} INFO - Filling up the DagBag from /home/patrick/.cache/pypoetry/virtualenvs/airflow-wPbgcfzP-py3.10/lib/python3.10/site-packages/airflow/example_dags/example_branch_labels.py
[2024-10-05T13:52:38.785-0400] {processor.py:925} INFO - DAG(s) 'example_branch_labels' retrieved from /home/patrick/.cache/pypoetry/virtualenvs/airflow-wPbgcfzP-py3.10/lib/python3.10/site-packages/airflow/example_dags/example_branch_labels.py
[2024-10-05T13:52:42.904-0400] {logging_mixin.py:190} INFO - [2024-10-05T13:52:42.904-0400] {dag.py:3239} INFO - Sync 1 DAGs
[2024-10-05T13:52:43.150-0400] {logging_mixin.py:190} INFO - [2024-10-05T13:52:43.149-0400] {dag.py:4180} INFO - Setting next_dagrun for example_branch_labels to 2024-10-04 00:00:00+00:00, run_after=2024-10-05 00:00:00+00:00
[2024-10-05T13:52:43.904-0400] {processor.py:208} INFO - Processing /home/patrick/.cache/pypoetry/virtualenvs/airflow-wPbgcfzP-py3.10/lib/python3.10/site-packages/airflow/example_dags/example_branch_labels.py took 5.130 seconds
