[2024-10-05T13:27:43.154-0400] {processor.py:186} INFO - Started process (PID=765) to work on /home/patrick/.cache/pypoetry/virtualenvs/airflow-wPbgcfzP-py3.10/lib/python3.10/site-packages/airflow/example_dags/example_workday_timetable.py
[2024-10-05T13:27:43.155-0400] {processor.py:914} INFO - Processing file /home/patrick/.cache/pypoetry/virtualenvs/airflow-wPbgcfzP-py3.10/lib/python3.10/site-packages/airflow/example_dags/example_workday_timetable.py for tasks to queue
[2024-10-05T13:27:43.157-0400] {logging_mixin.py:190} INFO - [2024-10-05T13:27:43.156-0400] {dagbag.py:588} INFO - Filling up the DagBag from /home/patrick/.cache/pypoetry/virtualenvs/airflow-wPbgcfzP-py3.10/lib/python3.10/site-packages/airflow/example_dags/example_workday_timetable.py
[2024-10-05T13:27:43.161-0400] {processor.py:925} INFO - DAG(s) 'example_workday_timetable' retrieved from /home/patrick/.cache/pypoetry/virtualenvs/airflow-wPbgcfzP-py3.10/lib/python3.10/site-packages/airflow/example_dags/example_workday_timetable.py
[2024-10-05T13:27:44.702-0400] {logging_mixin.py:190} INFO - [2024-10-05T13:27:44.702-0400] {dag.py:3239} INFO - Sync 1 DAGs
[2024-10-05T13:27:45.264-0400] {logging_mixin.py:190} INFO - [2024-10-05T13:27:45.264-0400] {dag.py:4180} INFO - Setting next_dagrun for example_workday_timetable to 2021-01-04 00:00:00+00:00, run_after=2021-01-05 00:00:00+00:00
[2024-10-05T13:27:46.154-0400] {processor.py:208} INFO - Processing /home/patrick/.cache/pypoetry/virtualenvs/airflow-wPbgcfzP-py3.10/lib/python3.10/site-packages/airflow/example_dags/example_workday_timetable.py took 3.003 seconds
[2024-10-05T13:32:48.966-0400] {processor.py:186} INFO - Started process (PID=2116) to work on /home/patrick/.cache/pypoetry/virtualenvs/airflow-wPbgcfzP-py3.10/lib/python3.10/site-packages/airflow/example_dags/example_workday_timetable.py
[2024-10-05T13:32:48.967-0400] {processor.py:914} INFO - Processing file /home/patrick/.cache/pypoetry/virtualenvs/airflow-wPbgcfzP-py3.10/lib/python3.10/site-packages/airflow/example_dags/example_workday_timetable.py for tasks to queue
[2024-10-05T13:32:48.969-0400] {logging_mixin.py:190} INFO - [2024-10-05T13:32:48.969-0400] {dagbag.py:588} INFO - Filling up the DagBag from /home/patrick/.cache/pypoetry/virtualenvs/airflow-wPbgcfzP-py3.10/lib/python3.10/site-packages/airflow/example_dags/example_workday_timetable.py
[2024-10-05T13:32:48.972-0400] {processor.py:925} INFO - DAG(s) 'example_workday_timetable' retrieved from /home/patrick/.cache/pypoetry/virtualenvs/airflow-wPbgcfzP-py3.10/lib/python3.10/site-packages/airflow/example_dags/example_workday_timetable.py
[2024-10-05T13:32:53.816-0400] {logging_mixin.py:190} INFO - [2024-10-05T13:32:53.816-0400] {dag.py:3239} INFO - Sync 1 DAGs
[2024-10-05T13:32:54.027-0400] {logging_mixin.py:190} INFO - [2024-10-05T13:32:54.027-0400] {dag.py:4180} INFO - Setting next_dagrun for example_workday_timetable to 2021-01-04 00:00:00+00:00, run_after=2021-01-05 00:00:00+00:00
[2024-10-05T13:32:54.596-0400] {processor.py:208} INFO - Processing /home/patrick/.cache/pypoetry/virtualenvs/airflow-wPbgcfzP-py3.10/lib/python3.10/site-packages/airflow/example_dags/example_workday_timetable.py took 5.634 seconds
[2024-10-05T13:35:34.841-0400] {processor.py:186} INFO - Started process (PID=2884) to work on /home/patrick/.cache/pypoetry/virtualenvs/airflow-wPbgcfzP-py3.10/lib/python3.10/site-packages/airflow/example_dags/example_workday_timetable.py
[2024-10-05T13:35:34.842-0400] {processor.py:914} INFO - Processing file /home/patrick/.cache/pypoetry/virtualenvs/airflow-wPbgcfzP-py3.10/lib/python3.10/site-packages/airflow/example_dags/example_workday_timetable.py for tasks to queue
[2024-10-05T13:35:34.843-0400] {logging_mixin.py:190} INFO - [2024-10-05T13:35:34.843-0400] {dagbag.py:588} INFO - Filling up the DagBag from /home/patrick/.cache/pypoetry/virtualenvs/airflow-wPbgcfzP-py3.10/lib/python3.10/site-packages/airflow/example_dags/example_workday_timetable.py
[2024-10-05T13:35:34.847-0400] {processor.py:925} INFO - DAG(s) 'example_workday_timetable' retrieved from /home/patrick/.cache/pypoetry/virtualenvs/airflow-wPbgcfzP-py3.10/lib/python3.10/site-packages/airflow/example_dags/example_workday_timetable.py
[2024-10-05T13:35:36.908-0400] {logging_mixin.py:190} INFO - [2024-10-05T13:35:36.907-0400] {dag.py:3239} INFO - Sync 1 DAGs
[2024-10-05T13:35:37.066-0400] {logging_mixin.py:190} INFO - [2024-10-05T13:35:37.066-0400] {dag.py:4180} INFO - Setting next_dagrun for example_workday_timetable to 2021-01-04 00:00:00+00:00, run_after=2021-01-05 00:00:00+00:00
[2024-10-05T13:35:37.650-0400] {processor.py:208} INFO - Processing /home/patrick/.cache/pypoetry/virtualenvs/airflow-wPbgcfzP-py3.10/lib/python3.10/site-packages/airflow/example_dags/example_workday_timetable.py took 2.813 seconds
[2024-10-05T13:38:16.931-0400] {processor.py:186} INFO - Started process (PID=3677) to work on /home/patrick/.cache/pypoetry/virtualenvs/airflow-wPbgcfzP-py3.10/lib/python3.10/site-packages/airflow/example_dags/example_workday_timetable.py
[2024-10-05T13:38:16.932-0400] {processor.py:914} INFO - Processing file /home/patrick/.cache/pypoetry/virtualenvs/airflow-wPbgcfzP-py3.10/lib/python3.10/site-packages/airflow/example_dags/example_workday_timetable.py for tasks to queue
[2024-10-05T13:38:16.933-0400] {logging_mixin.py:190} INFO - [2024-10-05T13:38:16.933-0400] {dagbag.py:588} INFO - Filling up the DagBag from /home/patrick/.cache/pypoetry/virtualenvs/airflow-wPbgcfzP-py3.10/lib/python3.10/site-packages/airflow/example_dags/example_workday_timetable.py
[2024-10-05T13:38:16.937-0400] {processor.py:925} INFO - DAG(s) 'example_workday_timetable' retrieved from /home/patrick/.cache/pypoetry/virtualenvs/airflow-wPbgcfzP-py3.10/lib/python3.10/site-packages/airflow/example_dags/example_workday_timetable.py
[2024-10-05T13:38:25.903-0400] {logging_mixin.py:190} INFO - [2024-10-05T13:38:25.903-0400] {dag.py:3239} INFO - Sync 1 DAGs
[2024-10-05T13:38:27.417-0400] {logging_mixin.py:190} INFO - [2024-10-05T13:38:27.417-0400] {dag.py:4180} INFO - Setting next_dagrun for example_workday_timetable to 2021-01-04 00:00:00+00:00, run_after=2021-01-05 00:00:00+00:00
[2024-10-05T13:38:28.237-0400] {processor.py:208} INFO - Processing /home/patrick/.cache/pypoetry/virtualenvs/airflow-wPbgcfzP-py3.10/lib/python3.10/site-packages/airflow/example_dags/example_workday_timetable.py took 11.310 seconds
[2024-10-05T13:40:59.623-0400] {processor.py:186} INFO - Started process (PID=4385) to work on /home/patrick/.cache/pypoetry/virtualenvs/airflow-wPbgcfzP-py3.10/lib/python3.10/site-packages/airflow/example_dags/example_workday_timetable.py
[2024-10-05T13:40:59.624-0400] {processor.py:914} INFO - Processing file /home/patrick/.cache/pypoetry/virtualenvs/airflow-wPbgcfzP-py3.10/lib/python3.10/site-packages/airflow/example_dags/example_workday_timetable.py for tasks to queue
[2024-10-05T13:40:59.625-0400] {logging_mixin.py:190} INFO - [2024-10-05T13:40:59.625-0400] {dagbag.py:588} INFO - Filling up the DagBag from /home/patrick/.cache/pypoetry/virtualenvs/airflow-wPbgcfzP-py3.10/lib/python3.10/site-packages/airflow/example_dags/example_workday_timetable.py
[2024-10-05T13:40:59.629-0400] {processor.py:925} INFO - DAG(s) 'example_workday_timetable' retrieved from /home/patrick/.cache/pypoetry/virtualenvs/airflow-wPbgcfzP-py3.10/lib/python3.10/site-packages/airflow/example_dags/example_workday_timetable.py
[2024-10-05T13:41:02.549-0400] {logging_mixin.py:190} INFO - [2024-10-05T13:41:02.548-0400] {dag.py:3239} INFO - Sync 1 DAGs
[2024-10-05T13:41:02.839-0400] {logging_mixin.py:190} INFO - [2024-10-05T13:41:02.839-0400] {dag.py:4180} INFO - Setting next_dagrun for example_workday_timetable to 2021-01-04 00:00:00+00:00, run_after=2021-01-05 00:00:00+00:00
[2024-10-05T13:41:03.546-0400] {processor.py:208} INFO - Processing /home/patrick/.cache/pypoetry/virtualenvs/airflow-wPbgcfzP-py3.10/lib/python3.10/site-packages/airflow/example_dags/example_workday_timetable.py took 3.927 seconds
[2024-10-05T13:43:26.879-0400] {processor.py:186} INFO - Started process (PID=5019) to work on /home/patrick/.cache/pypoetry/virtualenvs/airflow-wPbgcfzP-py3.10/lib/python3.10/site-packages/airflow/example_dags/example_workday_timetable.py
[2024-10-05T13:43:26.880-0400] {processor.py:914} INFO - Processing file /home/patrick/.cache/pypoetry/virtualenvs/airflow-wPbgcfzP-py3.10/lib/python3.10/site-packages/airflow/example_dags/example_workday_timetable.py for tasks to queue
[2024-10-05T13:43:26.882-0400] {logging_mixin.py:190} INFO - [2024-10-05T13:43:26.881-0400] {dagbag.py:588} INFO - Filling up the DagBag from /home/patrick/.cache/pypoetry/virtualenvs/airflow-wPbgcfzP-py3.10/lib/python3.10/site-packages/airflow/example_dags/example_workday_timetable.py
[2024-10-05T13:43:26.885-0400] {processor.py:925} INFO - DAG(s) 'example_workday_timetable' retrieved from /home/patrick/.cache/pypoetry/virtualenvs/airflow-wPbgcfzP-py3.10/lib/python3.10/site-packages/airflow/example_dags/example_workday_timetable.py
[2024-10-05T13:43:28.679-0400] {logging_mixin.py:190} INFO - [2024-10-05T13:43:28.679-0400] {dag.py:3239} INFO - Sync 1 DAGs
[2024-10-05T13:43:28.872-0400] {logging_mixin.py:190} INFO - [2024-10-05T13:43:28.872-0400] {dag.py:4180} INFO - Setting next_dagrun for example_workday_timetable to 2021-01-04 00:00:00+00:00, run_after=2021-01-05 00:00:00+00:00
[2024-10-05T13:43:29.482-0400] {processor.py:208} INFO - Processing /home/patrick/.cache/pypoetry/virtualenvs/airflow-wPbgcfzP-py3.10/lib/python3.10/site-packages/airflow/example_dags/example_workday_timetable.py took 2.606 seconds
[2024-10-05T13:45:12.200-0400] {processor.py:186} INFO - Started process (PID=5479) to work on /home/patrick/.cache/pypoetry/virtualenvs/airflow-wPbgcfzP-py3.10/lib/python3.10/site-packages/airflow/example_dags/example_workday_timetable.py
[2024-10-05T13:45:12.201-0400] {processor.py:914} INFO - Processing file /home/patrick/.cache/pypoetry/virtualenvs/airflow-wPbgcfzP-py3.10/lib/python3.10/site-packages/airflow/example_dags/example_workday_timetable.py for tasks to queue
[2024-10-05T13:45:12.203-0400] {logging_mixin.py:190} INFO - [2024-10-05T13:45:12.203-0400] {dagbag.py:588} INFO - Filling up the DagBag from /home/patrick/.cache/pypoetry/virtualenvs/airflow-wPbgcfzP-py3.10/lib/python3.10/site-packages/airflow/example_dags/example_workday_timetable.py
[2024-10-05T13:45:12.206-0400] {processor.py:925} INFO - DAG(s) 'example_workday_timetable' retrieved from /home/patrick/.cache/pypoetry/virtualenvs/airflow-wPbgcfzP-py3.10/lib/python3.10/site-packages/airflow/example_dags/example_workday_timetable.py
[2024-10-05T13:45:13.662-0400] {logging_mixin.py:190} INFO - [2024-10-05T13:45:13.662-0400] {dag.py:3239} INFO - Sync 1 DAGs
[2024-10-05T13:45:13.881-0400] {logging_mixin.py:190} INFO - [2024-10-05T13:45:13.881-0400] {dag.py:4180} INFO - Setting next_dagrun for example_workday_timetable to 2021-01-04 00:00:00+00:00, run_after=2021-01-05 00:00:00+00:00
[2024-10-05T13:45:14.578-0400] {processor.py:208} INFO - Processing /home/patrick/.cache/pypoetry/virtualenvs/airflow-wPbgcfzP-py3.10/lib/python3.10/site-packages/airflow/example_dags/example_workday_timetable.py took 2.380 seconds
[2024-10-05T13:46:52.360-0400] {processor.py:186} INFO - Started process (PID=5912) to work on /home/patrick/.cache/pypoetry/virtualenvs/airflow-wPbgcfzP-py3.10/lib/python3.10/site-packages/airflow/example_dags/example_workday_timetable.py
[2024-10-05T13:46:52.361-0400] {processor.py:914} INFO - Processing file /home/patrick/.cache/pypoetry/virtualenvs/airflow-wPbgcfzP-py3.10/lib/python3.10/site-packages/airflow/example_dags/example_workday_timetable.py for tasks to queue
[2024-10-05T13:46:52.362-0400] {logging_mixin.py:190} INFO - [2024-10-05T13:46:52.362-0400] {dagbag.py:588} INFO - Filling up the DagBag from /home/patrick/.cache/pypoetry/virtualenvs/airflow-wPbgcfzP-py3.10/lib/python3.10/site-packages/airflow/example_dags/example_workday_timetable.py
[2024-10-05T13:46:52.365-0400] {processor.py:925} INFO - DAG(s) 'example_workday_timetable' retrieved from /home/patrick/.cache/pypoetry/virtualenvs/airflow-wPbgcfzP-py3.10/lib/python3.10/site-packages/airflow/example_dags/example_workday_timetable.py
[2024-10-05T13:46:54.045-0400] {logging_mixin.py:190} INFO - [2024-10-05T13:46:54.044-0400] {dag.py:3239} INFO - Sync 1 DAGs
[2024-10-05T13:46:54.392-0400] {logging_mixin.py:190} INFO - [2024-10-05T13:46:54.392-0400] {dag.py:4180} INFO - Setting next_dagrun for example_workday_timetable to 2021-01-04 00:00:00+00:00, run_after=2021-01-05 00:00:00+00:00
[2024-10-05T13:46:55.088-0400] {processor.py:208} INFO - Processing /home/patrick/.cache/pypoetry/virtualenvs/airflow-wPbgcfzP-py3.10/lib/python3.10/site-packages/airflow/example_dags/example_workday_timetable.py took 2.732 seconds
[2024-10-05T13:49:03.232-0400] {processor.py:186} INFO - Started process (PID=6474) to work on /home/patrick/.cache/pypoetry/virtualenvs/airflow-wPbgcfzP-py3.10/lib/python3.10/site-packages/airflow/example_dags/example_workday_timetable.py
[2024-10-05T13:49:03.233-0400] {processor.py:914} INFO - Processing file /home/patrick/.cache/pypoetry/virtualenvs/airflow-wPbgcfzP-py3.10/lib/python3.10/site-packages/airflow/example_dags/example_workday_timetable.py for tasks to queue
[2024-10-05T13:49:03.234-0400] {logging_mixin.py:190} INFO - [2024-10-05T13:49:03.234-0400] {dagbag.py:588} INFO - Filling up the DagBag from /home/patrick/.cache/pypoetry/virtualenvs/airflow-wPbgcfzP-py3.10/lib/python3.10/site-packages/airflow/example_dags/example_workday_timetable.py
[2024-10-05T13:49:03.237-0400] {processor.py:925} INFO - DAG(s) 'example_workday_timetable' retrieved from /home/patrick/.cache/pypoetry/virtualenvs/airflow-wPbgcfzP-py3.10/lib/python3.10/site-packages/airflow/example_dags/example_workday_timetable.py
[2024-10-05T13:49:04.487-0400] {logging_mixin.py:190} INFO - [2024-10-05T13:49:04.487-0400] {dag.py:3239} INFO - Sync 1 DAGs
[2024-10-05T13:49:04.696-0400] {logging_mixin.py:190} INFO - [2024-10-05T13:49:04.696-0400] {dag.py:4180} INFO - Setting next_dagrun for example_workday_timetable to 2021-01-04 00:00:00+00:00, run_after=2021-01-05 00:00:00+00:00
[2024-10-05T13:49:05.749-0400] {processor.py:208} INFO - Processing /home/patrick/.cache/pypoetry/virtualenvs/airflow-wPbgcfzP-py3.10/lib/python3.10/site-packages/airflow/example_dags/example_workday_timetable.py took 2.521 seconds
[2024-10-05T13:51:09.281-0400] {processor.py:186} INFO - Started process (PID=7020) to work on /home/patrick/.cache/pypoetry/virtualenvs/airflow-wPbgcfzP-py3.10/lib/python3.10/site-packages/airflow/example_dags/example_workday_timetable.py
[2024-10-05T13:51:09.283-0400] {processor.py:914} INFO - Processing file /home/patrick/.cache/pypoetry/virtualenvs/airflow-wPbgcfzP-py3.10/lib/python3.10/site-packages/airflow/example_dags/example_workday_timetable.py for tasks to queue
[2024-10-05T13:51:09.284-0400] {logging_mixin.py:190} INFO - [2024-10-05T13:51:09.284-0400] {dagbag.py:588} INFO - Filling up the DagBag from /home/patrick/.cache/pypoetry/virtualenvs/airflow-wPbgcfzP-py3.10/lib/python3.10/site-packages/airflow/example_dags/example_workday_timetable.py
[2024-10-05T13:51:09.288-0400] {processor.py:925} INFO - DAG(s) 'example_workday_timetable' retrieved from /home/patrick/.cache/pypoetry/virtualenvs/airflow-wPbgcfzP-py3.10/lib/python3.10/site-packages/airflow/example_dags/example_workday_timetable.py
[2024-10-05T13:51:13.329-0400] {logging_mixin.py:190} INFO - [2024-10-05T13:51:13.328-0400] {dag.py:3239} INFO - Sync 1 DAGs
[2024-10-05T13:51:13.472-0400] {logging_mixin.py:190} INFO - [2024-10-05T13:51:13.472-0400] {dag.py:4180} INFO - Setting next_dagrun for example_workday_timetable to 2021-01-04 00:00:00+00:00, run_after=2021-01-05 00:00:00+00:00
[2024-10-05T13:51:14.030-0400] {processor.py:208} INFO - Processing /home/patrick/.cache/pypoetry/virtualenvs/airflow-wPbgcfzP-py3.10/lib/python3.10/site-packages/airflow/example_dags/example_workday_timetable.py took 4.752 seconds
