[2024-10-05T13:29:17.316-0400] {processor.py:186} INFO - Started process (PID=1182) to work on /home/patrick/.cache/pypoetry/virtualenvs/airflow-wPbgcfzP-py3.10/lib/python3.10/site-packages/airflow/example_dags/example_nested_branch_dag.py
[2024-10-05T13:29:17.317-0400] {processor.py:914} INFO - Processing file /home/patrick/.cache/pypoetry/virtualenvs/airflow-wPbgcfzP-py3.10/lib/python3.10/site-packages/airflow/example_dags/example_nested_branch_dag.py for tasks to queue
[2024-10-05T13:29:17.318-0400] {logging_mixin.py:190} INFO - [2024-10-05T13:29:17.318-0400] {dagbag.py:588} INFO - Filling up the DagBag from /home/patrick/.cache/pypoetry/virtualenvs/airflow-wPbgcfzP-py3.10/lib/python3.10/site-packages/airflow/example_dags/example_nested_branch_dag.py
[2024-10-05T13:29:17.325-0400] {processor.py:925} INFO - DAG(s) 'example_nested_branch_dag' retrieved from /home/patrick/.cache/pypoetry/virtualenvs/airflow-wPbgcfzP-py3.10/lib/python3.10/site-packages/airflow/example_dags/example_nested_branch_dag.py
[2024-10-05T13:29:23.782-0400] {logging_mixin.py:190} INFO - [2024-10-05T13:29:23.782-0400] {dag.py:3239} INFO - Sync 1 DAGs
[2024-10-05T13:29:23.987-0400] {logging_mixin.py:190} INFO - [2024-10-05T13:29:23.987-0400] {dag.py:4180} INFO - Setting next_dagrun for example_nested_branch_dag to 2024-10-04 00:00:00+00:00, run_after=2024-10-05 00:00:00+00:00
[2024-10-05T13:29:24.533-0400] {processor.py:208} INFO - Processing /home/patrick/.cache/pypoetry/virtualenvs/airflow-wPbgcfzP-py3.10/lib/python3.10/site-packages/airflow/example_dags/example_nested_branch_dag.py took 7.221 seconds
[2024-10-05T13:33:54.663-0400] {processor.py:186} INFO - Started process (PID=2437) to work on /home/patrick/.cache/pypoetry/virtualenvs/airflow-wPbgcfzP-py3.10/lib/python3.10/site-packages/airflow/example_dags/example_nested_branch_dag.py
[2024-10-05T13:33:54.664-0400] {processor.py:914} INFO - Processing file /home/patrick/.cache/pypoetry/virtualenvs/airflow-wPbgcfzP-py3.10/lib/python3.10/site-packages/airflow/example_dags/example_nested_branch_dag.py for tasks to queue
[2024-10-05T13:33:54.665-0400] {logging_mixin.py:190} INFO - [2024-10-05T13:33:54.665-0400] {dagbag.py:588} INFO - Filling up the DagBag from /home/patrick/.cache/pypoetry/virtualenvs/airflow-wPbgcfzP-py3.10/lib/python3.10/site-packages/airflow/example_dags/example_nested_branch_dag.py
[2024-10-05T13:33:54.672-0400] {processor.py:925} INFO - DAG(s) 'example_nested_branch_dag' retrieved from /home/patrick/.cache/pypoetry/virtualenvs/airflow-wPbgcfzP-py3.10/lib/python3.10/site-packages/airflow/example_dags/example_nested_branch_dag.py
[2024-10-05T13:33:59.623-0400] {logging_mixin.py:190} INFO - [2024-10-05T13:33:59.623-0400] {dag.py:3239} INFO - Sync 1 DAGs
[2024-10-05T13:34:00.071-0400] {logging_mixin.py:190} INFO - [2024-10-05T13:34:00.071-0400] {dag.py:4180} INFO - Setting next_dagrun for example_nested_branch_dag to 2024-10-04 00:00:00+00:00, run_after=2024-10-05 00:00:00+00:00
[2024-10-05T13:34:00.841-0400] {processor.py:208} INFO - Processing /home/patrick/.cache/pypoetry/virtualenvs/airflow-wPbgcfzP-py3.10/lib/python3.10/site-packages/airflow/example_dags/example_nested_branch_dag.py took 6.181 seconds
[2024-10-05T13:36:57.194-0400] {processor.py:186} INFO - Started process (PID=3324) to work on /home/patrick/.cache/pypoetry/virtualenvs/airflow-wPbgcfzP-py3.10/lib/python3.10/site-packages/airflow/example_dags/example_nested_branch_dag.py
[2024-10-05T13:36:57.195-0400] {processor.py:914} INFO - Processing file /home/patrick/.cache/pypoetry/virtualenvs/airflow-wPbgcfzP-py3.10/lib/python3.10/site-packages/airflow/example_dags/example_nested_branch_dag.py for tasks to queue
[2024-10-05T13:36:57.197-0400] {logging_mixin.py:190} INFO - [2024-10-05T13:36:57.196-0400] {dagbag.py:588} INFO - Filling up the DagBag from /home/patrick/.cache/pypoetry/virtualenvs/airflow-wPbgcfzP-py3.10/lib/python3.10/site-packages/airflow/example_dags/example_nested_branch_dag.py
[2024-10-05T13:36:57.203-0400] {processor.py:925} INFO - DAG(s) 'example_nested_branch_dag' retrieved from /home/patrick/.cache/pypoetry/virtualenvs/airflow-wPbgcfzP-py3.10/lib/python3.10/site-packages/airflow/example_dags/example_nested_branch_dag.py
[2024-10-05T13:37:01.463-0400] {logging_mixin.py:190} INFO - [2024-10-05T13:37:01.463-0400] {dag.py:3239} INFO - Sync 1 DAGs
[2024-10-05T13:37:01.783-0400] {logging_mixin.py:190} INFO - [2024-10-05T13:37:01.783-0400] {dag.py:4180} INFO - Setting next_dagrun for example_nested_branch_dag to 2024-10-04 00:00:00+00:00, run_after=2024-10-05 00:00:00+00:00
[2024-10-05T13:37:02.603-0400] {processor.py:208} INFO - Processing /home/patrick/.cache/pypoetry/virtualenvs/airflow-wPbgcfzP-py3.10/lib/python3.10/site-packages/airflow/example_dags/example_nested_branch_dag.py took 5.411 seconds
[2024-10-05T13:39:26.372-0400] {processor.py:186} INFO - Started process (PID=3994) to work on /home/patrick/.cache/pypoetry/virtualenvs/airflow-wPbgcfzP-py3.10/lib/python3.10/site-packages/airflow/example_dags/example_nested_branch_dag.py
[2024-10-05T13:39:26.373-0400] {processor.py:914} INFO - Processing file /home/patrick/.cache/pypoetry/virtualenvs/airflow-wPbgcfzP-py3.10/lib/python3.10/site-packages/airflow/example_dags/example_nested_branch_dag.py for tasks to queue
[2024-10-05T13:39:26.374-0400] {logging_mixin.py:190} INFO - [2024-10-05T13:39:26.374-0400] {dagbag.py:588} INFO - Filling up the DagBag from /home/patrick/.cache/pypoetry/virtualenvs/airflow-wPbgcfzP-py3.10/lib/python3.10/site-packages/airflow/example_dags/example_nested_branch_dag.py
[2024-10-05T13:39:26.380-0400] {processor.py:925} INFO - DAG(s) 'example_nested_branch_dag' retrieved from /home/patrick/.cache/pypoetry/virtualenvs/airflow-wPbgcfzP-py3.10/lib/python3.10/site-packages/airflow/example_dags/example_nested_branch_dag.py
[2024-10-05T13:39:34.413-0400] {logging_mixin.py:190} INFO - [2024-10-05T13:39:34.412-0400] {dag.py:3239} INFO - Sync 1 DAGs
[2024-10-05T13:39:34.668-0400] {logging_mixin.py:190} INFO - [2024-10-05T13:39:34.668-0400] {dag.py:4180} INFO - Setting next_dagrun for example_nested_branch_dag to 2024-10-04 00:00:00+00:00, run_after=2024-10-05 00:00:00+00:00
[2024-10-05T13:39:35.405-0400] {processor.py:208} INFO - Processing /home/patrick/.cache/pypoetry/virtualenvs/airflow-wPbgcfzP-py3.10/lib/python3.10/site-packages/airflow/example_dags/example_nested_branch_dag.py took 9.036 seconds
[2024-10-05T13:41:46.241-0400] {processor.py:186} INFO - Started process (PID=4593) to work on /home/patrick/.cache/pypoetry/virtualenvs/airflow-wPbgcfzP-py3.10/lib/python3.10/site-packages/airflow/example_dags/example_nested_branch_dag.py
[2024-10-05T13:41:46.242-0400] {processor.py:914} INFO - Processing file /home/patrick/.cache/pypoetry/virtualenvs/airflow-wPbgcfzP-py3.10/lib/python3.10/site-packages/airflow/example_dags/example_nested_branch_dag.py for tasks to queue
[2024-10-05T13:41:46.244-0400] {logging_mixin.py:190} INFO - [2024-10-05T13:41:46.244-0400] {dagbag.py:588} INFO - Filling up the DagBag from /home/patrick/.cache/pypoetry/virtualenvs/airflow-wPbgcfzP-py3.10/lib/python3.10/site-packages/airflow/example_dags/example_nested_branch_dag.py
[2024-10-05T13:41:46.251-0400] {processor.py:925} INFO - DAG(s) 'example_nested_branch_dag' retrieved from /home/patrick/.cache/pypoetry/virtualenvs/airflow-wPbgcfzP-py3.10/lib/python3.10/site-packages/airflow/example_dags/example_nested_branch_dag.py
[2024-10-05T13:41:47.711-0400] {logging_mixin.py:190} INFO - [2024-10-05T13:41:47.711-0400] {dag.py:3239} INFO - Sync 1 DAGs
[2024-10-05T13:41:47.899-0400] {logging_mixin.py:190} INFO - [2024-10-05T13:41:47.898-0400] {dag.py:4180} INFO - Setting next_dagrun for example_nested_branch_dag to 2024-10-04 00:00:00+00:00, run_after=2024-10-05 00:00:00+00:00
[2024-10-05T13:41:48.520-0400] {processor.py:208} INFO - Processing /home/patrick/.cache/pypoetry/virtualenvs/airflow-wPbgcfzP-py3.10/lib/python3.10/site-packages/airflow/example_dags/example_nested_branch_dag.py took 2.283 seconds
[2024-10-05T13:44:07.371-0400] {processor.py:186} INFO - Started process (PID=5199) to work on /home/patrick/.cache/pypoetry/virtualenvs/airflow-wPbgcfzP-py3.10/lib/python3.10/site-packages/airflow/example_dags/example_nested_branch_dag.py
[2024-10-05T13:44:07.372-0400] {processor.py:914} INFO - Processing file /home/patrick/.cache/pypoetry/virtualenvs/airflow-wPbgcfzP-py3.10/lib/python3.10/site-packages/airflow/example_dags/example_nested_branch_dag.py for tasks to queue
[2024-10-05T13:44:07.373-0400] {logging_mixin.py:190} INFO - [2024-10-05T13:44:07.373-0400] {dagbag.py:588} INFO - Filling up the DagBag from /home/patrick/.cache/pypoetry/virtualenvs/airflow-wPbgcfzP-py3.10/lib/python3.10/site-packages/airflow/example_dags/example_nested_branch_dag.py
[2024-10-05T13:44:07.379-0400] {processor.py:925} INFO - DAG(s) 'example_nested_branch_dag' retrieved from /home/patrick/.cache/pypoetry/virtualenvs/airflow-wPbgcfzP-py3.10/lib/python3.10/site-packages/airflow/example_dags/example_nested_branch_dag.py
[2024-10-05T13:44:12.793-0400] {logging_mixin.py:190} INFO - [2024-10-05T13:44:12.792-0400] {dag.py:3239} INFO - Sync 1 DAGs
[2024-10-05T13:44:12.993-0400] {logging_mixin.py:190} INFO - [2024-10-05T13:44:12.993-0400] {dag.py:4180} INFO - Setting next_dagrun for example_nested_branch_dag to 2024-10-04 00:00:00+00:00, run_after=2024-10-05 00:00:00+00:00
[2024-10-05T13:44:13.632-0400] {processor.py:208} INFO - Processing /home/patrick/.cache/pypoetry/virtualenvs/airflow-wPbgcfzP-py3.10/lib/python3.10/site-packages/airflow/example_dags/example_nested_branch_dag.py took 6.265 seconds
[2024-10-05T13:45:56.618-0400] {processor.py:186} INFO - Started process (PID=5674) to work on /home/patrick/.cache/pypoetry/virtualenvs/airflow-wPbgcfzP-py3.10/lib/python3.10/site-packages/airflow/example_dags/example_nested_branch_dag.py
[2024-10-05T13:45:56.619-0400] {processor.py:914} INFO - Processing file /home/patrick/.cache/pypoetry/virtualenvs/airflow-wPbgcfzP-py3.10/lib/python3.10/site-packages/airflow/example_dags/example_nested_branch_dag.py for tasks to queue
[2024-10-05T13:45:56.620-0400] {logging_mixin.py:190} INFO - [2024-10-05T13:45:56.620-0400] {dagbag.py:588} INFO - Filling up the DagBag from /home/patrick/.cache/pypoetry/virtualenvs/airflow-wPbgcfzP-py3.10/lib/python3.10/site-packages/airflow/example_dags/example_nested_branch_dag.py
[2024-10-05T13:45:56.626-0400] {processor.py:925} INFO - DAG(s) 'example_nested_branch_dag' retrieved from /home/patrick/.cache/pypoetry/virtualenvs/airflow-wPbgcfzP-py3.10/lib/python3.10/site-packages/airflow/example_dags/example_nested_branch_dag.py
[2024-10-05T13:45:58.702-0400] {logging_mixin.py:190} INFO - [2024-10-05T13:45:58.702-0400] {dag.py:3239} INFO - Sync 1 DAGs
[2024-10-05T13:45:59.016-0400] {logging_mixin.py:190} INFO - [2024-10-05T13:45:59.016-0400] {dag.py:4180} INFO - Setting next_dagrun for example_nested_branch_dag to 2024-10-04 00:00:00+00:00, run_after=2024-10-05 00:00:00+00:00
[2024-10-05T13:45:59.709-0400] {processor.py:208} INFO - Processing /home/patrick/.cache/pypoetry/virtualenvs/airflow-wPbgcfzP-py3.10/lib/python3.10/site-packages/airflow/example_dags/example_nested_branch_dag.py took 3.094 seconds
[2024-10-05T13:47:35.163-0400] {processor.py:186} INFO - Started process (PID=6101) to work on /home/patrick/.cache/pypoetry/virtualenvs/airflow-wPbgcfzP-py3.10/lib/python3.10/site-packages/airflow/example_dags/example_nested_branch_dag.py
[2024-10-05T13:47:35.164-0400] {processor.py:914} INFO - Processing file /home/patrick/.cache/pypoetry/virtualenvs/airflow-wPbgcfzP-py3.10/lib/python3.10/site-packages/airflow/example_dags/example_nested_branch_dag.py for tasks to queue
[2024-10-05T13:47:35.165-0400] {logging_mixin.py:190} INFO - [2024-10-05T13:47:35.165-0400] {dagbag.py:588} INFO - Filling up the DagBag from /home/patrick/.cache/pypoetry/virtualenvs/airflow-wPbgcfzP-py3.10/lib/python3.10/site-packages/airflow/example_dags/example_nested_branch_dag.py
[2024-10-05T13:47:35.172-0400] {processor.py:925} INFO - DAG(s) 'example_nested_branch_dag' retrieved from /home/patrick/.cache/pypoetry/virtualenvs/airflow-wPbgcfzP-py3.10/lib/python3.10/site-packages/airflow/example_dags/example_nested_branch_dag.py
[2024-10-05T13:47:37.709-0400] {logging_mixin.py:190} INFO - [2024-10-05T13:47:37.708-0400] {dag.py:3239} INFO - Sync 1 DAGs
[2024-10-05T13:47:37.836-0400] {logging_mixin.py:190} INFO - [2024-10-05T13:47:37.836-0400] {dag.py:4180} INFO - Setting next_dagrun for example_nested_branch_dag to 2024-10-04 00:00:00+00:00, run_after=2024-10-05 00:00:00+00:00
[2024-10-05T13:47:38.483-0400] {processor.py:208} INFO - Processing /home/patrick/.cache/pypoetry/virtualenvs/airflow-wPbgcfzP-py3.10/lib/python3.10/site-packages/airflow/example_dags/example_nested_branch_dag.py took 3.324 seconds
[2024-10-05T13:49:50.338-0400] {processor.py:186} INFO - Started process (PID=6680) to work on /home/patrick/.cache/pypoetry/virtualenvs/airflow-wPbgcfzP-py3.10/lib/python3.10/site-packages/airflow/example_dags/example_nested_branch_dag.py
[2024-10-05T13:49:50.339-0400] {processor.py:914} INFO - Processing file /home/patrick/.cache/pypoetry/virtualenvs/airflow-wPbgcfzP-py3.10/lib/python3.10/site-packages/airflow/example_dags/example_nested_branch_dag.py for tasks to queue
[2024-10-05T13:49:50.340-0400] {logging_mixin.py:190} INFO - [2024-10-05T13:49:50.340-0400] {dagbag.py:588} INFO - Filling up the DagBag from /home/patrick/.cache/pypoetry/virtualenvs/airflow-wPbgcfzP-py3.10/lib/python3.10/site-packages/airflow/example_dags/example_nested_branch_dag.py
[2024-10-05T13:49:50.347-0400] {processor.py:925} INFO - DAG(s) 'example_nested_branch_dag' retrieved from /home/patrick/.cache/pypoetry/virtualenvs/airflow-wPbgcfzP-py3.10/lib/python3.10/site-packages/airflow/example_dags/example_nested_branch_dag.py
[2024-10-05T13:49:52.983-0400] {logging_mixin.py:190} INFO - [2024-10-05T13:49:52.982-0400] {dag.py:3239} INFO - Sync 1 DAGs
[2024-10-05T13:49:53.190-0400] {logging_mixin.py:190} INFO - [2024-10-05T13:49:53.190-0400] {dag.py:4180} INFO - Setting next_dagrun for example_nested_branch_dag to 2024-10-04 00:00:00+00:00, run_after=2024-10-05 00:00:00+00:00
[2024-10-05T13:49:53.779-0400] {processor.py:208} INFO - Processing /home/patrick/.cache/pypoetry/virtualenvs/airflow-wPbgcfzP-py3.10/lib/python3.10/site-packages/airflow/example_dags/example_nested_branch_dag.py took 3.445 seconds
[2024-10-05T13:51:54.507-0400] {processor.py:186} INFO - Started process (PID=7285) to work on /home/patrick/.cache/pypoetry/virtualenvs/airflow-wPbgcfzP-py3.10/lib/python3.10/site-packages/airflow/example_dags/example_nested_branch_dag.py
[2024-10-05T13:51:54.508-0400] {processor.py:914} INFO - Processing file /home/patrick/.cache/pypoetry/virtualenvs/airflow-wPbgcfzP-py3.10/lib/python3.10/site-packages/airflow/example_dags/example_nested_branch_dag.py for tasks to queue
[2024-10-05T13:51:54.510-0400] {logging_mixin.py:190} INFO - [2024-10-05T13:51:54.510-0400] {dagbag.py:588} INFO - Filling up the DagBag from /home/patrick/.cache/pypoetry/virtualenvs/airflow-wPbgcfzP-py3.10/lib/python3.10/site-packages/airflow/example_dags/example_nested_branch_dag.py
[2024-10-05T13:51:54.516-0400] {processor.py:925} INFO - DAG(s) 'example_nested_branch_dag' retrieved from /home/patrick/.cache/pypoetry/virtualenvs/airflow-wPbgcfzP-py3.10/lib/python3.10/site-packages/airflow/example_dags/example_nested_branch_dag.py
[2024-10-05T13:51:56.076-0400] {logging_mixin.py:190} INFO - [2024-10-05T13:51:56.075-0400] {dag.py:3239} INFO - Sync 1 DAGs
[2024-10-05T13:51:56.389-0400] {logging_mixin.py:190} INFO - [2024-10-05T13:51:56.389-0400] {dag.py:4180} INFO - Setting next_dagrun for example_nested_branch_dag to 2024-10-04 00:00:00+00:00, run_after=2024-10-05 00:00:00+00:00
[2024-10-05T13:51:57.013-0400] {processor.py:208} INFO - Processing /home/patrick/.cache/pypoetry/virtualenvs/airflow-wPbgcfzP-py3.10/lib/python3.10/site-packages/airflow/example_dags/example_nested_branch_dag.py took 2.510 seconds
