[2024-10-05T13:28:25.578-0400] {processor.py:186} INFO - Started process (PID=953) to work on /home/patrick/.cache/pypoetry/virtualenvs/airflow-wPbgcfzP-py3.10/lib/python3.10/site-packages/airflow/example_dags/example_sensors.py
[2024-10-05T13:28:25.579-0400] {processor.py:914} INFO - Processing file /home/patrick/.cache/pypoetry/virtualenvs/airflow-wPbgcfzP-py3.10/lib/python3.10/site-packages/airflow/example_dags/example_sensors.py for tasks to queue
[2024-10-05T13:28:25.580-0400] {logging_mixin.py:190} INFO - [2024-10-05T13:28:25.580-0400] {dagbag.py:588} INFO - Filling up the DagBag from /home/patrick/.cache/pypoetry/virtualenvs/airflow-wPbgcfzP-py3.10/lib/python3.10/site-packages/airflow/example_dags/example_sensors.py
[2024-10-05T13:28:25.588-0400] {processor.py:925} INFO - DAG(s) 'example_sensors' retrieved from /home/patrick/.cache/pypoetry/virtualenvs/airflow-wPbgcfzP-py3.10/lib/python3.10/site-packages/airflow/example_dags/example_sensors.py
[2024-10-05T13:28:38.941-0400] {logging_mixin.py:190} INFO - [2024-10-05T13:28:38.941-0400] {dag.py:3239} INFO - Sync 1 DAGs
[2024-10-05T13:28:39.195-0400] {logging_mixin.py:190} INFO - [2024-10-05T13:28:39.195-0400] {dag.py:4180} INFO - Setting next_dagrun for example_sensors to None, run_after=None
[2024-10-05T13:28:40.358-0400] {processor.py:208} INFO - Processing /home/patrick/.cache/pypoetry/virtualenvs/airflow-wPbgcfzP-py3.10/lib/python3.10/site-packages/airflow/example_dags/example_sensors.py took 14.784 seconds
[2024-10-05T13:33:17.007-0400] {processor.py:186} INFO - Started process (PID=2264) to work on /home/patrick/.cache/pypoetry/virtualenvs/airflow-wPbgcfzP-py3.10/lib/python3.10/site-packages/airflow/example_dags/example_sensors.py
[2024-10-05T13:33:17.008-0400] {processor.py:914} INFO - Processing file /home/patrick/.cache/pypoetry/virtualenvs/airflow-wPbgcfzP-py3.10/lib/python3.10/site-packages/airflow/example_dags/example_sensors.py for tasks to queue
[2024-10-05T13:33:17.010-0400] {logging_mixin.py:190} INFO - [2024-10-05T13:33:17.010-0400] {dagbag.py:588} INFO - Filling up the DagBag from /home/patrick/.cache/pypoetry/virtualenvs/airflow-wPbgcfzP-py3.10/lib/python3.10/site-packages/airflow/example_dags/example_sensors.py
[2024-10-05T13:33:17.016-0400] {processor.py:925} INFO - DAG(s) 'example_sensors' retrieved from /home/patrick/.cache/pypoetry/virtualenvs/airflow-wPbgcfzP-py3.10/lib/python3.10/site-packages/airflow/example_dags/example_sensors.py
[2024-10-05T13:33:23.119-0400] {logging_mixin.py:190} INFO - [2024-10-05T13:33:23.118-0400] {dag.py:3239} INFO - Sync 1 DAGs
[2024-10-05T13:33:23.525-0400] {logging_mixin.py:190} INFO - [2024-10-05T13:33:23.525-0400] {dag.py:4180} INFO - Setting next_dagrun for example_sensors to None, run_after=None
[2024-10-05T13:33:24.598-0400] {processor.py:208} INFO - Processing /home/patrick/.cache/pypoetry/virtualenvs/airflow-wPbgcfzP-py3.10/lib/python3.10/site-packages/airflow/example_dags/example_sensors.py took 7.595 seconds
[2024-10-05T13:35:58.700-0400] {processor.py:186} INFO - Started process (PID=2994) to work on /home/patrick/.cache/pypoetry/virtualenvs/airflow-wPbgcfzP-py3.10/lib/python3.10/site-packages/airflow/example_dags/example_sensors.py
[2024-10-05T13:35:58.701-0400] {processor.py:914} INFO - Processing file /home/patrick/.cache/pypoetry/virtualenvs/airflow-wPbgcfzP-py3.10/lib/python3.10/site-packages/airflow/example_dags/example_sensors.py for tasks to queue
[2024-10-05T13:35:58.702-0400] {logging_mixin.py:190} INFO - [2024-10-05T13:35:58.702-0400] {dagbag.py:588} INFO - Filling up the DagBag from /home/patrick/.cache/pypoetry/virtualenvs/airflow-wPbgcfzP-py3.10/lib/python3.10/site-packages/airflow/example_dags/example_sensors.py
[2024-10-05T13:35:58.708-0400] {processor.py:925} INFO - DAG(s) 'example_sensors' retrieved from /home/patrick/.cache/pypoetry/virtualenvs/airflow-wPbgcfzP-py3.10/lib/python3.10/site-packages/airflow/example_dags/example_sensors.py
[2024-10-05T13:36:00.541-0400] {logging_mixin.py:190} INFO - [2024-10-05T13:36:00.541-0400] {dag.py:3239} INFO - Sync 1 DAGs
[2024-10-05T13:36:00.764-0400] {logging_mixin.py:190} INFO - [2024-10-05T13:36:00.764-0400] {dag.py:4180} INFO - Setting next_dagrun for example_sensors to None, run_after=None
[2024-10-05T13:36:01.437-0400] {processor.py:208} INFO - Processing /home/patrick/.cache/pypoetry/virtualenvs/airflow-wPbgcfzP-py3.10/lib/python3.10/site-packages/airflow/example_dags/example_sensors.py took 2.741 seconds
[2024-10-05T13:38:46.019-0400] {processor.py:186} INFO - Started process (PID=3802) to work on /home/patrick/.cache/pypoetry/virtualenvs/airflow-wPbgcfzP-py3.10/lib/python3.10/site-packages/airflow/example_dags/example_sensors.py
[2024-10-05T13:38:46.020-0400] {processor.py:914} INFO - Processing file /home/patrick/.cache/pypoetry/virtualenvs/airflow-wPbgcfzP-py3.10/lib/python3.10/site-packages/airflow/example_dags/example_sensors.py for tasks to queue
[2024-10-05T13:38:46.021-0400] {logging_mixin.py:190} INFO - [2024-10-05T13:38:46.021-0400] {dagbag.py:588} INFO - Filling up the DagBag from /home/patrick/.cache/pypoetry/virtualenvs/airflow-wPbgcfzP-py3.10/lib/python3.10/site-packages/airflow/example_dags/example_sensors.py
[2024-10-05T13:38:46.027-0400] {processor.py:925} INFO - DAG(s) 'example_sensors' retrieved from /home/patrick/.cache/pypoetry/virtualenvs/airflow-wPbgcfzP-py3.10/lib/python3.10/site-packages/airflow/example_dags/example_sensors.py
[2024-10-05T13:38:48.523-0400] {logging_mixin.py:190} INFO - [2024-10-05T13:38:48.523-0400] {dag.py:3239} INFO - Sync 1 DAGs
[2024-10-05T13:38:48.623-0400] {logging_mixin.py:190} INFO - [2024-10-05T13:38:48.623-0400] {dag.py:4180} INFO - Setting next_dagrun for example_sensors to None, run_after=None
[2024-10-05T13:38:49.188-0400] {processor.py:208} INFO - Processing /home/patrick/.cache/pypoetry/virtualenvs/airflow-wPbgcfzP-py3.10/lib/python3.10/site-packages/airflow/example_dags/example_sensors.py took 3.173 seconds
[2024-10-05T13:41:16.146-0400] {processor.py:186} INFO - Started process (PID=4459) to work on /home/patrick/.cache/pypoetry/virtualenvs/airflow-wPbgcfzP-py3.10/lib/python3.10/site-packages/airflow/example_dags/example_sensors.py
[2024-10-05T13:41:16.147-0400] {processor.py:914} INFO - Processing file /home/patrick/.cache/pypoetry/virtualenvs/airflow-wPbgcfzP-py3.10/lib/python3.10/site-packages/airflow/example_dags/example_sensors.py for tasks to queue
[2024-10-05T13:41:16.148-0400] {logging_mixin.py:190} INFO - [2024-10-05T13:41:16.148-0400] {dagbag.py:588} INFO - Filling up the DagBag from /home/patrick/.cache/pypoetry/virtualenvs/airflow-wPbgcfzP-py3.10/lib/python3.10/site-packages/airflow/example_dags/example_sensors.py
[2024-10-05T13:41:16.154-0400] {processor.py:925} INFO - DAG(s) 'example_sensors' retrieved from /home/patrick/.cache/pypoetry/virtualenvs/airflow-wPbgcfzP-py3.10/lib/python3.10/site-packages/airflow/example_dags/example_sensors.py
[2024-10-05T13:41:19.715-0400] {logging_mixin.py:190} INFO - [2024-10-05T13:41:19.714-0400] {dag.py:3239} INFO - Sync 1 DAGs
[2024-10-05T13:41:19.989-0400] {logging_mixin.py:190} INFO - [2024-10-05T13:41:19.988-0400] {dag.py:4180} INFO - Setting next_dagrun for example_sensors to None, run_after=None
[2024-10-05T13:41:20.916-0400] {processor.py:208} INFO - Processing /home/patrick/.cache/pypoetry/virtualenvs/airflow-wPbgcfzP-py3.10/lib/python3.10/site-packages/airflow/example_dags/example_sensors.py took 4.774 seconds
[2024-10-05T13:43:42.536-0400] {processor.py:186} INFO - Started process (PID=5090) to work on /home/patrick/.cache/pypoetry/virtualenvs/airflow-wPbgcfzP-py3.10/lib/python3.10/site-packages/airflow/example_dags/example_sensors.py
[2024-10-05T13:43:42.536-0400] {processor.py:914} INFO - Processing file /home/patrick/.cache/pypoetry/virtualenvs/airflow-wPbgcfzP-py3.10/lib/python3.10/site-packages/airflow/example_dags/example_sensors.py for tasks to queue
[2024-10-05T13:43:42.538-0400] {logging_mixin.py:190} INFO - [2024-10-05T13:43:42.538-0400] {dagbag.py:588} INFO - Filling up the DagBag from /home/patrick/.cache/pypoetry/virtualenvs/airflow-wPbgcfzP-py3.10/lib/python3.10/site-packages/airflow/example_dags/example_sensors.py
[2024-10-05T13:43:42.543-0400] {processor.py:925} INFO - DAG(s) 'example_sensors' retrieved from /home/patrick/.cache/pypoetry/virtualenvs/airflow-wPbgcfzP-py3.10/lib/python3.10/site-packages/airflow/example_dags/example_sensors.py
[2024-10-05T13:43:45.568-0400] {logging_mixin.py:190} INFO - [2024-10-05T13:43:45.567-0400] {dag.py:3239} INFO - Sync 1 DAGs
[2024-10-05T13:43:45.658-0400] {logging_mixin.py:190} INFO - [2024-10-05T13:43:45.657-0400] {dag.py:4180} INFO - Setting next_dagrun for example_sensors to None, run_after=None
[2024-10-05T13:43:46.659-0400] {processor.py:208} INFO - Processing /home/patrick/.cache/pypoetry/virtualenvs/airflow-wPbgcfzP-py3.10/lib/python3.10/site-packages/airflow/example_dags/example_sensors.py took 4.127 seconds
[2024-10-05T13:45:31.608-0400] {processor.py:186} INFO - Started process (PID=5564) to work on /home/patrick/.cache/pypoetry/virtualenvs/airflow-wPbgcfzP-py3.10/lib/python3.10/site-packages/airflow/example_dags/example_sensors.py
[2024-10-05T13:45:31.609-0400] {processor.py:914} INFO - Processing file /home/patrick/.cache/pypoetry/virtualenvs/airflow-wPbgcfzP-py3.10/lib/python3.10/site-packages/airflow/example_dags/example_sensors.py for tasks to queue
[2024-10-05T13:45:31.610-0400] {logging_mixin.py:190} INFO - [2024-10-05T13:45:31.610-0400] {dagbag.py:588} INFO - Filling up the DagBag from /home/patrick/.cache/pypoetry/virtualenvs/airflow-wPbgcfzP-py3.10/lib/python3.10/site-packages/airflow/example_dags/example_sensors.py
[2024-10-05T13:45:31.617-0400] {processor.py:925} INFO - DAG(s) 'example_sensors' retrieved from /home/patrick/.cache/pypoetry/virtualenvs/airflow-wPbgcfzP-py3.10/lib/python3.10/site-packages/airflow/example_dags/example_sensors.py
[2024-10-05T13:45:32.775-0400] {logging_mixin.py:190} INFO - [2024-10-05T13:45:32.775-0400] {dag.py:3239} INFO - Sync 1 DAGs
[2024-10-05T13:45:32.835-0400] {logging_mixin.py:190} INFO - [2024-10-05T13:45:32.835-0400] {dag.py:4180} INFO - Setting next_dagrun for example_sensors to None, run_after=None
[2024-10-05T13:45:33.371-0400] {processor.py:208} INFO - Processing /home/patrick/.cache/pypoetry/virtualenvs/airflow-wPbgcfzP-py3.10/lib/python3.10/site-packages/airflow/example_dags/example_sensors.py took 1.766 seconds
[2024-10-05T13:47:11.539-0400] {processor.py:186} INFO - Started process (PID=5996) to work on /home/patrick/.cache/pypoetry/virtualenvs/airflow-wPbgcfzP-py3.10/lib/python3.10/site-packages/airflow/example_dags/example_sensors.py
[2024-10-05T13:47:11.540-0400] {processor.py:914} INFO - Processing file /home/patrick/.cache/pypoetry/virtualenvs/airflow-wPbgcfzP-py3.10/lib/python3.10/site-packages/airflow/example_dags/example_sensors.py for tasks to queue
[2024-10-05T13:47:11.541-0400] {logging_mixin.py:190} INFO - [2024-10-05T13:47:11.541-0400] {dagbag.py:588} INFO - Filling up the DagBag from /home/patrick/.cache/pypoetry/virtualenvs/airflow-wPbgcfzP-py3.10/lib/python3.10/site-packages/airflow/example_dags/example_sensors.py
[2024-10-05T13:47:11.548-0400] {processor.py:925} INFO - DAG(s) 'example_sensors' retrieved from /home/patrick/.cache/pypoetry/virtualenvs/airflow-wPbgcfzP-py3.10/lib/python3.10/site-packages/airflow/example_dags/example_sensors.py
[2024-10-05T13:47:13.000-0400] {logging_mixin.py:190} INFO - [2024-10-05T13:47:13.000-0400] {dag.py:3239} INFO - Sync 1 DAGs
[2024-10-05T13:47:13.057-0400] {logging_mixin.py:190} INFO - [2024-10-05T13:47:13.057-0400] {dag.py:4180} INFO - Setting next_dagrun for example_sensors to None, run_after=None
[2024-10-05T13:47:13.574-0400] {processor.py:208} INFO - Processing /home/patrick/.cache/pypoetry/virtualenvs/airflow-wPbgcfzP-py3.10/lib/python3.10/site-packages/airflow/example_dags/example_sensors.py took 2.038 seconds
[2024-10-05T13:49:25.772-0400] {processor.py:186} INFO - Started process (PID=6571) to work on /home/patrick/.cache/pypoetry/virtualenvs/airflow-wPbgcfzP-py3.10/lib/python3.10/site-packages/airflow/example_dags/example_sensors.py
[2024-10-05T13:49:25.773-0400] {processor.py:914} INFO - Processing file /home/patrick/.cache/pypoetry/virtualenvs/airflow-wPbgcfzP-py3.10/lib/python3.10/site-packages/airflow/example_dags/example_sensors.py for tasks to queue
[2024-10-05T13:49:25.775-0400] {logging_mixin.py:190} INFO - [2024-10-05T13:49:25.775-0400] {dagbag.py:588} INFO - Filling up the DagBag from /home/patrick/.cache/pypoetry/virtualenvs/airflow-wPbgcfzP-py3.10/lib/python3.10/site-packages/airflow/example_dags/example_sensors.py
[2024-10-05T13:49:25.783-0400] {processor.py:925} INFO - DAG(s) 'example_sensors' retrieved from /home/patrick/.cache/pypoetry/virtualenvs/airflow-wPbgcfzP-py3.10/lib/python3.10/site-packages/airflow/example_dags/example_sensors.py
[2024-10-05T13:49:30.965-0400] {logging_mixin.py:190} INFO - [2024-10-05T13:49:30.965-0400] {dag.py:3239} INFO - Sync 1 DAGs
[2024-10-05T13:49:31.334-0400] {logging_mixin.py:190} INFO - [2024-10-05T13:49:31.334-0400] {dag.py:4180} INFO - Setting next_dagrun for example_sensors to None, run_after=None
[2024-10-05T13:49:32.135-0400] {processor.py:208} INFO - Processing /home/patrick/.cache/pypoetry/virtualenvs/airflow-wPbgcfzP-py3.10/lib/python3.10/site-packages/airflow/example_dags/example_sensors.py took 6.366 seconds
[2024-10-05T13:51:33.485-0400] {processor.py:186} INFO - Started process (PID=7190) to work on /home/patrick/.cache/pypoetry/virtualenvs/airflow-wPbgcfzP-py3.10/lib/python3.10/site-packages/airflow/example_dags/example_sensors.py
[2024-10-05T13:51:33.485-0400] {processor.py:914} INFO - Processing file /home/patrick/.cache/pypoetry/virtualenvs/airflow-wPbgcfzP-py3.10/lib/python3.10/site-packages/airflow/example_dags/example_sensors.py for tasks to queue
[2024-10-05T13:51:33.487-0400] {logging_mixin.py:190} INFO - [2024-10-05T13:51:33.487-0400] {dagbag.py:588} INFO - Filling up the DagBag from /home/patrick/.cache/pypoetry/virtualenvs/airflow-wPbgcfzP-py3.10/lib/python3.10/site-packages/airflow/example_dags/example_sensors.py
[2024-10-05T13:51:33.493-0400] {processor.py:925} INFO - DAG(s) 'example_sensors' retrieved from /home/patrick/.cache/pypoetry/virtualenvs/airflow-wPbgcfzP-py3.10/lib/python3.10/site-packages/airflow/example_dags/example_sensors.py
[2024-10-05T13:51:34.846-0400] {logging_mixin.py:190} INFO - [2024-10-05T13:51:34.845-0400] {dag.py:3239} INFO - Sync 1 DAGs
[2024-10-05T13:51:34.909-0400] {logging_mixin.py:190} INFO - [2024-10-05T13:51:34.909-0400] {dag.py:4180} INFO - Setting next_dagrun for example_sensors to None, run_after=None
[2024-10-05T13:51:35.506-0400] {processor.py:208} INFO - Processing /home/patrick/.cache/pypoetry/virtualenvs/airflow-wPbgcfzP-py3.10/lib/python3.10/site-packages/airflow/example_dags/example_sensors.py took 2.025 seconds
