[2024-10-05T13:29:42.598-0400] {processor.py:186} INFO - Started process (PID=1312) to work on /home/patrick/.cache/pypoetry/virtualenvs/airflow-wPbgcfzP-py3.10/lib/python3.10/site-packages/airflow/example_dags/example_xcomargs.py
[2024-10-05T13:29:42.599-0400] {processor.py:914} INFO - Processing file /home/patrick/.cache/pypoetry/virtualenvs/airflow-wPbgcfzP-py3.10/lib/python3.10/site-packages/airflow/example_dags/example_xcomargs.py for tasks to queue
[2024-10-05T13:29:42.601-0400] {logging_mixin.py:190} INFO - [2024-10-05T13:29:42.601-0400] {dagbag.py:588} INFO - Filling up the DagBag from /home/patrick/.cache/pypoetry/virtualenvs/airflow-wPbgcfzP-py3.10/lib/python3.10/site-packages/airflow/example_dags/example_xcomargs.py
[2024-10-05T13:29:42.607-0400] {processor.py:925} INFO - DAG(s) 'example_xcom_args_with_operators', 'example_xcom_args' retrieved from /home/patrick/.cache/pypoetry/virtualenvs/airflow-wPbgcfzP-py3.10/lib/python3.10/site-packages/airflow/example_dags/example_xcomargs.py
[2024-10-05T13:29:46.085-0400] {logging_mixin.py:190} INFO - [2024-10-05T13:29:46.085-0400] {dag.py:3239} INFO - Sync 2 DAGs
[2024-10-05T13:29:46.174-0400] {logging_mixin.py:190} INFO - [2024-10-05T13:29:46.174-0400] {dag.py:4180} INFO - Setting next_dagrun for example_xcom_args to None, run_after=None
[2024-10-05T13:29:46.213-0400] {logging_mixin.py:190} INFO - [2024-10-05T13:29:46.212-0400] {dag.py:4180} INFO - Setting next_dagrun for example_xcom_args_with_operators to None, run_after=None
[2024-10-05T13:29:46.820-0400] {processor.py:208} INFO - Processing /home/patrick/.cache/pypoetry/virtualenvs/airflow-wPbgcfzP-py3.10/lib/python3.10/site-packages/airflow/example_dags/example_xcomargs.py took 4.225 seconds
[2024-10-05T13:34:41.721-0400] {processor.py:186} INFO - Started process (PID=2642) to work on /home/patrick/.cache/pypoetry/virtualenvs/airflow-wPbgcfzP-py3.10/lib/python3.10/site-packages/airflow/example_dags/example_xcomargs.py
[2024-10-05T13:34:41.722-0400] {processor.py:914} INFO - Processing file /home/patrick/.cache/pypoetry/virtualenvs/airflow-wPbgcfzP-py3.10/lib/python3.10/site-packages/airflow/example_dags/example_xcomargs.py for tasks to queue
[2024-10-05T13:34:41.723-0400] {logging_mixin.py:190} INFO - [2024-10-05T13:34:41.723-0400] {dagbag.py:588} INFO - Filling up the DagBag from /home/patrick/.cache/pypoetry/virtualenvs/airflow-wPbgcfzP-py3.10/lib/python3.10/site-packages/airflow/example_dags/example_xcomargs.py
[2024-10-05T13:34:41.729-0400] {processor.py:925} INFO - DAG(s) 'example_xcom_args', 'example_xcom_args_with_operators' retrieved from /home/patrick/.cache/pypoetry/virtualenvs/airflow-wPbgcfzP-py3.10/lib/python3.10/site-packages/airflow/example_dags/example_xcomargs.py
[2024-10-05T13:34:43.947-0400] {logging_mixin.py:190} INFO - [2024-10-05T13:34:43.946-0400] {dag.py:3239} INFO - Sync 2 DAGs
[2024-10-05T13:34:44.048-0400] {logging_mixin.py:190} INFO - [2024-10-05T13:34:44.048-0400] {dag.py:4180} INFO - Setting next_dagrun for example_xcom_args to None, run_after=None
[2024-10-05T13:34:44.084-0400] {logging_mixin.py:190} INFO - [2024-10-05T13:34:44.084-0400] {dag.py:4180} INFO - Setting next_dagrun for example_xcom_args_with_operators to None, run_after=None
[2024-10-05T13:34:44.702-0400] {processor.py:208} INFO - Processing /home/patrick/.cache/pypoetry/virtualenvs/airflow-wPbgcfzP-py3.10/lib/python3.10/site-packages/airflow/example_dags/example_xcomargs.py took 2.985 seconds
[2024-10-05T13:37:26.559-0400] {processor.py:186} INFO - Started process (PID=3452) to work on /home/patrick/.cache/pypoetry/virtualenvs/airflow-wPbgcfzP-py3.10/lib/python3.10/site-packages/airflow/example_dags/example_xcomargs.py
[2024-10-05T13:37:26.559-0400] {processor.py:914} INFO - Processing file /home/patrick/.cache/pypoetry/virtualenvs/airflow-wPbgcfzP-py3.10/lib/python3.10/site-packages/airflow/example_dags/example_xcomargs.py for tasks to queue
[2024-10-05T13:37:26.561-0400] {logging_mixin.py:190} INFO - [2024-10-05T13:37:26.561-0400] {dagbag.py:588} INFO - Filling up the DagBag from /home/patrick/.cache/pypoetry/virtualenvs/airflow-wPbgcfzP-py3.10/lib/python3.10/site-packages/airflow/example_dags/example_xcomargs.py
[2024-10-05T13:37:26.568-0400] {processor.py:925} INFO - DAG(s) 'example_xcom_args_with_operators', 'example_xcom_args' retrieved from /home/patrick/.cache/pypoetry/virtualenvs/airflow-wPbgcfzP-py3.10/lib/python3.10/site-packages/airflow/example_dags/example_xcomargs.py
[2024-10-05T13:37:28.148-0400] {logging_mixin.py:190} INFO - [2024-10-05T13:37:28.147-0400] {dag.py:3239} INFO - Sync 2 DAGs
[2024-10-05T13:37:28.258-0400] {logging_mixin.py:190} INFO - [2024-10-05T13:37:28.258-0400] {dag.py:4180} INFO - Setting next_dagrun for example_xcom_args to None, run_after=None
[2024-10-05T13:37:28.306-0400] {logging_mixin.py:190} INFO - [2024-10-05T13:37:28.306-0400] {dag.py:4180} INFO - Setting next_dagrun for example_xcom_args_with_operators to None, run_after=None
[2024-10-05T13:37:28.916-0400] {processor.py:208} INFO - Processing /home/patrick/.cache/pypoetry/virtualenvs/airflow-wPbgcfzP-py3.10/lib/python3.10/site-packages/airflow/example_dags/example_xcomargs.py took 2.361 seconds
[2024-10-05T13:42:10.338-0400] {processor.py:186} INFO - Started process (PID=4697) to work on /home/patrick/.cache/pypoetry/virtualenvs/airflow-wPbgcfzP-py3.10/lib/python3.10/site-packages/airflow/example_dags/example_xcomargs.py
[2024-10-05T13:42:10.339-0400] {processor.py:914} INFO - Processing file /home/patrick/.cache/pypoetry/virtualenvs/airflow-wPbgcfzP-py3.10/lib/python3.10/site-packages/airflow/example_dags/example_xcomargs.py for tasks to queue
[2024-10-05T13:42:10.340-0400] {logging_mixin.py:190} INFO - [2024-10-05T13:42:10.340-0400] {dagbag.py:588} INFO - Filling up the DagBag from /home/patrick/.cache/pypoetry/virtualenvs/airflow-wPbgcfzP-py3.10/lib/python3.10/site-packages/airflow/example_dags/example_xcomargs.py
[2024-10-05T13:42:10.346-0400] {processor.py:925} INFO - DAG(s) 'example_xcom_args', 'example_xcom_args_with_operators' retrieved from /home/patrick/.cache/pypoetry/virtualenvs/airflow-wPbgcfzP-py3.10/lib/python3.10/site-packages/airflow/example_dags/example_xcomargs.py
[2024-10-05T13:42:16.754-0400] {logging_mixin.py:190} INFO - [2024-10-05T13:42:16.753-0400] {dag.py:3239} INFO - Sync 2 DAGs
[2024-10-05T13:42:16.863-0400] {logging_mixin.py:190} INFO - [2024-10-05T13:42:16.863-0400] {dag.py:4180} INFO - Setting next_dagrun for example_xcom_args to None, run_after=None
[2024-10-05T13:42:16.927-0400] {logging_mixin.py:190} INFO - [2024-10-05T13:42:16.927-0400] {dag.py:4180} INFO - Setting next_dagrun for example_xcom_args_with_operators to None, run_after=None
[2024-10-05T13:42:17.525-0400] {processor.py:208} INFO - Processing /home/patrick/.cache/pypoetry/virtualenvs/airflow-wPbgcfzP-py3.10/lib/python3.10/site-packages/airflow/example_dags/example_xcomargs.py took 7.191 seconds
[2024-10-05T13:44:42.983-0400] {processor.py:186} INFO - Started process (PID=5348) to work on /home/patrick/.cache/pypoetry/virtualenvs/airflow-wPbgcfzP-py3.10/lib/python3.10/site-packages/airflow/example_dags/example_xcomargs.py
[2024-10-05T13:44:42.984-0400] {processor.py:914} INFO - Processing file /home/patrick/.cache/pypoetry/virtualenvs/airflow-wPbgcfzP-py3.10/lib/python3.10/site-packages/airflow/example_dags/example_xcomargs.py for tasks to queue
[2024-10-05T13:44:42.985-0400] {logging_mixin.py:190} INFO - [2024-10-05T13:44:42.985-0400] {dagbag.py:588} INFO - Filling up the DagBag from /home/patrick/.cache/pypoetry/virtualenvs/airflow-wPbgcfzP-py3.10/lib/python3.10/site-packages/airflow/example_dags/example_xcomargs.py
[2024-10-05T13:44:42.991-0400] {processor.py:925} INFO - DAG(s) 'example_xcom_args', 'example_xcom_args_with_operators' retrieved from /home/patrick/.cache/pypoetry/virtualenvs/airflow-wPbgcfzP-py3.10/lib/python3.10/site-packages/airflow/example_dags/example_xcomargs.py
[2024-10-05T13:44:45.176-0400] {logging_mixin.py:190} INFO - [2024-10-05T13:44:45.176-0400] {dag.py:3239} INFO - Sync 2 DAGs
[2024-10-05T13:44:45.250-0400] {logging_mixin.py:190} INFO - [2024-10-05T13:44:45.250-0400] {dag.py:4180} INFO - Setting next_dagrun for example_xcom_args to None, run_after=None
[2024-10-05T13:44:45.315-0400] {logging_mixin.py:190} INFO - [2024-10-05T13:44:45.314-0400] {dag.py:4180} INFO - Setting next_dagrun for example_xcom_args_with_operators to None, run_after=None
[2024-10-05T13:44:45.905-0400] {processor.py:208} INFO - Processing /home/patrick/.cache/pypoetry/virtualenvs/airflow-wPbgcfzP-py3.10/lib/python3.10/site-packages/airflow/example_dags/example_xcomargs.py took 2.925 seconds
[2024-10-05T13:47:55.765-0400] {processor.py:186} INFO - Started process (PID=6191) to work on /home/patrick/.cache/pypoetry/virtualenvs/airflow-wPbgcfzP-py3.10/lib/python3.10/site-packages/airflow/example_dags/example_xcomargs.py
[2024-10-05T13:47:55.765-0400] {processor.py:914} INFO - Processing file /home/patrick/.cache/pypoetry/virtualenvs/airflow-wPbgcfzP-py3.10/lib/python3.10/site-packages/airflow/example_dags/example_xcomargs.py for tasks to queue
[2024-10-05T13:47:55.767-0400] {logging_mixin.py:190} INFO - [2024-10-05T13:47:55.767-0400] {dagbag.py:588} INFO - Filling up the DagBag from /home/patrick/.cache/pypoetry/virtualenvs/airflow-wPbgcfzP-py3.10/lib/python3.10/site-packages/airflow/example_dags/example_xcomargs.py
[2024-10-05T13:47:55.772-0400] {processor.py:925} INFO - DAG(s) 'example_xcom_args_with_operators', 'example_xcom_args' retrieved from /home/patrick/.cache/pypoetry/virtualenvs/airflow-wPbgcfzP-py3.10/lib/python3.10/site-packages/airflow/example_dags/example_xcomargs.py
[2024-10-05T13:48:00.489-0400] {logging_mixin.py:190} INFO - [2024-10-05T13:48:00.489-0400] {dag.py:3239} INFO - Sync 2 DAGs
[2024-10-05T13:48:00.697-0400] {logging_mixin.py:190} INFO - [2024-10-05T13:48:00.697-0400] {dag.py:4180} INFO - Setting next_dagrun for example_xcom_args to None, run_after=None
[2024-10-05T13:48:00.734-0400] {logging_mixin.py:190} INFO - [2024-10-05T13:48:00.734-0400] {dag.py:4180} INFO - Setting next_dagrun for example_xcom_args_with_operators to None, run_after=None
[2024-10-05T13:48:01.448-0400] {processor.py:208} INFO - Processing /home/patrick/.cache/pypoetry/virtualenvs/airflow-wPbgcfzP-py3.10/lib/python3.10/site-packages/airflow/example_dags/example_xcomargs.py took 5.687 seconds
[2024-10-05T13:50:20.826-0400] {processor.py:186} INFO - Started process (PID=6810) to work on /home/patrick/.cache/pypoetry/virtualenvs/airflow-wPbgcfzP-py3.10/lib/python3.10/site-packages/airflow/example_dags/example_xcomargs.py
[2024-10-05T13:50:20.827-0400] {processor.py:914} INFO - Processing file /home/patrick/.cache/pypoetry/virtualenvs/airflow-wPbgcfzP-py3.10/lib/python3.10/site-packages/airflow/example_dags/example_xcomargs.py for tasks to queue
[2024-10-05T13:50:20.829-0400] {logging_mixin.py:190} INFO - [2024-10-05T13:50:20.829-0400] {dagbag.py:588} INFO - Filling up the DagBag from /home/patrick/.cache/pypoetry/virtualenvs/airflow-wPbgcfzP-py3.10/lib/python3.10/site-packages/airflow/example_dags/example_xcomargs.py
[2024-10-05T13:50:20.834-0400] {processor.py:925} INFO - DAG(s) 'example_xcom_args_with_operators', 'example_xcom_args' retrieved from /home/patrick/.cache/pypoetry/virtualenvs/airflow-wPbgcfzP-py3.10/lib/python3.10/site-packages/airflow/example_dags/example_xcomargs.py
[2024-10-05T13:50:29.158-0400] {logging_mixin.py:190} INFO - [2024-10-05T13:50:29.157-0400] {dag.py:3239} INFO - Sync 2 DAGs
[2024-10-05T13:50:29.528-0400] {logging_mixin.py:190} INFO - [2024-10-05T13:50:29.528-0400] {dag.py:4180} INFO - Setting next_dagrun for example_xcom_args to None, run_after=None
[2024-10-05T13:50:29.586-0400] {logging_mixin.py:190} INFO - [2024-10-05T13:50:29.585-0400] {dag.py:4180} INFO - Setting next_dagrun for example_xcom_args_with_operators to None, run_after=None
[2024-10-05T13:50:30.638-0400] {processor.py:208} INFO - Processing /home/patrick/.cache/pypoetry/virtualenvs/airflow-wPbgcfzP-py3.10/lib/python3.10/site-packages/airflow/example_dags/example_xcomargs.py took 9.815 seconds
[2024-10-05T13:52:18.565-0400] {processor.py:186} INFO - Started process (PID=7388) to work on /home/patrick/.cache/pypoetry/virtualenvs/airflow-wPbgcfzP-py3.10/lib/python3.10/site-packages/airflow/example_dags/example_xcomargs.py
[2024-10-05T13:52:18.566-0400] {processor.py:914} INFO - Processing file /home/patrick/.cache/pypoetry/virtualenvs/airflow-wPbgcfzP-py3.10/lib/python3.10/site-packages/airflow/example_dags/example_xcomargs.py for tasks to queue
[2024-10-05T13:52:18.568-0400] {logging_mixin.py:190} INFO - [2024-10-05T13:52:18.567-0400] {dagbag.py:588} INFO - Filling up the DagBag from /home/patrick/.cache/pypoetry/virtualenvs/airflow-wPbgcfzP-py3.10/lib/python3.10/site-packages/airflow/example_dags/example_xcomargs.py
[2024-10-05T13:52:18.573-0400] {processor.py:925} INFO - DAG(s) 'example_xcom_args', 'example_xcom_args_with_operators' retrieved from /home/patrick/.cache/pypoetry/virtualenvs/airflow-wPbgcfzP-py3.10/lib/python3.10/site-packages/airflow/example_dags/example_xcomargs.py
[2024-10-05T13:52:30.060-0400] {logging_mixin.py:190} INFO - [2024-10-05T13:52:30.059-0400] {dag.py:3239} INFO - Sync 2 DAGs
[2024-10-05T13:52:30.464-0400] {logging_mixin.py:190} INFO - [2024-10-05T13:52:30.464-0400] {dag.py:4180} INFO - Setting next_dagrun for example_xcom_args to None, run_after=None
[2024-10-05T13:52:30.509-0400] {logging_mixin.py:190} INFO - [2024-10-05T13:52:30.508-0400] {dag.py:4180} INFO - Setting next_dagrun for example_xcom_args_with_operators to None, run_after=None
[2024-10-05T13:52:31.635-0400] {processor.py:208} INFO - Processing /home/patrick/.cache/pypoetry/virtualenvs/airflow-wPbgcfzP-py3.10/lib/python3.10/site-packages/airflow/example_dags/example_xcomargs.py took 13.074 seconds
