[2024-10-05T13:29:03.972-0400] {processor.py:186} INFO - Started process (PID=1120) to work on /home/patrick/.cache/pypoetry/virtualenvs/airflow-wPbgcfzP-py3.10/lib/python3.10/site-packages/airflow/example_dags/tutorial_taskflow_api.py
[2024-10-05T13:29:03.973-0400] {processor.py:914} INFO - Processing file /home/patrick/.cache/pypoetry/virtualenvs/airflow-wPbgcfzP-py3.10/lib/python3.10/site-packages/airflow/example_dags/tutorial_taskflow_api.py for tasks to queue
[2024-10-05T13:29:03.975-0400] {logging_mixin.py:190} INFO - [2024-10-05T13:29:03.975-0400] {dagbag.py:588} INFO - Filling up the DagBag from /home/patrick/.cache/pypoetry/virtualenvs/airflow-wPbgcfzP-py3.10/lib/python3.10/site-packages/airflow/example_dags/tutorial_taskflow_api.py
[2024-10-05T13:29:03.981-0400] {processor.py:925} INFO - DAG(s) 'tutorial_taskflow_api' retrieved from /home/patrick/.cache/pypoetry/virtualenvs/airflow-wPbgcfzP-py3.10/lib/python3.10/site-packages/airflow/example_dags/tutorial_taskflow_api.py
[2024-10-05T13:29:08.037-0400] {logging_mixin.py:190} INFO - [2024-10-05T13:29:08.036-0400] {dag.py:3239} INFO - Sync 1 DAGs
[2024-10-05T13:29:08.113-0400] {logging_mixin.py:190} INFO - [2024-10-05T13:29:08.113-0400] {dag.py:4180} INFO - Setting next_dagrun for tutorial_taskflow_api to None, run_after=None
[2024-10-05T13:29:08.940-0400] {processor.py:208} INFO - Processing /home/patrick/.cache/pypoetry/virtualenvs/airflow-wPbgcfzP-py3.10/lib/python3.10/site-packages/airflow/example_dags/tutorial_taskflow_api.py took 4.972 seconds
[2024-10-05T13:33:45.178-0400] {processor.py:186} INFO - Started process (PID=2391) to work on /home/patrick/.cache/pypoetry/virtualenvs/airflow-wPbgcfzP-py3.10/lib/python3.10/site-packages/airflow/example_dags/tutorial_taskflow_api.py
[2024-10-05T13:33:45.180-0400] {processor.py:914} INFO - Processing file /home/patrick/.cache/pypoetry/virtualenvs/airflow-wPbgcfzP-py3.10/lib/python3.10/site-packages/airflow/example_dags/tutorial_taskflow_api.py for tasks to queue
[2024-10-05T13:33:45.183-0400] {logging_mixin.py:190} INFO - [2024-10-05T13:33:45.183-0400] {dagbag.py:588} INFO - Filling up the DagBag from /home/patrick/.cache/pypoetry/virtualenvs/airflow-wPbgcfzP-py3.10/lib/python3.10/site-packages/airflow/example_dags/tutorial_taskflow_api.py
[2024-10-05T13:33:45.188-0400] {processor.py:925} INFO - DAG(s) 'tutorial_taskflow_api' retrieved from /home/patrick/.cache/pypoetry/virtualenvs/airflow-wPbgcfzP-py3.10/lib/python3.10/site-packages/airflow/example_dags/tutorial_taskflow_api.py
[2024-10-05T13:33:47.501-0400] {logging_mixin.py:190} INFO - [2024-10-05T13:33:47.501-0400] {dag.py:3239} INFO - Sync 1 DAGs
[2024-10-05T13:33:47.627-0400] {logging_mixin.py:190} INFO - [2024-10-05T13:33:47.627-0400] {dag.py:4180} INFO - Setting next_dagrun for tutorial_taskflow_api to None, run_after=None
[2024-10-05T13:33:48.249-0400] {processor.py:208} INFO - Processing /home/patrick/.cache/pypoetry/virtualenvs/airflow-wPbgcfzP-py3.10/lib/python3.10/site-packages/airflow/example_dags/tutorial_taskflow_api.py took 3.075 seconds
[2024-10-05T13:36:40.858-0400] {processor.py:186} INFO - Started process (PID=3179) to work on /home/patrick/.cache/pypoetry/virtualenvs/airflow-wPbgcfzP-py3.10/lib/python3.10/site-packages/airflow/example_dags/tutorial_taskflow_api.py
[2024-10-05T13:36:40.859-0400] {processor.py:914} INFO - Processing file /home/patrick/.cache/pypoetry/virtualenvs/airflow-wPbgcfzP-py3.10/lib/python3.10/site-packages/airflow/example_dags/tutorial_taskflow_api.py for tasks to queue
[2024-10-05T13:36:40.860-0400] {logging_mixin.py:190} INFO - [2024-10-05T13:36:40.860-0400] {dagbag.py:588} INFO - Filling up the DagBag from /home/patrick/.cache/pypoetry/virtualenvs/airflow-wPbgcfzP-py3.10/lib/python3.10/site-packages/airflow/example_dags/tutorial_taskflow_api.py
[2024-10-05T13:36:40.866-0400] {processor.py:925} INFO - DAG(s) 'tutorial_taskflow_api' retrieved from /home/patrick/.cache/pypoetry/virtualenvs/airflow-wPbgcfzP-py3.10/lib/python3.10/site-packages/airflow/example_dags/tutorial_taskflow_api.py
[2024-10-05T13:36:49.102-0400] {logging_mixin.py:190} INFO - [2024-10-05T13:36:49.102-0400] {dag.py:3239} INFO - Sync 1 DAGs
[2024-10-05T13:36:49.549-0400] {logging_mixin.py:190} INFO - [2024-10-05T13:36:49.549-0400] {dag.py:4180} INFO - Setting next_dagrun for tutorial_taskflow_api to None, run_after=None
[2024-10-05T13:36:50.573-0400] {processor.py:208} INFO - Processing /home/patrick/.cache/pypoetry/virtualenvs/airflow-wPbgcfzP-py3.10/lib/python3.10/site-packages/airflow/example_dags/tutorial_taskflow_api.py took 9.719 seconds
[2024-10-05T13:39:14.016-0400] {processor.py:186} INFO - Started process (PID=3940) to work on /home/patrick/.cache/pypoetry/virtualenvs/airflow-wPbgcfzP-py3.10/lib/python3.10/site-packages/airflow/example_dags/tutorial_taskflow_api.py
[2024-10-05T13:39:14.017-0400] {processor.py:914} INFO - Processing file /home/patrick/.cache/pypoetry/virtualenvs/airflow-wPbgcfzP-py3.10/lib/python3.10/site-packages/airflow/example_dags/tutorial_taskflow_api.py for tasks to queue
[2024-10-05T13:39:14.019-0400] {logging_mixin.py:190} INFO - [2024-10-05T13:39:14.018-0400] {dagbag.py:588} INFO - Filling up the DagBag from /home/patrick/.cache/pypoetry/virtualenvs/airflow-wPbgcfzP-py3.10/lib/python3.10/site-packages/airflow/example_dags/tutorial_taskflow_api.py
[2024-10-05T13:39:14.023-0400] {processor.py:925} INFO - DAG(s) 'tutorial_taskflow_api' retrieved from /home/patrick/.cache/pypoetry/virtualenvs/airflow-wPbgcfzP-py3.10/lib/python3.10/site-packages/airflow/example_dags/tutorial_taskflow_api.py
[2024-10-05T13:39:18.144-0400] {logging_mixin.py:190} INFO - [2024-10-05T13:39:18.143-0400] {dag.py:3239} INFO - Sync 1 DAGs
[2024-10-05T13:39:18.249-0400] {logging_mixin.py:190} INFO - [2024-10-05T13:39:18.248-0400] {dag.py:4180} INFO - Setting next_dagrun for tutorial_taskflow_api to None, run_after=None
[2024-10-05T13:39:18.843-0400] {processor.py:208} INFO - Processing /home/patrick/.cache/pypoetry/virtualenvs/airflow-wPbgcfzP-py3.10/lib/python3.10/site-packages/airflow/example_dags/tutorial_taskflow_api.py took 4.831 seconds
[2024-10-05T13:41:36.973-0400] {processor.py:186} INFO - Started process (PID=4549) to work on /home/patrick/.cache/pypoetry/virtualenvs/airflow-wPbgcfzP-py3.10/lib/python3.10/site-packages/airflow/example_dags/tutorial_taskflow_api.py
[2024-10-05T13:41:36.974-0400] {processor.py:914} INFO - Processing file /home/patrick/.cache/pypoetry/virtualenvs/airflow-wPbgcfzP-py3.10/lib/python3.10/site-packages/airflow/example_dags/tutorial_taskflow_api.py for tasks to queue
[2024-10-05T13:41:36.975-0400] {logging_mixin.py:190} INFO - [2024-10-05T13:41:36.975-0400] {dagbag.py:588} INFO - Filling up the DagBag from /home/patrick/.cache/pypoetry/virtualenvs/airflow-wPbgcfzP-py3.10/lib/python3.10/site-packages/airflow/example_dags/tutorial_taskflow_api.py
[2024-10-05T13:41:36.980-0400] {processor.py:925} INFO - DAG(s) 'tutorial_taskflow_api' retrieved from /home/patrick/.cache/pypoetry/virtualenvs/airflow-wPbgcfzP-py3.10/lib/python3.10/site-packages/airflow/example_dags/tutorial_taskflow_api.py
[2024-10-05T13:41:40.583-0400] {logging_mixin.py:190} INFO - [2024-10-05T13:41:40.583-0400] {dag.py:3239} INFO - Sync 1 DAGs
[2024-10-05T13:41:40.713-0400] {logging_mixin.py:190} INFO - [2024-10-05T13:41:40.713-0400] {dag.py:4180} INFO - Setting next_dagrun for tutorial_taskflow_api to None, run_after=None
[2024-10-05T13:41:41.343-0400] {processor.py:208} INFO - Processing /home/patrick/.cache/pypoetry/virtualenvs/airflow-wPbgcfzP-py3.10/lib/python3.10/site-packages/airflow/example_dags/tutorial_taskflow_api.py took 4.374 seconds
[2024-10-05T13:43:59.587-0400] {processor.py:186} INFO - Started process (PID=5165) to work on /home/patrick/.cache/pypoetry/virtualenvs/airflow-wPbgcfzP-py3.10/lib/python3.10/site-packages/airflow/example_dags/tutorial_taskflow_api.py
[2024-10-05T13:43:59.588-0400] {processor.py:914} INFO - Processing file /home/patrick/.cache/pypoetry/virtualenvs/airflow-wPbgcfzP-py3.10/lib/python3.10/site-packages/airflow/example_dags/tutorial_taskflow_api.py for tasks to queue
[2024-10-05T13:43:59.589-0400] {logging_mixin.py:190} INFO - [2024-10-05T13:43:59.589-0400] {dagbag.py:588} INFO - Filling up the DagBag from /home/patrick/.cache/pypoetry/virtualenvs/airflow-wPbgcfzP-py3.10/lib/python3.10/site-packages/airflow/example_dags/tutorial_taskflow_api.py
[2024-10-05T13:43:59.594-0400] {processor.py:925} INFO - DAG(s) 'tutorial_taskflow_api' retrieved from /home/patrick/.cache/pypoetry/virtualenvs/airflow-wPbgcfzP-py3.10/lib/python3.10/site-packages/airflow/example_dags/tutorial_taskflow_api.py
[2024-10-05T13:44:00.891-0400] {logging_mixin.py:190} INFO - [2024-10-05T13:44:00.891-0400] {dag.py:3239} INFO - Sync 1 DAGs
[2024-10-05T13:44:00.944-0400] {logging_mixin.py:190} INFO - [2024-10-05T13:44:00.944-0400] {dag.py:4180} INFO - Setting next_dagrun for tutorial_taskflow_api to None, run_after=None
[2024-10-05T13:44:01.532-0400] {processor.py:208} INFO - Processing /home/patrick/.cache/pypoetry/virtualenvs/airflow-wPbgcfzP-py3.10/lib/python3.10/site-packages/airflow/example_dags/tutorial_taskflow_api.py took 1.949 seconds
[2024-10-05T13:45:48.567-0400] {processor.py:186} INFO - Started process (PID=5638) to work on /home/patrick/.cache/pypoetry/virtualenvs/airflow-wPbgcfzP-py3.10/lib/python3.10/site-packages/airflow/example_dags/tutorial_taskflow_api.py
[2024-10-05T13:45:48.569-0400] {processor.py:914} INFO - Processing file /home/patrick/.cache/pypoetry/virtualenvs/airflow-wPbgcfzP-py3.10/lib/python3.10/site-packages/airflow/example_dags/tutorial_taskflow_api.py for tasks to queue
[2024-10-05T13:45:48.570-0400] {logging_mixin.py:190} INFO - [2024-10-05T13:45:48.570-0400] {dagbag.py:588} INFO - Filling up the DagBag from /home/patrick/.cache/pypoetry/virtualenvs/airflow-wPbgcfzP-py3.10/lib/python3.10/site-packages/airflow/example_dags/tutorial_taskflow_api.py
[2024-10-05T13:45:48.575-0400] {processor.py:925} INFO - DAG(s) 'tutorial_taskflow_api' retrieved from /home/patrick/.cache/pypoetry/virtualenvs/airflow-wPbgcfzP-py3.10/lib/python3.10/site-packages/airflow/example_dags/tutorial_taskflow_api.py
[2024-10-05T13:45:52.389-0400] {logging_mixin.py:190} INFO - [2024-10-05T13:45:52.388-0400] {dag.py:3239} INFO - Sync 1 DAGs
[2024-10-05T13:45:52.438-0400] {logging_mixin.py:190} INFO - [2024-10-05T13:45:52.438-0400] {dag.py:4180} INFO - Setting next_dagrun for tutorial_taskflow_api to None, run_after=None
[2024-10-05T13:45:52.992-0400] {processor.py:208} INFO - Processing /home/patrick/.cache/pypoetry/virtualenvs/airflow-wPbgcfzP-py3.10/lib/python3.10/site-packages/airflow/example_dags/tutorial_taskflow_api.py took 4.428 seconds
[2024-10-05T13:47:24.405-0400] {processor.py:186} INFO - Started process (PID=6055) to work on /home/patrick/.cache/pypoetry/virtualenvs/airflow-wPbgcfzP-py3.10/lib/python3.10/site-packages/airflow/example_dags/tutorial_taskflow_api.py
[2024-10-05T13:47:24.405-0400] {processor.py:914} INFO - Processing file /home/patrick/.cache/pypoetry/virtualenvs/airflow-wPbgcfzP-py3.10/lib/python3.10/site-packages/airflow/example_dags/tutorial_taskflow_api.py for tasks to queue
[2024-10-05T13:47:24.407-0400] {logging_mixin.py:190} INFO - [2024-10-05T13:47:24.406-0400] {dagbag.py:588} INFO - Filling up the DagBag from /home/patrick/.cache/pypoetry/virtualenvs/airflow-wPbgcfzP-py3.10/lib/python3.10/site-packages/airflow/example_dags/tutorial_taskflow_api.py
[2024-10-05T13:47:24.411-0400] {processor.py:925} INFO - DAG(s) 'tutorial_taskflow_api' retrieved from /home/patrick/.cache/pypoetry/virtualenvs/airflow-wPbgcfzP-py3.10/lib/python3.10/site-packages/airflow/example_dags/tutorial_taskflow_api.py
[2024-10-05T13:47:28.007-0400] {logging_mixin.py:190} INFO - [2024-10-05T13:47:28.007-0400] {dag.py:3239} INFO - Sync 1 DAGs
[2024-10-05T13:47:28.344-0400] {logging_mixin.py:190} INFO - [2024-10-05T13:47:28.344-0400] {dag.py:4180} INFO - Setting next_dagrun for tutorial_taskflow_api to None, run_after=None
[2024-10-05T13:47:29.489-0400] {processor.py:208} INFO - Processing /home/patrick/.cache/pypoetry/virtualenvs/airflow-wPbgcfzP-py3.10/lib/python3.10/site-packages/airflow/example_dags/tutorial_taskflow_api.py took 5.088 seconds
[2024-10-05T13:49:42.891-0400] {processor.py:186} INFO - Started process (PID=6647) to work on /home/patrick/.cache/pypoetry/virtualenvs/airflow-wPbgcfzP-py3.10/lib/python3.10/site-packages/airflow/example_dags/tutorial_taskflow_api.py
[2024-10-05T13:49:42.892-0400] {processor.py:914} INFO - Processing file /home/patrick/.cache/pypoetry/virtualenvs/airflow-wPbgcfzP-py3.10/lib/python3.10/site-packages/airflow/example_dags/tutorial_taskflow_api.py for tasks to queue
[2024-10-05T13:49:42.894-0400] {logging_mixin.py:190} INFO - [2024-10-05T13:49:42.894-0400] {dagbag.py:588} INFO - Filling up the DagBag from /home/patrick/.cache/pypoetry/virtualenvs/airflow-wPbgcfzP-py3.10/lib/python3.10/site-packages/airflow/example_dags/tutorial_taskflow_api.py
[2024-10-05T13:49:42.899-0400] {processor.py:925} INFO - DAG(s) 'tutorial_taskflow_api' retrieved from /home/patrick/.cache/pypoetry/virtualenvs/airflow-wPbgcfzP-py3.10/lib/python3.10/site-packages/airflow/example_dags/tutorial_taskflow_api.py
[2024-10-05T13:49:44.288-0400] {logging_mixin.py:190} INFO - [2024-10-05T13:49:44.288-0400] {dag.py:3239} INFO - Sync 1 DAGs
[2024-10-05T13:49:44.359-0400] {logging_mixin.py:190} INFO - [2024-10-05T13:49:44.359-0400] {dag.py:4180} INFO - Setting next_dagrun for tutorial_taskflow_api to None, run_after=None
[2024-10-05T13:49:45.030-0400] {processor.py:208} INFO - Processing /home/patrick/.cache/pypoetry/virtualenvs/airflow-wPbgcfzP-py3.10/lib/python3.10/site-packages/airflow/example_dags/tutorial_taskflow_api.py took 2.144 seconds
[2024-10-05T13:51:47.061-0400] {processor.py:186} INFO - Started process (PID=7251) to work on /home/patrick/.cache/pypoetry/virtualenvs/airflow-wPbgcfzP-py3.10/lib/python3.10/site-packages/airflow/example_dags/tutorial_taskflow_api.py
[2024-10-05T13:51:47.062-0400] {processor.py:914} INFO - Processing file /home/patrick/.cache/pypoetry/virtualenvs/airflow-wPbgcfzP-py3.10/lib/python3.10/site-packages/airflow/example_dags/tutorial_taskflow_api.py for tasks to queue
[2024-10-05T13:51:47.063-0400] {logging_mixin.py:190} INFO - [2024-10-05T13:51:47.063-0400] {dagbag.py:588} INFO - Filling up the DagBag from /home/patrick/.cache/pypoetry/virtualenvs/airflow-wPbgcfzP-py3.10/lib/python3.10/site-packages/airflow/example_dags/tutorial_taskflow_api.py
[2024-10-05T13:51:47.068-0400] {processor.py:925} INFO - DAG(s) 'tutorial_taskflow_api' retrieved from /home/patrick/.cache/pypoetry/virtualenvs/airflow-wPbgcfzP-py3.10/lib/python3.10/site-packages/airflow/example_dags/tutorial_taskflow_api.py
[2024-10-05T13:51:50.068-0400] {logging_mixin.py:190} INFO - [2024-10-05T13:51:50.067-0400] {dag.py:3239} INFO - Sync 1 DAGs
[2024-10-05T13:51:50.274-0400] {logging_mixin.py:190} INFO - [2024-10-05T13:51:50.274-0400] {dag.py:4180} INFO - Setting next_dagrun for tutorial_taskflow_api to None, run_after=None
[2024-10-05T13:51:50.923-0400] {processor.py:208} INFO - Processing /home/patrick/.cache/pypoetry/virtualenvs/airflow-wPbgcfzP-py3.10/lib/python3.10/site-packages/airflow/example_dags/tutorial_taskflow_api.py took 3.866 seconds
