[2024-10-05T13:28:54.192-0400] {processor.py:186} INFO - Started process (PID=1073) to work on /home/patrick/.cache/pypoetry/virtualenvs/airflow-wPbgcfzP-py3.10/lib/python3.10/site-packages/airflow/example_dags/tutorial_dag.py
[2024-10-05T13:28:54.193-0400] {processor.py:914} INFO - Processing file /home/patrick/.cache/pypoetry/virtualenvs/airflow-wPbgcfzP-py3.10/lib/python3.10/site-packages/airflow/example_dags/tutorial_dag.py for tasks to queue
[2024-10-05T13:28:54.195-0400] {logging_mixin.py:190} INFO - [2024-10-05T13:28:54.194-0400] {dagbag.py:588} INFO - Filling up the DagBag from /home/patrick/.cache/pypoetry/virtualenvs/airflow-wPbgcfzP-py3.10/lib/python3.10/site-packages/airflow/example_dags/tutorial_dag.py
[2024-10-05T13:28:54.199-0400] {processor.py:925} INFO - DAG(s) 'tutorial_dag' retrieved from /home/patrick/.cache/pypoetry/virtualenvs/airflow-wPbgcfzP-py3.10/lib/python3.10/site-packages/airflow/example_dags/tutorial_dag.py
[2024-10-05T13:28:59.151-0400] {logging_mixin.py:190} INFO - [2024-10-05T13:28:59.151-0400] {dag.py:3239} INFO - Sync 1 DAGs
[2024-10-05T13:28:59.211-0400] {logging_mixin.py:190} INFO - [2024-10-05T13:28:59.211-0400] {dag.py:4180} INFO - Setting next_dagrun for tutorial_dag to None, run_after=None
[2024-10-05T13:28:59.941-0400] {processor.py:208} INFO - Processing /home/patrick/.cache/pypoetry/virtualenvs/airflow-wPbgcfzP-py3.10/lib/python3.10/site-packages/airflow/example_dags/tutorial_dag.py took 5.752 seconds
[2024-10-05T13:33:36.729-0400] {processor.py:186} INFO - Started process (PID=2351) to work on /home/patrick/.cache/pypoetry/virtualenvs/airflow-wPbgcfzP-py3.10/lib/python3.10/site-packages/airflow/example_dags/tutorial_dag.py
[2024-10-05T13:33:36.730-0400] {processor.py:914} INFO - Processing file /home/patrick/.cache/pypoetry/virtualenvs/airflow-wPbgcfzP-py3.10/lib/python3.10/site-packages/airflow/example_dags/tutorial_dag.py for tasks to queue
[2024-10-05T13:33:36.731-0400] {logging_mixin.py:190} INFO - [2024-10-05T13:33:36.731-0400] {dagbag.py:588} INFO - Filling up the DagBag from /home/patrick/.cache/pypoetry/virtualenvs/airflow-wPbgcfzP-py3.10/lib/python3.10/site-packages/airflow/example_dags/tutorial_dag.py
[2024-10-05T13:33:36.736-0400] {processor.py:925} INFO - DAG(s) 'tutorial_dag' retrieved from /home/patrick/.cache/pypoetry/virtualenvs/airflow-wPbgcfzP-py3.10/lib/python3.10/site-packages/airflow/example_dags/tutorial_dag.py
[2024-10-05T13:33:42.194-0400] {logging_mixin.py:190} INFO - [2024-10-05T13:33:42.194-0400] {dag.py:3239} INFO - Sync 1 DAGs
[2024-10-05T13:33:42.310-0400] {logging_mixin.py:190} INFO - [2024-10-05T13:33:42.310-0400] {dag.py:4180} INFO - Setting next_dagrun for tutorial_dag to None, run_after=None
[2024-10-05T13:33:43.042-0400] {processor.py:208} INFO - Processing /home/patrick/.cache/pypoetry/virtualenvs/airflow-wPbgcfzP-py3.10/lib/python3.10/site-packages/airflow/example_dags/tutorial_dag.py took 6.317 seconds
[2024-10-05T13:36:10.141-0400] {processor.py:186} INFO - Started process (PID=3046) to work on /home/patrick/.cache/pypoetry/virtualenvs/airflow-wPbgcfzP-py3.10/lib/python3.10/site-packages/airflow/example_dags/tutorial_dag.py
[2024-10-05T13:36:10.142-0400] {processor.py:914} INFO - Processing file /home/patrick/.cache/pypoetry/virtualenvs/airflow-wPbgcfzP-py3.10/lib/python3.10/site-packages/airflow/example_dags/tutorial_dag.py for tasks to queue
[2024-10-05T13:36:10.143-0400] {logging_mixin.py:190} INFO - [2024-10-05T13:36:10.143-0400] {dagbag.py:588} INFO - Filling up the DagBag from /home/patrick/.cache/pypoetry/virtualenvs/airflow-wPbgcfzP-py3.10/lib/python3.10/site-packages/airflow/example_dags/tutorial_dag.py
[2024-10-05T13:36:10.148-0400] {processor.py:925} INFO - DAG(s) 'tutorial_dag' retrieved from /home/patrick/.cache/pypoetry/virtualenvs/airflow-wPbgcfzP-py3.10/lib/python3.10/site-packages/airflow/example_dags/tutorial_dag.py
[2024-10-05T13:36:22.289-0400] {logging_mixin.py:190} INFO - [2024-10-05T13:36:22.289-0400] {dag.py:3239} INFO - Sync 1 DAGs
[2024-10-05T13:36:22.729-0400] {logging_mixin.py:190} INFO - [2024-10-05T13:36:22.729-0400] {dag.py:4180} INFO - Setting next_dagrun for tutorial_dag to None, run_after=None
[2024-10-05T13:36:23.949-0400] {processor.py:208} INFO - Processing /home/patrick/.cache/pypoetry/virtualenvs/airflow-wPbgcfzP-py3.10/lib/python3.10/site-packages/airflow/example_dags/tutorial_dag.py took 13.811 seconds
[2024-10-05T13:39:00.637-0400] {processor.py:186} INFO - Started process (PID=3884) to work on /home/patrick/.cache/pypoetry/virtualenvs/airflow-wPbgcfzP-py3.10/lib/python3.10/site-packages/airflow/example_dags/tutorial_dag.py
[2024-10-05T13:39:00.638-0400] {processor.py:914} INFO - Processing file /home/patrick/.cache/pypoetry/virtualenvs/airflow-wPbgcfzP-py3.10/lib/python3.10/site-packages/airflow/example_dags/tutorial_dag.py for tasks to queue
[2024-10-05T13:39:00.640-0400] {logging_mixin.py:190} INFO - [2024-10-05T13:39:00.639-0400] {dagbag.py:588} INFO - Filling up the DagBag from /home/patrick/.cache/pypoetry/virtualenvs/airflow-wPbgcfzP-py3.10/lib/python3.10/site-packages/airflow/example_dags/tutorial_dag.py
[2024-10-05T13:39:00.644-0400] {processor.py:925} INFO - DAG(s) 'tutorial_dag' retrieved from /home/patrick/.cache/pypoetry/virtualenvs/airflow-wPbgcfzP-py3.10/lib/python3.10/site-packages/airflow/example_dags/tutorial_dag.py
[2024-10-05T13:39:11.533-0400] {logging_mixin.py:190} INFO - [2024-10-05T13:39:11.533-0400] {dag.py:3239} INFO - Sync 1 DAGs
[2024-10-05T13:39:11.951-0400] {logging_mixin.py:190} INFO - [2024-10-05T13:39:11.950-0400] {dag.py:4180} INFO - Setting next_dagrun for tutorial_dag to None, run_after=None
[2024-10-05T13:39:12.685-0400] {processor.py:208} INFO - Processing /home/patrick/.cache/pypoetry/virtualenvs/airflow-wPbgcfzP-py3.10/lib/python3.10/site-packages/airflow/example_dags/tutorial_dag.py took 12.051 seconds
[2024-10-05T13:41:30.880-0400] {processor.py:186} INFO - Started process (PID=4522) to work on /home/patrick/.cache/pypoetry/virtualenvs/airflow-wPbgcfzP-py3.10/lib/python3.10/site-packages/airflow/example_dags/tutorial_dag.py
[2024-10-05T13:41:30.881-0400] {processor.py:914} INFO - Processing file /home/patrick/.cache/pypoetry/virtualenvs/airflow-wPbgcfzP-py3.10/lib/python3.10/site-packages/airflow/example_dags/tutorial_dag.py for tasks to queue
[2024-10-05T13:41:30.883-0400] {logging_mixin.py:190} INFO - [2024-10-05T13:41:30.883-0400] {dagbag.py:588} INFO - Filling up the DagBag from /home/patrick/.cache/pypoetry/virtualenvs/airflow-wPbgcfzP-py3.10/lib/python3.10/site-packages/airflow/example_dags/tutorial_dag.py
[2024-10-05T13:41:30.889-0400] {processor.py:925} INFO - DAG(s) 'tutorial_dag' retrieved from /home/patrick/.cache/pypoetry/virtualenvs/airflow-wPbgcfzP-py3.10/lib/python3.10/site-packages/airflow/example_dags/tutorial_dag.py
[2024-10-05T13:41:32.921-0400] {logging_mixin.py:190} INFO - [2024-10-05T13:41:32.921-0400] {dag.py:3239} INFO - Sync 1 DAGs
[2024-10-05T13:41:33.033-0400] {logging_mixin.py:190} INFO - [2024-10-05T13:41:33.032-0400] {dag.py:4180} INFO - Setting next_dagrun for tutorial_dag to None, run_after=None
[2024-10-05T13:41:33.719-0400] {processor.py:208} INFO - Processing /home/patrick/.cache/pypoetry/virtualenvs/airflow-wPbgcfzP-py3.10/lib/python3.10/site-packages/airflow/example_dags/tutorial_dag.py took 2.842 seconds
[2024-10-05T13:43:52.525-0400] {processor.py:186} INFO - Started process (PID=5134) to work on /home/patrick/.cache/pypoetry/virtualenvs/airflow-wPbgcfzP-py3.10/lib/python3.10/site-packages/airflow/example_dags/tutorial_dag.py
[2024-10-05T13:43:52.525-0400] {processor.py:914} INFO - Processing file /home/patrick/.cache/pypoetry/virtualenvs/airflow-wPbgcfzP-py3.10/lib/python3.10/site-packages/airflow/example_dags/tutorial_dag.py for tasks to queue
[2024-10-05T13:43:52.527-0400] {logging_mixin.py:190} INFO - [2024-10-05T13:43:52.526-0400] {dagbag.py:588} INFO - Filling up the DagBag from /home/patrick/.cache/pypoetry/virtualenvs/airflow-wPbgcfzP-py3.10/lib/python3.10/site-packages/airflow/example_dags/tutorial_dag.py
[2024-10-05T13:43:52.530-0400] {processor.py:925} INFO - DAG(s) 'tutorial_dag' retrieved from /home/patrick/.cache/pypoetry/virtualenvs/airflow-wPbgcfzP-py3.10/lib/python3.10/site-packages/airflow/example_dags/tutorial_dag.py
[2024-10-05T13:43:55.336-0400] {logging_mixin.py:190} INFO - [2024-10-05T13:43:55.336-0400] {dag.py:3239} INFO - Sync 1 DAGs
[2024-10-05T13:43:55.526-0400] {logging_mixin.py:190} INFO - [2024-10-05T13:43:55.526-0400] {dag.py:4180} INFO - Setting next_dagrun for tutorial_dag to None, run_after=None
[2024-10-05T13:43:56.135-0400] {processor.py:208} INFO - Processing /home/patrick/.cache/pypoetry/virtualenvs/airflow-wPbgcfzP-py3.10/lib/python3.10/site-packages/airflow/example_dags/tutorial_dag.py took 3.614 seconds
[2024-10-05T13:45:38.672-0400] {processor.py:186} INFO - Started process (PID=5597) to work on /home/patrick/.cache/pypoetry/virtualenvs/airflow-wPbgcfzP-py3.10/lib/python3.10/site-packages/airflow/example_dags/tutorial_dag.py
[2024-10-05T13:45:38.673-0400] {processor.py:914} INFO - Processing file /home/patrick/.cache/pypoetry/virtualenvs/airflow-wPbgcfzP-py3.10/lib/python3.10/site-packages/airflow/example_dags/tutorial_dag.py for tasks to queue
[2024-10-05T13:45:38.675-0400] {logging_mixin.py:190} INFO - [2024-10-05T13:45:38.675-0400] {dagbag.py:588} INFO - Filling up the DagBag from /home/patrick/.cache/pypoetry/virtualenvs/airflow-wPbgcfzP-py3.10/lib/python3.10/site-packages/airflow/example_dags/tutorial_dag.py
[2024-10-05T13:45:38.678-0400] {processor.py:925} INFO - DAG(s) 'tutorial_dag' retrieved from /home/patrick/.cache/pypoetry/virtualenvs/airflow-wPbgcfzP-py3.10/lib/python3.10/site-packages/airflow/example_dags/tutorial_dag.py
[2024-10-05T13:45:42.806-0400] {logging_mixin.py:190} INFO - [2024-10-05T13:45:42.805-0400] {dag.py:3239} INFO - Sync 1 DAGs
[2024-10-05T13:45:42.932-0400] {logging_mixin.py:190} INFO - [2024-10-05T13:45:42.932-0400] {dag.py:4180} INFO - Setting next_dagrun for tutorial_dag to None, run_after=None
[2024-10-05T13:45:43.522-0400] {processor.py:208} INFO - Processing /home/patrick/.cache/pypoetry/virtualenvs/airflow-wPbgcfzP-py3.10/lib/python3.10/site-packages/airflow/example_dags/tutorial_dag.py took 4.853 seconds
[2024-10-05T13:47:20.176-0400] {processor.py:186} INFO - Started process (PID=6035) to work on /home/patrick/.cache/pypoetry/virtualenvs/airflow-wPbgcfzP-py3.10/lib/python3.10/site-packages/airflow/example_dags/tutorial_dag.py
[2024-10-05T13:47:20.177-0400] {processor.py:914} INFO - Processing file /home/patrick/.cache/pypoetry/virtualenvs/airflow-wPbgcfzP-py3.10/lib/python3.10/site-packages/airflow/example_dags/tutorial_dag.py for tasks to queue
[2024-10-05T13:47:20.179-0400] {logging_mixin.py:190} INFO - [2024-10-05T13:47:20.178-0400] {dagbag.py:588} INFO - Filling up the DagBag from /home/patrick/.cache/pypoetry/virtualenvs/airflow-wPbgcfzP-py3.10/lib/python3.10/site-packages/airflow/example_dags/tutorial_dag.py
[2024-10-05T13:47:20.182-0400] {processor.py:925} INFO - DAG(s) 'tutorial_dag' retrieved from /home/patrick/.cache/pypoetry/virtualenvs/airflow-wPbgcfzP-py3.10/lib/python3.10/site-packages/airflow/example_dags/tutorial_dag.py
[2024-10-05T13:47:22.073-0400] {logging_mixin.py:190} INFO - [2024-10-05T13:47:22.073-0400] {dag.py:3239} INFO - Sync 1 DAGs
[2024-10-05T13:47:22.147-0400] {logging_mixin.py:190} INFO - [2024-10-05T13:47:22.146-0400] {dag.py:4180} INFO - Setting next_dagrun for tutorial_dag to None, run_after=None
[2024-10-05T13:47:22.720-0400] {processor.py:208} INFO - Processing /home/patrick/.cache/pypoetry/virtualenvs/airflow-wPbgcfzP-py3.10/lib/python3.10/site-packages/airflow/example_dags/tutorial_dag.py took 2.547 seconds
[2024-10-05T13:49:38.935-0400] {processor.py:186} INFO - Started process (PID=6628) to work on /home/patrick/.cache/pypoetry/virtualenvs/airflow-wPbgcfzP-py3.10/lib/python3.10/site-packages/airflow/example_dags/tutorial_dag.py
[2024-10-05T13:49:38.936-0400] {processor.py:914} INFO - Processing file /home/patrick/.cache/pypoetry/virtualenvs/airflow-wPbgcfzP-py3.10/lib/python3.10/site-packages/airflow/example_dags/tutorial_dag.py for tasks to queue
[2024-10-05T13:49:38.938-0400] {logging_mixin.py:190} INFO - [2024-10-05T13:49:38.938-0400] {dagbag.py:588} INFO - Filling up the DagBag from /home/patrick/.cache/pypoetry/virtualenvs/airflow-wPbgcfzP-py3.10/lib/python3.10/site-packages/airflow/example_dags/tutorial_dag.py
[2024-10-05T13:49:38.943-0400] {processor.py:925} INFO - DAG(s) 'tutorial_dag' retrieved from /home/patrick/.cache/pypoetry/virtualenvs/airflow-wPbgcfzP-py3.10/lib/python3.10/site-packages/airflow/example_dags/tutorial_dag.py
[2024-10-05T13:49:40.490-0400] {logging_mixin.py:190} INFO - [2024-10-05T13:49:40.490-0400] {dag.py:3239} INFO - Sync 1 DAGs
[2024-10-05T13:49:40.668-0400] {logging_mixin.py:190} INFO - [2024-10-05T13:49:40.668-0400] {dag.py:4180} INFO - Setting next_dagrun for tutorial_dag to None, run_after=None
[2024-10-05T13:49:41.292-0400] {processor.py:208} INFO - Processing /home/patrick/.cache/pypoetry/virtualenvs/airflow-wPbgcfzP-py3.10/lib/python3.10/site-packages/airflow/example_dags/tutorial_dag.py took 2.360 seconds
[2024-10-05T13:51:42.769-0400] {processor.py:186} INFO - Started process (PID=7232) to work on /home/patrick/.cache/pypoetry/virtualenvs/airflow-wPbgcfzP-py3.10/lib/python3.10/site-packages/airflow/example_dags/tutorial_dag.py
[2024-10-05T13:51:42.770-0400] {processor.py:914} INFO - Processing file /home/patrick/.cache/pypoetry/virtualenvs/airflow-wPbgcfzP-py3.10/lib/python3.10/site-packages/airflow/example_dags/tutorial_dag.py for tasks to queue
[2024-10-05T13:51:42.772-0400] {logging_mixin.py:190} INFO - [2024-10-05T13:51:42.772-0400] {dagbag.py:588} INFO - Filling up the DagBag from /home/patrick/.cache/pypoetry/virtualenvs/airflow-wPbgcfzP-py3.10/lib/python3.10/site-packages/airflow/example_dags/tutorial_dag.py
[2024-10-05T13:51:42.777-0400] {processor.py:925} INFO - DAG(s) 'tutorial_dag' retrieved from /home/patrick/.cache/pypoetry/virtualenvs/airflow-wPbgcfzP-py3.10/lib/python3.10/site-packages/airflow/example_dags/tutorial_dag.py
[2024-10-05T13:51:45.106-0400] {logging_mixin.py:190} INFO - [2024-10-05T13:51:45.106-0400] {dag.py:3239} INFO - Sync 1 DAGs
[2024-10-05T13:51:45.198-0400] {logging_mixin.py:190} INFO - [2024-10-05T13:51:45.197-0400] {dag.py:4180} INFO - Setting next_dagrun for tutorial_dag to None, run_after=None
[2024-10-05T13:51:45.780-0400] {processor.py:208} INFO - Processing /home/patrick/.cache/pypoetry/virtualenvs/airflow-wPbgcfzP-py3.10/lib/python3.10/site-packages/airflow/example_dags/tutorial_dag.py took 3.015 seconds
