[2024-10-05T13:28:03.114-0400] {processor.py:186} INFO - Started process (PID=855) to work on /home/patrick/.cache/pypoetry/virtualenvs/airflow-wPbgcfzP-py3.10/lib/python3.10/site-packages/airflow/example_dags/tutorial_objectstorage.py
[2024-10-05T13:28:03.117-0400] {processor.py:914} INFO - Processing file /home/patrick/.cache/pypoetry/virtualenvs/airflow-wPbgcfzP-py3.10/lib/python3.10/site-packages/airflow/example_dags/tutorial_objectstorage.py for tasks to queue
[2024-10-05T13:28:03.121-0400] {logging_mixin.py:190} INFO - [2024-10-05T13:28:03.121-0400] {dagbag.py:588} INFO - Filling up the DagBag from /home/patrick/.cache/pypoetry/virtualenvs/airflow-wPbgcfzP-py3.10/lib/python3.10/site-packages/airflow/example_dags/tutorial_objectstorage.py
[2024-10-05T13:28:03.129-0400] {processor.py:925} INFO - DAG(s) 'tutorial_objectstorage' retrieved from /home/patrick/.cache/pypoetry/virtualenvs/airflow-wPbgcfzP-py3.10/lib/python3.10/site-packages/airflow/example_dags/tutorial_objectstorage.py
[2024-10-05T13:28:15.189-0400] {logging_mixin.py:190} INFO - [2024-10-05T13:28:15.189-0400] {dag.py:3239} INFO - Sync 1 DAGs
[2024-10-05T13:28:15.816-0400] {logging_mixin.py:190} INFO - [2024-10-05T13:28:15.816-0400] {dag.py:4180} INFO - Setting next_dagrun for tutorial_objectstorage to None, run_after=None
[2024-10-05T13:28:16.498-0400] {processor.py:208} INFO - Processing /home/patrick/.cache/pypoetry/virtualenvs/airflow-wPbgcfzP-py3.10/lib/python3.10/site-packages/airflow/example_dags/tutorial_objectstorage.py took 13.388 seconds
[2024-10-05T13:33:03.863-0400] {processor.py:186} INFO - Started process (PID=2205) to work on /home/patrick/.cache/pypoetry/virtualenvs/airflow-wPbgcfzP-py3.10/lib/python3.10/site-packages/airflow/example_dags/tutorial_objectstorage.py
[2024-10-05T13:33:03.864-0400] {processor.py:914} INFO - Processing file /home/patrick/.cache/pypoetry/virtualenvs/airflow-wPbgcfzP-py3.10/lib/python3.10/site-packages/airflow/example_dags/tutorial_objectstorage.py for tasks to queue
[2024-10-05T13:33:03.866-0400] {logging_mixin.py:190} INFO - [2024-10-05T13:33:03.866-0400] {dagbag.py:588} INFO - Filling up the DagBag from /home/patrick/.cache/pypoetry/virtualenvs/airflow-wPbgcfzP-py3.10/lib/python3.10/site-packages/airflow/example_dags/tutorial_objectstorage.py
[2024-10-05T13:33:03.873-0400] {processor.py:925} INFO - DAG(s) 'tutorial_objectstorage' retrieved from /home/patrick/.cache/pypoetry/virtualenvs/airflow-wPbgcfzP-py3.10/lib/python3.10/site-packages/airflow/example_dags/tutorial_objectstorage.py
[2024-10-05T13:33:09.633-0400] {logging_mixin.py:190} INFO - [2024-10-05T13:33:09.633-0400] {dag.py:3239} INFO - Sync 1 DAGs
[2024-10-05T13:33:10.320-0400] {logging_mixin.py:190} INFO - [2024-10-05T13:33:10.320-0400] {dag.py:4180} INFO - Setting next_dagrun for tutorial_objectstorage to None, run_after=None
[2024-10-05T13:33:11.188-0400] {processor.py:208} INFO - Processing /home/patrick/.cache/pypoetry/virtualenvs/airflow-wPbgcfzP-py3.10/lib/python3.10/site-packages/airflow/example_dags/tutorial_objectstorage.py took 7.329 seconds
[2024-10-05T13:35:52.794-0400] {processor.py:186} INFO - Started process (PID=2965) to work on /home/patrick/.cache/pypoetry/virtualenvs/airflow-wPbgcfzP-py3.10/lib/python3.10/site-packages/airflow/example_dags/tutorial_objectstorage.py
[2024-10-05T13:35:52.795-0400] {processor.py:914} INFO - Processing file /home/patrick/.cache/pypoetry/virtualenvs/airflow-wPbgcfzP-py3.10/lib/python3.10/site-packages/airflow/example_dags/tutorial_objectstorage.py for tasks to queue
[2024-10-05T13:35:52.796-0400] {logging_mixin.py:190} INFO - [2024-10-05T13:35:52.796-0400] {dagbag.py:588} INFO - Filling up the DagBag from /home/patrick/.cache/pypoetry/virtualenvs/airflow-wPbgcfzP-py3.10/lib/python3.10/site-packages/airflow/example_dags/tutorial_objectstorage.py
[2024-10-05T13:35:52.802-0400] {processor.py:925} INFO - DAG(s) 'tutorial_objectstorage' retrieved from /home/patrick/.cache/pypoetry/virtualenvs/airflow-wPbgcfzP-py3.10/lib/python3.10/site-packages/airflow/example_dags/tutorial_objectstorage.py
[2024-10-05T13:35:54.420-0400] {logging_mixin.py:190} INFO - [2024-10-05T13:35:54.420-0400] {dag.py:3239} INFO - Sync 1 DAGs
[2024-10-05T13:35:54.472-0400] {logging_mixin.py:190} INFO - [2024-10-05T13:35:54.471-0400] {dag.py:4180} INFO - Setting next_dagrun for tutorial_objectstorage to None, run_after=None
[2024-10-05T13:35:54.955-0400] {processor.py:208} INFO - Processing /home/patrick/.cache/pypoetry/virtualenvs/airflow-wPbgcfzP-py3.10/lib/python3.10/site-packages/airflow/example_dags/tutorial_objectstorage.py took 2.165 seconds
[2024-10-05T13:38:41.350-0400] {processor.py:186} INFO - Started process (PID=3779) to work on /home/patrick/.cache/pypoetry/virtualenvs/airflow-wPbgcfzP-py3.10/lib/python3.10/site-packages/airflow/example_dags/tutorial_objectstorage.py
[2024-10-05T13:38:41.350-0400] {processor.py:914} INFO - Processing file /home/patrick/.cache/pypoetry/virtualenvs/airflow-wPbgcfzP-py3.10/lib/python3.10/site-packages/airflow/example_dags/tutorial_objectstorage.py for tasks to queue
[2024-10-05T13:38:41.352-0400] {logging_mixin.py:190} INFO - [2024-10-05T13:38:41.352-0400] {dagbag.py:588} INFO - Filling up the DagBag from /home/patrick/.cache/pypoetry/virtualenvs/airflow-wPbgcfzP-py3.10/lib/python3.10/site-packages/airflow/example_dags/tutorial_objectstorage.py
[2024-10-05T13:38:41.357-0400] {processor.py:925} INFO - DAG(s) 'tutorial_objectstorage' retrieved from /home/patrick/.cache/pypoetry/virtualenvs/airflow-wPbgcfzP-py3.10/lib/python3.10/site-packages/airflow/example_dags/tutorial_objectstorage.py
[2024-10-05T13:38:43.362-0400] {logging_mixin.py:190} INFO - [2024-10-05T13:38:43.361-0400] {dag.py:3239} INFO - Sync 1 DAGs
[2024-10-05T13:38:43.511-0400] {logging_mixin.py:190} INFO - [2024-10-05T13:38:43.511-0400] {dag.py:4180} INFO - Setting next_dagrun for tutorial_objectstorage to None, run_after=None
[2024-10-05T13:38:44.167-0400] {processor.py:208} INFO - Processing /home/patrick/.cache/pypoetry/virtualenvs/airflow-wPbgcfzP-py3.10/lib/python3.10/site-packages/airflow/example_dags/tutorial_objectstorage.py took 2.821 seconds
[2024-10-05T13:41:10.885-0400] {processor.py:186} INFO - Started process (PID=4435) to work on /home/patrick/.cache/pypoetry/virtualenvs/airflow-wPbgcfzP-py3.10/lib/python3.10/site-packages/airflow/example_dags/tutorial_objectstorage.py
[2024-10-05T13:41:10.886-0400] {processor.py:914} INFO - Processing file /home/patrick/.cache/pypoetry/virtualenvs/airflow-wPbgcfzP-py3.10/lib/python3.10/site-packages/airflow/example_dags/tutorial_objectstorage.py for tasks to queue
[2024-10-05T13:41:10.888-0400] {logging_mixin.py:190} INFO - [2024-10-05T13:41:10.888-0400] {dagbag.py:588} INFO - Filling up the DagBag from /home/patrick/.cache/pypoetry/virtualenvs/airflow-wPbgcfzP-py3.10/lib/python3.10/site-packages/airflow/example_dags/tutorial_objectstorage.py
[2024-10-05T13:41:10.893-0400] {processor.py:925} INFO - DAG(s) 'tutorial_objectstorage' retrieved from /home/patrick/.cache/pypoetry/virtualenvs/airflow-wPbgcfzP-py3.10/lib/python3.10/site-packages/airflow/example_dags/tutorial_objectstorage.py
[2024-10-05T13:41:12.243-0400] {logging_mixin.py:190} INFO - [2024-10-05T13:41:12.243-0400] {dag.py:3239} INFO - Sync 1 DAGs
[2024-10-05T13:41:12.353-0400] {logging_mixin.py:190} INFO - [2024-10-05T13:41:12.353-0400] {dag.py:4180} INFO - Setting next_dagrun for tutorial_objectstorage to None, run_after=None
[2024-10-05T13:41:12.986-0400] {processor.py:208} INFO - Processing /home/patrick/.cache/pypoetry/virtualenvs/airflow-wPbgcfzP-py3.10/lib/python3.10/site-packages/airflow/example_dags/tutorial_objectstorage.py took 2.104 seconds
[2024-10-05T13:43:36.065-0400] {processor.py:186} INFO - Started process (PID=5061) to work on /home/patrick/.cache/pypoetry/virtualenvs/airflow-wPbgcfzP-py3.10/lib/python3.10/site-packages/airflow/example_dags/tutorial_objectstorage.py
[2024-10-05T13:43:36.065-0400] {processor.py:914} INFO - Processing file /home/patrick/.cache/pypoetry/virtualenvs/airflow-wPbgcfzP-py3.10/lib/python3.10/site-packages/airflow/example_dags/tutorial_objectstorage.py for tasks to queue
[2024-10-05T13:43:36.067-0400] {logging_mixin.py:190} INFO - [2024-10-05T13:43:36.067-0400] {dagbag.py:588} INFO - Filling up the DagBag from /home/patrick/.cache/pypoetry/virtualenvs/airflow-wPbgcfzP-py3.10/lib/python3.10/site-packages/airflow/example_dags/tutorial_objectstorage.py
[2024-10-05T13:43:36.072-0400] {processor.py:925} INFO - DAG(s) 'tutorial_objectstorage' retrieved from /home/patrick/.cache/pypoetry/virtualenvs/airflow-wPbgcfzP-py3.10/lib/python3.10/site-packages/airflow/example_dags/tutorial_objectstorage.py
[2024-10-05T13:43:37.877-0400] {logging_mixin.py:190} INFO - [2024-10-05T13:43:37.877-0400] {dag.py:3239} INFO - Sync 1 DAGs
[2024-10-05T13:43:38.075-0400] {logging_mixin.py:190} INFO - [2024-10-05T13:43:38.075-0400] {dag.py:4180} INFO - Setting next_dagrun for tutorial_objectstorage to None, run_after=None
[2024-10-05T13:43:38.699-0400] {processor.py:208} INFO - Processing /home/patrick/.cache/pypoetry/virtualenvs/airflow-wPbgcfzP-py3.10/lib/python3.10/site-packages/airflow/example_dags/tutorial_objectstorage.py took 2.638 seconds
[2024-10-05T13:45:21.481-0400] {processor.py:186} INFO - Started process (PID=5521) to work on /home/patrick/.cache/pypoetry/virtualenvs/airflow-wPbgcfzP-py3.10/lib/python3.10/site-packages/airflow/example_dags/tutorial_objectstorage.py
[2024-10-05T13:45:21.483-0400] {processor.py:914} INFO - Processing file /home/patrick/.cache/pypoetry/virtualenvs/airflow-wPbgcfzP-py3.10/lib/python3.10/site-packages/airflow/example_dags/tutorial_objectstorage.py for tasks to queue
[2024-10-05T13:45:21.484-0400] {logging_mixin.py:190} INFO - [2024-10-05T13:45:21.484-0400] {dagbag.py:588} INFO - Filling up the DagBag from /home/patrick/.cache/pypoetry/virtualenvs/airflow-wPbgcfzP-py3.10/lib/python3.10/site-packages/airflow/example_dags/tutorial_objectstorage.py
[2024-10-05T13:45:21.490-0400] {processor.py:925} INFO - DAG(s) 'tutorial_objectstorage' retrieved from /home/patrick/.cache/pypoetry/virtualenvs/airflow-wPbgcfzP-py3.10/lib/python3.10/site-packages/airflow/example_dags/tutorial_objectstorage.py
[2024-10-05T13:45:25.250-0400] {logging_mixin.py:190} INFO - [2024-10-05T13:45:25.250-0400] {dag.py:3239} INFO - Sync 1 DAGs
[2024-10-05T13:45:25.320-0400] {logging_mixin.py:190} INFO - [2024-10-05T13:45:25.320-0400] {dag.py:4180} INFO - Setting next_dagrun for tutorial_objectstorage to None, run_after=None
[2024-10-05T13:45:25.964-0400] {processor.py:208} INFO - Processing /home/patrick/.cache/pypoetry/virtualenvs/airflow-wPbgcfzP-py3.10/lib/python3.10/site-packages/airflow/example_dags/tutorial_objectstorage.py took 4.486 seconds
[2024-10-05T13:47:05.115-0400] {processor.py:186} INFO - Started process (PID=5968) to work on /home/patrick/.cache/pypoetry/virtualenvs/airflow-wPbgcfzP-py3.10/lib/python3.10/site-packages/airflow/example_dags/tutorial_objectstorage.py
[2024-10-05T13:47:05.116-0400] {processor.py:914} INFO - Processing file /home/patrick/.cache/pypoetry/virtualenvs/airflow-wPbgcfzP-py3.10/lib/python3.10/site-packages/airflow/example_dags/tutorial_objectstorage.py for tasks to queue
[2024-10-05T13:47:05.117-0400] {logging_mixin.py:190} INFO - [2024-10-05T13:47:05.117-0400] {dagbag.py:588} INFO - Filling up the DagBag from /home/patrick/.cache/pypoetry/virtualenvs/airflow-wPbgcfzP-py3.10/lib/python3.10/site-packages/airflow/example_dags/tutorial_objectstorage.py
[2024-10-05T13:47:05.122-0400] {processor.py:925} INFO - DAG(s) 'tutorial_objectstorage' retrieved from /home/patrick/.cache/pypoetry/virtualenvs/airflow-wPbgcfzP-py3.10/lib/python3.10/site-packages/airflow/example_dags/tutorial_objectstorage.py
[2024-10-05T13:47:08.706-0400] {logging_mixin.py:190} INFO - [2024-10-05T13:47:08.705-0400] {dag.py:3239} INFO - Sync 1 DAGs
[2024-10-05T13:47:08.813-0400] {logging_mixin.py:190} INFO - [2024-10-05T13:47:08.813-0400] {dag.py:4180} INFO - Setting next_dagrun for tutorial_objectstorage to None, run_after=None
[2024-10-05T13:47:09.396-0400] {processor.py:208} INFO - Processing /home/patrick/.cache/pypoetry/virtualenvs/airflow-wPbgcfzP-py3.10/lib/python3.10/site-packages/airflow/example_dags/tutorial_objectstorage.py took 4.284 seconds
[2024-10-05T13:49:16.893-0400] {processor.py:186} INFO - Started process (PID=6533) to work on /home/patrick/.cache/pypoetry/virtualenvs/airflow-wPbgcfzP-py3.10/lib/python3.10/site-packages/airflow/example_dags/tutorial_objectstorage.py
[2024-10-05T13:49:16.894-0400] {processor.py:914} INFO - Processing file /home/patrick/.cache/pypoetry/virtualenvs/airflow-wPbgcfzP-py3.10/lib/python3.10/site-packages/airflow/example_dags/tutorial_objectstorage.py for tasks to queue
[2024-10-05T13:49:16.895-0400] {logging_mixin.py:190} INFO - [2024-10-05T13:49:16.895-0400] {dagbag.py:588} INFO - Filling up the DagBag from /home/patrick/.cache/pypoetry/virtualenvs/airflow-wPbgcfzP-py3.10/lib/python3.10/site-packages/airflow/example_dags/tutorial_objectstorage.py
[2024-10-05T13:49:16.901-0400] {processor.py:925} INFO - DAG(s) 'tutorial_objectstorage' retrieved from /home/patrick/.cache/pypoetry/virtualenvs/airflow-wPbgcfzP-py3.10/lib/python3.10/site-packages/airflow/example_dags/tutorial_objectstorage.py
[2024-10-05T13:49:21.965-0400] {logging_mixin.py:190} INFO - [2024-10-05T13:49:21.965-0400] {dag.py:3239} INFO - Sync 1 DAGs
[2024-10-05T13:49:22.056-0400] {logging_mixin.py:190} INFO - [2024-10-05T13:49:22.056-0400] {dag.py:4180} INFO - Setting next_dagrun for tutorial_objectstorage to None, run_after=None
[2024-10-05T13:49:22.750-0400] {processor.py:208} INFO - Processing /home/patrick/.cache/pypoetry/virtualenvs/airflow-wPbgcfzP-py3.10/lib/python3.10/site-packages/airflow/example_dags/tutorial_objectstorage.py took 5.860 seconds
[2024-10-05T13:51:24.457-0400] {processor.py:186} INFO - Started process (PID=7086) to work on /home/patrick/.cache/pypoetry/virtualenvs/airflow-wPbgcfzP-py3.10/lib/python3.10/site-packages/airflow/example_dags/tutorial_objectstorage.py
[2024-10-05T13:51:24.458-0400] {processor.py:914} INFO - Processing file /home/patrick/.cache/pypoetry/virtualenvs/airflow-wPbgcfzP-py3.10/lib/python3.10/site-packages/airflow/example_dags/tutorial_objectstorage.py for tasks to queue
[2024-10-05T13:51:24.459-0400] {logging_mixin.py:190} INFO - [2024-10-05T13:51:24.459-0400] {dagbag.py:588} INFO - Filling up the DagBag from /home/patrick/.cache/pypoetry/virtualenvs/airflow-wPbgcfzP-py3.10/lib/python3.10/site-packages/airflow/example_dags/tutorial_objectstorage.py
[2024-10-05T13:51:24.464-0400] {processor.py:925} INFO - DAG(s) 'tutorial_objectstorage' retrieved from /home/patrick/.cache/pypoetry/virtualenvs/airflow-wPbgcfzP-py3.10/lib/python3.10/site-packages/airflow/example_dags/tutorial_objectstorage.py
[2024-10-05T13:51:29.949-0400] {logging_mixin.py:190} INFO - [2024-10-05T13:51:29.948-0400] {dag.py:3239} INFO - Sync 1 DAGs
[2024-10-05T13:51:30.143-0400] {logging_mixin.py:190} INFO - [2024-10-05T13:51:30.143-0400] {dag.py:4180} INFO - Setting next_dagrun for tutorial_objectstorage to None, run_after=None
[2024-10-05T13:51:30.874-0400] {processor.py:208} INFO - Processing /home/patrick/.cache/pypoetry/virtualenvs/airflow-wPbgcfzP-py3.10/lib/python3.10/site-packages/airflow/example_dags/tutorial_objectstorage.py took 6.421 seconds
