[2024-10-05T13:28:51.404-0400] {processor.py:186} INFO - Started process (PID=1061) to work on /home/patrick/.cache/pypoetry/virtualenvs/airflow-wPbgcfzP-py3.10/lib/python3.10/site-packages/airflow/example_dags/tutorial.py
[2024-10-05T13:28:51.405-0400] {processor.py:914} INFO - Processing file /home/patrick/.cache/pypoetry/virtualenvs/airflow-wPbgcfzP-py3.10/lib/python3.10/site-packages/airflow/example_dags/tutorial.py for tasks to queue
[2024-10-05T13:28:51.408-0400] {logging_mixin.py:190} INFO - [2024-10-05T13:28:51.408-0400] {dagbag.py:588} INFO - Filling up the DagBag from /home/patrick/.cache/pypoetry/virtualenvs/airflow-wPbgcfzP-py3.10/lib/python3.10/site-packages/airflow/example_dags/tutorial.py
[2024-10-05T13:28:51.413-0400] {processor.py:925} INFO - DAG(s) 'tutorial' retrieved from /home/patrick/.cache/pypoetry/virtualenvs/airflow-wPbgcfzP-py3.10/lib/python3.10/site-packages/airflow/example_dags/tutorial.py
[2024-10-05T13:28:56.026-0400] {logging_mixin.py:190} INFO - [2024-10-05T13:28:56.025-0400] {dag.py:3239} INFO - Sync 1 DAGs
[2024-10-05T13:28:56.326-0400] {logging_mixin.py:190} INFO - [2024-10-05T13:28:56.326-0400] {dag.py:4180} INFO - Setting next_dagrun for tutorial to 2024-10-04 00:00:00+00:00, run_after=2024-10-05 00:00:00+00:00
[2024-10-05T13:28:56.937-0400] {processor.py:208} INFO - Processing /home/patrick/.cache/pypoetry/virtualenvs/airflow-wPbgcfzP-py3.10/lib/python3.10/site-packages/airflow/example_dags/tutorial.py took 5.537 seconds
[2024-10-05T13:33:31.320-0400] {processor.py:186} INFO - Started process (PID=2328) to work on /home/patrick/.cache/pypoetry/virtualenvs/airflow-wPbgcfzP-py3.10/lib/python3.10/site-packages/airflow/example_dags/tutorial.py
[2024-10-05T13:33:31.321-0400] {processor.py:914} INFO - Processing file /home/patrick/.cache/pypoetry/virtualenvs/airflow-wPbgcfzP-py3.10/lib/python3.10/site-packages/airflow/example_dags/tutorial.py for tasks to queue
[2024-10-05T13:33:31.324-0400] {logging_mixin.py:190} INFO - [2024-10-05T13:33:31.324-0400] {dagbag.py:588} INFO - Filling up the DagBag from /home/patrick/.cache/pypoetry/virtualenvs/airflow-wPbgcfzP-py3.10/lib/python3.10/site-packages/airflow/example_dags/tutorial.py
[2024-10-05T13:33:31.333-0400] {processor.py:925} INFO - DAG(s) 'tutorial' retrieved from /home/patrick/.cache/pypoetry/virtualenvs/airflow-wPbgcfzP-py3.10/lib/python3.10/site-packages/airflow/example_dags/tutorial.py
[2024-10-05T13:33:37.682-0400] {logging_mixin.py:190} INFO - [2024-10-05T13:33:37.682-0400] {dag.py:3239} INFO - Sync 1 DAGs
[2024-10-05T13:33:37.923-0400] {logging_mixin.py:190} INFO - [2024-10-05T13:33:37.923-0400] {dag.py:4180} INFO - Setting next_dagrun for tutorial to 2024-10-04 00:00:00+00:00, run_after=2024-10-05 00:00:00+00:00
[2024-10-05T13:33:38.646-0400] {processor.py:208} INFO - Processing /home/patrick/.cache/pypoetry/virtualenvs/airflow-wPbgcfzP-py3.10/lib/python3.10/site-packages/airflow/example_dags/tutorial.py took 7.330 seconds
[2024-10-05T13:36:07.746-0400] {processor.py:186} INFO - Started process (PID=3035) to work on /home/patrick/.cache/pypoetry/virtualenvs/airflow-wPbgcfzP-py3.10/lib/python3.10/site-packages/airflow/example_dags/tutorial.py
[2024-10-05T13:36:07.747-0400] {processor.py:914} INFO - Processing file /home/patrick/.cache/pypoetry/virtualenvs/airflow-wPbgcfzP-py3.10/lib/python3.10/site-packages/airflow/example_dags/tutorial.py for tasks to queue
[2024-10-05T13:36:07.748-0400] {logging_mixin.py:190} INFO - [2024-10-05T13:36:07.748-0400] {dagbag.py:588} INFO - Filling up the DagBag from /home/patrick/.cache/pypoetry/virtualenvs/airflow-wPbgcfzP-py3.10/lib/python3.10/site-packages/airflow/example_dags/tutorial.py
[2024-10-05T13:36:07.753-0400] {processor.py:925} INFO - DAG(s) 'tutorial' retrieved from /home/patrick/.cache/pypoetry/virtualenvs/airflow-wPbgcfzP-py3.10/lib/python3.10/site-packages/airflow/example_dags/tutorial.py
[2024-10-05T13:36:18.291-0400] {logging_mixin.py:190} INFO - [2024-10-05T13:36:18.291-0400] {dag.py:3239} INFO - Sync 1 DAGs
[2024-10-05T13:36:18.925-0400] {logging_mixin.py:190} INFO - [2024-10-05T13:36:18.925-0400] {dag.py:4180} INFO - Setting next_dagrun for tutorial to 2024-10-04 00:00:00+00:00, run_after=2024-10-05 00:00:00+00:00
[2024-10-05T13:36:20.361-0400] {processor.py:208} INFO - Processing /home/patrick/.cache/pypoetry/virtualenvs/airflow-wPbgcfzP-py3.10/lib/python3.10/site-packages/airflow/example_dags/tutorial.py took 12.620 seconds
[2024-10-05T13:38:55.600-0400] {processor.py:186} INFO - Started process (PID=3863) to work on /home/patrick/.cache/pypoetry/virtualenvs/airflow-wPbgcfzP-py3.10/lib/python3.10/site-packages/airflow/example_dags/tutorial.py
[2024-10-05T13:38:55.601-0400] {processor.py:914} INFO - Processing file /home/patrick/.cache/pypoetry/virtualenvs/airflow-wPbgcfzP-py3.10/lib/python3.10/site-packages/airflow/example_dags/tutorial.py for tasks to queue
[2024-10-05T13:38:55.602-0400] {logging_mixin.py:190} INFO - [2024-10-05T13:38:55.602-0400] {dagbag.py:588} INFO - Filling up the DagBag from /home/patrick/.cache/pypoetry/virtualenvs/airflow-wPbgcfzP-py3.10/lib/python3.10/site-packages/airflow/example_dags/tutorial.py
[2024-10-05T13:38:55.607-0400] {processor.py:925} INFO - DAG(s) 'tutorial' retrieved from /home/patrick/.cache/pypoetry/virtualenvs/airflow-wPbgcfzP-py3.10/lib/python3.10/site-packages/airflow/example_dags/tutorial.py
[2024-10-05T13:39:00.047-0400] {logging_mixin.py:190} INFO - [2024-10-05T13:39:00.047-0400] {dag.py:3239} INFO - Sync 1 DAGs
[2024-10-05T13:39:00.494-0400] {logging_mixin.py:190} INFO - [2024-10-05T13:39:00.494-0400] {dag.py:4180} INFO - Setting next_dagrun for tutorial to 2024-10-04 00:00:00+00:00, run_after=2024-10-05 00:00:00+00:00
[2024-10-05T13:39:01.381-0400] {processor.py:208} INFO - Processing /home/patrick/.cache/pypoetry/virtualenvs/airflow-wPbgcfzP-py3.10/lib/python3.10/site-packages/airflow/example_dags/tutorial.py took 5.785 seconds
[2024-10-05T13:41:28.842-0400] {processor.py:186} INFO - Started process (PID=4512) to work on /home/patrick/.cache/pypoetry/virtualenvs/airflow-wPbgcfzP-py3.10/lib/python3.10/site-packages/airflow/example_dags/tutorial.py
[2024-10-05T13:41:28.843-0400] {processor.py:914} INFO - Processing file /home/patrick/.cache/pypoetry/virtualenvs/airflow-wPbgcfzP-py3.10/lib/python3.10/site-packages/airflow/example_dags/tutorial.py for tasks to queue
[2024-10-05T13:41:28.845-0400] {logging_mixin.py:190} INFO - [2024-10-05T13:41:28.845-0400] {dagbag.py:588} INFO - Filling up the DagBag from /home/patrick/.cache/pypoetry/virtualenvs/airflow-wPbgcfzP-py3.10/lib/python3.10/site-packages/airflow/example_dags/tutorial.py
[2024-10-05T13:41:28.849-0400] {processor.py:925} INFO - DAG(s) 'tutorial' retrieved from /home/patrick/.cache/pypoetry/virtualenvs/airflow-wPbgcfzP-py3.10/lib/python3.10/site-packages/airflow/example_dags/tutorial.py
[2024-10-05T13:41:30.855-0400] {logging_mixin.py:190} INFO - [2024-10-05T13:41:30.855-0400] {dag.py:3239} INFO - Sync 1 DAGs
[2024-10-05T13:41:31.012-0400] {logging_mixin.py:190} INFO - [2024-10-05T13:41:31.011-0400] {dag.py:4180} INFO - Setting next_dagrun for tutorial to 2024-10-04 00:00:00+00:00, run_after=2024-10-05 00:00:00+00:00
[2024-10-05T13:41:31.555-0400] {processor.py:208} INFO - Processing /home/patrick/.cache/pypoetry/virtualenvs/airflow-wPbgcfzP-py3.10/lib/python3.10/site-packages/airflow/example_dags/tutorial.py took 2.716 seconds
[2024-10-05T13:43:52.524-0400] {processor.py:186} INFO - Started process (PID=5133) to work on /home/patrick/.cache/pypoetry/virtualenvs/airflow-wPbgcfzP-py3.10/lib/python3.10/site-packages/airflow/example_dags/tutorial.py
[2024-10-05T13:43:52.525-0400] {processor.py:914} INFO - Processing file /home/patrick/.cache/pypoetry/virtualenvs/airflow-wPbgcfzP-py3.10/lib/python3.10/site-packages/airflow/example_dags/tutorial.py for tasks to queue
[2024-10-05T13:43:52.526-0400] {logging_mixin.py:190} INFO - [2024-10-05T13:43:52.526-0400] {dagbag.py:588} INFO - Filling up the DagBag from /home/patrick/.cache/pypoetry/virtualenvs/airflow-wPbgcfzP-py3.10/lib/python3.10/site-packages/airflow/example_dags/tutorial.py
[2024-10-05T13:43:52.530-0400] {processor.py:925} INFO - DAG(s) 'tutorial' retrieved from /home/patrick/.cache/pypoetry/virtualenvs/airflow-wPbgcfzP-py3.10/lib/python3.10/site-packages/airflow/example_dags/tutorial.py
[2024-10-05T13:43:55.269-0400] {logging_mixin.py:190} INFO - [2024-10-05T13:43:55.269-0400] {dag.py:3239} INFO - Sync 1 DAGs
[2024-10-05T13:43:55.494-0400] {logging_mixin.py:190} INFO - [2024-10-05T13:43:55.494-0400] {dag.py:4180} INFO - Setting next_dagrun for tutorial to 2024-10-04 00:00:00+00:00, run_after=2024-10-05 00:00:00+00:00
[2024-10-05T13:43:56.069-0400] {processor.py:208} INFO - Processing /home/patrick/.cache/pypoetry/virtualenvs/airflow-wPbgcfzP-py3.10/lib/python3.10/site-packages/airflow/example_dags/tutorial.py took 3.548 seconds
[2024-10-05T13:45:38.011-0400] {processor.py:186} INFO - Started process (PID=5593) to work on /home/patrick/.cache/pypoetry/virtualenvs/airflow-wPbgcfzP-py3.10/lib/python3.10/site-packages/airflow/example_dags/tutorial.py
[2024-10-05T13:45:38.012-0400] {processor.py:914} INFO - Processing file /home/patrick/.cache/pypoetry/virtualenvs/airflow-wPbgcfzP-py3.10/lib/python3.10/site-packages/airflow/example_dags/tutorial.py for tasks to queue
[2024-10-05T13:45:38.013-0400] {logging_mixin.py:190} INFO - [2024-10-05T13:45:38.013-0400] {dagbag.py:588} INFO - Filling up the DagBag from /home/patrick/.cache/pypoetry/virtualenvs/airflow-wPbgcfzP-py3.10/lib/python3.10/site-packages/airflow/example_dags/tutorial.py
[2024-10-05T13:45:38.017-0400] {processor.py:925} INFO - DAG(s) 'tutorial' retrieved from /home/patrick/.cache/pypoetry/virtualenvs/airflow-wPbgcfzP-py3.10/lib/python3.10/site-packages/airflow/example_dags/tutorial.py
[2024-10-05T13:45:42.108-0400] {logging_mixin.py:190} INFO - [2024-10-05T13:45:42.107-0400] {dag.py:3239} INFO - Sync 1 DAGs
[2024-10-05T13:45:42.289-0400] {logging_mixin.py:190} INFO - [2024-10-05T13:45:42.289-0400] {dag.py:4180} INFO - Setting next_dagrun for tutorial to 2024-10-04 00:00:00+00:00, run_after=2024-10-05 00:00:00+00:00
[2024-10-05T13:45:42.967-0400] {processor.py:208} INFO - Processing /home/patrick/.cache/pypoetry/virtualenvs/airflow-wPbgcfzP-py3.10/lib/python3.10/site-packages/airflow/example_dags/tutorial.py took 4.960 seconds
[2024-10-05T13:47:17.645-0400] {processor.py:186} INFO - Started process (PID=6024) to work on /home/patrick/.cache/pypoetry/virtualenvs/airflow-wPbgcfzP-py3.10/lib/python3.10/site-packages/airflow/example_dags/tutorial.py
[2024-10-05T13:47:17.646-0400] {processor.py:914} INFO - Processing file /home/patrick/.cache/pypoetry/virtualenvs/airflow-wPbgcfzP-py3.10/lib/python3.10/site-packages/airflow/example_dags/tutorial.py for tasks to queue
[2024-10-05T13:47:17.648-0400] {logging_mixin.py:190} INFO - [2024-10-05T13:47:17.648-0400] {dagbag.py:588} INFO - Filling up the DagBag from /home/patrick/.cache/pypoetry/virtualenvs/airflow-wPbgcfzP-py3.10/lib/python3.10/site-packages/airflow/example_dags/tutorial.py
[2024-10-05T13:47:17.652-0400] {processor.py:925} INFO - DAG(s) 'tutorial' retrieved from /home/patrick/.cache/pypoetry/virtualenvs/airflow-wPbgcfzP-py3.10/lib/python3.10/site-packages/airflow/example_dags/tutorial.py
[2024-10-05T13:47:20.011-0400] {logging_mixin.py:190} INFO - [2024-10-05T13:47:20.011-0400] {dag.py:3239} INFO - Sync 1 DAGs
[2024-10-05T13:47:20.275-0400] {logging_mixin.py:190} INFO - [2024-10-05T13:47:20.275-0400] {dag.py:4180} INFO - Setting next_dagrun for tutorial to 2024-10-04 00:00:00+00:00, run_after=2024-10-05 00:00:00+00:00
[2024-10-05T13:47:21.018-0400] {processor.py:208} INFO - Processing /home/patrick/.cache/pypoetry/virtualenvs/airflow-wPbgcfzP-py3.10/lib/python3.10/site-packages/airflow/example_dags/tutorial.py took 3.376 seconds
[2024-10-05T13:49:35.768-0400] {processor.py:186} INFO - Started process (PID=6615) to work on /home/patrick/.cache/pypoetry/virtualenvs/airflow-wPbgcfzP-py3.10/lib/python3.10/site-packages/airflow/example_dags/tutorial.py
[2024-10-05T13:49:35.769-0400] {processor.py:914} INFO - Processing file /home/patrick/.cache/pypoetry/virtualenvs/airflow-wPbgcfzP-py3.10/lib/python3.10/site-packages/airflow/example_dags/tutorial.py for tasks to queue
[2024-10-05T13:49:35.771-0400] {logging_mixin.py:190} INFO - [2024-10-05T13:49:35.771-0400] {dagbag.py:588} INFO - Filling up the DagBag from /home/patrick/.cache/pypoetry/virtualenvs/airflow-wPbgcfzP-py3.10/lib/python3.10/site-packages/airflow/example_dags/tutorial.py
[2024-10-05T13:49:35.776-0400] {processor.py:925} INFO - DAG(s) 'tutorial' retrieved from /home/patrick/.cache/pypoetry/virtualenvs/airflow-wPbgcfzP-py3.10/lib/python3.10/site-packages/airflow/example_dags/tutorial.py
[2024-10-05T13:49:38.105-0400] {logging_mixin.py:190} INFO - [2024-10-05T13:49:38.105-0400] {dag.py:3239} INFO - Sync 1 DAGs
[2024-10-05T13:49:38.234-0400] {logging_mixin.py:190} INFO - [2024-10-05T13:49:38.234-0400] {dag.py:4180} INFO - Setting next_dagrun for tutorial to 2024-10-04 00:00:00+00:00, run_after=2024-10-05 00:00:00+00:00
[2024-10-05T13:49:38.848-0400] {processor.py:208} INFO - Processing /home/patrick/.cache/pypoetry/virtualenvs/airflow-wPbgcfzP-py3.10/lib/python3.10/site-packages/airflow/example_dags/tutorial.py took 3.084 seconds
[2024-10-05T13:51:39.573-0400] {processor.py:186} INFO - Started process (PID=7218) to work on /home/patrick/.cache/pypoetry/virtualenvs/airflow-wPbgcfzP-py3.10/lib/python3.10/site-packages/airflow/example_dags/tutorial.py
[2024-10-05T13:51:39.574-0400] {processor.py:914} INFO - Processing file /home/patrick/.cache/pypoetry/virtualenvs/airflow-wPbgcfzP-py3.10/lib/python3.10/site-packages/airflow/example_dags/tutorial.py for tasks to queue
[2024-10-05T13:51:39.575-0400] {logging_mixin.py:190} INFO - [2024-10-05T13:51:39.575-0400] {dagbag.py:588} INFO - Filling up the DagBag from /home/patrick/.cache/pypoetry/virtualenvs/airflow-wPbgcfzP-py3.10/lib/python3.10/site-packages/airflow/example_dags/tutorial.py
[2024-10-05T13:51:39.579-0400] {processor.py:925} INFO - DAG(s) 'tutorial' retrieved from /home/patrick/.cache/pypoetry/virtualenvs/airflow-wPbgcfzP-py3.10/lib/python3.10/site-packages/airflow/example_dags/tutorial.py
[2024-10-05T13:51:42.770-0400] {logging_mixin.py:190} INFO - [2024-10-05T13:51:42.770-0400] {dag.py:3239} INFO - Sync 1 DAGs
[2024-10-05T13:51:42.967-0400] {logging_mixin.py:190} INFO - [2024-10-05T13:51:42.966-0400] {dag.py:4180} INFO - Setting next_dagrun for tutorial to 2024-10-04 00:00:00+00:00, run_after=2024-10-05 00:00:00+00:00
[2024-10-05T13:51:43.610-0400] {processor.py:208} INFO - Processing /home/patrick/.cache/pypoetry/virtualenvs/airflow-wPbgcfzP-py3.10/lib/python3.10/site-packages/airflow/example_dags/tutorial.py took 4.041 seconds
