[2024-10-05T13:29:49.122-0400] {processor.py:186} INFO - Started process (PID=1343) to work on /home/patrick/.cache/pypoetry/virtualenvs/airflow-wPbgcfzP-py3.10/lib/python3.10/site-packages/airflow/example_dags/plugins/workday.py
[2024-10-05T13:29:49.122-0400] {processor.py:914} INFO - Processing file /home/patrick/.cache/pypoetry/virtualenvs/airflow-wPbgcfzP-py3.10/lib/python3.10/site-packages/airflow/example_dags/plugins/workday.py for tasks to queue
[2024-10-05T13:29:49.124-0400] {logging_mixin.py:190} INFO - [2024-10-05T13:29:49.124-0400] {dagbag.py:588} INFO - Filling up the DagBag from /home/patrick/.cache/pypoetry/virtualenvs/airflow-wPbgcfzP-py3.10/lib/python3.10/site-packages/airflow/example_dags/plugins/workday.py
[2024-10-05T13:29:49.126-0400] {processor.py:927} WARNING - No viable dags retrieved from /home/patrick/.cache/pypoetry/virtualenvs/airflow-wPbgcfzP-py3.10/lib/python3.10/site-packages/airflow/example_dags/plugins/workday.py
[2024-10-05T13:29:52.873-0400] {processor.py:208} INFO - Processing /home/patrick/.cache/pypoetry/virtualenvs/airflow-wPbgcfzP-py3.10/lib/python3.10/site-packages/airflow/example_dags/plugins/workday.py took 3.755 seconds
[2024-10-05T13:34:46.267-0400] {processor.py:186} INFO - Started process (PID=2663) to work on /home/patrick/.cache/pypoetry/virtualenvs/airflow-wPbgcfzP-py3.10/lib/python3.10/site-packages/airflow/example_dags/plugins/workday.py
[2024-10-05T13:34:46.268-0400] {processor.py:914} INFO - Processing file /home/patrick/.cache/pypoetry/virtualenvs/airflow-wPbgcfzP-py3.10/lib/python3.10/site-packages/airflow/example_dags/plugins/workday.py for tasks to queue
[2024-10-05T13:34:46.270-0400] {logging_mixin.py:190} INFO - [2024-10-05T13:34:46.269-0400] {dagbag.py:588} INFO - Filling up the DagBag from /home/patrick/.cache/pypoetry/virtualenvs/airflow-wPbgcfzP-py3.10/lib/python3.10/site-packages/airflow/example_dags/plugins/workday.py
[2024-10-05T13:34:46.271-0400] {processor.py:927} WARNING - No viable dags retrieved from /home/patrick/.cache/pypoetry/virtualenvs/airflow-wPbgcfzP-py3.10/lib/python3.10/site-packages/airflow/example_dags/plugins/workday.py
[2024-10-05T13:34:48.464-0400] {processor.py:208} INFO - Processing /home/patrick/.cache/pypoetry/virtualenvs/airflow-wPbgcfzP-py3.10/lib/python3.10/site-packages/airflow/example_dags/plugins/workday.py took 2.201 seconds
[2024-10-05T13:37:31.201-0400] {processor.py:186} INFO - Started process (PID=3476) to work on /home/patrick/.cache/pypoetry/virtualenvs/airflow-wPbgcfzP-py3.10/lib/python3.10/site-packages/airflow/example_dags/plugins/workday.py
[2024-10-05T13:37:31.202-0400] {processor.py:914} INFO - Processing file /home/patrick/.cache/pypoetry/virtualenvs/airflow-wPbgcfzP-py3.10/lib/python3.10/site-packages/airflow/example_dags/plugins/workday.py for tasks to queue
[2024-10-05T13:37:31.203-0400] {logging_mixin.py:190} INFO - [2024-10-05T13:37:31.203-0400] {dagbag.py:588} INFO - Filling up the DagBag from /home/patrick/.cache/pypoetry/virtualenvs/airflow-wPbgcfzP-py3.10/lib/python3.10/site-packages/airflow/example_dags/plugins/workday.py
[2024-10-05T13:37:31.206-0400] {processor.py:927} WARNING - No viable dags retrieved from /home/patrick/.cache/pypoetry/virtualenvs/airflow-wPbgcfzP-py3.10/lib/python3.10/site-packages/airflow/example_dags/plugins/workday.py
[2024-10-05T13:37:33.799-0400] {processor.py:208} INFO - Processing /home/patrick/.cache/pypoetry/virtualenvs/airflow-wPbgcfzP-py3.10/lib/python3.10/site-packages/airflow/example_dags/plugins/workday.py took 2.602 seconds
[2024-10-05T13:42:29.081-0400] {processor.py:186} INFO - Started process (PID=4773) to work on /home/patrick/.cache/pypoetry/virtualenvs/airflow-wPbgcfzP-py3.10/lib/python3.10/site-packages/airflow/example_dags/plugins/workday.py
[2024-10-05T13:42:29.082-0400] {processor.py:914} INFO - Processing file /home/patrick/.cache/pypoetry/virtualenvs/airflow-wPbgcfzP-py3.10/lib/python3.10/site-packages/airflow/example_dags/plugins/workday.py for tasks to queue
[2024-10-05T13:42:29.083-0400] {logging_mixin.py:190} INFO - [2024-10-05T13:42:29.083-0400] {dagbag.py:588} INFO - Filling up the DagBag from /home/patrick/.cache/pypoetry/virtualenvs/airflow-wPbgcfzP-py3.10/lib/python3.10/site-packages/airflow/example_dags/plugins/workday.py
[2024-10-05T13:42:29.086-0400] {processor.py:927} WARNING - No viable dags retrieved from /home/patrick/.cache/pypoetry/virtualenvs/airflow-wPbgcfzP-py3.10/lib/python3.10/site-packages/airflow/example_dags/plugins/workday.py
[2024-10-05T13:42:40.256-0400] {processor.py:208} INFO - Processing /home/patrick/.cache/pypoetry/virtualenvs/airflow-wPbgcfzP-py3.10/lib/python3.10/site-packages/airflow/example_dags/plugins/workday.py took 11.178 seconds
[2024-10-05T13:44:46.856-0400] {processor.py:186} INFO - Started process (PID=5366) to work on /home/patrick/.cache/pypoetry/virtualenvs/airflow-wPbgcfzP-py3.10/lib/python3.10/site-packages/airflow/example_dags/plugins/workday.py
[2024-10-05T13:44:46.857-0400] {processor.py:914} INFO - Processing file /home/patrick/.cache/pypoetry/virtualenvs/airflow-wPbgcfzP-py3.10/lib/python3.10/site-packages/airflow/example_dags/plugins/workday.py for tasks to queue
[2024-10-05T13:44:46.858-0400] {logging_mixin.py:190} INFO - [2024-10-05T13:44:46.858-0400] {dagbag.py:588} INFO - Filling up the DagBag from /home/patrick/.cache/pypoetry/virtualenvs/airflow-wPbgcfzP-py3.10/lib/python3.10/site-packages/airflow/example_dags/plugins/workday.py
[2024-10-05T13:44:46.859-0400] {processor.py:927} WARNING - No viable dags retrieved from /home/patrick/.cache/pypoetry/virtualenvs/airflow-wPbgcfzP-py3.10/lib/python3.10/site-packages/airflow/example_dags/plugins/workday.py
[2024-10-05T13:44:49.336-0400] {processor.py:208} INFO - Processing /home/patrick/.cache/pypoetry/virtualenvs/airflow-wPbgcfzP-py3.10/lib/python3.10/site-packages/airflow/example_dags/plugins/workday.py took 2.483 seconds
[2024-10-05T13:48:01.824-0400] {processor.py:186} INFO - Started process (PID=6218) to work on /home/patrick/.cache/pypoetry/virtualenvs/airflow-wPbgcfzP-py3.10/lib/python3.10/site-packages/airflow/example_dags/plugins/workday.py
[2024-10-05T13:48:01.825-0400] {processor.py:914} INFO - Processing file /home/patrick/.cache/pypoetry/virtualenvs/airflow-wPbgcfzP-py3.10/lib/python3.10/site-packages/airflow/example_dags/plugins/workday.py for tasks to queue
[2024-10-05T13:48:01.826-0400] {logging_mixin.py:190} INFO - [2024-10-05T13:48:01.826-0400] {dagbag.py:588} INFO - Filling up the DagBag from /home/patrick/.cache/pypoetry/virtualenvs/airflow-wPbgcfzP-py3.10/lib/python3.10/site-packages/airflow/example_dags/plugins/workday.py
[2024-10-05T13:48:01.828-0400] {processor.py:927} WARNING - No viable dags retrieved from /home/patrick/.cache/pypoetry/virtualenvs/airflow-wPbgcfzP-py3.10/lib/python3.10/site-packages/airflow/example_dags/plugins/workday.py
[2024-10-05T13:48:11.089-0400] {processor.py:208} INFO - Processing /home/patrick/.cache/pypoetry/virtualenvs/airflow-wPbgcfzP-py3.10/lib/python3.10/site-packages/airflow/example_dags/plugins/workday.py took 9.268 seconds
[2024-10-05T13:50:40.515-0400] {processor.py:186} INFO - Started process (PID=6891) to work on /home/patrick/.cache/pypoetry/virtualenvs/airflow-wPbgcfzP-py3.10/lib/python3.10/site-packages/airflow/example_dags/plugins/workday.py
[2024-10-05T13:50:40.516-0400] {processor.py:914} INFO - Processing file /home/patrick/.cache/pypoetry/virtualenvs/airflow-wPbgcfzP-py3.10/lib/python3.10/site-packages/airflow/example_dags/plugins/workday.py for tasks to queue
[2024-10-05T13:50:40.518-0400] {logging_mixin.py:190} INFO - [2024-10-05T13:50:40.517-0400] {dagbag.py:588} INFO - Filling up the DagBag from /home/patrick/.cache/pypoetry/virtualenvs/airflow-wPbgcfzP-py3.10/lib/python3.10/site-packages/airflow/example_dags/plugins/workday.py
[2024-10-05T13:50:40.519-0400] {processor.py:927} WARNING - No viable dags retrieved from /home/patrick/.cache/pypoetry/virtualenvs/airflow-wPbgcfzP-py3.10/lib/python3.10/site-packages/airflow/example_dags/plugins/workday.py
[2024-10-05T13:50:42.713-0400] {processor.py:208} INFO - Processing /home/patrick/.cache/pypoetry/virtualenvs/airflow-wPbgcfzP-py3.10/lib/python3.10/site-packages/airflow/example_dags/plugins/workday.py took 2.203 seconds
