[2024-10-03T22:12:56.255-0400] {local_task_job_runner.py:123} INFO - ::group::Pre task execution logs
[2024-10-03T22:12:58.989-0400] {taskinstance.py:2612} INFO - Dependencies all met for dep_context=non-requeueable deps ti=<TaskInstance: huggingface_pdf_pipeline.download_pdfs_task manual__2024-10-04T02:11:57.983833+00:00 [queued]>
[2024-10-03T22:12:59.153-0400] {taskinstance.py:2612} INFO - Dependencies all met for dep_context=requeueable deps ti=<TaskInstance: huggingface_pdf_pipeline.download_pdfs_task manual__2024-10-04T02:11:57.983833+00:00 [queued]>
[2024-10-03T22:12:59.154-0400] {taskinstance.py:2865} INFO - Starting attempt 1 of 2
[2024-10-03T22:12:59.350-0400] {taskinstance.py:2888} INFO - Executing <Task(PythonOperator): download_pdfs_task> on 2024-10-04 02:11:57.983833+00:00
[2024-10-03T22:12:59.354-0400] {standard_task_runner.py:72} INFO - Started process 24291 to run task
[2024-10-03T22:12:59.356-0400] {standard_task_runner.py:104} INFO - Running: ['airflow', 'tasks', 'run', 'huggingface_pdf_pipeline', 'download_pdfs_task', 'manual__2024-10-04T02:11:57.983833+00:00', '--job-id', '27', '--raw', '--subdir', 'DAGS_FOLDER/huggingface_pdf_airflow_dag.py', '--cfg-path', '/tmp/tmpm8sen8rl']
[2024-10-03T22:12:59.358-0400] {standard_task_runner.py:105} INFO - Job 27: Subtask download_pdfs_task
[2024-10-03T22:13:08.212-0400] {job.py:229} INFO - Heartbeat recovered after 56.52 seconds
[2024-10-03T22:13:10.845-0400] {task_command.py:467} INFO - Running <TaskInstance: huggingface_pdf_pipeline.download_pdfs_task manual__2024-10-04T02:11:57.983833+00:00 [running]> on host LAPTOP-GD5THE3N.
[2024-10-03T22:13:23.503-0400] {taskinstance.py:3131} INFO - Exporting env vars: AIRFLOW_CTX_DAG_OWNER='airflow' AIRFLOW_CTX_DAG_ID='huggingface_pdf_pipeline' AIRFLOW_CTX_TASK_ID='download_pdfs_task' AIRFLOW_CTX_EXECUTION_DATE='2024-10-04T02:11:57.983833+00:00' AIRFLOW_CTX_TRY_NUMBER='1' AIRFLOW_CTX_DAG_RUN_ID='manual__2024-10-04T02:11:57.983833+00:00'
[2024-10-03T22:13:23.506-0400] {logging_mixin.py:190} INFO - Task instance is in running state
[2024-10-03T22:13:23.507-0400] {logging_mixin.py:190} INFO -  Previous state of the Task instance: queued
[2024-10-03T22:13:23.509-0400] {logging_mixin.py:190} INFO - Current task name:download_pdfs_task state:running start_date:2024-10-04 02:12:58.990648+00:00
[2024-10-03T22:13:23.510-0400] {logging_mixin.py:190} INFO - Dag name:huggingface_pdf_pipeline and current dag run status:running
[2024-10-03T22:13:23.511-0400] {taskinstance.py:731} INFO - ::endgroup::
[2024-10-03T22:13:23.784-0400] {job.py:229} INFO - Heartbeat recovered after 15.72 seconds
[2024-10-03T22:13:23.983-0400] {logging_mixin.py:190} INFO - Found PDF URL: https://huggingface.co/datasets/gaia-benchmark/GAIA/resolve/main/2023/validation/366e2f2b-8632-4ef2-81eb-bc3877489217.pdf
[2024-10-03T22:13:23.986-0400] {logging_mixin.py:190} INFO - Found PDF URL: https://huggingface.co/datasets/gaia-benchmark/GAIA/resolve/main/2023/validation/67e8878b-5cef-4375-804e-e6291fdbe78a.pdf
[2024-10-03T22:13:23.988-0400] {logging_mixin.py:190} INFO - Found PDF URL: https://huggingface.co/datasets/gaia-benchmark/GAIA/resolve/main/2023/validation/e9a2c537-8232-4c3f-85b0-b52de6bcba99.pdf
[2024-10-03T22:13:24.501-0400] {logging_mixin.py:190} INFO - Found PDF URL: https://huggingface.co/datasets/gaia-benchmark/GAIA/resolve/main/2023/test/021a5339-744f-42b7-bd9b-9368b3efda7a.pdf
[2024-10-03T22:13:24.504-0400] {logging_mixin.py:190} INFO - Found PDF URL: https://huggingface.co/datasets/gaia-benchmark/GAIA/resolve/main/2023/test/32f386b9-73ee-4455-b412-ddad508aa979.pdf
[2024-10-03T22:13:24.506-0400] {logging_mixin.py:190} INFO - Found PDF URL: https://huggingface.co/datasets/gaia-benchmark/GAIA/resolve/main/2023/test/4044eab7-1282-42bd-a559-3bf3a4d5858e.pdf
[2024-10-03T22:13:24.508-0400] {logging_mixin.py:190} INFO - Found PDF URL: https://huggingface.co/datasets/gaia-benchmark/GAIA/resolve/main/2023/test/634fca59-03b2-4cdf-9ce4-0205df22f256.pdf
[2024-10-03T22:13:24.509-0400] {logging_mixin.py:190} INFO - Found PDF URL: https://huggingface.co/datasets/gaia-benchmark/GAIA/resolve/main/2023/test/680d7d77-c0c7-49c8-88fd-f8ec623645e9.pdf
[2024-10-03T22:13:24.510-0400] {logging_mixin.py:190} INFO - Found PDF URL: https://huggingface.co/datasets/gaia-benchmark/GAIA/resolve/main/2023/test/7c215d46-91c7-424e-9f22-37d43ab73ea6.pdf
[2024-10-03T22:13:24.511-0400] {logging_mixin.py:190} INFO - Found PDF URL: https://huggingface.co/datasets/gaia-benchmark/GAIA/resolve/main/2023/test/8f697523-6988-4c4f-8d72-760a45681f68.pdf
[2024-10-03T22:13:24.513-0400] {logging_mixin.py:190} INFO - Found PDF URL: https://huggingface.co/datasets/gaia-benchmark/GAIA/resolve/main/2023/test/b3654e47-4307-442c-a09c-945b33b913c6.pdf
[2024-10-03T22:13:24.514-0400] {logging_mixin.py:190} INFO - Found PDF URL: https://huggingface.co/datasets/gaia-benchmark/GAIA/resolve/main/2023/test/be353748-74eb-4904-8f17-f180ce087f1a.pdf
[2024-10-03T22:13:24.515-0400] {logging_mixin.py:190} INFO - Found PDF URL: https://huggingface.co/datasets/gaia-benchmark/GAIA/resolve/main/2023/test/c4456885-2f03-436f-8fe9-0b4ca6822cdb.pdf
[2024-10-03T22:13:24.912-0400] {logging_mixin.py:190} INFO - Downloaded https://huggingface.co/datasets/gaia-benchmark/GAIA/resolve/main/2023/validation/366e2f2b-8632-4ef2-81eb-bc3877489217.pdf to /home/patrick/Downloads/366e2f2b-8632-4ef2-81eb-bc3877489217.pdf
[2024-10-03T22:13:25.337-0400] {logging_mixin.py:190} INFO - Downloaded https://huggingface.co/datasets/gaia-benchmark/GAIA/resolve/main/2023/validation/67e8878b-5cef-4375-804e-e6291fdbe78a.pdf to /home/patrick/Downloads/67e8878b-5cef-4375-804e-e6291fdbe78a.pdf
[2024-10-03T22:13:25.819-0400] {logging_mixin.py:190} INFO - Downloaded https://huggingface.co/datasets/gaia-benchmark/GAIA/resolve/main/2023/validation/e9a2c537-8232-4c3f-85b0-b52de6bcba99.pdf to /home/patrick/Downloads/e9a2c537-8232-4c3f-85b0-b52de6bcba99.pdf
[2024-10-03T22:13:26.234-0400] {logging_mixin.py:190} INFO - Downloaded https://huggingface.co/datasets/gaia-benchmark/GAIA/resolve/main/2023/test/021a5339-744f-42b7-bd9b-9368b3efda7a.pdf to /home/patrick/Downloads/021a5339-744f-42b7-bd9b-9368b3efda7a.pdf
[2024-10-03T22:13:26.646-0400] {logging_mixin.py:190} INFO - Downloaded https://huggingface.co/datasets/gaia-benchmark/GAIA/resolve/main/2023/test/32f386b9-73ee-4455-b412-ddad508aa979.pdf to /home/patrick/Downloads/32f386b9-73ee-4455-b412-ddad508aa979.pdf
[2024-10-03T22:13:27.075-0400] {logging_mixin.py:190} INFO - Downloaded https://huggingface.co/datasets/gaia-benchmark/GAIA/resolve/main/2023/test/4044eab7-1282-42bd-a559-3bf3a4d5858e.pdf to /home/patrick/Downloads/4044eab7-1282-42bd-a559-3bf3a4d5858e.pdf
[2024-10-03T22:13:27.487-0400] {logging_mixin.py:190} INFO - Downloaded https://huggingface.co/datasets/gaia-benchmark/GAIA/resolve/main/2023/test/634fca59-03b2-4cdf-9ce4-0205df22f256.pdf to /home/patrick/Downloads/634fca59-03b2-4cdf-9ce4-0205df22f256.pdf
[2024-10-03T22:13:27.903-0400] {logging_mixin.py:190} INFO - Downloaded https://huggingface.co/datasets/gaia-benchmark/GAIA/resolve/main/2023/test/680d7d77-c0c7-49c8-88fd-f8ec623645e9.pdf to /home/patrick/Downloads/680d7d77-c0c7-49c8-88fd-f8ec623645e9.pdf
[2024-10-03T22:13:28.294-0400] {logging_mixin.py:190} INFO - Downloaded https://huggingface.co/datasets/gaia-benchmark/GAIA/resolve/main/2023/test/7c215d46-91c7-424e-9f22-37d43ab73ea6.pdf to /home/patrick/Downloads/7c215d46-91c7-424e-9f22-37d43ab73ea6.pdf
[2024-10-03T22:13:28.749-0400] {logging_mixin.py:190} INFO - Downloaded https://huggingface.co/datasets/gaia-benchmark/GAIA/resolve/main/2023/test/8f697523-6988-4c4f-8d72-760a45681f68.pdf to /home/patrick/Downloads/8f697523-6988-4c4f-8d72-760a45681f68.pdf
[2024-10-03T22:13:29.266-0400] {logging_mixin.py:190} INFO - Downloaded https://huggingface.co/datasets/gaia-benchmark/GAIA/resolve/main/2023/test/b3654e47-4307-442c-a09c-945b33b913c6.pdf to /home/patrick/Downloads/b3654e47-4307-442c-a09c-945b33b913c6.pdf
[2024-10-03T22:13:30.010-0400] {logging_mixin.py:190} INFO - Downloaded https://huggingface.co/datasets/gaia-benchmark/GAIA/resolve/main/2023/test/be353748-74eb-4904-8f17-f180ce087f1a.pdf to /home/patrick/Downloads/be353748-74eb-4904-8f17-f180ce087f1a.pdf
[2024-10-03T22:13:30.461-0400] {logging_mixin.py:190} INFO - Downloaded https://huggingface.co/datasets/gaia-benchmark/GAIA/resolve/main/2023/test/c4456885-2f03-436f-8fe9-0b4ca6822cdb.pdf to /home/patrick/Downloads/c4456885-2f03-436f-8fe9-0b4ca6822cdb.pdf
[2024-10-03T22:13:30.463-0400] {python.py:240} INFO - Done. Returned value was: ['/home/patrick/Downloads/366e2f2b-8632-4ef2-81eb-bc3877489217.pdf', '/home/patrick/Downloads/67e8878b-5cef-4375-804e-e6291fdbe78a.pdf', '/home/patrick/Downloads/e9a2c537-8232-4c3f-85b0-b52de6bcba99.pdf', '/home/patrick/Downloads/021a5339-744f-42b7-bd9b-9368b3efda7a.pdf', '/home/patrick/Downloads/32f386b9-73ee-4455-b412-ddad508aa979.pdf', '/home/patrick/Downloads/4044eab7-1282-42bd-a559-3bf3a4d5858e.pdf', '/home/patrick/Downloads/634fca59-03b2-4cdf-9ce4-0205df22f256.pdf', '/home/patrick/Downloads/680d7d77-c0c7-49c8-88fd-f8ec623645e9.pdf', '/home/patrick/Downloads/7c215d46-91c7-424e-9f22-37d43ab73ea6.pdf', '/home/patrick/Downloads/8f697523-6988-4c4f-8d72-760a45681f68.pdf', '/home/patrick/Downloads/b3654e47-4307-442c-a09c-945b33b913c6.pdf', '/home/patrick/Downloads/be353748-74eb-4904-8f17-f180ce087f1a.pdf', '/home/patrick/Downloads/c4456885-2f03-436f-8fe9-0b4ca6822cdb.pdf']
[2024-10-03T22:13:39.311-0400] {taskinstance.py:340} INFO - ::group::Post task execution logs
[2024-10-03T22:13:39.315-0400] {taskinstance.py:352} INFO - Marking task as SUCCESS. dag_id=huggingface_pdf_pipeline, task_id=download_pdfs_task, run_id=manual__2024-10-04T02:11:57.983833+00:00, execution_date=20241004T021157, start_date=20241004T021258, end_date=20241004T021339
[2024-10-03T22:13:39.663-0400] {logging_mixin.py:190} INFO - Task instance in success state
[2024-10-03T22:13:39.665-0400] {logging_mixin.py:190} INFO -  Previous state of the Task instance: running
[2024-10-03T22:13:39.668-0400] {logging_mixin.py:190} INFO - Dag name:huggingface_pdf_pipeline queued_at:2024-10-04 02:11:58.460142+00:00
[2024-10-03T22:13:39.670-0400] {logging_mixin.py:190} INFO - Task hostname:LAPTOP-GD5THE3N. operator:PythonOperator
[2024-10-03T22:13:40.589-0400] {job.py:229} INFO - Heartbeat recovered after 16.89 seconds
[2024-10-03T22:13:48.090-0400] {local_task_job_runner.py:266} INFO - Task exited with return code 0
[2024-10-03T22:13:49.409-0400] {standard_task_runner.py:217} INFO - Process not found (most likely exited), stop collecting metrics
[2024-10-03T22:13:51.030-0400] {taskinstance.py:3900} INFO - 1 downstream tasks scheduled from follow-on schedule check
[2024-10-03T22:13:51.078-0400] {local_task_job_runner.py:245} INFO - ::endgroup::
