[2024-10-03T20:46:31.056-0400] {processor.py:186} INFO - Started process (PID=1499) to work on /home/patrick/.cache/pypoetry/virtualenvs/airflow-wPbgcfzP-py3.10/lib/python3.10/site-packages/airflow/example_dags/plugins/event_listener.py
[2024-10-03T20:46:31.057-0400] {processor.py:914} INFO - Processing file /home/patrick/.cache/pypoetry/virtualenvs/airflow-wPbgcfzP-py3.10/lib/python3.10/site-packages/airflow/example_dags/plugins/event_listener.py for tasks to queue
[2024-10-03T20:46:31.058-0400] {logging_mixin.py:190} INFO - [2024-10-03T20:46:31.058-0400] {dagbag.py:588} INFO - Filling up the DagBag from /home/patrick/.cache/pypoetry/virtualenvs/airflow-wPbgcfzP-py3.10/lib/python3.10/site-packages/airflow/example_dags/plugins/event_listener.py
[2024-10-03T20:46:31.062-0400] {processor.py:927} WARNING - No viable dags retrieved from /home/patrick/.cache/pypoetry/virtualenvs/airflow-wPbgcfzP-py3.10/lib/python3.10/site-packages/airflow/example_dags/plugins/event_listener.py
[2024-10-03T20:46:41.479-0400] {processor.py:208} INFO - Processing /home/patrick/.cache/pypoetry/virtualenvs/airflow-wPbgcfzP-py3.10/lib/python3.10/site-packages/airflow/example_dags/plugins/event_listener.py took 10.427 seconds
[2024-10-03T21:00:00.559-0400] {processor.py:186} INFO - Started process (PID=4930) to work on /home/patrick/.cache/pypoetry/virtualenvs/airflow-wPbgcfzP-py3.10/lib/python3.10/site-packages/airflow/example_dags/plugins/event_listener.py
[2024-10-03T21:00:00.560-0400] {processor.py:914} INFO - Processing file /home/patrick/.cache/pypoetry/virtualenvs/airflow-wPbgcfzP-py3.10/lib/python3.10/site-packages/airflow/example_dags/plugins/event_listener.py for tasks to queue
[2024-10-03T21:00:00.561-0400] {logging_mixin.py:190} INFO - [2024-10-03T21:00:00.561-0400] {dagbag.py:588} INFO - Filling up the DagBag from /home/patrick/.cache/pypoetry/virtualenvs/airflow-wPbgcfzP-py3.10/lib/python3.10/site-packages/airflow/example_dags/plugins/event_listener.py
[2024-10-03T21:00:00.563-0400] {processor.py:927} WARNING - No viable dags retrieved from /home/patrick/.cache/pypoetry/virtualenvs/airflow-wPbgcfzP-py3.10/lib/python3.10/site-packages/airflow/example_dags/plugins/event_listener.py
[2024-10-03T21:00:04.555-0400] {processor.py:208} INFO - Processing /home/patrick/.cache/pypoetry/virtualenvs/airflow-wPbgcfzP-py3.10/lib/python3.10/site-packages/airflow/example_dags/plugins/event_listener.py took 4.000 seconds
[2024-10-03T21:03:44.134-0400] {processor.py:186} INFO - Started process (PID=5869) to work on /home/patrick/.cache/pypoetry/virtualenvs/airflow-wPbgcfzP-py3.10/lib/python3.10/site-packages/airflow/example_dags/plugins/event_listener.py
[2024-10-03T21:03:44.135-0400] {processor.py:914} INFO - Processing file /home/patrick/.cache/pypoetry/virtualenvs/airflow-wPbgcfzP-py3.10/lib/python3.10/site-packages/airflow/example_dags/plugins/event_listener.py for tasks to queue
[2024-10-03T21:03:44.136-0400] {logging_mixin.py:190} INFO - [2024-10-03T21:03:44.136-0400] {dagbag.py:588} INFO - Filling up the DagBag from /home/patrick/.cache/pypoetry/virtualenvs/airflow-wPbgcfzP-py3.10/lib/python3.10/site-packages/airflow/example_dags/plugins/event_listener.py
[2024-10-03T21:03:44.137-0400] {processor.py:927} WARNING - No viable dags retrieved from /home/patrick/.cache/pypoetry/virtualenvs/airflow-wPbgcfzP-py3.10/lib/python3.10/site-packages/airflow/example_dags/plugins/event_listener.py
[2024-10-03T21:03:47.981-0400] {processor.py:208} INFO - Processing /home/patrick/.cache/pypoetry/virtualenvs/airflow-wPbgcfzP-py3.10/lib/python3.10/site-packages/airflow/example_dags/plugins/event_listener.py took 3.850 seconds
[2024-10-03T21:05:48.757-0400] {processor.py:186} INFO - Started process (PID=6410) to work on /home/patrick/.cache/pypoetry/virtualenvs/airflow-wPbgcfzP-py3.10/lib/python3.10/site-packages/airflow/example_dags/plugins/event_listener.py
[2024-10-03T21:05:48.758-0400] {processor.py:914} INFO - Processing file /home/patrick/.cache/pypoetry/virtualenvs/airflow-wPbgcfzP-py3.10/lib/python3.10/site-packages/airflow/example_dags/plugins/event_listener.py for tasks to queue
[2024-10-03T21:05:48.759-0400] {logging_mixin.py:190} INFO - [2024-10-03T21:05:48.758-0400] {dagbag.py:588} INFO - Filling up the DagBag from /home/patrick/.cache/pypoetry/virtualenvs/airflow-wPbgcfzP-py3.10/lib/python3.10/site-packages/airflow/example_dags/plugins/event_listener.py
[2024-10-03T21:05:48.760-0400] {processor.py:927} WARNING - No viable dags retrieved from /home/patrick/.cache/pypoetry/virtualenvs/airflow-wPbgcfzP-py3.10/lib/python3.10/site-packages/airflow/example_dags/plugins/event_listener.py
[2024-10-03T21:05:52.964-0400] {processor.py:208} INFO - Processing /home/patrick/.cache/pypoetry/virtualenvs/airflow-wPbgcfzP-py3.10/lib/python3.10/site-packages/airflow/example_dags/plugins/event_listener.py took 4.210 seconds
[2024-10-03T21:08:01.609-0400] {processor.py:186} INFO - Started process (PID=6983) to work on /home/patrick/.cache/pypoetry/virtualenvs/airflow-wPbgcfzP-py3.10/lib/python3.10/site-packages/airflow/example_dags/plugins/event_listener.py
[2024-10-03T21:08:01.610-0400] {processor.py:914} INFO - Processing file /home/patrick/.cache/pypoetry/virtualenvs/airflow-wPbgcfzP-py3.10/lib/python3.10/site-packages/airflow/example_dags/plugins/event_listener.py for tasks to queue
[2024-10-03T21:08:01.611-0400] {logging_mixin.py:190} INFO - [2024-10-03T21:08:01.610-0400] {dagbag.py:588} INFO - Filling up the DagBag from /home/patrick/.cache/pypoetry/virtualenvs/airflow-wPbgcfzP-py3.10/lib/python3.10/site-packages/airflow/example_dags/plugins/event_listener.py
[2024-10-03T21:08:01.612-0400] {processor.py:927} WARNING - No viable dags retrieved from /home/patrick/.cache/pypoetry/virtualenvs/airflow-wPbgcfzP-py3.10/lib/python3.10/site-packages/airflow/example_dags/plugins/event_listener.py
[2024-10-03T21:08:05.661-0400] {processor.py:208} INFO - Processing /home/patrick/.cache/pypoetry/virtualenvs/airflow-wPbgcfzP-py3.10/lib/python3.10/site-packages/airflow/example_dags/plugins/event_listener.py took 4.055 seconds
[2024-10-03T21:10:01.920-0400] {processor.py:186} INFO - Started process (PID=7505) to work on /home/patrick/.cache/pypoetry/virtualenvs/airflow-wPbgcfzP-py3.10/lib/python3.10/site-packages/airflow/example_dags/plugins/event_listener.py
[2024-10-03T21:10:01.922-0400] {processor.py:914} INFO - Processing file /home/patrick/.cache/pypoetry/virtualenvs/airflow-wPbgcfzP-py3.10/lib/python3.10/site-packages/airflow/example_dags/plugins/event_listener.py for tasks to queue
[2024-10-03T21:10:01.923-0400] {logging_mixin.py:190} INFO - [2024-10-03T21:10:01.923-0400] {dagbag.py:588} INFO - Filling up the DagBag from /home/patrick/.cache/pypoetry/virtualenvs/airflow-wPbgcfzP-py3.10/lib/python3.10/site-packages/airflow/example_dags/plugins/event_listener.py
[2024-10-03T21:10:01.924-0400] {processor.py:927} WARNING - No viable dags retrieved from /home/patrick/.cache/pypoetry/virtualenvs/airflow-wPbgcfzP-py3.10/lib/python3.10/site-packages/airflow/example_dags/plugins/event_listener.py
[2024-10-03T21:10:19.484-0400] {processor.py:208} INFO - Processing /home/patrick/.cache/pypoetry/virtualenvs/airflow-wPbgcfzP-py3.10/lib/python3.10/site-packages/airflow/example_dags/plugins/event_listener.py took 17.567 seconds
[2024-10-03T21:14:03.541-0400] {processor.py:186} INFO - Started process (PID=8611) to work on /home/patrick/.cache/pypoetry/virtualenvs/airflow-wPbgcfzP-py3.10/lib/python3.10/site-packages/airflow/example_dags/plugins/event_listener.py
[2024-10-03T21:14:03.542-0400] {processor.py:914} INFO - Processing file /home/patrick/.cache/pypoetry/virtualenvs/airflow-wPbgcfzP-py3.10/lib/python3.10/site-packages/airflow/example_dags/plugins/event_listener.py for tasks to queue
[2024-10-03T21:14:03.544-0400] {logging_mixin.py:190} INFO - [2024-10-03T21:14:03.544-0400] {dagbag.py:588} INFO - Filling up the DagBag from /home/patrick/.cache/pypoetry/virtualenvs/airflow-wPbgcfzP-py3.10/lib/python3.10/site-packages/airflow/example_dags/plugins/event_listener.py
[2024-10-03T21:14:03.551-0400] {processor.py:927} WARNING - No viable dags retrieved from /home/patrick/.cache/pypoetry/virtualenvs/airflow-wPbgcfzP-py3.10/lib/python3.10/site-packages/airflow/example_dags/plugins/event_listener.py
[2024-10-03T21:14:12.808-0400] {processor.py:208} INFO - Processing /home/patrick/.cache/pypoetry/virtualenvs/airflow-wPbgcfzP-py3.10/lib/python3.10/site-packages/airflow/example_dags/plugins/event_listener.py took 9.272 seconds
[2024-10-03T21:17:05.291-0400] {processor.py:186} INFO - Started process (PID=9475) to work on /home/patrick/.cache/pypoetry/virtualenvs/airflow-wPbgcfzP-py3.10/lib/python3.10/site-packages/airflow/example_dags/plugins/event_listener.py
[2024-10-03T21:17:05.293-0400] {processor.py:914} INFO - Processing file /home/patrick/.cache/pypoetry/virtualenvs/airflow-wPbgcfzP-py3.10/lib/python3.10/site-packages/airflow/example_dags/plugins/event_listener.py for tasks to queue
[2024-10-03T21:17:05.294-0400] {logging_mixin.py:190} INFO - [2024-10-03T21:17:05.294-0400] {dagbag.py:588} INFO - Filling up the DagBag from /home/patrick/.cache/pypoetry/virtualenvs/airflow-wPbgcfzP-py3.10/lib/python3.10/site-packages/airflow/example_dags/plugins/event_listener.py
[2024-10-03T21:17:05.296-0400] {processor.py:927} WARNING - No viable dags retrieved from /home/patrick/.cache/pypoetry/virtualenvs/airflow-wPbgcfzP-py3.10/lib/python3.10/site-packages/airflow/example_dags/plugins/event_listener.py
[2024-10-03T21:17:12.893-0400] {processor.py:208} INFO - Processing /home/patrick/.cache/pypoetry/virtualenvs/airflow-wPbgcfzP-py3.10/lib/python3.10/site-packages/airflow/example_dags/plugins/event_listener.py took 7.606 seconds
[2024-10-03T21:21:35.908-0400] {processor.py:186} INFO - Started process (PID=10691) to work on /home/patrick/.cache/pypoetry/virtualenvs/airflow-wPbgcfzP-py3.10/lib/python3.10/site-packages/airflow/example_dags/plugins/event_listener.py
[2024-10-03T21:21:35.909-0400] {processor.py:914} INFO - Processing file /home/patrick/.cache/pypoetry/virtualenvs/airflow-wPbgcfzP-py3.10/lib/python3.10/site-packages/airflow/example_dags/plugins/event_listener.py for tasks to queue
[2024-10-03T21:21:35.910-0400] {logging_mixin.py:190} INFO - [2024-10-03T21:21:35.910-0400] {dagbag.py:588} INFO - Filling up the DagBag from /home/patrick/.cache/pypoetry/virtualenvs/airflow-wPbgcfzP-py3.10/lib/python3.10/site-packages/airflow/example_dags/plugins/event_listener.py
[2024-10-03T21:21:35.912-0400] {processor.py:927} WARNING - No viable dags retrieved from /home/patrick/.cache/pypoetry/virtualenvs/airflow-wPbgcfzP-py3.10/lib/python3.10/site-packages/airflow/example_dags/plugins/event_listener.py
[2024-10-03T21:21:38.662-0400] {processor.py:208} INFO - Processing /home/patrick/.cache/pypoetry/virtualenvs/airflow-wPbgcfzP-py3.10/lib/python3.10/site-packages/airflow/example_dags/plugins/event_listener.py took 2.757 seconds
[2024-10-03T21:24:03.624-0400] {processor.py:186} INFO - Started process (PID=11333) to work on /home/patrick/.cache/pypoetry/virtualenvs/airflow-wPbgcfzP-py3.10/lib/python3.10/site-packages/airflow/example_dags/plugins/event_listener.py
[2024-10-03T21:24:03.624-0400] {processor.py:914} INFO - Processing file /home/patrick/.cache/pypoetry/virtualenvs/airflow-wPbgcfzP-py3.10/lib/python3.10/site-packages/airflow/example_dags/plugins/event_listener.py for tasks to queue
[2024-10-03T21:24:03.626-0400] {logging_mixin.py:190} INFO - [2024-10-03T21:24:03.625-0400] {dagbag.py:588} INFO - Filling up the DagBag from /home/patrick/.cache/pypoetry/virtualenvs/airflow-wPbgcfzP-py3.10/lib/python3.10/site-packages/airflow/example_dags/plugins/event_listener.py
[2024-10-03T21:24:03.627-0400] {processor.py:927} WARNING - No viable dags retrieved from /home/patrick/.cache/pypoetry/virtualenvs/airflow-wPbgcfzP-py3.10/lib/python3.10/site-packages/airflow/example_dags/plugins/event_listener.py
[2024-10-03T21:24:07.795-0400] {processor.py:208} INFO - Processing /home/patrick/.cache/pypoetry/virtualenvs/airflow-wPbgcfzP-py3.10/lib/python3.10/site-packages/airflow/example_dags/plugins/event_listener.py took 4.175 seconds
[2024-10-03T21:26:47.220-0400] {processor.py:186} INFO - Started process (PID=12027) to work on /home/patrick/.cache/pypoetry/virtualenvs/airflow-wPbgcfzP-py3.10/lib/python3.10/site-packages/airflow/example_dags/plugins/event_listener.py
[2024-10-03T21:26:47.221-0400] {processor.py:914} INFO - Processing file /home/patrick/.cache/pypoetry/virtualenvs/airflow-wPbgcfzP-py3.10/lib/python3.10/site-packages/airflow/example_dags/plugins/event_listener.py for tasks to queue
[2024-10-03T21:26:47.222-0400] {logging_mixin.py:190} INFO - [2024-10-03T21:26:47.222-0400] {dagbag.py:588} INFO - Filling up the DagBag from /home/patrick/.cache/pypoetry/virtualenvs/airflow-wPbgcfzP-py3.10/lib/python3.10/site-packages/airflow/example_dags/plugins/event_listener.py
[2024-10-03T21:26:47.224-0400] {processor.py:927} WARNING - No viable dags retrieved from /home/patrick/.cache/pypoetry/virtualenvs/airflow-wPbgcfzP-py3.10/lib/python3.10/site-packages/airflow/example_dags/plugins/event_listener.py
[2024-10-03T21:26:51.525-0400] {processor.py:208} INFO - Processing /home/patrick/.cache/pypoetry/virtualenvs/airflow-wPbgcfzP-py3.10/lib/python3.10/site-packages/airflow/example_dags/plugins/event_listener.py took 4.308 seconds
[2024-10-03T21:29:22.536-0400] {processor.py:186} INFO - Started process (PID=12772) to work on /home/patrick/.cache/pypoetry/virtualenvs/airflow-wPbgcfzP-py3.10/lib/python3.10/site-packages/airflow/example_dags/plugins/event_listener.py
[2024-10-03T21:29:22.540-0400] {processor.py:914} INFO - Processing file /home/patrick/.cache/pypoetry/virtualenvs/airflow-wPbgcfzP-py3.10/lib/python3.10/site-packages/airflow/example_dags/plugins/event_listener.py for tasks to queue
[2024-10-03T21:29:22.542-0400] {logging_mixin.py:190} INFO - [2024-10-03T21:29:22.541-0400] {dagbag.py:588} INFO - Filling up the DagBag from /home/patrick/.cache/pypoetry/virtualenvs/airflow-wPbgcfzP-py3.10/lib/python3.10/site-packages/airflow/example_dags/plugins/event_listener.py
[2024-10-03T21:29:22.544-0400] {processor.py:927} WARNING - No viable dags retrieved from /home/patrick/.cache/pypoetry/virtualenvs/airflow-wPbgcfzP-py3.10/lib/python3.10/site-packages/airflow/example_dags/plugins/event_listener.py
[2024-10-03T21:29:25.933-0400] {processor.py:208} INFO - Processing /home/patrick/.cache/pypoetry/virtualenvs/airflow-wPbgcfzP-py3.10/lib/python3.10/site-packages/airflow/example_dags/plugins/event_listener.py took 3.400 seconds
[2024-10-03T21:33:09.455-0400] {processor.py:186} INFO - Started process (PID=13733) to work on /home/patrick/.cache/pypoetry/virtualenvs/airflow-wPbgcfzP-py3.10/lib/python3.10/site-packages/airflow/example_dags/plugins/event_listener.py
[2024-10-03T21:33:09.456-0400] {processor.py:914} INFO - Processing file /home/patrick/.cache/pypoetry/virtualenvs/airflow-wPbgcfzP-py3.10/lib/python3.10/site-packages/airflow/example_dags/plugins/event_listener.py for tasks to queue
[2024-10-03T21:33:09.457-0400] {logging_mixin.py:190} INFO - [2024-10-03T21:33:09.457-0400] {dagbag.py:588} INFO - Filling up the DagBag from /home/patrick/.cache/pypoetry/virtualenvs/airflow-wPbgcfzP-py3.10/lib/python3.10/site-packages/airflow/example_dags/plugins/event_listener.py
[2024-10-03T21:33:09.458-0400] {processor.py:927} WARNING - No viable dags retrieved from /home/patrick/.cache/pypoetry/virtualenvs/airflow-wPbgcfzP-py3.10/lib/python3.10/site-packages/airflow/example_dags/plugins/event_listener.py
[2024-10-03T21:33:12.904-0400] {processor.py:208} INFO - Processing /home/patrick/.cache/pypoetry/virtualenvs/airflow-wPbgcfzP-py3.10/lib/python3.10/site-packages/airflow/example_dags/plugins/event_listener.py took 3.453 seconds
[2024-10-03T21:39:19.339-0400] {processor.py:186} INFO - Started process (PID=15445) to work on /home/patrick/.cache/pypoetry/virtualenvs/airflow-wPbgcfzP-py3.10/lib/python3.10/site-packages/airflow/example_dags/plugins/event_listener.py
[2024-10-03T21:39:19.339-0400] {processor.py:914} INFO - Processing file /home/patrick/.cache/pypoetry/virtualenvs/airflow-wPbgcfzP-py3.10/lib/python3.10/site-packages/airflow/example_dags/plugins/event_listener.py for tasks to queue
[2024-10-03T21:39:19.341-0400] {logging_mixin.py:190} INFO - [2024-10-03T21:39:19.340-0400] {dagbag.py:588} INFO - Filling up the DagBag from /home/patrick/.cache/pypoetry/virtualenvs/airflow-wPbgcfzP-py3.10/lib/python3.10/site-packages/airflow/example_dags/plugins/event_listener.py
[2024-10-03T21:39:19.342-0400] {processor.py:927} WARNING - No viable dags retrieved from /home/patrick/.cache/pypoetry/virtualenvs/airflow-wPbgcfzP-py3.10/lib/python3.10/site-packages/airflow/example_dags/plugins/event_listener.py
[2024-10-03T21:39:22.748-0400] {processor.py:208} INFO - Processing /home/patrick/.cache/pypoetry/virtualenvs/airflow-wPbgcfzP-py3.10/lib/python3.10/site-packages/airflow/example_dags/plugins/event_listener.py took 3.413 seconds
[2024-10-03T21:41:50.431-0400] {processor.py:186} INFO - Started process (PID=16126) to work on /home/patrick/.cache/pypoetry/virtualenvs/airflow-wPbgcfzP-py3.10/lib/python3.10/site-packages/airflow/example_dags/plugins/event_listener.py
[2024-10-03T21:41:50.432-0400] {processor.py:914} INFO - Processing file /home/patrick/.cache/pypoetry/virtualenvs/airflow-wPbgcfzP-py3.10/lib/python3.10/site-packages/airflow/example_dags/plugins/event_listener.py for tasks to queue
[2024-10-03T21:41:50.433-0400] {logging_mixin.py:190} INFO - [2024-10-03T21:41:50.433-0400] {dagbag.py:588} INFO - Filling up the DagBag from /home/patrick/.cache/pypoetry/virtualenvs/airflow-wPbgcfzP-py3.10/lib/python3.10/site-packages/airflow/example_dags/plugins/event_listener.py
[2024-10-03T21:41:50.435-0400] {processor.py:927} WARNING - No viable dags retrieved from /home/patrick/.cache/pypoetry/virtualenvs/airflow-wPbgcfzP-py3.10/lib/python3.10/site-packages/airflow/example_dags/plugins/event_listener.py
[2024-10-03T21:41:57.268-0400] {processor.py:208} INFO - Processing /home/patrick/.cache/pypoetry/virtualenvs/airflow-wPbgcfzP-py3.10/lib/python3.10/site-packages/airflow/example_dags/plugins/event_listener.py took 6.841 seconds
[2024-10-03T21:44:47.748-0400] {processor.py:186} INFO - Started process (PID=16910) to work on /home/patrick/.cache/pypoetry/virtualenvs/airflow-wPbgcfzP-py3.10/lib/python3.10/site-packages/airflow/example_dags/plugins/event_listener.py
[2024-10-03T21:44:47.749-0400] {processor.py:914} INFO - Processing file /home/patrick/.cache/pypoetry/virtualenvs/airflow-wPbgcfzP-py3.10/lib/python3.10/site-packages/airflow/example_dags/plugins/event_listener.py for tasks to queue
[2024-10-03T21:44:47.751-0400] {logging_mixin.py:190} INFO - [2024-10-03T21:44:47.751-0400] {dagbag.py:588} INFO - Filling up the DagBag from /home/patrick/.cache/pypoetry/virtualenvs/airflow-wPbgcfzP-py3.10/lib/python3.10/site-packages/airflow/example_dags/plugins/event_listener.py
[2024-10-03T21:44:47.753-0400] {processor.py:927} WARNING - No viable dags retrieved from /home/patrick/.cache/pypoetry/virtualenvs/airflow-wPbgcfzP-py3.10/lib/python3.10/site-packages/airflow/example_dags/plugins/event_listener.py
[2024-10-03T21:44:49.434-0400] {processor.py:208} INFO - Processing /home/patrick/.cache/pypoetry/virtualenvs/airflow-wPbgcfzP-py3.10/lib/python3.10/site-packages/airflow/example_dags/plugins/event_listener.py took 1.690 seconds
[2024-10-03T21:47:24.078-0400] {processor.py:186} INFO - Started process (PID=17630) to work on /home/patrick/.cache/pypoetry/virtualenvs/airflow-wPbgcfzP-py3.10/lib/python3.10/site-packages/airflow/example_dags/plugins/event_listener.py
[2024-10-03T21:47:24.079-0400] {processor.py:914} INFO - Processing file /home/patrick/.cache/pypoetry/virtualenvs/airflow-wPbgcfzP-py3.10/lib/python3.10/site-packages/airflow/example_dags/plugins/event_listener.py for tasks to queue
[2024-10-03T21:47:24.081-0400] {logging_mixin.py:190} INFO - [2024-10-03T21:47:24.080-0400] {dagbag.py:588} INFO - Filling up the DagBag from /home/patrick/.cache/pypoetry/virtualenvs/airflow-wPbgcfzP-py3.10/lib/python3.10/site-packages/airflow/example_dags/plugins/event_listener.py
[2024-10-03T21:47:24.082-0400] {processor.py:927} WARNING - No viable dags retrieved from /home/patrick/.cache/pypoetry/virtualenvs/airflow-wPbgcfzP-py3.10/lib/python3.10/site-packages/airflow/example_dags/plugins/event_listener.py
[2024-10-03T21:47:26.767-0400] {processor.py:208} INFO - Processing /home/patrick/.cache/pypoetry/virtualenvs/airflow-wPbgcfzP-py3.10/lib/python3.10/site-packages/airflow/example_dags/plugins/event_listener.py took 2.692 seconds
[2024-10-03T21:51:27.508-0400] {processor.py:186} INFO - Started process (PID=18672) to work on /home/patrick/.cache/pypoetry/virtualenvs/airflow-wPbgcfzP-py3.10/lib/python3.10/site-packages/airflow/example_dags/plugins/event_listener.py
[2024-10-03T21:51:27.511-0400] {processor.py:914} INFO - Processing file /home/patrick/.cache/pypoetry/virtualenvs/airflow-wPbgcfzP-py3.10/lib/python3.10/site-packages/airflow/example_dags/plugins/event_listener.py for tasks to queue
[2024-10-03T21:51:27.515-0400] {logging_mixin.py:190} INFO - [2024-10-03T21:51:27.514-0400] {dagbag.py:588} INFO - Filling up the DagBag from /home/patrick/.cache/pypoetry/virtualenvs/airflow-wPbgcfzP-py3.10/lib/python3.10/site-packages/airflow/example_dags/plugins/event_listener.py
[2024-10-03T21:51:27.519-0400] {processor.py:927} WARNING - No viable dags retrieved from /home/patrick/.cache/pypoetry/virtualenvs/airflow-wPbgcfzP-py3.10/lib/python3.10/site-packages/airflow/example_dags/plugins/event_listener.py
[2024-10-03T21:51:30.816-0400] {processor.py:208} INFO - Processing /home/patrick/.cache/pypoetry/virtualenvs/airflow-wPbgcfzP-py3.10/lib/python3.10/site-packages/airflow/example_dags/plugins/event_listener.py took 3.312 seconds
[2024-10-03T21:55:25.100-0400] {processor.py:186} INFO - Started process (PID=19689) to work on /home/patrick/.cache/pypoetry/virtualenvs/airflow-wPbgcfzP-py3.10/lib/python3.10/site-packages/airflow/example_dags/plugins/event_listener.py
[2024-10-03T21:55:25.101-0400] {processor.py:914} INFO - Processing file /home/patrick/.cache/pypoetry/virtualenvs/airflow-wPbgcfzP-py3.10/lib/python3.10/site-packages/airflow/example_dags/plugins/event_listener.py for tasks to queue
[2024-10-03T21:55:25.102-0400] {logging_mixin.py:190} INFO - [2024-10-03T21:55:25.102-0400] {dagbag.py:588} INFO - Filling up the DagBag from /home/patrick/.cache/pypoetry/virtualenvs/airflow-wPbgcfzP-py3.10/lib/python3.10/site-packages/airflow/example_dags/plugins/event_listener.py
[2024-10-03T21:55:25.103-0400] {processor.py:927} WARNING - No viable dags retrieved from /home/patrick/.cache/pypoetry/virtualenvs/airflow-wPbgcfzP-py3.10/lib/python3.10/site-packages/airflow/example_dags/plugins/event_listener.py
[2024-10-03T21:55:28.663-0400] {processor.py:208} INFO - Processing /home/patrick/.cache/pypoetry/virtualenvs/airflow-wPbgcfzP-py3.10/lib/python3.10/site-packages/airflow/example_dags/plugins/event_listener.py took 3.567 seconds
[2024-10-03T21:59:18.415-0400] {processor.py:186} INFO - Started process (PID=20694) to work on /home/patrick/.cache/pypoetry/virtualenvs/airflow-wPbgcfzP-py3.10/lib/python3.10/site-packages/airflow/example_dags/plugins/event_listener.py
[2024-10-03T21:59:18.417-0400] {processor.py:914} INFO - Processing file /home/patrick/.cache/pypoetry/virtualenvs/airflow-wPbgcfzP-py3.10/lib/python3.10/site-packages/airflow/example_dags/plugins/event_listener.py for tasks to queue
[2024-10-03T21:59:18.420-0400] {logging_mixin.py:190} INFO - [2024-10-03T21:59:18.419-0400] {dagbag.py:588} INFO - Filling up the DagBag from /home/patrick/.cache/pypoetry/virtualenvs/airflow-wPbgcfzP-py3.10/lib/python3.10/site-packages/airflow/example_dags/plugins/event_listener.py
[2024-10-03T21:59:18.421-0400] {processor.py:927} WARNING - No viable dags retrieved from /home/patrick/.cache/pypoetry/virtualenvs/airflow-wPbgcfzP-py3.10/lib/python3.10/site-packages/airflow/example_dags/plugins/event_listener.py
[2024-10-03T21:59:20.140-0400] {processor.py:208} INFO - Processing /home/patrick/.cache/pypoetry/virtualenvs/airflow-wPbgcfzP-py3.10/lib/python3.10/site-packages/airflow/example_dags/plugins/event_listener.py took 1.728 seconds
[2024-10-03T22:03:45.735-0400] {processor.py:186} INFO - Started process (PID=21831) to work on /home/patrick/.cache/pypoetry/virtualenvs/airflow-wPbgcfzP-py3.10/lib/python3.10/site-packages/airflow/example_dags/plugins/event_listener.py
[2024-10-03T22:03:45.736-0400] {processor.py:914} INFO - Processing file /home/patrick/.cache/pypoetry/virtualenvs/airflow-wPbgcfzP-py3.10/lib/python3.10/site-packages/airflow/example_dags/plugins/event_listener.py for tasks to queue
[2024-10-03T22:03:45.737-0400] {logging_mixin.py:190} INFO - [2024-10-03T22:03:45.737-0400] {dagbag.py:588} INFO - Filling up the DagBag from /home/patrick/.cache/pypoetry/virtualenvs/airflow-wPbgcfzP-py3.10/lib/python3.10/site-packages/airflow/example_dags/plugins/event_listener.py
[2024-10-03T22:03:45.739-0400] {processor.py:927} WARNING - No viable dags retrieved from /home/patrick/.cache/pypoetry/virtualenvs/airflow-wPbgcfzP-py3.10/lib/python3.10/site-packages/airflow/example_dags/plugins/event_listener.py
[2024-10-03T22:03:50.221-0400] {processor.py:208} INFO - Processing /home/patrick/.cache/pypoetry/virtualenvs/airflow-wPbgcfzP-py3.10/lib/python3.10/site-packages/airflow/example_dags/plugins/event_listener.py took 4.490 seconds
[2024-10-03T22:08:19.672-0400] {processor.py:186} INFO - Started process (PID=22998) to work on /home/patrick/.cache/pypoetry/virtualenvs/airflow-wPbgcfzP-py3.10/lib/python3.10/site-packages/airflow/example_dags/plugins/event_listener.py
[2024-10-03T22:08:19.673-0400] {processor.py:914} INFO - Processing file /home/patrick/.cache/pypoetry/virtualenvs/airflow-wPbgcfzP-py3.10/lib/python3.10/site-packages/airflow/example_dags/plugins/event_listener.py for tasks to queue
[2024-10-03T22:08:19.674-0400] {logging_mixin.py:190} INFO - [2024-10-03T22:08:19.674-0400] {dagbag.py:588} INFO - Filling up the DagBag from /home/patrick/.cache/pypoetry/virtualenvs/airflow-wPbgcfzP-py3.10/lib/python3.10/site-packages/airflow/example_dags/plugins/event_listener.py
[2024-10-03T22:08:19.675-0400] {processor.py:927} WARNING - No viable dags retrieved from /home/patrick/.cache/pypoetry/virtualenvs/airflow-wPbgcfzP-py3.10/lib/python3.10/site-packages/airflow/example_dags/plugins/event_listener.py
[2024-10-03T22:08:28.824-0400] {processor.py:208} INFO - Processing /home/patrick/.cache/pypoetry/virtualenvs/airflow-wPbgcfzP-py3.10/lib/python3.10/site-packages/airflow/example_dags/plugins/event_listener.py took 9.155 seconds
[2024-10-03T22:11:14.142-0400] {processor.py:186} INFO - Started process (PID=23807) to work on /home/patrick/.cache/pypoetry/virtualenvs/airflow-wPbgcfzP-py3.10/lib/python3.10/site-packages/airflow/example_dags/plugins/event_listener.py
[2024-10-03T22:11:14.143-0400] {processor.py:914} INFO - Processing file /home/patrick/.cache/pypoetry/virtualenvs/airflow-wPbgcfzP-py3.10/lib/python3.10/site-packages/airflow/example_dags/plugins/event_listener.py for tasks to queue
[2024-10-03T22:11:14.144-0400] {logging_mixin.py:190} INFO - [2024-10-03T22:11:14.144-0400] {dagbag.py:588} INFO - Filling up the DagBag from /home/patrick/.cache/pypoetry/virtualenvs/airflow-wPbgcfzP-py3.10/lib/python3.10/site-packages/airflow/example_dags/plugins/event_listener.py
[2024-10-03T22:11:14.146-0400] {processor.py:927} WARNING - No viable dags retrieved from /home/patrick/.cache/pypoetry/virtualenvs/airflow-wPbgcfzP-py3.10/lib/python3.10/site-packages/airflow/example_dags/plugins/event_listener.py
[2024-10-03T22:11:16.976-0400] {processor.py:208} INFO - Processing /home/patrick/.cache/pypoetry/virtualenvs/airflow-wPbgcfzP-py3.10/lib/python3.10/site-packages/airflow/example_dags/plugins/event_listener.py took 2.837 seconds
[2024-10-03T22:14:48.957-0400] {processor.py:186} INFO - Started process (PID=24792) to work on /home/patrick/.cache/pypoetry/virtualenvs/airflow-wPbgcfzP-py3.10/lib/python3.10/site-packages/airflow/example_dags/plugins/event_listener.py
[2024-10-03T22:14:48.958-0400] {processor.py:914} INFO - Processing file /home/patrick/.cache/pypoetry/virtualenvs/airflow-wPbgcfzP-py3.10/lib/python3.10/site-packages/airflow/example_dags/plugins/event_listener.py for tasks to queue
[2024-10-03T22:14:48.960-0400] {logging_mixin.py:190} INFO - [2024-10-03T22:14:48.960-0400] {dagbag.py:588} INFO - Filling up the DagBag from /home/patrick/.cache/pypoetry/virtualenvs/airflow-wPbgcfzP-py3.10/lib/python3.10/site-packages/airflow/example_dags/plugins/event_listener.py
[2024-10-03T22:14:48.962-0400] {processor.py:927} WARNING - No viable dags retrieved from /home/patrick/.cache/pypoetry/virtualenvs/airflow-wPbgcfzP-py3.10/lib/python3.10/site-packages/airflow/example_dags/plugins/event_listener.py
[2024-10-03T22:14:54.579-0400] {processor.py:208} INFO - Processing /home/patrick/.cache/pypoetry/virtualenvs/airflow-wPbgcfzP-py3.10/lib/python3.10/site-packages/airflow/example_dags/plugins/event_listener.py took 5.625 seconds
[2024-10-03T22:17:41.047-0400] {processor.py:186} INFO - Started process (PID=25551) to work on /home/patrick/.cache/pypoetry/virtualenvs/airflow-wPbgcfzP-py3.10/lib/python3.10/site-packages/airflow/example_dags/plugins/event_listener.py
[2024-10-03T22:17:41.048-0400] {processor.py:914} INFO - Processing file /home/patrick/.cache/pypoetry/virtualenvs/airflow-wPbgcfzP-py3.10/lib/python3.10/site-packages/airflow/example_dags/plugins/event_listener.py for tasks to queue
[2024-10-03T22:17:41.050-0400] {logging_mixin.py:190} INFO - [2024-10-03T22:17:41.049-0400] {dagbag.py:588} INFO - Filling up the DagBag from /home/patrick/.cache/pypoetry/virtualenvs/airflow-wPbgcfzP-py3.10/lib/python3.10/site-packages/airflow/example_dags/plugins/event_listener.py
[2024-10-03T22:17:41.052-0400] {processor.py:927} WARNING - No viable dags retrieved from /home/patrick/.cache/pypoetry/virtualenvs/airflow-wPbgcfzP-py3.10/lib/python3.10/site-packages/airflow/example_dags/plugins/event_listener.py
[2024-10-03T22:17:46.270-0400] {processor.py:208} INFO - Processing /home/patrick/.cache/pypoetry/virtualenvs/airflow-wPbgcfzP-py3.10/lib/python3.10/site-packages/airflow/example_dags/plugins/event_listener.py took 5.226 seconds
[2024-10-03T22:21:07.554-0400] {processor.py:186} INFO - Started process (PID=26472) to work on /home/patrick/.cache/pypoetry/virtualenvs/airflow-wPbgcfzP-py3.10/lib/python3.10/site-packages/airflow/example_dags/plugins/event_listener.py
[2024-10-03T22:21:07.555-0400] {processor.py:914} INFO - Processing file /home/patrick/.cache/pypoetry/virtualenvs/airflow-wPbgcfzP-py3.10/lib/python3.10/site-packages/airflow/example_dags/plugins/event_listener.py for tasks to queue
[2024-10-03T22:21:07.556-0400] {logging_mixin.py:190} INFO - [2024-10-03T22:21:07.556-0400] {dagbag.py:588} INFO - Filling up the DagBag from /home/patrick/.cache/pypoetry/virtualenvs/airflow-wPbgcfzP-py3.10/lib/python3.10/site-packages/airflow/example_dags/plugins/event_listener.py
[2024-10-03T22:21:07.558-0400] {processor.py:927} WARNING - No viable dags retrieved from /home/patrick/.cache/pypoetry/virtualenvs/airflow-wPbgcfzP-py3.10/lib/python3.10/site-packages/airflow/example_dags/plugins/event_listener.py
[2024-10-03T22:21:12.070-0400] {processor.py:208} INFO - Processing /home/patrick/.cache/pypoetry/virtualenvs/airflow-wPbgcfzP-py3.10/lib/python3.10/site-packages/airflow/example_dags/plugins/event_listener.py took 4.521 seconds
[2024-10-03T22:23:36.844-0400] {processor.py:186} INFO - Started process (PID=27155) to work on /home/patrick/.cache/pypoetry/virtualenvs/airflow-wPbgcfzP-py3.10/lib/python3.10/site-packages/airflow/example_dags/plugins/event_listener.py
[2024-10-03T22:23:36.846-0400] {processor.py:914} INFO - Processing file /home/patrick/.cache/pypoetry/virtualenvs/airflow-wPbgcfzP-py3.10/lib/python3.10/site-packages/airflow/example_dags/plugins/event_listener.py for tasks to queue
[2024-10-03T22:23:36.848-0400] {logging_mixin.py:190} INFO - [2024-10-03T22:23:36.847-0400] {dagbag.py:588} INFO - Filling up the DagBag from /home/patrick/.cache/pypoetry/virtualenvs/airflow-wPbgcfzP-py3.10/lib/python3.10/site-packages/airflow/example_dags/plugins/event_listener.py
[2024-10-03T22:23:36.850-0400] {processor.py:927} WARNING - No viable dags retrieved from /home/patrick/.cache/pypoetry/virtualenvs/airflow-wPbgcfzP-py3.10/lib/python3.10/site-packages/airflow/example_dags/plugins/event_listener.py
[2024-10-03T22:23:38.965-0400] {processor.py:208} INFO - Processing /home/patrick/.cache/pypoetry/virtualenvs/airflow-wPbgcfzP-py3.10/lib/python3.10/site-packages/airflow/example_dags/plugins/event_listener.py took 2.125 seconds
[2024-10-03T22:29:24.909-0400] {processor.py:186} INFO - Started process (PID=28706) to work on /home/patrick/.cache/pypoetry/virtualenvs/airflow-wPbgcfzP-py3.10/lib/python3.10/site-packages/airflow/example_dags/plugins/event_listener.py
[2024-10-03T22:29:24.911-0400] {processor.py:914} INFO - Processing file /home/patrick/.cache/pypoetry/virtualenvs/airflow-wPbgcfzP-py3.10/lib/python3.10/site-packages/airflow/example_dags/plugins/event_listener.py for tasks to queue
[2024-10-03T22:29:24.912-0400] {logging_mixin.py:190} INFO - [2024-10-03T22:29:24.912-0400] {dagbag.py:588} INFO - Filling up the DagBag from /home/patrick/.cache/pypoetry/virtualenvs/airflow-wPbgcfzP-py3.10/lib/python3.10/site-packages/airflow/example_dags/plugins/event_listener.py
[2024-10-03T22:29:24.914-0400] {processor.py:927} WARNING - No viable dags retrieved from /home/patrick/.cache/pypoetry/virtualenvs/airflow-wPbgcfzP-py3.10/lib/python3.10/site-packages/airflow/example_dags/plugins/event_listener.py
[2024-10-03T22:29:28.676-0400] {processor.py:208} INFO - Processing /home/patrick/.cache/pypoetry/virtualenvs/airflow-wPbgcfzP-py3.10/lib/python3.10/site-packages/airflow/example_dags/plugins/event_listener.py took 3.770 seconds
[2024-10-03T22:33:16.781-0400] {processor.py:186} INFO - Started process (PID=29739) to work on /home/patrick/.cache/pypoetry/virtualenvs/airflow-wPbgcfzP-py3.10/lib/python3.10/site-packages/airflow/example_dags/plugins/event_listener.py
[2024-10-03T22:33:16.782-0400] {processor.py:914} INFO - Processing file /home/patrick/.cache/pypoetry/virtualenvs/airflow-wPbgcfzP-py3.10/lib/python3.10/site-packages/airflow/example_dags/plugins/event_listener.py for tasks to queue
[2024-10-03T22:33:16.784-0400] {logging_mixin.py:190} INFO - [2024-10-03T22:33:16.783-0400] {dagbag.py:588} INFO - Filling up the DagBag from /home/patrick/.cache/pypoetry/virtualenvs/airflow-wPbgcfzP-py3.10/lib/python3.10/site-packages/airflow/example_dags/plugins/event_listener.py
[2024-10-03T22:33:16.785-0400] {processor.py:927} WARNING - No viable dags retrieved from /home/patrick/.cache/pypoetry/virtualenvs/airflow-wPbgcfzP-py3.10/lib/python3.10/site-packages/airflow/example_dags/plugins/event_listener.py
[2024-10-03T22:33:20.329-0400] {processor.py:208} INFO - Processing /home/patrick/.cache/pypoetry/virtualenvs/airflow-wPbgcfzP-py3.10/lib/python3.10/site-packages/airflow/example_dags/plugins/event_listener.py took 3.552 seconds
[2024-10-03T22:38:38.274-0400] {processor.py:186} INFO - Started process (PID=31238) to work on /home/patrick/.cache/pypoetry/virtualenvs/airflow-wPbgcfzP-py3.10/lib/python3.10/site-packages/airflow/example_dags/plugins/event_listener.py
[2024-10-03T22:38:38.275-0400] {processor.py:914} INFO - Processing file /home/patrick/.cache/pypoetry/virtualenvs/airflow-wPbgcfzP-py3.10/lib/python3.10/site-packages/airflow/example_dags/plugins/event_listener.py for tasks to queue
[2024-10-03T22:38:38.276-0400] {logging_mixin.py:190} INFO - [2024-10-03T22:38:38.276-0400] {dagbag.py:588} INFO - Filling up the DagBag from /home/patrick/.cache/pypoetry/virtualenvs/airflow-wPbgcfzP-py3.10/lib/python3.10/site-packages/airflow/example_dags/plugins/event_listener.py
[2024-10-03T22:38:38.280-0400] {processor.py:927} WARNING - No viable dags retrieved from /home/patrick/.cache/pypoetry/virtualenvs/airflow-wPbgcfzP-py3.10/lib/python3.10/site-packages/airflow/example_dags/plugins/event_listener.py
[2024-10-03T22:38:41.770-0400] {processor.py:208} INFO - Processing /home/patrick/.cache/pypoetry/virtualenvs/airflow-wPbgcfzP-py3.10/lib/python3.10/site-packages/airflow/example_dags/plugins/event_listener.py took 3.501 seconds
[2024-10-03T22:42:17.788-0400] {processor.py:186} INFO - Started process (PID=32262) to work on /home/patrick/.cache/pypoetry/virtualenvs/airflow-wPbgcfzP-py3.10/lib/python3.10/site-packages/airflow/example_dags/plugins/event_listener.py
[2024-10-03T22:42:17.789-0400] {processor.py:914} INFO - Processing file /home/patrick/.cache/pypoetry/virtualenvs/airflow-wPbgcfzP-py3.10/lib/python3.10/site-packages/airflow/example_dags/plugins/event_listener.py for tasks to queue
[2024-10-03T22:42:17.791-0400] {logging_mixin.py:190} INFO - [2024-10-03T22:42:17.791-0400] {dagbag.py:588} INFO - Filling up the DagBag from /home/patrick/.cache/pypoetry/virtualenvs/airflow-wPbgcfzP-py3.10/lib/python3.10/site-packages/airflow/example_dags/plugins/event_listener.py
[2024-10-03T22:42:17.793-0400] {processor.py:927} WARNING - No viable dags retrieved from /home/patrick/.cache/pypoetry/virtualenvs/airflow-wPbgcfzP-py3.10/lib/python3.10/site-packages/airflow/example_dags/plugins/event_listener.py
[2024-10-03T22:42:39.297-0400] {processor.py:208} INFO - Processing /home/patrick/.cache/pypoetry/virtualenvs/airflow-wPbgcfzP-py3.10/lib/python3.10/site-packages/airflow/example_dags/plugins/event_listener.py took 21.512 seconds
[2024-10-03T22:45:35.683-0400] {processor.py:186} INFO - Started process (PID=33176) to work on /home/patrick/.cache/pypoetry/virtualenvs/airflow-wPbgcfzP-py3.10/lib/python3.10/site-packages/airflow/example_dags/plugins/event_listener.py
[2024-10-03T22:45:35.685-0400] {processor.py:914} INFO - Processing file /home/patrick/.cache/pypoetry/virtualenvs/airflow-wPbgcfzP-py3.10/lib/python3.10/site-packages/airflow/example_dags/plugins/event_listener.py for tasks to queue
[2024-10-03T22:45:35.686-0400] {logging_mixin.py:190} INFO - [2024-10-03T22:45:35.686-0400] {dagbag.py:588} INFO - Filling up the DagBag from /home/patrick/.cache/pypoetry/virtualenvs/airflow-wPbgcfzP-py3.10/lib/python3.10/site-packages/airflow/example_dags/plugins/event_listener.py
[2024-10-03T22:45:35.688-0400] {processor.py:927} WARNING - No viable dags retrieved from /home/patrick/.cache/pypoetry/virtualenvs/airflow-wPbgcfzP-py3.10/lib/python3.10/site-packages/airflow/example_dags/plugins/event_listener.py
[2024-10-03T22:45:38.071-0400] {processor.py:208} INFO - Processing /home/patrick/.cache/pypoetry/virtualenvs/airflow-wPbgcfzP-py3.10/lib/python3.10/site-packages/airflow/example_dags/plugins/event_listener.py took 2.391 seconds
[2024-10-03T22:48:48.800-0400] {processor.py:186} INFO - Started process (PID=34049) to work on /home/patrick/.cache/pypoetry/virtualenvs/airflow-wPbgcfzP-py3.10/lib/python3.10/site-packages/airflow/example_dags/plugins/event_listener.py
[2024-10-03T22:48:48.801-0400] {processor.py:914} INFO - Processing file /home/patrick/.cache/pypoetry/virtualenvs/airflow-wPbgcfzP-py3.10/lib/python3.10/site-packages/airflow/example_dags/plugins/event_listener.py for tasks to queue
[2024-10-03T22:48:48.802-0400] {logging_mixin.py:190} INFO - [2024-10-03T22:48:48.802-0400] {dagbag.py:588} INFO - Filling up the DagBag from /home/patrick/.cache/pypoetry/virtualenvs/airflow-wPbgcfzP-py3.10/lib/python3.10/site-packages/airflow/example_dags/plugins/event_listener.py
[2024-10-03T22:48:48.804-0400] {processor.py:927} WARNING - No viable dags retrieved from /home/patrick/.cache/pypoetry/virtualenvs/airflow-wPbgcfzP-py3.10/lib/python3.10/site-packages/airflow/example_dags/plugins/event_listener.py
[2024-10-03T22:48:58.195-0400] {processor.py:208} INFO - Processing /home/patrick/.cache/pypoetry/virtualenvs/airflow-wPbgcfzP-py3.10/lib/python3.10/site-packages/airflow/example_dags/plugins/event_listener.py took 9.399 seconds
[2024-10-03T22:52:35.791-0400] {processor.py:186} INFO - Started process (PID=35100) to work on /home/patrick/.cache/pypoetry/virtualenvs/airflow-wPbgcfzP-py3.10/lib/python3.10/site-packages/airflow/example_dags/plugins/event_listener.py
[2024-10-03T22:52:35.792-0400] {processor.py:914} INFO - Processing file /home/patrick/.cache/pypoetry/virtualenvs/airflow-wPbgcfzP-py3.10/lib/python3.10/site-packages/airflow/example_dags/plugins/event_listener.py for tasks to queue
[2024-10-03T22:52:35.794-0400] {logging_mixin.py:190} INFO - [2024-10-03T22:52:35.793-0400] {dagbag.py:588} INFO - Filling up the DagBag from /home/patrick/.cache/pypoetry/virtualenvs/airflow-wPbgcfzP-py3.10/lib/python3.10/site-packages/airflow/example_dags/plugins/event_listener.py
[2024-10-03T22:52:35.796-0400] {processor.py:927} WARNING - No viable dags retrieved from /home/patrick/.cache/pypoetry/virtualenvs/airflow-wPbgcfzP-py3.10/lib/python3.10/site-packages/airflow/example_dags/plugins/event_listener.py
[2024-10-03T22:52:52.413-0400] {processor.py:208} INFO - Processing /home/patrick/.cache/pypoetry/virtualenvs/airflow-wPbgcfzP-py3.10/lib/python3.10/site-packages/airflow/example_dags/plugins/event_listener.py took 16.626 seconds
[2024-10-03T22:57:19.684-0400] {processor.py:186} INFO - Started process (PID=36483) to work on /home/patrick/.cache/pypoetry/virtualenvs/airflow-wPbgcfzP-py3.10/lib/python3.10/site-packages/airflow/example_dags/plugins/event_listener.py
[2024-10-03T22:57:19.685-0400] {processor.py:914} INFO - Processing file /home/patrick/.cache/pypoetry/virtualenvs/airflow-wPbgcfzP-py3.10/lib/python3.10/site-packages/airflow/example_dags/plugins/event_listener.py for tasks to queue
[2024-10-03T22:57:19.687-0400] {logging_mixin.py:190} INFO - [2024-10-03T22:57:19.687-0400] {dagbag.py:588} INFO - Filling up the DagBag from /home/patrick/.cache/pypoetry/virtualenvs/airflow-wPbgcfzP-py3.10/lib/python3.10/site-packages/airflow/example_dags/plugins/event_listener.py
[2024-10-03T22:57:19.689-0400] {processor.py:927} WARNING - No viable dags retrieved from /home/patrick/.cache/pypoetry/virtualenvs/airflow-wPbgcfzP-py3.10/lib/python3.10/site-packages/airflow/example_dags/plugins/event_listener.py
[2024-10-03T22:57:23.801-0400] {processor.py:208} INFO - Processing /home/patrick/.cache/pypoetry/virtualenvs/airflow-wPbgcfzP-py3.10/lib/python3.10/site-packages/airflow/example_dags/plugins/event_listener.py took 4.120 seconds
[2024-10-03T23:01:47.099-0400] {processor.py:186} INFO - Started process (PID=37688) to work on /home/patrick/.cache/pypoetry/virtualenvs/airflow-wPbgcfzP-py3.10/lib/python3.10/site-packages/airflow/example_dags/plugins/event_listener.py
[2024-10-03T23:01:47.100-0400] {processor.py:914} INFO - Processing file /home/patrick/.cache/pypoetry/virtualenvs/airflow-wPbgcfzP-py3.10/lib/python3.10/site-packages/airflow/example_dags/plugins/event_listener.py for tasks to queue
[2024-10-03T23:01:47.101-0400] {logging_mixin.py:190} INFO - [2024-10-03T23:01:47.101-0400] {dagbag.py:588} INFO - Filling up the DagBag from /home/patrick/.cache/pypoetry/virtualenvs/airflow-wPbgcfzP-py3.10/lib/python3.10/site-packages/airflow/example_dags/plugins/event_listener.py
[2024-10-03T23:01:47.103-0400] {processor.py:927} WARNING - No viable dags retrieved from /home/patrick/.cache/pypoetry/virtualenvs/airflow-wPbgcfzP-py3.10/lib/python3.10/site-packages/airflow/example_dags/plugins/event_listener.py
[2024-10-03T23:01:51.846-0400] {processor.py:208} INFO - Processing /home/patrick/.cache/pypoetry/virtualenvs/airflow-wPbgcfzP-py3.10/lib/python3.10/site-packages/airflow/example_dags/plugins/event_listener.py took 4.752 seconds
[2024-10-03T23:05:18.023-0400] {processor.py:186} INFO - Started process (PID=38618) to work on /home/patrick/.cache/pypoetry/virtualenvs/airflow-wPbgcfzP-py3.10/lib/python3.10/site-packages/airflow/example_dags/plugins/event_listener.py
[2024-10-03T23:05:18.024-0400] {processor.py:914} INFO - Processing file /home/patrick/.cache/pypoetry/virtualenvs/airflow-wPbgcfzP-py3.10/lib/python3.10/site-packages/airflow/example_dags/plugins/event_listener.py for tasks to queue
[2024-10-03T23:05:18.026-0400] {logging_mixin.py:190} INFO - [2024-10-03T23:05:18.025-0400] {dagbag.py:588} INFO - Filling up the DagBag from /home/patrick/.cache/pypoetry/virtualenvs/airflow-wPbgcfzP-py3.10/lib/python3.10/site-packages/airflow/example_dags/plugins/event_listener.py
[2024-10-03T23:05:18.028-0400] {processor.py:927} WARNING - No viable dags retrieved from /home/patrick/.cache/pypoetry/virtualenvs/airflow-wPbgcfzP-py3.10/lib/python3.10/site-packages/airflow/example_dags/plugins/event_listener.py
[2024-10-03T23:05:20.551-0400] {processor.py:208} INFO - Processing /home/patrick/.cache/pypoetry/virtualenvs/airflow-wPbgcfzP-py3.10/lib/python3.10/site-packages/airflow/example_dags/plugins/event_listener.py took 2.533 seconds
[2024-10-03T23:08:34.005-0400] {processor.py:186} INFO - Started process (PID=39470) to work on /home/patrick/.cache/pypoetry/virtualenvs/airflow-wPbgcfzP-py3.10/lib/python3.10/site-packages/airflow/example_dags/plugins/event_listener.py
[2024-10-03T23:08:34.006-0400] {processor.py:914} INFO - Processing file /home/patrick/.cache/pypoetry/virtualenvs/airflow-wPbgcfzP-py3.10/lib/python3.10/site-packages/airflow/example_dags/plugins/event_listener.py for tasks to queue
[2024-10-03T23:08:34.007-0400] {logging_mixin.py:190} INFO - [2024-10-03T23:08:34.007-0400] {dagbag.py:588} INFO - Filling up the DagBag from /home/patrick/.cache/pypoetry/virtualenvs/airflow-wPbgcfzP-py3.10/lib/python3.10/site-packages/airflow/example_dags/plugins/event_listener.py
[2024-10-03T23:08:34.009-0400] {processor.py:927} WARNING - No viable dags retrieved from /home/patrick/.cache/pypoetry/virtualenvs/airflow-wPbgcfzP-py3.10/lib/python3.10/site-packages/airflow/example_dags/plugins/event_listener.py
[2024-10-03T23:08:36.715-0400] {processor.py:208} INFO - Processing /home/patrick/.cache/pypoetry/virtualenvs/airflow-wPbgcfzP-py3.10/lib/python3.10/site-packages/airflow/example_dags/plugins/event_listener.py took 2.715 seconds
[2024-10-03T23:12:58.447-0400] {processor.py:186} INFO - Started process (PID=40606) to work on /home/patrick/.cache/pypoetry/virtualenvs/airflow-wPbgcfzP-py3.10/lib/python3.10/site-packages/airflow/example_dags/plugins/event_listener.py
[2024-10-03T23:12:58.448-0400] {processor.py:914} INFO - Processing file /home/patrick/.cache/pypoetry/virtualenvs/airflow-wPbgcfzP-py3.10/lib/python3.10/site-packages/airflow/example_dags/plugins/event_listener.py for tasks to queue
[2024-10-03T23:12:58.450-0400] {logging_mixin.py:190} INFO - [2024-10-03T23:12:58.450-0400] {dagbag.py:588} INFO - Filling up the DagBag from /home/patrick/.cache/pypoetry/virtualenvs/airflow-wPbgcfzP-py3.10/lib/python3.10/site-packages/airflow/example_dags/plugins/event_listener.py
[2024-10-03T23:12:58.452-0400] {processor.py:927} WARNING - No viable dags retrieved from /home/patrick/.cache/pypoetry/virtualenvs/airflow-wPbgcfzP-py3.10/lib/python3.10/site-packages/airflow/example_dags/plugins/event_listener.py
[2024-10-03T23:13:00.461-0400] {processor.py:208} INFO - Processing /home/patrick/.cache/pypoetry/virtualenvs/airflow-wPbgcfzP-py3.10/lib/python3.10/site-packages/airflow/example_dags/plugins/event_listener.py took 2.019 seconds
[2024-10-03T23:17:28.142-0400] {processor.py:186} INFO - Started process (PID=41789) to work on /home/patrick/.cache/pypoetry/virtualenvs/airflow-wPbgcfzP-py3.10/lib/python3.10/site-packages/airflow/example_dags/plugins/event_listener.py
[2024-10-03T23:17:28.143-0400] {processor.py:914} INFO - Processing file /home/patrick/.cache/pypoetry/virtualenvs/airflow-wPbgcfzP-py3.10/lib/python3.10/site-packages/airflow/example_dags/plugins/event_listener.py for tasks to queue
[2024-10-03T23:17:28.145-0400] {logging_mixin.py:190} INFO - [2024-10-03T23:17:28.145-0400] {dagbag.py:588} INFO - Filling up the DagBag from /home/patrick/.cache/pypoetry/virtualenvs/airflow-wPbgcfzP-py3.10/lib/python3.10/site-packages/airflow/example_dags/plugins/event_listener.py
[2024-10-03T23:17:28.147-0400] {processor.py:927} WARNING - No viable dags retrieved from /home/patrick/.cache/pypoetry/virtualenvs/airflow-wPbgcfzP-py3.10/lib/python3.10/site-packages/airflow/example_dags/plugins/event_listener.py
[2024-10-03T23:17:29.900-0400] {processor.py:208} INFO - Processing /home/patrick/.cache/pypoetry/virtualenvs/airflow-wPbgcfzP-py3.10/lib/python3.10/site-packages/airflow/example_dags/plugins/event_listener.py took 1.762 seconds
[2024-10-03T23:21:54.306-0400] {processor.py:186} INFO - Started process (PID=42950) to work on /home/patrick/.cache/pypoetry/virtualenvs/airflow-wPbgcfzP-py3.10/lib/python3.10/site-packages/airflow/example_dags/plugins/event_listener.py
[2024-10-03T23:21:54.307-0400] {processor.py:914} INFO - Processing file /home/patrick/.cache/pypoetry/virtualenvs/airflow-wPbgcfzP-py3.10/lib/python3.10/site-packages/airflow/example_dags/plugins/event_listener.py for tasks to queue
[2024-10-03T23:21:54.308-0400] {logging_mixin.py:190} INFO - [2024-10-03T23:21:54.308-0400] {dagbag.py:588} INFO - Filling up the DagBag from /home/patrick/.cache/pypoetry/virtualenvs/airflow-wPbgcfzP-py3.10/lib/python3.10/site-packages/airflow/example_dags/plugins/event_listener.py
[2024-10-03T23:21:54.310-0400] {processor.py:927} WARNING - No viable dags retrieved from /home/patrick/.cache/pypoetry/virtualenvs/airflow-wPbgcfzP-py3.10/lib/python3.10/site-packages/airflow/example_dags/plugins/event_listener.py
[2024-10-03T23:21:57.249-0400] {processor.py:208} INFO - Processing /home/patrick/.cache/pypoetry/virtualenvs/airflow-wPbgcfzP-py3.10/lib/python3.10/site-packages/airflow/example_dags/plugins/event_listener.py took 2.948 seconds
[2024-10-03T23:24:30.821-0400] {processor.py:186} INFO - Started process (PID=43625) to work on /home/patrick/.cache/pypoetry/virtualenvs/airflow-wPbgcfzP-py3.10/lib/python3.10/site-packages/airflow/example_dags/plugins/event_listener.py
[2024-10-03T23:24:30.822-0400] {processor.py:914} INFO - Processing file /home/patrick/.cache/pypoetry/virtualenvs/airflow-wPbgcfzP-py3.10/lib/python3.10/site-packages/airflow/example_dags/plugins/event_listener.py for tasks to queue
[2024-10-03T23:24:30.823-0400] {logging_mixin.py:190} INFO - [2024-10-03T23:24:30.823-0400] {dagbag.py:588} INFO - Filling up the DagBag from /home/patrick/.cache/pypoetry/virtualenvs/airflow-wPbgcfzP-py3.10/lib/python3.10/site-packages/airflow/example_dags/plugins/event_listener.py
[2024-10-03T23:24:30.825-0400] {processor.py:927} WARNING - No viable dags retrieved from /home/patrick/.cache/pypoetry/virtualenvs/airflow-wPbgcfzP-py3.10/lib/python3.10/site-packages/airflow/example_dags/plugins/event_listener.py
[2024-10-03T23:24:41.738-0400] {processor.py:208} INFO - Processing /home/patrick/.cache/pypoetry/virtualenvs/airflow-wPbgcfzP-py3.10/lib/python3.10/site-packages/airflow/example_dags/plugins/event_listener.py took 10.921 seconds
[2024-10-03T23:27:28.104-0400] {processor.py:186} INFO - Started process (PID=44373) to work on /home/patrick/.cache/pypoetry/virtualenvs/airflow-wPbgcfzP-py3.10/lib/python3.10/site-packages/airflow/example_dags/plugins/event_listener.py
[2024-10-03T23:27:28.105-0400] {processor.py:914} INFO - Processing file /home/patrick/.cache/pypoetry/virtualenvs/airflow-wPbgcfzP-py3.10/lib/python3.10/site-packages/airflow/example_dags/plugins/event_listener.py for tasks to queue
[2024-10-03T23:27:28.107-0400] {logging_mixin.py:190} INFO - [2024-10-03T23:27:28.107-0400] {dagbag.py:588} INFO - Filling up the DagBag from /home/patrick/.cache/pypoetry/virtualenvs/airflow-wPbgcfzP-py3.10/lib/python3.10/site-packages/airflow/example_dags/plugins/event_listener.py
[2024-10-03T23:27:28.109-0400] {processor.py:927} WARNING - No viable dags retrieved from /home/patrick/.cache/pypoetry/virtualenvs/airflow-wPbgcfzP-py3.10/lib/python3.10/site-packages/airflow/example_dags/plugins/event_listener.py
[2024-10-03T23:27:30.166-0400] {processor.py:208} INFO - Processing /home/patrick/.cache/pypoetry/virtualenvs/airflow-wPbgcfzP-py3.10/lib/python3.10/site-packages/airflow/example_dags/plugins/event_listener.py took 2.066 seconds
[2024-10-03T23:31:48.100-0400] {processor.py:186} INFO - Started process (PID=45536) to work on /home/patrick/.cache/pypoetry/virtualenvs/airflow-wPbgcfzP-py3.10/lib/python3.10/site-packages/airflow/example_dags/plugins/event_listener.py
[2024-10-03T23:31:48.101-0400] {processor.py:914} INFO - Processing file /home/patrick/.cache/pypoetry/virtualenvs/airflow-wPbgcfzP-py3.10/lib/python3.10/site-packages/airflow/example_dags/plugins/event_listener.py for tasks to queue
[2024-10-03T23:31:48.103-0400] {logging_mixin.py:190} INFO - [2024-10-03T23:31:48.103-0400] {dagbag.py:588} INFO - Filling up the DagBag from /home/patrick/.cache/pypoetry/virtualenvs/airflow-wPbgcfzP-py3.10/lib/python3.10/site-packages/airflow/example_dags/plugins/event_listener.py
[2024-10-03T23:31:48.105-0400] {processor.py:927} WARNING - No viable dags retrieved from /home/patrick/.cache/pypoetry/virtualenvs/airflow-wPbgcfzP-py3.10/lib/python3.10/site-packages/airflow/example_dags/plugins/event_listener.py
[2024-10-03T23:31:53.607-0400] {processor.py:208} INFO - Processing /home/patrick/.cache/pypoetry/virtualenvs/airflow-wPbgcfzP-py3.10/lib/python3.10/site-packages/airflow/example_dags/plugins/event_listener.py took 5.511 seconds
[2024-10-03T23:33:50.679-0400] {processor.py:186} INFO - Started process (PID=46070) to work on /home/patrick/.cache/pypoetry/virtualenvs/airflow-wPbgcfzP-py3.10/lib/python3.10/site-packages/airflow/example_dags/plugins/event_listener.py
[2024-10-03T23:33:50.680-0400] {processor.py:914} INFO - Processing file /home/patrick/.cache/pypoetry/virtualenvs/airflow-wPbgcfzP-py3.10/lib/python3.10/site-packages/airflow/example_dags/plugins/event_listener.py for tasks to queue
[2024-10-03T23:33:50.681-0400] {logging_mixin.py:190} INFO - [2024-10-03T23:33:50.681-0400] {dagbag.py:588} INFO - Filling up the DagBag from /home/patrick/.cache/pypoetry/virtualenvs/airflow-wPbgcfzP-py3.10/lib/python3.10/site-packages/airflow/example_dags/plugins/event_listener.py
[2024-10-03T23:33:50.683-0400] {processor.py:927} WARNING - No viable dags retrieved from /home/patrick/.cache/pypoetry/virtualenvs/airflow-wPbgcfzP-py3.10/lib/python3.10/site-packages/airflow/example_dags/plugins/event_listener.py
[2024-10-03T23:33:53.763-0400] {processor.py:208} INFO - Processing /home/patrick/.cache/pypoetry/virtualenvs/airflow-wPbgcfzP-py3.10/lib/python3.10/site-packages/airflow/example_dags/plugins/event_listener.py took 3.088 seconds
[2024-10-03T23:35:58.699-0400] {processor.py:186} INFO - Started process (PID=46620) to work on /home/patrick/.cache/pypoetry/virtualenvs/airflow-wPbgcfzP-py3.10/lib/python3.10/site-packages/airflow/example_dags/plugins/event_listener.py
[2024-10-03T23:35:58.700-0400] {processor.py:914} INFO - Processing file /home/patrick/.cache/pypoetry/virtualenvs/airflow-wPbgcfzP-py3.10/lib/python3.10/site-packages/airflow/example_dags/plugins/event_listener.py for tasks to queue
[2024-10-03T23:35:58.702-0400] {logging_mixin.py:190} INFO - [2024-10-03T23:35:58.701-0400] {dagbag.py:588} INFO - Filling up the DagBag from /home/patrick/.cache/pypoetry/virtualenvs/airflow-wPbgcfzP-py3.10/lib/python3.10/site-packages/airflow/example_dags/plugins/event_listener.py
[2024-10-03T23:35:58.703-0400] {processor.py:927} WARNING - No viable dags retrieved from /home/patrick/.cache/pypoetry/virtualenvs/airflow-wPbgcfzP-py3.10/lib/python3.10/site-packages/airflow/example_dags/plugins/event_listener.py
[2024-10-03T23:36:00.691-0400] {processor.py:208} INFO - Processing /home/patrick/.cache/pypoetry/virtualenvs/airflow-wPbgcfzP-py3.10/lib/python3.10/site-packages/airflow/example_dags/plugins/event_listener.py took 1.996 seconds
[2024-10-03T23:38:46.795-0400] {processor.py:186} INFO - Started process (PID=47333) to work on /home/patrick/.cache/pypoetry/virtualenvs/airflow-wPbgcfzP-py3.10/lib/python3.10/site-packages/airflow/example_dags/plugins/event_listener.py
[2024-10-03T23:38:46.796-0400] {processor.py:914} INFO - Processing file /home/patrick/.cache/pypoetry/virtualenvs/airflow-wPbgcfzP-py3.10/lib/python3.10/site-packages/airflow/example_dags/plugins/event_listener.py for tasks to queue
[2024-10-03T23:38:46.798-0400] {logging_mixin.py:190} INFO - [2024-10-03T23:38:46.797-0400] {dagbag.py:588} INFO - Filling up the DagBag from /home/patrick/.cache/pypoetry/virtualenvs/airflow-wPbgcfzP-py3.10/lib/python3.10/site-packages/airflow/example_dags/plugins/event_listener.py
[2024-10-03T23:38:46.799-0400] {processor.py:927} WARNING - No viable dags retrieved from /home/patrick/.cache/pypoetry/virtualenvs/airflow-wPbgcfzP-py3.10/lib/python3.10/site-packages/airflow/example_dags/plugins/event_listener.py
[2024-10-03T23:38:48.796-0400] {processor.py:208} INFO - Processing /home/patrick/.cache/pypoetry/virtualenvs/airflow-wPbgcfzP-py3.10/lib/python3.10/site-packages/airflow/example_dags/plugins/event_listener.py took 2.004 seconds
[2024-10-03T23:42:10.818-0400] {processor.py:186} INFO - Started process (PID=48227) to work on /home/patrick/.cache/pypoetry/virtualenvs/airflow-wPbgcfzP-py3.10/lib/python3.10/site-packages/airflow/example_dags/plugins/event_listener.py
[2024-10-03T23:42:10.829-0400] {processor.py:914} INFO - Processing file /home/patrick/.cache/pypoetry/virtualenvs/airflow-wPbgcfzP-py3.10/lib/python3.10/site-packages/airflow/example_dags/plugins/event_listener.py for tasks to queue
[2024-10-03T23:42:10.846-0400] {logging_mixin.py:190} INFO - [2024-10-03T23:42:10.846-0400] {dagbag.py:588} INFO - Filling up the DagBag from /home/patrick/.cache/pypoetry/virtualenvs/airflow-wPbgcfzP-py3.10/lib/python3.10/site-packages/airflow/example_dags/plugins/event_listener.py
[2024-10-03T23:42:10.848-0400] {processor.py:927} WARNING - No viable dags retrieved from /home/patrick/.cache/pypoetry/virtualenvs/airflow-wPbgcfzP-py3.10/lib/python3.10/site-packages/airflow/example_dags/plugins/event_listener.py
[2024-10-03T23:42:25.624-0400] {processor.py:208} INFO - Processing /home/patrick/.cache/pypoetry/virtualenvs/airflow-wPbgcfzP-py3.10/lib/python3.10/site-packages/airflow/example_dags/plugins/event_listener.py took 14.810 seconds
[2024-10-03T23:44:45.524-0400] {processor.py:186} INFO - Started process (PID=48887) to work on /home/patrick/.cache/pypoetry/virtualenvs/airflow-wPbgcfzP-py3.10/lib/python3.10/site-packages/airflow/example_dags/plugins/event_listener.py
[2024-10-03T23:44:45.524-0400] {processor.py:914} INFO - Processing file /home/patrick/.cache/pypoetry/virtualenvs/airflow-wPbgcfzP-py3.10/lib/python3.10/site-packages/airflow/example_dags/plugins/event_listener.py for tasks to queue
[2024-10-03T23:44:45.526-0400] {logging_mixin.py:190} INFO - [2024-10-03T23:44:45.526-0400] {dagbag.py:588} INFO - Filling up the DagBag from /home/patrick/.cache/pypoetry/virtualenvs/airflow-wPbgcfzP-py3.10/lib/python3.10/site-packages/airflow/example_dags/plugins/event_listener.py
[2024-10-03T23:44:45.528-0400] {processor.py:927} WARNING - No viable dags retrieved from /home/patrick/.cache/pypoetry/virtualenvs/airflow-wPbgcfzP-py3.10/lib/python3.10/site-packages/airflow/example_dags/plugins/event_listener.py
[2024-10-03T23:44:48.248-0400] {processor.py:208} INFO - Processing /home/patrick/.cache/pypoetry/virtualenvs/airflow-wPbgcfzP-py3.10/lib/python3.10/site-packages/airflow/example_dags/plugins/event_listener.py took 2.729 seconds
[2024-10-03T23:48:59.334-0400] {processor.py:186} INFO - Started process (PID=49975) to work on /home/patrick/.cache/pypoetry/virtualenvs/airflow-wPbgcfzP-py3.10/lib/python3.10/site-packages/airflow/example_dags/plugins/event_listener.py
[2024-10-03T23:48:59.335-0400] {processor.py:914} INFO - Processing file /home/patrick/.cache/pypoetry/virtualenvs/airflow-wPbgcfzP-py3.10/lib/python3.10/site-packages/airflow/example_dags/plugins/event_listener.py for tasks to queue
[2024-10-03T23:48:59.337-0400] {logging_mixin.py:190} INFO - [2024-10-03T23:48:59.337-0400] {dagbag.py:588} INFO - Filling up the DagBag from /home/patrick/.cache/pypoetry/virtualenvs/airflow-wPbgcfzP-py3.10/lib/python3.10/site-packages/airflow/example_dags/plugins/event_listener.py
[2024-10-03T23:48:59.339-0400] {processor.py:927} WARNING - No viable dags retrieved from /home/patrick/.cache/pypoetry/virtualenvs/airflow-wPbgcfzP-py3.10/lib/python3.10/site-packages/airflow/example_dags/plugins/event_listener.py
[2024-10-03T23:49:01.004-0400] {processor.py:208} INFO - Processing /home/patrick/.cache/pypoetry/virtualenvs/airflow-wPbgcfzP-py3.10/lib/python3.10/site-packages/airflow/example_dags/plugins/event_listener.py took 1.675 seconds
[2024-10-03T23:53:11.403-0400] {processor.py:186} INFO - Started process (PID=51058) to work on /home/patrick/.cache/pypoetry/virtualenvs/airflow-wPbgcfzP-py3.10/lib/python3.10/site-packages/airflow/example_dags/plugins/event_listener.py
[2024-10-03T23:53:11.405-0400] {processor.py:914} INFO - Processing file /home/patrick/.cache/pypoetry/virtualenvs/airflow-wPbgcfzP-py3.10/lib/python3.10/site-packages/airflow/example_dags/plugins/event_listener.py for tasks to queue
[2024-10-03T23:53:11.407-0400] {logging_mixin.py:190} INFO - [2024-10-03T23:53:11.406-0400] {dagbag.py:588} INFO - Filling up the DagBag from /home/patrick/.cache/pypoetry/virtualenvs/airflow-wPbgcfzP-py3.10/lib/python3.10/site-packages/airflow/example_dags/plugins/event_listener.py
[2024-10-03T23:53:11.409-0400] {processor.py:927} WARNING - No viable dags retrieved from /home/patrick/.cache/pypoetry/virtualenvs/airflow-wPbgcfzP-py3.10/lib/python3.10/site-packages/airflow/example_dags/plugins/event_listener.py
[2024-10-03T23:53:13.767-0400] {processor.py:208} INFO - Processing /home/patrick/.cache/pypoetry/virtualenvs/airflow-wPbgcfzP-py3.10/lib/python3.10/site-packages/airflow/example_dags/plugins/event_listener.py took 2.368 seconds
[2024-10-03T23:57:07.623-0400] {processor.py:186} INFO - Started process (PID=52077) to work on /home/patrick/.cache/pypoetry/virtualenvs/airflow-wPbgcfzP-py3.10/lib/python3.10/site-packages/airflow/example_dags/plugins/event_listener.py
[2024-10-03T23:57:07.624-0400] {processor.py:914} INFO - Processing file /home/patrick/.cache/pypoetry/virtualenvs/airflow-wPbgcfzP-py3.10/lib/python3.10/site-packages/airflow/example_dags/plugins/event_listener.py for tasks to queue
[2024-10-03T23:57:07.626-0400] {logging_mixin.py:190} INFO - [2024-10-03T23:57:07.626-0400] {dagbag.py:588} INFO - Filling up the DagBag from /home/patrick/.cache/pypoetry/virtualenvs/airflow-wPbgcfzP-py3.10/lib/python3.10/site-packages/airflow/example_dags/plugins/event_listener.py
[2024-10-03T23:57:07.628-0400] {processor.py:927} WARNING - No viable dags retrieved from /home/patrick/.cache/pypoetry/virtualenvs/airflow-wPbgcfzP-py3.10/lib/python3.10/site-packages/airflow/example_dags/plugins/event_listener.py
[2024-10-03T23:57:10.485-0400] {processor.py:208} INFO - Processing /home/patrick/.cache/pypoetry/virtualenvs/airflow-wPbgcfzP-py3.10/lib/python3.10/site-packages/airflow/example_dags/plugins/event_listener.py took 2.866 seconds
[2024-10-04T00:01:41.063-0400] {processor.py:186} INFO - Started process (PID=53305) to work on /home/patrick/.cache/pypoetry/virtualenvs/airflow-wPbgcfzP-py3.10/lib/python3.10/site-packages/airflow/example_dags/plugins/event_listener.py
[2024-10-04T00:01:41.064-0400] {processor.py:914} INFO - Processing file /home/patrick/.cache/pypoetry/virtualenvs/airflow-wPbgcfzP-py3.10/lib/python3.10/site-packages/airflow/example_dags/plugins/event_listener.py for tasks to queue
[2024-10-04T00:01:41.066-0400] {logging_mixin.py:190} INFO - [2024-10-04T00:01:41.065-0400] {dagbag.py:588} INFO - Filling up the DagBag from /home/patrick/.cache/pypoetry/virtualenvs/airflow-wPbgcfzP-py3.10/lib/python3.10/site-packages/airflow/example_dags/plugins/event_listener.py
[2024-10-04T00:01:41.067-0400] {processor.py:927} WARNING - No viable dags retrieved from /home/patrick/.cache/pypoetry/virtualenvs/airflow-wPbgcfzP-py3.10/lib/python3.10/site-packages/airflow/example_dags/plugins/event_listener.py
[2024-10-04T00:01:42.507-0400] {processor.py:208} INFO - Processing /home/patrick/.cache/pypoetry/virtualenvs/airflow-wPbgcfzP-py3.10/lib/python3.10/site-packages/airflow/example_dags/plugins/event_listener.py took 1.448 seconds
[2024-10-04T00:05:42.483-0400] {processor.py:186} INFO - Started process (PID=54347) to work on /home/patrick/.cache/pypoetry/virtualenvs/airflow-wPbgcfzP-py3.10/lib/python3.10/site-packages/airflow/example_dags/plugins/event_listener.py
[2024-10-04T00:05:42.484-0400] {processor.py:914} INFO - Processing file /home/patrick/.cache/pypoetry/virtualenvs/airflow-wPbgcfzP-py3.10/lib/python3.10/site-packages/airflow/example_dags/plugins/event_listener.py for tasks to queue
[2024-10-04T00:05:42.486-0400] {logging_mixin.py:190} INFO - [2024-10-04T00:05:42.485-0400] {dagbag.py:588} INFO - Filling up the DagBag from /home/patrick/.cache/pypoetry/virtualenvs/airflow-wPbgcfzP-py3.10/lib/python3.10/site-packages/airflow/example_dags/plugins/event_listener.py
[2024-10-04T00:05:42.488-0400] {processor.py:927} WARNING - No viable dags retrieved from /home/patrick/.cache/pypoetry/virtualenvs/airflow-wPbgcfzP-py3.10/lib/python3.10/site-packages/airflow/example_dags/plugins/event_listener.py
[2024-10-04T00:05:45.595-0400] {processor.py:208} INFO - Processing /home/patrick/.cache/pypoetry/virtualenvs/airflow-wPbgcfzP-py3.10/lib/python3.10/site-packages/airflow/example_dags/plugins/event_listener.py took 3.116 seconds
