[2024-10-03T20:46:47.012-0400] {processor.py:186} INFO - Started process (PID=1573) to work on /home/patrick/.cache/pypoetry/virtualenvs/airflow-wPbgcfzP-py3.10/lib/python3.10/site-packages/airflow/example_dags/plugins/listener_plugin.py
[2024-10-03T20:46:47.013-0400] {processor.py:914} INFO - Processing file /home/patrick/.cache/pypoetry/virtualenvs/airflow-wPbgcfzP-py3.10/lib/python3.10/site-packages/airflow/example_dags/plugins/listener_plugin.py for tasks to queue
[2024-10-03T20:46:47.015-0400] {logging_mixin.py:190} INFO - [2024-10-03T20:46:47.015-0400] {dagbag.py:588} INFO - Filling up the DagBag from /home/patrick/.cache/pypoetry/virtualenvs/airflow-wPbgcfzP-py3.10/lib/python3.10/site-packages/airflow/example_dags/plugins/listener_plugin.py
[2024-10-03T20:46:47.019-0400] {processor.py:927} WARNING - No viable dags retrieved from /home/patrick/.cache/pypoetry/virtualenvs/airflow-wPbgcfzP-py3.10/lib/python3.10/site-packages/airflow/example_dags/plugins/listener_plugin.py
[2024-10-03T20:46:50.154-0400] {processor.py:208} INFO - Processing /home/patrick/.cache/pypoetry/virtualenvs/airflow-wPbgcfzP-py3.10/lib/python3.10/site-packages/airflow/example_dags/plugins/listener_plugin.py took 3.145 seconds
[2024-10-03T21:00:12.228-0400] {processor.py:186} INFO - Started process (PID=4979) to work on /home/patrick/.cache/pypoetry/virtualenvs/airflow-wPbgcfzP-py3.10/lib/python3.10/site-packages/airflow/example_dags/plugins/listener_plugin.py
[2024-10-03T21:00:12.229-0400] {processor.py:914} INFO - Processing file /home/patrick/.cache/pypoetry/virtualenvs/airflow-wPbgcfzP-py3.10/lib/python3.10/site-packages/airflow/example_dags/plugins/listener_plugin.py for tasks to queue
[2024-10-03T21:00:12.230-0400] {logging_mixin.py:190} INFO - [2024-10-03T21:00:12.230-0400] {dagbag.py:588} INFO - Filling up the DagBag from /home/patrick/.cache/pypoetry/virtualenvs/airflow-wPbgcfzP-py3.10/lib/python3.10/site-packages/airflow/example_dags/plugins/listener_plugin.py
[2024-10-03T21:00:12.232-0400] {processor.py:927} WARNING - No viable dags retrieved from /home/patrick/.cache/pypoetry/virtualenvs/airflow-wPbgcfzP-py3.10/lib/python3.10/site-packages/airflow/example_dags/plugins/listener_plugin.py
[2024-10-03T21:00:19.314-0400] {processor.py:208} INFO - Processing /home/patrick/.cache/pypoetry/virtualenvs/airflow-wPbgcfzP-py3.10/lib/python3.10/site-packages/airflow/example_dags/plugins/listener_plugin.py took 7.090 seconds
[2024-10-03T21:03:56.503-0400] {processor.py:186} INFO - Started process (PID=5921) to work on /home/patrick/.cache/pypoetry/virtualenvs/airflow-wPbgcfzP-py3.10/lib/python3.10/site-packages/airflow/example_dags/plugins/listener_plugin.py
[2024-10-03T21:03:56.504-0400] {processor.py:914} INFO - Processing file /home/patrick/.cache/pypoetry/virtualenvs/airflow-wPbgcfzP-py3.10/lib/python3.10/site-packages/airflow/example_dags/plugins/listener_plugin.py for tasks to queue
[2024-10-03T21:03:56.505-0400] {logging_mixin.py:190} INFO - [2024-10-03T21:03:56.505-0400] {dagbag.py:588} INFO - Filling up the DagBag from /home/patrick/.cache/pypoetry/virtualenvs/airflow-wPbgcfzP-py3.10/lib/python3.10/site-packages/airflow/example_dags/plugins/listener_plugin.py
[2024-10-03T21:03:56.506-0400] {processor.py:927} WARNING - No viable dags retrieved from /home/patrick/.cache/pypoetry/virtualenvs/airflow-wPbgcfzP-py3.10/lib/python3.10/site-packages/airflow/example_dags/plugins/listener_plugin.py
[2024-10-03T21:03:58.625-0400] {processor.py:208} INFO - Processing /home/patrick/.cache/pypoetry/virtualenvs/airflow-wPbgcfzP-py3.10/lib/python3.10/site-packages/airflow/example_dags/plugins/listener_plugin.py took 2.125 seconds
[2024-10-03T21:05:54.542-0400] {processor.py:186} INFO - Started process (PID=6436) to work on /home/patrick/.cache/pypoetry/virtualenvs/airflow-wPbgcfzP-py3.10/lib/python3.10/site-packages/airflow/example_dags/plugins/listener_plugin.py
[2024-10-03T21:05:54.543-0400] {processor.py:914} INFO - Processing file /home/patrick/.cache/pypoetry/virtualenvs/airflow-wPbgcfzP-py3.10/lib/python3.10/site-packages/airflow/example_dags/plugins/listener_plugin.py for tasks to queue
[2024-10-03T21:05:54.544-0400] {logging_mixin.py:190} INFO - [2024-10-03T21:05:54.544-0400] {dagbag.py:588} INFO - Filling up the DagBag from /home/patrick/.cache/pypoetry/virtualenvs/airflow-wPbgcfzP-py3.10/lib/python3.10/site-packages/airflow/example_dags/plugins/listener_plugin.py
[2024-10-03T21:05:54.545-0400] {processor.py:927} WARNING - No viable dags retrieved from /home/patrick/.cache/pypoetry/virtualenvs/airflow-wPbgcfzP-py3.10/lib/python3.10/site-packages/airflow/example_dags/plugins/listener_plugin.py
[2024-10-03T21:05:57.323-0400] {processor.py:208} INFO - Processing /home/patrick/.cache/pypoetry/virtualenvs/airflow-wPbgcfzP-py3.10/lib/python3.10/site-packages/airflow/example_dags/plugins/listener_plugin.py took 2.785 seconds
[2024-10-03T21:08:13.084-0400] {processor.py:186} INFO - Started process (PID=7031) to work on /home/patrick/.cache/pypoetry/virtualenvs/airflow-wPbgcfzP-py3.10/lib/python3.10/site-packages/airflow/example_dags/plugins/listener_plugin.py
[2024-10-03T21:08:13.085-0400] {processor.py:914} INFO - Processing file /home/patrick/.cache/pypoetry/virtualenvs/airflow-wPbgcfzP-py3.10/lib/python3.10/site-packages/airflow/example_dags/plugins/listener_plugin.py for tasks to queue
[2024-10-03T21:08:13.086-0400] {logging_mixin.py:190} INFO - [2024-10-03T21:08:13.085-0400] {dagbag.py:588} INFO - Filling up the DagBag from /home/patrick/.cache/pypoetry/virtualenvs/airflow-wPbgcfzP-py3.10/lib/python3.10/site-packages/airflow/example_dags/plugins/listener_plugin.py
[2024-10-03T21:08:13.087-0400] {processor.py:927} WARNING - No viable dags retrieved from /home/patrick/.cache/pypoetry/virtualenvs/airflow-wPbgcfzP-py3.10/lib/python3.10/site-packages/airflow/example_dags/plugins/listener_plugin.py
[2024-10-03T21:08:24.837-0400] {processor.py:208} INFO - Processing /home/patrick/.cache/pypoetry/virtualenvs/airflow-wPbgcfzP-py3.10/lib/python3.10/site-packages/airflow/example_dags/plugins/listener_plugin.py took 11.757 seconds
[2024-10-03T21:14:17.590-0400] {processor.py:186} INFO - Started process (PID=8669) to work on /home/patrick/.cache/pypoetry/virtualenvs/airflow-wPbgcfzP-py3.10/lib/python3.10/site-packages/airflow/example_dags/plugins/listener_plugin.py
[2024-10-03T21:14:17.590-0400] {processor.py:914} INFO - Processing file /home/patrick/.cache/pypoetry/virtualenvs/airflow-wPbgcfzP-py3.10/lib/python3.10/site-packages/airflow/example_dags/plugins/listener_plugin.py for tasks to queue
[2024-10-03T21:14:17.592-0400] {logging_mixin.py:190} INFO - [2024-10-03T21:14:17.592-0400] {dagbag.py:588} INFO - Filling up the DagBag from /home/patrick/.cache/pypoetry/virtualenvs/airflow-wPbgcfzP-py3.10/lib/python3.10/site-packages/airflow/example_dags/plugins/listener_plugin.py
[2024-10-03T21:14:17.594-0400] {processor.py:927} WARNING - No viable dags retrieved from /home/patrick/.cache/pypoetry/virtualenvs/airflow-wPbgcfzP-py3.10/lib/python3.10/site-packages/airflow/example_dags/plugins/listener_plugin.py
[2024-10-03T21:14:33.218-0400] {processor.py:208} INFO - Processing /home/patrick/.cache/pypoetry/virtualenvs/airflow-wPbgcfzP-py3.10/lib/python3.10/site-packages/airflow/example_dags/plugins/listener_plugin.py took 15.632 seconds
[2024-10-03T21:17:14.203-0400] {processor.py:186} INFO - Started process (PID=9513) to work on /home/patrick/.cache/pypoetry/virtualenvs/airflow-wPbgcfzP-py3.10/lib/python3.10/site-packages/airflow/example_dags/plugins/listener_plugin.py
[2024-10-03T21:17:14.206-0400] {processor.py:914} INFO - Processing file /home/patrick/.cache/pypoetry/virtualenvs/airflow-wPbgcfzP-py3.10/lib/python3.10/site-packages/airflow/example_dags/plugins/listener_plugin.py for tasks to queue
[2024-10-03T21:17:14.208-0400] {logging_mixin.py:190} INFO - [2024-10-03T21:17:14.208-0400] {dagbag.py:588} INFO - Filling up the DagBag from /home/patrick/.cache/pypoetry/virtualenvs/airflow-wPbgcfzP-py3.10/lib/python3.10/site-packages/airflow/example_dags/plugins/listener_plugin.py
[2024-10-03T21:17:14.210-0400] {processor.py:927} WARNING - No viable dags retrieved from /home/patrick/.cache/pypoetry/virtualenvs/airflow-wPbgcfzP-py3.10/lib/python3.10/site-packages/airflow/example_dags/plugins/listener_plugin.py
[2024-10-03T21:17:17.363-0400] {processor.py:208} INFO - Processing /home/patrick/.cache/pypoetry/virtualenvs/airflow-wPbgcfzP-py3.10/lib/python3.10/site-packages/airflow/example_dags/plugins/listener_plugin.py took 3.164 seconds
[2024-10-03T21:21:41.181-0400] {processor.py:186} INFO - Started process (PID=10715) to work on /home/patrick/.cache/pypoetry/virtualenvs/airflow-wPbgcfzP-py3.10/lib/python3.10/site-packages/airflow/example_dags/plugins/listener_plugin.py
[2024-10-03T21:21:41.182-0400] {processor.py:914} INFO - Processing file /home/patrick/.cache/pypoetry/virtualenvs/airflow-wPbgcfzP-py3.10/lib/python3.10/site-packages/airflow/example_dags/plugins/listener_plugin.py for tasks to queue
[2024-10-03T21:21:41.184-0400] {logging_mixin.py:190} INFO - [2024-10-03T21:21:41.183-0400] {dagbag.py:588} INFO - Filling up the DagBag from /home/patrick/.cache/pypoetry/virtualenvs/airflow-wPbgcfzP-py3.10/lib/python3.10/site-packages/airflow/example_dags/plugins/listener_plugin.py
[2024-10-03T21:21:41.186-0400] {processor.py:927} WARNING - No viable dags retrieved from /home/patrick/.cache/pypoetry/virtualenvs/airflow-wPbgcfzP-py3.10/lib/python3.10/site-packages/airflow/example_dags/plugins/listener_plugin.py
[2024-10-03T21:21:43.660-0400] {processor.py:208} INFO - Processing /home/patrick/.cache/pypoetry/virtualenvs/airflow-wPbgcfzP-py3.10/lib/python3.10/site-packages/airflow/example_dags/plugins/listener_plugin.py took 2.483 seconds
[2024-10-03T21:24:17.206-0400] {processor.py:186} INFO - Started process (PID=11389) to work on /home/patrick/.cache/pypoetry/virtualenvs/airflow-wPbgcfzP-py3.10/lib/python3.10/site-packages/airflow/example_dags/plugins/listener_plugin.py
[2024-10-03T21:24:17.216-0400] {processor.py:914} INFO - Processing file /home/patrick/.cache/pypoetry/virtualenvs/airflow-wPbgcfzP-py3.10/lib/python3.10/site-packages/airflow/example_dags/plugins/listener_plugin.py for tasks to queue
[2024-10-03T21:24:17.220-0400] {logging_mixin.py:190} INFO - [2024-10-03T21:24:17.220-0400] {dagbag.py:588} INFO - Filling up the DagBag from /home/patrick/.cache/pypoetry/virtualenvs/airflow-wPbgcfzP-py3.10/lib/python3.10/site-packages/airflow/example_dags/plugins/listener_plugin.py
[2024-10-03T21:24:17.222-0400] {processor.py:927} WARNING - No viable dags retrieved from /home/patrick/.cache/pypoetry/virtualenvs/airflow-wPbgcfzP-py3.10/lib/python3.10/site-packages/airflow/example_dags/plugins/listener_plugin.py
[2024-10-03T21:24:28.744-0400] {processor.py:208} INFO - Processing /home/patrick/.cache/pypoetry/virtualenvs/airflow-wPbgcfzP-py3.10/lib/python3.10/site-packages/airflow/example_dags/plugins/listener_plugin.py took 11.543 seconds
[2024-10-03T21:29:27.767-0400] {processor.py:186} INFO - Started process (PID=12798) to work on /home/patrick/.cache/pypoetry/virtualenvs/airflow-wPbgcfzP-py3.10/lib/python3.10/site-packages/airflow/example_dags/plugins/listener_plugin.py
[2024-10-03T21:29:27.768-0400] {processor.py:914} INFO - Processing file /home/patrick/.cache/pypoetry/virtualenvs/airflow-wPbgcfzP-py3.10/lib/python3.10/site-packages/airflow/example_dags/plugins/listener_plugin.py for tasks to queue
[2024-10-03T21:29:27.770-0400] {logging_mixin.py:190} INFO - [2024-10-03T21:29:27.770-0400] {dagbag.py:588} INFO - Filling up the DagBag from /home/patrick/.cache/pypoetry/virtualenvs/airflow-wPbgcfzP-py3.10/lib/python3.10/site-packages/airflow/example_dags/plugins/listener_plugin.py
[2024-10-03T21:29:27.773-0400] {processor.py:927} WARNING - No viable dags retrieved from /home/patrick/.cache/pypoetry/virtualenvs/airflow-wPbgcfzP-py3.10/lib/python3.10/site-packages/airflow/example_dags/plugins/listener_plugin.py
[2024-10-03T21:29:33.881-0400] {processor.py:208} INFO - Processing /home/patrick/.cache/pypoetry/virtualenvs/airflow-wPbgcfzP-py3.10/lib/python3.10/site-packages/airflow/example_dags/plugins/listener_plugin.py took 6.119 seconds
[2024-10-03T21:33:16.095-0400] {processor.py:186} INFO - Started process (PID=13762) to work on /home/patrick/.cache/pypoetry/virtualenvs/airflow-wPbgcfzP-py3.10/lib/python3.10/site-packages/airflow/example_dags/plugins/listener_plugin.py
[2024-10-03T21:33:16.096-0400] {processor.py:914} INFO - Processing file /home/patrick/.cache/pypoetry/virtualenvs/airflow-wPbgcfzP-py3.10/lib/python3.10/site-packages/airflow/example_dags/plugins/listener_plugin.py for tasks to queue
[2024-10-03T21:33:16.097-0400] {logging_mixin.py:190} INFO - [2024-10-03T21:33:16.097-0400] {dagbag.py:588} INFO - Filling up the DagBag from /home/patrick/.cache/pypoetry/virtualenvs/airflow-wPbgcfzP-py3.10/lib/python3.10/site-packages/airflow/example_dags/plugins/listener_plugin.py
[2024-10-03T21:33:16.099-0400] {processor.py:927} WARNING - No viable dags retrieved from /home/patrick/.cache/pypoetry/virtualenvs/airflow-wPbgcfzP-py3.10/lib/python3.10/site-packages/airflow/example_dags/plugins/listener_plugin.py
[2024-10-03T21:33:18.366-0400] {processor.py:208} INFO - Processing /home/patrick/.cache/pypoetry/virtualenvs/airflow-wPbgcfzP-py3.10/lib/python3.10/site-packages/airflow/example_dags/plugins/listener_plugin.py took 2.275 seconds
[2024-10-03T21:39:24.461-0400] {processor.py:186} INFO - Started process (PID=15470) to work on /home/patrick/.cache/pypoetry/virtualenvs/airflow-wPbgcfzP-py3.10/lib/python3.10/site-packages/airflow/example_dags/plugins/listener_plugin.py
[2024-10-03T21:39:24.462-0400] {processor.py:914} INFO - Processing file /home/patrick/.cache/pypoetry/virtualenvs/airflow-wPbgcfzP-py3.10/lib/python3.10/site-packages/airflow/example_dags/plugins/listener_plugin.py for tasks to queue
[2024-10-03T21:39:24.464-0400] {logging_mixin.py:190} INFO - [2024-10-03T21:39:24.463-0400] {dagbag.py:588} INFO - Filling up the DagBag from /home/patrick/.cache/pypoetry/virtualenvs/airflow-wPbgcfzP-py3.10/lib/python3.10/site-packages/airflow/example_dags/plugins/listener_plugin.py
[2024-10-03T21:39:24.465-0400] {processor.py:927} WARNING - No viable dags retrieved from /home/patrick/.cache/pypoetry/virtualenvs/airflow-wPbgcfzP-py3.10/lib/python3.10/site-packages/airflow/example_dags/plugins/listener_plugin.py
[2024-10-03T21:39:30.986-0400] {processor.py:208} INFO - Processing /home/patrick/.cache/pypoetry/virtualenvs/airflow-wPbgcfzP-py3.10/lib/python3.10/site-packages/airflow/example_dags/plugins/listener_plugin.py took 6.527 seconds
[2024-10-03T21:44:51.540-0400] {processor.py:186} INFO - Started process (PID=16930) to work on /home/patrick/.cache/pypoetry/virtualenvs/airflow-wPbgcfzP-py3.10/lib/python3.10/site-packages/airflow/example_dags/plugins/listener_plugin.py
[2024-10-03T21:44:51.541-0400] {processor.py:914} INFO - Processing file /home/patrick/.cache/pypoetry/virtualenvs/airflow-wPbgcfzP-py3.10/lib/python3.10/site-packages/airflow/example_dags/plugins/listener_plugin.py for tasks to queue
[2024-10-03T21:44:51.543-0400] {logging_mixin.py:190} INFO - [2024-10-03T21:44:51.543-0400] {dagbag.py:588} INFO - Filling up the DagBag from /home/patrick/.cache/pypoetry/virtualenvs/airflow-wPbgcfzP-py3.10/lib/python3.10/site-packages/airflow/example_dags/plugins/listener_plugin.py
[2024-10-03T21:44:51.545-0400] {processor.py:927} WARNING - No viable dags retrieved from /home/patrick/.cache/pypoetry/virtualenvs/airflow-wPbgcfzP-py3.10/lib/python3.10/site-packages/airflow/example_dags/plugins/listener_plugin.py
[2024-10-03T21:44:52.825-0400] {processor.py:208} INFO - Processing /home/patrick/.cache/pypoetry/virtualenvs/airflow-wPbgcfzP-py3.10/lib/python3.10/site-packages/airflow/example_dags/plugins/listener_plugin.py took 1.289 seconds
[2024-10-03T21:47:27.889-0400] {processor.py:186} INFO - Started process (PID=17648) to work on /home/patrick/.cache/pypoetry/virtualenvs/airflow-wPbgcfzP-py3.10/lib/python3.10/site-packages/airflow/example_dags/plugins/listener_plugin.py
[2024-10-03T21:47:27.890-0400] {processor.py:914} INFO - Processing file /home/patrick/.cache/pypoetry/virtualenvs/airflow-wPbgcfzP-py3.10/lib/python3.10/site-packages/airflow/example_dags/plugins/listener_plugin.py for tasks to queue
[2024-10-03T21:47:27.891-0400] {logging_mixin.py:190} INFO - [2024-10-03T21:47:27.891-0400] {dagbag.py:588} INFO - Filling up the DagBag from /home/patrick/.cache/pypoetry/virtualenvs/airflow-wPbgcfzP-py3.10/lib/python3.10/site-packages/airflow/example_dags/plugins/listener_plugin.py
[2024-10-03T21:47:27.893-0400] {processor.py:927} WARNING - No viable dags retrieved from /home/patrick/.cache/pypoetry/virtualenvs/airflow-wPbgcfzP-py3.10/lib/python3.10/site-packages/airflow/example_dags/plugins/listener_plugin.py
[2024-10-03T21:47:31.299-0400] {processor.py:208} INFO - Processing /home/patrick/.cache/pypoetry/virtualenvs/airflow-wPbgcfzP-py3.10/lib/python3.10/site-packages/airflow/example_dags/plugins/listener_plugin.py took 3.414 seconds
[2024-10-03T21:51:31.714-0400] {processor.py:186} INFO - Started process (PID=18692) to work on /home/patrick/.cache/pypoetry/virtualenvs/airflow-wPbgcfzP-py3.10/lib/python3.10/site-packages/airflow/example_dags/plugins/listener_plugin.py
[2024-10-03T21:51:31.714-0400] {processor.py:914} INFO - Processing file /home/patrick/.cache/pypoetry/virtualenvs/airflow-wPbgcfzP-py3.10/lib/python3.10/site-packages/airflow/example_dags/plugins/listener_plugin.py for tasks to queue
[2024-10-03T21:51:31.716-0400] {logging_mixin.py:190} INFO - [2024-10-03T21:51:31.716-0400] {dagbag.py:588} INFO - Filling up the DagBag from /home/patrick/.cache/pypoetry/virtualenvs/airflow-wPbgcfzP-py3.10/lib/python3.10/site-packages/airflow/example_dags/plugins/listener_plugin.py
[2024-10-03T21:51:31.717-0400] {processor.py:927} WARNING - No viable dags retrieved from /home/patrick/.cache/pypoetry/virtualenvs/airflow-wPbgcfzP-py3.10/lib/python3.10/site-packages/airflow/example_dags/plugins/listener_plugin.py
[2024-10-03T21:51:33.279-0400] {processor.py:208} INFO - Processing /home/patrick/.cache/pypoetry/virtualenvs/airflow-wPbgcfzP-py3.10/lib/python3.10/site-packages/airflow/example_dags/plugins/listener_plugin.py took 1.569 seconds
[2024-10-03T21:55:31.041-0400] {processor.py:186} INFO - Started process (PID=19715) to work on /home/patrick/.cache/pypoetry/virtualenvs/airflow-wPbgcfzP-py3.10/lib/python3.10/site-packages/airflow/example_dags/plugins/listener_plugin.py
[2024-10-03T21:55:31.042-0400] {processor.py:914} INFO - Processing file /home/patrick/.cache/pypoetry/virtualenvs/airflow-wPbgcfzP-py3.10/lib/python3.10/site-packages/airflow/example_dags/plugins/listener_plugin.py for tasks to queue
[2024-10-03T21:55:31.043-0400] {logging_mixin.py:190} INFO - [2024-10-03T21:55:31.043-0400] {dagbag.py:588} INFO - Filling up the DagBag from /home/patrick/.cache/pypoetry/virtualenvs/airflow-wPbgcfzP-py3.10/lib/python3.10/site-packages/airflow/example_dags/plugins/listener_plugin.py
[2024-10-03T21:55:31.045-0400] {processor.py:927} WARNING - No viable dags retrieved from /home/patrick/.cache/pypoetry/virtualenvs/airflow-wPbgcfzP-py3.10/lib/python3.10/site-packages/airflow/example_dags/plugins/listener_plugin.py
[2024-10-03T21:55:34.174-0400] {processor.py:208} INFO - Processing /home/patrick/.cache/pypoetry/virtualenvs/airflow-wPbgcfzP-py3.10/lib/python3.10/site-packages/airflow/example_dags/plugins/listener_plugin.py took 3.138 seconds
[2024-10-03T21:59:23.111-0400] {processor.py:186} INFO - Started process (PID=20716) to work on /home/patrick/.cache/pypoetry/virtualenvs/airflow-wPbgcfzP-py3.10/lib/python3.10/site-packages/airflow/example_dags/plugins/listener_plugin.py
[2024-10-03T21:59:23.112-0400] {processor.py:914} INFO - Processing file /home/patrick/.cache/pypoetry/virtualenvs/airflow-wPbgcfzP-py3.10/lib/python3.10/site-packages/airflow/example_dags/plugins/listener_plugin.py for tasks to queue
[2024-10-03T21:59:23.113-0400] {logging_mixin.py:190} INFO - [2024-10-03T21:59:23.113-0400] {dagbag.py:588} INFO - Filling up the DagBag from /home/patrick/.cache/pypoetry/virtualenvs/airflow-wPbgcfzP-py3.10/lib/python3.10/site-packages/airflow/example_dags/plugins/listener_plugin.py
[2024-10-03T21:59:23.114-0400] {processor.py:927} WARNING - No viable dags retrieved from /home/patrick/.cache/pypoetry/virtualenvs/airflow-wPbgcfzP-py3.10/lib/python3.10/site-packages/airflow/example_dags/plugins/listener_plugin.py
[2024-10-03T21:59:26.789-0400] {processor.py:208} INFO - Processing /home/patrick/.cache/pypoetry/virtualenvs/airflow-wPbgcfzP-py3.10/lib/python3.10/site-packages/airflow/example_dags/plugins/listener_plugin.py took 3.681 seconds
[2024-10-03T22:03:52.595-0400] {processor.py:186} INFO - Started process (PID=21860) to work on /home/patrick/.cache/pypoetry/virtualenvs/airflow-wPbgcfzP-py3.10/lib/python3.10/site-packages/airflow/example_dags/plugins/listener_plugin.py
[2024-10-03T22:03:52.596-0400] {processor.py:914} INFO - Processing file /home/patrick/.cache/pypoetry/virtualenvs/airflow-wPbgcfzP-py3.10/lib/python3.10/site-packages/airflow/example_dags/plugins/listener_plugin.py for tasks to queue
[2024-10-03T22:03:52.597-0400] {logging_mixin.py:190} INFO - [2024-10-03T22:03:52.597-0400] {dagbag.py:588} INFO - Filling up the DagBag from /home/patrick/.cache/pypoetry/virtualenvs/airflow-wPbgcfzP-py3.10/lib/python3.10/site-packages/airflow/example_dags/plugins/listener_plugin.py
[2024-10-03T22:03:52.599-0400] {processor.py:927} WARNING - No viable dags retrieved from /home/patrick/.cache/pypoetry/virtualenvs/airflow-wPbgcfzP-py3.10/lib/python3.10/site-packages/airflow/example_dags/plugins/listener_plugin.py
[2024-10-03T22:03:56.356-0400] {processor.py:208} INFO - Processing /home/patrick/.cache/pypoetry/virtualenvs/airflow-wPbgcfzP-py3.10/lib/python3.10/site-packages/airflow/example_dags/plugins/listener_plugin.py took 3.765 seconds
[2024-10-03T22:08:30.637-0400] {processor.py:186} INFO - Started process (PID=23044) to work on /home/patrick/.cache/pypoetry/virtualenvs/airflow-wPbgcfzP-py3.10/lib/python3.10/site-packages/airflow/example_dags/plugins/listener_plugin.py
[2024-10-03T22:08:30.638-0400] {processor.py:914} INFO - Processing file /home/patrick/.cache/pypoetry/virtualenvs/airflow-wPbgcfzP-py3.10/lib/python3.10/site-packages/airflow/example_dags/plugins/listener_plugin.py for tasks to queue
[2024-10-03T22:08:30.640-0400] {logging_mixin.py:190} INFO - [2024-10-03T22:08:30.639-0400] {dagbag.py:588} INFO - Filling up the DagBag from /home/patrick/.cache/pypoetry/virtualenvs/airflow-wPbgcfzP-py3.10/lib/python3.10/site-packages/airflow/example_dags/plugins/listener_plugin.py
[2024-10-03T22:08:30.642-0400] {processor.py:927} WARNING - No viable dags retrieved from /home/patrick/.cache/pypoetry/virtualenvs/airflow-wPbgcfzP-py3.10/lib/python3.10/site-packages/airflow/example_dags/plugins/listener_plugin.py
[2024-10-03T22:08:37.886-0400] {logging_mixin.py:190} INFO - [2024-10-03T22:08:37.886-0400] {process_utils.py:266} INFO - Waiting up to 5 seconds for processes to exit...
[2024-10-03T22:11:18.517-0400] {processor.py:186} INFO - Started process (PID=23827) to work on /home/patrick/.cache/pypoetry/virtualenvs/airflow-wPbgcfzP-py3.10/lib/python3.10/site-packages/airflow/example_dags/plugins/listener_plugin.py
[2024-10-03T22:11:18.522-0400] {processor.py:914} INFO - Processing file /home/patrick/.cache/pypoetry/virtualenvs/airflow-wPbgcfzP-py3.10/lib/python3.10/site-packages/airflow/example_dags/plugins/listener_plugin.py for tasks to queue
[2024-10-03T22:11:18.524-0400] {logging_mixin.py:190} INFO - [2024-10-03T22:11:18.524-0400] {dagbag.py:588} INFO - Filling up the DagBag from /home/patrick/.cache/pypoetry/virtualenvs/airflow-wPbgcfzP-py3.10/lib/python3.10/site-packages/airflow/example_dags/plugins/listener_plugin.py
[2024-10-03T22:11:18.532-0400] {processor.py:927} WARNING - No viable dags retrieved from /home/patrick/.cache/pypoetry/virtualenvs/airflow-wPbgcfzP-py3.10/lib/python3.10/site-packages/airflow/example_dags/plugins/listener_plugin.py
[2024-10-03T22:11:27.206-0400] {processor.py:208} INFO - Processing /home/patrick/.cache/pypoetry/virtualenvs/airflow-wPbgcfzP-py3.10/lib/python3.10/site-packages/airflow/example_dags/plugins/listener_plugin.py took 8.692 seconds
[2024-10-03T22:14:55.756-0400] {processor.py:186} INFO - Started process (PID=24822) to work on /home/patrick/.cache/pypoetry/virtualenvs/airflow-wPbgcfzP-py3.10/lib/python3.10/site-packages/airflow/example_dags/plugins/listener_plugin.py
[2024-10-03T22:14:55.757-0400] {processor.py:914} INFO - Processing file /home/patrick/.cache/pypoetry/virtualenvs/airflow-wPbgcfzP-py3.10/lib/python3.10/site-packages/airflow/example_dags/plugins/listener_plugin.py for tasks to queue
[2024-10-03T22:14:55.759-0400] {logging_mixin.py:190} INFO - [2024-10-03T22:14:55.759-0400] {dagbag.py:588} INFO - Filling up the DagBag from /home/patrick/.cache/pypoetry/virtualenvs/airflow-wPbgcfzP-py3.10/lib/python3.10/site-packages/airflow/example_dags/plugins/listener_plugin.py
[2024-10-03T22:14:55.760-0400] {processor.py:927} WARNING - No viable dags retrieved from /home/patrick/.cache/pypoetry/virtualenvs/airflow-wPbgcfzP-py3.10/lib/python3.10/site-packages/airflow/example_dags/plugins/listener_plugin.py
[2024-10-03T22:15:00.381-0400] {processor.py:208} INFO - Processing /home/patrick/.cache/pypoetry/virtualenvs/airflow-wPbgcfzP-py3.10/lib/python3.10/site-packages/airflow/example_dags/plugins/listener_plugin.py took 4.628 seconds
[2024-10-03T22:21:16.666-0400] {processor.py:186} INFO - Started process (PID=26513) to work on /home/patrick/.cache/pypoetry/virtualenvs/airflow-wPbgcfzP-py3.10/lib/python3.10/site-packages/airflow/example_dags/plugins/listener_plugin.py
[2024-10-03T22:21:16.667-0400] {processor.py:914} INFO - Processing file /home/patrick/.cache/pypoetry/virtualenvs/airflow-wPbgcfzP-py3.10/lib/python3.10/site-packages/airflow/example_dags/plugins/listener_plugin.py for tasks to queue
[2024-10-03T22:21:16.669-0400] {logging_mixin.py:190} INFO - [2024-10-03T22:21:16.668-0400] {dagbag.py:588} INFO - Filling up the DagBag from /home/patrick/.cache/pypoetry/virtualenvs/airflow-wPbgcfzP-py3.10/lib/python3.10/site-packages/airflow/example_dags/plugins/listener_plugin.py
[2024-10-03T22:21:16.670-0400] {processor.py:927} WARNING - No viable dags retrieved from /home/patrick/.cache/pypoetry/virtualenvs/airflow-wPbgcfzP-py3.10/lib/python3.10/site-packages/airflow/example_dags/plugins/listener_plugin.py
[2024-10-03T22:21:19.709-0400] {processor.py:208} INFO - Processing /home/patrick/.cache/pypoetry/virtualenvs/airflow-wPbgcfzP-py3.10/lib/python3.10/site-packages/airflow/example_dags/plugins/listener_plugin.py took 3.046 seconds
[2024-10-03T22:25:47.726-0400] {processor.py:186} INFO - Started process (PID=27738) to work on /home/patrick/.cache/pypoetry/virtualenvs/airflow-wPbgcfzP-py3.10/lib/python3.10/site-packages/airflow/example_dags/plugins/listener_plugin.py
[2024-10-03T22:25:47.727-0400] {processor.py:914} INFO - Processing file /home/patrick/.cache/pypoetry/virtualenvs/airflow-wPbgcfzP-py3.10/lib/python3.10/site-packages/airflow/example_dags/plugins/listener_plugin.py for tasks to queue
[2024-10-03T22:25:47.729-0400] {logging_mixin.py:190} INFO - [2024-10-03T22:25:47.728-0400] {dagbag.py:588} INFO - Filling up the DagBag from /home/patrick/.cache/pypoetry/virtualenvs/airflow-wPbgcfzP-py3.10/lib/python3.10/site-packages/airflow/example_dags/plugins/listener_plugin.py
[2024-10-03T22:25:47.730-0400] {processor.py:927} WARNING - No viable dags retrieved from /home/patrick/.cache/pypoetry/virtualenvs/airflow-wPbgcfzP-py3.10/lib/python3.10/site-packages/airflow/example_dags/plugins/listener_plugin.py
[2024-10-03T22:25:57.541-0400] {processor.py:208} INFO - Processing /home/patrick/.cache/pypoetry/virtualenvs/airflow-wPbgcfzP-py3.10/lib/python3.10/site-packages/airflow/example_dags/plugins/listener_plugin.py took 9.819 seconds
[2024-10-03T22:29:30.951-0400] {processor.py:186} INFO - Started process (PID=28734) to work on /home/patrick/.cache/pypoetry/virtualenvs/airflow-wPbgcfzP-py3.10/lib/python3.10/site-packages/airflow/example_dags/plugins/listener_plugin.py
[2024-10-03T22:29:30.952-0400] {processor.py:914} INFO - Processing file /home/patrick/.cache/pypoetry/virtualenvs/airflow-wPbgcfzP-py3.10/lib/python3.10/site-packages/airflow/example_dags/plugins/listener_plugin.py for tasks to queue
[2024-10-03T22:29:30.953-0400] {logging_mixin.py:190} INFO - [2024-10-03T22:29:30.953-0400] {dagbag.py:588} INFO - Filling up the DagBag from /home/patrick/.cache/pypoetry/virtualenvs/airflow-wPbgcfzP-py3.10/lib/python3.10/site-packages/airflow/example_dags/plugins/listener_plugin.py
[2024-10-03T22:29:30.955-0400] {processor.py:927} WARNING - No viable dags retrieved from /home/patrick/.cache/pypoetry/virtualenvs/airflow-wPbgcfzP-py3.10/lib/python3.10/site-packages/airflow/example_dags/plugins/listener_plugin.py
[2024-10-03T22:29:36.413-0400] {processor.py:208} INFO - Processing /home/patrick/.cache/pypoetry/virtualenvs/airflow-wPbgcfzP-py3.10/lib/python3.10/site-packages/airflow/example_dags/plugins/listener_plugin.py took 5.466 seconds
[2024-10-03T22:33:25.541-0400] {processor.py:186} INFO - Started process (PID=29776) to work on /home/patrick/.cache/pypoetry/virtualenvs/airflow-wPbgcfzP-py3.10/lib/python3.10/site-packages/airflow/example_dags/plugins/listener_plugin.py
[2024-10-03T22:33:25.542-0400] {processor.py:914} INFO - Processing file /home/patrick/.cache/pypoetry/virtualenvs/airflow-wPbgcfzP-py3.10/lib/python3.10/site-packages/airflow/example_dags/plugins/listener_plugin.py for tasks to queue
[2024-10-03T22:33:25.543-0400] {logging_mixin.py:190} INFO - [2024-10-03T22:33:25.543-0400] {dagbag.py:588} INFO - Filling up the DagBag from /home/patrick/.cache/pypoetry/virtualenvs/airflow-wPbgcfzP-py3.10/lib/python3.10/site-packages/airflow/example_dags/plugins/listener_plugin.py
[2024-10-03T22:33:25.545-0400] {processor.py:927} WARNING - No viable dags retrieved from /home/patrick/.cache/pypoetry/virtualenvs/airflow-wPbgcfzP-py3.10/lib/python3.10/site-packages/airflow/example_dags/plugins/listener_plugin.py
[2024-10-03T22:33:28.605-0400] {processor.py:208} INFO - Processing /home/patrick/.cache/pypoetry/virtualenvs/airflow-wPbgcfzP-py3.10/lib/python3.10/site-packages/airflow/example_dags/plugins/listener_plugin.py took 3.068 seconds
[2024-10-03T22:38:42.913-0400] {processor.py:186} INFO - Started process (PID=31262) to work on /home/patrick/.cache/pypoetry/virtualenvs/airflow-wPbgcfzP-py3.10/lib/python3.10/site-packages/airflow/example_dags/plugins/listener_plugin.py
[2024-10-03T22:38:42.914-0400] {processor.py:914} INFO - Processing file /home/patrick/.cache/pypoetry/virtualenvs/airflow-wPbgcfzP-py3.10/lib/python3.10/site-packages/airflow/example_dags/plugins/listener_plugin.py for tasks to queue
[2024-10-03T22:38:42.916-0400] {logging_mixin.py:190} INFO - [2024-10-03T22:38:42.916-0400] {dagbag.py:588} INFO - Filling up the DagBag from /home/patrick/.cache/pypoetry/virtualenvs/airflow-wPbgcfzP-py3.10/lib/python3.10/site-packages/airflow/example_dags/plugins/listener_plugin.py
[2024-10-03T22:38:42.917-0400] {processor.py:927} WARNING - No viable dags retrieved from /home/patrick/.cache/pypoetry/virtualenvs/airflow-wPbgcfzP-py3.10/lib/python3.10/site-packages/airflow/example_dags/plugins/listener_plugin.py
[2024-10-03T22:38:50.276-0400] {processor.py:208} INFO - Processing /home/patrick/.cache/pypoetry/virtualenvs/airflow-wPbgcfzP-py3.10/lib/python3.10/site-packages/airflow/example_dags/plugins/listener_plugin.py took 7.367 seconds
[2024-10-03T22:42:50.199-0400] {processor.py:186} INFO - Started process (PID=32392) to work on /home/patrick/.cache/pypoetry/virtualenvs/airflow-wPbgcfzP-py3.10/lib/python3.10/site-packages/airflow/example_dags/plugins/listener_plugin.py
[2024-10-03T22:42:50.199-0400] {processor.py:914} INFO - Processing file /home/patrick/.cache/pypoetry/virtualenvs/airflow-wPbgcfzP-py3.10/lib/python3.10/site-packages/airflow/example_dags/plugins/listener_plugin.py for tasks to queue
[2024-10-03T22:42:50.201-0400] {logging_mixin.py:190} INFO - [2024-10-03T22:42:50.201-0400] {dagbag.py:588} INFO - Filling up the DagBag from /home/patrick/.cache/pypoetry/virtualenvs/airflow-wPbgcfzP-py3.10/lib/python3.10/site-packages/airflow/example_dags/plugins/listener_plugin.py
[2024-10-03T22:42:50.203-0400] {processor.py:927} WARNING - No viable dags retrieved from /home/patrick/.cache/pypoetry/virtualenvs/airflow-wPbgcfzP-py3.10/lib/python3.10/site-packages/airflow/example_dags/plugins/listener_plugin.py
[2024-10-03T22:42:53.759-0400] {processor.py:208} INFO - Processing /home/patrick/.cache/pypoetry/virtualenvs/airflow-wPbgcfzP-py3.10/lib/python3.10/site-packages/airflow/example_dags/plugins/listener_plugin.py took 3.564 seconds
[2024-10-03T22:48:59.894-0400] {processor.py:186} INFO - Started process (PID=34116) to work on /home/patrick/.cache/pypoetry/virtualenvs/airflow-wPbgcfzP-py3.10/lib/python3.10/site-packages/airflow/example_dags/plugins/listener_plugin.py
[2024-10-03T22:48:59.895-0400] {processor.py:914} INFO - Processing file /home/patrick/.cache/pypoetry/virtualenvs/airflow-wPbgcfzP-py3.10/lib/python3.10/site-packages/airflow/example_dags/plugins/listener_plugin.py for tasks to queue
[2024-10-03T22:48:59.896-0400] {logging_mixin.py:190} INFO - [2024-10-03T22:48:59.896-0400] {dagbag.py:588} INFO - Filling up the DagBag from /home/patrick/.cache/pypoetry/virtualenvs/airflow-wPbgcfzP-py3.10/lib/python3.10/site-packages/airflow/example_dags/plugins/listener_plugin.py
[2024-10-03T22:48:59.898-0400] {processor.py:927} WARNING - No viable dags retrieved from /home/patrick/.cache/pypoetry/virtualenvs/airflow-wPbgcfzP-py3.10/lib/python3.10/site-packages/airflow/example_dags/plugins/listener_plugin.py
[2024-10-03T22:49:05.606-0400] {processor.py:208} INFO - Processing /home/patrick/.cache/pypoetry/virtualenvs/airflow-wPbgcfzP-py3.10/lib/python3.10/site-packages/airflow/example_dags/plugins/listener_plugin.py took 5.717 seconds
[2024-10-03T22:52:59.135-0400] {processor.py:186} INFO - Started process (PID=35224) to work on /home/patrick/.cache/pypoetry/virtualenvs/airflow-wPbgcfzP-py3.10/lib/python3.10/site-packages/airflow/example_dags/plugins/listener_plugin.py
[2024-10-03T22:52:59.136-0400] {processor.py:914} INFO - Processing file /home/patrick/.cache/pypoetry/virtualenvs/airflow-wPbgcfzP-py3.10/lib/python3.10/site-packages/airflow/example_dags/plugins/listener_plugin.py for tasks to queue
[2024-10-03T22:52:59.138-0400] {logging_mixin.py:190} INFO - [2024-10-03T22:52:59.138-0400] {dagbag.py:588} INFO - Filling up the DagBag from /home/patrick/.cache/pypoetry/virtualenvs/airflow-wPbgcfzP-py3.10/lib/python3.10/site-packages/airflow/example_dags/plugins/listener_plugin.py
[2024-10-03T22:52:59.140-0400] {processor.py:927} WARNING - No viable dags retrieved from /home/patrick/.cache/pypoetry/virtualenvs/airflow-wPbgcfzP-py3.10/lib/python3.10/site-packages/airflow/example_dags/plugins/listener_plugin.py
[2024-10-03T22:53:03.761-0400] {processor.py:208} INFO - Processing /home/patrick/.cache/pypoetry/virtualenvs/airflow-wPbgcfzP-py3.10/lib/python3.10/site-packages/airflow/example_dags/plugins/listener_plugin.py took 4.630 seconds
[2024-10-03T22:57:29.277-0400] {processor.py:186} INFO - Started process (PID=36523) to work on /home/patrick/.cache/pypoetry/virtualenvs/airflow-wPbgcfzP-py3.10/lib/python3.10/site-packages/airflow/example_dags/plugins/listener_plugin.py
[2024-10-03T22:57:29.278-0400] {processor.py:914} INFO - Processing file /home/patrick/.cache/pypoetry/virtualenvs/airflow-wPbgcfzP-py3.10/lib/python3.10/site-packages/airflow/example_dags/plugins/listener_plugin.py for tasks to queue
[2024-10-03T22:57:29.280-0400] {logging_mixin.py:190} INFO - [2024-10-03T22:57:29.279-0400] {dagbag.py:588} INFO - Filling up the DagBag from /home/patrick/.cache/pypoetry/virtualenvs/airflow-wPbgcfzP-py3.10/lib/python3.10/site-packages/airflow/example_dags/plugins/listener_plugin.py
[2024-10-03T22:57:29.281-0400] {processor.py:927} WARNING - No viable dags retrieved from /home/patrick/.cache/pypoetry/virtualenvs/airflow-wPbgcfzP-py3.10/lib/python3.10/site-packages/airflow/example_dags/plugins/listener_plugin.py
[2024-10-03T22:57:37.495-0400] {processor.py:208} INFO - Processing /home/patrick/.cache/pypoetry/virtualenvs/airflow-wPbgcfzP-py3.10/lib/python3.10/site-packages/airflow/example_dags/plugins/listener_plugin.py took 8.221 seconds
[2024-10-03T23:01:56.726-0400] {processor.py:186} INFO - Started process (PID=37731) to work on /home/patrick/.cache/pypoetry/virtualenvs/airflow-wPbgcfzP-py3.10/lib/python3.10/site-packages/airflow/example_dags/plugins/listener_plugin.py
[2024-10-03T23:01:56.727-0400] {processor.py:914} INFO - Processing file /home/patrick/.cache/pypoetry/virtualenvs/airflow-wPbgcfzP-py3.10/lib/python3.10/site-packages/airflow/example_dags/plugins/listener_plugin.py for tasks to queue
[2024-10-03T23:01:56.729-0400] {logging_mixin.py:190} INFO - [2024-10-03T23:01:56.729-0400] {dagbag.py:588} INFO - Filling up the DagBag from /home/patrick/.cache/pypoetry/virtualenvs/airflow-wPbgcfzP-py3.10/lib/python3.10/site-packages/airflow/example_dags/plugins/listener_plugin.py
[2024-10-03T23:01:56.731-0400] {processor.py:927} WARNING - No viable dags retrieved from /home/patrick/.cache/pypoetry/virtualenvs/airflow-wPbgcfzP-py3.10/lib/python3.10/site-packages/airflow/example_dags/plugins/listener_plugin.py
[2024-10-03T23:02:00.849-0400] {processor.py:208} INFO - Processing /home/patrick/.cache/pypoetry/virtualenvs/airflow-wPbgcfzP-py3.10/lib/python3.10/site-packages/airflow/example_dags/plugins/listener_plugin.py took 4.126 seconds
[2024-10-03T23:05:22.942-0400] {processor.py:186} INFO - Started process (PID=38640) to work on /home/patrick/.cache/pypoetry/virtualenvs/airflow-wPbgcfzP-py3.10/lib/python3.10/site-packages/airflow/example_dags/plugins/listener_plugin.py
[2024-10-03T23:05:22.943-0400] {processor.py:914} INFO - Processing file /home/patrick/.cache/pypoetry/virtualenvs/airflow-wPbgcfzP-py3.10/lib/python3.10/site-packages/airflow/example_dags/plugins/listener_plugin.py for tasks to queue
[2024-10-03T23:05:22.945-0400] {logging_mixin.py:190} INFO - [2024-10-03T23:05:22.945-0400] {dagbag.py:588} INFO - Filling up the DagBag from /home/patrick/.cache/pypoetry/virtualenvs/airflow-wPbgcfzP-py3.10/lib/python3.10/site-packages/airflow/example_dags/plugins/listener_plugin.py
[2024-10-03T23:05:22.947-0400] {processor.py:927} WARNING - No viable dags retrieved from /home/patrick/.cache/pypoetry/virtualenvs/airflow-wPbgcfzP-py3.10/lib/python3.10/site-packages/airflow/example_dags/plugins/listener_plugin.py
[2024-10-03T23:05:28.423-0400] {processor.py:208} INFO - Processing /home/patrick/.cache/pypoetry/virtualenvs/airflow-wPbgcfzP-py3.10/lib/python3.10/site-packages/airflow/example_dags/plugins/listener_plugin.py took 5.485 seconds
[2024-10-03T23:08:39.764-0400] {processor.py:186} INFO - Started process (PID=39496) to work on /home/patrick/.cache/pypoetry/virtualenvs/airflow-wPbgcfzP-py3.10/lib/python3.10/site-packages/airflow/example_dags/plugins/listener_plugin.py
[2024-10-03T23:08:39.765-0400] {processor.py:914} INFO - Processing file /home/patrick/.cache/pypoetry/virtualenvs/airflow-wPbgcfzP-py3.10/lib/python3.10/site-packages/airflow/example_dags/plugins/listener_plugin.py for tasks to queue
[2024-10-03T23:08:39.767-0400] {logging_mixin.py:190} INFO - [2024-10-03T23:08:39.767-0400] {dagbag.py:588} INFO - Filling up the DagBag from /home/patrick/.cache/pypoetry/virtualenvs/airflow-wPbgcfzP-py3.10/lib/python3.10/site-packages/airflow/example_dags/plugins/listener_plugin.py
[2024-10-03T23:08:39.769-0400] {processor.py:927} WARNING - No viable dags retrieved from /home/patrick/.cache/pypoetry/virtualenvs/airflow-wPbgcfzP-py3.10/lib/python3.10/site-packages/airflow/example_dags/plugins/listener_plugin.py
[2024-10-03T23:08:41.560-0400] {processor.py:208} INFO - Processing /home/patrick/.cache/pypoetry/virtualenvs/airflow-wPbgcfzP-py3.10/lib/python3.10/site-packages/airflow/example_dags/plugins/listener_plugin.py took 1.801 seconds
[2024-10-03T23:13:04.571-0400] {processor.py:186} INFO - Started process (PID=40652) to work on /home/patrick/.cache/pypoetry/virtualenvs/airflow-wPbgcfzP-py3.10/lib/python3.10/site-packages/airflow/example_dags/plugins/listener_plugin.py
[2024-10-03T23:13:04.572-0400] {processor.py:914} INFO - Processing file /home/patrick/.cache/pypoetry/virtualenvs/airflow-wPbgcfzP-py3.10/lib/python3.10/site-packages/airflow/example_dags/plugins/listener_plugin.py for tasks to queue
[2024-10-03T23:13:04.575-0400] {logging_mixin.py:190} INFO - [2024-10-03T23:13:04.574-0400] {dagbag.py:588} INFO - Filling up the DagBag from /home/patrick/.cache/pypoetry/virtualenvs/airflow-wPbgcfzP-py3.10/lib/python3.10/site-packages/airflow/example_dags/plugins/listener_plugin.py
[2024-10-03T23:13:04.577-0400] {processor.py:927} WARNING - No viable dags retrieved from /home/patrick/.cache/pypoetry/virtualenvs/airflow-wPbgcfzP-py3.10/lib/python3.10/site-packages/airflow/example_dags/plugins/listener_plugin.py
[2024-10-03T23:13:09.380-0400] {processor.py:208} INFO - Processing /home/patrick/.cache/pypoetry/virtualenvs/airflow-wPbgcfzP-py3.10/lib/python3.10/site-packages/airflow/example_dags/plugins/listener_plugin.py took 4.816 seconds
[2024-10-03T23:17:34.484-0400] {processor.py:186} INFO - Started process (PID=41817) to work on /home/patrick/.cache/pypoetry/virtualenvs/airflow-wPbgcfzP-py3.10/lib/python3.10/site-packages/airflow/example_dags/plugins/listener_plugin.py
[2024-10-03T23:17:34.491-0400] {processor.py:914} INFO - Processing file /home/patrick/.cache/pypoetry/virtualenvs/airflow-wPbgcfzP-py3.10/lib/python3.10/site-packages/airflow/example_dags/plugins/listener_plugin.py for tasks to queue
[2024-10-03T23:17:34.493-0400] {logging_mixin.py:190} INFO - [2024-10-03T23:17:34.493-0400] {dagbag.py:588} INFO - Filling up the DagBag from /home/patrick/.cache/pypoetry/virtualenvs/airflow-wPbgcfzP-py3.10/lib/python3.10/site-packages/airflow/example_dags/plugins/listener_plugin.py
[2024-10-03T23:17:34.494-0400] {processor.py:927} WARNING - No viable dags retrieved from /home/patrick/.cache/pypoetry/virtualenvs/airflow-wPbgcfzP-py3.10/lib/python3.10/site-packages/airflow/example_dags/plugins/listener_plugin.py
[2024-10-03T23:17:40.522-0400] {processor.py:208} INFO - Processing /home/patrick/.cache/pypoetry/virtualenvs/airflow-wPbgcfzP-py3.10/lib/python3.10/site-packages/airflow/example_dags/plugins/listener_plugin.py took 6.043 seconds
[2024-10-03T23:22:01.158-0400] {processor.py:186} INFO - Started process (PID=42980) to work on /home/patrick/.cache/pypoetry/virtualenvs/airflow-wPbgcfzP-py3.10/lib/python3.10/site-packages/airflow/example_dags/plugins/listener_plugin.py
[2024-10-03T23:22:01.159-0400] {processor.py:914} INFO - Processing file /home/patrick/.cache/pypoetry/virtualenvs/airflow-wPbgcfzP-py3.10/lib/python3.10/site-packages/airflow/example_dags/plugins/listener_plugin.py for tasks to queue
[2024-10-03T23:22:01.161-0400] {logging_mixin.py:190} INFO - [2024-10-03T23:22:01.160-0400] {dagbag.py:588} INFO - Filling up the DagBag from /home/patrick/.cache/pypoetry/virtualenvs/airflow-wPbgcfzP-py3.10/lib/python3.10/site-packages/airflow/example_dags/plugins/listener_plugin.py
[2024-10-03T23:22:01.162-0400] {processor.py:927} WARNING - No viable dags retrieved from /home/patrick/.cache/pypoetry/virtualenvs/airflow-wPbgcfzP-py3.10/lib/python3.10/site-packages/airflow/example_dags/plugins/listener_plugin.py
[2024-10-03T23:22:06.482-0400] {processor.py:208} INFO - Processing /home/patrick/.cache/pypoetry/virtualenvs/airflow-wPbgcfzP-py3.10/lib/python3.10/site-packages/airflow/example_dags/plugins/listener_plugin.py took 5.328 seconds
[2024-10-03T23:24:44.787-0400] {processor.py:186} INFO - Started process (PID=43682) to work on /home/patrick/.cache/pypoetry/virtualenvs/airflow-wPbgcfzP-py3.10/lib/python3.10/site-packages/airflow/example_dags/plugins/listener_plugin.py
[2024-10-03T23:24:44.788-0400] {processor.py:914} INFO - Processing file /home/patrick/.cache/pypoetry/virtualenvs/airflow-wPbgcfzP-py3.10/lib/python3.10/site-packages/airflow/example_dags/plugins/listener_plugin.py for tasks to queue
[2024-10-03T23:24:44.789-0400] {logging_mixin.py:190} INFO - [2024-10-03T23:24:44.789-0400] {dagbag.py:588} INFO - Filling up the DagBag from /home/patrick/.cache/pypoetry/virtualenvs/airflow-wPbgcfzP-py3.10/lib/python3.10/site-packages/airflow/example_dags/plugins/listener_plugin.py
[2024-10-03T23:24:44.791-0400] {processor.py:927} WARNING - No viable dags retrieved from /home/patrick/.cache/pypoetry/virtualenvs/airflow-wPbgcfzP-py3.10/lib/python3.10/site-packages/airflow/example_dags/plugins/listener_plugin.py
[2024-10-03T23:24:47.656-0400] {processor.py:208} INFO - Processing /home/patrick/.cache/pypoetry/virtualenvs/airflow-wPbgcfzP-py3.10/lib/python3.10/site-packages/airflow/example_dags/plugins/listener_plugin.py took 2.873 seconds
[2024-10-03T23:27:32.286-0400] {processor.py:186} INFO - Started process (PID=44392) to work on /home/patrick/.cache/pypoetry/virtualenvs/airflow-wPbgcfzP-py3.10/lib/python3.10/site-packages/airflow/example_dags/plugins/listener_plugin.py
[2024-10-03T23:27:32.287-0400] {processor.py:914} INFO - Processing file /home/patrick/.cache/pypoetry/virtualenvs/airflow-wPbgcfzP-py3.10/lib/python3.10/site-packages/airflow/example_dags/plugins/listener_plugin.py for tasks to queue
[2024-10-03T23:27:32.289-0400] {logging_mixin.py:190} INFO - [2024-10-03T23:27:32.288-0400] {dagbag.py:588} INFO - Filling up the DagBag from /home/patrick/.cache/pypoetry/virtualenvs/airflow-wPbgcfzP-py3.10/lib/python3.10/site-packages/airflow/example_dags/plugins/listener_plugin.py
[2024-10-03T23:27:32.290-0400] {processor.py:927} WARNING - No viable dags retrieved from /home/patrick/.cache/pypoetry/virtualenvs/airflow-wPbgcfzP-py3.10/lib/python3.10/site-packages/airflow/example_dags/plugins/listener_plugin.py
[2024-10-03T23:27:35.781-0400] {processor.py:208} INFO - Processing /home/patrick/.cache/pypoetry/virtualenvs/airflow-wPbgcfzP-py3.10/lib/python3.10/site-packages/airflow/example_dags/plugins/listener_plugin.py took 3.498 seconds
[2024-10-03T23:31:55.375-0400] {processor.py:186} INFO - Started process (PID=45568) to work on /home/patrick/.cache/pypoetry/virtualenvs/airflow-wPbgcfzP-py3.10/lib/python3.10/site-packages/airflow/example_dags/plugins/listener_plugin.py
[2024-10-03T23:31:55.376-0400] {processor.py:914} INFO - Processing file /home/patrick/.cache/pypoetry/virtualenvs/airflow-wPbgcfzP-py3.10/lib/python3.10/site-packages/airflow/example_dags/plugins/listener_plugin.py for tasks to queue
[2024-10-03T23:31:55.378-0400] {logging_mixin.py:190} INFO - [2024-10-03T23:31:55.378-0400] {dagbag.py:588} INFO - Filling up the DagBag from /home/patrick/.cache/pypoetry/virtualenvs/airflow-wPbgcfzP-py3.10/lib/python3.10/site-packages/airflow/example_dags/plugins/listener_plugin.py
[2024-10-03T23:31:55.380-0400] {processor.py:927} WARNING - No viable dags retrieved from /home/patrick/.cache/pypoetry/virtualenvs/airflow-wPbgcfzP-py3.10/lib/python3.10/site-packages/airflow/example_dags/plugins/listener_plugin.py
[2024-10-03T23:31:59.036-0400] {processor.py:208} INFO - Processing /home/patrick/.cache/pypoetry/virtualenvs/airflow-wPbgcfzP-py3.10/lib/python3.10/site-packages/airflow/example_dags/plugins/listener_plugin.py took 3.665 seconds
[2024-10-03T23:36:01.902-0400] {processor.py:186} INFO - Started process (PID=46636) to work on /home/patrick/.cache/pypoetry/virtualenvs/airflow-wPbgcfzP-py3.10/lib/python3.10/site-packages/airflow/example_dags/plugins/listener_plugin.py
[2024-10-03T23:36:01.903-0400] {processor.py:914} INFO - Processing file /home/patrick/.cache/pypoetry/virtualenvs/airflow-wPbgcfzP-py3.10/lib/python3.10/site-packages/airflow/example_dags/plugins/listener_plugin.py for tasks to queue
[2024-10-03T23:36:01.904-0400] {logging_mixin.py:190} INFO - [2024-10-03T23:36:01.904-0400] {dagbag.py:588} INFO - Filling up the DagBag from /home/patrick/.cache/pypoetry/virtualenvs/airflow-wPbgcfzP-py3.10/lib/python3.10/site-packages/airflow/example_dags/plugins/listener_plugin.py
[2024-10-03T23:36:01.906-0400] {processor.py:927} WARNING - No viable dags retrieved from /home/patrick/.cache/pypoetry/virtualenvs/airflow-wPbgcfzP-py3.10/lib/python3.10/site-packages/airflow/example_dags/plugins/listener_plugin.py
[2024-10-03T23:36:07.636-0400] {processor.py:208} INFO - Processing /home/patrick/.cache/pypoetry/virtualenvs/airflow-wPbgcfzP-py3.10/lib/python3.10/site-packages/airflow/example_dags/plugins/listener_plugin.py took 5.738 seconds
[2024-10-03T23:38:52.506-0400] {processor.py:186} INFO - Started process (PID=47358) to work on /home/patrick/.cache/pypoetry/virtualenvs/airflow-wPbgcfzP-py3.10/lib/python3.10/site-packages/airflow/example_dags/plugins/listener_plugin.py
[2024-10-03T23:38:52.509-0400] {processor.py:914} INFO - Processing file /home/patrick/.cache/pypoetry/virtualenvs/airflow-wPbgcfzP-py3.10/lib/python3.10/site-packages/airflow/example_dags/plugins/listener_plugin.py for tasks to queue
[2024-10-03T23:38:52.521-0400] {logging_mixin.py:190} INFO - [2024-10-03T23:38:52.521-0400] {dagbag.py:588} INFO - Filling up the DagBag from /home/patrick/.cache/pypoetry/virtualenvs/airflow-wPbgcfzP-py3.10/lib/python3.10/site-packages/airflow/example_dags/plugins/listener_plugin.py
[2024-10-03T23:38:52.528-0400] {processor.py:927} WARNING - No viable dags retrieved from /home/patrick/.cache/pypoetry/virtualenvs/airflow-wPbgcfzP-py3.10/lib/python3.10/site-packages/airflow/example_dags/plugins/listener_plugin.py
[2024-10-03T23:38:54.647-0400] {processor.py:208} INFO - Processing /home/patrick/.cache/pypoetry/virtualenvs/airflow-wPbgcfzP-py3.10/lib/python3.10/site-packages/airflow/example_dags/plugins/listener_plugin.py took 2.147 seconds
[2024-10-03T23:42:28.611-0400] {processor.py:186} INFO - Started process (PID=48301) to work on /home/patrick/.cache/pypoetry/virtualenvs/airflow-wPbgcfzP-py3.10/lib/python3.10/site-packages/airflow/example_dags/plugins/listener_plugin.py
[2024-10-03T23:42:28.612-0400] {processor.py:914} INFO - Processing file /home/patrick/.cache/pypoetry/virtualenvs/airflow-wPbgcfzP-py3.10/lib/python3.10/site-packages/airflow/example_dags/plugins/listener_plugin.py for tasks to queue
[2024-10-03T23:42:28.613-0400] {logging_mixin.py:190} INFO - [2024-10-03T23:42:28.613-0400] {dagbag.py:588} INFO - Filling up the DagBag from /home/patrick/.cache/pypoetry/virtualenvs/airflow-wPbgcfzP-py3.10/lib/python3.10/site-packages/airflow/example_dags/plugins/listener_plugin.py
[2024-10-03T23:42:28.614-0400] {processor.py:927} WARNING - No viable dags retrieved from /home/patrick/.cache/pypoetry/virtualenvs/airflow-wPbgcfzP-py3.10/lib/python3.10/site-packages/airflow/example_dags/plugins/listener_plugin.py
[2024-10-03T23:42:47.148-0400] {processor.py:208} INFO - Processing /home/patrick/.cache/pypoetry/virtualenvs/airflow-wPbgcfzP-py3.10/lib/python3.10/site-packages/airflow/example_dags/plugins/listener_plugin.py took 18.541 seconds
[2024-10-03T23:46:51.383-0400] {processor.py:186} INFO - Started process (PID=49431) to work on /home/patrick/.cache/pypoetry/virtualenvs/airflow-wPbgcfzP-py3.10/lib/python3.10/site-packages/airflow/example_dags/plugins/listener_plugin.py
[2024-10-03T23:46:51.385-0400] {processor.py:914} INFO - Processing file /home/patrick/.cache/pypoetry/virtualenvs/airflow-wPbgcfzP-py3.10/lib/python3.10/site-packages/airflow/example_dags/plugins/listener_plugin.py for tasks to queue
[2024-10-03T23:46:51.387-0400] {logging_mixin.py:190} INFO - [2024-10-03T23:46:51.386-0400] {dagbag.py:588} INFO - Filling up the DagBag from /home/patrick/.cache/pypoetry/virtualenvs/airflow-wPbgcfzP-py3.10/lib/python3.10/site-packages/airflow/example_dags/plugins/listener_plugin.py
[2024-10-03T23:46:51.388-0400] {processor.py:927} WARNING - No viable dags retrieved from /home/patrick/.cache/pypoetry/virtualenvs/airflow-wPbgcfzP-py3.10/lib/python3.10/site-packages/airflow/example_dags/plugins/listener_plugin.py
[2024-10-03T23:46:54.245-0400] {processor.py:208} INFO - Processing /home/patrick/.cache/pypoetry/virtualenvs/airflow-wPbgcfzP-py3.10/lib/python3.10/site-packages/airflow/example_dags/plugins/listener_plugin.py took 2.865 seconds
[2024-10-03T23:51:07.719-0400] {processor.py:186} INFO - Started process (PID=50528) to work on /home/patrick/.cache/pypoetry/virtualenvs/airflow-wPbgcfzP-py3.10/lib/python3.10/site-packages/airflow/example_dags/plugins/listener_plugin.py
[2024-10-03T23:51:07.720-0400] {processor.py:914} INFO - Processing file /home/patrick/.cache/pypoetry/virtualenvs/airflow-wPbgcfzP-py3.10/lib/python3.10/site-packages/airflow/example_dags/plugins/listener_plugin.py for tasks to queue
[2024-10-03T23:51:07.722-0400] {logging_mixin.py:190} INFO - [2024-10-03T23:51:07.722-0400] {dagbag.py:588} INFO - Filling up the DagBag from /home/patrick/.cache/pypoetry/virtualenvs/airflow-wPbgcfzP-py3.10/lib/python3.10/site-packages/airflow/example_dags/plugins/listener_plugin.py
[2024-10-03T23:51:07.725-0400] {processor.py:927} WARNING - No viable dags retrieved from /home/patrick/.cache/pypoetry/virtualenvs/airflow-wPbgcfzP-py3.10/lib/python3.10/site-packages/airflow/example_dags/plugins/listener_plugin.py
[2024-10-03T23:51:12.115-0400] {processor.py:208} INFO - Processing /home/patrick/.cache/pypoetry/virtualenvs/airflow-wPbgcfzP-py3.10/lib/python3.10/site-packages/airflow/example_dags/plugins/listener_plugin.py took 4.400 seconds
[2024-10-03T23:55:28.137-0400] {processor.py:186} INFO - Started process (PID=51644) to work on /home/patrick/.cache/pypoetry/virtualenvs/airflow-wPbgcfzP-py3.10/lib/python3.10/site-packages/airflow/example_dags/plugins/listener_plugin.py
[2024-10-03T23:55:28.138-0400] {processor.py:914} INFO - Processing file /home/patrick/.cache/pypoetry/virtualenvs/airflow-wPbgcfzP-py3.10/lib/python3.10/site-packages/airflow/example_dags/plugins/listener_plugin.py for tasks to queue
[2024-10-03T23:55:28.139-0400] {logging_mixin.py:190} INFO - [2024-10-03T23:55:28.139-0400] {dagbag.py:588} INFO - Filling up the DagBag from /home/patrick/.cache/pypoetry/virtualenvs/airflow-wPbgcfzP-py3.10/lib/python3.10/site-packages/airflow/example_dags/plugins/listener_plugin.py
[2024-10-03T23:55:28.141-0400] {processor.py:927} WARNING - No viable dags retrieved from /home/patrick/.cache/pypoetry/virtualenvs/airflow-wPbgcfzP-py3.10/lib/python3.10/site-packages/airflow/example_dags/plugins/listener_plugin.py
[2024-10-03T23:55:30.323-0400] {processor.py:208} INFO - Processing /home/patrick/.cache/pypoetry/virtualenvs/airflow-wPbgcfzP-py3.10/lib/python3.10/site-packages/airflow/example_dags/plugins/listener_plugin.py took 2.191 seconds
[2024-10-03T23:59:10.299-0400] {processor.py:186} INFO - Started process (PID=52607) to work on /home/patrick/.cache/pypoetry/virtualenvs/airflow-wPbgcfzP-py3.10/lib/python3.10/site-packages/airflow/example_dags/plugins/listener_plugin.py
[2024-10-03T23:59:10.300-0400] {processor.py:914} INFO - Processing file /home/patrick/.cache/pypoetry/virtualenvs/airflow-wPbgcfzP-py3.10/lib/python3.10/site-packages/airflow/example_dags/plugins/listener_plugin.py for tasks to queue
[2024-10-03T23:59:10.301-0400] {logging_mixin.py:190} INFO - [2024-10-03T23:59:10.301-0400] {dagbag.py:588} INFO - Filling up the DagBag from /home/patrick/.cache/pypoetry/virtualenvs/airflow-wPbgcfzP-py3.10/lib/python3.10/site-packages/airflow/example_dags/plugins/listener_plugin.py
[2024-10-03T23:59:10.303-0400] {processor.py:927} WARNING - No viable dags retrieved from /home/patrick/.cache/pypoetry/virtualenvs/airflow-wPbgcfzP-py3.10/lib/python3.10/site-packages/airflow/example_dags/plugins/listener_plugin.py
[2024-10-03T23:59:11.962-0400] {processor.py:208} INFO - Processing /home/patrick/.cache/pypoetry/virtualenvs/airflow-wPbgcfzP-py3.10/lib/python3.10/site-packages/airflow/example_dags/plugins/listener_plugin.py took 1.667 seconds
[2024-10-04T00:03:43.532-0400] {processor.py:186} INFO - Started process (PID=53834) to work on /home/patrick/.cache/pypoetry/virtualenvs/airflow-wPbgcfzP-py3.10/lib/python3.10/site-packages/airflow/example_dags/plugins/listener_plugin.py
[2024-10-04T00:03:43.533-0400] {processor.py:914} INFO - Processing file /home/patrick/.cache/pypoetry/virtualenvs/airflow-wPbgcfzP-py3.10/lib/python3.10/site-packages/airflow/example_dags/plugins/listener_plugin.py for tasks to queue
[2024-10-04T00:03:43.535-0400] {logging_mixin.py:190} INFO - [2024-10-04T00:03:43.535-0400] {dagbag.py:588} INFO - Filling up the DagBag from /home/patrick/.cache/pypoetry/virtualenvs/airflow-wPbgcfzP-py3.10/lib/python3.10/site-packages/airflow/example_dags/plugins/listener_plugin.py
[2024-10-04T00:03:43.537-0400] {processor.py:927} WARNING - No viable dags retrieved from /home/patrick/.cache/pypoetry/virtualenvs/airflow-wPbgcfzP-py3.10/lib/python3.10/site-packages/airflow/example_dags/plugins/listener_plugin.py
[2024-10-04T00:03:46.654-0400] {processor.py:208} INFO - Processing /home/patrick/.cache/pypoetry/virtualenvs/airflow-wPbgcfzP-py3.10/lib/python3.10/site-packages/airflow/example_dags/plugins/listener_plugin.py took 3.126 seconds
