[2024-10-03T20:46:38.349-0400] {processor.py:186} INFO - Started process (PID=1533) to work on /home/patrick/.cache/pypoetry/virtualenvs/airflow-wPbgcfzP-py3.10/lib/python3.10/site-packages/airflow/example_dags/plugins/workday.py
[2024-10-03T20:46:38.351-0400] {processor.py:914} INFO - Processing file /home/patrick/.cache/pypoetry/virtualenvs/airflow-wPbgcfzP-py3.10/lib/python3.10/site-packages/airflow/example_dags/plugins/workday.py for tasks to queue
[2024-10-03T20:46:38.352-0400] {logging_mixin.py:190} INFO - [2024-10-03T20:46:38.352-0400] {dagbag.py:588} INFO - Filling up the DagBag from /home/patrick/.cache/pypoetry/virtualenvs/airflow-wPbgcfzP-py3.10/lib/python3.10/site-packages/airflow/example_dags/plugins/workday.py
[2024-10-03T20:46:38.357-0400] {processor.py:927} WARNING - No viable dags retrieved from /home/patrick/.cache/pypoetry/virtualenvs/airflow-wPbgcfzP-py3.10/lib/python3.10/site-packages/airflow/example_dags/plugins/workday.py
[2024-10-03T20:46:46.307-0400] {processor.py:208} INFO - Processing /home/patrick/.cache/pypoetry/virtualenvs/airflow-wPbgcfzP-py3.10/lib/python3.10/site-packages/airflow/example_dags/plugins/workday.py took 7.961 seconds
[2024-10-03T21:00:04.773-0400] {processor.py:186} INFO - Started process (PID=4948) to work on /home/patrick/.cache/pypoetry/virtualenvs/airflow-wPbgcfzP-py3.10/lib/python3.10/site-packages/airflow/example_dags/plugins/workday.py
[2024-10-03T21:00:04.773-0400] {processor.py:914} INFO - Processing file /home/patrick/.cache/pypoetry/virtualenvs/airflow-wPbgcfzP-py3.10/lib/python3.10/site-packages/airflow/example_dags/plugins/workday.py for tasks to queue
[2024-10-03T21:00:04.774-0400] {logging_mixin.py:190} INFO - [2024-10-03T21:00:04.774-0400] {dagbag.py:588} INFO - Filling up the DagBag from /home/patrick/.cache/pypoetry/virtualenvs/airflow-wPbgcfzP-py3.10/lib/python3.10/site-packages/airflow/example_dags/plugins/workday.py
[2024-10-03T21:00:04.776-0400] {processor.py:927} WARNING - No viable dags retrieved from /home/patrick/.cache/pypoetry/virtualenvs/airflow-wPbgcfzP-py3.10/lib/python3.10/site-packages/airflow/example_dags/plugins/workday.py
[2024-10-03T21:00:11.283-0400] {processor.py:208} INFO - Processing /home/patrick/.cache/pypoetry/virtualenvs/airflow-wPbgcfzP-py3.10/lib/python3.10/site-packages/airflow/example_dags/plugins/workday.py took 6.514 seconds
[2024-10-03T21:03:47.396-0400] {processor.py:186} INFO - Started process (PID=5883) to work on /home/patrick/.cache/pypoetry/virtualenvs/airflow-wPbgcfzP-py3.10/lib/python3.10/site-packages/airflow/example_dags/plugins/workday.py
[2024-10-03T21:03:47.397-0400] {processor.py:914} INFO - Processing file /home/patrick/.cache/pypoetry/virtualenvs/airflow-wPbgcfzP-py3.10/lib/python3.10/site-packages/airflow/example_dags/plugins/workday.py for tasks to queue
[2024-10-03T21:03:47.398-0400] {logging_mixin.py:190} INFO - [2024-10-03T21:03:47.398-0400] {dagbag.py:588} INFO - Filling up the DagBag from /home/patrick/.cache/pypoetry/virtualenvs/airflow-wPbgcfzP-py3.10/lib/python3.10/site-packages/airflow/example_dags/plugins/workday.py
[2024-10-03T21:03:47.400-0400] {processor.py:927} WARNING - No viable dags retrieved from /home/patrick/.cache/pypoetry/virtualenvs/airflow-wPbgcfzP-py3.10/lib/python3.10/site-packages/airflow/example_dags/plugins/workday.py
[2024-10-03T21:03:55.752-0400] {processor.py:208} INFO - Processing /home/patrick/.cache/pypoetry/virtualenvs/airflow-wPbgcfzP-py3.10/lib/python3.10/site-packages/airflow/example_dags/plugins/workday.py took 8.360 seconds
[2024-10-03T21:05:49.694-0400] {processor.py:186} INFO - Started process (PID=6415) to work on /home/patrick/.cache/pypoetry/virtualenvs/airflow-wPbgcfzP-py3.10/lib/python3.10/site-packages/airflow/example_dags/plugins/workday.py
[2024-10-03T21:05:49.695-0400] {processor.py:914} INFO - Processing file /home/patrick/.cache/pypoetry/virtualenvs/airflow-wPbgcfzP-py3.10/lib/python3.10/site-packages/airflow/example_dags/plugins/workday.py for tasks to queue
[2024-10-03T21:05:49.696-0400] {logging_mixin.py:190} INFO - [2024-10-03T21:05:49.696-0400] {dagbag.py:588} INFO - Filling up the DagBag from /home/patrick/.cache/pypoetry/virtualenvs/airflow-wPbgcfzP-py3.10/lib/python3.10/site-packages/airflow/example_dags/plugins/workday.py
[2024-10-03T21:05:49.697-0400] {processor.py:927} WARNING - No viable dags retrieved from /home/patrick/.cache/pypoetry/virtualenvs/airflow-wPbgcfzP-py3.10/lib/python3.10/site-packages/airflow/example_dags/plugins/workday.py
[2024-10-03T21:05:53.923-0400] {processor.py:208} INFO - Processing /home/patrick/.cache/pypoetry/virtualenvs/airflow-wPbgcfzP-py3.10/lib/python3.10/site-packages/airflow/example_dags/plugins/workday.py took 4.233 seconds
[2024-10-03T21:08:05.964-0400] {processor.py:186} INFO - Started process (PID=7001) to work on /home/patrick/.cache/pypoetry/virtualenvs/airflow-wPbgcfzP-py3.10/lib/python3.10/site-packages/airflow/example_dags/plugins/workday.py
[2024-10-03T21:08:05.965-0400] {processor.py:914} INFO - Processing file /home/patrick/.cache/pypoetry/virtualenvs/airflow-wPbgcfzP-py3.10/lib/python3.10/site-packages/airflow/example_dags/plugins/workday.py for tasks to queue
[2024-10-03T21:08:05.966-0400] {logging_mixin.py:190} INFO - [2024-10-03T21:08:05.966-0400] {dagbag.py:588} INFO - Filling up the DagBag from /home/patrick/.cache/pypoetry/virtualenvs/airflow-wPbgcfzP-py3.10/lib/python3.10/site-packages/airflow/example_dags/plugins/workday.py
[2024-10-03T21:08:05.968-0400] {processor.py:927} WARNING - No viable dags retrieved from /home/patrick/.cache/pypoetry/virtualenvs/airflow-wPbgcfzP-py3.10/lib/python3.10/site-packages/airflow/example_dags/plugins/workday.py
[2024-10-03T21:08:12.520-0400] {processor.py:208} INFO - Processing /home/patrick/.cache/pypoetry/virtualenvs/airflow-wPbgcfzP-py3.10/lib/python3.10/site-packages/airflow/example_dags/plugins/workday.py took 6.560 seconds
[2024-10-03T21:10:18.297-0400] {processor.py:186} INFO - Started process (PID=7571) to work on /home/patrick/.cache/pypoetry/virtualenvs/airflow-wPbgcfzP-py3.10/lib/python3.10/site-packages/airflow/example_dags/plugins/workday.py
[2024-10-03T21:10:18.298-0400] {processor.py:914} INFO - Processing file /home/patrick/.cache/pypoetry/virtualenvs/airflow-wPbgcfzP-py3.10/lib/python3.10/site-packages/airflow/example_dags/plugins/workday.py for tasks to queue
[2024-10-03T21:10:18.299-0400] {logging_mixin.py:190} INFO - [2024-10-03T21:10:18.298-0400] {dagbag.py:588} INFO - Filling up the DagBag from /home/patrick/.cache/pypoetry/virtualenvs/airflow-wPbgcfzP-py3.10/lib/python3.10/site-packages/airflow/example_dags/plugins/workday.py
[2024-10-03T21:10:18.300-0400] {processor.py:927} WARNING - No viable dags retrieved from /home/patrick/.cache/pypoetry/virtualenvs/airflow-wPbgcfzP-py3.10/lib/python3.10/site-packages/airflow/example_dags/plugins/workday.py
[2024-10-03T21:10:38.420-0400] {processor.py:208} INFO - Processing /home/patrick/.cache/pypoetry/virtualenvs/airflow-wPbgcfzP-py3.10/lib/python3.10/site-packages/airflow/example_dags/plugins/workday.py took 20.127 seconds
[2024-10-03T21:14:04.040-0400] {processor.py:186} INFO - Started process (PID=8614) to work on /home/patrick/.cache/pypoetry/virtualenvs/airflow-wPbgcfzP-py3.10/lib/python3.10/site-packages/airflow/example_dags/plugins/workday.py
[2024-10-03T21:14:04.041-0400] {processor.py:914} INFO - Processing file /home/patrick/.cache/pypoetry/virtualenvs/airflow-wPbgcfzP-py3.10/lib/python3.10/site-packages/airflow/example_dags/plugins/workday.py for tasks to queue
[2024-10-03T21:14:04.042-0400] {logging_mixin.py:190} INFO - [2024-10-03T21:14:04.042-0400] {dagbag.py:588} INFO - Filling up the DagBag from /home/patrick/.cache/pypoetry/virtualenvs/airflow-wPbgcfzP-py3.10/lib/python3.10/site-packages/airflow/example_dags/plugins/workday.py
[2024-10-03T21:14:04.044-0400] {processor.py:927} WARNING - No viable dags retrieved from /home/patrick/.cache/pypoetry/virtualenvs/airflow-wPbgcfzP-py3.10/lib/python3.10/site-packages/airflow/example_dags/plugins/workday.py
[2024-10-03T21:14:16.019-0400] {processor.py:208} INFO - Processing /home/patrick/.cache/pypoetry/virtualenvs/airflow-wPbgcfzP-py3.10/lib/python3.10/site-packages/airflow/example_dags/plugins/workday.py took 11.982 seconds
[2024-10-03T21:17:05.292-0400] {processor.py:186} INFO - Started process (PID=9476) to work on /home/patrick/.cache/pypoetry/virtualenvs/airflow-wPbgcfzP-py3.10/lib/python3.10/site-packages/airflow/example_dags/plugins/workday.py
[2024-10-03T21:17:05.293-0400] {processor.py:914} INFO - Processing file /home/patrick/.cache/pypoetry/virtualenvs/airflow-wPbgcfzP-py3.10/lib/python3.10/site-packages/airflow/example_dags/plugins/workday.py for tasks to queue
[2024-10-03T21:17:05.294-0400] {logging_mixin.py:190} INFO - [2024-10-03T21:17:05.294-0400] {dagbag.py:588} INFO - Filling up the DagBag from /home/patrick/.cache/pypoetry/virtualenvs/airflow-wPbgcfzP-py3.10/lib/python3.10/site-packages/airflow/example_dags/plugins/workday.py
[2024-10-03T21:17:05.296-0400] {processor.py:927} WARNING - No viable dags retrieved from /home/patrick/.cache/pypoetry/virtualenvs/airflow-wPbgcfzP-py3.10/lib/python3.10/site-packages/airflow/example_dags/plugins/workday.py
[2024-10-03T21:17:13.004-0400] {processor.py:208} INFO - Processing /home/patrick/.cache/pypoetry/virtualenvs/airflow-wPbgcfzP-py3.10/lib/python3.10/site-packages/airflow/example_dags/plugins/workday.py took 7.716 seconds
[2024-10-03T21:21:38.186-0400] {processor.py:186} INFO - Started process (PID=10701) to work on /home/patrick/.cache/pypoetry/virtualenvs/airflow-wPbgcfzP-py3.10/lib/python3.10/site-packages/airflow/example_dags/plugins/workday.py
[2024-10-03T21:21:38.186-0400] {processor.py:914} INFO - Processing file /home/patrick/.cache/pypoetry/virtualenvs/airflow-wPbgcfzP-py3.10/lib/python3.10/site-packages/airflow/example_dags/plugins/workday.py for tasks to queue
[2024-10-03T21:21:38.188-0400] {logging_mixin.py:190} INFO - [2024-10-03T21:21:38.188-0400] {dagbag.py:588} INFO - Filling up the DagBag from /home/patrick/.cache/pypoetry/virtualenvs/airflow-wPbgcfzP-py3.10/lib/python3.10/site-packages/airflow/example_dags/plugins/workday.py
[2024-10-03T21:21:38.190-0400] {processor.py:927} WARNING - No viable dags retrieved from /home/patrick/.cache/pypoetry/virtualenvs/airflow-wPbgcfzP-py3.10/lib/python3.10/site-packages/airflow/example_dags/plugins/workday.py
[2024-10-03T21:21:40.851-0400] {processor.py:208} INFO - Processing /home/patrick/.cache/pypoetry/virtualenvs/airflow-wPbgcfzP-py3.10/lib/python3.10/site-packages/airflow/example_dags/plugins/workday.py took 2.669 seconds
[2024-10-03T21:24:08.640-0400] {processor.py:186} INFO - Started process (PID=11354) to work on /home/patrick/.cache/pypoetry/virtualenvs/airflow-wPbgcfzP-py3.10/lib/python3.10/site-packages/airflow/example_dags/plugins/workday.py
[2024-10-03T21:24:08.641-0400] {processor.py:914} INFO - Processing file /home/patrick/.cache/pypoetry/virtualenvs/airflow-wPbgcfzP-py3.10/lib/python3.10/site-packages/airflow/example_dags/plugins/workday.py for tasks to queue
[2024-10-03T21:24:08.642-0400] {logging_mixin.py:190} INFO - [2024-10-03T21:24:08.642-0400] {dagbag.py:588} INFO - Filling up the DagBag from /home/patrick/.cache/pypoetry/virtualenvs/airflow-wPbgcfzP-py3.10/lib/python3.10/site-packages/airflow/example_dags/plugins/workday.py
[2024-10-03T21:24:08.643-0400] {processor.py:927} WARNING - No viable dags retrieved from /home/patrick/.cache/pypoetry/virtualenvs/airflow-wPbgcfzP-py3.10/lib/python3.10/site-packages/airflow/example_dags/plugins/workday.py
[2024-10-03T21:24:16.637-0400] {processor.py:208} INFO - Processing /home/patrick/.cache/pypoetry/virtualenvs/airflow-wPbgcfzP-py3.10/lib/python3.10/site-packages/airflow/example_dags/plugins/workday.py took 8.000 seconds
[2024-10-03T21:26:47.579-0400] {processor.py:186} INFO - Started process (PID=12029) to work on /home/patrick/.cache/pypoetry/virtualenvs/airflow-wPbgcfzP-py3.10/lib/python3.10/site-packages/airflow/example_dags/plugins/workday.py
[2024-10-03T21:26:47.582-0400] {processor.py:914} INFO - Processing file /home/patrick/.cache/pypoetry/virtualenvs/airflow-wPbgcfzP-py3.10/lib/python3.10/site-packages/airflow/example_dags/plugins/workday.py for tasks to queue
[2024-10-03T21:26:47.584-0400] {logging_mixin.py:190} INFO - [2024-10-03T21:26:47.583-0400] {dagbag.py:588} INFO - Filling up the DagBag from /home/patrick/.cache/pypoetry/virtualenvs/airflow-wPbgcfzP-py3.10/lib/python3.10/site-packages/airflow/example_dags/plugins/workday.py
[2024-10-03T21:26:47.586-0400] {processor.py:927} WARNING - No viable dags retrieved from /home/patrick/.cache/pypoetry/virtualenvs/airflow-wPbgcfzP-py3.10/lib/python3.10/site-packages/airflow/example_dags/plugins/workday.py
[2024-10-03T21:26:53.145-0400] {processor.py:208} INFO - Processing /home/patrick/.cache/pypoetry/virtualenvs/airflow-wPbgcfzP-py3.10/lib/python3.10/site-packages/airflow/example_dags/plugins/workday.py took 5.570 seconds
[2024-10-03T21:29:25.199-0400] {processor.py:186} INFO - Started process (PID=12784) to work on /home/patrick/.cache/pypoetry/virtualenvs/airflow-wPbgcfzP-py3.10/lib/python3.10/site-packages/airflow/example_dags/plugins/workday.py
[2024-10-03T21:29:25.200-0400] {processor.py:914} INFO - Processing file /home/patrick/.cache/pypoetry/virtualenvs/airflow-wPbgcfzP-py3.10/lib/python3.10/site-packages/airflow/example_dags/plugins/workday.py for tasks to queue
[2024-10-03T21:29:25.202-0400] {logging_mixin.py:190} INFO - [2024-10-03T21:29:25.202-0400] {dagbag.py:588} INFO - Filling up the DagBag from /home/patrick/.cache/pypoetry/virtualenvs/airflow-wPbgcfzP-py3.10/lib/python3.10/site-packages/airflow/example_dags/plugins/workday.py
[2024-10-03T21:29:25.204-0400] {processor.py:927} WARNING - No viable dags retrieved from /home/patrick/.cache/pypoetry/virtualenvs/airflow-wPbgcfzP-py3.10/lib/python3.10/site-packages/airflow/example_dags/plugins/workday.py
[2024-10-03T21:29:26.920-0400] {processor.py:208} INFO - Processing /home/patrick/.cache/pypoetry/virtualenvs/airflow-wPbgcfzP-py3.10/lib/python3.10/site-packages/airflow/example_dags/plugins/workday.py took 1.724 seconds
[2024-10-03T21:33:12.631-0400] {processor.py:186} INFO - Started process (PID=13746) to work on /home/patrick/.cache/pypoetry/virtualenvs/airflow-wPbgcfzP-py3.10/lib/python3.10/site-packages/airflow/example_dags/plugins/workday.py
[2024-10-03T21:33:12.632-0400] {processor.py:914} INFO - Processing file /home/patrick/.cache/pypoetry/virtualenvs/airflow-wPbgcfzP-py3.10/lib/python3.10/site-packages/airflow/example_dags/plugins/workday.py for tasks to queue
[2024-10-03T21:33:12.634-0400] {logging_mixin.py:190} INFO - [2024-10-03T21:33:12.634-0400] {dagbag.py:588} INFO - Filling up the DagBag from /home/patrick/.cache/pypoetry/virtualenvs/airflow-wPbgcfzP-py3.10/lib/python3.10/site-packages/airflow/example_dags/plugins/workday.py
[2024-10-03T21:33:12.635-0400] {processor.py:927} WARNING - No viable dags retrieved from /home/patrick/.cache/pypoetry/virtualenvs/airflow-wPbgcfzP-py3.10/lib/python3.10/site-packages/airflow/example_dags/plugins/workday.py
[2024-10-03T21:33:15.589-0400] {processor.py:208} INFO - Processing /home/patrick/.cache/pypoetry/virtualenvs/airflow-wPbgcfzP-py3.10/lib/python3.10/site-packages/airflow/example_dags/plugins/workday.py took 2.961 seconds
[2024-10-03T21:39:20.172-0400] {processor.py:186} INFO - Started process (PID=15450) to work on /home/patrick/.cache/pypoetry/virtualenvs/airflow-wPbgcfzP-py3.10/lib/python3.10/site-packages/airflow/example_dags/plugins/workday.py
[2024-10-03T21:39:20.174-0400] {processor.py:914} INFO - Processing file /home/patrick/.cache/pypoetry/virtualenvs/airflow-wPbgcfzP-py3.10/lib/python3.10/site-packages/airflow/example_dags/plugins/workday.py for tasks to queue
[2024-10-03T21:39:20.176-0400] {logging_mixin.py:190} INFO - [2024-10-03T21:39:20.175-0400] {dagbag.py:588} INFO - Filling up the DagBag from /home/patrick/.cache/pypoetry/virtualenvs/airflow-wPbgcfzP-py3.10/lib/python3.10/site-packages/airflow/example_dags/plugins/workday.py
[2024-10-03T21:39:20.178-0400] {processor.py:927} WARNING - No viable dags retrieved from /home/patrick/.cache/pypoetry/virtualenvs/airflow-wPbgcfzP-py3.10/lib/python3.10/site-packages/airflow/example_dags/plugins/workday.py
[2024-10-03T21:39:23.125-0400] {processor.py:208} INFO - Processing /home/patrick/.cache/pypoetry/virtualenvs/airflow-wPbgcfzP-py3.10/lib/python3.10/site-packages/airflow/example_dags/plugins/workday.py took 2.957 seconds
[2024-10-03T21:41:58.451-0400] {processor.py:186} INFO - Started process (PID=16161) to work on /home/patrick/.cache/pypoetry/virtualenvs/airflow-wPbgcfzP-py3.10/lib/python3.10/site-packages/airflow/example_dags/plugins/workday.py
[2024-10-03T21:41:58.452-0400] {processor.py:914} INFO - Processing file /home/patrick/.cache/pypoetry/virtualenvs/airflow-wPbgcfzP-py3.10/lib/python3.10/site-packages/airflow/example_dags/plugins/workday.py for tasks to queue
[2024-10-03T21:41:58.455-0400] {logging_mixin.py:190} INFO - [2024-10-03T21:41:58.454-0400] {dagbag.py:588} INFO - Filling up the DagBag from /home/patrick/.cache/pypoetry/virtualenvs/airflow-wPbgcfzP-py3.10/lib/python3.10/site-packages/airflow/example_dags/plugins/workday.py
[2024-10-03T21:41:58.457-0400] {processor.py:927} WARNING - No viable dags retrieved from /home/patrick/.cache/pypoetry/virtualenvs/airflow-wPbgcfzP-py3.10/lib/python3.10/site-packages/airflow/example_dags/plugins/workday.py
[2024-10-03T21:42:05.071-0400] {processor.py:208} INFO - Processing /home/patrick/.cache/pypoetry/virtualenvs/airflow-wPbgcfzP-py3.10/lib/python3.10/site-packages/airflow/example_dags/plugins/workday.py took 6.624 seconds
[2024-10-03T21:44:48.135-0400] {processor.py:186} INFO - Started process (PID=16913) to work on /home/patrick/.cache/pypoetry/virtualenvs/airflow-wPbgcfzP-py3.10/lib/python3.10/site-packages/airflow/example_dags/plugins/workday.py
[2024-10-03T21:44:48.136-0400] {processor.py:914} INFO - Processing file /home/patrick/.cache/pypoetry/virtualenvs/airflow-wPbgcfzP-py3.10/lib/python3.10/site-packages/airflow/example_dags/plugins/workday.py for tasks to queue
[2024-10-03T21:44:48.138-0400] {logging_mixin.py:190} INFO - [2024-10-03T21:44:48.138-0400] {dagbag.py:588} INFO - Filling up the DagBag from /home/patrick/.cache/pypoetry/virtualenvs/airflow-wPbgcfzP-py3.10/lib/python3.10/site-packages/airflow/example_dags/plugins/workday.py
[2024-10-03T21:44:48.141-0400] {processor.py:927} WARNING - No viable dags retrieved from /home/patrick/.cache/pypoetry/virtualenvs/airflow-wPbgcfzP-py3.10/lib/python3.10/site-packages/airflow/example_dags/plugins/workday.py
[2024-10-03T21:44:51.202-0400] {processor.py:208} INFO - Processing /home/patrick/.cache/pypoetry/virtualenvs/airflow-wPbgcfzP-py3.10/lib/python3.10/site-packages/airflow/example_dags/plugins/workday.py took 3.071 seconds
[2024-10-03T21:47:24.742-0400] {processor.py:186} INFO - Started process (PID=17633) to work on /home/patrick/.cache/pypoetry/virtualenvs/airflow-wPbgcfzP-py3.10/lib/python3.10/site-packages/airflow/example_dags/plugins/workday.py
[2024-10-03T21:47:24.743-0400] {processor.py:914} INFO - Processing file /home/patrick/.cache/pypoetry/virtualenvs/airflow-wPbgcfzP-py3.10/lib/python3.10/site-packages/airflow/example_dags/plugins/workday.py for tasks to queue
[2024-10-03T21:47:24.744-0400] {logging_mixin.py:190} INFO - [2024-10-03T21:47:24.744-0400] {dagbag.py:588} INFO - Filling up the DagBag from /home/patrick/.cache/pypoetry/virtualenvs/airflow-wPbgcfzP-py3.10/lib/python3.10/site-packages/airflow/example_dags/plugins/workday.py
[2024-10-03T21:47:24.751-0400] {processor.py:927} WARNING - No viable dags retrieved from /home/patrick/.cache/pypoetry/virtualenvs/airflow-wPbgcfzP-py3.10/lib/python3.10/site-packages/airflow/example_dags/plugins/workday.py
[2024-10-03T21:47:27.514-0400] {processor.py:208} INFO - Processing /home/patrick/.cache/pypoetry/virtualenvs/airflow-wPbgcfzP-py3.10/lib/python3.10/site-packages/airflow/example_dags/plugins/workday.py took 2.775 seconds
[2024-10-03T21:51:28.048-0400] {processor.py:186} INFO - Started process (PID=18676) to work on /home/patrick/.cache/pypoetry/virtualenvs/airflow-wPbgcfzP-py3.10/lib/python3.10/site-packages/airflow/example_dags/plugins/workday.py
[2024-10-03T21:51:28.048-0400] {processor.py:914} INFO - Processing file /home/patrick/.cache/pypoetry/virtualenvs/airflow-wPbgcfzP-py3.10/lib/python3.10/site-packages/airflow/example_dags/plugins/workday.py for tasks to queue
[2024-10-03T21:51:28.050-0400] {logging_mixin.py:190} INFO - [2024-10-03T21:51:28.049-0400] {dagbag.py:588} INFO - Filling up the DagBag from /home/patrick/.cache/pypoetry/virtualenvs/airflow-wPbgcfzP-py3.10/lib/python3.10/site-packages/airflow/example_dags/plugins/workday.py
[2024-10-03T21:51:28.051-0400] {processor.py:927} WARNING - No viable dags retrieved from /home/patrick/.cache/pypoetry/virtualenvs/airflow-wPbgcfzP-py3.10/lib/python3.10/site-packages/airflow/example_dags/plugins/workday.py
[2024-10-03T21:51:31.358-0400] {processor.py:208} INFO - Processing /home/patrick/.cache/pypoetry/virtualenvs/airflow-wPbgcfzP-py3.10/lib/python3.10/site-packages/airflow/example_dags/plugins/workday.py took 3.314 seconds
[2024-10-03T21:55:27.806-0400] {processor.py:186} INFO - Started process (PID=19700) to work on /home/patrick/.cache/pypoetry/virtualenvs/airflow-wPbgcfzP-py3.10/lib/python3.10/site-packages/airflow/example_dags/plugins/workday.py
[2024-10-03T21:55:27.807-0400] {processor.py:914} INFO - Processing file /home/patrick/.cache/pypoetry/virtualenvs/airflow-wPbgcfzP-py3.10/lib/python3.10/site-packages/airflow/example_dags/plugins/workday.py for tasks to queue
[2024-10-03T21:55:27.808-0400] {logging_mixin.py:190} INFO - [2024-10-03T21:55:27.808-0400] {dagbag.py:588} INFO - Filling up the DagBag from /home/patrick/.cache/pypoetry/virtualenvs/airflow-wPbgcfzP-py3.10/lib/python3.10/site-packages/airflow/example_dags/plugins/workday.py
[2024-10-03T21:55:27.810-0400] {processor.py:927} WARNING - No viable dags retrieved from /home/patrick/.cache/pypoetry/virtualenvs/airflow-wPbgcfzP-py3.10/lib/python3.10/site-packages/airflow/example_dags/plugins/workday.py
[2024-10-03T21:55:30.070-0400] {processor.py:208} INFO - Processing /home/patrick/.cache/pypoetry/virtualenvs/airflow-wPbgcfzP-py3.10/lib/python3.10/site-packages/airflow/example_dags/plugins/workday.py took 2.268 seconds
[2024-10-03T21:59:18.841-0400] {processor.py:186} INFO - Started process (PID=20697) to work on /home/patrick/.cache/pypoetry/virtualenvs/airflow-wPbgcfzP-py3.10/lib/python3.10/site-packages/airflow/example_dags/plugins/workday.py
[2024-10-03T21:59:18.842-0400] {processor.py:914} INFO - Processing file /home/patrick/.cache/pypoetry/virtualenvs/airflow-wPbgcfzP-py3.10/lib/python3.10/site-packages/airflow/example_dags/plugins/workday.py for tasks to queue
[2024-10-03T21:59:18.843-0400] {logging_mixin.py:190} INFO - [2024-10-03T21:59:18.843-0400] {dagbag.py:588} INFO - Filling up the DagBag from /home/patrick/.cache/pypoetry/virtualenvs/airflow-wPbgcfzP-py3.10/lib/python3.10/site-packages/airflow/example_dags/plugins/workday.py
[2024-10-03T21:59:18.845-0400] {processor.py:927} WARNING - No viable dags retrieved from /home/patrick/.cache/pypoetry/virtualenvs/airflow-wPbgcfzP-py3.10/lib/python3.10/site-packages/airflow/example_dags/plugins/workday.py
[2024-10-03T21:59:22.756-0400] {processor.py:208} INFO - Processing /home/patrick/.cache/pypoetry/virtualenvs/airflow-wPbgcfzP-py3.10/lib/python3.10/site-packages/airflow/example_dags/plugins/workday.py took 3.919 seconds
[2024-10-03T22:03:47.946-0400] {processor.py:186} INFO - Started process (PID=21840) to work on /home/patrick/.cache/pypoetry/virtualenvs/airflow-wPbgcfzP-py3.10/lib/python3.10/site-packages/airflow/example_dags/plugins/workday.py
[2024-10-03T22:03:47.947-0400] {processor.py:914} INFO - Processing file /home/patrick/.cache/pypoetry/virtualenvs/airflow-wPbgcfzP-py3.10/lib/python3.10/site-packages/airflow/example_dags/plugins/workday.py for tasks to queue
[2024-10-03T22:03:47.948-0400] {logging_mixin.py:190} INFO - [2024-10-03T22:03:47.948-0400] {dagbag.py:588} INFO - Filling up the DagBag from /home/patrick/.cache/pypoetry/virtualenvs/airflow-wPbgcfzP-py3.10/lib/python3.10/site-packages/airflow/example_dags/plugins/workday.py
[2024-10-03T22:03:47.950-0400] {processor.py:927} WARNING - No viable dags retrieved from /home/patrick/.cache/pypoetry/virtualenvs/airflow-wPbgcfzP-py3.10/lib/python3.10/site-packages/airflow/example_dags/plugins/workday.py
[2024-10-03T22:03:52.166-0400] {processor.py:208} INFO - Processing /home/patrick/.cache/pypoetry/virtualenvs/airflow-wPbgcfzP-py3.10/lib/python3.10/site-packages/airflow/example_dags/plugins/workday.py took 4.223 seconds
[2024-10-03T22:08:20.384-0400] {processor.py:186} INFO - Started process (PID=23002) to work on /home/patrick/.cache/pypoetry/virtualenvs/airflow-wPbgcfzP-py3.10/lib/python3.10/site-packages/airflow/example_dags/plugins/workday.py
[2024-10-03T22:08:20.384-0400] {processor.py:914} INFO - Processing file /home/patrick/.cache/pypoetry/virtualenvs/airflow-wPbgcfzP-py3.10/lib/python3.10/site-packages/airflow/example_dags/plugins/workday.py for tasks to queue
[2024-10-03T22:08:20.386-0400] {logging_mixin.py:190} INFO - [2024-10-03T22:08:20.386-0400] {dagbag.py:588} INFO - Filling up the DagBag from /home/patrick/.cache/pypoetry/virtualenvs/airflow-wPbgcfzP-py3.10/lib/python3.10/site-packages/airflow/example_dags/plugins/workday.py
[2024-10-03T22:08:20.388-0400] {processor.py:927} WARNING - No viable dags retrieved from /home/patrick/.cache/pypoetry/virtualenvs/airflow-wPbgcfzP-py3.10/lib/python3.10/site-packages/airflow/example_dags/plugins/workday.py
[2024-10-03T22:08:29.627-0400] {processor.py:208} INFO - Processing /home/patrick/.cache/pypoetry/virtualenvs/airflow-wPbgcfzP-py3.10/lib/python3.10/site-packages/airflow/example_dags/plugins/workday.py took 9.248 seconds
[2024-10-03T22:11:14.143-0400] {processor.py:186} INFO - Started process (PID=23808) to work on /home/patrick/.cache/pypoetry/virtualenvs/airflow-wPbgcfzP-py3.10/lib/python3.10/site-packages/airflow/example_dags/plugins/workday.py
[2024-10-03T22:11:14.144-0400] {processor.py:914} INFO - Processing file /home/patrick/.cache/pypoetry/virtualenvs/airflow-wPbgcfzP-py3.10/lib/python3.10/site-packages/airflow/example_dags/plugins/workday.py for tasks to queue
[2024-10-03T22:11:14.145-0400] {logging_mixin.py:190} INFO - [2024-10-03T22:11:14.145-0400] {dagbag.py:588} INFO - Filling up the DagBag from /home/patrick/.cache/pypoetry/virtualenvs/airflow-wPbgcfzP-py3.10/lib/python3.10/site-packages/airflow/example_dags/plugins/workday.py
[2024-10-03T22:11:14.147-0400] {processor.py:927} WARNING - No viable dags retrieved from /home/patrick/.cache/pypoetry/virtualenvs/airflow-wPbgcfzP-py3.10/lib/python3.10/site-packages/airflow/example_dags/plugins/workday.py
[2024-10-03T22:11:16.976-0400] {processor.py:208} INFO - Processing /home/patrick/.cache/pypoetry/virtualenvs/airflow-wPbgcfzP-py3.10/lib/python3.10/site-packages/airflow/example_dags/plugins/workday.py took 2.836 seconds
[2024-10-03T22:14:51.017-0400] {processor.py:186} INFO - Started process (PID=24801) to work on /home/patrick/.cache/pypoetry/virtualenvs/airflow-wPbgcfzP-py3.10/lib/python3.10/site-packages/airflow/example_dags/plugins/workday.py
[2024-10-03T22:14:51.021-0400] {processor.py:914} INFO - Processing file /home/patrick/.cache/pypoetry/virtualenvs/airflow-wPbgcfzP-py3.10/lib/python3.10/site-packages/airflow/example_dags/plugins/workday.py for tasks to queue
[2024-10-03T22:14:51.023-0400] {logging_mixin.py:190} INFO - [2024-10-03T22:14:51.022-0400] {dagbag.py:588} INFO - Filling up the DagBag from /home/patrick/.cache/pypoetry/virtualenvs/airflow-wPbgcfzP-py3.10/lib/python3.10/site-packages/airflow/example_dags/plugins/workday.py
[2024-10-03T22:14:51.025-0400] {processor.py:927} WARNING - No viable dags retrieved from /home/patrick/.cache/pypoetry/virtualenvs/airflow-wPbgcfzP-py3.10/lib/python3.10/site-packages/airflow/example_dags/plugins/workday.py
[2024-10-03T22:14:55.360-0400] {processor.py:208} INFO - Processing /home/patrick/.cache/pypoetry/virtualenvs/airflow-wPbgcfzP-py3.10/lib/python3.10/site-packages/airflow/example_dags/plugins/workday.py took 4.347 seconds
[2024-10-03T22:17:44.406-0400] {processor.py:186} INFO - Started process (PID=25585) to work on /home/patrick/.cache/pypoetry/virtualenvs/airflow-wPbgcfzP-py3.10/lib/python3.10/site-packages/airflow/example_dags/plugins/workday.py
[2024-10-03T22:17:44.407-0400] {processor.py:914} INFO - Processing file /home/patrick/.cache/pypoetry/virtualenvs/airflow-wPbgcfzP-py3.10/lib/python3.10/site-packages/airflow/example_dags/plugins/workday.py for tasks to queue
[2024-10-03T22:17:44.408-0400] {logging_mixin.py:190} INFO - [2024-10-03T22:17:44.408-0400] {dagbag.py:588} INFO - Filling up the DagBag from /home/patrick/.cache/pypoetry/virtualenvs/airflow-wPbgcfzP-py3.10/lib/python3.10/site-packages/airflow/example_dags/plugins/workday.py
[2024-10-03T22:17:44.410-0400] {processor.py:927} WARNING - No viable dags retrieved from /home/patrick/.cache/pypoetry/virtualenvs/airflow-wPbgcfzP-py3.10/lib/python3.10/site-packages/airflow/example_dags/plugins/workday.py
[2024-10-03T22:17:47.674-0400] {processor.py:208} INFO - Processing /home/patrick/.cache/pypoetry/virtualenvs/airflow-wPbgcfzP-py3.10/lib/python3.10/site-packages/airflow/example_dags/plugins/workday.py took 3.272 seconds
[2024-10-03T22:21:10.161-0400] {processor.py:186} INFO - Started process (PID=26483) to work on /home/patrick/.cache/pypoetry/virtualenvs/airflow-wPbgcfzP-py3.10/lib/python3.10/site-packages/airflow/example_dags/plugins/workday.py
[2024-10-03T22:21:10.162-0400] {processor.py:914} INFO - Processing file /home/patrick/.cache/pypoetry/virtualenvs/airflow-wPbgcfzP-py3.10/lib/python3.10/site-packages/airflow/example_dags/plugins/workday.py for tasks to queue
[2024-10-03T22:21:10.164-0400] {logging_mixin.py:190} INFO - [2024-10-03T22:21:10.164-0400] {dagbag.py:588} INFO - Filling up the DagBag from /home/patrick/.cache/pypoetry/virtualenvs/airflow-wPbgcfzP-py3.10/lib/python3.10/site-packages/airflow/example_dags/plugins/workday.py
[2024-10-03T22:21:10.166-0400] {processor.py:927} WARNING - No viable dags retrieved from /home/patrick/.cache/pypoetry/virtualenvs/airflow-wPbgcfzP-py3.10/lib/python3.10/site-packages/airflow/example_dags/plugins/workday.py
[2024-10-03T22:21:15.867-0400] {processor.py:208} INFO - Processing /home/patrick/.cache/pypoetry/virtualenvs/airflow-wPbgcfzP-py3.10/lib/python3.10/site-packages/airflow/example_dags/plugins/workday.py took 5.711 seconds
[2024-10-03T22:25:40.008-0400] {processor.py:186} INFO - Started process (PID=27705) to work on /home/patrick/.cache/pypoetry/virtualenvs/airflow-wPbgcfzP-py3.10/lib/python3.10/site-packages/airflow/example_dags/plugins/workday.py
[2024-10-03T22:25:40.010-0400] {processor.py:914} INFO - Processing file /home/patrick/.cache/pypoetry/virtualenvs/airflow-wPbgcfzP-py3.10/lib/python3.10/site-packages/airflow/example_dags/plugins/workday.py for tasks to queue
[2024-10-03T22:25:40.011-0400] {logging_mixin.py:190} INFO - [2024-10-03T22:25:40.011-0400] {dagbag.py:588} INFO - Filling up the DagBag from /home/patrick/.cache/pypoetry/virtualenvs/airflow-wPbgcfzP-py3.10/lib/python3.10/site-packages/airflow/example_dags/plugins/workday.py
[2024-10-03T22:25:40.013-0400] {processor.py:927} WARNING - No viable dags retrieved from /home/patrick/.cache/pypoetry/virtualenvs/airflow-wPbgcfzP-py3.10/lib/python3.10/site-packages/airflow/example_dags/plugins/workday.py
[2024-10-03T22:25:46.265-0400] {processor.py:208} INFO - Processing /home/patrick/.cache/pypoetry/virtualenvs/airflow-wPbgcfzP-py3.10/lib/python3.10/site-packages/airflow/example_dags/plugins/workday.py took 6.260 seconds
[2024-10-03T22:29:28.486-0400] {processor.py:186} INFO - Started process (PID=28722) to work on /home/patrick/.cache/pypoetry/virtualenvs/airflow-wPbgcfzP-py3.10/lib/python3.10/site-packages/airflow/example_dags/plugins/workday.py
[2024-10-03T22:29:28.487-0400] {processor.py:914} INFO - Processing file /home/patrick/.cache/pypoetry/virtualenvs/airflow-wPbgcfzP-py3.10/lib/python3.10/site-packages/airflow/example_dags/plugins/workday.py for tasks to queue
[2024-10-03T22:29:28.489-0400] {logging_mixin.py:190} INFO - [2024-10-03T22:29:28.489-0400] {dagbag.py:588} INFO - Filling up the DagBag from /home/patrick/.cache/pypoetry/virtualenvs/airflow-wPbgcfzP-py3.10/lib/python3.10/site-packages/airflow/example_dags/plugins/workday.py
[2024-10-03T22:29:28.491-0400] {processor.py:927} WARNING - No viable dags retrieved from /home/patrick/.cache/pypoetry/virtualenvs/airflow-wPbgcfzP-py3.10/lib/python3.10/site-packages/airflow/example_dags/plugins/workday.py
[2024-10-03T22:29:30.573-0400] {processor.py:208} INFO - Processing /home/patrick/.cache/pypoetry/virtualenvs/airflow-wPbgcfzP-py3.10/lib/python3.10/site-packages/airflow/example_dags/plugins/workday.py took 2.091 seconds
[2024-10-03T22:33:19.930-0400] {processor.py:186} INFO - Started process (PID=29752) to work on /home/patrick/.cache/pypoetry/virtualenvs/airflow-wPbgcfzP-py3.10/lib/python3.10/site-packages/airflow/example_dags/plugins/workday.py
[2024-10-03T22:33:19.931-0400] {processor.py:914} INFO - Processing file /home/patrick/.cache/pypoetry/virtualenvs/airflow-wPbgcfzP-py3.10/lib/python3.10/site-packages/airflow/example_dags/plugins/workday.py for tasks to queue
[2024-10-03T22:33:19.932-0400] {logging_mixin.py:190} INFO - [2024-10-03T22:33:19.932-0400] {dagbag.py:588} INFO - Filling up the DagBag from /home/patrick/.cache/pypoetry/virtualenvs/airflow-wPbgcfzP-py3.10/lib/python3.10/site-packages/airflow/example_dags/plugins/workday.py
[2024-10-03T22:33:19.934-0400] {processor.py:927} WARNING - No viable dags retrieved from /home/patrick/.cache/pypoetry/virtualenvs/airflow-wPbgcfzP-py3.10/lib/python3.10/site-packages/airflow/example_dags/plugins/workday.py
[2024-10-03T22:33:24.805-0400] {processor.py:208} INFO - Processing /home/patrick/.cache/pypoetry/virtualenvs/airflow-wPbgcfzP-py3.10/lib/python3.10/site-packages/airflow/example_dags/plugins/workday.py took 4.879 seconds
[2024-10-03T22:38:39.646-0400] {processor.py:186} INFO - Started process (PID=31244) to work on /home/patrick/.cache/pypoetry/virtualenvs/airflow-wPbgcfzP-py3.10/lib/python3.10/site-packages/airflow/example_dags/plugins/workday.py
[2024-10-03T22:38:39.649-0400] {processor.py:914} INFO - Processing file /home/patrick/.cache/pypoetry/virtualenvs/airflow-wPbgcfzP-py3.10/lib/python3.10/site-packages/airflow/example_dags/plugins/workday.py for tasks to queue
[2024-10-03T22:38:39.651-0400] {logging_mixin.py:190} INFO - [2024-10-03T22:38:39.651-0400] {dagbag.py:588} INFO - Filling up the DagBag from /home/patrick/.cache/pypoetry/virtualenvs/airflow-wPbgcfzP-py3.10/lib/python3.10/site-packages/airflow/example_dags/plugins/workday.py
[2024-10-03T22:38:39.654-0400] {processor.py:927} WARNING - No viable dags retrieved from /home/patrick/.cache/pypoetry/virtualenvs/airflow-wPbgcfzP-py3.10/lib/python3.10/site-packages/airflow/example_dags/plugins/workday.py
[2024-10-03T22:38:42.559-0400] {processor.py:208} INFO - Processing /home/patrick/.cache/pypoetry/virtualenvs/airflow-wPbgcfzP-py3.10/lib/python3.10/site-packages/airflow/example_dags/plugins/workday.py took 2.917 seconds
[2024-10-03T22:42:40.539-0400] {processor.py:186} INFO - Started process (PID=32353) to work on /home/patrick/.cache/pypoetry/virtualenvs/airflow-wPbgcfzP-py3.10/lib/python3.10/site-packages/airflow/example_dags/plugins/workday.py
[2024-10-03T22:42:40.540-0400] {processor.py:914} INFO - Processing file /home/patrick/.cache/pypoetry/virtualenvs/airflow-wPbgcfzP-py3.10/lib/python3.10/site-packages/airflow/example_dags/plugins/workday.py for tasks to queue
[2024-10-03T22:42:40.541-0400] {logging_mixin.py:190} INFO - [2024-10-03T22:42:40.541-0400] {dagbag.py:588} INFO - Filling up the DagBag from /home/patrick/.cache/pypoetry/virtualenvs/airflow-wPbgcfzP-py3.10/lib/python3.10/site-packages/airflow/example_dags/plugins/workday.py
[2024-10-03T22:42:40.543-0400] {processor.py:927} WARNING - No viable dags retrieved from /home/patrick/.cache/pypoetry/virtualenvs/airflow-wPbgcfzP-py3.10/lib/python3.10/site-packages/airflow/example_dags/plugins/workday.py
[2024-10-03T22:42:50.244-0400] {processor.py:208} INFO - Processing /home/patrick/.cache/pypoetry/virtualenvs/airflow-wPbgcfzP-py3.10/lib/python3.10/site-packages/airflow/example_dags/plugins/workday.py took 9.709 seconds
[2024-10-03T22:48:55.306-0400] {processor.py:186} INFO - Started process (PID=34076) to work on /home/patrick/.cache/pypoetry/virtualenvs/airflow-wPbgcfzP-py3.10/lib/python3.10/site-packages/airflow/example_dags/plugins/workday.py
[2024-10-03T22:48:55.307-0400] {processor.py:914} INFO - Processing file /home/patrick/.cache/pypoetry/virtualenvs/airflow-wPbgcfzP-py3.10/lib/python3.10/site-packages/airflow/example_dags/plugins/workday.py for tasks to queue
[2024-10-03T22:48:55.308-0400] {logging_mixin.py:190} INFO - [2024-10-03T22:48:55.308-0400] {dagbag.py:588} INFO - Filling up the DagBag from /home/patrick/.cache/pypoetry/virtualenvs/airflow-wPbgcfzP-py3.10/lib/python3.10/site-packages/airflow/example_dags/plugins/workday.py
[2024-10-03T22:48:55.310-0400] {processor.py:927} WARNING - No viable dags retrieved from /home/patrick/.cache/pypoetry/virtualenvs/airflow-wPbgcfzP-py3.10/lib/python3.10/site-packages/airflow/example_dags/plugins/workday.py
[2024-10-03T22:48:59.281-0400] {processor.py:208} INFO - Processing /home/patrick/.cache/pypoetry/virtualenvs/airflow-wPbgcfzP-py3.10/lib/python3.10/site-packages/airflow/example_dags/plugins/workday.py took 3.979 seconds
[2024-10-03T22:52:49.666-0400] {processor.py:186} INFO - Started process (PID=35182) to work on /home/patrick/.cache/pypoetry/virtualenvs/airflow-wPbgcfzP-py3.10/lib/python3.10/site-packages/airflow/example_dags/plugins/workday.py
[2024-10-03T22:52:49.667-0400] {processor.py:914} INFO - Processing file /home/patrick/.cache/pypoetry/virtualenvs/airflow-wPbgcfzP-py3.10/lib/python3.10/site-packages/airflow/example_dags/plugins/workday.py for tasks to queue
[2024-10-03T22:52:49.669-0400] {logging_mixin.py:190} INFO - [2024-10-03T22:52:49.669-0400] {dagbag.py:588} INFO - Filling up the DagBag from /home/patrick/.cache/pypoetry/virtualenvs/airflow-wPbgcfzP-py3.10/lib/python3.10/site-packages/airflow/example_dags/plugins/workday.py
[2024-10-03T22:52:49.671-0400] {processor.py:927} WARNING - No viable dags retrieved from /home/patrick/.cache/pypoetry/virtualenvs/airflow-wPbgcfzP-py3.10/lib/python3.10/site-packages/airflow/example_dags/plugins/workday.py
[2024-10-03T22:52:58.009-0400] {processor.py:208} INFO - Processing /home/patrick/.cache/pypoetry/virtualenvs/airflow-wPbgcfzP-py3.10/lib/python3.10/site-packages/airflow/example_dags/plugins/workday.py took 8.347 seconds
[2024-10-03T22:57:22.305-0400] {processor.py:186} INFO - Started process (PID=36494) to work on /home/patrick/.cache/pypoetry/virtualenvs/airflow-wPbgcfzP-py3.10/lib/python3.10/site-packages/airflow/example_dags/plugins/workday.py
[2024-10-03T22:57:22.306-0400] {processor.py:914} INFO - Processing file /home/patrick/.cache/pypoetry/virtualenvs/airflow-wPbgcfzP-py3.10/lib/python3.10/site-packages/airflow/example_dags/plugins/workday.py for tasks to queue
[2024-10-03T22:57:22.307-0400] {logging_mixin.py:190} INFO - [2024-10-03T22:57:22.307-0400] {dagbag.py:588} INFO - Filling up the DagBag from /home/patrick/.cache/pypoetry/virtualenvs/airflow-wPbgcfzP-py3.10/lib/python3.10/site-packages/airflow/example_dags/plugins/workday.py
[2024-10-03T22:57:22.309-0400] {processor.py:927} WARNING - No viable dags retrieved from /home/patrick/.cache/pypoetry/virtualenvs/airflow-wPbgcfzP-py3.10/lib/python3.10/site-packages/airflow/example_dags/plugins/workday.py
[2024-10-03T22:57:28.832-0400] {processor.py:208} INFO - Processing /home/patrick/.cache/pypoetry/virtualenvs/airflow-wPbgcfzP-py3.10/lib/python3.10/site-packages/airflow/example_dags/plugins/workday.py took 6.531 seconds
[2024-10-03T23:01:52.171-0400] {processor.py:186} INFO - Started process (PID=37711) to work on /home/patrick/.cache/pypoetry/virtualenvs/airflow-wPbgcfzP-py3.10/lib/python3.10/site-packages/airflow/example_dags/plugins/workday.py
[2024-10-03T23:01:52.172-0400] {processor.py:914} INFO - Processing file /home/patrick/.cache/pypoetry/virtualenvs/airflow-wPbgcfzP-py3.10/lib/python3.10/site-packages/airflow/example_dags/plugins/workday.py for tasks to queue
[2024-10-03T23:01:52.173-0400] {logging_mixin.py:190} INFO - [2024-10-03T23:01:52.173-0400] {dagbag.py:588} INFO - Filling up the DagBag from /home/patrick/.cache/pypoetry/virtualenvs/airflow-wPbgcfzP-py3.10/lib/python3.10/site-packages/airflow/example_dags/plugins/workday.py
[2024-10-03T23:01:52.175-0400] {processor.py:927} WARNING - No viable dags retrieved from /home/patrick/.cache/pypoetry/virtualenvs/airflow-wPbgcfzP-py3.10/lib/python3.10/site-packages/airflow/example_dags/plugins/workday.py
[2024-10-03T23:01:56.295-0400] {processor.py:208} INFO - Processing /home/patrick/.cache/pypoetry/virtualenvs/airflow-wPbgcfzP-py3.10/lib/python3.10/site-packages/airflow/example_dags/plugins/workday.py took 4.128 seconds
[2024-10-03T23:05:20.474-0400] {processor.py:186} INFO - Started process (PID=38629) to work on /home/patrick/.cache/pypoetry/virtualenvs/airflow-wPbgcfzP-py3.10/lib/python3.10/site-packages/airflow/example_dags/plugins/workday.py
[2024-10-03T23:05:20.475-0400] {processor.py:914} INFO - Processing file /home/patrick/.cache/pypoetry/virtualenvs/airflow-wPbgcfzP-py3.10/lib/python3.10/site-packages/airflow/example_dags/plugins/workday.py for tasks to queue
[2024-10-03T23:05:20.477-0400] {logging_mixin.py:190} INFO - [2024-10-03T23:05:20.477-0400] {dagbag.py:588} INFO - Filling up the DagBag from /home/patrick/.cache/pypoetry/virtualenvs/airflow-wPbgcfzP-py3.10/lib/python3.10/site-packages/airflow/example_dags/plugins/workday.py
[2024-10-03T23:05:20.479-0400] {processor.py:927} WARNING - No viable dags retrieved from /home/patrick/.cache/pypoetry/virtualenvs/airflow-wPbgcfzP-py3.10/lib/python3.10/site-packages/airflow/example_dags/plugins/workday.py
[2024-10-03T23:05:22.574-0400] {processor.py:208} INFO - Processing /home/patrick/.cache/pypoetry/virtualenvs/airflow-wPbgcfzP-py3.10/lib/python3.10/site-packages/airflow/example_dags/plugins/workday.py took 2.103 seconds
[2024-10-03T23:08:36.685-0400] {processor.py:186} INFO - Started process (PID=39482) to work on /home/patrick/.cache/pypoetry/virtualenvs/airflow-wPbgcfzP-py3.10/lib/python3.10/site-packages/airflow/example_dags/plugins/workday.py
[2024-10-03T23:08:36.686-0400] {processor.py:914} INFO - Processing file /home/patrick/.cache/pypoetry/virtualenvs/airflow-wPbgcfzP-py3.10/lib/python3.10/site-packages/airflow/example_dags/plugins/workday.py for tasks to queue
[2024-10-03T23:08:36.688-0400] {logging_mixin.py:190} INFO - [2024-10-03T23:08:36.688-0400] {dagbag.py:588} INFO - Filling up the DagBag from /home/patrick/.cache/pypoetry/virtualenvs/airflow-wPbgcfzP-py3.10/lib/python3.10/site-packages/airflow/example_dags/plugins/workday.py
[2024-10-03T23:08:36.691-0400] {processor.py:927} WARNING - No viable dags retrieved from /home/patrick/.cache/pypoetry/virtualenvs/airflow-wPbgcfzP-py3.10/lib/python3.10/site-packages/airflow/example_dags/plugins/workday.py
[2024-10-03T23:08:39.395-0400] {processor.py:208} INFO - Processing /home/patrick/.cache/pypoetry/virtualenvs/airflow-wPbgcfzP-py3.10/lib/python3.10/site-packages/airflow/example_dags/plugins/workday.py took 2.714 seconds
[2024-10-03T23:12:59.171-0400] {processor.py:186} INFO - Started process (PID=40610) to work on /home/patrick/.cache/pypoetry/virtualenvs/airflow-wPbgcfzP-py3.10/lib/python3.10/site-packages/airflow/example_dags/plugins/workday.py
[2024-10-03T23:12:59.173-0400] {processor.py:914} INFO - Processing file /home/patrick/.cache/pypoetry/virtualenvs/airflow-wPbgcfzP-py3.10/lib/python3.10/site-packages/airflow/example_dags/plugins/workday.py for tasks to queue
[2024-10-03T23:12:59.175-0400] {logging_mixin.py:190} INFO - [2024-10-03T23:12:59.175-0400] {dagbag.py:588} INFO - Filling up the DagBag from /home/patrick/.cache/pypoetry/virtualenvs/airflow-wPbgcfzP-py3.10/lib/python3.10/site-packages/airflow/example_dags/plugins/workday.py
[2024-10-03T23:12:59.177-0400] {processor.py:927} WARNING - No viable dags retrieved from /home/patrick/.cache/pypoetry/virtualenvs/airflow-wPbgcfzP-py3.10/lib/python3.10/site-packages/airflow/example_dags/plugins/workday.py
[2024-10-03T23:13:04.161-0400] {processor.py:208} INFO - Processing /home/patrick/.cache/pypoetry/virtualenvs/airflow-wPbgcfzP-py3.10/lib/python3.10/site-packages/airflow/example_dags/plugins/workday.py took 4.995 seconds
[2024-10-03T23:17:30.112-0400] {processor.py:186} INFO - Started process (PID=41797) to work on /home/patrick/.cache/pypoetry/virtualenvs/airflow-wPbgcfzP-py3.10/lib/python3.10/site-packages/airflow/example_dags/plugins/workday.py
[2024-10-03T23:17:30.113-0400] {processor.py:914} INFO - Processing file /home/patrick/.cache/pypoetry/virtualenvs/airflow-wPbgcfzP-py3.10/lib/python3.10/site-packages/airflow/example_dags/plugins/workday.py for tasks to queue
[2024-10-03T23:17:30.114-0400] {logging_mixin.py:190} INFO - [2024-10-03T23:17:30.114-0400] {dagbag.py:588} INFO - Filling up the DagBag from /home/patrick/.cache/pypoetry/virtualenvs/airflow-wPbgcfzP-py3.10/lib/python3.10/site-packages/airflow/example_dags/plugins/workday.py
[2024-10-03T23:17:30.116-0400] {processor.py:927} WARNING - No viable dags retrieved from /home/patrick/.cache/pypoetry/virtualenvs/airflow-wPbgcfzP-py3.10/lib/python3.10/site-packages/airflow/example_dags/plugins/workday.py
[2024-10-03T23:17:33.384-0400] {processor.py:208} INFO - Processing /home/patrick/.cache/pypoetry/virtualenvs/airflow-wPbgcfzP-py3.10/lib/python3.10/site-packages/airflow/example_dags/plugins/workday.py took 3.276 seconds
[2024-10-03T23:21:57.783-0400] {processor.py:186} INFO - Started process (PID=42965) to work on /home/patrick/.cache/pypoetry/virtualenvs/airflow-wPbgcfzP-py3.10/lib/python3.10/site-packages/airflow/example_dags/plugins/workday.py
[2024-10-03T23:21:57.784-0400] {processor.py:914} INFO - Processing file /home/patrick/.cache/pypoetry/virtualenvs/airflow-wPbgcfzP-py3.10/lib/python3.10/site-packages/airflow/example_dags/plugins/workday.py for tasks to queue
[2024-10-03T23:21:57.786-0400] {logging_mixin.py:190} INFO - [2024-10-03T23:21:57.785-0400] {dagbag.py:588} INFO - Filling up the DagBag from /home/patrick/.cache/pypoetry/virtualenvs/airflow-wPbgcfzP-py3.10/lib/python3.10/site-packages/airflow/example_dags/plugins/workday.py
[2024-10-03T23:21:57.787-0400] {processor.py:927} WARNING - No viable dags retrieved from /home/patrick/.cache/pypoetry/virtualenvs/airflow-wPbgcfzP-py3.10/lib/python3.10/site-packages/airflow/example_dags/plugins/workday.py
[2024-10-03T23:22:00.441-0400] {processor.py:208} INFO - Processing /home/patrick/.cache/pypoetry/virtualenvs/airflow-wPbgcfzP-py3.10/lib/python3.10/site-packages/airflow/example_dags/plugins/workday.py took 2.662 seconds
[2024-10-03T23:24:41.371-0400] {processor.py:186} INFO - Started process (PID=43667) to work on /home/patrick/.cache/pypoetry/virtualenvs/airflow-wPbgcfzP-py3.10/lib/python3.10/site-packages/airflow/example_dags/plugins/workday.py
[2024-10-03T23:24:41.373-0400] {processor.py:914} INFO - Processing file /home/patrick/.cache/pypoetry/virtualenvs/airflow-wPbgcfzP-py3.10/lib/python3.10/site-packages/airflow/example_dags/plugins/workday.py for tasks to queue
[2024-10-03T23:24:41.375-0400] {logging_mixin.py:190} INFO - [2024-10-03T23:24:41.375-0400] {dagbag.py:588} INFO - Filling up the DagBag from /home/patrick/.cache/pypoetry/virtualenvs/airflow-wPbgcfzP-py3.10/lib/python3.10/site-packages/airflow/example_dags/plugins/workday.py
[2024-10-03T23:24:41.377-0400] {processor.py:927} WARNING - No viable dags retrieved from /home/patrick/.cache/pypoetry/virtualenvs/airflow-wPbgcfzP-py3.10/lib/python3.10/site-packages/airflow/example_dags/plugins/workday.py
[2024-10-03T23:24:43.902-0400] {processor.py:208} INFO - Processing /home/patrick/.cache/pypoetry/virtualenvs/airflow-wPbgcfzP-py3.10/lib/python3.10/site-packages/airflow/example_dags/plugins/workday.py took 2.536 seconds
[2024-10-03T23:27:28.933-0400] {processor.py:186} INFO - Started process (PID=44377) to work on /home/patrick/.cache/pypoetry/virtualenvs/airflow-wPbgcfzP-py3.10/lib/python3.10/site-packages/airflow/example_dags/plugins/workday.py
[2024-10-03T23:27:28.934-0400] {processor.py:914} INFO - Processing file /home/patrick/.cache/pypoetry/virtualenvs/airflow-wPbgcfzP-py3.10/lib/python3.10/site-packages/airflow/example_dags/plugins/workday.py for tasks to queue
[2024-10-03T23:27:28.935-0400] {logging_mixin.py:190} INFO - [2024-10-03T23:27:28.935-0400] {dagbag.py:588} INFO - Filling up the DagBag from /home/patrick/.cache/pypoetry/virtualenvs/airflow-wPbgcfzP-py3.10/lib/python3.10/site-packages/airflow/example_dags/plugins/workday.py
[2024-10-03T23:27:28.937-0400] {processor.py:927} WARNING - No viable dags retrieved from /home/patrick/.cache/pypoetry/virtualenvs/airflow-wPbgcfzP-py3.10/lib/python3.10/site-packages/airflow/example_dags/plugins/workday.py
[2024-10-03T23:27:31.315-0400] {processor.py:208} INFO - Processing /home/patrick/.cache/pypoetry/virtualenvs/airflow-wPbgcfzP-py3.10/lib/python3.10/site-packages/airflow/example_dags/plugins/workday.py took 2.386 seconds
[2024-10-03T23:31:49.313-0400] {processor.py:186} INFO - Started process (PID=45542) to work on /home/patrick/.cache/pypoetry/virtualenvs/airflow-wPbgcfzP-py3.10/lib/python3.10/site-packages/airflow/example_dags/plugins/workday.py
[2024-10-03T23:31:49.314-0400] {processor.py:914} INFO - Processing file /home/patrick/.cache/pypoetry/virtualenvs/airflow-wPbgcfzP-py3.10/lib/python3.10/site-packages/airflow/example_dags/plugins/workday.py for tasks to queue
[2024-10-03T23:31:49.317-0400] {logging_mixin.py:190} INFO - [2024-10-03T23:31:49.317-0400] {dagbag.py:588} INFO - Filling up the DagBag from /home/patrick/.cache/pypoetry/virtualenvs/airflow-wPbgcfzP-py3.10/lib/python3.10/site-packages/airflow/example_dags/plugins/workday.py
[2024-10-03T23:31:49.319-0400] {processor.py:927} WARNING - No viable dags retrieved from /home/patrick/.cache/pypoetry/virtualenvs/airflow-wPbgcfzP-py3.10/lib/python3.10/site-packages/airflow/example_dags/plugins/workday.py
[2024-10-03T23:31:54.844-0400] {processor.py:208} INFO - Processing /home/patrick/.cache/pypoetry/virtualenvs/airflow-wPbgcfzP-py3.10/lib/python3.10/site-packages/airflow/example_dags/plugins/workday.py took 5.535 seconds
[2024-10-03T23:35:59.091-0400] {processor.py:186} INFO - Started process (PID=46623) to work on /home/patrick/.cache/pypoetry/virtualenvs/airflow-wPbgcfzP-py3.10/lib/python3.10/site-packages/airflow/example_dags/plugins/workday.py
[2024-10-03T23:35:59.092-0400] {processor.py:914} INFO - Processing file /home/patrick/.cache/pypoetry/virtualenvs/airflow-wPbgcfzP-py3.10/lib/python3.10/site-packages/airflow/example_dags/plugins/workday.py for tasks to queue
[2024-10-03T23:35:59.093-0400] {logging_mixin.py:190} INFO - [2024-10-03T23:35:59.093-0400] {dagbag.py:588} INFO - Filling up the DagBag from /home/patrick/.cache/pypoetry/virtualenvs/airflow-wPbgcfzP-py3.10/lib/python3.10/site-packages/airflow/example_dags/plugins/workday.py
[2024-10-03T23:35:59.095-0400] {processor.py:927} WARNING - No viable dags retrieved from /home/patrick/.cache/pypoetry/virtualenvs/airflow-wPbgcfzP-py3.10/lib/python3.10/site-packages/airflow/example_dags/plugins/workday.py
[2024-10-03T23:36:01.025-0400] {processor.py:208} INFO - Processing /home/patrick/.cache/pypoetry/virtualenvs/airflow-wPbgcfzP-py3.10/lib/python3.10/site-packages/airflow/example_dags/plugins/workday.py took 1.938 seconds
[2024-10-03T23:38:47.999-0400] {processor.py:186} INFO - Started process (PID=47338) to work on /home/patrick/.cache/pypoetry/virtualenvs/airflow-wPbgcfzP-py3.10/lib/python3.10/site-packages/airflow/example_dags/plugins/workday.py
[2024-10-03T23:38:48.000-0400] {processor.py:914} INFO - Processing file /home/patrick/.cache/pypoetry/virtualenvs/airflow-wPbgcfzP-py3.10/lib/python3.10/site-packages/airflow/example_dags/plugins/workday.py for tasks to queue
[2024-10-03T23:38:48.002-0400] {logging_mixin.py:190} INFO - [2024-10-03T23:38:48.001-0400] {dagbag.py:588} INFO - Filling up the DagBag from /home/patrick/.cache/pypoetry/virtualenvs/airflow-wPbgcfzP-py3.10/lib/python3.10/site-packages/airflow/example_dags/plugins/workday.py
[2024-10-03T23:38:48.003-0400] {processor.py:927} WARNING - No viable dags retrieved from /home/patrick/.cache/pypoetry/virtualenvs/airflow-wPbgcfzP-py3.10/lib/python3.10/site-packages/airflow/example_dags/plugins/workday.py
[2024-10-03T23:38:52.060-0400] {processor.py:208} INFO - Processing /home/patrick/.cache/pypoetry/virtualenvs/airflow-wPbgcfzP-py3.10/lib/python3.10/site-packages/airflow/example_dags/plugins/workday.py took 4.065 seconds
[2024-10-03T23:42:11.799-0400] {processor.py:186} INFO - Started process (PID=48232) to work on /home/patrick/.cache/pypoetry/virtualenvs/airflow-wPbgcfzP-py3.10/lib/python3.10/site-packages/airflow/example_dags/plugins/workday.py
[2024-10-03T23:42:11.802-0400] {processor.py:914} INFO - Processing file /home/patrick/.cache/pypoetry/virtualenvs/airflow-wPbgcfzP-py3.10/lib/python3.10/site-packages/airflow/example_dags/plugins/workday.py for tasks to queue
[2024-10-03T23:42:11.810-0400] {logging_mixin.py:190} INFO - [2024-10-03T23:42:11.810-0400] {dagbag.py:588} INFO - Filling up the DagBag from /home/patrick/.cache/pypoetry/virtualenvs/airflow-wPbgcfzP-py3.10/lib/python3.10/site-packages/airflow/example_dags/plugins/workday.py
[2024-10-03T23:42:11.827-0400] {processor.py:927} WARNING - No viable dags retrieved from /home/patrick/.cache/pypoetry/virtualenvs/airflow-wPbgcfzP-py3.10/lib/python3.10/site-packages/airflow/example_dags/plugins/workday.py
[2024-10-03T23:42:27.066-0400] {processor.py:208} INFO - Processing /home/patrick/.cache/pypoetry/virtualenvs/airflow-wPbgcfzP-py3.10/lib/python3.10/site-packages/airflow/example_dags/plugins/workday.py took 15.270 seconds
[2024-10-03T23:44:48.672-0400] {processor.py:186} INFO - Started process (PID=48900) to work on /home/patrick/.cache/pypoetry/virtualenvs/airflow-wPbgcfzP-py3.10/lib/python3.10/site-packages/airflow/example_dags/plugins/workday.py
[2024-10-03T23:44:48.674-0400] {processor.py:914} INFO - Processing file /home/patrick/.cache/pypoetry/virtualenvs/airflow-wPbgcfzP-py3.10/lib/python3.10/site-packages/airflow/example_dags/plugins/workday.py for tasks to queue
[2024-10-03T23:44:48.676-0400] {logging_mixin.py:190} INFO - [2024-10-03T23:44:48.675-0400] {dagbag.py:588} INFO - Filling up the DagBag from /home/patrick/.cache/pypoetry/virtualenvs/airflow-wPbgcfzP-py3.10/lib/python3.10/site-packages/airflow/example_dags/plugins/workday.py
[2024-10-03T23:44:48.681-0400] {processor.py:927} WARNING - No viable dags retrieved from /home/patrick/.cache/pypoetry/virtualenvs/airflow-wPbgcfzP-py3.10/lib/python3.10/site-packages/airflow/example_dags/plugins/workday.py
[2024-10-03T23:44:50.184-0400] {processor.py:208} INFO - Processing /home/patrick/.cache/pypoetry/virtualenvs/airflow-wPbgcfzP-py3.10/lib/python3.10/site-packages/airflow/example_dags/plugins/workday.py took 1.516 seconds
[2024-10-03T23:49:00.233-0400] {processor.py:186} INFO - Started process (PID=49980) to work on /home/patrick/.cache/pypoetry/virtualenvs/airflow-wPbgcfzP-py3.10/lib/python3.10/site-packages/airflow/example_dags/plugins/workday.py
[2024-10-03T23:49:00.234-0400] {processor.py:914} INFO - Processing file /home/patrick/.cache/pypoetry/virtualenvs/airflow-wPbgcfzP-py3.10/lib/python3.10/site-packages/airflow/example_dags/plugins/workday.py for tasks to queue
[2024-10-03T23:49:00.236-0400] {logging_mixin.py:190} INFO - [2024-10-03T23:49:00.235-0400] {dagbag.py:588} INFO - Filling up the DagBag from /home/patrick/.cache/pypoetry/virtualenvs/airflow-wPbgcfzP-py3.10/lib/python3.10/site-packages/airflow/example_dags/plugins/workday.py
[2024-10-03T23:49:00.237-0400] {processor.py:927} WARNING - No viable dags retrieved from /home/patrick/.cache/pypoetry/virtualenvs/airflow-wPbgcfzP-py3.10/lib/python3.10/site-packages/airflow/example_dags/plugins/workday.py
[2024-10-03T23:49:02.032-0400] {processor.py:208} INFO - Processing /home/patrick/.cache/pypoetry/virtualenvs/airflow-wPbgcfzP-py3.10/lib/python3.10/site-packages/airflow/example_dags/plugins/workday.py took 1.803 seconds
[2024-10-03T23:53:14.412-0400] {processor.py:186} INFO - Started process (PID=51070) to work on /home/patrick/.cache/pypoetry/virtualenvs/airflow-wPbgcfzP-py3.10/lib/python3.10/site-packages/airflow/example_dags/plugins/workday.py
[2024-10-03T23:53:14.413-0400] {processor.py:914} INFO - Processing file /home/patrick/.cache/pypoetry/virtualenvs/airflow-wPbgcfzP-py3.10/lib/python3.10/site-packages/airflow/example_dags/plugins/workday.py for tasks to queue
[2024-10-03T23:53:14.414-0400] {logging_mixin.py:190} INFO - [2024-10-03T23:53:14.414-0400] {dagbag.py:588} INFO - Filling up the DagBag from /home/patrick/.cache/pypoetry/virtualenvs/airflow-wPbgcfzP-py3.10/lib/python3.10/site-packages/airflow/example_dags/plugins/workday.py
[2024-10-03T23:53:14.416-0400] {processor.py:927} WARNING - No viable dags retrieved from /home/patrick/.cache/pypoetry/virtualenvs/airflow-wPbgcfzP-py3.10/lib/python3.10/site-packages/airflow/example_dags/plugins/workday.py
[2024-10-03T23:53:17.611-0400] {processor.py:208} INFO - Processing /home/patrick/.cache/pypoetry/virtualenvs/airflow-wPbgcfzP-py3.10/lib/python3.10/site-packages/airflow/example_dags/plugins/workday.py took 3.204 seconds
[2024-10-03T23:57:09.680-0400] {processor.py:186} INFO - Started process (PID=52086) to work on /home/patrick/.cache/pypoetry/virtualenvs/airflow-wPbgcfzP-py3.10/lib/python3.10/site-packages/airflow/example_dags/plugins/workday.py
[2024-10-03T23:57:09.681-0400] {processor.py:914} INFO - Processing file /home/patrick/.cache/pypoetry/virtualenvs/airflow-wPbgcfzP-py3.10/lib/python3.10/site-packages/airflow/example_dags/plugins/workday.py for tasks to queue
[2024-10-03T23:57:09.683-0400] {logging_mixin.py:190} INFO - [2024-10-03T23:57:09.683-0400] {dagbag.py:588} INFO - Filling up the DagBag from /home/patrick/.cache/pypoetry/virtualenvs/airflow-wPbgcfzP-py3.10/lib/python3.10/site-packages/airflow/example_dags/plugins/workday.py
[2024-10-03T23:57:09.685-0400] {processor.py:927} WARNING - No viable dags retrieved from /home/patrick/.cache/pypoetry/virtualenvs/airflow-wPbgcfzP-py3.10/lib/python3.10/site-packages/airflow/example_dags/plugins/workday.py
[2024-10-03T23:57:12.061-0400] {processor.py:208} INFO - Processing /home/patrick/.cache/pypoetry/virtualenvs/airflow-wPbgcfzP-py3.10/lib/python3.10/site-packages/airflow/example_dags/plugins/workday.py took 2.385 seconds
[2024-10-04T00:01:42.369-0400] {processor.py:186} INFO - Started process (PID=53311) to work on /home/patrick/.cache/pypoetry/virtualenvs/airflow-wPbgcfzP-py3.10/lib/python3.10/site-packages/airflow/example_dags/plugins/workday.py
[2024-10-04T00:01:42.370-0400] {processor.py:914} INFO - Processing file /home/patrick/.cache/pypoetry/virtualenvs/airflow-wPbgcfzP-py3.10/lib/python3.10/site-packages/airflow/example_dags/plugins/workday.py for tasks to queue
[2024-10-04T00:01:42.372-0400] {logging_mixin.py:190} INFO - [2024-10-04T00:01:42.372-0400] {dagbag.py:588} INFO - Filling up the DagBag from /home/patrick/.cache/pypoetry/virtualenvs/airflow-wPbgcfzP-py3.10/lib/python3.10/site-packages/airflow/example_dags/plugins/workday.py
[2024-10-04T00:01:42.374-0400] {processor.py:927} WARNING - No viable dags retrieved from /home/patrick/.cache/pypoetry/virtualenvs/airflow-wPbgcfzP-py3.10/lib/python3.10/site-packages/airflow/example_dags/plugins/workday.py
[2024-10-04T00:01:44.346-0400] {processor.py:208} INFO - Processing /home/patrick/.cache/pypoetry/virtualenvs/airflow-wPbgcfzP-py3.10/lib/python3.10/site-packages/airflow/example_dags/plugins/workday.py took 1.981 seconds
[2024-10-04T00:05:45.970-0400] {processor.py:186} INFO - Started process (PID=54361) to work on /home/patrick/.cache/pypoetry/virtualenvs/airflow-wPbgcfzP-py3.10/lib/python3.10/site-packages/airflow/example_dags/plugins/workday.py
[2024-10-04T00:05:45.972-0400] {processor.py:914} INFO - Processing file /home/patrick/.cache/pypoetry/virtualenvs/airflow-wPbgcfzP-py3.10/lib/python3.10/site-packages/airflow/example_dags/plugins/workday.py for tasks to queue
[2024-10-04T00:05:45.974-0400] {logging_mixin.py:190} INFO - [2024-10-04T00:05:45.974-0400] {dagbag.py:588} INFO - Filling up the DagBag from /home/patrick/.cache/pypoetry/virtualenvs/airflow-wPbgcfzP-py3.10/lib/python3.10/site-packages/airflow/example_dags/plugins/workday.py
[2024-10-04T00:05:45.976-0400] {processor.py:927} WARNING - No viable dags retrieved from /home/patrick/.cache/pypoetry/virtualenvs/airflow-wPbgcfzP-py3.10/lib/python3.10/site-packages/airflow/example_dags/plugins/workday.py
[2024-10-04T00:05:48.094-0400] {processor.py:208} INFO - Processing /home/patrick/.cache/pypoetry/virtualenvs/airflow-wPbgcfzP-py3.10/lib/python3.10/site-packages/airflow/example_dags/plugins/workday.py took 2.129 seconds
