[2024-10-03T22:29:45.467-0400] {local_task_job_runner.py:123} INFO - ::group::Pre task execution logs
[2024-10-03T22:29:49.056-0400] {taskinstance.py:2612} INFO - Dependencies all met for dep_context=non-requeueable deps ti=<TaskInstance: huggingface_pdf_pipeline.extract_texts_task manual__2024-10-04T02:24:10.297091+00:00 [queued]>
[2024-10-03T22:29:49.243-0400] {taskinstance.py:2612} INFO - Dependencies all met for dep_context=requeueable deps ti=<TaskInstance: huggingface_pdf_pipeline.extract_texts_task manual__2024-10-04T02:24:10.297091+00:00 [queued]>
[2024-10-03T22:29:49.245-0400] {taskinstance.py:2865} INFO - Starting attempt 1 of 2
[2024-10-03T22:29:49.502-0400] {taskinstance.py:2888} INFO - Executing <Task(PythonOperator): extract_texts_task> on 2024-10-04 02:24:10.297091+00:00
[2024-10-03T22:29:49.506-0400] {standard_task_runner.py:72} INFO - Started process 28834 to run task
[2024-10-03T22:29:49.508-0400] {standard_task_runner.py:104} INFO - Running: ['airflow', 'tasks', 'run', 'huggingface_pdf_pipeline', 'extract_texts_task', 'manual__2024-10-04T02:24:10.297091+00:00', '--job-id', '34', '--raw', '--subdir', 'DAGS_FOLDER/huggingface_pdf_airflow_dag.py', '--cfg-path', '/tmp/tmpzo79z7mm']
[2024-10-03T22:29:49.510-0400] {standard_task_runner.py:105} INFO - Job 34: Subtask extract_texts_task
[2024-10-03T22:30:01.768-0400] {job.py:229} INFO - Heartbeat recovered after 25.38 seconds
[2024-10-03T22:30:20.561-0400] {task_command.py:467} INFO - Running <TaskInstance: huggingface_pdf_pipeline.extract_texts_task manual__2024-10-04T02:24:10.297091+00:00 [running]> on host LAPTOP-GD5THE3N.
[2024-10-03T22:30:34.297-0400] {job.py:229} INFO - Heartbeat recovered after 32.63 seconds
[2024-10-03T22:31:02.335-0400] {taskinstance.py:3131} INFO - Exporting env vars: AIRFLOW_CTX_DAG_OWNER='airflow' AIRFLOW_CTX_DAG_ID='huggingface_pdf_pipeline' AIRFLOW_CTX_TASK_ID='extract_texts_task' AIRFLOW_CTX_EXECUTION_DATE='2024-10-04T02:24:10.297091+00:00' AIRFLOW_CTX_TRY_NUMBER='1' AIRFLOW_CTX_DAG_RUN_ID='manual__2024-10-04T02:24:10.297091+00:00'
[2024-10-03T22:31:02.344-0400] {logging_mixin.py:190} INFO - Task instance is in running state
[2024-10-03T22:31:02.360-0400] {logging_mixin.py:190} INFO -  Previous state of the Task instance: queued
[2024-10-03T22:31:02.365-0400] {logging_mixin.py:190} INFO - Current task name:extract_texts_task state:running start_date:2024-10-04 02:29:49.058685+00:00
[2024-10-03T22:31:02.376-0400] {logging_mixin.py:190} INFO - Dag name:huggingface_pdf_pipeline and current dag run status:running
[2024-10-03T22:31:02.377-0400] {taskinstance.py:731} INFO - ::endgroup::
[2024-10-03T22:31:02.383-0400] {logging_mixin.py:190} INFO - Error extracting text from /: [Errno 21] Is a directory: '/'
[2024-10-03T22:31:02.395-0400] {logging_mixin.py:190} INFO - Error extracting text from h: [Errno 2] No such file or directory: 'h'
[2024-10-03T22:31:02.405-0400] {logging_mixin.py:190} INFO - Error extracting text from o: [Errno 2] No such file or directory: 'o'
[2024-10-03T22:31:02.413-0400] {logging_mixin.py:190} INFO - Error extracting text from m: [Errno 2] No such file or directory: 'm'
[2024-10-03T22:31:02.415-0400] {logging_mixin.py:190} INFO - Error extracting text from e: [Errno 2] No such file or directory: 'e'
[2024-10-03T22:31:02.416-0400] {logging_mixin.py:190} INFO - Error extracting text from /: [Errno 21] Is a directory: '/'
[2024-10-03T22:31:02.417-0400] {logging_mixin.py:190} INFO - Error extracting text from p: [Errno 2] No such file or directory: 'p'
[2024-10-03T22:31:02.418-0400] {logging_mixin.py:190} INFO - Error extracting text from a: [Errno 2] No such file or directory: 'a'
[2024-10-03T22:31:02.419-0400] {logging_mixin.py:190} INFO - Error extracting text from t: [Errno 2] No such file or directory: 't'
[2024-10-03T22:31:02.419-0400] {logging_mixin.py:190} INFO - Error extracting text from r: [Errno 2] No such file or directory: 'r'
[2024-10-03T22:31:02.420-0400] {logging_mixin.py:190} INFO - Error extracting text from i: [Errno 2] No such file or directory: 'i'
[2024-10-03T22:31:02.421-0400] {logging_mixin.py:190} INFO - Error extracting text from c: [Errno 2] No such file or directory: 'c'
[2024-10-03T22:31:02.422-0400] {logging_mixin.py:190} INFO - Error extracting text from k: [Errno 2] No such file or directory: 'k'
[2024-10-03T22:31:02.423-0400] {logging_mixin.py:190} INFO - Error extracting text from /: [Errno 21] Is a directory: '/'
[2024-10-03T22:31:02.424-0400] {logging_mixin.py:190} INFO - Error extracting text from D: [Errno 2] No such file or directory: 'D'
[2024-10-03T22:31:02.424-0400] {logging_mixin.py:190} INFO - Error extracting text from o: [Errno 2] No such file or directory: 'o'
[2024-10-03T22:31:02.425-0400] {logging_mixin.py:190} INFO - Error extracting text from w: [Errno 2] No such file or directory: 'w'
[2024-10-03T22:31:02.425-0400] {logging_mixin.py:190} INFO - Error extracting text from n: [Errno 2] No such file or directory: 'n'
[2024-10-03T22:31:02.426-0400] {logging_mixin.py:190} INFO - Error extracting text from l: [Errno 2] No such file or directory: 'l'
[2024-10-03T22:31:02.427-0400] {logging_mixin.py:190} INFO - Error extracting text from o: [Errno 2] No such file or directory: 'o'
[2024-10-03T22:31:02.427-0400] {logging_mixin.py:190} INFO - Error extracting text from a: [Errno 2] No such file or directory: 'a'
[2024-10-03T22:31:02.428-0400] {logging_mixin.py:190} INFO - Error extracting text from d: [Errno 2] No such file or directory: 'd'
[2024-10-03T22:31:02.428-0400] {logging_mixin.py:190} INFO - Error extracting text from s: [Errno 2] No such file or directory: 's'
[2024-10-03T22:31:02.429-0400] {python.py:240} INFO - Done. Returned value was: []
[2024-10-03T22:31:06.669-0400] {job.py:229} INFO - Heartbeat recovered after 32.61 seconds
[2024-10-03T22:31:30.086-0400] {taskinstance.py:340} INFO - ::group::Post task execution logs
[2024-10-03T22:31:30.088-0400] {taskinstance.py:352} INFO - Marking task as SUCCESS. dag_id=huggingface_pdf_pipeline, task_id=extract_texts_task, run_id=manual__2024-10-04T02:24:10.297091+00:00, execution_date=20241004T022410, start_date=20241004T022949, end_date=20241004T023130
[2024-10-03T22:31:30.654-0400] {logging_mixin.py:190} INFO - Task instance in success state
[2024-10-03T22:31:30.655-0400] {logging_mixin.py:190} INFO -  Previous state of the Task instance: running
[2024-10-03T22:31:30.657-0400] {logging_mixin.py:190} INFO - Dag name:huggingface_pdf_pipeline queued_at:2024-10-04 02:24:11.104549+00:00
[2024-10-03T22:31:30.658-0400] {logging_mixin.py:190} INFO - Task hostname:LAPTOP-GD5THE3N. operator:PythonOperator
[2024-10-03T22:31:39.568-0400] {job.py:229} INFO - Heartbeat recovered after 33.07 seconds
[2024-10-03T22:31:47.183-0400] {local_task_job_runner.py:266} INFO - Task exited with return code 0
[2024-10-03T22:31:49.639-0400] {standard_task_runner.py:217} INFO - Process not found (most likely exited), stop collecting metrics
[2024-10-03T22:31:50.564-0400] {taskinstance.py:3900} INFO - 1 downstream tasks scheduled from follow-on schedule check
[2024-10-03T22:31:50.600-0400] {local_task_job_runner.py:245} INFO - ::endgroup::
