[2024-10-03T23:05:23.595-0400] {local_task_job_runner.py:123} INFO - ::group::Pre task execution logs
[2024-10-03T23:05:27.880-0400] {taskinstance.py:2612} INFO - Dependencies all met for dep_context=non-requeueable deps ti=<TaskInstance: huggingface_pdf_pipeline.extract_texts_task manual__2024-10-04T02:57:09.080078+00:00 [queued]>
[2024-10-03T23:05:28.086-0400] {taskinstance.py:2612} INFO - Dependencies all met for dep_context=requeueable deps ti=<TaskInstance: huggingface_pdf_pipeline.extract_texts_task manual__2024-10-04T02:57:09.080078+00:00 [queued]>
[2024-10-03T23:05:28.090-0400] {taskinstance.py:2865} INFO - Starting attempt 1 of 2
[2024-10-03T23:05:28.325-0400] {taskinstance.py:2888} INFO - Executing <Task(PythonOperator): extract_texts_task> on 2024-10-04 02:57:09.080078+00:00
[2024-10-03T23:05:28.329-0400] {standard_task_runner.py:72} INFO - Started process 38664 to run task
[2024-10-03T23:05:28.331-0400] {standard_task_runner.py:104} INFO - Running: ['airflow', 'tasks', 'run', 'huggingface_pdf_pipeline', 'extract_texts_task', 'manual__2024-10-04T02:57:09.080078+00:00', '--job-id', '53', '--raw', '--subdir', 'DAGS_FOLDER/huggingface_pdf_airflow_dag.py', '--cfg-path', '/tmp/tmpifgxt72e']
[2024-10-03T23:05:28.338-0400] {standard_task_runner.py:105} INFO - Job 53: Subtask extract_texts_task
[2024-10-03T23:05:38.671-0400] {job.py:229} INFO - Heartbeat recovered after 24.79 seconds
[2024-10-03T23:05:41.925-0400] {task_command.py:467} INFO - Running <TaskInstance: huggingface_pdf_pipeline.extract_texts_task manual__2024-10-04T02:57:09.080078+00:00 [running]> on host LAPTOP-GD5THE3N.
[2024-10-03T23:05:55.293-0400] {job.py:229} INFO - Heartbeat recovered after 16.71 seconds
[2024-10-03T23:05:59.139-0400] {taskinstance.py:3131} INFO - Exporting env vars: AIRFLOW_CTX_DAG_OWNER='airflow' AIRFLOW_CTX_DAG_ID='huggingface_pdf_pipeline' AIRFLOW_CTX_TASK_ID='extract_texts_task' AIRFLOW_CTX_EXECUTION_DATE='2024-10-04T02:57:09.080078+00:00' AIRFLOW_CTX_TRY_NUMBER='1' AIRFLOW_CTX_DAG_RUN_ID='manual__2024-10-04T02:57:09.080078+00:00'
[2024-10-03T23:05:59.142-0400] {logging_mixin.py:190} INFO - Task instance is in running state
[2024-10-03T23:05:59.144-0400] {logging_mixin.py:190} INFO -  Previous state of the Task instance: queued
[2024-10-03T23:05:59.146-0400] {logging_mixin.py:190} INFO - Current task name:extract_texts_task state:running start_date:2024-10-04 03:05:27.882675+00:00
[2024-10-03T23:05:59.148-0400] {logging_mixin.py:190} INFO - Dag name:huggingface_pdf_pipeline and current dag run status:running
[2024-10-03T23:05:59.150-0400] {taskinstance.py:731} INFO - ::endgroup::
[2024-10-03T23:05:59.154-0400] {logging_mixin.py:190} INFO - Error extracting text from /: [Errno 21] Is a directory: '/'
[2024-10-03T23:05:59.156-0400] {logging_mixin.py:190} INFO - Error extracting text from h: [Errno 2] No such file or directory: 'h'
[2024-10-03T23:05:59.159-0400] {logging_mixin.py:190} INFO - Error extracting text from o: [Errno 2] No such file or directory: 'o'
[2024-10-03T23:05:59.161-0400] {logging_mixin.py:190} INFO - Error extracting text from m: [Errno 2] No such file or directory: 'm'
[2024-10-03T23:05:59.163-0400] {logging_mixin.py:190} INFO - Error extracting text from e: [Errno 2] No such file or directory: 'e'
[2024-10-03T23:05:59.165-0400] {logging_mixin.py:190} INFO - Error extracting text from /: [Errno 21] Is a directory: '/'
[2024-10-03T23:05:59.167-0400] {logging_mixin.py:190} INFO - Error extracting text from p: [Errno 2] No such file or directory: 'p'
[2024-10-03T23:05:59.169-0400] {logging_mixin.py:190} INFO - Error extracting text from a: [Errno 2] No such file or directory: 'a'
[2024-10-03T23:05:59.171-0400] {logging_mixin.py:190} INFO - Error extracting text from t: [Errno 2] No such file or directory: 't'
[2024-10-03T23:05:59.172-0400] {logging_mixin.py:190} INFO - Error extracting text from r: [Errno 2] No such file or directory: 'r'
[2024-10-03T23:05:59.172-0400] {logging_mixin.py:190} INFO - Error extracting text from i: [Errno 2] No such file or directory: 'i'
[2024-10-03T23:05:59.173-0400] {logging_mixin.py:190} INFO - Error extracting text from c: [Errno 2] No such file or directory: 'c'
[2024-10-03T23:05:59.174-0400] {logging_mixin.py:190} INFO - Error extracting text from k: [Errno 2] No such file or directory: 'k'
[2024-10-03T23:05:59.175-0400] {logging_mixin.py:190} INFO - Error extracting text from /: [Errno 21] Is a directory: '/'
[2024-10-03T23:05:59.176-0400] {logging_mixin.py:190} INFO - Error extracting text from D: [Errno 2] No such file or directory: 'D'
[2024-10-03T23:05:59.177-0400] {logging_mixin.py:190} INFO - Error extracting text from o: [Errno 2] No such file or directory: 'o'
[2024-10-03T23:05:59.178-0400] {logging_mixin.py:190} INFO - Error extracting text from w: [Errno 2] No such file or directory: 'w'
[2024-10-03T23:05:59.179-0400] {logging_mixin.py:190} INFO - Error extracting text from n: [Errno 2] No such file or directory: 'n'
[2024-10-03T23:05:59.180-0400] {logging_mixin.py:190} INFO - Error extracting text from l: [Errno 2] No such file or directory: 'l'
[2024-10-03T23:05:59.180-0400] {logging_mixin.py:190} INFO - Error extracting text from o: [Errno 2] No such file or directory: 'o'
[2024-10-03T23:05:59.181-0400] {logging_mixin.py:190} INFO - Error extracting text from a: [Errno 2] No such file or directory: 'a'
[2024-10-03T23:05:59.182-0400] {logging_mixin.py:190} INFO - Error extracting text from d: [Errno 2] No such file or directory: 'd'
[2024-10-03T23:05:59.183-0400] {logging_mixin.py:190} INFO - Error extracting text from s: [Errno 2] No such file or directory: 's'
[2024-10-03T23:05:59.183-0400] {python.py:240} INFO - Done. Returned value was: []
[2024-10-03T23:06:13.999-0400] {taskinstance.py:340} INFO - ::group::Post task execution logs
[2024-10-03T23:06:14.002-0400] {taskinstance.py:352} INFO - Marking task as SUCCESS. dag_id=huggingface_pdf_pipeline, task_id=extract_texts_task, run_id=manual__2024-10-04T02:57:09.080078+00:00, execution_date=20241004T025709, start_date=20241004T030527, end_date=20241004T030614
[2024-10-03T23:06:14.399-0400] {logging_mixin.py:190} INFO - Task instance in success state
[2024-10-03T23:06:14.401-0400] {logging_mixin.py:190} INFO -  Previous state of the Task instance: running
[2024-10-03T23:06:14.402-0400] {logging_mixin.py:190} INFO - Dag name:huggingface_pdf_pipeline queued_at:2024-10-04 02:57:09.809367+00:00
[2024-10-03T23:06:14.403-0400] {logging_mixin.py:190} INFO - Task hostname:LAPTOP-GD5THE3N. operator:PythonOperator
[2024-10-03T23:06:15.677-0400] {job.py:229} INFO - Heartbeat recovered after 20.48 seconds
[2024-10-03T23:06:21.664-0400] {local_task_job_runner.py:266} INFO - Task exited with return code 0
[2024-10-03T23:06:23.397-0400] {standard_task_runner.py:217} INFO - Process not found (most likely exited), stop collecting metrics
[2024-10-03T23:06:35.296-0400] {taskinstance.py:3900} INFO - 1 downstream tasks scheduled from follow-on schedule check
[2024-10-03T23:06:35.365-0400] {local_task_job_runner.py:245} INFO - ::endgroup::
