[2024-10-03T20:47:23.345-0400] {processor.py:186} INFO - Started process (PID=1736) to work on /home/patrick/.cache/pypoetry/virtualenvs/airflow-wPbgcfzP-py3.10/lib/python3.10/site-packages/airflow/example_dags/example_complex.py
[2024-10-03T20:47:23.346-0400] {processor.py:914} INFO - Processing file /home/patrick/.cache/pypoetry/virtualenvs/airflow-wPbgcfzP-py3.10/lib/python3.10/site-packages/airflow/example_dags/example_complex.py for tasks to queue
[2024-10-03T20:47:23.347-0400] {logging_mixin.py:190} INFO - [2024-10-03T20:47:23.347-0400] {dagbag.py:588} INFO - Filling up the DagBag from /home/patrick/.cache/pypoetry/virtualenvs/airflow-wPbgcfzP-py3.10/lib/python3.10/site-packages/airflow/example_dags/example_complex.py
[2024-10-03T20:47:23.356-0400] {processor.py:925} INFO - DAG(s) 'example_complex' retrieved from /home/patrick/.cache/pypoetry/virtualenvs/airflow-wPbgcfzP-py3.10/lib/python3.10/site-packages/airflow/example_dags/example_complex.py
[2024-10-03T20:47:28.077-0400] {logging_mixin.py:190} INFO - [2024-10-03T20:47:28.077-0400] {process_utils.py:266} INFO - Waiting up to 5 seconds for processes to exit...
[2024-10-03T21:01:34.562-0400] {processor.py:186} INFO - Started process (PID=5315) to work on /home/patrick/.cache/pypoetry/virtualenvs/airflow-wPbgcfzP-py3.10/lib/python3.10/site-packages/airflow/example_dags/example_complex.py
[2024-10-03T21:01:34.563-0400] {processor.py:914} INFO - Processing file /home/patrick/.cache/pypoetry/virtualenvs/airflow-wPbgcfzP-py3.10/lib/python3.10/site-packages/airflow/example_dags/example_complex.py for tasks to queue
[2024-10-03T21:01:34.564-0400] {logging_mixin.py:190} INFO - [2024-10-03T21:01:34.564-0400] {dagbag.py:588} INFO - Filling up the DagBag from /home/patrick/.cache/pypoetry/virtualenvs/airflow-wPbgcfzP-py3.10/lib/python3.10/site-packages/airflow/example_dags/example_complex.py
[2024-10-03T21:01:34.572-0400] {processor.py:925} INFO - DAG(s) 'example_complex' retrieved from /home/patrick/.cache/pypoetry/virtualenvs/airflow-wPbgcfzP-py3.10/lib/python3.10/site-packages/airflow/example_dags/example_complex.py
[2024-10-03T21:01:37.494-0400] {logging_mixin.py:190} INFO - [2024-10-03T21:01:37.494-0400] {dag.py:3239} INFO - Sync 1 DAGs
[2024-10-03T21:01:37.629-0400] {logging_mixin.py:190} INFO - [2024-10-03T21:01:37.629-0400] {dag.py:4180} INFO - Setting next_dagrun for example_complex to None, run_after=None
[2024-10-03T21:01:38.445-0400] {processor.py:208} INFO - Processing /home/patrick/.cache/pypoetry/virtualenvs/airflow-wPbgcfzP-py3.10/lib/python3.10/site-packages/airflow/example_dags/example_complex.py took 3.886 seconds
[2024-10-03T21:04:36.262-0400] {processor.py:186} INFO - Started process (PID=6087) to work on /home/patrick/.cache/pypoetry/virtualenvs/airflow-wPbgcfzP-py3.10/lib/python3.10/site-packages/airflow/example_dags/example_complex.py
[2024-10-03T21:04:36.275-0400] {processor.py:914} INFO - Processing file /home/patrick/.cache/pypoetry/virtualenvs/airflow-wPbgcfzP-py3.10/lib/python3.10/site-packages/airflow/example_dags/example_complex.py for tasks to queue
[2024-10-03T21:04:36.288-0400] {logging_mixin.py:190} INFO - [2024-10-03T21:04:36.288-0400] {dagbag.py:588} INFO - Filling up the DagBag from /home/patrick/.cache/pypoetry/virtualenvs/airflow-wPbgcfzP-py3.10/lib/python3.10/site-packages/airflow/example_dags/example_complex.py
[2024-10-03T21:04:36.295-0400] {processor.py:925} INFO - DAG(s) 'example_complex' retrieved from /home/patrick/.cache/pypoetry/virtualenvs/airflow-wPbgcfzP-py3.10/lib/python3.10/site-packages/airflow/example_dags/example_complex.py
[2024-10-03T21:04:37.849-0400] {logging_mixin.py:190} INFO - [2024-10-03T21:04:37.849-0400] {dag.py:3239} INFO - Sync 1 DAGs
[2024-10-03T21:04:37.920-0400] {logging_mixin.py:190} INFO - [2024-10-03T21:04:37.919-0400] {dag.py:4180} INFO - Setting next_dagrun for example_complex to None, run_after=None
[2024-10-03T21:04:38.574-0400] {processor.py:208} INFO - Processing /home/patrick/.cache/pypoetry/virtualenvs/airflow-wPbgcfzP-py3.10/lib/python3.10/site-packages/airflow/example_dags/example_complex.py took 2.316 seconds
[2024-10-03T21:08:44.049-0400] {processor.py:186} INFO - Started process (PID=7162) to work on /home/patrick/.cache/pypoetry/virtualenvs/airflow-wPbgcfzP-py3.10/lib/python3.10/site-packages/airflow/example_dags/example_complex.py
[2024-10-03T21:08:44.050-0400] {processor.py:914} INFO - Processing file /home/patrick/.cache/pypoetry/virtualenvs/airflow-wPbgcfzP-py3.10/lib/python3.10/site-packages/airflow/example_dags/example_complex.py for tasks to queue
[2024-10-03T21:08:44.051-0400] {logging_mixin.py:190} INFO - [2024-10-03T21:08:44.051-0400] {dagbag.py:588} INFO - Filling up the DagBag from /home/patrick/.cache/pypoetry/virtualenvs/airflow-wPbgcfzP-py3.10/lib/python3.10/site-packages/airflow/example_dags/example_complex.py
[2024-10-03T21:08:44.060-0400] {processor.py:925} INFO - DAG(s) 'example_complex' retrieved from /home/patrick/.cache/pypoetry/virtualenvs/airflow-wPbgcfzP-py3.10/lib/python3.10/site-packages/airflow/example_dags/example_complex.py
[2024-10-03T21:08:47.412-0400] {logging_mixin.py:190} INFO - [2024-10-03T21:08:47.412-0400] {dag.py:3239} INFO - Sync 1 DAGs
[2024-10-03T21:08:47.499-0400] {logging_mixin.py:190} INFO - [2024-10-03T21:08:47.498-0400] {dag.py:4180} INFO - Setting next_dagrun for example_complex to None, run_after=None
[2024-10-03T21:08:48.092-0400] {processor.py:208} INFO - Processing /home/patrick/.cache/pypoetry/virtualenvs/airflow-wPbgcfzP-py3.10/lib/python3.10/site-packages/airflow/example_dags/example_complex.py took 4.047 seconds
[2024-10-03T21:17:35.106-0400] {processor.py:186} INFO - Started process (PID=9605) to work on /home/patrick/.cache/pypoetry/virtualenvs/airflow-wPbgcfzP-py3.10/lib/python3.10/site-packages/airflow/example_dags/example_complex.py
[2024-10-03T21:17:35.108-0400] {processor.py:914} INFO - Processing file /home/patrick/.cache/pypoetry/virtualenvs/airflow-wPbgcfzP-py3.10/lib/python3.10/site-packages/airflow/example_dags/example_complex.py for tasks to queue
[2024-10-03T21:17:35.111-0400] {logging_mixin.py:190} INFO - [2024-10-03T21:17:35.111-0400] {dagbag.py:588} INFO - Filling up the DagBag from /home/patrick/.cache/pypoetry/virtualenvs/airflow-wPbgcfzP-py3.10/lib/python3.10/site-packages/airflow/example_dags/example_complex.py
[2024-10-03T21:17:35.121-0400] {processor.py:925} INFO - DAG(s) 'example_complex' retrieved from /home/patrick/.cache/pypoetry/virtualenvs/airflow-wPbgcfzP-py3.10/lib/python3.10/site-packages/airflow/example_dags/example_complex.py
[2024-10-03T21:17:37.808-0400] {logging_mixin.py:190} INFO - [2024-10-03T21:17:37.807-0400] {dag.py:3239} INFO - Sync 1 DAGs
[2024-10-03T21:17:38.004-0400] {logging_mixin.py:190} INFO - [2024-10-03T21:17:38.004-0400] {dag.py:4180} INFO - Setting next_dagrun for example_complex to None, run_after=None
[2024-10-03T21:17:38.677-0400] {processor.py:208} INFO - Processing /home/patrick/.cache/pypoetry/virtualenvs/airflow-wPbgcfzP-py3.10/lib/python3.10/site-packages/airflow/example_dags/example_complex.py took 3.575 seconds
[2024-10-03T21:22:06.746-0400] {processor.py:186} INFO - Started process (PID=10826) to work on /home/patrick/.cache/pypoetry/virtualenvs/airflow-wPbgcfzP-py3.10/lib/python3.10/site-packages/airflow/example_dags/example_complex.py
[2024-10-03T21:22:06.757-0400] {processor.py:914} INFO - Processing file /home/patrick/.cache/pypoetry/virtualenvs/airflow-wPbgcfzP-py3.10/lib/python3.10/site-packages/airflow/example_dags/example_complex.py for tasks to queue
[2024-10-03T21:22:06.759-0400] {logging_mixin.py:190} INFO - [2024-10-03T21:22:06.759-0400] {dagbag.py:588} INFO - Filling up the DagBag from /home/patrick/.cache/pypoetry/virtualenvs/airflow-wPbgcfzP-py3.10/lib/python3.10/site-packages/airflow/example_dags/example_complex.py
[2024-10-03T21:22:06.774-0400] {processor.py:925} INFO - DAG(s) 'example_complex' retrieved from /home/patrick/.cache/pypoetry/virtualenvs/airflow-wPbgcfzP-py3.10/lib/python3.10/site-packages/airflow/example_dags/example_complex.py
[2024-10-03T21:22:16.644-0400] {logging_mixin.py:190} INFO - [2024-10-03T21:22:16.643-0400] {dag.py:3239} INFO - Sync 1 DAGs
[2024-10-03T21:22:16.849-0400] {logging_mixin.py:190} INFO - [2024-10-03T21:22:16.848-0400] {dag.py:4180} INFO - Setting next_dagrun for example_complex to None, run_after=None
[2024-10-03T21:22:17.893-0400] {processor.py:208} INFO - Processing /home/patrick/.cache/pypoetry/virtualenvs/airflow-wPbgcfzP-py3.10/lib/python3.10/site-packages/airflow/example_dags/example_complex.py took 11.152 seconds
[2024-10-03T21:24:49.052-0400] {processor.py:186} INFO - Started process (PID=11524) to work on /home/patrick/.cache/pypoetry/virtualenvs/airflow-wPbgcfzP-py3.10/lib/python3.10/site-packages/airflow/example_dags/example_complex.py
[2024-10-03T21:24:49.053-0400] {processor.py:914} INFO - Processing file /home/patrick/.cache/pypoetry/virtualenvs/airflow-wPbgcfzP-py3.10/lib/python3.10/site-packages/airflow/example_dags/example_complex.py for tasks to queue
[2024-10-03T21:24:49.054-0400] {logging_mixin.py:190} INFO - [2024-10-03T21:24:49.054-0400] {dagbag.py:588} INFO - Filling up the DagBag from /home/patrick/.cache/pypoetry/virtualenvs/airflow-wPbgcfzP-py3.10/lib/python3.10/site-packages/airflow/example_dags/example_complex.py
[2024-10-03T21:24:49.061-0400] {processor.py:925} INFO - DAG(s) 'example_complex' retrieved from /home/patrick/.cache/pypoetry/virtualenvs/airflow-wPbgcfzP-py3.10/lib/python3.10/site-packages/airflow/example_dags/example_complex.py
[2024-10-03T21:24:52.866-0400] {logging_mixin.py:190} INFO - [2024-10-03T21:24:52.865-0400] {dag.py:3239} INFO - Sync 1 DAGs
[2024-10-03T21:24:52.944-0400] {logging_mixin.py:190} INFO - [2024-10-03T21:24:52.944-0400] {dag.py:4180} INFO - Setting next_dagrun for example_complex to None, run_after=None
[2024-10-03T21:24:53.475-0400] {processor.py:208} INFO - Processing /home/patrick/.cache/pypoetry/virtualenvs/airflow-wPbgcfzP-py3.10/lib/python3.10/site-packages/airflow/example_dags/example_complex.py took 4.426 seconds
[2024-10-03T21:29:56.199-0400] {processor.py:186} INFO - Started process (PID=12923) to work on /home/patrick/.cache/pypoetry/virtualenvs/airflow-wPbgcfzP-py3.10/lib/python3.10/site-packages/airflow/example_dags/example_complex.py
[2024-10-03T21:29:56.200-0400] {processor.py:914} INFO - Processing file /home/patrick/.cache/pypoetry/virtualenvs/airflow-wPbgcfzP-py3.10/lib/python3.10/site-packages/airflow/example_dags/example_complex.py for tasks to queue
[2024-10-03T21:29:56.201-0400] {logging_mixin.py:190} INFO - [2024-10-03T21:29:56.201-0400] {dagbag.py:588} INFO - Filling up the DagBag from /home/patrick/.cache/pypoetry/virtualenvs/airflow-wPbgcfzP-py3.10/lib/python3.10/site-packages/airflow/example_dags/example_complex.py
[2024-10-03T21:29:56.208-0400] {processor.py:925} INFO - DAG(s) 'example_complex' retrieved from /home/patrick/.cache/pypoetry/virtualenvs/airflow-wPbgcfzP-py3.10/lib/python3.10/site-packages/airflow/example_dags/example_complex.py
[2024-10-03T21:29:58.182-0400] {logging_mixin.py:190} INFO - [2024-10-03T21:29:58.182-0400] {dag.py:3239} INFO - Sync 1 DAGs
[2024-10-03T21:29:58.238-0400] {logging_mixin.py:190} INFO - [2024-10-03T21:29:58.238-0400] {dag.py:4180} INFO - Setting next_dagrun for example_complex to None, run_after=None
[2024-10-03T21:29:59.020-0400] {processor.py:208} INFO - Processing /home/patrick/.cache/pypoetry/virtualenvs/airflow-wPbgcfzP-py3.10/lib/python3.10/site-packages/airflow/example_dags/example_complex.py took 2.824 seconds
[2024-10-03T21:33:41.399-0400] {processor.py:186} INFO - Started process (PID=13898) to work on /home/patrick/.cache/pypoetry/virtualenvs/airflow-wPbgcfzP-py3.10/lib/python3.10/site-packages/airflow/example_dags/example_complex.py
[2024-10-03T21:33:41.400-0400] {processor.py:914} INFO - Processing file /home/patrick/.cache/pypoetry/virtualenvs/airflow-wPbgcfzP-py3.10/lib/python3.10/site-packages/airflow/example_dags/example_complex.py for tasks to queue
[2024-10-03T21:33:41.401-0400] {logging_mixin.py:190} INFO - [2024-10-03T21:33:41.401-0400] {dagbag.py:588} INFO - Filling up the DagBag from /home/patrick/.cache/pypoetry/virtualenvs/airflow-wPbgcfzP-py3.10/lib/python3.10/site-packages/airflow/example_dags/example_complex.py
[2024-10-03T21:33:41.409-0400] {processor.py:925} INFO - DAG(s) 'example_complex' retrieved from /home/patrick/.cache/pypoetry/virtualenvs/airflow-wPbgcfzP-py3.10/lib/python3.10/site-packages/airflow/example_dags/example_complex.py
[2024-10-03T21:33:45.293-0400] {logging_mixin.py:190} INFO - [2024-10-03T21:33:45.293-0400] {dag.py:3239} INFO - Sync 1 DAGs
[2024-10-03T21:33:45.382-0400] {logging_mixin.py:190} INFO - [2024-10-03T21:33:45.381-0400] {dag.py:4180} INFO - Setting next_dagrun for example_complex to None, run_after=None
[2024-10-03T21:33:46.023-0400] {processor.py:208} INFO - Processing /home/patrick/.cache/pypoetry/virtualenvs/airflow-wPbgcfzP-py3.10/lib/python3.10/site-packages/airflow/example_dags/example_complex.py took 4.627 seconds
[2024-10-03T21:40:00.006-0400] {processor.py:186} INFO - Started process (PID=15627) to work on /home/patrick/.cache/pypoetry/virtualenvs/airflow-wPbgcfzP-py3.10/lib/python3.10/site-packages/airflow/example_dags/example_complex.py
[2024-10-03T21:40:00.007-0400] {processor.py:914} INFO - Processing file /home/patrick/.cache/pypoetry/virtualenvs/airflow-wPbgcfzP-py3.10/lib/python3.10/site-packages/airflow/example_dags/example_complex.py for tasks to queue
[2024-10-03T21:40:00.009-0400] {logging_mixin.py:190} INFO - [2024-10-03T21:40:00.009-0400] {dagbag.py:588} INFO - Filling up the DagBag from /home/patrick/.cache/pypoetry/virtualenvs/airflow-wPbgcfzP-py3.10/lib/python3.10/site-packages/airflow/example_dags/example_complex.py
[2024-10-03T21:40:00.019-0400] {processor.py:925} INFO - DAG(s) 'example_complex' retrieved from /home/patrick/.cache/pypoetry/virtualenvs/airflow-wPbgcfzP-py3.10/lib/python3.10/site-packages/airflow/example_dags/example_complex.py
[2024-10-03T21:40:02.597-0400] {logging_mixin.py:190} INFO - [2024-10-03T21:40:02.596-0400] {dag.py:3239} INFO - Sync 1 DAGs
[2024-10-03T21:40:02.963-0400] {logging_mixin.py:190} INFO - [2024-10-03T21:40:02.963-0400] {dag.py:4180} INFO - Setting next_dagrun for example_complex to None, run_after=None
[2024-10-03T21:40:03.786-0400] {processor.py:208} INFO - Processing /home/patrick/.cache/pypoetry/virtualenvs/airflow-wPbgcfzP-py3.10/lib/python3.10/site-packages/airflow/example_dags/example_complex.py took 3.785 seconds
[2024-10-03T21:45:18.868-0400] {processor.py:186} INFO - Started process (PID=17079) to work on /home/patrick/.cache/pypoetry/virtualenvs/airflow-wPbgcfzP-py3.10/lib/python3.10/site-packages/airflow/example_dags/example_complex.py
[2024-10-03T21:45:18.869-0400] {processor.py:914} INFO - Processing file /home/patrick/.cache/pypoetry/virtualenvs/airflow-wPbgcfzP-py3.10/lib/python3.10/site-packages/airflow/example_dags/example_complex.py for tasks to queue
[2024-10-03T21:45:18.870-0400] {logging_mixin.py:190} INFO - [2024-10-03T21:45:18.870-0400] {dagbag.py:588} INFO - Filling up the DagBag from /home/patrick/.cache/pypoetry/virtualenvs/airflow-wPbgcfzP-py3.10/lib/python3.10/site-packages/airflow/example_dags/example_complex.py
[2024-10-03T21:45:18.877-0400] {processor.py:925} INFO - DAG(s) 'example_complex' retrieved from /home/patrick/.cache/pypoetry/virtualenvs/airflow-wPbgcfzP-py3.10/lib/python3.10/site-packages/airflow/example_dags/example_complex.py
[2024-10-03T21:45:22.859-0400] {logging_mixin.py:190} INFO - [2024-10-03T21:45:22.858-0400] {dag.py:3239} INFO - Sync 1 DAGs
[2024-10-03T21:45:22.967-0400] {logging_mixin.py:190} INFO - [2024-10-03T21:45:22.967-0400] {dag.py:4180} INFO - Setting next_dagrun for example_complex to None, run_after=None
[2024-10-03T21:45:23.618-0400] {processor.py:208} INFO - Processing /home/patrick/.cache/pypoetry/virtualenvs/airflow-wPbgcfzP-py3.10/lib/python3.10/site-packages/airflow/example_dags/example_complex.py took 4.754 seconds
[2024-10-03T21:49:31.404-0400] {processor.py:186} INFO - Started process (PID=18178) to work on /home/patrick/.cache/pypoetry/virtualenvs/airflow-wPbgcfzP-py3.10/lib/python3.10/site-packages/airflow/example_dags/example_complex.py
[2024-10-03T21:49:31.405-0400] {processor.py:914} INFO - Processing file /home/patrick/.cache/pypoetry/virtualenvs/airflow-wPbgcfzP-py3.10/lib/python3.10/site-packages/airflow/example_dags/example_complex.py for tasks to queue
[2024-10-03T21:49:31.407-0400] {logging_mixin.py:190} INFO - [2024-10-03T21:49:31.407-0400] {dagbag.py:588} INFO - Filling up the DagBag from /home/patrick/.cache/pypoetry/virtualenvs/airflow-wPbgcfzP-py3.10/lib/python3.10/site-packages/airflow/example_dags/example_complex.py
[2024-10-03T21:49:31.414-0400] {processor.py:925} INFO - DAG(s) 'example_complex' retrieved from /home/patrick/.cache/pypoetry/virtualenvs/airflow-wPbgcfzP-py3.10/lib/python3.10/site-packages/airflow/example_dags/example_complex.py
[2024-10-03T21:49:33.221-0400] {logging_mixin.py:190} INFO - [2024-10-03T21:49:33.221-0400] {dag.py:3239} INFO - Sync 1 DAGs
[2024-10-03T21:49:33.279-0400] {logging_mixin.py:190} INFO - [2024-10-03T21:49:33.278-0400] {dag.py:4180} INFO - Setting next_dagrun for example_complex to None, run_after=None
[2024-10-03T21:49:33.881-0400] {processor.py:208} INFO - Processing /home/patrick/.cache/pypoetry/virtualenvs/airflow-wPbgcfzP-py3.10/lib/python3.10/site-packages/airflow/example_dags/example_complex.py took 2.480 seconds
[2024-10-03T21:53:46.228-0400] {processor.py:186} INFO - Started process (PID=19264) to work on /home/patrick/.cache/pypoetry/virtualenvs/airflow-wPbgcfzP-py3.10/lib/python3.10/site-packages/airflow/example_dags/example_complex.py
[2024-10-03T21:53:46.230-0400] {processor.py:914} INFO - Processing file /home/patrick/.cache/pypoetry/virtualenvs/airflow-wPbgcfzP-py3.10/lib/python3.10/site-packages/airflow/example_dags/example_complex.py for tasks to queue
[2024-10-03T21:53:46.231-0400] {logging_mixin.py:190} INFO - [2024-10-03T21:53:46.231-0400] {dagbag.py:588} INFO - Filling up the DagBag from /home/patrick/.cache/pypoetry/virtualenvs/airflow-wPbgcfzP-py3.10/lib/python3.10/site-packages/airflow/example_dags/example_complex.py
[2024-10-03T21:53:46.238-0400] {processor.py:925} INFO - DAG(s) 'example_complex' retrieved from /home/patrick/.cache/pypoetry/virtualenvs/airflow-wPbgcfzP-py3.10/lib/python3.10/site-packages/airflow/example_dags/example_complex.py
[2024-10-03T21:53:47.463-0400] {logging_mixin.py:190} INFO - [2024-10-03T21:53:47.462-0400] {dag.py:3239} INFO - Sync 1 DAGs
[2024-10-03T21:53:47.531-0400] {logging_mixin.py:190} INFO - [2024-10-03T21:53:47.531-0400] {dag.py:4180} INFO - Setting next_dagrun for example_complex to None, run_after=None
[2024-10-03T21:53:48.134-0400] {processor.py:208} INFO - Processing /home/patrick/.cache/pypoetry/virtualenvs/airflow-wPbgcfzP-py3.10/lib/python3.10/site-packages/airflow/example_dags/example_complex.py took 1.909 seconds
[2024-10-03T21:57:38.046-0400] {processor.py:186} INFO - Started process (PID=20262) to work on /home/patrick/.cache/pypoetry/virtualenvs/airflow-wPbgcfzP-py3.10/lib/python3.10/site-packages/airflow/example_dags/example_complex.py
[2024-10-03T21:57:38.047-0400] {processor.py:914} INFO - Processing file /home/patrick/.cache/pypoetry/virtualenvs/airflow-wPbgcfzP-py3.10/lib/python3.10/site-packages/airflow/example_dags/example_complex.py for tasks to queue
[2024-10-03T21:57:38.048-0400] {logging_mixin.py:190} INFO - [2024-10-03T21:57:38.048-0400] {dagbag.py:588} INFO - Filling up the DagBag from /home/patrick/.cache/pypoetry/virtualenvs/airflow-wPbgcfzP-py3.10/lib/python3.10/site-packages/airflow/example_dags/example_complex.py
[2024-10-03T21:57:38.055-0400] {processor.py:925} INFO - DAG(s) 'example_complex' retrieved from /home/patrick/.cache/pypoetry/virtualenvs/airflow-wPbgcfzP-py3.10/lib/python3.10/site-packages/airflow/example_dags/example_complex.py
[2024-10-03T21:57:41.695-0400] {logging_mixin.py:190} INFO - [2024-10-03T21:57:41.695-0400] {dag.py:3239} INFO - Sync 1 DAGs
[2024-10-03T21:57:41.831-0400] {logging_mixin.py:190} INFO - [2024-10-03T21:57:41.831-0400] {dag.py:4180} INFO - Setting next_dagrun for example_complex to None, run_after=None
[2024-10-03T21:57:42.506-0400] {processor.py:208} INFO - Processing /home/patrick/.cache/pypoetry/virtualenvs/airflow-wPbgcfzP-py3.10/lib/python3.10/site-packages/airflow/example_dags/example_complex.py took 4.463 seconds
[2024-10-03T22:01:52.544-0400] {processor.py:186} INFO - Started process (PID=21348) to work on /home/patrick/.cache/pypoetry/virtualenvs/airflow-wPbgcfzP-py3.10/lib/python3.10/site-packages/airflow/example_dags/example_complex.py
[2024-10-03T22:01:52.545-0400] {processor.py:914} INFO - Processing file /home/patrick/.cache/pypoetry/virtualenvs/airflow-wPbgcfzP-py3.10/lib/python3.10/site-packages/airflow/example_dags/example_complex.py for tasks to queue
[2024-10-03T22:01:52.547-0400] {logging_mixin.py:190} INFO - [2024-10-03T22:01:52.546-0400] {dagbag.py:588} INFO - Filling up the DagBag from /home/patrick/.cache/pypoetry/virtualenvs/airflow-wPbgcfzP-py3.10/lib/python3.10/site-packages/airflow/example_dags/example_complex.py
[2024-10-03T22:01:52.553-0400] {processor.py:925} INFO - DAG(s) 'example_complex' retrieved from /home/patrick/.cache/pypoetry/virtualenvs/airflow-wPbgcfzP-py3.10/lib/python3.10/site-packages/airflow/example_dags/example_complex.py
[2024-10-03T22:01:55.273-0400] {logging_mixin.py:190} INFO - [2024-10-03T22:01:55.273-0400] {dag.py:3239} INFO - Sync 1 DAGs
[2024-10-03T22:01:55.337-0400] {logging_mixin.py:190} INFO - [2024-10-03T22:01:55.337-0400] {dag.py:4180} INFO - Setting next_dagrun for example_complex to None, run_after=None
[2024-10-03T22:01:55.913-0400] {processor.py:208} INFO - Processing /home/patrick/.cache/pypoetry/virtualenvs/airflow-wPbgcfzP-py3.10/lib/python3.10/site-packages/airflow/example_dags/example_complex.py took 3.373 seconds
[2024-10-03T22:06:38.288-0400] {processor.py:186} INFO - Started process (PID=22561) to work on /home/patrick/.cache/pypoetry/virtualenvs/airflow-wPbgcfzP-py3.10/lib/python3.10/site-packages/airflow/example_dags/example_complex.py
[2024-10-03T22:06:38.289-0400] {processor.py:914} INFO - Processing file /home/patrick/.cache/pypoetry/virtualenvs/airflow-wPbgcfzP-py3.10/lib/python3.10/site-packages/airflow/example_dags/example_complex.py for tasks to queue
[2024-10-03T22:06:38.290-0400] {logging_mixin.py:190} INFO - [2024-10-03T22:06:38.290-0400] {dagbag.py:588} INFO - Filling up the DagBag from /home/patrick/.cache/pypoetry/virtualenvs/airflow-wPbgcfzP-py3.10/lib/python3.10/site-packages/airflow/example_dags/example_complex.py
[2024-10-03T22:06:38.297-0400] {processor.py:925} INFO - DAG(s) 'example_complex' retrieved from /home/patrick/.cache/pypoetry/virtualenvs/airflow-wPbgcfzP-py3.10/lib/python3.10/site-packages/airflow/example_dags/example_complex.py
[2024-10-03T22:06:40.966-0400] {logging_mixin.py:190} INFO - [2024-10-03T22:06:40.965-0400] {dag.py:3239} INFO - Sync 1 DAGs
[2024-10-03T22:06:41.044-0400] {logging_mixin.py:190} INFO - [2024-10-03T22:06:41.043-0400] {dag.py:4180} INFO - Setting next_dagrun for example_complex to None, run_after=None
[2024-10-03T22:06:41.699-0400] {processor.py:208} INFO - Processing /home/patrick/.cache/pypoetry/virtualenvs/airflow-wPbgcfzP-py3.10/lib/python3.10/site-packages/airflow/example_dags/example_complex.py took 3.415 seconds
[2024-10-03T22:11:47.220-0400] {processor.py:186} INFO - Started process (PID=23959) to work on /home/patrick/.cache/pypoetry/virtualenvs/airflow-wPbgcfzP-py3.10/lib/python3.10/site-packages/airflow/example_dags/example_complex.py
[2024-10-03T22:11:47.221-0400] {processor.py:914} INFO - Processing file /home/patrick/.cache/pypoetry/virtualenvs/airflow-wPbgcfzP-py3.10/lib/python3.10/site-packages/airflow/example_dags/example_complex.py for tasks to queue
[2024-10-03T22:11:47.223-0400] {logging_mixin.py:190} INFO - [2024-10-03T22:11:47.223-0400] {dagbag.py:588} INFO - Filling up the DagBag from /home/patrick/.cache/pypoetry/virtualenvs/airflow-wPbgcfzP-py3.10/lib/python3.10/site-packages/airflow/example_dags/example_complex.py
[2024-10-03T22:11:47.231-0400] {processor.py:925} INFO - DAG(s) 'example_complex' retrieved from /home/patrick/.cache/pypoetry/virtualenvs/airflow-wPbgcfzP-py3.10/lib/python3.10/site-packages/airflow/example_dags/example_complex.py
[2024-10-03T22:11:50.236-0400] {logging_mixin.py:190} INFO - [2024-10-03T22:11:50.236-0400] {dag.py:3239} INFO - Sync 1 DAGs
[2024-10-03T22:11:50.530-0400] {logging_mixin.py:190} INFO - [2024-10-03T22:11:50.530-0400] {dag.py:4180} INFO - Setting next_dagrun for example_complex to None, run_after=None
[2024-10-03T22:11:51.208-0400] {processor.py:208} INFO - Processing /home/patrick/.cache/pypoetry/virtualenvs/airflow-wPbgcfzP-py3.10/lib/python3.10/site-packages/airflow/example_dags/example_complex.py took 3.991 seconds
[2024-10-03T22:17:59.185-0400] {processor.py:186} INFO - Started process (PID=25647) to work on /home/patrick/.cache/pypoetry/virtualenvs/airflow-wPbgcfzP-py3.10/lib/python3.10/site-packages/airflow/example_dags/example_complex.py
[2024-10-03T22:17:59.186-0400] {processor.py:914} INFO - Processing file /home/patrick/.cache/pypoetry/virtualenvs/airflow-wPbgcfzP-py3.10/lib/python3.10/site-packages/airflow/example_dags/example_complex.py for tasks to queue
[2024-10-03T22:17:59.188-0400] {logging_mixin.py:190} INFO - [2024-10-03T22:17:59.187-0400] {dagbag.py:588} INFO - Filling up the DagBag from /home/patrick/.cache/pypoetry/virtualenvs/airflow-wPbgcfzP-py3.10/lib/python3.10/site-packages/airflow/example_dags/example_complex.py
[2024-10-03T22:17:59.195-0400] {processor.py:925} INFO - DAG(s) 'example_complex' retrieved from /home/patrick/.cache/pypoetry/virtualenvs/airflow-wPbgcfzP-py3.10/lib/python3.10/site-packages/airflow/example_dags/example_complex.py
[2024-10-03T22:18:04.059-0400] {logging_mixin.py:190} INFO - [2024-10-03T22:18:04.058-0400] {dag.py:3239} INFO - Sync 1 DAGs
[2024-10-03T22:18:04.291-0400] {logging_mixin.py:190} INFO - [2024-10-03T22:18:04.291-0400] {dag.py:4180} INFO - Setting next_dagrun for example_complex to None, run_after=None
[2024-10-03T22:18:05.061-0400] {processor.py:208} INFO - Processing /home/patrick/.cache/pypoetry/virtualenvs/airflow-wPbgcfzP-py3.10/lib/python3.10/site-packages/airflow/example_dags/example_complex.py took 5.879 seconds
[2024-10-03T22:21:41.195-0400] {processor.py:186} INFO - Started process (PID=26622) to work on /home/patrick/.cache/pypoetry/virtualenvs/airflow-wPbgcfzP-py3.10/lib/python3.10/site-packages/airflow/example_dags/example_complex.py
[2024-10-03T22:21:41.196-0400] {processor.py:914} INFO - Processing file /home/patrick/.cache/pypoetry/virtualenvs/airflow-wPbgcfzP-py3.10/lib/python3.10/site-packages/airflow/example_dags/example_complex.py for tasks to queue
[2024-10-03T22:21:41.197-0400] {logging_mixin.py:190} INFO - [2024-10-03T22:21:41.197-0400] {dagbag.py:588} INFO - Filling up the DagBag from /home/patrick/.cache/pypoetry/virtualenvs/airflow-wPbgcfzP-py3.10/lib/python3.10/site-packages/airflow/example_dags/example_complex.py
[2024-10-03T22:21:41.205-0400] {processor.py:925} INFO - DAG(s) 'example_complex' retrieved from /home/patrick/.cache/pypoetry/virtualenvs/airflow-wPbgcfzP-py3.10/lib/python3.10/site-packages/airflow/example_dags/example_complex.py
[2024-10-03T22:21:43.393-0400] {logging_mixin.py:190} INFO - [2024-10-03T22:21:43.393-0400] {dag.py:3239} INFO - Sync 1 DAGs
[2024-10-03T22:21:43.462-0400] {logging_mixin.py:190} INFO - [2024-10-03T22:21:43.462-0400] {dag.py:4180} INFO - Setting next_dagrun for example_complex to None, run_after=None
[2024-10-03T22:21:44.033-0400] {processor.py:208} INFO - Processing /home/patrick/.cache/pypoetry/virtualenvs/airflow-wPbgcfzP-py3.10/lib/python3.10/site-packages/airflow/example_dags/example_complex.py took 2.842 seconds
[2024-10-03T22:26:47.246-0400] {processor.py:186} INFO - Started process (PID=28015) to work on /home/patrick/.cache/pypoetry/virtualenvs/airflow-wPbgcfzP-py3.10/lib/python3.10/site-packages/airflow/example_dags/example_complex.py
[2024-10-03T22:26:47.247-0400] {processor.py:914} INFO - Processing file /home/patrick/.cache/pypoetry/virtualenvs/airflow-wPbgcfzP-py3.10/lib/python3.10/site-packages/airflow/example_dags/example_complex.py for tasks to queue
[2024-10-03T22:26:47.249-0400] {logging_mixin.py:190} INFO - [2024-10-03T22:26:47.249-0400] {dagbag.py:588} INFO - Filling up the DagBag from /home/patrick/.cache/pypoetry/virtualenvs/airflow-wPbgcfzP-py3.10/lib/python3.10/site-packages/airflow/example_dags/example_complex.py
[2024-10-03T22:26:47.256-0400] {processor.py:925} INFO - DAG(s) 'example_complex' retrieved from /home/patrick/.cache/pypoetry/virtualenvs/airflow-wPbgcfzP-py3.10/lib/python3.10/site-packages/airflow/example_dags/example_complex.py
[2024-10-03T22:26:50.572-0400] {logging_mixin.py:190} INFO - [2024-10-03T22:26:50.571-0400] {dag.py:3239} INFO - Sync 1 DAGs
[2024-10-03T22:26:50.652-0400] {logging_mixin.py:190} INFO - [2024-10-03T22:26:50.651-0400] {dag.py:4180} INFO - Setting next_dagrun for example_complex to None, run_after=None
[2024-10-03T22:26:51.303-0400] {processor.py:208} INFO - Processing /home/patrick/.cache/pypoetry/virtualenvs/airflow-wPbgcfzP-py3.10/lib/python3.10/site-packages/airflow/example_dags/example_complex.py took 4.061 seconds
[2024-10-03T22:33:46.557-0400] {processor.py:186} INFO - Started process (PID=29869) to work on /home/patrick/.cache/pypoetry/virtualenvs/airflow-wPbgcfzP-py3.10/lib/python3.10/site-packages/airflow/example_dags/example_complex.py
[2024-10-03T22:33:46.558-0400] {processor.py:914} INFO - Processing file /home/patrick/.cache/pypoetry/virtualenvs/airflow-wPbgcfzP-py3.10/lib/python3.10/site-packages/airflow/example_dags/example_complex.py for tasks to queue
[2024-10-03T22:33:46.560-0400] {logging_mixin.py:190} INFO - [2024-10-03T22:33:46.559-0400] {dagbag.py:588} INFO - Filling up the DagBag from /home/patrick/.cache/pypoetry/virtualenvs/airflow-wPbgcfzP-py3.10/lib/python3.10/site-packages/airflow/example_dags/example_complex.py
[2024-10-03T22:33:46.567-0400] {processor.py:925} INFO - DAG(s) 'example_complex' retrieved from /home/patrick/.cache/pypoetry/virtualenvs/airflow-wPbgcfzP-py3.10/lib/python3.10/site-packages/airflow/example_dags/example_complex.py
[2024-10-03T22:33:49.475-0400] {logging_mixin.py:190} INFO - [2024-10-03T22:33:49.474-0400] {dag.py:3239} INFO - Sync 1 DAGs
[2024-10-03T22:33:49.564-0400] {logging_mixin.py:190} INFO - [2024-10-03T22:33:49.564-0400] {dag.py:4180} INFO - Setting next_dagrun for example_complex to None, run_after=None
[2024-10-03T22:33:50.313-0400] {processor.py:208} INFO - Processing /home/patrick/.cache/pypoetry/virtualenvs/airflow-wPbgcfzP-py3.10/lib/python3.10/site-packages/airflow/example_dags/example_complex.py took 3.759 seconds
[2024-10-03T22:39:28.812-0400] {processor.py:186} INFO - Started process (PID=31459) to work on /home/patrick/.cache/pypoetry/virtualenvs/airflow-wPbgcfzP-py3.10/lib/python3.10/site-packages/airflow/example_dags/example_complex.py
[2024-10-03T22:39:28.812-0400] {processor.py:914} INFO - Processing file /home/patrick/.cache/pypoetry/virtualenvs/airflow-wPbgcfzP-py3.10/lib/python3.10/site-packages/airflow/example_dags/example_complex.py for tasks to queue
[2024-10-03T22:39:28.814-0400] {logging_mixin.py:190} INFO - [2024-10-03T22:39:28.813-0400] {dagbag.py:588} INFO - Filling up the DagBag from /home/patrick/.cache/pypoetry/virtualenvs/airflow-wPbgcfzP-py3.10/lib/python3.10/site-packages/airflow/example_dags/example_complex.py
[2024-10-03T22:39:28.822-0400] {processor.py:925} INFO - DAG(s) 'example_complex' retrieved from /home/patrick/.cache/pypoetry/virtualenvs/airflow-wPbgcfzP-py3.10/lib/python3.10/site-packages/airflow/example_dags/example_complex.py
[2024-10-03T22:39:34.592-0400] {logging_mixin.py:190} INFO - [2024-10-03T22:39:34.592-0400] {dag.py:3239} INFO - Sync 1 DAGs
[2024-10-03T22:39:34.767-0400] {logging_mixin.py:190} INFO - [2024-10-03T22:39:34.767-0400] {dag.py:4180} INFO - Setting next_dagrun for example_complex to None, run_after=None
[2024-10-03T22:39:35.419-0400] {processor.py:208} INFO - Processing /home/patrick/.cache/pypoetry/virtualenvs/airflow-wPbgcfzP-py3.10/lib/python3.10/site-packages/airflow/example_dags/example_complex.py took 6.611 seconds
[2024-10-03T22:45:47.442-0400] {processor.py:186} INFO - Started process (PID=33225) to work on /home/patrick/.cache/pypoetry/virtualenvs/airflow-wPbgcfzP-py3.10/lib/python3.10/site-packages/airflow/example_dags/example_complex.py
[2024-10-03T22:45:47.443-0400] {processor.py:914} INFO - Processing file /home/patrick/.cache/pypoetry/virtualenvs/airflow-wPbgcfzP-py3.10/lib/python3.10/site-packages/airflow/example_dags/example_complex.py for tasks to queue
[2024-10-03T22:45:47.445-0400] {logging_mixin.py:190} INFO - [2024-10-03T22:45:47.444-0400] {dagbag.py:588} INFO - Filling up the DagBag from /home/patrick/.cache/pypoetry/virtualenvs/airflow-wPbgcfzP-py3.10/lib/python3.10/site-packages/airflow/example_dags/example_complex.py
[2024-10-03T22:45:47.452-0400] {processor.py:925} INFO - DAG(s) 'example_complex' retrieved from /home/patrick/.cache/pypoetry/virtualenvs/airflow-wPbgcfzP-py3.10/lib/python3.10/site-packages/airflow/example_dags/example_complex.py
[2024-10-03T22:45:49.741-0400] {logging_mixin.py:190} INFO - [2024-10-03T22:45:49.741-0400] {dag.py:3239} INFO - Sync 1 DAGs
[2024-10-03T22:45:49.898-0400] {logging_mixin.py:190} INFO - [2024-10-03T22:45:49.898-0400] {dag.py:4180} INFO - Setting next_dagrun for example_complex to None, run_after=None
[2024-10-03T22:45:50.769-0400] {processor.py:208} INFO - Processing /home/patrick/.cache/pypoetry/virtualenvs/airflow-wPbgcfzP-py3.10/lib/python3.10/site-packages/airflow/example_dags/example_complex.py took 3.330 seconds
[2024-10-03T22:49:37.322-0400] {processor.py:186} INFO - Started process (PID=34284) to work on /home/patrick/.cache/pypoetry/virtualenvs/airflow-wPbgcfzP-py3.10/lib/python3.10/site-packages/airflow/example_dags/example_complex.py
[2024-10-03T22:49:37.325-0400] {processor.py:914} INFO - Processing file /home/patrick/.cache/pypoetry/virtualenvs/airflow-wPbgcfzP-py3.10/lib/python3.10/site-packages/airflow/example_dags/example_complex.py for tasks to queue
[2024-10-03T22:49:37.331-0400] {logging_mixin.py:190} INFO - [2024-10-03T22:49:37.331-0400] {dagbag.py:588} INFO - Filling up the DagBag from /home/patrick/.cache/pypoetry/virtualenvs/airflow-wPbgcfzP-py3.10/lib/python3.10/site-packages/airflow/example_dags/example_complex.py
[2024-10-03T22:49:37.338-0400] {processor.py:925} INFO - DAG(s) 'example_complex' retrieved from /home/patrick/.cache/pypoetry/virtualenvs/airflow-wPbgcfzP-py3.10/lib/python3.10/site-packages/airflow/example_dags/example_complex.py
[2024-10-03T22:49:39.743-0400] {logging_mixin.py:190} INFO - [2024-10-03T22:49:39.743-0400] {dag.py:3239} INFO - Sync 1 DAGs
[2024-10-03T22:49:40.106-0400] {logging_mixin.py:190} INFO - [2024-10-03T22:49:40.106-0400] {dag.py:4180} INFO - Setting next_dagrun for example_complex to None, run_after=None
[2024-10-03T22:49:41.016-0400] {processor.py:208} INFO - Processing /home/patrick/.cache/pypoetry/virtualenvs/airflow-wPbgcfzP-py3.10/lib/python3.10/site-packages/airflow/example_dags/example_complex.py took 3.697 seconds
[2024-10-03T22:58:39.485-0400] {processor.py:186} INFO - Started process (PID=36835) to work on /home/patrick/.cache/pypoetry/virtualenvs/airflow-wPbgcfzP-py3.10/lib/python3.10/site-packages/airflow/example_dags/example_complex.py
[2024-10-03T22:58:39.486-0400] {processor.py:914} INFO - Processing file /home/patrick/.cache/pypoetry/virtualenvs/airflow-wPbgcfzP-py3.10/lib/python3.10/site-packages/airflow/example_dags/example_complex.py for tasks to queue
[2024-10-03T22:58:39.488-0400] {logging_mixin.py:190} INFO - [2024-10-03T22:58:39.488-0400] {dagbag.py:588} INFO - Filling up the DagBag from /home/patrick/.cache/pypoetry/virtualenvs/airflow-wPbgcfzP-py3.10/lib/python3.10/site-packages/airflow/example_dags/example_complex.py
[2024-10-03T22:58:39.499-0400] {processor.py:925} INFO - DAG(s) 'example_complex' retrieved from /home/patrick/.cache/pypoetry/virtualenvs/airflow-wPbgcfzP-py3.10/lib/python3.10/site-packages/airflow/example_dags/example_complex.py
[2024-10-03T22:58:49.001-0400] {logging_mixin.py:190} INFO - [2024-10-03T22:58:49.001-0400] {dag.py:3239} INFO - Sync 1 DAGs
[2024-10-03T22:58:49.219-0400] {logging_mixin.py:190} INFO - [2024-10-03T22:58:49.219-0400] {dag.py:4180} INFO - Setting next_dagrun for example_complex to None, run_after=None
[2024-10-03T22:58:49.935-0400] {processor.py:208} INFO - Processing /home/patrick/.cache/pypoetry/virtualenvs/airflow-wPbgcfzP-py3.10/lib/python3.10/site-packages/airflow/example_dags/example_complex.py took 10.454 seconds
[2024-10-03T23:05:34.286-0400] {processor.py:186} INFO - Started process (PID=38691) to work on /home/patrick/.cache/pypoetry/virtualenvs/airflow-wPbgcfzP-py3.10/lib/python3.10/site-packages/airflow/example_dags/example_complex.py
[2024-10-03T23:05:34.287-0400] {processor.py:914} INFO - Processing file /home/patrick/.cache/pypoetry/virtualenvs/airflow-wPbgcfzP-py3.10/lib/python3.10/site-packages/airflow/example_dags/example_complex.py for tasks to queue
[2024-10-03T23:05:34.289-0400] {logging_mixin.py:190} INFO - [2024-10-03T23:05:34.289-0400] {dagbag.py:588} INFO - Filling up the DagBag from /home/patrick/.cache/pypoetry/virtualenvs/airflow-wPbgcfzP-py3.10/lib/python3.10/site-packages/airflow/example_dags/example_complex.py
[2024-10-03T23:05:34.297-0400] {processor.py:925} INFO - DAG(s) 'example_complex' retrieved from /home/patrick/.cache/pypoetry/virtualenvs/airflow-wPbgcfzP-py3.10/lib/python3.10/site-packages/airflow/example_dags/example_complex.py
[2024-10-03T23:05:40.271-0400] {logging_mixin.py:190} INFO - [2024-10-03T23:05:40.271-0400] {dag.py:3239} INFO - Sync 1 DAGs
[2024-10-03T23:05:40.641-0400] {logging_mixin.py:190} INFO - [2024-10-03T23:05:40.641-0400] {dag.py:4180} INFO - Setting next_dagrun for example_complex to None, run_after=None
[2024-10-03T23:05:41.553-0400] {processor.py:208} INFO - Processing /home/patrick/.cache/pypoetry/virtualenvs/airflow-wPbgcfzP-py3.10/lib/python3.10/site-packages/airflow/example_dags/example_complex.py took 7.272 seconds
[2024-10-03T23:10:58.816-0400] {processor.py:186} INFO - Started process (PID=40091) to work on /home/patrick/.cache/pypoetry/virtualenvs/airflow-wPbgcfzP-py3.10/lib/python3.10/site-packages/airflow/example_dags/example_complex.py
[2024-10-03T23:10:58.817-0400] {processor.py:914} INFO - Processing file /home/patrick/.cache/pypoetry/virtualenvs/airflow-wPbgcfzP-py3.10/lib/python3.10/site-packages/airflow/example_dags/example_complex.py for tasks to queue
[2024-10-03T23:10:58.819-0400] {logging_mixin.py:190} INFO - [2024-10-03T23:10:58.819-0400] {dagbag.py:588} INFO - Filling up the DagBag from /home/patrick/.cache/pypoetry/virtualenvs/airflow-wPbgcfzP-py3.10/lib/python3.10/site-packages/airflow/example_dags/example_complex.py
[2024-10-03T23:10:58.827-0400] {processor.py:925} INFO - DAG(s) 'example_complex' retrieved from /home/patrick/.cache/pypoetry/virtualenvs/airflow-wPbgcfzP-py3.10/lib/python3.10/site-packages/airflow/example_dags/example_complex.py
[2024-10-03T23:11:01.558-0400] {logging_mixin.py:190} INFO - [2024-10-03T23:11:01.558-0400] {dag.py:3239} INFO - Sync 1 DAGs
[2024-10-03T23:11:01.635-0400] {logging_mixin.py:190} INFO - [2024-10-03T23:11:01.635-0400] {dag.py:4180} INFO - Setting next_dagrun for example_complex to None, run_after=None
[2024-10-03T23:11:02.245-0400] {processor.py:208} INFO - Processing /home/patrick/.cache/pypoetry/virtualenvs/airflow-wPbgcfzP-py3.10/lib/python3.10/site-packages/airflow/example_dags/example_complex.py took 3.433 seconds
[2024-10-03T23:15:33.793-0400] {processor.py:186} INFO - Started process (PID=41291) to work on /home/patrick/.cache/pypoetry/virtualenvs/airflow-wPbgcfzP-py3.10/lib/python3.10/site-packages/airflow/example_dags/example_complex.py
[2024-10-03T23:15:33.794-0400] {processor.py:914} INFO - Processing file /home/patrick/.cache/pypoetry/virtualenvs/airflow-wPbgcfzP-py3.10/lib/python3.10/site-packages/airflow/example_dags/example_complex.py for tasks to queue
[2024-10-03T23:15:33.796-0400] {logging_mixin.py:190} INFO - [2024-10-03T23:15:33.796-0400] {dagbag.py:588} INFO - Filling up the DagBag from /home/patrick/.cache/pypoetry/virtualenvs/airflow-wPbgcfzP-py3.10/lib/python3.10/site-packages/airflow/example_dags/example_complex.py
[2024-10-03T23:15:33.805-0400] {processor.py:925} INFO - DAG(s) 'example_complex' retrieved from /home/patrick/.cache/pypoetry/virtualenvs/airflow-wPbgcfzP-py3.10/lib/python3.10/site-packages/airflow/example_dags/example_complex.py
[2024-10-03T23:15:35.493-0400] {logging_mixin.py:190} INFO - [2024-10-03T23:15:35.493-0400] {dag.py:3239} INFO - Sync 1 DAGs
[2024-10-03T23:15:35.601-0400] {logging_mixin.py:190} INFO - [2024-10-03T23:15:35.601-0400] {dag.py:4180} INFO - Setting next_dagrun for example_complex to None, run_after=None
[2024-10-03T23:15:36.166-0400] {processor.py:208} INFO - Processing /home/patrick/.cache/pypoetry/virtualenvs/airflow-wPbgcfzP-py3.10/lib/python3.10/site-packages/airflow/example_dags/example_complex.py took 2.377 seconds
[2024-10-03T23:19:23.491-0400] {processor.py:186} INFO - Started process (PID=42303) to work on /home/patrick/.cache/pypoetry/virtualenvs/airflow-wPbgcfzP-py3.10/lib/python3.10/site-packages/airflow/example_dags/example_complex.py
[2024-10-03T23:19:23.493-0400] {processor.py:914} INFO - Processing file /home/patrick/.cache/pypoetry/virtualenvs/airflow-wPbgcfzP-py3.10/lib/python3.10/site-packages/airflow/example_dags/example_complex.py for tasks to queue
[2024-10-03T23:19:23.500-0400] {logging_mixin.py:190} INFO - [2024-10-03T23:19:23.500-0400] {dagbag.py:588} INFO - Filling up the DagBag from /home/patrick/.cache/pypoetry/virtualenvs/airflow-wPbgcfzP-py3.10/lib/python3.10/site-packages/airflow/example_dags/example_complex.py
[2024-10-03T23:19:23.517-0400] {processor.py:925} INFO - DAG(s) 'example_complex' retrieved from /home/patrick/.cache/pypoetry/virtualenvs/airflow-wPbgcfzP-py3.10/lib/python3.10/site-packages/airflow/example_dags/example_complex.py
[2024-10-03T23:19:30.720-0400] {logging_mixin.py:190} INFO - [2024-10-03T23:19:30.719-0400] {dag.py:3239} INFO - Sync 1 DAGs
[2024-10-03T23:19:31.229-0400] {logging_mixin.py:190} INFO - [2024-10-03T23:19:31.229-0400] {dag.py:4180} INFO - Setting next_dagrun for example_complex to None, run_after=None
[2024-10-03T23:19:31.977-0400] {processor.py:208} INFO - Processing /home/patrick/.cache/pypoetry/virtualenvs/airflow-wPbgcfzP-py3.10/lib/python3.10/site-packages/airflow/example_dags/example_complex.py took 8.492 seconds
[2024-10-03T23:24:59.806-0400] {processor.py:186} INFO - Started process (PID=43747) to work on /home/patrick/.cache/pypoetry/virtualenvs/airflow-wPbgcfzP-py3.10/lib/python3.10/site-packages/airflow/example_dags/example_complex.py
[2024-10-03T23:24:59.806-0400] {processor.py:914} INFO - Processing file /home/patrick/.cache/pypoetry/virtualenvs/airflow-wPbgcfzP-py3.10/lib/python3.10/site-packages/airflow/example_dags/example_complex.py for tasks to queue
[2024-10-03T23:24:59.808-0400] {logging_mixin.py:190} INFO - [2024-10-03T23:24:59.808-0400] {dagbag.py:588} INFO - Filling up the DagBag from /home/patrick/.cache/pypoetry/virtualenvs/airflow-wPbgcfzP-py3.10/lib/python3.10/site-packages/airflow/example_dags/example_complex.py
[2024-10-03T23:24:59.815-0400] {processor.py:925} INFO - DAG(s) 'example_complex' retrieved from /home/patrick/.cache/pypoetry/virtualenvs/airflow-wPbgcfzP-py3.10/lib/python3.10/site-packages/airflow/example_dags/example_complex.py
[2024-10-03T23:25:12.410-0400] {logging_mixin.py:190} INFO - [2024-10-03T23:25:12.410-0400] {dag.py:3239} INFO - Sync 1 DAGs
[2024-10-03T23:25:12.625-0400] {logging_mixin.py:190} INFO - [2024-10-03T23:25:12.624-0400] {dag.py:4180} INFO - Setting next_dagrun for example_complex to None, run_after=None
[2024-10-03T23:25:13.332-0400] {processor.py:208} INFO - Processing /home/patrick/.cache/pypoetry/virtualenvs/airflow-wPbgcfzP-py3.10/lib/python3.10/site-packages/airflow/example_dags/example_complex.py took 13.530 seconds
[2024-10-03T23:29:32.307-0400] {processor.py:186} INFO - Started process (PID=44904) to work on /home/patrick/.cache/pypoetry/virtualenvs/airflow-wPbgcfzP-py3.10/lib/python3.10/site-packages/airflow/example_dags/example_complex.py
[2024-10-03T23:29:32.308-0400] {processor.py:914} INFO - Processing file /home/patrick/.cache/pypoetry/virtualenvs/airflow-wPbgcfzP-py3.10/lib/python3.10/site-packages/airflow/example_dags/example_complex.py for tasks to queue
[2024-10-03T23:29:32.310-0400] {logging_mixin.py:190} INFO - [2024-10-03T23:29:32.310-0400] {dagbag.py:588} INFO - Filling up the DagBag from /home/patrick/.cache/pypoetry/virtualenvs/airflow-wPbgcfzP-py3.10/lib/python3.10/site-packages/airflow/example_dags/example_complex.py
[2024-10-03T23:29:32.316-0400] {processor.py:925} INFO - DAG(s) 'example_complex' retrieved from /home/patrick/.cache/pypoetry/virtualenvs/airflow-wPbgcfzP-py3.10/lib/python3.10/site-packages/airflow/example_dags/example_complex.py
[2024-10-03T23:29:37.086-0400] {logging_mixin.py:190} INFO - [2024-10-03T23:29:37.086-0400] {dag.py:3239} INFO - Sync 1 DAGs
[2024-10-03T23:29:37.246-0400] {logging_mixin.py:190} INFO - [2024-10-03T23:29:37.245-0400] {dag.py:4180} INFO - Setting next_dagrun for example_complex to None, run_after=None
[2024-10-03T23:29:37.817-0400] {processor.py:208} INFO - Processing /home/patrick/.cache/pypoetry/virtualenvs/airflow-wPbgcfzP-py3.10/lib/python3.10/site-packages/airflow/example_dags/example_complex.py took 5.514 seconds
[2024-10-03T23:33:54.865-0400] {processor.py:186} INFO - Started process (PID=46089) to work on /home/patrick/.cache/pypoetry/virtualenvs/airflow-wPbgcfzP-py3.10/lib/python3.10/site-packages/airflow/example_dags/example_complex.py
[2024-10-03T23:33:54.866-0400] {processor.py:914} INFO - Processing file /home/patrick/.cache/pypoetry/virtualenvs/airflow-wPbgcfzP-py3.10/lib/python3.10/site-packages/airflow/example_dags/example_complex.py for tasks to queue
[2024-10-03T23:33:54.867-0400] {logging_mixin.py:190} INFO - [2024-10-03T23:33:54.867-0400] {dagbag.py:588} INFO - Filling up the DagBag from /home/patrick/.cache/pypoetry/virtualenvs/airflow-wPbgcfzP-py3.10/lib/python3.10/site-packages/airflow/example_dags/example_complex.py
[2024-10-03T23:33:54.875-0400] {processor.py:925} INFO - DAG(s) 'example_complex' retrieved from /home/patrick/.cache/pypoetry/virtualenvs/airflow-wPbgcfzP-py3.10/lib/python3.10/site-packages/airflow/example_dags/example_complex.py
[2024-10-03T23:33:57.035-0400] {logging_mixin.py:190} INFO - [2024-10-03T23:33:57.035-0400] {dag.py:3239} INFO - Sync 1 DAGs
[2024-10-03T23:33:57.151-0400] {logging_mixin.py:190} INFO - [2024-10-03T23:33:57.151-0400] {dag.py:4180} INFO - Setting next_dagrun for example_complex to None, run_after=None
[2024-10-03T23:33:57.727-0400] {processor.py:208} INFO - Processing /home/patrick/.cache/pypoetry/virtualenvs/airflow-wPbgcfzP-py3.10/lib/python3.10/site-packages/airflow/example_dags/example_complex.py took 2.865 seconds
[2024-10-03T23:36:53.385-0400] {processor.py:186} INFO - Started process (PID=46848) to work on /home/patrick/.cache/pypoetry/virtualenvs/airflow-wPbgcfzP-py3.10/lib/python3.10/site-packages/airflow/example_dags/example_complex.py
[2024-10-03T23:36:53.386-0400] {processor.py:914} INFO - Processing file /home/patrick/.cache/pypoetry/virtualenvs/airflow-wPbgcfzP-py3.10/lib/python3.10/site-packages/airflow/example_dags/example_complex.py for tasks to queue
[2024-10-03T23:36:53.387-0400] {logging_mixin.py:190} INFO - [2024-10-03T23:36:53.387-0400] {dagbag.py:588} INFO - Filling up the DagBag from /home/patrick/.cache/pypoetry/virtualenvs/airflow-wPbgcfzP-py3.10/lib/python3.10/site-packages/airflow/example_dags/example_complex.py
[2024-10-03T23:36:53.395-0400] {processor.py:925} INFO - DAG(s) 'example_complex' retrieved from /home/patrick/.cache/pypoetry/virtualenvs/airflow-wPbgcfzP-py3.10/lib/python3.10/site-packages/airflow/example_dags/example_complex.py
[2024-10-03T23:36:59.612-0400] {logging_mixin.py:190} INFO - [2024-10-03T23:36:59.612-0400] {dag.py:3239} INFO - Sync 1 DAGs
[2024-10-03T23:36:59.674-0400] {logging_mixin.py:190} INFO - [2024-10-03T23:36:59.674-0400] {dag.py:4180} INFO - Setting next_dagrun for example_complex to None, run_after=None
[2024-10-03T23:37:00.469-0400] {processor.py:208} INFO - Processing /home/patrick/.cache/pypoetry/virtualenvs/airflow-wPbgcfzP-py3.10/lib/python3.10/site-packages/airflow/example_dags/example_complex.py took 7.089 seconds
[2024-10-03T23:40:50.367-0400] {processor.py:186} INFO - Started process (PID=47871) to work on /home/patrick/.cache/pypoetry/virtualenvs/airflow-wPbgcfzP-py3.10/lib/python3.10/site-packages/airflow/example_dags/example_complex.py
[2024-10-03T23:40:50.368-0400] {processor.py:914} INFO - Processing file /home/patrick/.cache/pypoetry/virtualenvs/airflow-wPbgcfzP-py3.10/lib/python3.10/site-packages/airflow/example_dags/example_complex.py for tasks to queue
[2024-10-03T23:40:50.369-0400] {logging_mixin.py:190} INFO - [2024-10-03T23:40:50.369-0400] {dagbag.py:588} INFO - Filling up the DagBag from /home/patrick/.cache/pypoetry/virtualenvs/airflow-wPbgcfzP-py3.10/lib/python3.10/site-packages/airflow/example_dags/example_complex.py
[2024-10-03T23:40:50.377-0400] {processor.py:925} INFO - DAG(s) 'example_complex' retrieved from /home/patrick/.cache/pypoetry/virtualenvs/airflow-wPbgcfzP-py3.10/lib/python3.10/site-packages/airflow/example_dags/example_complex.py
[2024-10-03T23:40:54.040-0400] {logging_mixin.py:190} INFO - [2024-10-03T23:40:54.040-0400] {dag.py:3239} INFO - Sync 1 DAGs
[2024-10-03T23:40:54.108-0400] {logging_mixin.py:190} INFO - [2024-10-03T23:40:54.108-0400] {dag.py:4180} INFO - Setting next_dagrun for example_complex to None, run_after=None
[2024-10-03T23:40:55.003-0400] {processor.py:208} INFO - Processing /home/patrick/.cache/pypoetry/virtualenvs/airflow-wPbgcfzP-py3.10/lib/python3.10/site-packages/airflow/example_dags/example_complex.py took 4.640 seconds
[2024-10-03T23:45:05.347-0400] {processor.py:186} INFO - Started process (PID=48974) to work on /home/patrick/.cache/pypoetry/virtualenvs/airflow-wPbgcfzP-py3.10/lib/python3.10/site-packages/airflow/example_dags/example_complex.py
[2024-10-03T23:45:05.348-0400] {processor.py:914} INFO - Processing file /home/patrick/.cache/pypoetry/virtualenvs/airflow-wPbgcfzP-py3.10/lib/python3.10/site-packages/airflow/example_dags/example_complex.py for tasks to queue
[2024-10-03T23:45:05.350-0400] {logging_mixin.py:190} INFO - [2024-10-03T23:45:05.349-0400] {dagbag.py:588} INFO - Filling up the DagBag from /home/patrick/.cache/pypoetry/virtualenvs/airflow-wPbgcfzP-py3.10/lib/python3.10/site-packages/airflow/example_dags/example_complex.py
[2024-10-03T23:45:05.358-0400] {processor.py:925} INFO - DAG(s) 'example_complex' retrieved from /home/patrick/.cache/pypoetry/virtualenvs/airflow-wPbgcfzP-py3.10/lib/python3.10/site-packages/airflow/example_dags/example_complex.py
[2024-10-03T23:45:12.856-0400] {logging_mixin.py:190} INFO - [2024-10-03T23:45:12.856-0400] {dag.py:3239} INFO - Sync 1 DAGs
[2024-10-03T23:45:13.198-0400] {logging_mixin.py:190} INFO - [2024-10-03T23:45:13.198-0400] {dag.py:4180} INFO - Setting next_dagrun for example_complex to None, run_after=None
[2024-10-03T23:45:14.278-0400] {processor.py:208} INFO - Processing /home/patrick/.cache/pypoetry/virtualenvs/airflow-wPbgcfzP-py3.10/lib/python3.10/site-packages/airflow/example_dags/example_complex.py took 8.935 seconds
[2024-10-03T23:49:19.680-0400] {processor.py:186} INFO - Started process (PID=50065) to work on /home/patrick/.cache/pypoetry/virtualenvs/airflow-wPbgcfzP-py3.10/lib/python3.10/site-packages/airflow/example_dags/example_complex.py
[2024-10-03T23:49:19.681-0400] {processor.py:914} INFO - Processing file /home/patrick/.cache/pypoetry/virtualenvs/airflow-wPbgcfzP-py3.10/lib/python3.10/site-packages/airflow/example_dags/example_complex.py for tasks to queue
[2024-10-03T23:49:19.683-0400] {logging_mixin.py:190} INFO - [2024-10-03T23:49:19.682-0400] {dagbag.py:588} INFO - Filling up the DagBag from /home/patrick/.cache/pypoetry/virtualenvs/airflow-wPbgcfzP-py3.10/lib/python3.10/site-packages/airflow/example_dags/example_complex.py
[2024-10-03T23:49:19.691-0400] {processor.py:925} INFO - DAG(s) 'example_complex' retrieved from /home/patrick/.cache/pypoetry/virtualenvs/airflow-wPbgcfzP-py3.10/lib/python3.10/site-packages/airflow/example_dags/example_complex.py
[2024-10-03T23:49:21.494-0400] {logging_mixin.py:190} INFO - [2024-10-03T23:49:21.494-0400] {dag.py:3239} INFO - Sync 1 DAGs
[2024-10-03T23:49:21.605-0400] {logging_mixin.py:190} INFO - [2024-10-03T23:49:21.605-0400] {dag.py:4180} INFO - Setting next_dagrun for example_complex to None, run_after=None
[2024-10-03T23:49:22.216-0400] {processor.py:208} INFO - Processing /home/patrick/.cache/pypoetry/virtualenvs/airflow-wPbgcfzP-py3.10/lib/python3.10/site-packages/airflow/example_dags/example_complex.py took 2.541 seconds
[2024-10-03T23:53:35.119-0400] {processor.py:186} INFO - Started process (PID=51160) to work on /home/patrick/.cache/pypoetry/virtualenvs/airflow-wPbgcfzP-py3.10/lib/python3.10/site-packages/airflow/example_dags/example_complex.py
[2024-10-03T23:53:35.120-0400] {processor.py:914} INFO - Processing file /home/patrick/.cache/pypoetry/virtualenvs/airflow-wPbgcfzP-py3.10/lib/python3.10/site-packages/airflow/example_dags/example_complex.py for tasks to queue
[2024-10-03T23:53:35.121-0400] {logging_mixin.py:190} INFO - [2024-10-03T23:53:35.121-0400] {dagbag.py:588} INFO - Filling up the DagBag from /home/patrick/.cache/pypoetry/virtualenvs/airflow-wPbgcfzP-py3.10/lib/python3.10/site-packages/airflow/example_dags/example_complex.py
[2024-10-03T23:53:35.129-0400] {processor.py:925} INFO - DAG(s) 'example_complex' retrieved from /home/patrick/.cache/pypoetry/virtualenvs/airflow-wPbgcfzP-py3.10/lib/python3.10/site-packages/airflow/example_dags/example_complex.py
[2024-10-03T23:53:36.833-0400] {logging_mixin.py:190} INFO - [2024-10-03T23:53:36.833-0400] {dag.py:3239} INFO - Sync 1 DAGs
[2024-10-03T23:53:36.935-0400] {logging_mixin.py:190} INFO - [2024-10-03T23:53:36.935-0400] {dag.py:4180} INFO - Setting next_dagrun for example_complex to None, run_after=None
[2024-10-03T23:53:37.685-0400] {processor.py:208} INFO - Processing /home/patrick/.cache/pypoetry/virtualenvs/airflow-wPbgcfzP-py3.10/lib/python3.10/site-packages/airflow/example_dags/example_complex.py took 2.570 seconds
[2024-10-03T23:57:26.629-0400] {processor.py:186} INFO - Started process (PID=52161) to work on /home/patrick/.cache/pypoetry/virtualenvs/airflow-wPbgcfzP-py3.10/lib/python3.10/site-packages/airflow/example_dags/example_complex.py
[2024-10-03T23:57:26.631-0400] {processor.py:914} INFO - Processing file /home/patrick/.cache/pypoetry/virtualenvs/airflow-wPbgcfzP-py3.10/lib/python3.10/site-packages/airflow/example_dags/example_complex.py for tasks to queue
[2024-10-03T23:57:26.633-0400] {logging_mixin.py:190} INFO - [2024-10-03T23:57:26.633-0400] {dagbag.py:588} INFO - Filling up the DagBag from /home/patrick/.cache/pypoetry/virtualenvs/airflow-wPbgcfzP-py3.10/lib/python3.10/site-packages/airflow/example_dags/example_complex.py
[2024-10-03T23:57:26.641-0400] {processor.py:925} INFO - DAG(s) 'example_complex' retrieved from /home/patrick/.cache/pypoetry/virtualenvs/airflow-wPbgcfzP-py3.10/lib/python3.10/site-packages/airflow/example_dags/example_complex.py
[2024-10-03T23:57:30.406-0400] {logging_mixin.py:190} INFO - [2024-10-03T23:57:30.406-0400] {dag.py:3239} INFO - Sync 1 DAGs
[2024-10-03T23:57:30.543-0400] {logging_mixin.py:190} INFO - [2024-10-03T23:57:30.543-0400] {dag.py:4180} INFO - Setting next_dagrun for example_complex to None, run_after=None
[2024-10-03T23:57:31.217-0400] {processor.py:208} INFO - Processing /home/patrick/.cache/pypoetry/virtualenvs/airflow-wPbgcfzP-py3.10/lib/python3.10/site-packages/airflow/example_dags/example_complex.py took 4.592 seconds
[2024-10-04T00:02:01.869-0400] {processor.py:186} INFO - Started process (PID=53396) to work on /home/patrick/.cache/pypoetry/virtualenvs/airflow-wPbgcfzP-py3.10/lib/python3.10/site-packages/airflow/example_dags/example_complex.py
[2024-10-04T00:02:01.870-0400] {processor.py:914} INFO - Processing file /home/patrick/.cache/pypoetry/virtualenvs/airflow-wPbgcfzP-py3.10/lib/python3.10/site-packages/airflow/example_dags/example_complex.py for tasks to queue
[2024-10-04T00:02:01.872-0400] {logging_mixin.py:190} INFO - [2024-10-04T00:02:01.872-0400] {dagbag.py:588} INFO - Filling up the DagBag from /home/patrick/.cache/pypoetry/virtualenvs/airflow-wPbgcfzP-py3.10/lib/python3.10/site-packages/airflow/example_dags/example_complex.py
[2024-10-04T00:02:01.881-0400] {processor.py:925} INFO - DAG(s) 'example_complex' retrieved from /home/patrick/.cache/pypoetry/virtualenvs/airflow-wPbgcfzP-py3.10/lib/python3.10/site-packages/airflow/example_dags/example_complex.py
[2024-10-04T00:02:05.448-0400] {logging_mixin.py:190} INFO - [2024-10-04T00:02:05.448-0400] {dag.py:3239} INFO - Sync 1 DAGs
[2024-10-04T00:02:05.653-0400] {logging_mixin.py:190} INFO - [2024-10-04T00:02:05.653-0400] {dag.py:4180} INFO - Setting next_dagrun for example_complex to None, run_after=None
[2024-10-04T00:02:07.012-0400] {processor.py:208} INFO - Processing /home/patrick/.cache/pypoetry/virtualenvs/airflow-wPbgcfzP-py3.10/lib/python3.10/site-packages/airflow/example_dags/example_complex.py took 5.147 seconds
[2024-10-04T00:06:07.878-0400] {processor.py:186} INFO - Started process (PID=54456) to work on /home/patrick/.cache/pypoetry/virtualenvs/airflow-wPbgcfzP-py3.10/lib/python3.10/site-packages/airflow/example_dags/example_complex.py
[2024-10-04T00:06:07.879-0400] {processor.py:914} INFO - Processing file /home/patrick/.cache/pypoetry/virtualenvs/airflow-wPbgcfzP-py3.10/lib/python3.10/site-packages/airflow/example_dags/example_complex.py for tasks to queue
[2024-10-04T00:06:07.881-0400] {logging_mixin.py:190} INFO - [2024-10-04T00:06:07.881-0400] {dagbag.py:588} INFO - Filling up the DagBag from /home/patrick/.cache/pypoetry/virtualenvs/airflow-wPbgcfzP-py3.10/lib/python3.10/site-packages/airflow/example_dags/example_complex.py
[2024-10-04T00:06:07.890-0400] {processor.py:925} INFO - DAG(s) 'example_complex' retrieved from /home/patrick/.cache/pypoetry/virtualenvs/airflow-wPbgcfzP-py3.10/lib/python3.10/site-packages/airflow/example_dags/example_complex.py
[2024-10-04T00:06:12.995-0400] {logging_mixin.py:190} INFO - [2024-10-04T00:06:12.994-0400] {dag.py:3239} INFO - Sync 1 DAGs
[2024-10-04T00:06:13.171-0400] {logging_mixin.py:190} INFO - [2024-10-04T00:06:13.171-0400] {dag.py:4180} INFO - Setting next_dagrun for example_complex to None, run_after=None
[2024-10-04T00:06:14.222-0400] {processor.py:208} INFO - Processing /home/patrick/.cache/pypoetry/virtualenvs/airflow-wPbgcfzP-py3.10/lib/python3.10/site-packages/airflow/example_dags/example_complex.py took 6.349 seconds
