[2024-10-03T21:01:57.587-0400] {processor.py:186} INFO - Started process (PID=5412) to work on /home/patrick/.cache/pypoetry/virtualenvs/airflow-wPbgcfzP-py3.10/lib/python3.10/site-packages/airflow/example_dags/example_branch_python_dop_operator_3.py
[2024-10-03T21:01:57.588-0400] {processor.py:914} INFO - Processing file /home/patrick/.cache/pypoetry/virtualenvs/airflow-wPbgcfzP-py3.10/lib/python3.10/site-packages/airflow/example_dags/example_branch_python_dop_operator_3.py for tasks to queue
[2024-10-03T21:01:57.589-0400] {logging_mixin.py:190} INFO - [2024-10-03T21:01:57.589-0400] {dagbag.py:588} INFO - Filling up the DagBag from /home/patrick/.cache/pypoetry/virtualenvs/airflow-wPbgcfzP-py3.10/lib/python3.10/site-packages/airflow/example_dags/example_branch_python_dop_operator_3.py
[2024-10-03T21:01:57.595-0400] {processor.py:925} INFO - DAG(s) 'example_branch_dop_operator_v3' retrieved from /home/patrick/.cache/pypoetry/virtualenvs/airflow-wPbgcfzP-py3.10/lib/python3.10/site-packages/airflow/example_dags/example_branch_python_dop_operator_3.py
[2024-10-03T21:02:14.551-0400] {logging_mixin.py:190} INFO - [2024-10-03T21:02:14.550-0400] {dag.py:3239} INFO - Sync 1 DAGs
[2024-10-03T21:02:15.339-0400] {logging_mixin.py:190} INFO - [2024-10-03T21:02:15.338-0400] {dag.py:4180} INFO - Setting next_dagrun for example_branch_dop_operator_v3 to 2024-10-04 01:01:00+00:00, run_after=2024-10-04 01:02:00+00:00
[2024-10-03T21:02:16.153-0400] {processor.py:208} INFO - Processing /home/patrick/.cache/pypoetry/virtualenvs/airflow-wPbgcfzP-py3.10/lib/python3.10/site-packages/airflow/example_dags/example_branch_python_dop_operator_3.py took 18.569 seconds
[2024-10-03T21:06:24.424-0400] {processor.py:186} INFO - Started process (PID=6562) to work on /home/patrick/.cache/pypoetry/virtualenvs/airflow-wPbgcfzP-py3.10/lib/python3.10/site-packages/airflow/example_dags/example_branch_python_dop_operator_3.py
[2024-10-03T21:06:24.425-0400] {processor.py:914} INFO - Processing file /home/patrick/.cache/pypoetry/virtualenvs/airflow-wPbgcfzP-py3.10/lib/python3.10/site-packages/airflow/example_dags/example_branch_python_dop_operator_3.py for tasks to queue
[2024-10-03T21:06:24.426-0400] {logging_mixin.py:190} INFO - [2024-10-03T21:06:24.426-0400] {dagbag.py:588} INFO - Filling up the DagBag from /home/patrick/.cache/pypoetry/virtualenvs/airflow-wPbgcfzP-py3.10/lib/python3.10/site-packages/airflow/example_dags/example_branch_python_dop_operator_3.py
[2024-10-03T21:06:24.431-0400] {processor.py:925} INFO - DAG(s) 'example_branch_dop_operator_v3' retrieved from /home/patrick/.cache/pypoetry/virtualenvs/airflow-wPbgcfzP-py3.10/lib/python3.10/site-packages/airflow/example_dags/example_branch_python_dop_operator_3.py
[2024-10-03T21:06:32.708-0400] {logging_mixin.py:190} INFO - [2024-10-03T21:06:32.707-0400] {dag.py:3239} INFO - Sync 1 DAGs
[2024-10-03T21:06:32.989-0400] {logging_mixin.py:190} INFO - [2024-10-03T21:06:32.989-0400] {dag.py:4180} INFO - Setting next_dagrun for example_branch_dop_operator_v3 to 2024-10-04 01:05:00+00:00, run_after=2024-10-04 01:06:00+00:00
[2024-10-03T21:06:33.925-0400] {processor.py:208} INFO - Processing /home/patrick/.cache/pypoetry/virtualenvs/airflow-wPbgcfzP-py3.10/lib/python3.10/site-packages/airflow/example_dags/example_branch_python_dop_operator_3.py took 9.504 seconds
[2024-10-03T21:10:59.053-0400] {processor.py:186} INFO - Started process (PID=7738) to work on /home/patrick/.cache/pypoetry/virtualenvs/airflow-wPbgcfzP-py3.10/lib/python3.10/site-packages/airflow/example_dags/example_branch_python_dop_operator_3.py
[2024-10-03T21:10:59.054-0400] {processor.py:914} INFO - Processing file /home/patrick/.cache/pypoetry/virtualenvs/airflow-wPbgcfzP-py3.10/lib/python3.10/site-packages/airflow/example_dags/example_branch_python_dop_operator_3.py for tasks to queue
[2024-10-03T21:10:59.055-0400] {logging_mixin.py:190} INFO - [2024-10-03T21:10:59.054-0400] {dagbag.py:588} INFO - Filling up the DagBag from /home/patrick/.cache/pypoetry/virtualenvs/airflow-wPbgcfzP-py3.10/lib/python3.10/site-packages/airflow/example_dags/example_branch_python_dop_operator_3.py
[2024-10-03T21:10:59.061-0400] {processor.py:925} INFO - DAG(s) 'example_branch_dop_operator_v3' retrieved from /home/patrick/.cache/pypoetry/virtualenvs/airflow-wPbgcfzP-py3.10/lib/python3.10/site-packages/airflow/example_dags/example_branch_python_dop_operator_3.py
[2024-10-03T21:11:03.352-0400] {logging_mixin.py:190} INFO - [2024-10-03T21:11:03.352-0400] {dag.py:3239} INFO - Sync 1 DAGs
[2024-10-03T21:11:03.664-0400] {logging_mixin.py:190} INFO - [2024-10-03T21:11:03.664-0400] {dag.py:4180} INFO - Setting next_dagrun for example_branch_dop_operator_v3 to 2024-10-04 01:10:00+00:00, run_after=2024-10-04 01:11:00+00:00
[2024-10-03T21:11:04.381-0400] {processor.py:208} INFO - Processing /home/patrick/.cache/pypoetry/virtualenvs/airflow-wPbgcfzP-py3.10/lib/python3.10/site-packages/airflow/example_dags/example_branch_python_dop_operator_3.py took 5.331 seconds
[2024-10-03T21:17:47.452-0400] {processor.py:186} INFO - Started process (PID=9660) to work on /home/patrick/.cache/pypoetry/virtualenvs/airflow-wPbgcfzP-py3.10/lib/python3.10/site-packages/airflow/example_dags/example_branch_python_dop_operator_3.py
[2024-10-03T21:17:47.453-0400] {processor.py:914} INFO - Processing file /home/patrick/.cache/pypoetry/virtualenvs/airflow-wPbgcfzP-py3.10/lib/python3.10/site-packages/airflow/example_dags/example_branch_python_dop_operator_3.py for tasks to queue
[2024-10-03T21:17:47.455-0400] {logging_mixin.py:190} INFO - [2024-10-03T21:17:47.455-0400] {dagbag.py:588} INFO - Filling up the DagBag from /home/patrick/.cache/pypoetry/virtualenvs/airflow-wPbgcfzP-py3.10/lib/python3.10/site-packages/airflow/example_dags/example_branch_python_dop_operator_3.py
[2024-10-03T21:17:47.460-0400] {processor.py:925} INFO - DAG(s) 'example_branch_dop_operator_v3' retrieved from /home/patrick/.cache/pypoetry/virtualenvs/airflow-wPbgcfzP-py3.10/lib/python3.10/site-packages/airflow/example_dags/example_branch_python_dop_operator_3.py
[2024-10-03T21:17:49.668-0400] {logging_mixin.py:190} INFO - [2024-10-03T21:17:49.668-0400] {dag.py:3239} INFO - Sync 1 DAGs
[2024-10-03T21:17:50.216-0400] {logging_mixin.py:190} INFO - [2024-10-03T21:17:50.216-0400] {dag.py:4180} INFO - Setting next_dagrun for example_branch_dop_operator_v3 to 2024-10-04 01:16:00+00:00, run_after=2024-10-04 01:17:00+00:00
[2024-10-03T21:17:50.873-0400] {processor.py:208} INFO - Processing /home/patrick/.cache/pypoetry/virtualenvs/airflow-wPbgcfzP-py3.10/lib/python3.10/site-packages/airflow/example_dags/example_branch_python_dop_operator_3.py took 3.424 seconds
[2024-10-03T21:22:45.530-0400] {processor.py:186} INFO - Started process (PID=10984) to work on /home/patrick/.cache/pypoetry/virtualenvs/airflow-wPbgcfzP-py3.10/lib/python3.10/site-packages/airflow/example_dags/example_branch_python_dop_operator_3.py
[2024-10-03T21:22:45.531-0400] {processor.py:914} INFO - Processing file /home/patrick/.cache/pypoetry/virtualenvs/airflow-wPbgcfzP-py3.10/lib/python3.10/site-packages/airflow/example_dags/example_branch_python_dop_operator_3.py for tasks to queue
[2024-10-03T21:22:45.533-0400] {logging_mixin.py:190} INFO - [2024-10-03T21:22:45.533-0400] {dagbag.py:588} INFO - Filling up the DagBag from /home/patrick/.cache/pypoetry/virtualenvs/airflow-wPbgcfzP-py3.10/lib/python3.10/site-packages/airflow/example_dags/example_branch_python_dop_operator_3.py
[2024-10-03T21:22:45.539-0400] {processor.py:925} INFO - DAG(s) 'example_branch_dop_operator_v3' retrieved from /home/patrick/.cache/pypoetry/virtualenvs/airflow-wPbgcfzP-py3.10/lib/python3.10/site-packages/airflow/example_dags/example_branch_python_dop_operator_3.py
[2024-10-03T21:22:47.283-0400] {logging_mixin.py:190} INFO - [2024-10-03T21:22:47.282-0400] {dag.py:3239} INFO - Sync 1 DAGs
[2024-10-03T21:22:47.479-0400] {logging_mixin.py:190} INFO - [2024-10-03T21:22:47.479-0400] {dag.py:4180} INFO - Setting next_dagrun for example_branch_dop_operator_v3 to 2024-10-04 01:21:00+00:00, run_after=2024-10-04 01:22:00+00:00
[2024-10-03T21:22:48.163-0400] {processor.py:208} INFO - Processing /home/patrick/.cache/pypoetry/virtualenvs/airflow-wPbgcfzP-py3.10/lib/python3.10/site-packages/airflow/example_dags/example_branch_python_dop_operator_3.py took 2.636 seconds
[2024-10-03T21:27:15.135-0400] {processor.py:186} INFO - Started process (PID=12145) to work on /home/patrick/.cache/pypoetry/virtualenvs/airflow-wPbgcfzP-py3.10/lib/python3.10/site-packages/airflow/example_dags/example_branch_python_dop_operator_3.py
[2024-10-03T21:27:15.136-0400] {processor.py:914} INFO - Processing file /home/patrick/.cache/pypoetry/virtualenvs/airflow-wPbgcfzP-py3.10/lib/python3.10/site-packages/airflow/example_dags/example_branch_python_dop_operator_3.py for tasks to queue
[2024-10-03T21:27:15.137-0400] {logging_mixin.py:190} INFO - [2024-10-03T21:27:15.137-0400] {dagbag.py:588} INFO - Filling up the DagBag from /home/patrick/.cache/pypoetry/virtualenvs/airflow-wPbgcfzP-py3.10/lib/python3.10/site-packages/airflow/example_dags/example_branch_python_dop_operator_3.py
[2024-10-03T21:27:15.144-0400] {processor.py:925} INFO - DAG(s) 'example_branch_dop_operator_v3' retrieved from /home/patrick/.cache/pypoetry/virtualenvs/airflow-wPbgcfzP-py3.10/lib/python3.10/site-packages/airflow/example_dags/example_branch_python_dop_operator_3.py
[2024-10-03T21:27:17.997-0400] {logging_mixin.py:190} INFO - [2024-10-03T21:27:17.996-0400] {dag.py:3239} INFO - Sync 1 DAGs
[2024-10-03T21:27:18.123-0400] {logging_mixin.py:190} INFO - [2024-10-03T21:27:18.123-0400] {dag.py:4180} INFO - Setting next_dagrun for example_branch_dop_operator_v3 to 2024-10-04 01:26:00+00:00, run_after=2024-10-04 01:27:00+00:00
[2024-10-03T21:27:18.763-0400] {processor.py:208} INFO - Processing /home/patrick/.cache/pypoetry/virtualenvs/airflow-wPbgcfzP-py3.10/lib/python3.10/site-packages/airflow/example_dags/example_branch_python_dop_operator_3.py took 3.631 seconds
[2024-10-03T21:30:15.283-0400] {processor.py:186} INFO - Started process (PID=13004) to work on /home/patrick/.cache/pypoetry/virtualenvs/airflow-wPbgcfzP-py3.10/lib/python3.10/site-packages/airflow/example_dags/example_branch_python_dop_operator_3.py
[2024-10-03T21:30:15.284-0400] {processor.py:914} INFO - Processing file /home/patrick/.cache/pypoetry/virtualenvs/airflow-wPbgcfzP-py3.10/lib/python3.10/site-packages/airflow/example_dags/example_branch_python_dop_operator_3.py for tasks to queue
[2024-10-03T21:30:15.286-0400] {logging_mixin.py:190} INFO - [2024-10-03T21:30:15.285-0400] {dagbag.py:588} INFO - Filling up the DagBag from /home/patrick/.cache/pypoetry/virtualenvs/airflow-wPbgcfzP-py3.10/lib/python3.10/site-packages/airflow/example_dags/example_branch_python_dop_operator_3.py
[2024-10-03T21:30:15.292-0400] {processor.py:925} INFO - DAG(s) 'example_branch_dop_operator_v3' retrieved from /home/patrick/.cache/pypoetry/virtualenvs/airflow-wPbgcfzP-py3.10/lib/python3.10/site-packages/airflow/example_dags/example_branch_python_dop_operator_3.py
[2024-10-03T21:30:27.704-0400] {logging_mixin.py:190} INFO - [2024-10-03T21:30:27.703-0400] {dag.py:3239} INFO - Sync 1 DAGs
[2024-10-03T21:30:28.012-0400] {logging_mixin.py:190} INFO - [2024-10-03T21:30:28.011-0400] {dag.py:4180} INFO - Setting next_dagrun for example_branch_dop_operator_v3 to 2024-10-04 01:29:00+00:00, run_after=2024-10-04 01:30:00+00:00
[2024-10-03T21:30:28.645-0400] {processor.py:208} INFO - Processing /home/patrick/.cache/pypoetry/virtualenvs/airflow-wPbgcfzP-py3.10/lib/python3.10/site-packages/airflow/example_dags/example_branch_python_dop_operator_3.py took 13.365 seconds
[2024-10-03T21:36:43.357-0400] {processor.py:186} INFO - Started process (PID=14723) to work on /home/patrick/.cache/pypoetry/virtualenvs/airflow-wPbgcfzP-py3.10/lib/python3.10/site-packages/airflow/example_dags/example_branch_python_dop_operator_3.py
[2024-10-03T21:36:43.358-0400] {processor.py:914} INFO - Processing file /home/patrick/.cache/pypoetry/virtualenvs/airflow-wPbgcfzP-py3.10/lib/python3.10/site-packages/airflow/example_dags/example_branch_python_dop_operator_3.py for tasks to queue
[2024-10-03T21:36:43.359-0400] {logging_mixin.py:190} INFO - [2024-10-03T21:36:43.359-0400] {dagbag.py:588} INFO - Filling up the DagBag from /home/patrick/.cache/pypoetry/virtualenvs/airflow-wPbgcfzP-py3.10/lib/python3.10/site-packages/airflow/example_dags/example_branch_python_dop_operator_3.py
[2024-10-03T21:36:43.365-0400] {processor.py:925} INFO - DAG(s) 'example_branch_dop_operator_v3' retrieved from /home/patrick/.cache/pypoetry/virtualenvs/airflow-wPbgcfzP-py3.10/lib/python3.10/site-packages/airflow/example_dags/example_branch_python_dop_operator_3.py
[2024-10-03T21:36:50.187-0400] {logging_mixin.py:190} INFO - [2024-10-03T21:36:50.187-0400] {dag.py:3239} INFO - Sync 1 DAGs
[2024-10-03T21:36:50.944-0400] {logging_mixin.py:190} INFO - [2024-10-03T21:36:50.944-0400] {dag.py:4180} INFO - Setting next_dagrun for example_branch_dop_operator_v3 to 2024-10-04 01:35:00+00:00, run_after=2024-10-04 01:36:00+00:00
[2024-10-03T21:36:51.764-0400] {processor.py:208} INFO - Processing /home/patrick/.cache/pypoetry/virtualenvs/airflow-wPbgcfzP-py3.10/lib/python3.10/site-packages/airflow/example_dags/example_branch_python_dop_operator_3.py took 8.411 seconds
[2024-10-03T21:42:44.887-0400] {processor.py:186} INFO - Started process (PID=16361) to work on /home/patrick/.cache/pypoetry/virtualenvs/airflow-wPbgcfzP-py3.10/lib/python3.10/site-packages/airflow/example_dags/example_branch_python_dop_operator_3.py
[2024-10-03T21:42:44.888-0400] {processor.py:914} INFO - Processing file /home/patrick/.cache/pypoetry/virtualenvs/airflow-wPbgcfzP-py3.10/lib/python3.10/site-packages/airflow/example_dags/example_branch_python_dop_operator_3.py for tasks to queue
[2024-10-03T21:42:44.890-0400] {logging_mixin.py:190} INFO - [2024-10-03T21:42:44.890-0400] {dagbag.py:588} INFO - Filling up the DagBag from /home/patrick/.cache/pypoetry/virtualenvs/airflow-wPbgcfzP-py3.10/lib/python3.10/site-packages/airflow/example_dags/example_branch_python_dop_operator_3.py
[2024-10-03T21:42:44.896-0400] {processor.py:925} INFO - DAG(s) 'example_branch_dop_operator_v3' retrieved from /home/patrick/.cache/pypoetry/virtualenvs/airflow-wPbgcfzP-py3.10/lib/python3.10/site-packages/airflow/example_dags/example_branch_python_dop_operator_3.py
[2024-10-03T21:42:52.573-0400] {logging_mixin.py:190} INFO - [2024-10-03T21:42:52.572-0400] {dag.py:3239} INFO - Sync 1 DAGs
[2024-10-03T21:42:52.847-0400] {logging_mixin.py:190} INFO - [2024-10-03T21:42:52.847-0400] {dag.py:4180} INFO - Setting next_dagrun for example_branch_dop_operator_v3 to 2024-10-04 01:41:00+00:00, run_after=2024-10-04 01:42:00+00:00
[2024-10-03T21:42:53.541-0400] {processor.py:208} INFO - Processing /home/patrick/.cache/pypoetry/virtualenvs/airflow-wPbgcfzP-py3.10/lib/python3.10/site-packages/airflow/example_dags/example_branch_python_dop_operator_3.py took 8.658 seconds
[2024-10-03T21:47:35.641-0400] {processor.py:186} INFO - Started process (PID=17682) to work on /home/patrick/.cache/pypoetry/virtualenvs/airflow-wPbgcfzP-py3.10/lib/python3.10/site-packages/airflow/example_dags/example_branch_python_dop_operator_3.py
[2024-10-03T21:47:35.642-0400] {processor.py:914} INFO - Processing file /home/patrick/.cache/pypoetry/virtualenvs/airflow-wPbgcfzP-py3.10/lib/python3.10/site-packages/airflow/example_dags/example_branch_python_dop_operator_3.py for tasks to queue
[2024-10-03T21:47:35.643-0400] {logging_mixin.py:190} INFO - [2024-10-03T21:47:35.643-0400] {dagbag.py:588} INFO - Filling up the DagBag from /home/patrick/.cache/pypoetry/virtualenvs/airflow-wPbgcfzP-py3.10/lib/python3.10/site-packages/airflow/example_dags/example_branch_python_dop_operator_3.py
[2024-10-03T21:47:35.650-0400] {processor.py:925} INFO - DAG(s) 'example_branch_dop_operator_v3' retrieved from /home/patrick/.cache/pypoetry/virtualenvs/airflow-wPbgcfzP-py3.10/lib/python3.10/site-packages/airflow/example_dags/example_branch_python_dop_operator_3.py
[2024-10-03T21:47:38.239-0400] {logging_mixin.py:190} INFO - [2024-10-03T21:47:38.238-0400] {dag.py:3239} INFO - Sync 1 DAGs
[2024-10-03T21:47:38.467-0400] {logging_mixin.py:190} INFO - [2024-10-03T21:47:38.467-0400] {dag.py:4180} INFO - Setting next_dagrun for example_branch_dop_operator_v3 to 2024-10-04 01:46:00+00:00, run_after=2024-10-04 01:47:00+00:00
[2024-10-03T21:47:39.101-0400] {processor.py:208} INFO - Processing /home/patrick/.cache/pypoetry/virtualenvs/airflow-wPbgcfzP-py3.10/lib/python3.10/site-packages/airflow/example_dags/example_branch_python_dop_operator_3.py took 3.463 seconds
[2024-10-03T21:51:37.205-0400] {processor.py:186} INFO - Started process (PID=18717) to work on /home/patrick/.cache/pypoetry/virtualenvs/airflow-wPbgcfzP-py3.10/lib/python3.10/site-packages/airflow/example_dags/example_branch_python_dop_operator_3.py
[2024-10-03T21:51:37.213-0400] {processor.py:914} INFO - Processing file /home/patrick/.cache/pypoetry/virtualenvs/airflow-wPbgcfzP-py3.10/lib/python3.10/site-packages/airflow/example_dags/example_branch_python_dop_operator_3.py for tasks to queue
[2024-10-03T21:51:37.218-0400] {logging_mixin.py:190} INFO - [2024-10-03T21:51:37.218-0400] {dagbag.py:588} INFO - Filling up the DagBag from /home/patrick/.cache/pypoetry/virtualenvs/airflow-wPbgcfzP-py3.10/lib/python3.10/site-packages/airflow/example_dags/example_branch_python_dop_operator_3.py
[2024-10-03T21:51:37.226-0400] {processor.py:925} INFO - DAG(s) 'example_branch_dop_operator_v3' retrieved from /home/patrick/.cache/pypoetry/virtualenvs/airflow-wPbgcfzP-py3.10/lib/python3.10/site-packages/airflow/example_dags/example_branch_python_dop_operator_3.py
[2024-10-03T21:51:39.489-0400] {logging_mixin.py:190} INFO - [2024-10-03T21:51:39.489-0400] {dag.py:3239} INFO - Sync 1 DAGs
[2024-10-03T21:51:39.695-0400] {logging_mixin.py:190} INFO - [2024-10-03T21:51:39.695-0400] {dag.py:4180} INFO - Setting next_dagrun for example_branch_dop_operator_v3 to 2024-10-04 01:50:00+00:00, run_after=2024-10-04 01:51:00+00:00
[2024-10-03T21:51:40.403-0400] {processor.py:208} INFO - Processing /home/patrick/.cache/pypoetry/virtualenvs/airflow-wPbgcfzP-py3.10/lib/python3.10/site-packages/airflow/example_dags/example_branch_python_dop_operator_3.py took 3.203 seconds
[2024-10-03T21:55:39.372-0400] {processor.py:186} INFO - Started process (PID=19752) to work on /home/patrick/.cache/pypoetry/virtualenvs/airflow-wPbgcfzP-py3.10/lib/python3.10/site-packages/airflow/example_dags/example_branch_python_dop_operator_3.py
[2024-10-03T21:55:39.373-0400] {processor.py:914} INFO - Processing file /home/patrick/.cache/pypoetry/virtualenvs/airflow-wPbgcfzP-py3.10/lib/python3.10/site-packages/airflow/example_dags/example_branch_python_dop_operator_3.py for tasks to queue
[2024-10-03T21:55:39.375-0400] {logging_mixin.py:190} INFO - [2024-10-03T21:55:39.374-0400] {dagbag.py:588} INFO - Filling up the DagBag from /home/patrick/.cache/pypoetry/virtualenvs/airflow-wPbgcfzP-py3.10/lib/python3.10/site-packages/airflow/example_dags/example_branch_python_dop_operator_3.py
[2024-10-03T21:55:39.442-0400] {processor.py:925} INFO - DAG(s) 'example_branch_dop_operator_v3' retrieved from /home/patrick/.cache/pypoetry/virtualenvs/airflow-wPbgcfzP-py3.10/lib/python3.10/site-packages/airflow/example_dags/example_branch_python_dop_operator_3.py
[2024-10-03T21:55:44.763-0400] {logging_mixin.py:190} INFO - [2024-10-03T21:55:44.762-0400] {dag.py:3239} INFO - Sync 1 DAGs
[2024-10-03T21:55:44.933-0400] {logging_mixin.py:190} INFO - [2024-10-03T21:55:44.933-0400] {dag.py:4180} INFO - Setting next_dagrun for example_branch_dop_operator_v3 to 2024-10-04 01:54:00+00:00, run_after=2024-10-04 01:55:00+00:00
[2024-10-03T21:55:45.466-0400] {processor.py:208} INFO - Processing /home/patrick/.cache/pypoetry/virtualenvs/airflow-wPbgcfzP-py3.10/lib/python3.10/site-packages/airflow/example_dags/example_branch_python_dop_operator_3.py took 6.098 seconds
[2024-10-03T21:59:30.613-0400] {processor.py:186} INFO - Started process (PID=20749) to work on /home/patrick/.cache/pypoetry/virtualenvs/airflow-wPbgcfzP-py3.10/lib/python3.10/site-packages/airflow/example_dags/example_branch_python_dop_operator_3.py
[2024-10-03T21:59:30.614-0400] {processor.py:914} INFO - Processing file /home/patrick/.cache/pypoetry/virtualenvs/airflow-wPbgcfzP-py3.10/lib/python3.10/site-packages/airflow/example_dags/example_branch_python_dop_operator_3.py for tasks to queue
[2024-10-03T21:59:30.616-0400] {logging_mixin.py:190} INFO - [2024-10-03T21:59:30.615-0400] {dagbag.py:588} INFO - Filling up the DagBag from /home/patrick/.cache/pypoetry/virtualenvs/airflow-wPbgcfzP-py3.10/lib/python3.10/site-packages/airflow/example_dags/example_branch_python_dop_operator_3.py
[2024-10-03T21:59:30.622-0400] {processor.py:925} INFO - DAG(s) 'example_branch_dop_operator_v3' retrieved from /home/patrick/.cache/pypoetry/virtualenvs/airflow-wPbgcfzP-py3.10/lib/python3.10/site-packages/airflow/example_dags/example_branch_python_dop_operator_3.py
[2024-10-03T21:59:33.767-0400] {logging_mixin.py:190} INFO - [2024-10-03T21:59:33.766-0400] {dag.py:3239} INFO - Sync 1 DAGs
[2024-10-03T21:59:33.965-0400] {logging_mixin.py:190} INFO - [2024-10-03T21:59:33.965-0400] {dag.py:4180} INFO - Setting next_dagrun for example_branch_dop_operator_v3 to 2024-10-04 01:58:00+00:00, run_after=2024-10-04 01:59:00+00:00
[2024-10-03T21:59:34.693-0400] {processor.py:208} INFO - Processing /home/patrick/.cache/pypoetry/virtualenvs/airflow-wPbgcfzP-py3.10/lib/python3.10/site-packages/airflow/example_dags/example_branch_python_dop_operator_3.py took 4.084 seconds
[2024-10-03T22:03:59.838-0400] {processor.py:186} INFO - Started process (PID=21893) to work on /home/patrick/.cache/pypoetry/virtualenvs/airflow-wPbgcfzP-py3.10/lib/python3.10/site-packages/airflow/example_dags/example_branch_python_dop_operator_3.py
[2024-10-03T22:03:59.839-0400] {processor.py:914} INFO - Processing file /home/patrick/.cache/pypoetry/virtualenvs/airflow-wPbgcfzP-py3.10/lib/python3.10/site-packages/airflow/example_dags/example_branch_python_dop_operator_3.py for tasks to queue
[2024-10-03T22:03:59.841-0400] {logging_mixin.py:190} INFO - [2024-10-03T22:03:59.840-0400] {dagbag.py:588} INFO - Filling up the DagBag from /home/patrick/.cache/pypoetry/virtualenvs/airflow-wPbgcfzP-py3.10/lib/python3.10/site-packages/airflow/example_dags/example_branch_python_dop_operator_3.py
[2024-10-03T22:03:59.846-0400] {processor.py:925} INFO - DAG(s) 'example_branch_dop_operator_v3' retrieved from /home/patrick/.cache/pypoetry/virtualenvs/airflow-wPbgcfzP-py3.10/lib/python3.10/site-packages/airflow/example_dags/example_branch_python_dop_operator_3.py
[2024-10-03T22:04:04.513-0400] {logging_mixin.py:190} INFO - [2024-10-03T22:04:04.512-0400] {dag.py:3239} INFO - Sync 1 DAGs
[2024-10-03T22:04:04.812-0400] {logging_mixin.py:190} INFO - [2024-10-03T22:04:04.812-0400] {dag.py:4180} INFO - Setting next_dagrun for example_branch_dop_operator_v3 to 2024-10-04 02:03:00+00:00, run_after=2024-10-04 02:04:00+00:00
[2024-10-03T22:04:05.574-0400] {processor.py:208} INFO - Processing /home/patrick/.cache/pypoetry/virtualenvs/airflow-wPbgcfzP-py3.10/lib/python3.10/site-packages/airflow/example_dags/example_branch_python_dop_operator_3.py took 5.740 seconds
[2024-10-03T22:12:02.071-0400] {processor.py:186} INFO - Started process (PID=24026) to work on /home/patrick/.cache/pypoetry/virtualenvs/airflow-wPbgcfzP-py3.10/lib/python3.10/site-packages/airflow/example_dags/example_branch_python_dop_operator_3.py
[2024-10-03T22:12:02.073-0400] {processor.py:914} INFO - Processing file /home/patrick/.cache/pypoetry/virtualenvs/airflow-wPbgcfzP-py3.10/lib/python3.10/site-packages/airflow/example_dags/example_branch_python_dop_operator_3.py for tasks to queue
[2024-10-03T22:12:02.075-0400] {logging_mixin.py:190} INFO - [2024-10-03T22:12:02.075-0400] {dagbag.py:588} INFO - Filling up the DagBag from /home/patrick/.cache/pypoetry/virtualenvs/airflow-wPbgcfzP-py3.10/lib/python3.10/site-packages/airflow/example_dags/example_branch_python_dop_operator_3.py
[2024-10-03T22:12:02.083-0400] {processor.py:925} INFO - DAG(s) 'example_branch_dop_operator_v3' retrieved from /home/patrick/.cache/pypoetry/virtualenvs/airflow-wPbgcfzP-py3.10/lib/python3.10/site-packages/airflow/example_dags/example_branch_python_dop_operator_3.py
[2024-10-03T22:12:09.446-0400] {logging_mixin.py:190} INFO - [2024-10-03T22:12:09.446-0400] {dag.py:3239} INFO - Sync 1 DAGs
[2024-10-03T22:12:10.184-0400] {logging_mixin.py:190} INFO - [2024-10-03T22:12:10.184-0400] {dag.py:4180} INFO - Setting next_dagrun for example_branch_dop_operator_v3 to 2024-10-04 02:11:00+00:00, run_after=2024-10-04 02:12:00+00:00
[2024-10-03T22:12:11.078-0400] {processor.py:208} INFO - Processing /home/patrick/.cache/pypoetry/virtualenvs/airflow-wPbgcfzP-py3.10/lib/python3.10/site-packages/airflow/example_dags/example_branch_python_dop_operator_3.py took 9.011 seconds
[2024-10-03T22:18:40.153-0400] {processor.py:186} INFO - Started process (PID=25823) to work on /home/patrick/.cache/pypoetry/virtualenvs/airflow-wPbgcfzP-py3.10/lib/python3.10/site-packages/airflow/example_dags/example_branch_python_dop_operator_3.py
[2024-10-03T22:18:40.154-0400] {processor.py:914} INFO - Processing file /home/patrick/.cache/pypoetry/virtualenvs/airflow-wPbgcfzP-py3.10/lib/python3.10/site-packages/airflow/example_dags/example_branch_python_dop_operator_3.py for tasks to queue
[2024-10-03T22:18:40.156-0400] {logging_mixin.py:190} INFO - [2024-10-03T22:18:40.156-0400] {dagbag.py:588} INFO - Filling up the DagBag from /home/patrick/.cache/pypoetry/virtualenvs/airflow-wPbgcfzP-py3.10/lib/python3.10/site-packages/airflow/example_dags/example_branch_python_dop_operator_3.py
[2024-10-03T22:18:40.164-0400] {processor.py:925} INFO - DAG(s) 'example_branch_dop_operator_v3' retrieved from /home/patrick/.cache/pypoetry/virtualenvs/airflow-wPbgcfzP-py3.10/lib/python3.10/site-packages/airflow/example_dags/example_branch_python_dop_operator_3.py
[2024-10-03T22:18:49.326-0400] {logging_mixin.py:190} INFO - [2024-10-03T22:18:49.326-0400] {dag.py:3239} INFO - Sync 1 DAGs
[2024-10-03T22:18:49.705-0400] {logging_mixin.py:190} INFO - [2024-10-03T22:18:49.705-0400] {dag.py:4180} INFO - Setting next_dagrun for example_branch_dop_operator_v3 to 2024-10-04 02:17:00+00:00, run_after=2024-10-04 02:18:00+00:00
[2024-10-03T22:18:50.827-0400] {processor.py:208} INFO - Processing /home/patrick/.cache/pypoetry/virtualenvs/airflow-wPbgcfzP-py3.10/lib/python3.10/site-packages/airflow/example_dags/example_branch_python_dop_operator_3.py took 10.678 seconds
[2024-10-03T22:23:44.113-0400] {processor.py:186} INFO - Started process (PID=27188) to work on /home/patrick/.cache/pypoetry/virtualenvs/airflow-wPbgcfzP-py3.10/lib/python3.10/site-packages/airflow/example_dags/example_branch_python_dop_operator_3.py
[2024-10-03T22:23:44.114-0400] {processor.py:914} INFO - Processing file /home/patrick/.cache/pypoetry/virtualenvs/airflow-wPbgcfzP-py3.10/lib/python3.10/site-packages/airflow/example_dags/example_branch_python_dop_operator_3.py for tasks to queue
[2024-10-03T22:23:44.116-0400] {logging_mixin.py:190} INFO - [2024-10-03T22:23:44.116-0400] {dagbag.py:588} INFO - Filling up the DagBag from /home/patrick/.cache/pypoetry/virtualenvs/airflow-wPbgcfzP-py3.10/lib/python3.10/site-packages/airflow/example_dags/example_branch_python_dop_operator_3.py
[2024-10-03T22:23:44.122-0400] {processor.py:925} INFO - DAG(s) 'example_branch_dop_operator_v3' retrieved from /home/patrick/.cache/pypoetry/virtualenvs/airflow-wPbgcfzP-py3.10/lib/python3.10/site-packages/airflow/example_dags/example_branch_python_dop_operator_3.py
[2024-10-03T22:23:46.826-0400] {logging_mixin.py:190} INFO - [2024-10-03T22:23:46.826-0400] {dag.py:3239} INFO - Sync 1 DAGs
[2024-10-03T22:23:46.975-0400] {logging_mixin.py:190} INFO - [2024-10-03T22:23:46.975-0400] {dag.py:4180} INFO - Setting next_dagrun for example_branch_dop_operator_v3 to 2024-10-04 02:22:00+00:00, run_after=2024-10-04 02:23:00+00:00
[2024-10-03T22:23:47.517-0400] {processor.py:208} INFO - Processing /home/patrick/.cache/pypoetry/virtualenvs/airflow-wPbgcfzP-py3.10/lib/python3.10/site-packages/airflow/example_dags/example_branch_python_dop_operator_3.py took 3.408 seconds
[2024-10-03T22:30:01.526-0400] {processor.py:186} INFO - Started process (PID=28890) to work on /home/patrick/.cache/pypoetry/virtualenvs/airflow-wPbgcfzP-py3.10/lib/python3.10/site-packages/airflow/example_dags/example_branch_python_dop_operator_3.py
[2024-10-03T22:30:01.527-0400] {processor.py:914} INFO - Processing file /home/patrick/.cache/pypoetry/virtualenvs/airflow-wPbgcfzP-py3.10/lib/python3.10/site-packages/airflow/example_dags/example_branch_python_dop_operator_3.py for tasks to queue
[2024-10-03T22:30:01.528-0400] {logging_mixin.py:190} INFO - [2024-10-03T22:30:01.528-0400] {dagbag.py:588} INFO - Filling up the DagBag from /home/patrick/.cache/pypoetry/virtualenvs/airflow-wPbgcfzP-py3.10/lib/python3.10/site-packages/airflow/example_dags/example_branch_python_dop_operator_3.py
[2024-10-03T22:30:01.534-0400] {processor.py:925} INFO - DAG(s) 'example_branch_dop_operator_v3' retrieved from /home/patrick/.cache/pypoetry/virtualenvs/airflow-wPbgcfzP-py3.10/lib/python3.10/site-packages/airflow/example_dags/example_branch_python_dop_operator_3.py
[2024-10-03T22:30:17.769-0400] {logging_mixin.py:190} INFO - [2024-10-03T22:30:17.769-0400] {dag.py:3239} INFO - Sync 1 DAGs
[2024-10-03T22:30:18.177-0400] {logging_mixin.py:190} INFO - [2024-10-03T22:30:18.177-0400] {dag.py:4180} INFO - Setting next_dagrun for example_branch_dop_operator_v3 to 2024-10-04 02:29:00+00:00, run_after=2024-10-04 02:30:00+00:00
[2024-10-03T22:30:18.986-0400] {processor.py:208} INFO - Processing /home/patrick/.cache/pypoetry/virtualenvs/airflow-wPbgcfzP-py3.10/lib/python3.10/site-packages/airflow/example_dags/example_branch_python_dop_operator_3.py took 17.464 seconds
[2024-10-03T22:39:48.571-0400] {processor.py:186} INFO - Started process (PID=31546) to work on /home/patrick/.cache/pypoetry/virtualenvs/airflow-wPbgcfzP-py3.10/lib/python3.10/site-packages/airflow/example_dags/example_branch_python_dop_operator_3.py
[2024-10-03T22:39:48.572-0400] {processor.py:914} INFO - Processing file /home/patrick/.cache/pypoetry/virtualenvs/airflow-wPbgcfzP-py3.10/lib/python3.10/site-packages/airflow/example_dags/example_branch_python_dop_operator_3.py for tasks to queue
[2024-10-03T22:39:48.574-0400] {logging_mixin.py:190} INFO - [2024-10-03T22:39:48.574-0400] {dagbag.py:588} INFO - Filling up the DagBag from /home/patrick/.cache/pypoetry/virtualenvs/airflow-wPbgcfzP-py3.10/lib/python3.10/site-packages/airflow/example_dags/example_branch_python_dop_operator_3.py
[2024-10-03T22:39:48.581-0400] {processor.py:925} INFO - DAG(s) 'example_branch_dop_operator_v3' retrieved from /home/patrick/.cache/pypoetry/virtualenvs/airflow-wPbgcfzP-py3.10/lib/python3.10/site-packages/airflow/example_dags/example_branch_python_dop_operator_3.py
[2024-10-03T22:39:51.708-0400] {logging_mixin.py:190} INFO - [2024-10-03T22:39:51.708-0400] {dag.py:3239} INFO - Sync 1 DAGs
[2024-10-03T22:39:51.920-0400] {logging_mixin.py:190} INFO - [2024-10-03T22:39:51.919-0400] {dag.py:4180} INFO - Setting next_dagrun for example_branch_dop_operator_v3 to 2024-10-04 02:38:00+00:00, run_after=2024-10-04 02:39:00+00:00
[2024-10-03T22:39:52.560-0400] {processor.py:208} INFO - Processing /home/patrick/.cache/pypoetry/virtualenvs/airflow-wPbgcfzP-py3.10/lib/python3.10/site-packages/airflow/example_dags/example_branch_python_dop_operator_3.py took 3.992 seconds
[2024-10-03T22:46:19.851-0400] {processor.py:186} INFO - Started process (PID=33360) to work on /home/patrick/.cache/pypoetry/virtualenvs/airflow-wPbgcfzP-py3.10/lib/python3.10/site-packages/airflow/example_dags/example_branch_python_dop_operator_3.py
[2024-10-03T22:46:19.852-0400] {processor.py:914} INFO - Processing file /home/patrick/.cache/pypoetry/virtualenvs/airflow-wPbgcfzP-py3.10/lib/python3.10/site-packages/airflow/example_dags/example_branch_python_dop_operator_3.py for tasks to queue
[2024-10-03T22:46:19.854-0400] {logging_mixin.py:190} INFO - [2024-10-03T22:46:19.854-0400] {dagbag.py:588} INFO - Filling up the DagBag from /home/patrick/.cache/pypoetry/virtualenvs/airflow-wPbgcfzP-py3.10/lib/python3.10/site-packages/airflow/example_dags/example_branch_python_dop_operator_3.py
[2024-10-03T22:46:19.862-0400] {processor.py:925} INFO - DAG(s) 'example_branch_dop_operator_v3' retrieved from /home/patrick/.cache/pypoetry/virtualenvs/airflow-wPbgcfzP-py3.10/lib/python3.10/site-packages/airflow/example_dags/example_branch_python_dop_operator_3.py
[2024-10-03T22:46:34.483-0400] {logging_mixin.py:190} INFO - [2024-10-03T22:46:34.482-0400] {dag.py:3239} INFO - Sync 1 DAGs
[2024-10-03T22:46:35.066-0400] {logging_mixin.py:190} INFO - [2024-10-03T22:46:35.066-0400] {dag.py:4180} INFO - Setting next_dagrun for example_branch_dop_operator_v3 to 2024-10-04 02:45:00+00:00, run_after=2024-10-04 02:46:00+00:00
[2024-10-03T22:46:36.131-0400] {processor.py:208} INFO - Processing /home/patrick/.cache/pypoetry/virtualenvs/airflow-wPbgcfzP-py3.10/lib/python3.10/site-packages/airflow/example_dags/example_branch_python_dop_operator_3.py took 16.289 seconds
[2024-10-03T22:53:17.789-0400] {processor.py:186} INFO - Started process (PID=35310) to work on /home/patrick/.cache/pypoetry/virtualenvs/airflow-wPbgcfzP-py3.10/lib/python3.10/site-packages/airflow/example_dags/example_branch_python_dop_operator_3.py
[2024-10-03T22:53:17.790-0400] {processor.py:914} INFO - Processing file /home/patrick/.cache/pypoetry/virtualenvs/airflow-wPbgcfzP-py3.10/lib/python3.10/site-packages/airflow/example_dags/example_branch_python_dop_operator_3.py for tasks to queue
[2024-10-03T22:53:17.792-0400] {logging_mixin.py:190} INFO - [2024-10-03T22:53:17.792-0400] {dagbag.py:588} INFO - Filling up the DagBag from /home/patrick/.cache/pypoetry/virtualenvs/airflow-wPbgcfzP-py3.10/lib/python3.10/site-packages/airflow/example_dags/example_branch_python_dop_operator_3.py
[2024-10-03T22:53:17.798-0400] {processor.py:925} INFO - DAG(s) 'example_branch_dop_operator_v3' retrieved from /home/patrick/.cache/pypoetry/virtualenvs/airflow-wPbgcfzP-py3.10/lib/python3.10/site-packages/airflow/example_dags/example_branch_python_dop_operator_3.py
[2024-10-03T22:53:23.506-0400] {logging_mixin.py:190} INFO - [2024-10-03T22:53:23.506-0400] {dag.py:3239} INFO - Sync 1 DAGs
[2024-10-03T22:53:23.873-0400] {logging_mixin.py:190} INFO - [2024-10-03T22:53:23.872-0400] {dag.py:4180} INFO - Setting next_dagrun for example_branch_dop_operator_v3 to 2024-10-04 02:52:00+00:00, run_after=2024-10-04 02:53:00+00:00
[2024-10-03T22:53:24.689-0400] {processor.py:208} INFO - Processing /home/patrick/.cache/pypoetry/virtualenvs/airflow-wPbgcfzP-py3.10/lib/python3.10/site-packages/airflow/example_dags/example_branch_python_dop_operator_3.py took 6.904 seconds
[2024-10-03T22:59:09.696-0400] {processor.py:186} INFO - Started process (PID=36968) to work on /home/patrick/.cache/pypoetry/virtualenvs/airflow-wPbgcfzP-py3.10/lib/python3.10/site-packages/airflow/example_dags/example_branch_python_dop_operator_3.py
[2024-10-03T22:59:09.697-0400] {processor.py:914} INFO - Processing file /home/patrick/.cache/pypoetry/virtualenvs/airflow-wPbgcfzP-py3.10/lib/python3.10/site-packages/airflow/example_dags/example_branch_python_dop_operator_3.py for tasks to queue
[2024-10-03T22:59:09.698-0400] {logging_mixin.py:190} INFO - [2024-10-03T22:59:09.698-0400] {dagbag.py:588} INFO - Filling up the DagBag from /home/patrick/.cache/pypoetry/virtualenvs/airflow-wPbgcfzP-py3.10/lib/python3.10/site-packages/airflow/example_dags/example_branch_python_dop_operator_3.py
[2024-10-03T22:59:09.705-0400] {processor.py:925} INFO - DAG(s) 'example_branch_dop_operator_v3' retrieved from /home/patrick/.cache/pypoetry/virtualenvs/airflow-wPbgcfzP-py3.10/lib/python3.10/site-packages/airflow/example_dags/example_branch_python_dop_operator_3.py
[2024-10-03T22:59:11.952-0400] {logging_mixin.py:190} INFO - [2024-10-03T22:59:11.951-0400] {dag.py:3239} INFO - Sync 1 DAGs
[2024-10-03T22:59:12.136-0400] {logging_mixin.py:190} INFO - [2024-10-03T22:59:12.136-0400] {dag.py:4180} INFO - Setting next_dagrun for example_branch_dop_operator_v3 to 2024-10-04 02:58:00+00:00, run_after=2024-10-04 02:59:00+00:00
[2024-10-03T22:59:12.699-0400] {processor.py:208} INFO - Processing /home/patrick/.cache/pypoetry/virtualenvs/airflow-wPbgcfzP-py3.10/lib/python3.10/site-packages/airflow/example_dags/example_branch_python_dop_operator_3.py took 3.007 seconds
[2024-10-03T23:05:58.421-0400] {processor.py:186} INFO - Started process (PID=38793) to work on /home/patrick/.cache/pypoetry/virtualenvs/airflow-wPbgcfzP-py3.10/lib/python3.10/site-packages/airflow/example_dags/example_branch_python_dop_operator_3.py
[2024-10-03T23:05:58.422-0400] {processor.py:914} INFO - Processing file /home/patrick/.cache/pypoetry/virtualenvs/airflow-wPbgcfzP-py3.10/lib/python3.10/site-packages/airflow/example_dags/example_branch_python_dop_operator_3.py for tasks to queue
[2024-10-03T23:05:58.424-0400] {logging_mixin.py:190} INFO - [2024-10-03T23:05:58.424-0400] {dagbag.py:588} INFO - Filling up the DagBag from /home/patrick/.cache/pypoetry/virtualenvs/airflow-wPbgcfzP-py3.10/lib/python3.10/site-packages/airflow/example_dags/example_branch_python_dop_operator_3.py
[2024-10-03T23:05:58.431-0400] {processor.py:925} INFO - DAG(s) 'example_branch_dop_operator_v3' retrieved from /home/patrick/.cache/pypoetry/virtualenvs/airflow-wPbgcfzP-py3.10/lib/python3.10/site-packages/airflow/example_dags/example_branch_python_dop_operator_3.py
[2024-10-03T23:06:03.172-0400] {logging_mixin.py:190} INFO - [2024-10-03T23:06:03.172-0400] {dag.py:3239} INFO - Sync 1 DAGs
[2024-10-03T23:06:04.048-0400] {logging_mixin.py:190} INFO - [2024-10-03T23:06:04.047-0400] {dag.py:4180} INFO - Setting next_dagrun for example_branch_dop_operator_v3 to 2024-10-04 03:05:00+00:00, run_after=2024-10-04 03:06:00+00:00
[2024-10-03T23:06:05.076-0400] {processor.py:208} INFO - Processing /home/patrick/.cache/pypoetry/virtualenvs/airflow-wPbgcfzP-py3.10/lib/python3.10/site-packages/airflow/example_dags/example_branch_python_dop_operator_3.py took 6.659 seconds
[2024-10-03T23:11:12.196-0400] {processor.py:186} INFO - Started process (PID=40149) to work on /home/patrick/.cache/pypoetry/virtualenvs/airflow-wPbgcfzP-py3.10/lib/python3.10/site-packages/airflow/example_dags/example_branch_python_dop_operator_3.py
[2024-10-03T23:11:12.198-0400] {processor.py:914} INFO - Processing file /home/patrick/.cache/pypoetry/virtualenvs/airflow-wPbgcfzP-py3.10/lib/python3.10/site-packages/airflow/example_dags/example_branch_python_dop_operator_3.py for tasks to queue
[2024-10-03T23:11:12.199-0400] {logging_mixin.py:190} INFO - [2024-10-03T23:11:12.199-0400] {dagbag.py:588} INFO - Filling up the DagBag from /home/patrick/.cache/pypoetry/virtualenvs/airflow-wPbgcfzP-py3.10/lib/python3.10/site-packages/airflow/example_dags/example_branch_python_dop_operator_3.py
[2024-10-03T23:11:12.207-0400] {processor.py:925} INFO - DAG(s) 'example_branch_dop_operator_v3' retrieved from /home/patrick/.cache/pypoetry/virtualenvs/airflow-wPbgcfzP-py3.10/lib/python3.10/site-packages/airflow/example_dags/example_branch_python_dop_operator_3.py
[2024-10-03T23:11:16.138-0400] {logging_mixin.py:190} INFO - [2024-10-03T23:11:16.138-0400] {dag.py:3239} INFO - Sync 1 DAGs
[2024-10-03T23:11:16.497-0400] {logging_mixin.py:190} INFO - [2024-10-03T23:11:16.497-0400] {dag.py:4180} INFO - Setting next_dagrun for example_branch_dop_operator_v3 to 2024-10-04 03:10:00+00:00, run_after=2024-10-04 03:11:00+00:00
[2024-10-03T23:11:17.468-0400] {processor.py:208} INFO - Processing /home/patrick/.cache/pypoetry/virtualenvs/airflow-wPbgcfzP-py3.10/lib/python3.10/site-packages/airflow/example_dags/example_branch_python_dop_operator_3.py took 5.276 seconds
[2024-10-03T23:15:49.188-0400] {processor.py:186} INFO - Started process (PID=41358) to work on /home/patrick/.cache/pypoetry/virtualenvs/airflow-wPbgcfzP-py3.10/lib/python3.10/site-packages/airflow/example_dags/example_branch_python_dop_operator_3.py
[2024-10-03T23:15:49.189-0400] {processor.py:914} INFO - Processing file /home/patrick/.cache/pypoetry/virtualenvs/airflow-wPbgcfzP-py3.10/lib/python3.10/site-packages/airflow/example_dags/example_branch_python_dop_operator_3.py for tasks to queue
[2024-10-03T23:15:49.191-0400] {logging_mixin.py:190} INFO - [2024-10-03T23:15:49.191-0400] {dagbag.py:588} INFO - Filling up the DagBag from /home/patrick/.cache/pypoetry/virtualenvs/airflow-wPbgcfzP-py3.10/lib/python3.10/site-packages/airflow/example_dags/example_branch_python_dop_operator_3.py
[2024-10-03T23:15:49.198-0400] {processor.py:925} INFO - DAG(s) 'example_branch_dop_operator_v3' retrieved from /home/patrick/.cache/pypoetry/virtualenvs/airflow-wPbgcfzP-py3.10/lib/python3.10/site-packages/airflow/example_dags/example_branch_python_dop_operator_3.py
[2024-10-03T23:15:53.130-0400] {logging_mixin.py:190} INFO - [2024-10-03T23:15:53.130-0400] {dag.py:3239} INFO - Sync 1 DAGs
[2024-10-03T23:15:53.298-0400] {logging_mixin.py:190} INFO - [2024-10-03T23:15:53.298-0400] {dag.py:4180} INFO - Setting next_dagrun for example_branch_dop_operator_v3 to 2024-10-04 03:14:00+00:00, run_after=2024-10-04 03:15:00+00:00
[2024-10-03T23:15:54.032-0400] {processor.py:208} INFO - Processing /home/patrick/.cache/pypoetry/virtualenvs/airflow-wPbgcfzP-py3.10/lib/python3.10/site-packages/airflow/example_dags/example_branch_python_dop_operator_3.py took 4.849 seconds
[2024-10-03T23:19:43.921-0400] {processor.py:186} INFO - Started process (PID=42390) to work on /home/patrick/.cache/pypoetry/virtualenvs/airflow-wPbgcfzP-py3.10/lib/python3.10/site-packages/airflow/example_dags/example_branch_python_dop_operator_3.py
[2024-10-03T23:19:43.922-0400] {processor.py:914} INFO - Processing file /home/patrick/.cache/pypoetry/virtualenvs/airflow-wPbgcfzP-py3.10/lib/python3.10/site-packages/airflow/example_dags/example_branch_python_dop_operator_3.py for tasks to queue
[2024-10-03T23:19:43.924-0400] {logging_mixin.py:190} INFO - [2024-10-03T23:19:43.924-0400] {dagbag.py:588} INFO - Filling up the DagBag from /home/patrick/.cache/pypoetry/virtualenvs/airflow-wPbgcfzP-py3.10/lib/python3.10/site-packages/airflow/example_dags/example_branch_python_dop_operator_3.py
[2024-10-03T23:19:43.930-0400] {processor.py:925} INFO - DAG(s) 'example_branch_dop_operator_v3' retrieved from /home/patrick/.cache/pypoetry/virtualenvs/airflow-wPbgcfzP-py3.10/lib/python3.10/site-packages/airflow/example_dags/example_branch_python_dop_operator_3.py
[2024-10-03T23:19:45.980-0400] {logging_mixin.py:190} INFO - [2024-10-03T23:19:45.980-0400] {dag.py:3239} INFO - Sync 1 DAGs
[2024-10-03T23:19:46.151-0400] {logging_mixin.py:190} INFO - [2024-10-03T23:19:46.150-0400] {dag.py:4180} INFO - Setting next_dagrun for example_branch_dop_operator_v3 to 2024-10-04 03:18:00+00:00, run_after=2024-10-04 03:19:00+00:00
[2024-10-03T23:19:46.741-0400] {processor.py:208} INFO - Processing /home/patrick/.cache/pypoetry/virtualenvs/airflow-wPbgcfzP-py3.10/lib/python3.10/site-packages/airflow/example_dags/example_branch_python_dop_operator_3.py took 2.824 seconds
[2024-10-03T23:25:29.026-0400] {processor.py:186} INFO - Started process (PID=43867) to work on /home/patrick/.cache/pypoetry/virtualenvs/airflow-wPbgcfzP-py3.10/lib/python3.10/site-packages/airflow/example_dags/example_branch_python_dop_operator_3.py
[2024-10-03T23:25:29.027-0400] {processor.py:914} INFO - Processing file /home/patrick/.cache/pypoetry/virtualenvs/airflow-wPbgcfzP-py3.10/lib/python3.10/site-packages/airflow/example_dags/example_branch_python_dop_operator_3.py for tasks to queue
[2024-10-03T23:25:29.028-0400] {logging_mixin.py:190} INFO - [2024-10-03T23:25:29.028-0400] {dagbag.py:588} INFO - Filling up the DagBag from /home/patrick/.cache/pypoetry/virtualenvs/airflow-wPbgcfzP-py3.10/lib/python3.10/site-packages/airflow/example_dags/example_branch_python_dop_operator_3.py
[2024-10-03T23:25:29.035-0400] {processor.py:925} INFO - DAG(s) 'example_branch_dop_operator_v3' retrieved from /home/patrick/.cache/pypoetry/virtualenvs/airflow-wPbgcfzP-py3.10/lib/python3.10/site-packages/airflow/example_dags/example_branch_python_dop_operator_3.py
[2024-10-03T23:25:30.645-0400] {logging_mixin.py:190} INFO - [2024-10-03T23:25:30.645-0400] {dag.py:3239} INFO - Sync 1 DAGs
[2024-10-03T23:25:30.784-0400] {logging_mixin.py:190} INFO - [2024-10-03T23:25:30.783-0400] {dag.py:4180} INFO - Setting next_dagrun for example_branch_dop_operator_v3 to 2024-10-04 03:24:00+00:00, run_after=2024-10-04 03:25:00+00:00
[2024-10-03T23:25:31.364-0400] {processor.py:208} INFO - Processing /home/patrick/.cache/pypoetry/virtualenvs/airflow-wPbgcfzP-py3.10/lib/python3.10/site-packages/airflow/example_dags/example_branch_python_dop_operator_3.py took 2.342 seconds
[2024-10-03T23:29:47.604-0400] {processor.py:186} INFO - Started process (PID=44970) to work on /home/patrick/.cache/pypoetry/virtualenvs/airflow-wPbgcfzP-py3.10/lib/python3.10/site-packages/airflow/example_dags/example_branch_python_dop_operator_3.py
[2024-10-03T23:29:47.606-0400] {processor.py:914} INFO - Processing file /home/patrick/.cache/pypoetry/virtualenvs/airflow-wPbgcfzP-py3.10/lib/python3.10/site-packages/airflow/example_dags/example_branch_python_dop_operator_3.py for tasks to queue
[2024-10-03T23:29:47.608-0400] {logging_mixin.py:190} INFO - [2024-10-03T23:29:47.607-0400] {dagbag.py:588} INFO - Filling up the DagBag from /home/patrick/.cache/pypoetry/virtualenvs/airflow-wPbgcfzP-py3.10/lib/python3.10/site-packages/airflow/example_dags/example_branch_python_dop_operator_3.py
[2024-10-03T23:29:47.614-0400] {processor.py:925} INFO - DAG(s) 'example_branch_dop_operator_v3' retrieved from /home/patrick/.cache/pypoetry/virtualenvs/airflow-wPbgcfzP-py3.10/lib/python3.10/site-packages/airflow/example_dags/example_branch_python_dop_operator_3.py
[2024-10-03T23:29:48.952-0400] {logging_mixin.py:190} INFO - [2024-10-03T23:29:48.951-0400] {dag.py:3239} INFO - Sync 1 DAGs
[2024-10-03T23:29:49.104-0400] {logging_mixin.py:190} INFO - [2024-10-03T23:29:49.104-0400] {dag.py:4180} INFO - Setting next_dagrun for example_branch_dop_operator_v3 to 2024-10-04 03:28:00+00:00, run_after=2024-10-04 03:29:00+00:00
[2024-10-03T23:29:49.782-0400] {processor.py:208} INFO - Processing /home/patrick/.cache/pypoetry/virtualenvs/airflow-wPbgcfzP-py3.10/lib/python3.10/site-packages/airflow/example_dags/example_branch_python_dop_operator_3.py took 2.182 seconds
[2024-10-03T23:34:19.684-0400] {processor.py:186} INFO - Started process (PID=46192) to work on /home/patrick/.cache/pypoetry/virtualenvs/airflow-wPbgcfzP-py3.10/lib/python3.10/site-packages/airflow/example_dags/example_branch_python_dop_operator_3.py
[2024-10-03T23:34:19.685-0400] {processor.py:914} INFO - Processing file /home/patrick/.cache/pypoetry/virtualenvs/airflow-wPbgcfzP-py3.10/lib/python3.10/site-packages/airflow/example_dags/example_branch_python_dop_operator_3.py for tasks to queue
[2024-10-03T23:34:19.687-0400] {logging_mixin.py:190} INFO - [2024-10-03T23:34:19.687-0400] {dagbag.py:588} INFO - Filling up the DagBag from /home/patrick/.cache/pypoetry/virtualenvs/airflow-wPbgcfzP-py3.10/lib/python3.10/site-packages/airflow/example_dags/example_branch_python_dop_operator_3.py
[2024-10-03T23:34:19.692-0400] {processor.py:925} INFO - DAG(s) 'example_branch_dop_operator_v3' retrieved from /home/patrick/.cache/pypoetry/virtualenvs/airflow-wPbgcfzP-py3.10/lib/python3.10/site-packages/airflow/example_dags/example_branch_python_dop_operator_3.py
[2024-10-03T23:34:31.191-0400] {logging_mixin.py:190} INFO - [2024-10-03T23:34:31.191-0400] {dag.py:3239} INFO - Sync 1 DAGs
[2024-10-03T23:34:31.429-0400] {logging_mixin.py:190} INFO - [2024-10-03T23:34:31.428-0400] {dag.py:4180} INFO - Setting next_dagrun for example_branch_dop_operator_v3 to 2024-10-04 03:33:00+00:00, run_after=2024-10-04 03:34:00+00:00
[2024-10-03T23:34:32.072-0400] {processor.py:208} INFO - Processing /home/patrick/.cache/pypoetry/virtualenvs/airflow-wPbgcfzP-py3.10/lib/python3.10/site-packages/airflow/example_dags/example_branch_python_dop_operator_3.py took 12.391 seconds
[2024-10-03T23:39:02.674-0400] {processor.py:186} INFO - Started process (PID=47404) to work on /home/patrick/.cache/pypoetry/virtualenvs/airflow-wPbgcfzP-py3.10/lib/python3.10/site-packages/airflow/example_dags/example_branch_python_dop_operator_3.py
[2024-10-03T23:39:02.675-0400] {processor.py:914} INFO - Processing file /home/patrick/.cache/pypoetry/virtualenvs/airflow-wPbgcfzP-py3.10/lib/python3.10/site-packages/airflow/example_dags/example_branch_python_dop_operator_3.py for tasks to queue
[2024-10-03T23:39:02.676-0400] {logging_mixin.py:190} INFO - [2024-10-03T23:39:02.676-0400] {dagbag.py:588} INFO - Filling up the DagBag from /home/patrick/.cache/pypoetry/virtualenvs/airflow-wPbgcfzP-py3.10/lib/python3.10/site-packages/airflow/example_dags/example_branch_python_dop_operator_3.py
[2024-10-03T23:39:02.682-0400] {processor.py:925} INFO - DAG(s) 'example_branch_dop_operator_v3' retrieved from /home/patrick/.cache/pypoetry/virtualenvs/airflow-wPbgcfzP-py3.10/lib/python3.10/site-packages/airflow/example_dags/example_branch_python_dop_operator_3.py
[2024-10-03T23:39:07.606-0400] {logging_mixin.py:190} INFO - [2024-10-03T23:39:07.606-0400] {dag.py:3239} INFO - Sync 1 DAGs
[2024-10-03T23:39:07.929-0400] {logging_mixin.py:190} INFO - [2024-10-03T23:39:07.929-0400] {dag.py:4180} INFO - Setting next_dagrun for example_branch_dop_operator_v3 to 2024-10-04 03:38:00+00:00, run_after=2024-10-04 03:39:00+00:00
[2024-10-03T23:39:08.761-0400] {processor.py:208} INFO - Processing /home/patrick/.cache/pypoetry/virtualenvs/airflow-wPbgcfzP-py3.10/lib/python3.10/site-packages/airflow/example_dags/example_branch_python_dop_operator_3.py took 6.091 seconds
[2024-10-03T23:43:03.539-0400] {processor.py:186} INFO - Started process (PID=48445) to work on /home/patrick/.cache/pypoetry/virtualenvs/airflow-wPbgcfzP-py3.10/lib/python3.10/site-packages/airflow/example_dags/example_branch_python_dop_operator_3.py
[2024-10-03T23:43:03.539-0400] {processor.py:914} INFO - Processing file /home/patrick/.cache/pypoetry/virtualenvs/airflow-wPbgcfzP-py3.10/lib/python3.10/site-packages/airflow/example_dags/example_branch_python_dop_operator_3.py for tasks to queue
[2024-10-03T23:43:03.541-0400] {logging_mixin.py:190} INFO - [2024-10-03T23:43:03.541-0400] {dagbag.py:588} INFO - Filling up the DagBag from /home/patrick/.cache/pypoetry/virtualenvs/airflow-wPbgcfzP-py3.10/lib/python3.10/site-packages/airflow/example_dags/example_branch_python_dop_operator_3.py
[2024-10-03T23:43:03.548-0400] {processor.py:925} INFO - DAG(s) 'example_branch_dop_operator_v3' retrieved from /home/patrick/.cache/pypoetry/virtualenvs/airflow-wPbgcfzP-py3.10/lib/python3.10/site-packages/airflow/example_dags/example_branch_python_dop_operator_3.py
[2024-10-03T23:43:06.579-0400] {logging_mixin.py:190} INFO - [2024-10-03T23:43:06.579-0400] {dag.py:3239} INFO - Sync 1 DAGs
[2024-10-03T23:43:06.834-0400] {logging_mixin.py:190} INFO - [2024-10-03T23:43:06.834-0400] {dag.py:4180} INFO - Setting next_dagrun for example_branch_dop_operator_v3 to 2024-10-04 03:42:00+00:00, run_after=2024-10-04 03:43:00+00:00
[2024-10-03T23:43:07.366-0400] {processor.py:208} INFO - Processing /home/patrick/.cache/pypoetry/virtualenvs/airflow-wPbgcfzP-py3.10/lib/python3.10/site-packages/airflow/example_dags/example_branch_python_dop_operator_3.py took 3.831 seconds
[2024-10-03T23:47:02.529-0400] {processor.py:186} INFO - Started process (PID=49481) to work on /home/patrick/.cache/pypoetry/virtualenvs/airflow-wPbgcfzP-py3.10/lib/python3.10/site-packages/airflow/example_dags/example_branch_python_dop_operator_3.py
[2024-10-03T23:47:02.531-0400] {processor.py:914} INFO - Processing file /home/patrick/.cache/pypoetry/virtualenvs/airflow-wPbgcfzP-py3.10/lib/python3.10/site-packages/airflow/example_dags/example_branch_python_dop_operator_3.py for tasks to queue
[2024-10-03T23:47:02.533-0400] {logging_mixin.py:190} INFO - [2024-10-03T23:47:02.532-0400] {dagbag.py:588} INFO - Filling up the DagBag from /home/patrick/.cache/pypoetry/virtualenvs/airflow-wPbgcfzP-py3.10/lib/python3.10/site-packages/airflow/example_dags/example_branch_python_dop_operator_3.py
[2024-10-03T23:47:02.541-0400] {processor.py:925} INFO - DAG(s) 'example_branch_dop_operator_v3' retrieved from /home/patrick/.cache/pypoetry/virtualenvs/airflow-wPbgcfzP-py3.10/lib/python3.10/site-packages/airflow/example_dags/example_branch_python_dop_operator_3.py
[2024-10-03T23:47:07.386-0400] {logging_mixin.py:190} INFO - [2024-10-03T23:47:07.386-0400] {dag.py:3239} INFO - Sync 1 DAGs
[2024-10-03T23:47:07.572-0400] {logging_mixin.py:190} INFO - [2024-10-03T23:47:07.572-0400] {dag.py:4180} INFO - Setting next_dagrun for example_branch_dop_operator_v3 to 2024-10-04 03:46:00+00:00, run_after=2024-10-04 03:47:00+00:00
[2024-10-03T23:47:08.217-0400] {processor.py:208} INFO - Processing /home/patrick/.cache/pypoetry/virtualenvs/airflow-wPbgcfzP-py3.10/lib/python3.10/site-packages/airflow/example_dags/example_branch_python_dop_operator_3.py took 5.692 seconds
[2024-10-03T23:51:21.339-0400] {processor.py:186} INFO - Started process (PID=50588) to work on /home/patrick/.cache/pypoetry/virtualenvs/airflow-wPbgcfzP-py3.10/lib/python3.10/site-packages/airflow/example_dags/example_branch_python_dop_operator_3.py
[2024-10-03T23:51:21.341-0400] {processor.py:914} INFO - Processing file /home/patrick/.cache/pypoetry/virtualenvs/airflow-wPbgcfzP-py3.10/lib/python3.10/site-packages/airflow/example_dags/example_branch_python_dop_operator_3.py for tasks to queue
[2024-10-03T23:51:21.342-0400] {logging_mixin.py:190} INFO - [2024-10-03T23:51:21.342-0400] {dagbag.py:588} INFO - Filling up the DagBag from /home/patrick/.cache/pypoetry/virtualenvs/airflow-wPbgcfzP-py3.10/lib/python3.10/site-packages/airflow/example_dags/example_branch_python_dop_operator_3.py
[2024-10-03T23:51:21.349-0400] {processor.py:925} INFO - DAG(s) 'example_branch_dop_operator_v3' retrieved from /home/patrick/.cache/pypoetry/virtualenvs/airflow-wPbgcfzP-py3.10/lib/python3.10/site-packages/airflow/example_dags/example_branch_python_dop_operator_3.py
[2024-10-03T23:51:25.321-0400] {logging_mixin.py:190} INFO - [2024-10-03T23:51:25.320-0400] {dag.py:3239} INFO - Sync 1 DAGs
[2024-10-03T23:51:25.794-0400] {logging_mixin.py:190} INFO - [2024-10-03T23:51:25.794-0400] {dag.py:4180} INFO - Setting next_dagrun for example_branch_dop_operator_v3 to 2024-10-04 03:50:00+00:00, run_after=2024-10-04 03:51:00+00:00
[2024-10-03T23:51:26.569-0400] {processor.py:208} INFO - Processing /home/patrick/.cache/pypoetry/virtualenvs/airflow-wPbgcfzP-py3.10/lib/python3.10/site-packages/airflow/example_dags/example_branch_python_dop_operator_3.py took 5.234 seconds
[2024-10-03T23:55:40.653-0400] {processor.py:186} INFO - Started process (PID=51699) to work on /home/patrick/.cache/pypoetry/virtualenvs/airflow-wPbgcfzP-py3.10/lib/python3.10/site-packages/airflow/example_dags/example_branch_python_dop_operator_3.py
[2024-10-03T23:55:40.654-0400] {processor.py:914} INFO - Processing file /home/patrick/.cache/pypoetry/virtualenvs/airflow-wPbgcfzP-py3.10/lib/python3.10/site-packages/airflow/example_dags/example_branch_python_dop_operator_3.py for tasks to queue
[2024-10-03T23:55:40.657-0400] {logging_mixin.py:190} INFO - [2024-10-03T23:55:40.657-0400] {dagbag.py:588} INFO - Filling up the DagBag from /home/patrick/.cache/pypoetry/virtualenvs/airflow-wPbgcfzP-py3.10/lib/python3.10/site-packages/airflow/example_dags/example_branch_python_dop_operator_3.py
[2024-10-03T23:55:40.664-0400] {processor.py:925} INFO - DAG(s) 'example_branch_dop_operator_v3' retrieved from /home/patrick/.cache/pypoetry/virtualenvs/airflow-wPbgcfzP-py3.10/lib/python3.10/site-packages/airflow/example_dags/example_branch_python_dop_operator_3.py
[2024-10-03T23:55:43.050-0400] {logging_mixin.py:190} INFO - [2024-10-03T23:55:43.050-0400] {dag.py:3239} INFO - Sync 1 DAGs
[2024-10-03T23:55:43.256-0400] {logging_mixin.py:190} INFO - [2024-10-03T23:55:43.255-0400] {dag.py:4180} INFO - Setting next_dagrun for example_branch_dop_operator_v3 to 2024-10-04 03:54:00+00:00, run_after=2024-10-04 03:55:00+00:00
[2024-10-03T23:55:43.983-0400] {processor.py:208} INFO - Processing /home/patrick/.cache/pypoetry/virtualenvs/airflow-wPbgcfzP-py3.10/lib/python3.10/site-packages/airflow/example_dags/example_branch_python_dop_operator_3.py took 3.335 seconds
[2024-10-03T23:59:21.145-0400] {processor.py:186} INFO - Started process (PID=52656) to work on /home/patrick/.cache/pypoetry/virtualenvs/airflow-wPbgcfzP-py3.10/lib/python3.10/site-packages/airflow/example_dags/example_branch_python_dop_operator_3.py
[2024-10-03T23:59:21.146-0400] {processor.py:914} INFO - Processing file /home/patrick/.cache/pypoetry/virtualenvs/airflow-wPbgcfzP-py3.10/lib/python3.10/site-packages/airflow/example_dags/example_branch_python_dop_operator_3.py for tasks to queue
[2024-10-03T23:59:21.149-0400] {logging_mixin.py:190} INFO - [2024-10-03T23:59:21.149-0400] {dagbag.py:588} INFO - Filling up the DagBag from /home/patrick/.cache/pypoetry/virtualenvs/airflow-wPbgcfzP-py3.10/lib/python3.10/site-packages/airflow/example_dags/example_branch_python_dop_operator_3.py
[2024-10-03T23:59:21.158-0400] {processor.py:925} INFO - DAG(s) 'example_branch_dop_operator_v3' retrieved from /home/patrick/.cache/pypoetry/virtualenvs/airflow-wPbgcfzP-py3.10/lib/python3.10/site-packages/airflow/example_dags/example_branch_python_dop_operator_3.py
[2024-10-03T23:59:23.994-0400] {logging_mixin.py:190} INFO - [2024-10-03T23:59:23.994-0400] {dag.py:3239} INFO - Sync 1 DAGs
[2024-10-03T23:59:24.386-0400] {logging_mixin.py:190} INFO - [2024-10-03T23:59:24.386-0400] {dag.py:4180} INFO - Setting next_dagrun for example_branch_dop_operator_v3 to 2024-10-04 03:58:00+00:00, run_after=2024-10-04 03:59:00+00:00
[2024-10-03T23:59:25.289-0400] {processor.py:208} INFO - Processing /home/patrick/.cache/pypoetry/virtualenvs/airflow-wPbgcfzP-py3.10/lib/python3.10/site-packages/airflow/example_dags/example_branch_python_dop_operator_3.py took 4.148 seconds
[2024-10-04T00:04:01.233-0400] {processor.py:186} INFO - Started process (PID=53910) to work on /home/patrick/.cache/pypoetry/virtualenvs/airflow-wPbgcfzP-py3.10/lib/python3.10/site-packages/airflow/example_dags/example_branch_python_dop_operator_3.py
[2024-10-04T00:04:01.234-0400] {processor.py:914} INFO - Processing file /home/patrick/.cache/pypoetry/virtualenvs/airflow-wPbgcfzP-py3.10/lib/python3.10/site-packages/airflow/example_dags/example_branch_python_dop_operator_3.py for tasks to queue
[2024-10-04T00:04:01.236-0400] {logging_mixin.py:190} INFO - [2024-10-04T00:04:01.236-0400] {dagbag.py:588} INFO - Filling up the DagBag from /home/patrick/.cache/pypoetry/virtualenvs/airflow-wPbgcfzP-py3.10/lib/python3.10/site-packages/airflow/example_dags/example_branch_python_dop_operator_3.py
[2024-10-04T00:04:01.244-0400] {processor.py:925} INFO - DAG(s) 'example_branch_dop_operator_v3' retrieved from /home/patrick/.cache/pypoetry/virtualenvs/airflow-wPbgcfzP-py3.10/lib/python3.10/site-packages/airflow/example_dags/example_branch_python_dop_operator_3.py
[2024-10-04T00:04:03.559-0400] {logging_mixin.py:190} INFO - [2024-10-04T00:04:03.559-0400] {dag.py:3239} INFO - Sync 1 DAGs
[2024-10-04T00:04:03.953-0400] {logging_mixin.py:190} INFO - [2024-10-04T00:04:03.953-0400] {dag.py:4180} INFO - Setting next_dagrun for example_branch_dop_operator_v3 to 2024-10-04 04:03:00+00:00, run_after=2024-10-04 04:04:00+00:00
[2024-10-04T00:04:04.929-0400] {processor.py:208} INFO - Processing /home/patrick/.cache/pypoetry/virtualenvs/airflow-wPbgcfzP-py3.10/lib/python3.10/site-packages/airflow/example_dags/example_branch_python_dop_operator_3.py took 3.701 seconds
