[2024-10-03T20:46:01.002-0400] {processor.py:186} INFO - Started process (PID=1370) to work on /home/patrick/.cache/pypoetry/virtualenvs/airflow-wPbgcfzP-py3.10/lib/python3.10/site-packages/airflow/example_dags/example_python_decorator.py
[2024-10-03T20:46:01.003-0400] {processor.py:914} INFO - Processing file /home/patrick/.cache/pypoetry/virtualenvs/airflow-wPbgcfzP-py3.10/lib/python3.10/site-packages/airflow/example_dags/example_python_decorator.py for tasks to queue
[2024-10-03T20:46:01.004-0400] {logging_mixin.py:190} INFO - [2024-10-03T20:46:01.004-0400] {dagbag.py:588} INFO - Filling up the DagBag from /home/patrick/.cache/pypoetry/virtualenvs/airflow-wPbgcfzP-py3.10/lib/python3.10/site-packages/airflow/example_dags/example_python_decorator.py
[2024-10-03T20:46:01.071-0400] {logging_mixin.py:190} INFO - [2024-10-03T20:46:01.071-0400] {example_python_decorator.py:80} WARNING - The virtalenv_python example task requires virtualenv, please install it.
[2024-10-03T20:46:01.073-0400] {processor.py:925} INFO - DAG(s) 'example_python_decorator' retrieved from /home/patrick/.cache/pypoetry/virtualenvs/airflow-wPbgcfzP-py3.10/lib/python3.10/site-packages/airflow/example_dags/example_python_decorator.py
[2024-10-03T20:46:09.042-0400] {logging_mixin.py:190} INFO - [2024-10-03T20:46:09.041-0400] {dag.py:3239} INFO - Sync 1 DAGs
[2024-10-03T20:46:09.362-0400] {logging_mixin.py:190} INFO - [2024-10-03T20:46:09.361-0400] {dag.py:4180} INFO - Setting next_dagrun for example_python_decorator to None, run_after=None
[2024-10-03T20:46:10.111-0400] {processor.py:208} INFO - Processing /home/patrick/.cache/pypoetry/virtualenvs/airflow-wPbgcfzP-py3.10/lib/python3.10/site-packages/airflow/example_dags/example_python_decorator.py took 9.113 seconds
[2024-10-03T20:59:49.040-0400] {processor.py:186} INFO - Started process (PID=4879) to work on /home/patrick/.cache/pypoetry/virtualenvs/airflow-wPbgcfzP-py3.10/lib/python3.10/site-packages/airflow/example_dags/example_python_decorator.py
[2024-10-03T20:59:49.041-0400] {processor.py:914} INFO - Processing file /home/patrick/.cache/pypoetry/virtualenvs/airflow-wPbgcfzP-py3.10/lib/python3.10/site-packages/airflow/example_dags/example_python_decorator.py for tasks to queue
[2024-10-03T20:59:49.042-0400] {logging_mixin.py:190} INFO - [2024-10-03T20:59:49.042-0400] {dagbag.py:588} INFO - Filling up the DagBag from /home/patrick/.cache/pypoetry/virtualenvs/airflow-wPbgcfzP-py3.10/lib/python3.10/site-packages/airflow/example_dags/example_python_decorator.py
[2024-10-03T20:59:49.108-0400] {logging_mixin.py:190} INFO - [2024-10-03T20:59:49.107-0400] {example_python_decorator.py:80} WARNING - The virtalenv_python example task requires virtualenv, please install it.
[2024-10-03T20:59:49.109-0400] {processor.py:925} INFO - DAG(s) 'example_python_decorator' retrieved from /home/patrick/.cache/pypoetry/virtualenvs/airflow-wPbgcfzP-py3.10/lib/python3.10/site-packages/airflow/example_dags/example_python_decorator.py
[2024-10-03T20:59:53.412-0400] {logging_mixin.py:190} INFO - [2024-10-03T20:59:53.412-0400] {dag.py:3239} INFO - Sync 1 DAGs
[2024-10-03T20:59:53.474-0400] {logging_mixin.py:190} INFO - [2024-10-03T20:59:53.474-0400] {dag.py:4180} INFO - Setting next_dagrun for example_python_decorator to None, run_after=None
[2024-10-03T20:59:54.008-0400] {processor.py:208} INFO - Processing /home/patrick/.cache/pypoetry/virtualenvs/airflow-wPbgcfzP-py3.10/lib/python3.10/site-packages/airflow/example_dags/example_python_decorator.py took 4.971 seconds
[2024-10-03T21:03:36.392-0400] {processor.py:186} INFO - Started process (PID=5835) to work on /home/patrick/.cache/pypoetry/virtualenvs/airflow-wPbgcfzP-py3.10/lib/python3.10/site-packages/airflow/example_dags/example_python_decorator.py
[2024-10-03T21:03:36.393-0400] {processor.py:914} INFO - Processing file /home/patrick/.cache/pypoetry/virtualenvs/airflow-wPbgcfzP-py3.10/lib/python3.10/site-packages/airflow/example_dags/example_python_decorator.py for tasks to queue
[2024-10-03T21:03:36.394-0400] {logging_mixin.py:190} INFO - [2024-10-03T21:03:36.394-0400] {dagbag.py:588} INFO - Filling up the DagBag from /home/patrick/.cache/pypoetry/virtualenvs/airflow-wPbgcfzP-py3.10/lib/python3.10/site-packages/airflow/example_dags/example_python_decorator.py
[2024-10-03T21:03:36.443-0400] {logging_mixin.py:190} INFO - [2024-10-03T21:03:36.443-0400] {example_python_decorator.py:80} WARNING - The virtalenv_python example task requires virtualenv, please install it.
[2024-10-03T21:03:36.445-0400] {processor.py:925} INFO - DAG(s) 'example_python_decorator' retrieved from /home/patrick/.cache/pypoetry/virtualenvs/airflow-wPbgcfzP-py3.10/lib/python3.10/site-packages/airflow/example_dags/example_python_decorator.py
[2024-10-03T21:03:37.653-0400] {logging_mixin.py:190} INFO - [2024-10-03T21:03:37.653-0400] {dag.py:3239} INFO - Sync 1 DAGs
[2024-10-03T21:03:37.722-0400] {logging_mixin.py:190} INFO - [2024-10-03T21:03:37.722-0400] {dag.py:4180} INFO - Setting next_dagrun for example_python_decorator to None, run_after=None
[2024-10-03T21:03:38.271-0400] {processor.py:208} INFO - Processing /home/patrick/.cache/pypoetry/virtualenvs/airflow-wPbgcfzP-py3.10/lib/python3.10/site-packages/airflow/example_dags/example_python_decorator.py took 1.882 seconds
[2024-10-03T21:05:40.036-0400] {processor.py:186} INFO - Started process (PID=6372) to work on /home/patrick/.cache/pypoetry/virtualenvs/airflow-wPbgcfzP-py3.10/lib/python3.10/site-packages/airflow/example_dags/example_python_decorator.py
[2024-10-03T21:05:40.037-0400] {processor.py:914} INFO - Processing file /home/patrick/.cache/pypoetry/virtualenvs/airflow-wPbgcfzP-py3.10/lib/python3.10/site-packages/airflow/example_dags/example_python_decorator.py for tasks to queue
[2024-10-03T21:05:40.038-0400] {logging_mixin.py:190} INFO - [2024-10-03T21:05:40.038-0400] {dagbag.py:588} INFO - Filling up the DagBag from /home/patrick/.cache/pypoetry/virtualenvs/airflow-wPbgcfzP-py3.10/lib/python3.10/site-packages/airflow/example_dags/example_python_decorator.py
[2024-10-03T21:05:40.189-0400] {logging_mixin.py:190} INFO - [2024-10-03T21:05:40.188-0400] {example_python_decorator.py:80} WARNING - The virtalenv_python example task requires virtualenv, please install it.
[2024-10-03T21:05:40.191-0400] {processor.py:925} INFO - DAG(s) 'example_python_decorator' retrieved from /home/patrick/.cache/pypoetry/virtualenvs/airflow-wPbgcfzP-py3.10/lib/python3.10/site-packages/airflow/example_dags/example_python_decorator.py
[2024-10-03T21:05:43.255-0400] {logging_mixin.py:190} INFO - [2024-10-03T21:05:43.254-0400] {dag.py:3239} INFO - Sync 1 DAGs
[2024-10-03T21:05:43.326-0400] {logging_mixin.py:190} INFO - [2024-10-03T21:05:43.326-0400] {dag.py:4180} INFO - Setting next_dagrun for example_python_decorator to None, run_after=None
[2024-10-03T21:05:43.865-0400] {processor.py:208} INFO - Processing /home/patrick/.cache/pypoetry/virtualenvs/airflow-wPbgcfzP-py3.10/lib/python3.10/site-packages/airflow/example_dags/example_python_decorator.py took 3.832 seconds
[2024-10-03T21:07:52.023-0400] {processor.py:186} INFO - Started process (PID=6941) to work on /home/patrick/.cache/pypoetry/virtualenvs/airflow-wPbgcfzP-py3.10/lib/python3.10/site-packages/airflow/example_dags/example_python_decorator.py
[2024-10-03T21:07:52.024-0400] {processor.py:914} INFO - Processing file /home/patrick/.cache/pypoetry/virtualenvs/airflow-wPbgcfzP-py3.10/lib/python3.10/site-packages/airflow/example_dags/example_python_decorator.py for tasks to queue
[2024-10-03T21:07:52.025-0400] {logging_mixin.py:190} INFO - [2024-10-03T21:07:52.025-0400] {dagbag.py:588} INFO - Filling up the DagBag from /home/patrick/.cache/pypoetry/virtualenvs/airflow-wPbgcfzP-py3.10/lib/python3.10/site-packages/airflow/example_dags/example_python_decorator.py
[2024-10-03T21:07:52.105-0400] {logging_mixin.py:190} INFO - [2024-10-03T21:07:52.105-0400] {example_python_decorator.py:80} WARNING - The virtalenv_python example task requires virtualenv, please install it.
[2024-10-03T21:07:52.107-0400] {processor.py:925} INFO - DAG(s) 'example_python_decorator' retrieved from /home/patrick/.cache/pypoetry/virtualenvs/airflow-wPbgcfzP-py3.10/lib/python3.10/site-packages/airflow/example_dags/example_python_decorator.py
[2024-10-03T21:07:56.228-0400] {logging_mixin.py:190} INFO - [2024-10-03T21:07:56.228-0400] {dag.py:3239} INFO - Sync 1 DAGs
[2024-10-03T21:07:56.309-0400] {logging_mixin.py:190} INFO - [2024-10-03T21:07:56.309-0400] {dag.py:4180} INFO - Setting next_dagrun for example_python_decorator to None, run_after=None
[2024-10-03T21:07:56.911-0400] {processor.py:208} INFO - Processing /home/patrick/.cache/pypoetry/virtualenvs/airflow-wPbgcfzP-py3.10/lib/python3.10/site-packages/airflow/example_dags/example_python_decorator.py took 4.891 seconds
[2024-10-03T21:09:54.382-0400] {processor.py:186} INFO - Started process (PID=7472) to work on /home/patrick/.cache/pypoetry/virtualenvs/airflow-wPbgcfzP-py3.10/lib/python3.10/site-packages/airflow/example_dags/example_python_decorator.py
[2024-10-03T21:09:54.383-0400] {processor.py:914} INFO - Processing file /home/patrick/.cache/pypoetry/virtualenvs/airflow-wPbgcfzP-py3.10/lib/python3.10/site-packages/airflow/example_dags/example_python_decorator.py for tasks to queue
[2024-10-03T21:09:54.384-0400] {logging_mixin.py:190} INFO - [2024-10-03T21:09:54.384-0400] {dagbag.py:588} INFO - Filling up the DagBag from /home/patrick/.cache/pypoetry/virtualenvs/airflow-wPbgcfzP-py3.10/lib/python3.10/site-packages/airflow/example_dags/example_python_decorator.py
[2024-10-03T21:09:54.477-0400] {logging_mixin.py:190} INFO - [2024-10-03T21:09:54.477-0400] {example_python_decorator.py:80} WARNING - The virtalenv_python example task requires virtualenv, please install it.
[2024-10-03T21:09:54.478-0400] {processor.py:925} INFO - DAG(s) 'example_python_decorator' retrieved from /home/patrick/.cache/pypoetry/virtualenvs/airflow-wPbgcfzP-py3.10/lib/python3.10/site-packages/airflow/example_dags/example_python_decorator.py
[2024-10-03T21:09:55.912-0400] {logging_mixin.py:190} INFO - [2024-10-03T21:09:55.911-0400] {dag.py:3239} INFO - Sync 1 DAGs
[2024-10-03T21:09:55.992-0400] {logging_mixin.py:190} INFO - [2024-10-03T21:09:55.992-0400] {dag.py:4180} INFO - Setting next_dagrun for example_python_decorator to None, run_after=None
[2024-10-03T21:09:56.590-0400] {processor.py:208} INFO - Processing /home/patrick/.cache/pypoetry/virtualenvs/airflow-wPbgcfzP-py3.10/lib/python3.10/site-packages/airflow/example_dags/example_python_decorator.py took 2.211 seconds
[2024-10-03T21:13:56.748-0400] {processor.py:186} INFO - Started process (PID=8580) to work on /home/patrick/.cache/pypoetry/virtualenvs/airflow-wPbgcfzP-py3.10/lib/python3.10/site-packages/airflow/example_dags/example_python_decorator.py
[2024-10-03T21:13:56.749-0400] {processor.py:914} INFO - Processing file /home/patrick/.cache/pypoetry/virtualenvs/airflow-wPbgcfzP-py3.10/lib/python3.10/site-packages/airflow/example_dags/example_python_decorator.py for tasks to queue
[2024-10-03T21:13:56.750-0400] {logging_mixin.py:190} INFO - [2024-10-03T21:13:56.750-0400] {dagbag.py:588} INFO - Filling up the DagBag from /home/patrick/.cache/pypoetry/virtualenvs/airflow-wPbgcfzP-py3.10/lib/python3.10/site-packages/airflow/example_dags/example_python_decorator.py
[2024-10-03T21:13:56.989-0400] {logging_mixin.py:190} INFO - [2024-10-03T21:13:56.989-0400] {example_python_decorator.py:80} WARNING - The virtalenv_python example task requires virtualenv, please install it.
[2024-10-03T21:13:56.992-0400] {processor.py:925} INFO - DAG(s) 'example_python_decorator' retrieved from /home/patrick/.cache/pypoetry/virtualenvs/airflow-wPbgcfzP-py3.10/lib/python3.10/site-packages/airflow/example_dags/example_python_decorator.py
[2024-10-03T21:13:58.314-0400] {logging_mixin.py:190} INFO - [2024-10-03T21:13:58.314-0400] {dag.py:3239} INFO - Sync 1 DAGs
[2024-10-03T21:13:58.390-0400] {logging_mixin.py:190} INFO - [2024-10-03T21:13:58.390-0400] {dag.py:4180} INFO - Setting next_dagrun for example_python_decorator to None, run_after=None
[2024-10-03T21:13:58.981-0400] {processor.py:208} INFO - Processing /home/patrick/.cache/pypoetry/virtualenvs/airflow-wPbgcfzP-py3.10/lib/python3.10/site-packages/airflow/example_dags/example_python_decorator.py took 2.237 seconds
[2024-10-03T21:16:48.775-0400] {processor.py:186} INFO - Started process (PID=9403) to work on /home/patrick/.cache/pypoetry/virtualenvs/airflow-wPbgcfzP-py3.10/lib/python3.10/site-packages/airflow/example_dags/example_python_decorator.py
[2024-10-03T21:16:48.776-0400] {processor.py:914} INFO - Processing file /home/patrick/.cache/pypoetry/virtualenvs/airflow-wPbgcfzP-py3.10/lib/python3.10/site-packages/airflow/example_dags/example_python_decorator.py for tasks to queue
[2024-10-03T21:16:48.778-0400] {logging_mixin.py:190} INFO - [2024-10-03T21:16:48.777-0400] {dagbag.py:588} INFO - Filling up the DagBag from /home/patrick/.cache/pypoetry/virtualenvs/airflow-wPbgcfzP-py3.10/lib/python3.10/site-packages/airflow/example_dags/example_python_decorator.py
[2024-10-03T21:16:48.847-0400] {logging_mixin.py:190} INFO - [2024-10-03T21:16:48.847-0400] {example_python_decorator.py:80} WARNING - The virtalenv_python example task requires virtualenv, please install it.
[2024-10-03T21:16:48.849-0400] {processor.py:925} INFO - DAG(s) 'example_python_decorator' retrieved from /home/patrick/.cache/pypoetry/virtualenvs/airflow-wPbgcfzP-py3.10/lib/python3.10/site-packages/airflow/example_dags/example_python_decorator.py
[2024-10-03T21:16:53.496-0400] {logging_mixin.py:190} INFO - [2024-10-03T21:16:53.495-0400] {dag.py:3239} INFO - Sync 1 DAGs
[2024-10-03T21:16:53.558-0400] {logging_mixin.py:190} INFO - [2024-10-03T21:16:53.557-0400] {dag.py:4180} INFO - Setting next_dagrun for example_python_decorator to None, run_after=None
[2024-10-03T21:16:54.101-0400] {processor.py:208} INFO - Processing /home/patrick/.cache/pypoetry/virtualenvs/airflow-wPbgcfzP-py3.10/lib/python3.10/site-packages/airflow/example_dags/example_python_decorator.py took 5.330 seconds
[2024-10-03T21:21:27.028-0400] {processor.py:186} INFO - Started process (PID=10650) to work on /home/patrick/.cache/pypoetry/virtualenvs/airflow-wPbgcfzP-py3.10/lib/python3.10/site-packages/airflow/example_dags/example_python_decorator.py
[2024-10-03T21:21:27.029-0400] {processor.py:914} INFO - Processing file /home/patrick/.cache/pypoetry/virtualenvs/airflow-wPbgcfzP-py3.10/lib/python3.10/site-packages/airflow/example_dags/example_python_decorator.py for tasks to queue
[2024-10-03T21:21:27.031-0400] {logging_mixin.py:190} INFO - [2024-10-03T21:21:27.030-0400] {dagbag.py:588} INFO - Filling up the DagBag from /home/patrick/.cache/pypoetry/virtualenvs/airflow-wPbgcfzP-py3.10/lib/python3.10/site-packages/airflow/example_dags/example_python_decorator.py
[2024-10-03T21:21:27.106-0400] {logging_mixin.py:190} INFO - [2024-10-03T21:21:27.106-0400] {example_python_decorator.py:80} WARNING - The virtalenv_python example task requires virtualenv, please install it.
[2024-10-03T21:21:27.108-0400] {processor.py:925} INFO - DAG(s) 'example_python_decorator' retrieved from /home/patrick/.cache/pypoetry/virtualenvs/airflow-wPbgcfzP-py3.10/lib/python3.10/site-packages/airflow/example_dags/example_python_decorator.py
[2024-10-03T21:21:30.005-0400] {logging_mixin.py:190} INFO - [2024-10-03T21:21:30.004-0400] {dag.py:3239} INFO - Sync 1 DAGs
[2024-10-03T21:21:30.084-0400] {logging_mixin.py:190} INFO - [2024-10-03T21:21:30.084-0400] {dag.py:4180} INFO - Setting next_dagrun for example_python_decorator to None, run_after=None
[2024-10-03T21:21:30.887-0400] {processor.py:208} INFO - Processing /home/patrick/.cache/pypoetry/virtualenvs/airflow-wPbgcfzP-py3.10/lib/python3.10/site-packages/airflow/example_dags/example_python_decorator.py took 3.864 seconds
[2024-10-03T21:23:55.851-0400] {processor.py:186} INFO - Started process (PID=11298) to work on /home/patrick/.cache/pypoetry/virtualenvs/airflow-wPbgcfzP-py3.10/lib/python3.10/site-packages/airflow/example_dags/example_python_decorator.py
[2024-10-03T21:23:55.852-0400] {processor.py:914} INFO - Processing file /home/patrick/.cache/pypoetry/virtualenvs/airflow-wPbgcfzP-py3.10/lib/python3.10/site-packages/airflow/example_dags/example_python_decorator.py for tasks to queue
[2024-10-03T21:23:55.854-0400] {logging_mixin.py:190} INFO - [2024-10-03T21:23:55.854-0400] {dagbag.py:588} INFO - Filling up the DagBag from /home/patrick/.cache/pypoetry/virtualenvs/airflow-wPbgcfzP-py3.10/lib/python3.10/site-packages/airflow/example_dags/example_python_decorator.py
[2024-10-03T21:23:55.908-0400] {logging_mixin.py:190} INFO - [2024-10-03T21:23:55.908-0400] {example_python_decorator.py:80} WARNING - The virtalenv_python example task requires virtualenv, please install it.
[2024-10-03T21:23:55.910-0400] {processor.py:925} INFO - DAG(s) 'example_python_decorator' retrieved from /home/patrick/.cache/pypoetry/virtualenvs/airflow-wPbgcfzP-py3.10/lib/python3.10/site-packages/airflow/example_dags/example_python_decorator.py
[2024-10-03T21:23:57.457-0400] {logging_mixin.py:190} INFO - [2024-10-03T21:23:57.457-0400] {dag.py:3239} INFO - Sync 1 DAGs
[2024-10-03T21:23:57.527-0400] {logging_mixin.py:190} INFO - [2024-10-03T21:23:57.527-0400] {dag.py:4180} INFO - Setting next_dagrun for example_python_decorator to None, run_after=None
[2024-10-03T21:23:58.089-0400] {processor.py:208} INFO - Processing /home/patrick/.cache/pypoetry/virtualenvs/airflow-wPbgcfzP-py3.10/lib/python3.10/site-packages/airflow/example_dags/example_python_decorator.py took 2.242 seconds
[2024-10-03T21:26:38.624-0400] {processor.py:186} INFO - Started process (PID=11989) to work on /home/patrick/.cache/pypoetry/virtualenvs/airflow-wPbgcfzP-py3.10/lib/python3.10/site-packages/airflow/example_dags/example_python_decorator.py
[2024-10-03T21:26:38.625-0400] {processor.py:914} INFO - Processing file /home/patrick/.cache/pypoetry/virtualenvs/airflow-wPbgcfzP-py3.10/lib/python3.10/site-packages/airflow/example_dags/example_python_decorator.py for tasks to queue
[2024-10-03T21:26:38.626-0400] {logging_mixin.py:190} INFO - [2024-10-03T21:26:38.626-0400] {dagbag.py:588} INFO - Filling up the DagBag from /home/patrick/.cache/pypoetry/virtualenvs/airflow-wPbgcfzP-py3.10/lib/python3.10/site-packages/airflow/example_dags/example_python_decorator.py
[2024-10-03T21:26:38.680-0400] {logging_mixin.py:190} INFO - [2024-10-03T21:26:38.680-0400] {example_python_decorator.py:80} WARNING - The virtalenv_python example task requires virtualenv, please install it.
[2024-10-03T21:26:38.682-0400] {processor.py:925} INFO - DAG(s) 'example_python_decorator' retrieved from /home/patrick/.cache/pypoetry/virtualenvs/airflow-wPbgcfzP-py3.10/lib/python3.10/site-packages/airflow/example_dags/example_python_decorator.py
[2024-10-03T21:26:43.244-0400] {logging_mixin.py:190} INFO - [2024-10-03T21:26:43.243-0400] {dag.py:3239} INFO - Sync 1 DAGs
[2024-10-03T21:26:43.313-0400] {logging_mixin.py:190} INFO - [2024-10-03T21:26:43.313-0400] {dag.py:4180} INFO - Setting next_dagrun for example_python_decorator to None, run_after=None
[2024-10-03T21:26:43.920-0400] {processor.py:208} INFO - Processing /home/patrick/.cache/pypoetry/virtualenvs/airflow-wPbgcfzP-py3.10/lib/python3.10/site-packages/airflow/example_dags/example_python_decorator.py took 5.300 seconds
[2024-10-03T21:29:05.954-0400] {processor.py:186} INFO - Started process (PID=12702) to work on /home/patrick/.cache/pypoetry/virtualenvs/airflow-wPbgcfzP-py3.10/lib/python3.10/site-packages/airflow/example_dags/example_python_decorator.py
[2024-10-03T21:29:05.954-0400] {processor.py:914} INFO - Processing file /home/patrick/.cache/pypoetry/virtualenvs/airflow-wPbgcfzP-py3.10/lib/python3.10/site-packages/airflow/example_dags/example_python_decorator.py for tasks to queue
[2024-10-03T21:29:05.956-0400] {logging_mixin.py:190} INFO - [2024-10-03T21:29:05.956-0400] {dagbag.py:588} INFO - Filling up the DagBag from /home/patrick/.cache/pypoetry/virtualenvs/airflow-wPbgcfzP-py3.10/lib/python3.10/site-packages/airflow/example_dags/example_python_decorator.py
[2024-10-03T21:29:06.009-0400] {logging_mixin.py:190} INFO - [2024-10-03T21:29:06.009-0400] {example_python_decorator.py:80} WARNING - The virtalenv_python example task requires virtualenv, please install it.
[2024-10-03T21:29:06.011-0400] {processor.py:925} INFO - DAG(s) 'example_python_decorator' retrieved from /home/patrick/.cache/pypoetry/virtualenvs/airflow-wPbgcfzP-py3.10/lib/python3.10/site-packages/airflow/example_dags/example_python_decorator.py
[2024-10-03T21:29:08.351-0400] {logging_mixin.py:190} INFO - [2024-10-03T21:29:08.351-0400] {dag.py:3239} INFO - Sync 1 DAGs
[2024-10-03T21:29:08.519-0400] {logging_mixin.py:190} INFO - [2024-10-03T21:29:08.518-0400] {dag.py:4180} INFO - Setting next_dagrun for example_python_decorator to None, run_after=None
[2024-10-03T21:29:09.308-0400] {processor.py:208} INFO - Processing /home/patrick/.cache/pypoetry/virtualenvs/airflow-wPbgcfzP-py3.10/lib/python3.10/site-packages/airflow/example_dags/example_python_decorator.py took 3.358 seconds
[2024-10-03T21:33:00.895-0400] {processor.py:186} INFO - Started process (PID=13695) to work on /home/patrick/.cache/pypoetry/virtualenvs/airflow-wPbgcfzP-py3.10/lib/python3.10/site-packages/airflow/example_dags/example_python_decorator.py
[2024-10-03T21:33:00.897-0400] {processor.py:914} INFO - Processing file /home/patrick/.cache/pypoetry/virtualenvs/airflow-wPbgcfzP-py3.10/lib/python3.10/site-packages/airflow/example_dags/example_python_decorator.py for tasks to queue
[2024-10-03T21:33:00.899-0400] {logging_mixin.py:190} INFO - [2024-10-03T21:33:00.899-0400] {dagbag.py:588} INFO - Filling up the DagBag from /home/patrick/.cache/pypoetry/virtualenvs/airflow-wPbgcfzP-py3.10/lib/python3.10/site-packages/airflow/example_dags/example_python_decorator.py
[2024-10-03T21:33:01.282-0400] {logging_mixin.py:190} INFO - [2024-10-03T21:33:01.282-0400] {example_python_decorator.py:80} WARNING - The virtalenv_python example task requires virtualenv, please install it.
[2024-10-03T21:33:01.284-0400] {processor.py:925} INFO - DAG(s) 'example_python_decorator' retrieved from /home/patrick/.cache/pypoetry/virtualenvs/airflow-wPbgcfzP-py3.10/lib/python3.10/site-packages/airflow/example_dags/example_python_decorator.py
[2024-10-03T21:33:05.238-0400] {logging_mixin.py:190} INFO - [2024-10-03T21:33:05.238-0400] {dag.py:3239} INFO - Sync 1 DAGs
[2024-10-03T21:33:05.366-0400] {logging_mixin.py:190} INFO - [2024-10-03T21:33:05.365-0400] {dag.py:4180} INFO - Setting next_dagrun for example_python_decorator to None, run_after=None
[2024-10-03T21:33:05.998-0400] {processor.py:208} INFO - Processing /home/patrick/.cache/pypoetry/virtualenvs/airflow-wPbgcfzP-py3.10/lib/python3.10/site-packages/airflow/example_dags/example_python_decorator.py took 5.107 seconds
[2024-10-03T21:35:51.780-0400] {processor.py:186} INFO - Started process (PID=14497) to work on /home/patrick/.cache/pypoetry/virtualenvs/airflow-wPbgcfzP-py3.10/lib/python3.10/site-packages/airflow/example_dags/example_python_decorator.py
[2024-10-03T21:35:51.781-0400] {processor.py:914} INFO - Processing file /home/patrick/.cache/pypoetry/virtualenvs/airflow-wPbgcfzP-py3.10/lib/python3.10/site-packages/airflow/example_dags/example_python_decorator.py for tasks to queue
[2024-10-03T21:35:51.788-0400] {logging_mixin.py:190} INFO - [2024-10-03T21:35:51.788-0400] {dagbag.py:588} INFO - Filling up the DagBag from /home/patrick/.cache/pypoetry/virtualenvs/airflow-wPbgcfzP-py3.10/lib/python3.10/site-packages/airflow/example_dags/example_python_decorator.py
[2024-10-03T21:35:51.885-0400] {logging_mixin.py:190} INFO - [2024-10-03T21:35:51.885-0400] {example_python_decorator.py:80} WARNING - The virtalenv_python example task requires virtualenv, please install it.
[2024-10-03T21:35:51.887-0400] {processor.py:925} INFO - DAG(s) 'example_python_decorator' retrieved from /home/patrick/.cache/pypoetry/virtualenvs/airflow-wPbgcfzP-py3.10/lib/python3.10/site-packages/airflow/example_dags/example_python_decorator.py
[2024-10-03T21:35:58.533-0400] {logging_mixin.py:190} INFO - [2024-10-03T21:35:58.532-0400] {dag.py:3239} INFO - Sync 1 DAGs
[2024-10-03T21:35:58.797-0400] {logging_mixin.py:190} INFO - [2024-10-03T21:35:58.797-0400] {dag.py:4180} INFO - Setting next_dagrun for example_python_decorator to None, run_after=None
[2024-10-03T21:35:59.470-0400] {processor.py:208} INFO - Processing /home/patrick/.cache/pypoetry/virtualenvs/airflow-wPbgcfzP-py3.10/lib/python3.10/site-packages/airflow/example_dags/example_python_decorator.py took 7.694 seconds
[2024-10-03T21:39:08.997-0400] {processor.py:186} INFO - Started process (PID=15401) to work on /home/patrick/.cache/pypoetry/virtualenvs/airflow-wPbgcfzP-py3.10/lib/python3.10/site-packages/airflow/example_dags/example_python_decorator.py
[2024-10-03T21:39:08.998-0400] {processor.py:914} INFO - Processing file /home/patrick/.cache/pypoetry/virtualenvs/airflow-wPbgcfzP-py3.10/lib/python3.10/site-packages/airflow/example_dags/example_python_decorator.py for tasks to queue
[2024-10-03T21:39:09.000-0400] {logging_mixin.py:190} INFO - [2024-10-03T21:39:08.999-0400] {dagbag.py:588} INFO - Filling up the DagBag from /home/patrick/.cache/pypoetry/virtualenvs/airflow-wPbgcfzP-py3.10/lib/python3.10/site-packages/airflow/example_dags/example_python_decorator.py
[2024-10-03T21:39:09.058-0400] {logging_mixin.py:190} INFO - [2024-10-03T21:39:09.058-0400] {example_python_decorator.py:80} WARNING - The virtalenv_python example task requires virtualenv, please install it.
[2024-10-03T21:39:09.060-0400] {processor.py:925} INFO - DAG(s) 'example_python_decorator' retrieved from /home/patrick/.cache/pypoetry/virtualenvs/airflow-wPbgcfzP-py3.10/lib/python3.10/site-packages/airflow/example_dags/example_python_decorator.py
[2024-10-03T21:39:13.529-0400] {logging_mixin.py:190} INFO - [2024-10-03T21:39:13.528-0400] {dag.py:3239} INFO - Sync 1 DAGs
[2024-10-03T21:39:13.618-0400] {logging_mixin.py:190} INFO - [2024-10-03T21:39:13.617-0400] {dag.py:4180} INFO - Setting next_dagrun for example_python_decorator to None, run_after=None
[2024-10-03T21:39:14.239-0400] {processor.py:208} INFO - Processing /home/patrick/.cache/pypoetry/virtualenvs/airflow-wPbgcfzP-py3.10/lib/python3.10/site-packages/airflow/example_dags/example_python_decorator.py took 5.245 seconds
[2024-10-03T21:41:37.310-0400] {processor.py:186} INFO - Started process (PID=16066) to work on /home/patrick/.cache/pypoetry/virtualenvs/airflow-wPbgcfzP-py3.10/lib/python3.10/site-packages/airflow/example_dags/example_python_decorator.py
[2024-10-03T21:41:37.311-0400] {processor.py:914} INFO - Processing file /home/patrick/.cache/pypoetry/virtualenvs/airflow-wPbgcfzP-py3.10/lib/python3.10/site-packages/airflow/example_dags/example_python_decorator.py for tasks to queue
[2024-10-03T21:41:37.312-0400] {logging_mixin.py:190} INFO - [2024-10-03T21:41:37.312-0400] {dagbag.py:588} INFO - Filling up the DagBag from /home/patrick/.cache/pypoetry/virtualenvs/airflow-wPbgcfzP-py3.10/lib/python3.10/site-packages/airflow/example_dags/example_python_decorator.py
[2024-10-03T21:41:37.379-0400] {logging_mixin.py:190} INFO - [2024-10-03T21:41:37.379-0400] {example_python_decorator.py:80} WARNING - The virtalenv_python example task requires virtualenv, please install it.
[2024-10-03T21:41:37.381-0400] {processor.py:925} INFO - DAG(s) 'example_python_decorator' retrieved from /home/patrick/.cache/pypoetry/virtualenvs/airflow-wPbgcfzP-py3.10/lib/python3.10/site-packages/airflow/example_dags/example_python_decorator.py
[2024-10-03T21:41:42.549-0400] {logging_mixin.py:190} INFO - [2024-10-03T21:41:42.549-0400] {dag.py:3239} INFO - Sync 1 DAGs
[2024-10-03T21:41:42.804-0400] {logging_mixin.py:190} INFO - [2024-10-03T21:41:42.803-0400] {dag.py:4180} INFO - Setting next_dagrun for example_python_decorator to None, run_after=None
[2024-10-03T21:41:43.462-0400] {processor.py:208} INFO - Processing /home/patrick/.cache/pypoetry/virtualenvs/airflow-wPbgcfzP-py3.10/lib/python3.10/site-packages/airflow/example_dags/example_python_decorator.py took 6.156 seconds
[2024-10-03T21:44:38.178-0400] {processor.py:186} INFO - Started process (PID=16865) to work on /home/patrick/.cache/pypoetry/virtualenvs/airflow-wPbgcfzP-py3.10/lib/python3.10/site-packages/airflow/example_dags/example_python_decorator.py
[2024-10-03T21:44:38.179-0400] {processor.py:914} INFO - Processing file /home/patrick/.cache/pypoetry/virtualenvs/airflow-wPbgcfzP-py3.10/lib/python3.10/site-packages/airflow/example_dags/example_python_decorator.py for tasks to queue
[2024-10-03T21:44:38.181-0400] {logging_mixin.py:190} INFO - [2024-10-03T21:44:38.181-0400] {dagbag.py:588} INFO - Filling up the DagBag from /home/patrick/.cache/pypoetry/virtualenvs/airflow-wPbgcfzP-py3.10/lib/python3.10/site-packages/airflow/example_dags/example_python_decorator.py
[2024-10-03T21:44:38.244-0400] {logging_mixin.py:190} INFO - [2024-10-03T21:44:38.244-0400] {example_python_decorator.py:80} WARNING - The virtalenv_python example task requires virtualenv, please install it.
[2024-10-03T21:44:38.246-0400] {processor.py:925} INFO - DAG(s) 'example_python_decorator' retrieved from /home/patrick/.cache/pypoetry/virtualenvs/airflow-wPbgcfzP-py3.10/lib/python3.10/site-packages/airflow/example_dags/example_python_decorator.py
[2024-10-03T21:44:42.971-0400] {logging_mixin.py:190} INFO - [2024-10-03T21:44:42.971-0400] {dag.py:3239} INFO - Sync 1 DAGs
[2024-10-03T21:44:43.022-0400] {logging_mixin.py:190} INFO - [2024-10-03T21:44:43.022-0400] {dag.py:4180} INFO - Setting next_dagrun for example_python_decorator to None, run_after=None
[2024-10-03T21:44:43.584-0400] {processor.py:208} INFO - Processing /home/patrick/.cache/pypoetry/virtualenvs/airflow-wPbgcfzP-py3.10/lib/python3.10/site-packages/airflow/example_dags/example_python_decorator.py took 5.410 seconds
[2024-10-03T21:47:14.040-0400] {processor.py:186} INFO - Started process (PID=17586) to work on /home/patrick/.cache/pypoetry/virtualenvs/airflow-wPbgcfzP-py3.10/lib/python3.10/site-packages/airflow/example_dags/example_python_decorator.py
[2024-10-03T21:47:14.041-0400] {processor.py:914} INFO - Processing file /home/patrick/.cache/pypoetry/virtualenvs/airflow-wPbgcfzP-py3.10/lib/python3.10/site-packages/airflow/example_dags/example_python_decorator.py for tasks to queue
[2024-10-03T21:47:14.046-0400] {logging_mixin.py:190} INFO - [2024-10-03T21:47:14.045-0400] {dagbag.py:588} INFO - Filling up the DagBag from /home/patrick/.cache/pypoetry/virtualenvs/airflow-wPbgcfzP-py3.10/lib/python3.10/site-packages/airflow/example_dags/example_python_decorator.py
[2024-10-03T21:47:14.136-0400] {logging_mixin.py:190} INFO - [2024-10-03T21:47:14.136-0400] {example_python_decorator.py:80} WARNING - The virtalenv_python example task requires virtualenv, please install it.
[2024-10-03T21:47:14.138-0400] {processor.py:925} INFO - DAG(s) 'example_python_decorator' retrieved from /home/patrick/.cache/pypoetry/virtualenvs/airflow-wPbgcfzP-py3.10/lib/python3.10/site-packages/airflow/example_dags/example_python_decorator.py
[2024-10-03T21:47:17.473-0400] {logging_mixin.py:190} INFO - [2024-10-03T21:47:17.473-0400] {dag.py:3239} INFO - Sync 1 DAGs
[2024-10-03T21:47:17.603-0400] {logging_mixin.py:190} INFO - [2024-10-03T21:47:17.602-0400] {dag.py:4180} INFO - Setting next_dagrun for example_python_decorator to None, run_after=None
[2024-10-03T21:47:18.228-0400] {processor.py:208} INFO - Processing /home/patrick/.cache/pypoetry/virtualenvs/airflow-wPbgcfzP-py3.10/lib/python3.10/site-packages/airflow/example_dags/example_python_decorator.py took 4.192 seconds
[2024-10-03T21:51:20.316-0400] {processor.py:186} INFO - Started process (PID=18640) to work on /home/patrick/.cache/pypoetry/virtualenvs/airflow-wPbgcfzP-py3.10/lib/python3.10/site-packages/airflow/example_dags/example_python_decorator.py
[2024-10-03T21:51:20.318-0400] {processor.py:914} INFO - Processing file /home/patrick/.cache/pypoetry/virtualenvs/airflow-wPbgcfzP-py3.10/lib/python3.10/site-packages/airflow/example_dags/example_python_decorator.py for tasks to queue
[2024-10-03T21:51:20.319-0400] {logging_mixin.py:190} INFO - [2024-10-03T21:51:20.319-0400] {dagbag.py:588} INFO - Filling up the DagBag from /home/patrick/.cache/pypoetry/virtualenvs/airflow-wPbgcfzP-py3.10/lib/python3.10/site-packages/airflow/example_dags/example_python_decorator.py
[2024-10-03T21:51:20.382-0400] {logging_mixin.py:190} INFO - [2024-10-03T21:51:20.382-0400] {example_python_decorator.py:80} WARNING - The virtalenv_python example task requires virtualenv, please install it.
[2024-10-03T21:51:20.384-0400] {processor.py:925} INFO - DAG(s) 'example_python_decorator' retrieved from /home/patrick/.cache/pypoetry/virtualenvs/airflow-wPbgcfzP-py3.10/lib/python3.10/site-packages/airflow/example_dags/example_python_decorator.py
[2024-10-03T21:51:22.529-0400] {logging_mixin.py:190} INFO - [2024-10-03T21:51:22.529-0400] {dag.py:3239} INFO - Sync 1 DAGs
[2024-10-03T21:51:22.658-0400] {logging_mixin.py:190} INFO - [2024-10-03T21:51:22.657-0400] {dag.py:4180} INFO - Setting next_dagrun for example_python_decorator to None, run_after=None
[2024-10-03T21:51:23.280-0400] {processor.py:208} INFO - Processing /home/patrick/.cache/pypoetry/virtualenvs/airflow-wPbgcfzP-py3.10/lib/python3.10/site-packages/airflow/example_dags/example_python_decorator.py took 2.967 seconds
[2024-10-03T21:55:15.363-0400] {processor.py:186} INFO - Started process (PID=19647) to work on /home/patrick/.cache/pypoetry/virtualenvs/airflow-wPbgcfzP-py3.10/lib/python3.10/site-packages/airflow/example_dags/example_python_decorator.py
[2024-10-03T21:55:15.364-0400] {processor.py:914} INFO - Processing file /home/patrick/.cache/pypoetry/virtualenvs/airflow-wPbgcfzP-py3.10/lib/python3.10/site-packages/airflow/example_dags/example_python_decorator.py for tasks to queue
[2024-10-03T21:55:15.366-0400] {logging_mixin.py:190} INFO - [2024-10-03T21:55:15.366-0400] {dagbag.py:588} INFO - Filling up the DagBag from /home/patrick/.cache/pypoetry/virtualenvs/airflow-wPbgcfzP-py3.10/lib/python3.10/site-packages/airflow/example_dags/example_python_decorator.py
[2024-10-03T21:55:15.429-0400] {logging_mixin.py:190} INFO - [2024-10-03T21:55:15.428-0400] {example_python_decorator.py:80} WARNING - The virtalenv_python example task requires virtualenv, please install it.
[2024-10-03T21:55:15.431-0400] {processor.py:925} INFO - DAG(s) 'example_python_decorator' retrieved from /home/patrick/.cache/pypoetry/virtualenvs/airflow-wPbgcfzP-py3.10/lib/python3.10/site-packages/airflow/example_dags/example_python_decorator.py
[2024-10-03T21:55:17.248-0400] {logging_mixin.py:190} INFO - [2024-10-03T21:55:17.248-0400] {dag.py:3239} INFO - Sync 1 DAGs
[2024-10-03T21:55:17.302-0400] {logging_mixin.py:190} INFO - [2024-10-03T21:55:17.301-0400] {dag.py:4180} INFO - Setting next_dagrun for example_python_decorator to None, run_after=None
[2024-10-03T21:55:17.871-0400] {processor.py:208} INFO - Processing /home/patrick/.cache/pypoetry/virtualenvs/airflow-wPbgcfzP-py3.10/lib/python3.10/site-packages/airflow/example_dags/example_python_decorator.py took 2.512 seconds
[2024-10-03T21:59:09.350-0400] {processor.py:186} INFO - Started process (PID=20655) to work on /home/patrick/.cache/pypoetry/virtualenvs/airflow-wPbgcfzP-py3.10/lib/python3.10/site-packages/airflow/example_dags/example_python_decorator.py
[2024-10-03T21:59:09.351-0400] {processor.py:914} INFO - Processing file /home/patrick/.cache/pypoetry/virtualenvs/airflow-wPbgcfzP-py3.10/lib/python3.10/site-packages/airflow/example_dags/example_python_decorator.py for tasks to queue
[2024-10-03T21:59:09.352-0400] {logging_mixin.py:190} INFO - [2024-10-03T21:59:09.352-0400] {dagbag.py:588} INFO - Filling up the DagBag from /home/patrick/.cache/pypoetry/virtualenvs/airflow-wPbgcfzP-py3.10/lib/python3.10/site-packages/airflow/example_dags/example_python_decorator.py
[2024-10-03T21:59:09.411-0400] {logging_mixin.py:190} INFO - [2024-10-03T21:59:09.410-0400] {example_python_decorator.py:80} WARNING - The virtalenv_python example task requires virtualenv, please install it.
[2024-10-03T21:59:09.412-0400] {processor.py:925} INFO - DAG(s) 'example_python_decorator' retrieved from /home/patrick/.cache/pypoetry/virtualenvs/airflow-wPbgcfzP-py3.10/lib/python3.10/site-packages/airflow/example_dags/example_python_decorator.py
[2024-10-03T21:59:12.640-0400] {logging_mixin.py:190} INFO - [2024-10-03T21:59:12.640-0400] {dag.py:3239} INFO - Sync 1 DAGs
[2024-10-03T21:59:12.800-0400] {logging_mixin.py:190} INFO - [2024-10-03T21:59:12.800-0400] {dag.py:4180} INFO - Setting next_dagrun for example_python_decorator to None, run_after=None
[2024-10-03T21:59:13.447-0400] {processor.py:208} INFO - Processing /home/patrick/.cache/pypoetry/virtualenvs/airflow-wPbgcfzP-py3.10/lib/python3.10/site-packages/airflow/example_dags/example_python_decorator.py took 4.101 seconds
[2024-10-03T22:03:30.242-0400] {processor.py:186} INFO - Started process (PID=21766) to work on /home/patrick/.cache/pypoetry/virtualenvs/airflow-wPbgcfzP-py3.10/lib/python3.10/site-packages/airflow/example_dags/example_python_decorator.py
[2024-10-03T22:03:30.243-0400] {processor.py:914} INFO - Processing file /home/patrick/.cache/pypoetry/virtualenvs/airflow-wPbgcfzP-py3.10/lib/python3.10/site-packages/airflow/example_dags/example_python_decorator.py for tasks to queue
[2024-10-03T22:03:30.244-0400] {logging_mixin.py:190} INFO - [2024-10-03T22:03:30.244-0400] {dagbag.py:588} INFO - Filling up the DagBag from /home/patrick/.cache/pypoetry/virtualenvs/airflow-wPbgcfzP-py3.10/lib/python3.10/site-packages/airflow/example_dags/example_python_decorator.py
[2024-10-03T22:03:30.296-0400] {logging_mixin.py:190} INFO - [2024-10-03T22:03:30.295-0400] {example_python_decorator.py:80} WARNING - The virtalenv_python example task requires virtualenv, please install it.
[2024-10-03T22:03:30.297-0400] {processor.py:925} INFO - DAG(s) 'example_python_decorator' retrieved from /home/patrick/.cache/pypoetry/virtualenvs/airflow-wPbgcfzP-py3.10/lib/python3.10/site-packages/airflow/example_dags/example_python_decorator.py
[2024-10-03T22:03:35.460-0400] {logging_mixin.py:190} INFO - [2024-10-03T22:03:35.460-0400] {dag.py:3239} INFO - Sync 1 DAGs
[2024-10-03T22:03:35.930-0400] {logging_mixin.py:190} INFO - [2024-10-03T22:03:35.929-0400] {dag.py:4180} INFO - Setting next_dagrun for example_python_decorator to None, run_after=None
[2024-10-03T22:03:36.564-0400] {processor.py:208} INFO - Processing /home/patrick/.cache/pypoetry/virtualenvs/airflow-wPbgcfzP-py3.10/lib/python3.10/site-packages/airflow/example_dags/example_python_decorator.py took 6.326 seconds
[2024-10-03T22:05:51.263-0400] {processor.py:186} INFO - Started process (PID=22366) to work on /home/patrick/.cache/pypoetry/virtualenvs/airflow-wPbgcfzP-py3.10/lib/python3.10/site-packages/airflow/example_dags/example_python_decorator.py
[2024-10-03T22:05:51.264-0400] {processor.py:914} INFO - Processing file /home/patrick/.cache/pypoetry/virtualenvs/airflow-wPbgcfzP-py3.10/lib/python3.10/site-packages/airflow/example_dags/example_python_decorator.py for tasks to queue
[2024-10-03T22:05:51.268-0400] {logging_mixin.py:190} INFO - [2024-10-03T22:05:51.268-0400] {dagbag.py:588} INFO - Filling up the DagBag from /home/patrick/.cache/pypoetry/virtualenvs/airflow-wPbgcfzP-py3.10/lib/python3.10/site-packages/airflow/example_dags/example_python_decorator.py
[2024-10-03T22:05:51.722-0400] {logging_mixin.py:190} INFO - [2024-10-03T22:05:51.722-0400] {example_python_decorator.py:80} WARNING - The virtalenv_python example task requires virtualenv, please install it.
[2024-10-03T22:05:51.725-0400] {processor.py:925} INFO - DAG(s) 'example_python_decorator' retrieved from /home/patrick/.cache/pypoetry/virtualenvs/airflow-wPbgcfzP-py3.10/lib/python3.10/site-packages/airflow/example_dags/example_python_decorator.py
[2024-10-03T22:05:54.176-0400] {logging_mixin.py:190} INFO - [2024-10-03T22:05:54.176-0400] {dag.py:3239} INFO - Sync 1 DAGs
[2024-10-03T22:05:54.278-0400] {logging_mixin.py:190} INFO - [2024-10-03T22:05:54.278-0400] {dag.py:4180} INFO - Setting next_dagrun for example_python_decorator to None, run_after=None
[2024-10-03T22:05:54.896-0400] {processor.py:208} INFO - Processing /home/patrick/.cache/pypoetry/virtualenvs/airflow-wPbgcfzP-py3.10/lib/python3.10/site-packages/airflow/example_dags/example_python_decorator.py took 3.637 seconds
[2024-10-03T22:08:06.361-0400] {processor.py:186} INFO - Started process (PID=22942) to work on /home/patrick/.cache/pypoetry/virtualenvs/airflow-wPbgcfzP-py3.10/lib/python3.10/site-packages/airflow/example_dags/example_python_decorator.py
[2024-10-03T22:08:06.362-0400] {processor.py:914} INFO - Processing file /home/patrick/.cache/pypoetry/virtualenvs/airflow-wPbgcfzP-py3.10/lib/python3.10/site-packages/airflow/example_dags/example_python_decorator.py for tasks to queue
[2024-10-03T22:08:06.364-0400] {logging_mixin.py:190} INFO - [2024-10-03T22:08:06.364-0400] {dagbag.py:588} INFO - Filling up the DagBag from /home/patrick/.cache/pypoetry/virtualenvs/airflow-wPbgcfzP-py3.10/lib/python3.10/site-packages/airflow/example_dags/example_python_decorator.py
[2024-10-03T22:08:06.431-0400] {logging_mixin.py:190} INFO - [2024-10-03T22:08:06.431-0400] {example_python_decorator.py:80} WARNING - The virtalenv_python example task requires virtualenv, please install it.
[2024-10-03T22:08:06.433-0400] {processor.py:925} INFO - DAG(s) 'example_python_decorator' retrieved from /home/patrick/.cache/pypoetry/virtualenvs/airflow-wPbgcfzP-py3.10/lib/python3.10/site-packages/airflow/example_dags/example_python_decorator.py
[2024-10-03T22:08:11.449-0400] {logging_mixin.py:190} INFO - [2024-10-03T22:08:11.449-0400] {dag.py:3239} INFO - Sync 1 DAGs
[2024-10-03T22:08:11.514-0400] {logging_mixin.py:190} INFO - [2024-10-03T22:08:11.513-0400] {dag.py:4180} INFO - Setting next_dagrun for example_python_decorator to None, run_after=None
[2024-10-03T22:08:12.276-0400] {processor.py:208} INFO - Processing /home/patrick/.cache/pypoetry/virtualenvs/airflow-wPbgcfzP-py3.10/lib/python3.10/site-packages/airflow/example_dags/example_python_decorator.py took 5.918 seconds
[2024-10-03T22:11:03.271-0400] {processor.py:186} INFO - Started process (PID=23758) to work on /home/patrick/.cache/pypoetry/virtualenvs/airflow-wPbgcfzP-py3.10/lib/python3.10/site-packages/airflow/example_dags/example_python_decorator.py
[2024-10-03T22:11:03.272-0400] {processor.py:914} INFO - Processing file /home/patrick/.cache/pypoetry/virtualenvs/airflow-wPbgcfzP-py3.10/lib/python3.10/site-packages/airflow/example_dags/example_python_decorator.py for tasks to queue
[2024-10-03T22:11:03.273-0400] {logging_mixin.py:190} INFO - [2024-10-03T22:11:03.273-0400] {dagbag.py:588} INFO - Filling up the DagBag from /home/patrick/.cache/pypoetry/virtualenvs/airflow-wPbgcfzP-py3.10/lib/python3.10/site-packages/airflow/example_dags/example_python_decorator.py
[2024-10-03T22:11:03.332-0400] {logging_mixin.py:190} INFO - [2024-10-03T22:11:03.332-0400] {example_python_decorator.py:80} WARNING - The virtalenv_python example task requires virtualenv, please install it.
[2024-10-03T22:11:03.333-0400] {processor.py:925} INFO - DAG(s) 'example_python_decorator' retrieved from /home/patrick/.cache/pypoetry/virtualenvs/airflow-wPbgcfzP-py3.10/lib/python3.10/site-packages/airflow/example_dags/example_python_decorator.py
[2024-10-03T22:11:08.932-0400] {logging_mixin.py:190} INFO - [2024-10-03T22:11:08.931-0400] {dag.py:3239} INFO - Sync 1 DAGs
[2024-10-03T22:11:08.999-0400] {logging_mixin.py:190} INFO - [2024-10-03T22:11:08.999-0400] {dag.py:4180} INFO - Setting next_dagrun for example_python_decorator to None, run_after=None
[2024-10-03T22:11:09.650-0400] {processor.py:208} INFO - Processing /home/patrick/.cache/pypoetry/virtualenvs/airflow-wPbgcfzP-py3.10/lib/python3.10/site-packages/airflow/example_dags/example_python_decorator.py took 6.383 seconds
[2024-10-03T22:14:38.551-0400] {processor.py:186} INFO - Started process (PID=24745) to work on /home/patrick/.cache/pypoetry/virtualenvs/airflow-wPbgcfzP-py3.10/lib/python3.10/site-packages/airflow/example_dags/example_python_decorator.py
[2024-10-03T22:14:38.552-0400] {processor.py:914} INFO - Processing file /home/patrick/.cache/pypoetry/virtualenvs/airflow-wPbgcfzP-py3.10/lib/python3.10/site-packages/airflow/example_dags/example_python_decorator.py for tasks to queue
[2024-10-03T22:14:38.571-0400] {logging_mixin.py:190} INFO - [2024-10-03T22:14:38.571-0400] {dagbag.py:588} INFO - Filling up the DagBag from /home/patrick/.cache/pypoetry/virtualenvs/airflow-wPbgcfzP-py3.10/lib/python3.10/site-packages/airflow/example_dags/example_python_decorator.py
[2024-10-03T22:14:38.701-0400] {logging_mixin.py:190} INFO - [2024-10-03T22:14:38.700-0400] {example_python_decorator.py:80} WARNING - The virtalenv_python example task requires virtualenv, please install it.
[2024-10-03T22:14:38.703-0400] {processor.py:925} INFO - DAG(s) 'example_python_decorator' retrieved from /home/patrick/.cache/pypoetry/virtualenvs/airflow-wPbgcfzP-py3.10/lib/python3.10/site-packages/airflow/example_dags/example_python_decorator.py
[2024-10-03T22:14:42.472-0400] {logging_mixin.py:190} INFO - [2024-10-03T22:14:42.471-0400] {dag.py:3239} INFO - Sync 1 DAGs
[2024-10-03T22:14:42.541-0400] {logging_mixin.py:190} INFO - [2024-10-03T22:14:42.541-0400] {dag.py:4180} INFO - Setting next_dagrun for example_python_decorator to None, run_after=None
[2024-10-03T22:14:43.124-0400] {processor.py:208} INFO - Processing /home/patrick/.cache/pypoetry/virtualenvs/airflow-wPbgcfzP-py3.10/lib/python3.10/site-packages/airflow/example_dags/example_python_decorator.py took 4.578 seconds
[2024-10-03T22:17:33.609-0400] {processor.py:186} INFO - Started process (PID=25516) to work on /home/patrick/.cache/pypoetry/virtualenvs/airflow-wPbgcfzP-py3.10/lib/python3.10/site-packages/airflow/example_dags/example_python_decorator.py
[2024-10-03T22:17:33.610-0400] {processor.py:914} INFO - Processing file /home/patrick/.cache/pypoetry/virtualenvs/airflow-wPbgcfzP-py3.10/lib/python3.10/site-packages/airflow/example_dags/example_python_decorator.py for tasks to queue
[2024-10-03T22:17:33.611-0400] {logging_mixin.py:190} INFO - [2024-10-03T22:17:33.611-0400] {dagbag.py:588} INFO - Filling up the DagBag from /home/patrick/.cache/pypoetry/virtualenvs/airflow-wPbgcfzP-py3.10/lib/python3.10/site-packages/airflow/example_dags/example_python_decorator.py
[2024-10-03T22:17:33.701-0400] {logging_mixin.py:190} INFO - [2024-10-03T22:17:33.700-0400] {example_python_decorator.py:80} WARNING - The virtalenv_python example task requires virtualenv, please install it.
[2024-10-03T22:17:33.703-0400] {processor.py:925} INFO - DAG(s) 'example_python_decorator' retrieved from /home/patrick/.cache/pypoetry/virtualenvs/airflow-wPbgcfzP-py3.10/lib/python3.10/site-packages/airflow/example_dags/example_python_decorator.py
[2024-10-03T22:17:35.277-0400] {logging_mixin.py:190} INFO - [2024-10-03T22:17:35.277-0400] {dag.py:3239} INFO - Sync 1 DAGs
[2024-10-03T22:17:35.402-0400] {logging_mixin.py:190} INFO - [2024-10-03T22:17:35.402-0400] {dag.py:4180} INFO - Setting next_dagrun for example_python_decorator to None, run_after=None
[2024-10-03T22:17:35.992-0400] {processor.py:208} INFO - Processing /home/patrick/.cache/pypoetry/virtualenvs/airflow-wPbgcfzP-py3.10/lib/python3.10/site-packages/airflow/example_dags/example_python_decorator.py took 2.387 seconds
[2024-10-03T22:20:56.230-0400] {processor.py:186} INFO - Started process (PID=26424) to work on /home/patrick/.cache/pypoetry/virtualenvs/airflow-wPbgcfzP-py3.10/lib/python3.10/site-packages/airflow/example_dags/example_python_decorator.py
[2024-10-03T22:20:56.231-0400] {processor.py:914} INFO - Processing file /home/patrick/.cache/pypoetry/virtualenvs/airflow-wPbgcfzP-py3.10/lib/python3.10/site-packages/airflow/example_dags/example_python_decorator.py for tasks to queue
[2024-10-03T22:20:56.232-0400] {logging_mixin.py:190} INFO - [2024-10-03T22:20:56.232-0400] {dagbag.py:588} INFO - Filling up the DagBag from /home/patrick/.cache/pypoetry/virtualenvs/airflow-wPbgcfzP-py3.10/lib/python3.10/site-packages/airflow/example_dags/example_python_decorator.py
[2024-10-03T22:20:56.317-0400] {logging_mixin.py:190} INFO - [2024-10-03T22:20:56.316-0400] {example_python_decorator.py:80} WARNING - The virtalenv_python example task requires virtualenv, please install it.
[2024-10-03T22:20:56.318-0400] {processor.py:925} INFO - DAG(s) 'example_python_decorator' retrieved from /home/patrick/.cache/pypoetry/virtualenvs/airflow-wPbgcfzP-py3.10/lib/python3.10/site-packages/airflow/example_dags/example_python_decorator.py
[2024-10-03T22:20:58.420-0400] {logging_mixin.py:190} INFO - [2024-10-03T22:20:58.420-0400] {dag.py:3239} INFO - Sync 1 DAGs
[2024-10-03T22:20:58.488-0400] {logging_mixin.py:190} INFO - [2024-10-03T22:20:58.488-0400] {dag.py:4180} INFO - Setting next_dagrun for example_python_decorator to None, run_after=None
[2024-10-03T22:20:59.089-0400] {processor.py:208} INFO - Processing /home/patrick/.cache/pypoetry/virtualenvs/airflow-wPbgcfzP-py3.10/lib/python3.10/site-packages/airflow/example_dags/example_python_decorator.py took 2.862 seconds
[2024-10-03T22:23:26.514-0400] {processor.py:186} INFO - Started process (PID=27104) to work on /home/patrick/.cache/pypoetry/virtualenvs/airflow-wPbgcfzP-py3.10/lib/python3.10/site-packages/airflow/example_dags/example_python_decorator.py
[2024-10-03T22:23:26.515-0400] {processor.py:914} INFO - Processing file /home/patrick/.cache/pypoetry/virtualenvs/airflow-wPbgcfzP-py3.10/lib/python3.10/site-packages/airflow/example_dags/example_python_decorator.py for tasks to queue
[2024-10-03T22:23:26.516-0400] {logging_mixin.py:190} INFO - [2024-10-03T22:23:26.516-0400] {dagbag.py:588} INFO - Filling up the DagBag from /home/patrick/.cache/pypoetry/virtualenvs/airflow-wPbgcfzP-py3.10/lib/python3.10/site-packages/airflow/example_dags/example_python_decorator.py
[2024-10-03T22:23:26.583-0400] {logging_mixin.py:190} INFO - [2024-10-03T22:23:26.583-0400] {example_python_decorator.py:80} WARNING - The virtalenv_python example task requires virtualenv, please install it.
[2024-10-03T22:23:26.585-0400] {processor.py:925} INFO - DAG(s) 'example_python_decorator' retrieved from /home/patrick/.cache/pypoetry/virtualenvs/airflow-wPbgcfzP-py3.10/lib/python3.10/site-packages/airflow/example_dags/example_python_decorator.py
[2024-10-03T22:23:31.156-0400] {logging_mixin.py:190} INFO - [2024-10-03T22:23:31.156-0400] {dag.py:3239} INFO - Sync 1 DAGs
[2024-10-03T22:23:31.296-0400] {logging_mixin.py:190} INFO - [2024-10-03T22:23:31.295-0400] {dag.py:4180} INFO - Setting next_dagrun for example_python_decorator to None, run_after=None
[2024-10-03T22:23:32.001-0400] {processor.py:208} INFO - Processing /home/patrick/.cache/pypoetry/virtualenvs/airflow-wPbgcfzP-py3.10/lib/python3.10/site-packages/airflow/example_dags/example_python_decorator.py took 5.491 seconds
[2024-10-03T22:29:12.519-0400] {processor.py:186} INFO - Started process (PID=28651) to work on /home/patrick/.cache/pypoetry/virtualenvs/airflow-wPbgcfzP-py3.10/lib/python3.10/site-packages/airflow/example_dags/example_python_decorator.py
[2024-10-03T22:29:12.520-0400] {processor.py:914} INFO - Processing file /home/patrick/.cache/pypoetry/virtualenvs/airflow-wPbgcfzP-py3.10/lib/python3.10/site-packages/airflow/example_dags/example_python_decorator.py for tasks to queue
[2024-10-03T22:29:12.522-0400] {logging_mixin.py:190} INFO - [2024-10-03T22:29:12.521-0400] {dagbag.py:588} INFO - Filling up the DagBag from /home/patrick/.cache/pypoetry/virtualenvs/airflow-wPbgcfzP-py3.10/lib/python3.10/site-packages/airflow/example_dags/example_python_decorator.py
[2024-10-03T22:29:12.571-0400] {logging_mixin.py:190} INFO - [2024-10-03T22:29:12.571-0400] {example_python_decorator.py:80} WARNING - The virtalenv_python example task requires virtualenv, please install it.
[2024-10-03T22:29:12.573-0400] {processor.py:925} INFO - DAG(s) 'example_python_decorator' retrieved from /home/patrick/.cache/pypoetry/virtualenvs/airflow-wPbgcfzP-py3.10/lib/python3.10/site-packages/airflow/example_dags/example_python_decorator.py
[2024-10-03T22:29:17.698-0400] {logging_mixin.py:190} INFO - [2024-10-03T22:29:17.698-0400] {dag.py:3239} INFO - Sync 1 DAGs
[2024-10-03T22:29:17.842-0400] {logging_mixin.py:190} INFO - [2024-10-03T22:29:17.842-0400] {dag.py:4180} INFO - Setting next_dagrun for example_python_decorator to None, run_after=None
[2024-10-03T22:29:18.533-0400] {processor.py:208} INFO - Processing /home/patrick/.cache/pypoetry/virtualenvs/airflow-wPbgcfzP-py3.10/lib/python3.10/site-packages/airflow/example_dags/example_python_decorator.py took 6.017 seconds
[2024-10-03T22:33:02.201-0400] {processor.py:186} INFO - Started process (PID=29678) to work on /home/patrick/.cache/pypoetry/virtualenvs/airflow-wPbgcfzP-py3.10/lib/python3.10/site-packages/airflow/example_dags/example_python_decorator.py
[2024-10-03T22:33:02.202-0400] {processor.py:914} INFO - Processing file /home/patrick/.cache/pypoetry/virtualenvs/airflow-wPbgcfzP-py3.10/lib/python3.10/site-packages/airflow/example_dags/example_python_decorator.py for tasks to queue
[2024-10-03T22:33:02.203-0400] {logging_mixin.py:190} INFO - [2024-10-03T22:33:02.203-0400] {dagbag.py:588} INFO - Filling up the DagBag from /home/patrick/.cache/pypoetry/virtualenvs/airflow-wPbgcfzP-py3.10/lib/python3.10/site-packages/airflow/example_dags/example_python_decorator.py
[2024-10-03T22:33:02.245-0400] {logging_mixin.py:190} INFO - [2024-10-03T22:33:02.245-0400] {example_python_decorator.py:80} WARNING - The virtalenv_python example task requires virtualenv, please install it.
[2024-10-03T22:33:02.247-0400] {processor.py:925} INFO - DAG(s) 'example_python_decorator' retrieved from /home/patrick/.cache/pypoetry/virtualenvs/airflow-wPbgcfzP-py3.10/lib/python3.10/site-packages/airflow/example_dags/example_python_decorator.py
[2024-10-03T22:33:08.646-0400] {logging_mixin.py:190} INFO - [2024-10-03T22:33:08.645-0400] {dag.py:3239} INFO - Sync 1 DAGs
[2024-10-03T22:33:08.708-0400] {logging_mixin.py:190} INFO - [2024-10-03T22:33:08.707-0400] {dag.py:4180} INFO - Setting next_dagrun for example_python_decorator to None, run_after=None
[2024-10-03T22:33:09.393-0400] {processor.py:208} INFO - Processing /home/patrick/.cache/pypoetry/virtualenvs/airflow-wPbgcfzP-py3.10/lib/python3.10/site-packages/airflow/example_dags/example_python_decorator.py took 7.195 seconds
[2024-10-03T22:38:09.009-0400] {processor.py:186} INFO - Started process (PID=31093) to work on /home/patrick/.cache/pypoetry/virtualenvs/airflow-wPbgcfzP-py3.10/lib/python3.10/site-packages/airflow/example_dags/example_python_decorator.py
[2024-10-03T22:38:09.010-0400] {processor.py:914} INFO - Processing file /home/patrick/.cache/pypoetry/virtualenvs/airflow-wPbgcfzP-py3.10/lib/python3.10/site-packages/airflow/example_dags/example_python_decorator.py for tasks to queue
[2024-10-03T22:38:09.011-0400] {logging_mixin.py:190} INFO - [2024-10-03T22:38:09.011-0400] {dagbag.py:588} INFO - Filling up the DagBag from /home/patrick/.cache/pypoetry/virtualenvs/airflow-wPbgcfzP-py3.10/lib/python3.10/site-packages/airflow/example_dags/example_python_decorator.py
[2024-10-03T22:38:09.126-0400] {logging_mixin.py:190} INFO - [2024-10-03T22:38:09.126-0400] {example_python_decorator.py:80} WARNING - The virtalenv_python example task requires virtualenv, please install it.
[2024-10-03T22:38:09.128-0400] {processor.py:925} INFO - DAG(s) 'example_python_decorator' retrieved from /home/patrick/.cache/pypoetry/virtualenvs/airflow-wPbgcfzP-py3.10/lib/python3.10/site-packages/airflow/example_dags/example_python_decorator.py
[2024-10-03T22:38:19.573-0400] {logging_mixin.py:190} INFO - [2024-10-03T22:38:19.573-0400] {dag.py:3239} INFO - Sync 1 DAGs
[2024-10-03T22:38:20.118-0400] {logging_mixin.py:190} INFO - [2024-10-03T22:38:20.118-0400] {dag.py:4180} INFO - Setting next_dagrun for example_python_decorator to None, run_after=None
[2024-10-03T22:38:21.118-0400] {processor.py:208} INFO - Processing /home/patrick/.cache/pypoetry/virtualenvs/airflow-wPbgcfzP-py3.10/lib/python3.10/site-packages/airflow/example_dags/example_python_decorator.py took 12.113 seconds
[2024-10-03T22:41:56.181-0400] {processor.py:186} INFO - Started process (PID=32164) to work on /home/patrick/.cache/pypoetry/virtualenvs/airflow-wPbgcfzP-py3.10/lib/python3.10/site-packages/airflow/example_dags/example_python_decorator.py
[2024-10-03T22:41:56.182-0400] {processor.py:914} INFO - Processing file /home/patrick/.cache/pypoetry/virtualenvs/airflow-wPbgcfzP-py3.10/lib/python3.10/site-packages/airflow/example_dags/example_python_decorator.py for tasks to queue
[2024-10-03T22:41:56.184-0400] {logging_mixin.py:190} INFO - [2024-10-03T22:41:56.184-0400] {dagbag.py:588} INFO - Filling up the DagBag from /home/patrick/.cache/pypoetry/virtualenvs/airflow-wPbgcfzP-py3.10/lib/python3.10/site-packages/airflow/example_dags/example_python_decorator.py
[2024-10-03T22:41:56.317-0400] {logging_mixin.py:190} INFO - [2024-10-03T22:41:56.317-0400] {example_python_decorator.py:80} WARNING - The virtalenv_python example task requires virtualenv, please install it.
[2024-10-03T22:41:56.319-0400] {processor.py:925} INFO - DAG(s) 'example_python_decorator' retrieved from /home/patrick/.cache/pypoetry/virtualenvs/airflow-wPbgcfzP-py3.10/lib/python3.10/site-packages/airflow/example_dags/example_python_decorator.py
[2024-10-03T22:42:03.788-0400] {logging_mixin.py:190} INFO - [2024-10-03T22:42:03.788-0400] {dag.py:3239} INFO - Sync 1 DAGs
[2024-10-03T22:42:04.244-0400] {logging_mixin.py:190} INFO - [2024-10-03T22:42:04.243-0400] {dag.py:4180} INFO - Setting next_dagrun for example_python_decorator to None, run_after=None
[2024-10-03T22:42:05.224-0400] {processor.py:208} INFO - Processing /home/patrick/.cache/pypoetry/virtualenvs/airflow-wPbgcfzP-py3.10/lib/python3.10/site-packages/airflow/example_dags/example_python_decorator.py took 9.047 seconds
[2024-10-03T22:45:25.698-0400] {processor.py:186} INFO - Started process (PID=33108) to work on /home/patrick/.cache/pypoetry/virtualenvs/airflow-wPbgcfzP-py3.10/lib/python3.10/site-packages/airflow/example_dags/example_python_decorator.py
[2024-10-03T22:45:25.699-0400] {processor.py:914} INFO - Processing file /home/patrick/.cache/pypoetry/virtualenvs/airflow-wPbgcfzP-py3.10/lib/python3.10/site-packages/airflow/example_dags/example_python_decorator.py for tasks to queue
[2024-10-03T22:45:25.701-0400] {logging_mixin.py:190} INFO - [2024-10-03T22:45:25.701-0400] {dagbag.py:588} INFO - Filling up the DagBag from /home/patrick/.cache/pypoetry/virtualenvs/airflow-wPbgcfzP-py3.10/lib/python3.10/site-packages/airflow/example_dags/example_python_decorator.py
[2024-10-03T22:45:25.766-0400] {logging_mixin.py:190} INFO - [2024-10-03T22:45:25.766-0400] {example_python_decorator.py:80} WARNING - The virtalenv_python example task requires virtualenv, please install it.
[2024-10-03T22:45:25.768-0400] {processor.py:925} INFO - DAG(s) 'example_python_decorator' retrieved from /home/patrick/.cache/pypoetry/virtualenvs/airflow-wPbgcfzP-py3.10/lib/python3.10/site-packages/airflow/example_dags/example_python_decorator.py
[2024-10-03T22:45:30.642-0400] {logging_mixin.py:190} INFO - [2024-10-03T22:45:30.641-0400] {dag.py:3239} INFO - Sync 1 DAGs
[2024-10-03T22:45:30.711-0400] {logging_mixin.py:190} INFO - [2024-10-03T22:45:30.710-0400] {dag.py:4180} INFO - Setting next_dagrun for example_python_decorator to None, run_after=None
[2024-10-03T22:45:31.374-0400] {processor.py:208} INFO - Processing /home/patrick/.cache/pypoetry/virtualenvs/airflow-wPbgcfzP-py3.10/lib/python3.10/site-packages/airflow/example_dags/example_python_decorator.py took 5.679 seconds
[2024-10-03T22:48:37.095-0400] {processor.py:186} INFO - Started process (PID=33998) to work on /home/patrick/.cache/pypoetry/virtualenvs/airflow-wPbgcfzP-py3.10/lib/python3.10/site-packages/airflow/example_dags/example_python_decorator.py
[2024-10-03T22:48:37.096-0400] {processor.py:914} INFO - Processing file /home/patrick/.cache/pypoetry/virtualenvs/airflow-wPbgcfzP-py3.10/lib/python3.10/site-packages/airflow/example_dags/example_python_decorator.py for tasks to queue
[2024-10-03T22:48:37.097-0400] {logging_mixin.py:190} INFO - [2024-10-03T22:48:37.097-0400] {dagbag.py:588} INFO - Filling up the DagBag from /home/patrick/.cache/pypoetry/virtualenvs/airflow-wPbgcfzP-py3.10/lib/python3.10/site-packages/airflow/example_dags/example_python_decorator.py
[2024-10-03T22:48:37.151-0400] {logging_mixin.py:190} INFO - [2024-10-03T22:48:37.151-0400] {example_python_decorator.py:80} WARNING - The virtalenv_python example task requires virtualenv, please install it.
[2024-10-03T22:48:37.152-0400] {processor.py:925} INFO - DAG(s) 'example_python_decorator' retrieved from /home/patrick/.cache/pypoetry/virtualenvs/airflow-wPbgcfzP-py3.10/lib/python3.10/site-packages/airflow/example_dags/example_python_decorator.py
[2024-10-03T22:48:39.745-0400] {logging_mixin.py:190} INFO - [2024-10-03T22:48:39.745-0400] {dag.py:3239} INFO - Sync 1 DAGs
[2024-10-03T22:48:39.814-0400] {logging_mixin.py:190} INFO - [2024-10-03T22:48:39.814-0400] {dag.py:4180} INFO - Setting next_dagrun for example_python_decorator to None, run_after=None
[2024-10-03T22:48:40.722-0400] {processor.py:208} INFO - Processing /home/patrick/.cache/pypoetry/virtualenvs/airflow-wPbgcfzP-py3.10/lib/python3.10/site-packages/airflow/example_dags/example_python_decorator.py took 3.631 seconds
[2024-10-03T22:52:05.834-0400] {processor.py:186} INFO - Started process (PID=34967) to work on /home/patrick/.cache/pypoetry/virtualenvs/airflow-wPbgcfzP-py3.10/lib/python3.10/site-packages/airflow/example_dags/example_python_decorator.py
[2024-10-03T22:52:05.836-0400] {processor.py:914} INFO - Processing file /home/patrick/.cache/pypoetry/virtualenvs/airflow-wPbgcfzP-py3.10/lib/python3.10/site-packages/airflow/example_dags/example_python_decorator.py for tasks to queue
[2024-10-03T22:52:05.837-0400] {logging_mixin.py:190} INFO - [2024-10-03T22:52:05.837-0400] {dagbag.py:588} INFO - Filling up the DagBag from /home/patrick/.cache/pypoetry/virtualenvs/airflow-wPbgcfzP-py3.10/lib/python3.10/site-packages/airflow/example_dags/example_python_decorator.py
[2024-10-03T22:52:05.918-0400] {logging_mixin.py:190} INFO - [2024-10-03T22:52:05.917-0400] {example_python_decorator.py:80} WARNING - The virtalenv_python example task requires virtualenv, please install it.
[2024-10-03T22:52:05.919-0400] {processor.py:925} INFO - DAG(s) 'example_python_decorator' retrieved from /home/patrick/.cache/pypoetry/virtualenvs/airflow-wPbgcfzP-py3.10/lib/python3.10/site-packages/airflow/example_dags/example_python_decorator.py
[2024-10-03T22:52:14.123-0400] {logging_mixin.py:190} INFO - [2024-10-03T22:52:14.123-0400] {dag.py:3239} INFO - Sync 1 DAGs
[2024-10-03T22:52:14.252-0400] {logging_mixin.py:190} INFO - [2024-10-03T22:52:14.252-0400] {dag.py:4180} INFO - Setting next_dagrun for example_python_decorator to None, run_after=None
[2024-10-03T22:52:15.033-0400] {processor.py:208} INFO - Processing /home/patrick/.cache/pypoetry/virtualenvs/airflow-wPbgcfzP-py3.10/lib/python3.10/site-packages/airflow/example_dags/example_python_decorator.py took 9.202 seconds
[2024-10-03T22:57:03.413-0400] {processor.py:186} INFO - Started process (PID=36393) to work on /home/patrick/.cache/pypoetry/virtualenvs/airflow-wPbgcfzP-py3.10/lib/python3.10/site-packages/airflow/example_dags/example_python_decorator.py
[2024-10-03T22:57:03.414-0400] {processor.py:914} INFO - Processing file /home/patrick/.cache/pypoetry/virtualenvs/airflow-wPbgcfzP-py3.10/lib/python3.10/site-packages/airflow/example_dags/example_python_decorator.py for tasks to queue
[2024-10-03T22:57:03.415-0400] {logging_mixin.py:190} INFO - [2024-10-03T22:57:03.415-0400] {dagbag.py:588} INFO - Filling up the DagBag from /home/patrick/.cache/pypoetry/virtualenvs/airflow-wPbgcfzP-py3.10/lib/python3.10/site-packages/airflow/example_dags/example_python_decorator.py
[2024-10-03T22:57:03.487-0400] {logging_mixin.py:190} INFO - [2024-10-03T22:57:03.487-0400] {example_python_decorator.py:80} WARNING - The virtalenv_python example task requires virtualenv, please install it.
[2024-10-03T22:57:03.489-0400] {processor.py:925} INFO - DAG(s) 'example_python_decorator' retrieved from /home/patrick/.cache/pypoetry/virtualenvs/airflow-wPbgcfzP-py3.10/lib/python3.10/site-packages/airflow/example_dags/example_python_decorator.py
[2024-10-03T22:57:08.536-0400] {logging_mixin.py:190} INFO - [2024-10-03T22:57:08.536-0400] {dag.py:3239} INFO - Sync 1 DAGs
[2024-10-03T22:57:08.663-0400] {logging_mixin.py:190} INFO - [2024-10-03T22:57:08.662-0400] {dag.py:4180} INFO - Setting next_dagrun for example_python_decorator to None, run_after=None
[2024-10-03T22:57:09.274-0400] {processor.py:208} INFO - Processing /home/patrick/.cache/pypoetry/virtualenvs/airflow-wPbgcfzP-py3.10/lib/python3.10/site-packages/airflow/example_dags/example_python_decorator.py took 5.865 seconds
[2024-10-03T23:01:29.691-0400] {processor.py:186} INFO - Started process (PID=37614) to work on /home/patrick/.cache/pypoetry/virtualenvs/airflow-wPbgcfzP-py3.10/lib/python3.10/site-packages/airflow/example_dags/example_python_decorator.py
[2024-10-03T23:01:29.693-0400] {processor.py:914} INFO - Processing file /home/patrick/.cache/pypoetry/virtualenvs/airflow-wPbgcfzP-py3.10/lib/python3.10/site-packages/airflow/example_dags/example_python_decorator.py for tasks to queue
[2024-10-03T23:01:29.695-0400] {logging_mixin.py:190} INFO - [2024-10-03T23:01:29.694-0400] {dagbag.py:588} INFO - Filling up the DagBag from /home/patrick/.cache/pypoetry/virtualenvs/airflow-wPbgcfzP-py3.10/lib/python3.10/site-packages/airflow/example_dags/example_python_decorator.py
[2024-10-03T23:01:29.783-0400] {logging_mixin.py:190} INFO - [2024-10-03T23:01:29.783-0400] {example_python_decorator.py:80} WARNING - The virtalenv_python example task requires virtualenv, please install it.
[2024-10-03T23:01:29.785-0400] {processor.py:925} INFO - DAG(s) 'example_python_decorator' retrieved from /home/patrick/.cache/pypoetry/virtualenvs/airflow-wPbgcfzP-py3.10/lib/python3.10/site-packages/airflow/example_dags/example_python_decorator.py
[2024-10-03T23:01:34.694-0400] {logging_mixin.py:190} INFO - [2024-10-03T23:01:34.693-0400] {dag.py:3239} INFO - Sync 1 DAGs
[2024-10-03T23:01:35.297-0400] {logging_mixin.py:190} INFO - [2024-10-03T23:01:35.297-0400] {dag.py:4180} INFO - Setting next_dagrun for example_python_decorator to None, run_after=None
[2024-10-03T23:01:35.984-0400] {processor.py:208} INFO - Processing /home/patrick/.cache/pypoetry/virtualenvs/airflow-wPbgcfzP-py3.10/lib/python3.10/site-packages/airflow/example_dags/example_python_decorator.py took 6.297 seconds
[2024-10-03T23:05:03.090-0400] {processor.py:186} INFO - Started process (PID=38534) to work on /home/patrick/.cache/pypoetry/virtualenvs/airflow-wPbgcfzP-py3.10/lib/python3.10/site-packages/airflow/example_dags/example_python_decorator.py
[2024-10-03T23:05:03.091-0400] {processor.py:914} INFO - Processing file /home/patrick/.cache/pypoetry/virtualenvs/airflow-wPbgcfzP-py3.10/lib/python3.10/site-packages/airflow/example_dags/example_python_decorator.py for tasks to queue
[2024-10-03T23:05:03.093-0400] {logging_mixin.py:190} INFO - [2024-10-03T23:05:03.093-0400] {dagbag.py:588} INFO - Filling up the DagBag from /home/patrick/.cache/pypoetry/virtualenvs/airflow-wPbgcfzP-py3.10/lib/python3.10/site-packages/airflow/example_dags/example_python_decorator.py
[2024-10-03T23:05:03.280-0400] {logging_mixin.py:190} INFO - [2024-10-03T23:05:03.280-0400] {example_python_decorator.py:80} WARNING - The virtalenv_python example task requires virtualenv, please install it.
[2024-10-03T23:05:03.285-0400] {processor.py:925} INFO - DAG(s) 'example_python_decorator' retrieved from /home/patrick/.cache/pypoetry/virtualenvs/airflow-wPbgcfzP-py3.10/lib/python3.10/site-packages/airflow/example_dags/example_python_decorator.py
[2024-10-03T23:05:09.406-0400] {logging_mixin.py:190} INFO - [2024-10-03T23:05:09.406-0400] {dag.py:3239} INFO - Sync 1 DAGs
[2024-10-03T23:05:09.497-0400] {logging_mixin.py:190} INFO - [2024-10-03T23:05:09.497-0400] {dag.py:4180} INFO - Setting next_dagrun for example_python_decorator to None, run_after=None
[2024-10-03T23:05:10.192-0400] {processor.py:208} INFO - Processing /home/patrick/.cache/pypoetry/virtualenvs/airflow-wPbgcfzP-py3.10/lib/python3.10/site-packages/airflow/example_dags/example_python_decorator.py took 7.106 seconds
[2024-10-03T23:08:08.917-0400] {processor.py:186} INFO - Started process (PID=39367) to work on /home/patrick/.cache/pypoetry/virtualenvs/airflow-wPbgcfzP-py3.10/lib/python3.10/site-packages/airflow/example_dags/example_python_decorator.py
[2024-10-03T23:08:08.919-0400] {processor.py:914} INFO - Processing file /home/patrick/.cache/pypoetry/virtualenvs/airflow-wPbgcfzP-py3.10/lib/python3.10/site-packages/airflow/example_dags/example_python_decorator.py for tasks to queue
[2024-10-03T23:08:08.921-0400] {logging_mixin.py:190} INFO - [2024-10-03T23:08:08.920-0400] {dagbag.py:588} INFO - Filling up the DagBag from /home/patrick/.cache/pypoetry/virtualenvs/airflow-wPbgcfzP-py3.10/lib/python3.10/site-packages/airflow/example_dags/example_python_decorator.py
[2024-10-03T23:08:09.048-0400] {logging_mixin.py:190} INFO - [2024-10-03T23:08:09.047-0400] {example_python_decorator.py:80} WARNING - The virtalenv_python example task requires virtualenv, please install it.
[2024-10-03T23:08:09.050-0400] {processor.py:925} INFO - DAG(s) 'example_python_decorator' retrieved from /home/patrick/.cache/pypoetry/virtualenvs/airflow-wPbgcfzP-py3.10/lib/python3.10/site-packages/airflow/example_dags/example_python_decorator.py
[2024-10-03T23:08:20.910-0400] {logging_mixin.py:190} INFO - [2024-10-03T23:08:20.910-0400] {dag.py:3239} INFO - Sync 1 DAGs
[2024-10-03T23:08:21.252-0400] {logging_mixin.py:190} INFO - [2024-10-03T23:08:21.251-0400] {dag.py:4180} INFO - Setting next_dagrun for example_python_decorator to None, run_after=None
[2024-10-03T23:08:22.173-0400] {processor.py:208} INFO - Processing /home/patrick/.cache/pypoetry/virtualenvs/airflow-wPbgcfzP-py3.10/lib/python3.10/site-packages/airflow/example_dags/example_python_decorator.py took 13.260 seconds
[2024-10-03T23:10:44.733-0400] {processor.py:186} INFO - Started process (PID=40031) to work on /home/patrick/.cache/pypoetry/virtualenvs/airflow-wPbgcfzP-py3.10/lib/python3.10/site-packages/airflow/example_dags/example_python_decorator.py
[2024-10-03T23:10:44.734-0400] {processor.py:914} INFO - Processing file /home/patrick/.cache/pypoetry/virtualenvs/airflow-wPbgcfzP-py3.10/lib/python3.10/site-packages/airflow/example_dags/example_python_decorator.py for tasks to queue
[2024-10-03T23:10:44.735-0400] {logging_mixin.py:190} INFO - [2024-10-03T23:10:44.735-0400] {dagbag.py:588} INFO - Filling up the DagBag from /home/patrick/.cache/pypoetry/virtualenvs/airflow-wPbgcfzP-py3.10/lib/python3.10/site-packages/airflow/example_dags/example_python_decorator.py
[2024-10-03T23:10:44.810-0400] {logging_mixin.py:190} INFO - [2024-10-03T23:10:44.810-0400] {example_python_decorator.py:80} WARNING - The virtalenv_python example task requires virtualenv, please install it.
[2024-10-03T23:10:44.812-0400] {processor.py:925} INFO - DAG(s) 'example_python_decorator' retrieved from /home/patrick/.cache/pypoetry/virtualenvs/airflow-wPbgcfzP-py3.10/lib/python3.10/site-packages/airflow/example_dags/example_python_decorator.py
[2024-10-03T23:10:52.546-0400] {logging_mixin.py:190} INFO - [2024-10-03T23:10:52.546-0400] {dag.py:3239} INFO - Sync 1 DAGs
[2024-10-03T23:10:52.743-0400] {logging_mixin.py:190} INFO - [2024-10-03T23:10:52.742-0400] {dag.py:4180} INFO - Setting next_dagrun for example_python_decorator to None, run_after=None
[2024-10-03T23:10:53.369-0400] {processor.py:208} INFO - Processing /home/patrick/.cache/pypoetry/virtualenvs/airflow-wPbgcfzP-py3.10/lib/python3.10/site-packages/airflow/example_dags/example_python_decorator.py took 8.640 seconds
[2024-10-03T23:15:23.603-0400] {processor.py:186} INFO - Started process (PID=41246) to work on /home/patrick/.cache/pypoetry/virtualenvs/airflow-wPbgcfzP-py3.10/lib/python3.10/site-packages/airflow/example_dags/example_python_decorator.py
[2024-10-03T23:15:23.604-0400] {processor.py:914} INFO - Processing file /home/patrick/.cache/pypoetry/virtualenvs/airflow-wPbgcfzP-py3.10/lib/python3.10/site-packages/airflow/example_dags/example_python_decorator.py for tasks to queue
[2024-10-03T23:15:23.606-0400] {logging_mixin.py:190} INFO - [2024-10-03T23:15:23.606-0400] {dagbag.py:588} INFO - Filling up the DagBag from /home/patrick/.cache/pypoetry/virtualenvs/airflow-wPbgcfzP-py3.10/lib/python3.10/site-packages/airflow/example_dags/example_python_decorator.py
[2024-10-03T23:15:23.765-0400] {logging_mixin.py:190} INFO - [2024-10-03T23:15:23.764-0400] {example_python_decorator.py:80} WARNING - The virtalenv_python example task requires virtualenv, please install it.
[2024-10-03T23:15:23.767-0400] {processor.py:925} INFO - DAG(s) 'example_python_decorator' retrieved from /home/patrick/.cache/pypoetry/virtualenvs/airflow-wPbgcfzP-py3.10/lib/python3.10/site-packages/airflow/example_dags/example_python_decorator.py
[2024-10-03T23:15:27.701-0400] {logging_mixin.py:190} INFO - [2024-10-03T23:15:27.701-0400] {dag.py:3239} INFO - Sync 1 DAGs
[2024-10-03T23:15:27.761-0400] {logging_mixin.py:190} INFO - [2024-10-03T23:15:27.761-0400] {dag.py:4180} INFO - Setting next_dagrun for example_python_decorator to None, run_after=None
[2024-10-03T23:15:28.372-0400] {processor.py:208} INFO - Processing /home/patrick/.cache/pypoetry/virtualenvs/airflow-wPbgcfzP-py3.10/lib/python3.10/site-packages/airflow/example_dags/example_python_decorator.py took 4.774 seconds
[2024-10-03T23:19:13.971-0400] {processor.py:186} INFO - Started process (PID=42261) to work on /home/patrick/.cache/pypoetry/virtualenvs/airflow-wPbgcfzP-py3.10/lib/python3.10/site-packages/airflow/example_dags/example_python_decorator.py
[2024-10-03T23:19:13.972-0400] {processor.py:914} INFO - Processing file /home/patrick/.cache/pypoetry/virtualenvs/airflow-wPbgcfzP-py3.10/lib/python3.10/site-packages/airflow/example_dags/example_python_decorator.py for tasks to queue
[2024-10-03T23:19:13.973-0400] {logging_mixin.py:190} INFO - [2024-10-03T23:19:13.973-0400] {dagbag.py:588} INFO - Filling up the DagBag from /home/patrick/.cache/pypoetry/virtualenvs/airflow-wPbgcfzP-py3.10/lib/python3.10/site-packages/airflow/example_dags/example_python_decorator.py
[2024-10-03T23:19:14.045-0400] {logging_mixin.py:190} INFO - [2024-10-03T23:19:14.044-0400] {example_python_decorator.py:80} WARNING - The virtalenv_python example task requires virtualenv, please install it.
[2024-10-03T23:19:14.046-0400] {processor.py:925} INFO - DAG(s) 'example_python_decorator' retrieved from /home/patrick/.cache/pypoetry/virtualenvs/airflow-wPbgcfzP-py3.10/lib/python3.10/site-packages/airflow/example_dags/example_python_decorator.py
[2024-10-03T23:19:17.744-0400] {logging_mixin.py:190} INFO - [2024-10-03T23:19:17.744-0400] {dag.py:3239} INFO - Sync 1 DAGs
[2024-10-03T23:19:17.816-0400] {logging_mixin.py:190} INFO - [2024-10-03T23:19:17.815-0400] {dag.py:4180} INFO - Setting next_dagrun for example_python_decorator to None, run_after=None
[2024-10-03T23:19:18.381-0400] {processor.py:208} INFO - Processing /home/patrick/.cache/pypoetry/virtualenvs/airflow-wPbgcfzP-py3.10/lib/python3.10/site-packages/airflow/example_dags/example_python_decorator.py took 4.413 seconds
[2024-10-03T23:24:02.515-0400] {processor.py:186} INFO - Started process (PID=43510) to work on /home/patrick/.cache/pypoetry/virtualenvs/airflow-wPbgcfzP-py3.10/lib/python3.10/site-packages/airflow/example_dags/example_python_decorator.py
[2024-10-03T23:24:02.515-0400] {processor.py:914} INFO - Processing file /home/patrick/.cache/pypoetry/virtualenvs/airflow-wPbgcfzP-py3.10/lib/python3.10/site-packages/airflow/example_dags/example_python_decorator.py for tasks to queue
[2024-10-03T23:24:02.517-0400] {logging_mixin.py:190} INFO - [2024-10-03T23:24:02.517-0400] {dagbag.py:588} INFO - Filling up the DagBag from /home/patrick/.cache/pypoetry/virtualenvs/airflow-wPbgcfzP-py3.10/lib/python3.10/site-packages/airflow/example_dags/example_python_decorator.py
[2024-10-03T23:24:02.581-0400] {logging_mixin.py:190} INFO - [2024-10-03T23:24:02.581-0400] {example_python_decorator.py:80} WARNING - The virtalenv_python example task requires virtualenv, please install it.
[2024-10-03T23:24:02.583-0400] {processor.py:925} INFO - DAG(s) 'example_python_decorator' retrieved from /home/patrick/.cache/pypoetry/virtualenvs/airflow-wPbgcfzP-py3.10/lib/python3.10/site-packages/airflow/example_dags/example_python_decorator.py
[2024-10-03T23:24:09.095-0400] {logging_mixin.py:190} INFO - [2024-10-03T23:24:09.095-0400] {dag.py:3239} INFO - Sync 1 DAGs
[2024-10-03T23:24:09.186-0400] {logging_mixin.py:190} INFO - [2024-10-03T23:24:09.186-0400] {dag.py:4180} INFO - Setting next_dagrun for example_python_decorator to None, run_after=None
[2024-10-03T23:24:09.840-0400] {processor.py:208} INFO - Processing /home/patrick/.cache/pypoetry/virtualenvs/airflow-wPbgcfzP-py3.10/lib/python3.10/site-packages/airflow/example_dags/example_python_decorator.py took 7.329 seconds
[2024-10-03T23:27:19.116-0400] {processor.py:186} INFO - Started process (PID=44334) to work on /home/patrick/.cache/pypoetry/virtualenvs/airflow-wPbgcfzP-py3.10/lib/python3.10/site-packages/airflow/example_dags/example_python_decorator.py
[2024-10-03T23:27:19.117-0400] {processor.py:914} INFO - Processing file /home/patrick/.cache/pypoetry/virtualenvs/airflow-wPbgcfzP-py3.10/lib/python3.10/site-packages/airflow/example_dags/example_python_decorator.py for tasks to queue
[2024-10-03T23:27:19.119-0400] {logging_mixin.py:190} INFO - [2024-10-03T23:27:19.118-0400] {dagbag.py:588} INFO - Filling up the DagBag from /home/patrick/.cache/pypoetry/virtualenvs/airflow-wPbgcfzP-py3.10/lib/python3.10/site-packages/airflow/example_dags/example_python_decorator.py
[2024-10-03T23:27:19.231-0400] {logging_mixin.py:190} INFO - [2024-10-03T23:27:19.231-0400] {example_python_decorator.py:80} WARNING - The virtalenv_python example task requires virtualenv, please install it.
[2024-10-03T23:27:19.233-0400] {processor.py:925} INFO - DAG(s) 'example_python_decorator' retrieved from /home/patrick/.cache/pypoetry/virtualenvs/airflow-wPbgcfzP-py3.10/lib/python3.10/site-packages/airflow/example_dags/example_python_decorator.py
[2024-10-03T23:27:21.724-0400] {logging_mixin.py:190} INFO - [2024-10-03T23:27:21.723-0400] {dag.py:3239} INFO - Sync 1 DAGs
[2024-10-03T23:27:21.814-0400] {logging_mixin.py:190} INFO - [2024-10-03T23:27:21.813-0400] {dag.py:4180} INFO - Setting next_dagrun for example_python_decorator to None, run_after=None
[2024-10-03T23:27:22.375-0400] {processor.py:208} INFO - Processing /home/patrick/.cache/pypoetry/virtualenvs/airflow-wPbgcfzP-py3.10/lib/python3.10/site-packages/airflow/example_dags/example_python_decorator.py took 3.263 seconds
[2024-10-03T23:31:39.465-0400] {processor.py:186} INFO - Started process (PID=45499) to work on /home/patrick/.cache/pypoetry/virtualenvs/airflow-wPbgcfzP-py3.10/lib/python3.10/site-packages/airflow/example_dags/example_python_decorator.py
[2024-10-03T23:31:39.466-0400] {processor.py:914} INFO - Processing file /home/patrick/.cache/pypoetry/virtualenvs/airflow-wPbgcfzP-py3.10/lib/python3.10/site-packages/airflow/example_dags/example_python_decorator.py for tasks to queue
[2024-10-03T23:31:39.467-0400] {logging_mixin.py:190} INFO - [2024-10-03T23:31:39.467-0400] {dagbag.py:588} INFO - Filling up the DagBag from /home/patrick/.cache/pypoetry/virtualenvs/airflow-wPbgcfzP-py3.10/lib/python3.10/site-packages/airflow/example_dags/example_python_decorator.py
[2024-10-03T23:31:39.519-0400] {logging_mixin.py:190} INFO - [2024-10-03T23:31:39.519-0400] {example_python_decorator.py:80} WARNING - The virtalenv_python example task requires virtualenv, please install it.
[2024-10-03T23:31:39.521-0400] {processor.py:925} INFO - DAG(s) 'example_python_decorator' retrieved from /home/patrick/.cache/pypoetry/virtualenvs/airflow-wPbgcfzP-py3.10/lib/python3.10/site-packages/airflow/example_dags/example_python_decorator.py
[2024-10-03T23:31:42.095-0400] {logging_mixin.py:190} INFO - [2024-10-03T23:31:42.095-0400] {dag.py:3239} INFO - Sync 1 DAGs
[2024-10-03T23:31:42.195-0400] {logging_mixin.py:190} INFO - [2024-10-03T23:31:42.195-0400] {dag.py:4180} INFO - Setting next_dagrun for example_python_decorator to None, run_after=None
[2024-10-03T23:31:42.777-0400] {processor.py:208} INFO - Processing /home/patrick/.cache/pypoetry/virtualenvs/airflow-wPbgcfzP-py3.10/lib/python3.10/site-packages/airflow/example_dags/example_python_decorator.py took 3.315 seconds
[2024-10-03T23:33:43.965-0400] {processor.py:186} INFO - Started process (PID=46040) to work on /home/patrick/.cache/pypoetry/virtualenvs/airflow-wPbgcfzP-py3.10/lib/python3.10/site-packages/airflow/example_dags/example_python_decorator.py
[2024-10-03T23:33:43.966-0400] {processor.py:914} INFO - Processing file /home/patrick/.cache/pypoetry/virtualenvs/airflow-wPbgcfzP-py3.10/lib/python3.10/site-packages/airflow/example_dags/example_python_decorator.py for tasks to queue
[2024-10-03T23:33:43.967-0400] {logging_mixin.py:190} INFO - [2024-10-03T23:33:43.967-0400] {dagbag.py:588} INFO - Filling up the DagBag from /home/patrick/.cache/pypoetry/virtualenvs/airflow-wPbgcfzP-py3.10/lib/python3.10/site-packages/airflow/example_dags/example_python_decorator.py
[2024-10-03T23:33:44.017-0400] {logging_mixin.py:190} INFO - [2024-10-03T23:33:44.017-0400] {example_python_decorator.py:80} WARNING - The virtalenv_python example task requires virtualenv, please install it.
[2024-10-03T23:33:44.019-0400] {processor.py:925} INFO - DAG(s) 'example_python_decorator' retrieved from /home/patrick/.cache/pypoetry/virtualenvs/airflow-wPbgcfzP-py3.10/lib/python3.10/site-packages/airflow/example_dags/example_python_decorator.py
[2024-10-03T23:33:45.792-0400] {logging_mixin.py:190} INFO - [2024-10-03T23:33:45.791-0400] {dag.py:3239} INFO - Sync 1 DAGs
[2024-10-03T23:33:45.839-0400] {logging_mixin.py:190} INFO - [2024-10-03T23:33:45.838-0400] {dag.py:4180} INFO - Setting next_dagrun for example_python_decorator to None, run_after=None
[2024-10-03T23:33:46.384-0400] {processor.py:208} INFO - Processing /home/patrick/.cache/pypoetry/virtualenvs/airflow-wPbgcfzP-py3.10/lib/python3.10/site-packages/airflow/example_dags/example_python_decorator.py took 2.423 seconds
[2024-10-03T23:35:52.086-0400] {processor.py:186} INFO - Started process (PID=46590) to work on /home/patrick/.cache/pypoetry/virtualenvs/airflow-wPbgcfzP-py3.10/lib/python3.10/site-packages/airflow/example_dags/example_python_decorator.py
[2024-10-03T23:35:52.087-0400] {processor.py:914} INFO - Processing file /home/patrick/.cache/pypoetry/virtualenvs/airflow-wPbgcfzP-py3.10/lib/python3.10/site-packages/airflow/example_dags/example_python_decorator.py for tasks to queue
[2024-10-03T23:35:52.089-0400] {logging_mixin.py:190} INFO - [2024-10-03T23:35:52.089-0400] {dagbag.py:588} INFO - Filling up the DagBag from /home/patrick/.cache/pypoetry/virtualenvs/airflow-wPbgcfzP-py3.10/lib/python3.10/site-packages/airflow/example_dags/example_python_decorator.py
[2024-10-03T23:35:52.201-0400] {logging_mixin.py:190} INFO - [2024-10-03T23:35:52.200-0400] {example_python_decorator.py:80} WARNING - The virtalenv_python example task requires virtualenv, please install it.
[2024-10-03T23:35:52.202-0400] {processor.py:925} INFO - DAG(s) 'example_python_decorator' retrieved from /home/patrick/.cache/pypoetry/virtualenvs/airflow-wPbgcfzP-py3.10/lib/python3.10/site-packages/airflow/example_dags/example_python_decorator.py
[2024-10-03T23:35:53.851-0400] {logging_mixin.py:190} INFO - [2024-10-03T23:35:53.851-0400] {dag.py:3239} INFO - Sync 1 DAGs
[2024-10-03T23:35:53.945-0400] {logging_mixin.py:190} INFO - [2024-10-03T23:35:53.945-0400] {dag.py:4180} INFO - Setting next_dagrun for example_python_decorator to None, run_after=None
[2024-10-03T23:35:54.551-0400] {processor.py:208} INFO - Processing /home/patrick/.cache/pypoetry/virtualenvs/airflow-wPbgcfzP-py3.10/lib/python3.10/site-packages/airflow/example_dags/example_python_decorator.py took 2.468 seconds
[2024-10-03T23:38:38.742-0400] {processor.py:186} INFO - Started process (PID=47297) to work on /home/patrick/.cache/pypoetry/virtualenvs/airflow-wPbgcfzP-py3.10/lib/python3.10/site-packages/airflow/example_dags/example_python_decorator.py
[2024-10-03T23:38:38.743-0400] {processor.py:914} INFO - Processing file /home/patrick/.cache/pypoetry/virtualenvs/airflow-wPbgcfzP-py3.10/lib/python3.10/site-packages/airflow/example_dags/example_python_decorator.py for tasks to queue
[2024-10-03T23:38:38.744-0400] {logging_mixin.py:190} INFO - [2024-10-03T23:38:38.744-0400] {dagbag.py:588} INFO - Filling up the DagBag from /home/patrick/.cache/pypoetry/virtualenvs/airflow-wPbgcfzP-py3.10/lib/python3.10/site-packages/airflow/example_dags/example_python_decorator.py
[2024-10-03T23:38:38.792-0400] {logging_mixin.py:190} INFO - [2024-10-03T23:38:38.791-0400] {example_python_decorator.py:80} WARNING - The virtalenv_python example task requires virtualenv, please install it.
[2024-10-03T23:38:38.793-0400] {processor.py:925} INFO - DAG(s) 'example_python_decorator' retrieved from /home/patrick/.cache/pypoetry/virtualenvs/airflow-wPbgcfzP-py3.10/lib/python3.10/site-packages/airflow/example_dags/example_python_decorator.py
[2024-10-03T23:38:40.918-0400] {logging_mixin.py:190} INFO - [2024-10-03T23:38:40.918-0400] {dag.py:3239} INFO - Sync 1 DAGs
[2024-10-03T23:38:40.969-0400] {logging_mixin.py:190} INFO - [2024-10-03T23:38:40.969-0400] {dag.py:4180} INFO - Setting next_dagrun for example_python_decorator to None, run_after=None
[2024-10-03T23:38:41.490-0400] {processor.py:208} INFO - Processing /home/patrick/.cache/pypoetry/virtualenvs/airflow-wPbgcfzP-py3.10/lib/python3.10/site-packages/airflow/example_dags/example_python_decorator.py took 2.751 seconds
[2024-10-03T23:41:58.861-0400] {processor.py:186} INFO - Started process (PID=48176) to work on /home/patrick/.cache/pypoetry/virtualenvs/airflow-wPbgcfzP-py3.10/lib/python3.10/site-packages/airflow/example_dags/example_python_decorator.py
[2024-10-03T23:41:58.862-0400] {processor.py:914} INFO - Processing file /home/patrick/.cache/pypoetry/virtualenvs/airflow-wPbgcfzP-py3.10/lib/python3.10/site-packages/airflow/example_dags/example_python_decorator.py for tasks to queue
[2024-10-03T23:41:58.863-0400] {logging_mixin.py:190} INFO - [2024-10-03T23:41:58.863-0400] {dagbag.py:588} INFO - Filling up the DagBag from /home/patrick/.cache/pypoetry/virtualenvs/airflow-wPbgcfzP-py3.10/lib/python3.10/site-packages/airflow/example_dags/example_python_decorator.py
[2024-10-03T23:41:58.918-0400] {logging_mixin.py:190} INFO - [2024-10-03T23:41:58.918-0400] {example_python_decorator.py:80} WARNING - The virtalenv_python example task requires virtualenv, please install it.
[2024-10-03T23:41:58.920-0400] {processor.py:925} INFO - DAG(s) 'example_python_decorator' retrieved from /home/patrick/.cache/pypoetry/virtualenvs/airflow-wPbgcfzP-py3.10/lib/python3.10/site-packages/airflow/example_dags/example_python_decorator.py
[2024-10-03T23:42:01.582-0400] {logging_mixin.py:190} INFO - [2024-10-03T23:42:01.582-0400] {dag.py:3239} INFO - Sync 1 DAGs
[2024-10-03T23:42:01.661-0400] {logging_mixin.py:190} INFO - [2024-10-03T23:42:01.661-0400] {dag.py:4180} INFO - Setting next_dagrun for example_python_decorator to None, run_after=None
[2024-10-03T23:42:02.275-0400] {processor.py:208} INFO - Processing /home/patrick/.cache/pypoetry/virtualenvs/airflow-wPbgcfzP-py3.10/lib/python3.10/site-packages/airflow/example_dags/example_python_decorator.py took 3.418 seconds
[2024-10-03T23:44:36.647-0400] {processor.py:186} INFO - Started process (PID=48848) to work on /home/patrick/.cache/pypoetry/virtualenvs/airflow-wPbgcfzP-py3.10/lib/python3.10/site-packages/airflow/example_dags/example_python_decorator.py
[2024-10-03T23:44:36.648-0400] {processor.py:914} INFO - Processing file /home/patrick/.cache/pypoetry/virtualenvs/airflow-wPbgcfzP-py3.10/lib/python3.10/site-packages/airflow/example_dags/example_python_decorator.py for tasks to queue
[2024-10-03T23:44:36.649-0400] {logging_mixin.py:190} INFO - [2024-10-03T23:44:36.649-0400] {dagbag.py:588} INFO - Filling up the DagBag from /home/patrick/.cache/pypoetry/virtualenvs/airflow-wPbgcfzP-py3.10/lib/python3.10/site-packages/airflow/example_dags/example_python_decorator.py
[2024-10-03T23:44:36.762-0400] {logging_mixin.py:190} INFO - [2024-10-03T23:44:36.762-0400] {example_python_decorator.py:80} WARNING - The virtalenv_python example task requires virtualenv, please install it.
[2024-10-03T23:44:36.764-0400] {processor.py:925} INFO - DAG(s) 'example_python_decorator' retrieved from /home/patrick/.cache/pypoetry/virtualenvs/airflow-wPbgcfzP-py3.10/lib/python3.10/site-packages/airflow/example_dags/example_python_decorator.py
[2024-10-03T23:44:38.419-0400] {logging_mixin.py:190} INFO - [2024-10-03T23:44:38.419-0400] {dag.py:3239} INFO - Sync 1 DAGs
[2024-10-03T23:44:38.503-0400] {logging_mixin.py:190} INFO - [2024-10-03T23:44:38.503-0400] {dag.py:4180} INFO - Setting next_dagrun for example_python_decorator to None, run_after=None
[2024-10-03T23:44:39.138-0400] {processor.py:208} INFO - Processing /home/patrick/.cache/pypoetry/virtualenvs/airflow-wPbgcfzP-py3.10/lib/python3.10/site-packages/airflow/example_dags/example_python_decorator.py took 2.495 seconds
[2024-10-03T23:46:47.308-0400] {processor.py:186} INFO - Started process (PID=49412) to work on /home/patrick/.cache/pypoetry/virtualenvs/airflow-wPbgcfzP-py3.10/lib/python3.10/site-packages/airflow/example_dags/example_python_decorator.py
[2024-10-03T23:46:47.309-0400] {processor.py:914} INFO - Processing file /home/patrick/.cache/pypoetry/virtualenvs/airflow-wPbgcfzP-py3.10/lib/python3.10/site-packages/airflow/example_dags/example_python_decorator.py for tasks to queue
[2024-10-03T23:46:47.310-0400] {logging_mixin.py:190} INFO - [2024-10-03T23:46:47.310-0400] {dagbag.py:588} INFO - Filling up the DagBag from /home/patrick/.cache/pypoetry/virtualenvs/airflow-wPbgcfzP-py3.10/lib/python3.10/site-packages/airflow/example_dags/example_python_decorator.py
[2024-10-03T23:46:47.387-0400] {logging_mixin.py:190} INFO - [2024-10-03T23:46:47.387-0400] {example_python_decorator.py:80} WARNING - The virtalenv_python example task requires virtualenv, please install it.
[2024-10-03T23:46:47.391-0400] {processor.py:925} INFO - DAG(s) 'example_python_decorator' retrieved from /home/patrick/.cache/pypoetry/virtualenvs/airflow-wPbgcfzP-py3.10/lib/python3.10/site-packages/airflow/example_dags/example_python_decorator.py
[2024-10-03T23:46:49.135-0400] {logging_mixin.py:190} INFO - [2024-10-03T23:46:49.135-0400] {dag.py:3239} INFO - Sync 1 DAGs
[2024-10-03T23:46:49.215-0400] {logging_mixin.py:190} INFO - [2024-10-03T23:46:49.215-0400] {dag.py:4180} INFO - Setting next_dagrun for example_python_decorator to None, run_after=None
[2024-10-03T23:46:50.056-0400] {processor.py:208} INFO - Processing /home/patrick/.cache/pypoetry/virtualenvs/airflow-wPbgcfzP-py3.10/lib/python3.10/site-packages/airflow/example_dags/example_python_decorator.py took 2.752 seconds
[2024-10-03T23:50:59.775-0400] {processor.py:186} INFO - Started process (PID=50494) to work on /home/patrick/.cache/pypoetry/virtualenvs/airflow-wPbgcfzP-py3.10/lib/python3.10/site-packages/airflow/example_dags/example_python_decorator.py
[2024-10-03T23:50:59.776-0400] {processor.py:914} INFO - Processing file /home/patrick/.cache/pypoetry/virtualenvs/airflow-wPbgcfzP-py3.10/lib/python3.10/site-packages/airflow/example_dags/example_python_decorator.py for tasks to queue
[2024-10-03T23:50:59.778-0400] {logging_mixin.py:190} INFO - [2024-10-03T23:50:59.777-0400] {dagbag.py:588} INFO - Filling up the DagBag from /home/patrick/.cache/pypoetry/virtualenvs/airflow-wPbgcfzP-py3.10/lib/python3.10/site-packages/airflow/example_dags/example_python_decorator.py
[2024-10-03T23:50:59.904-0400] {logging_mixin.py:190} INFO - [2024-10-03T23:50:59.904-0400] {example_python_decorator.py:80} WARNING - The virtalenv_python example task requires virtualenv, please install it.
[2024-10-03T23:50:59.906-0400] {processor.py:925} INFO - DAG(s) 'example_python_decorator' retrieved from /home/patrick/.cache/pypoetry/virtualenvs/airflow-wPbgcfzP-py3.10/lib/python3.10/site-packages/airflow/example_dags/example_python_decorator.py
[2024-10-03T23:51:06.223-0400] {logging_mixin.py:190} INFO - [2024-10-03T23:51:06.223-0400] {dag.py:3239} INFO - Sync 1 DAGs
[2024-10-03T23:51:06.469-0400] {logging_mixin.py:190} INFO - [2024-10-03T23:51:06.468-0400] {dag.py:4180} INFO - Setting next_dagrun for example_python_decorator to None, run_after=None
[2024-10-03T23:51:07.265-0400] {processor.py:208} INFO - Processing /home/patrick/.cache/pypoetry/virtualenvs/airflow-wPbgcfzP-py3.10/lib/python3.10/site-packages/airflow/example_dags/example_python_decorator.py took 7.494 seconds
[2024-10-03T23:55:23.072-0400] {processor.py:186} INFO - Started process (PID=51622) to work on /home/patrick/.cache/pypoetry/virtualenvs/airflow-wPbgcfzP-py3.10/lib/python3.10/site-packages/airflow/example_dags/example_python_decorator.py
[2024-10-03T23:55:23.074-0400] {processor.py:914} INFO - Processing file /home/patrick/.cache/pypoetry/virtualenvs/airflow-wPbgcfzP-py3.10/lib/python3.10/site-packages/airflow/example_dags/example_python_decorator.py for tasks to queue
[2024-10-03T23:55:23.075-0400] {logging_mixin.py:190} INFO - [2024-10-03T23:55:23.075-0400] {dagbag.py:588} INFO - Filling up the DagBag from /home/patrick/.cache/pypoetry/virtualenvs/airflow-wPbgcfzP-py3.10/lib/python3.10/site-packages/airflow/example_dags/example_python_decorator.py
[2024-10-03T23:55:23.161-0400] {logging_mixin.py:190} INFO - [2024-10-03T23:55:23.161-0400] {example_python_decorator.py:80} WARNING - The virtalenv_python example task requires virtualenv, please install it.
[2024-10-03T23:55:23.163-0400] {processor.py:925} INFO - DAG(s) 'example_python_decorator' retrieved from /home/patrick/.cache/pypoetry/virtualenvs/airflow-wPbgcfzP-py3.10/lib/python3.10/site-packages/airflow/example_dags/example_python_decorator.py
[2024-10-03T23:55:26.282-0400] {logging_mixin.py:190} INFO - [2024-10-03T23:55:26.282-0400] {dag.py:3239} INFO - Sync 1 DAGs
[2024-10-03T23:55:26.391-0400] {logging_mixin.py:190} INFO - [2024-10-03T23:55:26.391-0400] {dag.py:4180} INFO - Setting next_dagrun for example_python_decorator to None, run_after=None
[2024-10-03T23:55:27.434-0400] {processor.py:208} INFO - Processing /home/patrick/.cache/pypoetry/virtualenvs/airflow-wPbgcfzP-py3.10/lib/python3.10/site-packages/airflow/example_dags/example_python_decorator.py took 4.366 seconds
[2024-10-03T23:59:03.445-0400] {processor.py:186} INFO - Started process (PID=52578) to work on /home/patrick/.cache/pypoetry/virtualenvs/airflow-wPbgcfzP-py3.10/lib/python3.10/site-packages/airflow/example_dags/example_python_decorator.py
[2024-10-03T23:59:03.447-0400] {processor.py:914} INFO - Processing file /home/patrick/.cache/pypoetry/virtualenvs/airflow-wPbgcfzP-py3.10/lib/python3.10/site-packages/airflow/example_dags/example_python_decorator.py for tasks to queue
[2024-10-03T23:59:03.448-0400] {logging_mixin.py:190} INFO - [2024-10-03T23:59:03.448-0400] {dagbag.py:588} INFO - Filling up the DagBag from /home/patrick/.cache/pypoetry/virtualenvs/airflow-wPbgcfzP-py3.10/lib/python3.10/site-packages/airflow/example_dags/example_python_decorator.py
[2024-10-03T23:59:03.535-0400] {logging_mixin.py:190} INFO - [2024-10-03T23:59:03.535-0400] {example_python_decorator.py:80} WARNING - The virtalenv_python example task requires virtualenv, please install it.
[2024-10-03T23:59:03.537-0400] {processor.py:925} INFO - DAG(s) 'example_python_decorator' retrieved from /home/patrick/.cache/pypoetry/virtualenvs/airflow-wPbgcfzP-py3.10/lib/python3.10/site-packages/airflow/example_dags/example_python_decorator.py
[2024-10-03T23:59:08.720-0400] {logging_mixin.py:190} INFO - [2024-10-03T23:59:08.720-0400] {dag.py:3239} INFO - Sync 1 DAGs
[2024-10-03T23:59:08.799-0400] {logging_mixin.py:190} INFO - [2024-10-03T23:59:08.799-0400] {dag.py:4180} INFO - Setting next_dagrun for example_python_decorator to None, run_after=None
[2024-10-03T23:59:09.429-0400] {processor.py:208} INFO - Processing /home/patrick/.cache/pypoetry/virtualenvs/airflow-wPbgcfzP-py3.10/lib/python3.10/site-packages/airflow/example_dags/example_python_decorator.py took 5.988 seconds
[2024-10-04T00:03:40.037-0400] {processor.py:186} INFO - Started process (PID=53819) to work on /home/patrick/.cache/pypoetry/virtualenvs/airflow-wPbgcfzP-py3.10/lib/python3.10/site-packages/airflow/example_dags/example_python_decorator.py
[2024-10-04T00:03:40.039-0400] {processor.py:914} INFO - Processing file /home/patrick/.cache/pypoetry/virtualenvs/airflow-wPbgcfzP-py3.10/lib/python3.10/site-packages/airflow/example_dags/example_python_decorator.py for tasks to queue
[2024-10-04T00:03:40.041-0400] {logging_mixin.py:190} INFO - [2024-10-04T00:03:40.040-0400] {dagbag.py:588} INFO - Filling up the DagBag from /home/patrick/.cache/pypoetry/virtualenvs/airflow-wPbgcfzP-py3.10/lib/python3.10/site-packages/airflow/example_dags/example_python_decorator.py
[2024-10-04T00:03:40.171-0400] {logging_mixin.py:190} INFO - [2024-10-04T00:03:40.171-0400] {example_python_decorator.py:80} WARNING - The virtalenv_python example task requires virtualenv, please install it.
[2024-10-04T00:03:40.173-0400] {processor.py:925} INFO - DAG(s) 'example_python_decorator' retrieved from /home/patrick/.cache/pypoetry/virtualenvs/airflow-wPbgcfzP-py3.10/lib/python3.10/site-packages/airflow/example_dags/example_python_decorator.py
[2024-10-04T00:03:42.264-0400] {logging_mixin.py:190} INFO - [2024-10-04T00:03:42.264-0400] {dag.py:3239} INFO - Sync 1 DAGs
[2024-10-04T00:03:42.341-0400] {logging_mixin.py:190} INFO - [2024-10-04T00:03:42.340-0400] {dag.py:4180} INFO - Setting next_dagrun for example_python_decorator to None, run_after=None
[2024-10-04T00:03:43.119-0400] {processor.py:208} INFO - Processing /home/patrick/.cache/pypoetry/virtualenvs/airflow-wPbgcfzP-py3.10/lib/python3.10/site-packages/airflow/example_dags/example_python_decorator.py took 3.086 seconds
