[2024-10-03T20:47:14.546-0400] {processor.py:186} INFO - Started process (PID=1698) to work on /home/patrick/.cache/pypoetry/virtualenvs/airflow-wPbgcfzP-py3.10/lib/python3.10/site-packages/airflow/example_dags/example_dataset_alias_with_no_taskflow.py
[2024-10-03T20:47:14.548-0400] {processor.py:914} INFO - Processing file /home/patrick/.cache/pypoetry/virtualenvs/airflow-wPbgcfzP-py3.10/lib/python3.10/site-packages/airflow/example_dags/example_dataset_alias_with_no_taskflow.py for tasks to queue
[2024-10-03T20:47:14.549-0400] {logging_mixin.py:190} INFO - [2024-10-03T20:47:14.549-0400] {dagbag.py:588} INFO - Filling up the DagBag from /home/patrick/.cache/pypoetry/virtualenvs/airflow-wPbgcfzP-py3.10/lib/python3.10/site-packages/airflow/example_dags/example_dataset_alias_with_no_taskflow.py
[2024-10-03T20:47:16.691-0400] {processor.py:925} INFO - DAG(s) 'dataset_alias_example_alias_consumer_with_no_taskflow', 'dataset_alias_example_alias_producer_with_no_taskflow', 'dataset_s3_bucket_consumer_with_no_taskflow', 'dataset_s3_bucket_producer_with_no_taskflow' retrieved from /home/patrick/.cache/pypoetry/virtualenvs/airflow-wPbgcfzP-py3.10/lib/python3.10/site-packages/airflow/example_dags/example_dataset_alias_with_no_taskflow.py
[2024-10-03T20:47:21.192-0400] {logging_mixin.py:190} INFO - [2024-10-03T20:47:21.192-0400] {dag.py:3239} INFO - Sync 4 DAGs
[2024-10-03T20:47:21.407-0400] {logging_mixin.py:190} INFO - [2024-10-03T20:47:21.407-0400] {dag.py:4180} INFO - Setting next_dagrun for dataset_alias_example_alias_consumer_with_no_taskflow to None, run_after=None
[2024-10-03T20:47:21.450-0400] {logging_mixin.py:190} INFO - [2024-10-03T20:47:21.450-0400] {dag.py:4180} INFO - Setting next_dagrun for dataset_alias_example_alias_producer_with_no_taskflow to None, run_after=None
[2024-10-03T20:47:21.488-0400] {logging_mixin.py:190} INFO - [2024-10-03T20:47:21.488-0400] {dag.py:4180} INFO - Setting next_dagrun for dataset_s3_bucket_consumer_with_no_taskflow to None, run_after=None
[2024-10-03T20:47:21.527-0400] {logging_mixin.py:190} INFO - [2024-10-03T20:47:21.527-0400] {dag.py:4180} INFO - Setting next_dagrun for dataset_s3_bucket_producer_with_no_taskflow to None, run_after=None
[2024-10-03T20:47:22.441-0400] {processor.py:208} INFO - Processing /home/patrick/.cache/pypoetry/virtualenvs/airflow-wPbgcfzP-py3.10/lib/python3.10/site-packages/airflow/example_dags/example_dataset_alias_with_no_taskflow.py took 7.899 seconds
[2024-10-03T21:01:27.227-0400] {processor.py:186} INFO - Started process (PID=5286) to work on /home/patrick/.cache/pypoetry/virtualenvs/airflow-wPbgcfzP-py3.10/lib/python3.10/site-packages/airflow/example_dags/example_dataset_alias_with_no_taskflow.py
[2024-10-03T21:01:27.228-0400] {processor.py:914} INFO - Processing file /home/patrick/.cache/pypoetry/virtualenvs/airflow-wPbgcfzP-py3.10/lib/python3.10/site-packages/airflow/example_dags/example_dataset_alias_with_no_taskflow.py for tasks to queue
[2024-10-03T21:01:27.229-0400] {logging_mixin.py:190} INFO - [2024-10-03T21:01:27.228-0400] {dagbag.py:588} INFO - Filling up the DagBag from /home/patrick/.cache/pypoetry/virtualenvs/airflow-wPbgcfzP-py3.10/lib/python3.10/site-packages/airflow/example_dags/example_dataset_alias_with_no_taskflow.py
[2024-10-03T21:01:31.302-0400] {processor.py:925} INFO - DAG(s) 'dataset_alias_example_alias_consumer_with_no_taskflow', 'dataset_alias_example_alias_producer_with_no_taskflow', 'dataset_s3_bucket_producer_with_no_taskflow', 'dataset_s3_bucket_consumer_with_no_taskflow' retrieved from /home/patrick/.cache/pypoetry/virtualenvs/airflow-wPbgcfzP-py3.10/lib/python3.10/site-packages/airflow/example_dags/example_dataset_alias_with_no_taskflow.py
[2024-10-03T21:01:31.934-0400] {logging_mixin.py:190} INFO - [2024-10-03T21:01:31.934-0400] {dag.py:3239} INFO - Sync 4 DAGs
[2024-10-03T21:01:32.313-0400] {logging_mixin.py:190} INFO - [2024-10-03T21:01:32.312-0400] {dag.py:4180} INFO - Setting next_dagrun for dataset_alias_example_alias_consumer_with_no_taskflow to None, run_after=None
[2024-10-03T21:01:32.383-0400] {logging_mixin.py:190} INFO - [2024-10-03T21:01:32.382-0400] {dag.py:4180} INFO - Setting next_dagrun for dataset_alias_example_alias_producer_with_no_taskflow to None, run_after=None
[2024-10-03T21:01:32.463-0400] {logging_mixin.py:190} INFO - [2024-10-03T21:01:32.462-0400] {dag.py:4180} INFO - Setting next_dagrun for dataset_s3_bucket_consumer_with_no_taskflow to None, run_after=None
[2024-10-03T21:01:32.662-0400] {logging_mixin.py:190} INFO - [2024-10-03T21:01:32.662-0400] {dag.py:4180} INFO - Setting next_dagrun for dataset_s3_bucket_producer_with_no_taskflow to None, run_after=None
[2024-10-03T21:01:33.841-0400] {processor.py:208} INFO - Processing /home/patrick/.cache/pypoetry/virtualenvs/airflow-wPbgcfzP-py3.10/lib/python3.10/site-packages/airflow/example_dags/example_dataset_alias_with_no_taskflow.py took 6.618 seconds
[2024-10-03T21:04:23.637-0400] {processor.py:186} INFO - Started process (PID=6037) to work on /home/patrick/.cache/pypoetry/virtualenvs/airflow-wPbgcfzP-py3.10/lib/python3.10/site-packages/airflow/example_dags/example_dataset_alias_with_no_taskflow.py
[2024-10-03T21:04:23.638-0400] {processor.py:914} INFO - Processing file /home/patrick/.cache/pypoetry/virtualenvs/airflow-wPbgcfzP-py3.10/lib/python3.10/site-packages/airflow/example_dags/example_dataset_alias_with_no_taskflow.py for tasks to queue
[2024-10-03T21:04:23.639-0400] {logging_mixin.py:190} INFO - [2024-10-03T21:04:23.639-0400] {dagbag.py:588} INFO - Filling up the DagBag from /home/patrick/.cache/pypoetry/virtualenvs/airflow-wPbgcfzP-py3.10/lib/python3.10/site-packages/airflow/example_dags/example_dataset_alias_with_no_taskflow.py
[2024-10-03T21:04:34.085-0400] {processor.py:925} INFO - DAG(s) 'dataset_alias_example_alias_consumer_with_no_taskflow', 'dataset_alias_example_alias_producer_with_no_taskflow', 'dataset_s3_bucket_consumer_with_no_taskflow', 'dataset_s3_bucket_producer_with_no_taskflow' retrieved from /home/patrick/.cache/pypoetry/virtualenvs/airflow-wPbgcfzP-py3.10/lib/python3.10/site-packages/airflow/example_dags/example_dataset_alias_with_no_taskflow.py
[2024-10-03T21:04:34.761-0400] {logging_mixin.py:190} INFO - [2024-10-03T21:04:34.761-0400] {dag.py:3239} INFO - Sync 4 DAGs
[2024-10-03T21:04:34.957-0400] {logging_mixin.py:190} INFO - [2024-10-03T21:04:34.957-0400] {dag.py:4180} INFO - Setting next_dagrun for dataset_alias_example_alias_consumer_with_no_taskflow to None, run_after=None
[2024-10-03T21:04:34.996-0400] {logging_mixin.py:190} INFO - [2024-10-03T21:04:34.996-0400] {dag.py:4180} INFO - Setting next_dagrun for dataset_alias_example_alias_producer_with_no_taskflow to None, run_after=None
[2024-10-03T21:04:35.035-0400] {logging_mixin.py:190} INFO - [2024-10-03T21:04:35.035-0400] {dag.py:4180} INFO - Setting next_dagrun for dataset_s3_bucket_consumer_with_no_taskflow to None, run_after=None
[2024-10-03T21:04:35.074-0400] {logging_mixin.py:190} INFO - [2024-10-03T21:04:35.074-0400] {dag.py:4180} INFO - Setting next_dagrun for dataset_s3_bucket_producer_with_no_taskflow to None, run_after=None
[2024-10-03T21:04:35.885-0400] {processor.py:208} INFO - Processing /home/patrick/.cache/pypoetry/virtualenvs/airflow-wPbgcfzP-py3.10/lib/python3.10/site-packages/airflow/example_dags/example_dataset_alias_with_no_taskflow.py took 12.251 seconds
[2024-10-03T21:08:40.146-0400] {processor.py:186} INFO - Started process (PID=7146) to work on /home/patrick/.cache/pypoetry/virtualenvs/airflow-wPbgcfzP-py3.10/lib/python3.10/site-packages/airflow/example_dags/example_dataset_alias_with_no_taskflow.py
[2024-10-03T21:08:40.147-0400] {processor.py:914} INFO - Processing file /home/patrick/.cache/pypoetry/virtualenvs/airflow-wPbgcfzP-py3.10/lib/python3.10/site-packages/airflow/example_dags/example_dataset_alias_with_no_taskflow.py for tasks to queue
[2024-10-03T21:08:40.148-0400] {logging_mixin.py:190} INFO - [2024-10-03T21:08:40.148-0400] {dagbag.py:588} INFO - Filling up the DagBag from /home/patrick/.cache/pypoetry/virtualenvs/airflow-wPbgcfzP-py3.10/lib/python3.10/site-packages/airflow/example_dags/example_dataset_alias_with_no_taskflow.py
[2024-10-03T21:08:42.999-0400] {processor.py:925} INFO - DAG(s) 'dataset_s3_bucket_producer_with_no_taskflow', 'dataset_s3_bucket_consumer_with_no_taskflow', 'dataset_alias_example_alias_producer_with_no_taskflow', 'dataset_alias_example_alias_consumer_with_no_taskflow' retrieved from /home/patrick/.cache/pypoetry/virtualenvs/airflow-wPbgcfzP-py3.10/lib/python3.10/site-packages/airflow/example_dags/example_dataset_alias_with_no_taskflow.py
[2024-10-03T21:08:43.725-0400] {logging_mixin.py:190} INFO - [2024-10-03T21:08:43.725-0400] {dag.py:3239} INFO - Sync 4 DAGs
[2024-10-03T21:08:44.123-0400] {logging_mixin.py:190} INFO - [2024-10-03T21:08:44.123-0400] {dag.py:4180} INFO - Setting next_dagrun for dataset_alias_example_alias_consumer_with_no_taskflow to None, run_after=None
[2024-10-03T21:08:44.193-0400] {logging_mixin.py:190} INFO - [2024-10-03T21:08:44.193-0400] {dag.py:4180} INFO - Setting next_dagrun for dataset_alias_example_alias_producer_with_no_taskflow to None, run_after=None
[2024-10-03T21:08:44.263-0400] {logging_mixin.py:190} INFO - [2024-10-03T21:08:44.263-0400] {dag.py:4180} INFO - Setting next_dagrun for dataset_s3_bucket_consumer_with_no_taskflow to None, run_after=None
[2024-10-03T21:08:44.309-0400] {logging_mixin.py:190} INFO - [2024-10-03T21:08:44.309-0400] {dag.py:4180} INFO - Setting next_dagrun for dataset_s3_bucket_producer_with_no_taskflow to None, run_after=None
[2024-10-03T21:08:45.406-0400] {processor.py:208} INFO - Processing /home/patrick/.cache/pypoetry/virtualenvs/airflow-wPbgcfzP-py3.10/lib/python3.10/site-packages/airflow/example_dags/example_dataset_alias_with_no_taskflow.py took 5.263 seconds
[2024-10-03T21:17:32.250-0400] {processor.py:186} INFO - Started process (PID=9593) to work on /home/patrick/.cache/pypoetry/virtualenvs/airflow-wPbgcfzP-py3.10/lib/python3.10/site-packages/airflow/example_dags/example_dataset_alias_with_no_taskflow.py
[2024-10-03T21:17:32.250-0400] {processor.py:914} INFO - Processing file /home/patrick/.cache/pypoetry/virtualenvs/airflow-wPbgcfzP-py3.10/lib/python3.10/site-packages/airflow/example_dags/example_dataset_alias_with_no_taskflow.py for tasks to queue
[2024-10-03T21:17:32.252-0400] {logging_mixin.py:190} INFO - [2024-10-03T21:17:32.252-0400] {dagbag.py:588} INFO - Filling up the DagBag from /home/patrick/.cache/pypoetry/virtualenvs/airflow-wPbgcfzP-py3.10/lib/python3.10/site-packages/airflow/example_dags/example_dataset_alias_with_no_taskflow.py
[2024-10-03T21:17:33.784-0400] {processor.py:925} INFO - DAG(s) 'dataset_alias_example_alias_producer_with_no_taskflow', 'dataset_s3_bucket_producer_with_no_taskflow', 'dataset_s3_bucket_consumer_with_no_taskflow', 'dataset_alias_example_alias_consumer_with_no_taskflow' retrieved from /home/patrick/.cache/pypoetry/virtualenvs/airflow-wPbgcfzP-py3.10/lib/python3.10/site-packages/airflow/example_dags/example_dataset_alias_with_no_taskflow.py
[2024-10-03T21:17:34.645-0400] {logging_mixin.py:190} INFO - [2024-10-03T21:17:34.644-0400] {dag.py:3239} INFO - Sync 4 DAGs
[2024-10-03T21:17:34.847-0400] {logging_mixin.py:190} INFO - [2024-10-03T21:17:34.847-0400] {dag.py:4180} INFO - Setting next_dagrun for dataset_alias_example_alias_consumer_with_no_taskflow to None, run_after=None
[2024-10-03T21:17:34.886-0400] {logging_mixin.py:190} INFO - [2024-10-03T21:17:34.886-0400] {dag.py:4180} INFO - Setting next_dagrun for dataset_alias_example_alias_producer_with_no_taskflow to None, run_after=None
[2024-10-03T21:17:34.954-0400] {logging_mixin.py:190} INFO - [2024-10-03T21:17:34.954-0400] {dag.py:4180} INFO - Setting next_dagrun for dataset_s3_bucket_consumer_with_no_taskflow to None, run_after=None
[2024-10-03T21:17:35.003-0400] {logging_mixin.py:190} INFO - [2024-10-03T21:17:35.002-0400] {dag.py:4180} INFO - Setting next_dagrun for dataset_s3_bucket_producer_with_no_taskflow to None, run_after=None
[2024-10-03T21:17:35.800-0400] {processor.py:208} INFO - Processing /home/patrick/.cache/pypoetry/virtualenvs/airflow-wPbgcfzP-py3.10/lib/python3.10/site-packages/airflow/example_dags/example_dataset_alias_with_no_taskflow.py took 3.554 seconds
[2024-10-03T21:21:59.374-0400] {processor.py:186} INFO - Started process (PID=10796) to work on /home/patrick/.cache/pypoetry/virtualenvs/airflow-wPbgcfzP-py3.10/lib/python3.10/site-packages/airflow/example_dags/example_dataset_alias_with_no_taskflow.py
[2024-10-03T21:21:59.375-0400] {processor.py:914} INFO - Processing file /home/patrick/.cache/pypoetry/virtualenvs/airflow-wPbgcfzP-py3.10/lib/python3.10/site-packages/airflow/example_dags/example_dataset_alias_with_no_taskflow.py for tasks to queue
[2024-10-03T21:21:59.377-0400] {logging_mixin.py:190} INFO - [2024-10-03T21:21:59.376-0400] {dagbag.py:588} INFO - Filling up the DagBag from /home/patrick/.cache/pypoetry/virtualenvs/airflow-wPbgcfzP-py3.10/lib/python3.10/site-packages/airflow/example_dags/example_dataset_alias_with_no_taskflow.py
[2024-10-03T21:22:05.517-0400] {processor.py:925} INFO - DAG(s) 'dataset_s3_bucket_consumer_with_no_taskflow', 'dataset_alias_example_alias_producer_with_no_taskflow', 'dataset_alias_example_alias_consumer_with_no_taskflow', 'dataset_s3_bucket_producer_with_no_taskflow' retrieved from /home/patrick/.cache/pypoetry/virtualenvs/airflow-wPbgcfzP-py3.10/lib/python3.10/site-packages/airflow/example_dags/example_dataset_alias_with_no_taskflow.py
[2024-10-03T21:22:06.493-0400] {logging_mixin.py:190} INFO - [2024-10-03T21:22:06.493-0400] {dag.py:3239} INFO - Sync 4 DAGs
[2024-10-03T21:22:07.009-0400] {logging_mixin.py:190} INFO - [2024-10-03T21:22:07.009-0400] {dag.py:4180} INFO - Setting next_dagrun for dataset_alias_example_alias_consumer_with_no_taskflow to None, run_after=None
[2024-10-03T21:22:07.061-0400] {logging_mixin.py:190} INFO - [2024-10-03T21:22:07.060-0400] {dag.py:4180} INFO - Setting next_dagrun for dataset_alias_example_alias_producer_with_no_taskflow to None, run_after=None
[2024-10-03T21:22:07.128-0400] {logging_mixin.py:190} INFO - [2024-10-03T21:22:07.128-0400] {dag.py:4180} INFO - Setting next_dagrun for dataset_s3_bucket_consumer_with_no_taskflow to None, run_after=None
[2024-10-03T21:22:07.253-0400] {logging_mixin.py:190} INFO - [2024-10-03T21:22:07.252-0400] {dag.py:4180} INFO - Setting next_dagrun for dataset_s3_bucket_producer_with_no_taskflow to None, run_after=None
[2024-10-03T21:22:08.368-0400] {processor.py:208} INFO - Processing /home/patrick/.cache/pypoetry/virtualenvs/airflow-wPbgcfzP-py3.10/lib/python3.10/site-packages/airflow/example_dags/example_dataset_alias_with_no_taskflow.py took 8.997 seconds
[2024-10-03T21:24:45.842-0400] {processor.py:186} INFO - Started process (PID=11511) to work on /home/patrick/.cache/pypoetry/virtualenvs/airflow-wPbgcfzP-py3.10/lib/python3.10/site-packages/airflow/example_dags/example_dataset_alias_with_no_taskflow.py
[2024-10-03T21:24:45.843-0400] {processor.py:914} INFO - Processing file /home/patrick/.cache/pypoetry/virtualenvs/airflow-wPbgcfzP-py3.10/lib/python3.10/site-packages/airflow/example_dags/example_dataset_alias_with_no_taskflow.py for tasks to queue
[2024-10-03T21:24:45.844-0400] {logging_mixin.py:190} INFO - [2024-10-03T21:24:45.844-0400] {dagbag.py:588} INFO - Filling up the DagBag from /home/patrick/.cache/pypoetry/virtualenvs/airflow-wPbgcfzP-py3.10/lib/python3.10/site-packages/airflow/example_dags/example_dataset_alias_with_no_taskflow.py
[2024-10-03T21:24:47.293-0400] {processor.py:925} INFO - DAG(s) 'dataset_s3_bucket_consumer_with_no_taskflow', 'dataset_s3_bucket_producer_with_no_taskflow', 'dataset_alias_example_alias_producer_with_no_taskflow', 'dataset_alias_example_alias_consumer_with_no_taskflow' retrieved from /home/patrick/.cache/pypoetry/virtualenvs/airflow-wPbgcfzP-py3.10/lib/python3.10/site-packages/airflow/example_dags/example_dataset_alias_with_no_taskflow.py
[2024-10-03T21:24:47.962-0400] {logging_mixin.py:190} INFO - [2024-10-03T21:24:47.962-0400] {dag.py:3239} INFO - Sync 4 DAGs
[2024-10-03T21:24:48.165-0400] {logging_mixin.py:190} INFO - [2024-10-03T21:24:48.165-0400] {dag.py:4180} INFO - Setting next_dagrun for dataset_alias_example_alias_consumer_with_no_taskflow to None, run_after=None
[2024-10-03T21:24:48.214-0400] {logging_mixin.py:190} INFO - [2024-10-03T21:24:48.214-0400] {dag.py:4180} INFO - Setting next_dagrun for dataset_alias_example_alias_producer_with_no_taskflow to None, run_after=None
[2024-10-03T21:24:48.254-0400] {logging_mixin.py:190} INFO - [2024-10-03T21:24:48.254-0400] {dag.py:4180} INFO - Setting next_dagrun for dataset_s3_bucket_consumer_with_no_taskflow to None, run_after=None
[2024-10-03T21:24:48.291-0400] {logging_mixin.py:190} INFO - [2024-10-03T21:24:48.291-0400] {dag.py:4180} INFO - Setting next_dagrun for dataset_s3_bucket_producer_with_no_taskflow to None, run_after=None
[2024-10-03T21:24:49.107-0400] {processor.py:208} INFO - Processing /home/patrick/.cache/pypoetry/virtualenvs/airflow-wPbgcfzP-py3.10/lib/python3.10/site-packages/airflow/example_dags/example_dataset_alias_with_no_taskflow.py took 3.269 seconds
[2024-10-03T21:29:54.425-0400] {processor.py:186} INFO - Started process (PID=12915) to work on /home/patrick/.cache/pypoetry/virtualenvs/airflow-wPbgcfzP-py3.10/lib/python3.10/site-packages/airflow/example_dags/example_dataset_alias_with_no_taskflow.py
[2024-10-03T21:29:54.427-0400] {processor.py:914} INFO - Processing file /home/patrick/.cache/pypoetry/virtualenvs/airflow-wPbgcfzP-py3.10/lib/python3.10/site-packages/airflow/example_dags/example_dataset_alias_with_no_taskflow.py for tasks to queue
[2024-10-03T21:29:54.428-0400] {logging_mixin.py:190} INFO - [2024-10-03T21:29:54.428-0400] {dagbag.py:588} INFO - Filling up the DagBag from /home/patrick/.cache/pypoetry/virtualenvs/airflow-wPbgcfzP-py3.10/lib/python3.10/site-packages/airflow/example_dags/example_dataset_alias_with_no_taskflow.py
[2024-10-03T21:29:55.919-0400] {processor.py:925} INFO - DAG(s) 'dataset_s3_bucket_consumer_with_no_taskflow', 'dataset_alias_example_alias_consumer_with_no_taskflow', 'dataset_alias_example_alias_producer_with_no_taskflow', 'dataset_s3_bucket_producer_with_no_taskflow' retrieved from /home/patrick/.cache/pypoetry/virtualenvs/airflow-wPbgcfzP-py3.10/lib/python3.10/site-packages/airflow/example_dags/example_dataset_alias_with_no_taskflow.py
[2024-10-03T21:29:56.625-0400] {logging_mixin.py:190} INFO - [2024-10-03T21:29:56.624-0400] {dag.py:3239} INFO - Sync 4 DAGs
[2024-10-03T21:29:56.957-0400] {logging_mixin.py:190} INFO - [2024-10-03T21:29:56.956-0400] {dag.py:4180} INFO - Setting next_dagrun for dataset_alias_example_alias_consumer_with_no_taskflow to None, run_after=None
[2024-10-03T21:29:57.013-0400] {logging_mixin.py:190} INFO - [2024-10-03T21:29:57.013-0400] {dag.py:4180} INFO - Setting next_dagrun for dataset_alias_example_alias_producer_with_no_taskflow to None, run_after=None
[2024-10-03T21:29:57.061-0400] {logging_mixin.py:190} INFO - [2024-10-03T21:29:57.061-0400] {dag.py:4180} INFO - Setting next_dagrun for dataset_s3_bucket_consumer_with_no_taskflow to None, run_after=None
[2024-10-03T21:29:57.125-0400] {logging_mixin.py:190} INFO - [2024-10-03T21:29:57.124-0400] {dag.py:4180} INFO - Setting next_dagrun for dataset_s3_bucket_producer_with_no_taskflow to None, run_after=None
[2024-10-03T21:29:57.851-0400] {processor.py:208} INFO - Processing /home/patrick/.cache/pypoetry/virtualenvs/airflow-wPbgcfzP-py3.10/lib/python3.10/site-packages/airflow/example_dags/example_dataset_alias_with_no_taskflow.py took 3.430 seconds
[2024-10-03T21:33:36.478-0400] {processor.py:186} INFO - Started process (PID=13877) to work on /home/patrick/.cache/pypoetry/virtualenvs/airflow-wPbgcfzP-py3.10/lib/python3.10/site-packages/airflow/example_dags/example_dataset_alias_with_no_taskflow.py
[2024-10-03T21:33:36.480-0400] {processor.py:914} INFO - Processing file /home/patrick/.cache/pypoetry/virtualenvs/airflow-wPbgcfzP-py3.10/lib/python3.10/site-packages/airflow/example_dags/example_dataset_alias_with_no_taskflow.py for tasks to queue
[2024-10-03T21:33:36.481-0400] {logging_mixin.py:190} INFO - [2024-10-03T21:33:36.481-0400] {dagbag.py:588} INFO - Filling up the DagBag from /home/patrick/.cache/pypoetry/virtualenvs/airflow-wPbgcfzP-py3.10/lib/python3.10/site-packages/airflow/example_dags/example_dataset_alias_with_no_taskflow.py
[2024-10-03T21:33:39.158-0400] {processor.py:925} INFO - DAG(s) 'dataset_s3_bucket_producer_with_no_taskflow', 'dataset_alias_example_alias_producer_with_no_taskflow', 'dataset_alias_example_alias_consumer_with_no_taskflow', 'dataset_s3_bucket_consumer_with_no_taskflow' retrieved from /home/patrick/.cache/pypoetry/virtualenvs/airflow-wPbgcfzP-py3.10/lib/python3.10/site-packages/airflow/example_dags/example_dataset_alias_with_no_taskflow.py
[2024-10-03T21:33:39.925-0400] {logging_mixin.py:190} INFO - [2024-10-03T21:33:39.925-0400] {dag.py:3239} INFO - Sync 4 DAGs
[2024-10-03T21:33:40.191-0400] {logging_mixin.py:190} INFO - [2024-10-03T21:33:40.191-0400] {dag.py:4180} INFO - Setting next_dagrun for dataset_alias_example_alias_consumer_with_no_taskflow to None, run_after=None
[2024-10-03T21:33:40.227-0400] {logging_mixin.py:190} INFO - [2024-10-03T21:33:40.227-0400] {dag.py:4180} INFO - Setting next_dagrun for dataset_alias_example_alias_producer_with_no_taskflow to None, run_after=None
[2024-10-03T21:33:40.266-0400] {logging_mixin.py:190} INFO - [2024-10-03T21:33:40.266-0400] {dag.py:4180} INFO - Setting next_dagrun for dataset_s3_bucket_consumer_with_no_taskflow to None, run_after=None
[2024-10-03T21:33:40.304-0400] {logging_mixin.py:190} INFO - [2024-10-03T21:33:40.304-0400] {dag.py:4180} INFO - Setting next_dagrun for dataset_s3_bucket_producer_with_no_taskflow to None, run_after=None
[2024-10-03T21:33:41.064-0400] {processor.py:208} INFO - Processing /home/patrick/.cache/pypoetry/virtualenvs/airflow-wPbgcfzP-py3.10/lib/python3.10/site-packages/airflow/example_dags/example_dataset_alias_with_no_taskflow.py took 4.589 seconds
[2024-10-03T21:39:55.911-0400] {processor.py:186} INFO - Started process (PID=15610) to work on /home/patrick/.cache/pypoetry/virtualenvs/airflow-wPbgcfzP-py3.10/lib/python3.10/site-packages/airflow/example_dags/example_dataset_alias_with_no_taskflow.py
[2024-10-03T21:39:55.912-0400] {processor.py:914} INFO - Processing file /home/patrick/.cache/pypoetry/virtualenvs/airflow-wPbgcfzP-py3.10/lib/python3.10/site-packages/airflow/example_dags/example_dataset_alias_with_no_taskflow.py for tasks to queue
[2024-10-03T21:39:55.913-0400] {logging_mixin.py:190} INFO - [2024-10-03T21:39:55.913-0400] {dagbag.py:588} INFO - Filling up the DagBag from /home/patrick/.cache/pypoetry/virtualenvs/airflow-wPbgcfzP-py3.10/lib/python3.10/site-packages/airflow/example_dags/example_dataset_alias_with_no_taskflow.py
[2024-10-03T21:39:58.481-0400] {processor.py:925} INFO - DAG(s) 'dataset_s3_bucket_consumer_with_no_taskflow', 'dataset_alias_example_alias_consumer_with_no_taskflow', 'dataset_s3_bucket_producer_with_no_taskflow', 'dataset_alias_example_alias_producer_with_no_taskflow' retrieved from /home/patrick/.cache/pypoetry/virtualenvs/airflow-wPbgcfzP-py3.10/lib/python3.10/site-packages/airflow/example_dags/example_dataset_alias_with_no_taskflow.py
[2024-10-03T21:39:59.172-0400] {logging_mixin.py:190} INFO - [2024-10-03T21:39:59.172-0400] {dag.py:3239} INFO - Sync 4 DAGs
[2024-10-03T21:39:59.436-0400] {logging_mixin.py:190} INFO - [2024-10-03T21:39:59.436-0400] {dag.py:4180} INFO - Setting next_dagrun for dataset_alias_example_alias_consumer_with_no_taskflow to None, run_after=None
[2024-10-03T21:39:59.485-0400] {logging_mixin.py:190} INFO - [2024-10-03T21:39:59.485-0400] {dag.py:4180} INFO - Setting next_dagrun for dataset_alias_example_alias_producer_with_no_taskflow to None, run_after=None
[2024-10-03T21:39:59.536-0400] {logging_mixin.py:190} INFO - [2024-10-03T21:39:59.536-0400] {dag.py:4180} INFO - Setting next_dagrun for dataset_s3_bucket_consumer_with_no_taskflow to None, run_after=None
[2024-10-03T21:39:59.583-0400] {logging_mixin.py:190} INFO - [2024-10-03T21:39:59.583-0400] {dag.py:4180} INFO - Setting next_dagrun for dataset_s3_bucket_producer_with_no_taskflow to None, run_after=None
[2024-10-03T21:40:00.410-0400] {processor.py:208} INFO - Processing /home/patrick/.cache/pypoetry/virtualenvs/airflow-wPbgcfzP-py3.10/lib/python3.10/site-packages/airflow/example_dags/example_dataset_alias_with_no_taskflow.py took 4.503 seconds
[2024-10-03T21:45:14.349-0400] {processor.py:186} INFO - Started process (PID=17058) to work on /home/patrick/.cache/pypoetry/virtualenvs/airflow-wPbgcfzP-py3.10/lib/python3.10/site-packages/airflow/example_dags/example_dataset_alias_with_no_taskflow.py
[2024-10-03T21:45:14.350-0400] {processor.py:914} INFO - Processing file /home/patrick/.cache/pypoetry/virtualenvs/airflow-wPbgcfzP-py3.10/lib/python3.10/site-packages/airflow/example_dags/example_dataset_alias_with_no_taskflow.py for tasks to queue
[2024-10-03T21:45:14.352-0400] {logging_mixin.py:190} INFO - [2024-10-03T21:45:14.352-0400] {dagbag.py:588} INFO - Filling up the DagBag from /home/patrick/.cache/pypoetry/virtualenvs/airflow-wPbgcfzP-py3.10/lib/python3.10/site-packages/airflow/example_dags/example_dataset_alias_with_no_taskflow.py
[2024-10-03T21:45:19.508-0400] {processor.py:925} INFO - DAG(s) 'dataset_alias_example_alias_producer_with_no_taskflow', 'dataset_s3_bucket_producer_with_no_taskflow', 'dataset_alias_example_alias_consumer_with_no_taskflow', 'dataset_s3_bucket_consumer_with_no_taskflow' retrieved from /home/patrick/.cache/pypoetry/virtualenvs/airflow-wPbgcfzP-py3.10/lib/python3.10/site-packages/airflow/example_dags/example_dataset_alias_with_no_taskflow.py
[2024-10-03T21:45:20.260-0400] {logging_mixin.py:190} INFO - [2024-10-03T21:45:20.260-0400] {dag.py:3239} INFO - Sync 4 DAGs
[2024-10-03T21:45:20.500-0400] {logging_mixin.py:190} INFO - [2024-10-03T21:45:20.500-0400] {dag.py:4180} INFO - Setting next_dagrun for dataset_alias_example_alias_consumer_with_no_taskflow to None, run_after=None
[2024-10-03T21:45:20.550-0400] {logging_mixin.py:190} INFO - [2024-10-03T21:45:20.550-0400] {dag.py:4180} INFO - Setting next_dagrun for dataset_alias_example_alias_producer_with_no_taskflow to None, run_after=None
[2024-10-03T21:45:20.588-0400] {logging_mixin.py:190} INFO - [2024-10-03T21:45:20.588-0400] {dag.py:4180} INFO - Setting next_dagrun for dataset_s3_bucket_consumer_with_no_taskflow to None, run_after=None
[2024-10-03T21:45:20.626-0400] {logging_mixin.py:190} INFO - [2024-10-03T21:45:20.625-0400] {dag.py:4180} INFO - Setting next_dagrun for dataset_s3_bucket_producer_with_no_taskflow to None, run_after=None
[2024-10-03T21:45:21.455-0400] {processor.py:208} INFO - Processing /home/patrick/.cache/pypoetry/virtualenvs/airflow-wPbgcfzP-py3.10/lib/python3.10/site-packages/airflow/example_dags/example_dataset_alias_with_no_taskflow.py took 7.109 seconds
[2024-10-03T21:49:26.391-0400] {processor.py:186} INFO - Started process (PID=18158) to work on /home/patrick/.cache/pypoetry/virtualenvs/airflow-wPbgcfzP-py3.10/lib/python3.10/site-packages/airflow/example_dags/example_dataset_alias_with_no_taskflow.py
[2024-10-03T21:49:26.392-0400] {processor.py:914} INFO - Processing file /home/patrick/.cache/pypoetry/virtualenvs/airflow-wPbgcfzP-py3.10/lib/python3.10/site-packages/airflow/example_dags/example_dataset_alias_with_no_taskflow.py for tasks to queue
[2024-10-03T21:49:26.393-0400] {logging_mixin.py:190} INFO - [2024-10-03T21:49:26.393-0400] {dagbag.py:588} INFO - Filling up the DagBag from /home/patrick/.cache/pypoetry/virtualenvs/airflow-wPbgcfzP-py3.10/lib/python3.10/site-packages/airflow/example_dags/example_dataset_alias_with_no_taskflow.py
[2024-10-03T21:49:29.320-0400] {processor.py:925} INFO - DAG(s) 'dataset_alias_example_alias_consumer_with_no_taskflow', 'dataset_s3_bucket_consumer_with_no_taskflow', 'dataset_alias_example_alias_producer_with_no_taskflow', 'dataset_s3_bucket_producer_with_no_taskflow' retrieved from /home/patrick/.cache/pypoetry/virtualenvs/airflow-wPbgcfzP-py3.10/lib/python3.10/site-packages/airflow/example_dags/example_dataset_alias_with_no_taskflow.py
[2024-10-03T21:49:30.093-0400] {logging_mixin.py:190} INFO - [2024-10-03T21:49:30.093-0400] {dag.py:3239} INFO - Sync 4 DAGs
[2024-10-03T21:49:30.450-0400] {logging_mixin.py:190} INFO - [2024-10-03T21:49:30.450-0400] {dag.py:4180} INFO - Setting next_dagrun for dataset_alias_example_alias_consumer_with_no_taskflow to None, run_after=None
[2024-10-03T21:49:30.528-0400] {logging_mixin.py:190} INFO - [2024-10-03T21:49:30.528-0400] {dag.py:4180} INFO - Setting next_dagrun for dataset_alias_example_alias_producer_with_no_taskflow to None, run_after=None
[2024-10-03T21:49:30.588-0400] {logging_mixin.py:190} INFO - [2024-10-03T21:49:30.587-0400] {dag.py:4180} INFO - Setting next_dagrun for dataset_s3_bucket_consumer_with_no_taskflow to None, run_after=None
[2024-10-03T21:49:30.630-0400] {logging_mixin.py:190} INFO - [2024-10-03T21:49:30.629-0400] {dag.py:4180} INFO - Setting next_dagrun for dataset_s3_bucket_producer_with_no_taskflow to None, run_after=None
[2024-10-03T21:49:31.400-0400] {processor.py:208} INFO - Processing /home/patrick/.cache/pypoetry/virtualenvs/airflow-wPbgcfzP-py3.10/lib/python3.10/site-packages/airflow/example_dags/example_dataset_alias_with_no_taskflow.py took 5.013 seconds
[2024-10-03T21:53:42.566-0400] {processor.py:186} INFO - Started process (PID=19249) to work on /home/patrick/.cache/pypoetry/virtualenvs/airflow-wPbgcfzP-py3.10/lib/python3.10/site-packages/airflow/example_dags/example_dataset_alias_with_no_taskflow.py
[2024-10-03T21:53:42.567-0400] {processor.py:914} INFO - Processing file /home/patrick/.cache/pypoetry/virtualenvs/airflow-wPbgcfzP-py3.10/lib/python3.10/site-packages/airflow/example_dags/example_dataset_alias_with_no_taskflow.py for tasks to queue
[2024-10-03T21:53:42.568-0400] {logging_mixin.py:190} INFO - [2024-10-03T21:53:42.568-0400] {dagbag.py:588} INFO - Filling up the DagBag from /home/patrick/.cache/pypoetry/virtualenvs/airflow-wPbgcfzP-py3.10/lib/python3.10/site-packages/airflow/example_dags/example_dataset_alias_with_no_taskflow.py
[2024-10-03T21:53:44.878-0400] {processor.py:925} INFO - DAG(s) 'dataset_s3_bucket_consumer_with_no_taskflow', 'dataset_alias_example_alias_consumer_with_no_taskflow', 'dataset_alias_example_alias_producer_with_no_taskflow', 'dataset_s3_bucket_producer_with_no_taskflow' retrieved from /home/patrick/.cache/pypoetry/virtualenvs/airflow-wPbgcfzP-py3.10/lib/python3.10/site-packages/airflow/example_dags/example_dataset_alias_with_no_taskflow.py
[2024-10-03T21:53:45.501-0400] {logging_mixin.py:190} INFO - [2024-10-03T21:53:45.501-0400] {dag.py:3239} INFO - Sync 4 DAGs
[2024-10-03T21:53:45.827-0400] {logging_mixin.py:190} INFO - [2024-10-03T21:53:45.827-0400] {dag.py:4180} INFO - Setting next_dagrun for dataset_alias_example_alias_consumer_with_no_taskflow to None, run_after=None
[2024-10-03T21:53:45.883-0400] {logging_mixin.py:190} INFO - [2024-10-03T21:53:45.883-0400] {dag.py:4180} INFO - Setting next_dagrun for dataset_alias_example_alias_producer_with_no_taskflow to None, run_after=None
[2024-10-03T21:53:45.931-0400] {logging_mixin.py:190} INFO - [2024-10-03T21:53:45.931-0400] {dag.py:4180} INFO - Setting next_dagrun for dataset_s3_bucket_consumer_with_no_taskflow to None, run_after=None
[2024-10-03T21:53:45.970-0400] {logging_mixin.py:190} INFO - [2024-10-03T21:53:45.970-0400] {dag.py:4180} INFO - Setting next_dagrun for dataset_s3_bucket_producer_with_no_taskflow to None, run_after=None
[2024-10-03T21:53:46.720-0400] {processor.py:208} INFO - Processing /home/patrick/.cache/pypoetry/virtualenvs/airflow-wPbgcfzP-py3.10/lib/python3.10/site-packages/airflow/example_dags/example_dataset_alias_with_no_taskflow.py took 4.159 seconds
[2024-10-03T21:57:35.284-0400] {processor.py:186} INFO - Started process (PID=20250) to work on /home/patrick/.cache/pypoetry/virtualenvs/airflow-wPbgcfzP-py3.10/lib/python3.10/site-packages/airflow/example_dags/example_dataset_alias_with_no_taskflow.py
[2024-10-03T21:57:35.285-0400] {processor.py:914} INFO - Processing file /home/patrick/.cache/pypoetry/virtualenvs/airflow-wPbgcfzP-py3.10/lib/python3.10/site-packages/airflow/example_dags/example_dataset_alias_with_no_taskflow.py for tasks to queue
[2024-10-03T21:57:35.287-0400] {logging_mixin.py:190} INFO - [2024-10-03T21:57:35.287-0400] {dagbag.py:588} INFO - Filling up the DagBag from /home/patrick/.cache/pypoetry/virtualenvs/airflow-wPbgcfzP-py3.10/lib/python3.10/site-packages/airflow/example_dags/example_dataset_alias_with_no_taskflow.py
[2024-10-03T21:57:36.774-0400] {processor.py:925} INFO - DAG(s) 'dataset_s3_bucket_consumer_with_no_taskflow', 'dataset_alias_example_alias_consumer_with_no_taskflow', 'dataset_s3_bucket_producer_with_no_taskflow', 'dataset_alias_example_alias_producer_with_no_taskflow' retrieved from /home/patrick/.cache/pypoetry/virtualenvs/airflow-wPbgcfzP-py3.10/lib/python3.10/site-packages/airflow/example_dags/example_dataset_alias_with_no_taskflow.py
[2024-10-03T21:57:37.423-0400] {logging_mixin.py:190} INFO - [2024-10-03T21:57:37.422-0400] {dag.py:3239} INFO - Sync 4 DAGs
[2024-10-03T21:57:37.748-0400] {logging_mixin.py:190} INFO - [2024-10-03T21:57:37.748-0400] {dag.py:4180} INFO - Setting next_dagrun for dataset_alias_example_alias_consumer_with_no_taskflow to None, run_after=None
[2024-10-03T21:57:37.787-0400] {logging_mixin.py:190} INFO - [2024-10-03T21:57:37.787-0400] {dag.py:4180} INFO - Setting next_dagrun for dataset_alias_example_alias_producer_with_no_taskflow to None, run_after=None
[2024-10-03T21:57:37.827-0400] {logging_mixin.py:190} INFO - [2024-10-03T21:57:37.826-0400] {dag.py:4180} INFO - Setting next_dagrun for dataset_s3_bucket_consumer_with_no_taskflow to None, run_after=None
[2024-10-03T21:57:37.865-0400] {logging_mixin.py:190} INFO - [2024-10-03T21:57:37.865-0400] {dag.py:4180} INFO - Setting next_dagrun for dataset_s3_bucket_producer_with_no_taskflow to None, run_after=None
[2024-10-03T21:57:38.663-0400] {processor.py:208} INFO - Processing /home/patrick/.cache/pypoetry/virtualenvs/airflow-wPbgcfzP-py3.10/lib/python3.10/site-packages/airflow/example_dags/example_dataset_alias_with_no_taskflow.py took 3.382 seconds
[2024-10-03T22:01:47.190-0400] {processor.py:186} INFO - Started process (PID=21326) to work on /home/patrick/.cache/pypoetry/virtualenvs/airflow-wPbgcfzP-py3.10/lib/python3.10/site-packages/airflow/example_dags/example_dataset_alias_with_no_taskflow.py
[2024-10-03T22:01:47.196-0400] {processor.py:914} INFO - Processing file /home/patrick/.cache/pypoetry/virtualenvs/airflow-wPbgcfzP-py3.10/lib/python3.10/site-packages/airflow/example_dags/example_dataset_alias_with_no_taskflow.py for tasks to queue
[2024-10-03T22:01:47.198-0400] {logging_mixin.py:190} INFO - [2024-10-03T22:01:47.198-0400] {dagbag.py:588} INFO - Filling up the DagBag from /home/patrick/.cache/pypoetry/virtualenvs/airflow-wPbgcfzP-py3.10/lib/python3.10/site-packages/airflow/example_dags/example_dataset_alias_with_no_taskflow.py
[2024-10-03T22:01:49.022-0400] {processor.py:925} INFO - DAG(s) 'dataset_s3_bucket_consumer_with_no_taskflow', 'dataset_alias_example_alias_consumer_with_no_taskflow', 'dataset_alias_example_alias_producer_with_no_taskflow', 'dataset_s3_bucket_producer_with_no_taskflow' retrieved from /home/patrick/.cache/pypoetry/virtualenvs/airflow-wPbgcfzP-py3.10/lib/python3.10/site-packages/airflow/example_dags/example_dataset_alias_with_no_taskflow.py
[2024-10-03T22:01:49.693-0400] {logging_mixin.py:190} INFO - [2024-10-03T22:01:49.693-0400] {dag.py:3239} INFO - Sync 4 DAGs
[2024-10-03T22:01:50.192-0400] {logging_mixin.py:190} INFO - [2024-10-03T22:01:50.192-0400] {dag.py:4180} INFO - Setting next_dagrun for dataset_alias_example_alias_consumer_with_no_taskflow to None, run_after=None
[2024-10-03T22:01:50.513-0400] {logging_mixin.py:190} INFO - [2024-10-03T22:01:50.513-0400] {dag.py:4180} INFO - Setting next_dagrun for dataset_alias_example_alias_producer_with_no_taskflow to None, run_after=None
[2024-10-03T22:01:50.561-0400] {logging_mixin.py:190} INFO - [2024-10-03T22:01:50.561-0400] {dag.py:4180} INFO - Setting next_dagrun for dataset_s3_bucket_consumer_with_no_taskflow to None, run_after=None
[2024-10-03T22:01:50.623-0400] {logging_mixin.py:190} INFO - [2024-10-03T22:01:50.622-0400] {dag.py:4180} INFO - Setting next_dagrun for dataset_s3_bucket_producer_with_no_taskflow to None, run_after=None
[2024-10-03T22:01:51.806-0400] {processor.py:208} INFO - Processing /home/patrick/.cache/pypoetry/virtualenvs/airflow-wPbgcfzP-py3.10/lib/python3.10/site-packages/airflow/example_dags/example_dataset_alias_with_no_taskflow.py took 4.620 seconds
[2024-10-03T22:06:32.764-0400] {processor.py:186} INFO - Started process (PID=22538) to work on /home/patrick/.cache/pypoetry/virtualenvs/airflow-wPbgcfzP-py3.10/lib/python3.10/site-packages/airflow/example_dags/example_dataset_alias_with_no_taskflow.py
[2024-10-03T22:06:32.765-0400] {processor.py:914} INFO - Processing file /home/patrick/.cache/pypoetry/virtualenvs/airflow-wPbgcfzP-py3.10/lib/python3.10/site-packages/airflow/example_dags/example_dataset_alias_with_no_taskflow.py for tasks to queue
[2024-10-03T22:06:32.766-0400] {logging_mixin.py:190} INFO - [2024-10-03T22:06:32.766-0400] {dagbag.py:588} INFO - Filling up the DagBag from /home/patrick/.cache/pypoetry/virtualenvs/airflow-wPbgcfzP-py3.10/lib/python3.10/site-packages/airflow/example_dags/example_dataset_alias_with_no_taskflow.py
[2024-10-03T22:06:37.615-0400] {processor.py:925} INFO - DAG(s) 'dataset_alias_example_alias_consumer_with_no_taskflow', 'dataset_alias_example_alias_producer_with_no_taskflow', 'dataset_s3_bucket_producer_with_no_taskflow', 'dataset_s3_bucket_consumer_with_no_taskflow' retrieved from /home/patrick/.cache/pypoetry/virtualenvs/airflow-wPbgcfzP-py3.10/lib/python3.10/site-packages/airflow/example_dags/example_dataset_alias_with_no_taskflow.py
[2024-10-03T22:06:38.225-0400] {logging_mixin.py:190} INFO - [2024-10-03T22:06:38.225-0400] {dag.py:3239} INFO - Sync 4 DAGs
[2024-10-03T22:06:38.421-0400] {logging_mixin.py:190} INFO - [2024-10-03T22:06:38.420-0400] {dag.py:4180} INFO - Setting next_dagrun for dataset_alias_example_alias_consumer_with_no_taskflow to None, run_after=None
[2024-10-03T22:06:38.470-0400] {logging_mixin.py:190} INFO - [2024-10-03T22:06:38.470-0400] {dag.py:4180} INFO - Setting next_dagrun for dataset_alias_example_alias_producer_with_no_taskflow to None, run_after=None
[2024-10-03T22:06:38.536-0400] {logging_mixin.py:190} INFO - [2024-10-03T22:06:38.536-0400] {dag.py:4180} INFO - Setting next_dagrun for dataset_s3_bucket_consumer_with_no_taskflow to None, run_after=None
[2024-10-03T22:06:38.574-0400] {logging_mixin.py:190} INFO - [2024-10-03T22:06:38.574-0400] {dag.py:4180} INFO - Setting next_dagrun for dataset_s3_bucket_producer_with_no_taskflow to None, run_after=None
[2024-10-03T22:06:39.430-0400] {processor.py:208} INFO - Processing /home/patrick/.cache/pypoetry/virtualenvs/airflow-wPbgcfzP-py3.10/lib/python3.10/site-packages/airflow/example_dags/example_dataset_alias_with_no_taskflow.py took 6.670 seconds
[2024-10-03T22:11:46.229-0400] {processor.py:186} INFO - Started process (PID=23954) to work on /home/patrick/.cache/pypoetry/virtualenvs/airflow-wPbgcfzP-py3.10/lib/python3.10/site-packages/airflow/example_dags/example_dataset_alias_with_no_taskflow.py
[2024-10-03T22:11:46.230-0400] {processor.py:914} INFO - Processing file /home/patrick/.cache/pypoetry/virtualenvs/airflow-wPbgcfzP-py3.10/lib/python3.10/site-packages/airflow/example_dags/example_dataset_alias_with_no_taskflow.py for tasks to queue
[2024-10-03T22:11:46.232-0400] {logging_mixin.py:190} INFO - [2024-10-03T22:11:46.232-0400] {dagbag.py:588} INFO - Filling up the DagBag from /home/patrick/.cache/pypoetry/virtualenvs/airflow-wPbgcfzP-py3.10/lib/python3.10/site-packages/airflow/example_dags/example_dataset_alias_with_no_taskflow.py
[2024-10-03T22:11:49.393-0400] {processor.py:925} INFO - DAG(s) 'dataset_s3_bucket_producer_with_no_taskflow', 'dataset_s3_bucket_consumer_with_no_taskflow', 'dataset_alias_example_alias_consumer_with_no_taskflow', 'dataset_alias_example_alias_producer_with_no_taskflow' retrieved from /home/patrick/.cache/pypoetry/virtualenvs/airflow-wPbgcfzP-py3.10/lib/python3.10/site-packages/airflow/example_dags/example_dataset_alias_with_no_taskflow.py
[2024-10-03T22:11:50.442-0400] {logging_mixin.py:190} INFO - [2024-10-03T22:11:50.442-0400] {dag.py:3239} INFO - Sync 4 DAGs
[2024-10-03T22:11:50.926-0400] {logging_mixin.py:190} INFO - [2024-10-03T22:11:50.926-0400] {dag.py:4180} INFO - Setting next_dagrun for dataset_alias_example_alias_consumer_with_no_taskflow to None, run_after=None
[2024-10-03T22:11:50.966-0400] {logging_mixin.py:190} INFO - [2024-10-03T22:11:50.966-0400] {dag.py:4180} INFO - Setting next_dagrun for dataset_alias_example_alias_producer_with_no_taskflow to None, run_after=None
[2024-10-03T22:11:51.015-0400] {logging_mixin.py:190} INFO - [2024-10-03T22:11:51.015-0400] {dag.py:4180} INFO - Setting next_dagrun for dataset_s3_bucket_consumer_with_no_taskflow to None, run_after=None
[2024-10-03T22:11:51.063-0400] {logging_mixin.py:190} INFO - [2024-10-03T22:11:51.062-0400] {dag.py:4180} INFO - Setting next_dagrun for dataset_s3_bucket_producer_with_no_taskflow to None, run_after=None
[2024-10-03T22:11:51.971-0400] {processor.py:208} INFO - Processing /home/patrick/.cache/pypoetry/virtualenvs/airflow-wPbgcfzP-py3.10/lib/python3.10/site-packages/airflow/example_dags/example_dataset_alias_with_no_taskflow.py took 5.747 seconds
[2024-10-03T22:17:55.950-0400] {processor.py:186} INFO - Started process (PID=25634) to work on /home/patrick/.cache/pypoetry/virtualenvs/airflow-wPbgcfzP-py3.10/lib/python3.10/site-packages/airflow/example_dags/example_dataset_alias_with_no_taskflow.py
[2024-10-03T22:17:55.951-0400] {processor.py:914} INFO - Processing file /home/patrick/.cache/pypoetry/virtualenvs/airflow-wPbgcfzP-py3.10/lib/python3.10/site-packages/airflow/example_dags/example_dataset_alias_with_no_taskflow.py for tasks to queue
[2024-10-03T22:17:55.952-0400] {logging_mixin.py:190} INFO - [2024-10-03T22:17:55.952-0400] {dagbag.py:588} INFO - Filling up the DagBag from /home/patrick/.cache/pypoetry/virtualenvs/airflow-wPbgcfzP-py3.10/lib/python3.10/site-packages/airflow/example_dags/example_dataset_alias_with_no_taskflow.py
[2024-10-03T22:17:59.629-0400] {processor.py:925} INFO - DAG(s) 'dataset_s3_bucket_consumer_with_no_taskflow', 'dataset_s3_bucket_producer_with_no_taskflow', 'dataset_alias_example_alias_consumer_with_no_taskflow', 'dataset_alias_example_alias_producer_with_no_taskflow' retrieved from /home/patrick/.cache/pypoetry/virtualenvs/airflow-wPbgcfzP-py3.10/lib/python3.10/site-packages/airflow/example_dags/example_dataset_alias_with_no_taskflow.py
[2024-10-03T22:18:00.495-0400] {logging_mixin.py:190} INFO - [2024-10-03T22:18:00.494-0400] {dag.py:3239} INFO - Sync 4 DAGs
[2024-10-03T22:18:00.651-0400] {logging_mixin.py:190} INFO - [2024-10-03T22:18:00.651-0400] {dag.py:4180} INFO - Setting next_dagrun for dataset_alias_example_alias_consumer_with_no_taskflow to None, run_after=None
[2024-10-03T22:18:00.690-0400] {logging_mixin.py:190} INFO - [2024-10-03T22:18:00.690-0400] {dag.py:4180} INFO - Setting next_dagrun for dataset_alias_example_alias_producer_with_no_taskflow to None, run_after=None
[2024-10-03T22:18:00.740-0400] {logging_mixin.py:190} INFO - [2024-10-03T22:18:00.740-0400] {dag.py:4180} INFO - Setting next_dagrun for dataset_s3_bucket_consumer_with_no_taskflow to None, run_after=None
[2024-10-03T22:18:00.800-0400] {logging_mixin.py:190} INFO - [2024-10-03T22:18:00.800-0400] {dag.py:4180} INFO - Setting next_dagrun for dataset_s3_bucket_producer_with_no_taskflow to None, run_after=None
[2024-10-03T22:18:01.722-0400] {processor.py:208} INFO - Processing /home/patrick/.cache/pypoetry/virtualenvs/airflow-wPbgcfzP-py3.10/lib/python3.10/site-packages/airflow/example_dags/example_dataset_alias_with_no_taskflow.py took 5.776 seconds
[2024-10-03T22:21:35.016-0400] {processor.py:186} INFO - Started process (PID=26596) to work on /home/patrick/.cache/pypoetry/virtualenvs/airflow-wPbgcfzP-py3.10/lib/python3.10/site-packages/airflow/example_dags/example_dataset_alias_with_no_taskflow.py
[2024-10-03T22:21:35.017-0400] {processor.py:914} INFO - Processing file /home/patrick/.cache/pypoetry/virtualenvs/airflow-wPbgcfzP-py3.10/lib/python3.10/site-packages/airflow/example_dags/example_dataset_alias_with_no_taskflow.py for tasks to queue
[2024-10-03T22:21:35.018-0400] {logging_mixin.py:190} INFO - [2024-10-03T22:21:35.018-0400] {dagbag.py:588} INFO - Filling up the DagBag from /home/patrick/.cache/pypoetry/virtualenvs/airflow-wPbgcfzP-py3.10/lib/python3.10/site-packages/airflow/example_dags/example_dataset_alias_with_no_taskflow.py
[2024-10-03T22:21:38.539-0400] {processor.py:925} INFO - DAG(s) 'dataset_alias_example_alias_consumer_with_no_taskflow', 'dataset_alias_example_alias_producer_with_no_taskflow', 'dataset_s3_bucket_consumer_with_no_taskflow', 'dataset_s3_bucket_producer_with_no_taskflow' retrieved from /home/patrick/.cache/pypoetry/virtualenvs/airflow-wPbgcfzP-py3.10/lib/python3.10/site-packages/airflow/example_dags/example_dataset_alias_with_no_taskflow.py
[2024-10-03T22:21:39.139-0400] {logging_mixin.py:190} INFO - [2024-10-03T22:21:39.139-0400] {dag.py:3239} INFO - Sync 4 DAGs
[2024-10-03T22:21:39.304-0400] {logging_mixin.py:190} INFO - [2024-10-03T22:21:39.303-0400] {dag.py:4180} INFO - Setting next_dagrun for dataset_alias_example_alias_consumer_with_no_taskflow to None, run_after=None
[2024-10-03T22:21:39.379-0400] {logging_mixin.py:190} INFO - [2024-10-03T22:21:39.378-0400] {dag.py:4180} INFO - Setting next_dagrun for dataset_alias_example_alias_producer_with_no_taskflow to None, run_after=None
[2024-10-03T22:21:39.426-0400] {logging_mixin.py:190} INFO - [2024-10-03T22:21:39.426-0400] {dag.py:4180} INFO - Setting next_dagrun for dataset_s3_bucket_consumer_with_no_taskflow to None, run_after=None
[2024-10-03T22:21:39.466-0400] {logging_mixin.py:190} INFO - [2024-10-03T22:21:39.465-0400] {dag.py:4180} INFO - Setting next_dagrun for dataset_s3_bucket_producer_with_no_taskflow to None, run_after=None
[2024-10-03T22:21:40.282-0400] {processor.py:208} INFO - Processing /home/patrick/.cache/pypoetry/virtualenvs/airflow-wPbgcfzP-py3.10/lib/python3.10/site-packages/airflow/example_dags/example_dataset_alias_with_no_taskflow.py took 5.270 seconds
[2024-10-03T22:26:35.720-0400] {processor.py:186} INFO - Started process (PID=27968) to work on /home/patrick/.cache/pypoetry/virtualenvs/airflow-wPbgcfzP-py3.10/lib/python3.10/site-packages/airflow/example_dags/example_dataset_alias_with_no_taskflow.py
[2024-10-03T22:26:35.721-0400] {processor.py:914} INFO - Processing file /home/patrick/.cache/pypoetry/virtualenvs/airflow-wPbgcfzP-py3.10/lib/python3.10/site-packages/airflow/example_dags/example_dataset_alias_with_no_taskflow.py for tasks to queue
[2024-10-03T22:26:35.723-0400] {logging_mixin.py:190} INFO - [2024-10-03T22:26:35.723-0400] {dagbag.py:588} INFO - Filling up the DagBag from /home/patrick/.cache/pypoetry/virtualenvs/airflow-wPbgcfzP-py3.10/lib/python3.10/site-packages/airflow/example_dags/example_dataset_alias_with_no_taskflow.py
[2024-10-03T22:26:45.137-0400] {processor.py:925} INFO - DAG(s) 'dataset_s3_bucket_producer_with_no_taskflow', 'dataset_alias_example_alias_producer_with_no_taskflow', 'dataset_s3_bucket_consumer_with_no_taskflow', 'dataset_alias_example_alias_consumer_with_no_taskflow' retrieved from /home/patrick/.cache/pypoetry/virtualenvs/airflow-wPbgcfzP-py3.10/lib/python3.10/site-packages/airflow/example_dags/example_dataset_alias_with_no_taskflow.py
[2024-10-03T22:26:46.032-0400] {logging_mixin.py:190} INFO - [2024-10-03T22:26:46.031-0400] {dag.py:3239} INFO - Sync 4 DAGs
[2024-10-03T22:26:46.297-0400] {logging_mixin.py:190} INFO - [2024-10-03T22:26:46.297-0400] {dag.py:4180} INFO - Setting next_dagrun for dataset_alias_example_alias_consumer_with_no_taskflow to None, run_after=None
[2024-10-03T22:26:46.341-0400] {logging_mixin.py:190} INFO - [2024-10-03T22:26:46.340-0400] {dag.py:4180} INFO - Setting next_dagrun for dataset_alias_example_alias_producer_with_no_taskflow to None, run_after=None
[2024-10-03T22:26:46.403-0400] {logging_mixin.py:190} INFO - [2024-10-03T22:26:46.403-0400] {dag.py:4180} INFO - Setting next_dagrun for dataset_s3_bucket_consumer_with_no_taskflow to None, run_after=None
[2024-10-03T22:26:46.447-0400] {logging_mixin.py:190} INFO - [2024-10-03T22:26:46.446-0400] {dag.py:4180} INFO - Setting next_dagrun for dataset_s3_bucket_producer_with_no_taskflow to None, run_after=None
[2024-10-03T22:26:47.224-0400] {processor.py:208} INFO - Processing /home/patrick/.cache/pypoetry/virtualenvs/airflow-wPbgcfzP-py3.10/lib/python3.10/site-packages/airflow/example_dags/example_dataset_alias_with_no_taskflow.py took 11.508 seconds
[2024-10-03T22:33:44.147-0400] {processor.py:186} INFO - Started process (PID=29858) to work on /home/patrick/.cache/pypoetry/virtualenvs/airflow-wPbgcfzP-py3.10/lib/python3.10/site-packages/airflow/example_dags/example_dataset_alias_with_no_taskflow.py
[2024-10-03T22:33:44.148-0400] {processor.py:914} INFO - Processing file /home/patrick/.cache/pypoetry/virtualenvs/airflow-wPbgcfzP-py3.10/lib/python3.10/site-packages/airflow/example_dags/example_dataset_alias_with_no_taskflow.py for tasks to queue
[2024-10-03T22:33:44.149-0400] {logging_mixin.py:190} INFO - [2024-10-03T22:33:44.149-0400] {dagbag.py:588} INFO - Filling up the DagBag from /home/patrick/.cache/pypoetry/virtualenvs/airflow-wPbgcfzP-py3.10/lib/python3.10/site-packages/airflow/example_dags/example_dataset_alias_with_no_taskflow.py
[2024-10-03T22:33:46.237-0400] {processor.py:925} INFO - DAG(s) 'dataset_s3_bucket_consumer_with_no_taskflow', 'dataset_alias_example_alias_producer_with_no_taskflow', 'dataset_alias_example_alias_consumer_with_no_taskflow', 'dataset_s3_bucket_producer_with_no_taskflow' retrieved from /home/patrick/.cache/pypoetry/virtualenvs/airflow-wPbgcfzP-py3.10/lib/python3.10/site-packages/airflow/example_dags/example_dataset_alias_with_no_taskflow.py
[2024-10-03T22:33:46.926-0400] {logging_mixin.py:190} INFO - [2024-10-03T22:33:46.925-0400] {dag.py:3239} INFO - Sync 4 DAGs
[2024-10-03T22:33:47.246-0400] {logging_mixin.py:190} INFO - [2024-10-03T22:33:47.246-0400] {dag.py:4180} INFO - Setting next_dagrun for dataset_alias_example_alias_consumer_with_no_taskflow to None, run_after=None
[2024-10-03T22:33:47.284-0400] {logging_mixin.py:190} INFO - [2024-10-03T22:33:47.284-0400] {dag.py:4180} INFO - Setting next_dagrun for dataset_alias_example_alias_producer_with_no_taskflow to None, run_after=None
[2024-10-03T22:33:47.333-0400] {logging_mixin.py:190} INFO - [2024-10-03T22:33:47.333-0400] {dag.py:4180} INFO - Setting next_dagrun for dataset_s3_bucket_consumer_with_no_taskflow to None, run_after=None
[2024-10-03T22:33:47.383-0400] {logging_mixin.py:190} INFO - [2024-10-03T22:33:47.383-0400] {dag.py:4180} INFO - Setting next_dagrun for dataset_s3_bucket_producer_with_no_taskflow to None, run_after=None
[2024-10-03T22:33:48.574-0400] {processor.py:208} INFO - Processing /home/patrick/.cache/pypoetry/virtualenvs/airflow-wPbgcfzP-py3.10/lib/python3.10/site-packages/airflow/example_dags/example_dataset_alias_with_no_taskflow.py took 4.431 seconds
[2024-10-03T22:39:23.364-0400] {processor.py:186} INFO - Started process (PID=31437) to work on /home/patrick/.cache/pypoetry/virtualenvs/airflow-wPbgcfzP-py3.10/lib/python3.10/site-packages/airflow/example_dags/example_dataset_alias_with_no_taskflow.py
[2024-10-03T22:39:23.365-0400] {processor.py:914} INFO - Processing file /home/patrick/.cache/pypoetry/virtualenvs/airflow-wPbgcfzP-py3.10/lib/python3.10/site-packages/airflow/example_dags/example_dataset_alias_with_no_taskflow.py for tasks to queue
[2024-10-03T22:39:23.367-0400] {logging_mixin.py:190} INFO - [2024-10-03T22:39:23.366-0400] {dagbag.py:588} INFO - Filling up the DagBag from /home/patrick/.cache/pypoetry/virtualenvs/airflow-wPbgcfzP-py3.10/lib/python3.10/site-packages/airflow/example_dags/example_dataset_alias_with_no_taskflow.py
[2024-10-03T22:39:28.692-0400] {processor.py:925} INFO - DAG(s) 'dataset_alias_example_alias_producer_with_no_taskflow', 'dataset_s3_bucket_producer_with_no_taskflow', 'dataset_alias_example_alias_consumer_with_no_taskflow', 'dataset_s3_bucket_consumer_with_no_taskflow' retrieved from /home/patrick/.cache/pypoetry/virtualenvs/airflow-wPbgcfzP-py3.10/lib/python3.10/site-packages/airflow/example_dags/example_dataset_alias_with_no_taskflow.py
[2024-10-03T22:39:29.635-0400] {logging_mixin.py:190} INFO - [2024-10-03T22:39:29.635-0400] {dag.py:3239} INFO - Sync 4 DAGs
[2024-10-03T22:39:30.027-0400] {logging_mixin.py:190} INFO - [2024-10-03T22:39:30.027-0400] {dag.py:4180} INFO - Setting next_dagrun for dataset_alias_example_alias_consumer_with_no_taskflow to None, run_after=None
[2024-10-03T22:39:30.085-0400] {logging_mixin.py:190} INFO - [2024-10-03T22:39:30.085-0400] {dag.py:4180} INFO - Setting next_dagrun for dataset_alias_example_alias_producer_with_no_taskflow to None, run_after=None
[2024-10-03T22:39:30.125-0400] {logging_mixin.py:190} INFO - [2024-10-03T22:39:30.125-0400] {dag.py:4180} INFO - Setting next_dagrun for dataset_s3_bucket_consumer_with_no_taskflow to None, run_after=None
[2024-10-03T22:39:30.164-0400] {logging_mixin.py:190} INFO - [2024-10-03T22:39:30.164-0400] {dag.py:4180} INFO - Setting next_dagrun for dataset_s3_bucket_producer_with_no_taskflow to None, run_after=None
[2024-10-03T22:39:31.128-0400] {processor.py:208} INFO - Processing /home/patrick/.cache/pypoetry/virtualenvs/airflow-wPbgcfzP-py3.10/lib/python3.10/site-packages/airflow/example_dags/example_dataset_alias_with_no_taskflow.py took 7.768 seconds
[2024-10-03T22:45:39.231-0400] {processor.py:186} INFO - Started process (PID=33192) to work on /home/patrick/.cache/pypoetry/virtualenvs/airflow-wPbgcfzP-py3.10/lib/python3.10/site-packages/airflow/example_dags/example_dataset_alias_with_no_taskflow.py
[2024-10-03T22:45:39.232-0400] {processor.py:914} INFO - Processing file /home/patrick/.cache/pypoetry/virtualenvs/airflow-wPbgcfzP-py3.10/lib/python3.10/site-packages/airflow/example_dags/example_dataset_alias_with_no_taskflow.py for tasks to queue
[2024-10-03T22:45:39.233-0400] {logging_mixin.py:190} INFO - [2024-10-03T22:45:39.233-0400] {dagbag.py:588} INFO - Filling up the DagBag from /home/patrick/.cache/pypoetry/virtualenvs/airflow-wPbgcfzP-py3.10/lib/python3.10/site-packages/airflow/example_dags/example_dataset_alias_with_no_taskflow.py
[2024-10-03T22:45:44.282-0400] {processor.py:925} INFO - DAG(s) 'dataset_s3_bucket_consumer_with_no_taskflow', 'dataset_alias_example_alias_consumer_with_no_taskflow', 'dataset_s3_bucket_producer_with_no_taskflow', 'dataset_alias_example_alias_producer_with_no_taskflow' retrieved from /home/patrick/.cache/pypoetry/virtualenvs/airflow-wPbgcfzP-py3.10/lib/python3.10/site-packages/airflow/example_dags/example_dataset_alias_with_no_taskflow.py
[2024-10-03T22:45:45.108-0400] {logging_mixin.py:190} INFO - [2024-10-03T22:45:45.107-0400] {dag.py:3239} INFO - Sync 4 DAGs
[2024-10-03T22:45:45.516-0400] {logging_mixin.py:190} INFO - [2024-10-03T22:45:45.516-0400] {dag.py:4180} INFO - Setting next_dagrun for dataset_alias_example_alias_consumer_with_no_taskflow to None, run_after=None
[2024-10-03T22:45:45.558-0400] {logging_mixin.py:190} INFO - [2024-10-03T22:45:45.558-0400] {dag.py:4180} INFO - Setting next_dagrun for dataset_alias_example_alias_producer_with_no_taskflow to None, run_after=None
[2024-10-03T22:45:45.613-0400] {logging_mixin.py:190} INFO - [2024-10-03T22:45:45.613-0400] {dag.py:4180} INFO - Setting next_dagrun for dataset_s3_bucket_consumer_with_no_taskflow to None, run_after=None
[2024-10-03T22:45:45.653-0400] {logging_mixin.py:190} INFO - [2024-10-03T22:45:45.652-0400] {dag.py:4180} INFO - Setting next_dagrun for dataset_s3_bucket_producer_with_no_taskflow to None, run_after=None
[2024-10-03T22:45:46.701-0400] {processor.py:208} INFO - Processing /home/patrick/.cache/pypoetry/virtualenvs/airflow-wPbgcfzP-py3.10/lib/python3.10/site-packages/airflow/example_dags/example_dataset_alias_with_no_taskflow.py took 7.473 seconds
[2024-10-03T22:49:33.430-0400] {processor.py:186} INFO - Started process (PID=34268) to work on /home/patrick/.cache/pypoetry/virtualenvs/airflow-wPbgcfzP-py3.10/lib/python3.10/site-packages/airflow/example_dags/example_dataset_alias_with_no_taskflow.py
[2024-10-03T22:49:33.431-0400] {processor.py:914} INFO - Processing file /home/patrick/.cache/pypoetry/virtualenvs/airflow-wPbgcfzP-py3.10/lib/python3.10/site-packages/airflow/example_dags/example_dataset_alias_with_no_taskflow.py for tasks to queue
[2024-10-03T22:49:33.433-0400] {logging_mixin.py:190} INFO - [2024-10-03T22:49:33.432-0400] {dagbag.py:588} INFO - Filling up the DagBag from /home/patrick/.cache/pypoetry/virtualenvs/airflow-wPbgcfzP-py3.10/lib/python3.10/site-packages/airflow/example_dags/example_dataset_alias_with_no_taskflow.py
[2024-10-03T22:49:37.429-0400] {processor.py:925} INFO - DAG(s) 'dataset_alias_example_alias_consumer_with_no_taskflow', 'dataset_s3_bucket_producer_with_no_taskflow', 'dataset_alias_example_alias_producer_with_no_taskflow', 'dataset_s3_bucket_consumer_with_no_taskflow' retrieved from /home/patrick/.cache/pypoetry/virtualenvs/airflow-wPbgcfzP-py3.10/lib/python3.10/site-packages/airflow/example_dags/example_dataset_alias_with_no_taskflow.py
[2024-10-03T22:49:38.118-0400] {logging_mixin.py:190} INFO - [2024-10-03T22:49:38.118-0400] {dag.py:3239} INFO - Sync 4 DAGs
[2024-10-03T22:49:38.352-0400] {logging_mixin.py:190} INFO - [2024-10-03T22:49:38.351-0400] {dag.py:4180} INFO - Setting next_dagrun for dataset_alias_example_alias_consumer_with_no_taskflow to None, run_after=None
[2024-10-03T22:49:38.395-0400] {logging_mixin.py:190} INFO - [2024-10-03T22:49:38.395-0400] {dag.py:4180} INFO - Setting next_dagrun for dataset_alias_example_alias_producer_with_no_taskflow to None, run_after=None
[2024-10-03T22:49:38.438-0400] {logging_mixin.py:190} INFO - [2024-10-03T22:49:38.438-0400] {dag.py:4180} INFO - Setting next_dagrun for dataset_s3_bucket_consumer_with_no_taskflow to None, run_after=None
[2024-10-03T22:49:38.487-0400] {logging_mixin.py:190} INFO - [2024-10-03T22:49:38.487-0400] {dag.py:4180} INFO - Setting next_dagrun for dataset_s3_bucket_producer_with_no_taskflow to None, run_after=None
[2024-10-03T22:49:39.317-0400] {processor.py:208} INFO - Processing /home/patrick/.cache/pypoetry/virtualenvs/airflow-wPbgcfzP-py3.10/lib/python3.10/site-packages/airflow/example_dags/example_dataset_alias_with_no_taskflow.py took 5.890 seconds
[2024-10-03T22:58:28.985-0400] {processor.py:186} INFO - Started process (PID=36792) to work on /home/patrick/.cache/pypoetry/virtualenvs/airflow-wPbgcfzP-py3.10/lib/python3.10/site-packages/airflow/example_dags/example_dataset_alias_with_no_taskflow.py
[2024-10-03T22:58:28.986-0400] {processor.py:914} INFO - Processing file /home/patrick/.cache/pypoetry/virtualenvs/airflow-wPbgcfzP-py3.10/lib/python3.10/site-packages/airflow/example_dags/example_dataset_alias_with_no_taskflow.py for tasks to queue
[2024-10-03T22:58:28.989-0400] {logging_mixin.py:190} INFO - [2024-10-03T22:58:28.989-0400] {dagbag.py:588} INFO - Filling up the DagBag from /home/patrick/.cache/pypoetry/virtualenvs/airflow-wPbgcfzP-py3.10/lib/python3.10/site-packages/airflow/example_dags/example_dataset_alias_with_no_taskflow.py
[2024-10-03T22:58:44.269-0400] {processor.py:925} INFO - DAG(s) 'dataset_s3_bucket_consumer_with_no_taskflow', 'dataset_alias_example_alias_consumer_with_no_taskflow', 'dataset_alias_example_alias_producer_with_no_taskflow', 'dataset_s3_bucket_producer_with_no_taskflow' retrieved from /home/patrick/.cache/pypoetry/virtualenvs/airflow-wPbgcfzP-py3.10/lib/python3.10/site-packages/airflow/example_dags/example_dataset_alias_with_no_taskflow.py
[2024-10-03T22:58:45.123-0400] {logging_mixin.py:190} INFO - [2024-10-03T22:58:45.122-0400] {dag.py:3239} INFO - Sync 4 DAGs
[2024-10-03T22:58:45.998-0400] {logging_mixin.py:190} INFO - [2024-10-03T22:58:45.998-0400] {dag.py:4180} INFO - Setting next_dagrun for dataset_alias_example_alias_consumer_with_no_taskflow to None, run_after=None
[2024-10-03T22:58:46.036-0400] {logging_mixin.py:190} INFO - [2024-10-03T22:58:46.036-0400] {dag.py:4180} INFO - Setting next_dagrun for dataset_alias_example_alias_producer_with_no_taskflow to None, run_after=None
[2024-10-03T22:58:46.093-0400] {logging_mixin.py:190} INFO - [2024-10-03T22:58:46.093-0400] {dag.py:4180} INFO - Setting next_dagrun for dataset_s3_bucket_consumer_with_no_taskflow to None, run_after=None
[2024-10-03T22:58:46.160-0400] {logging_mixin.py:190} INFO - [2024-10-03T22:58:46.160-0400] {dag.py:4180} INFO - Setting next_dagrun for dataset_s3_bucket_producer_with_no_taskflow to None, run_after=None
[2024-10-03T22:58:47.239-0400] {processor.py:208} INFO - Processing /home/patrick/.cache/pypoetry/virtualenvs/airflow-wPbgcfzP-py3.10/lib/python3.10/site-packages/airflow/example_dags/example_dataset_alias_with_no_taskflow.py took 18.258 seconds
[2024-10-03T23:05:32.093-0400] {processor.py:186} INFO - Started process (PID=38682) to work on /home/patrick/.cache/pypoetry/virtualenvs/airflow-wPbgcfzP-py3.10/lib/python3.10/site-packages/airflow/example_dags/example_dataset_alias_with_no_taskflow.py
[2024-10-03T23:05:32.095-0400] {processor.py:914} INFO - Processing file /home/patrick/.cache/pypoetry/virtualenvs/airflow-wPbgcfzP-py3.10/lib/python3.10/site-packages/airflow/example_dags/example_dataset_alias_with_no_taskflow.py for tasks to queue
[2024-10-03T23:05:32.097-0400] {logging_mixin.py:190} INFO - [2024-10-03T23:05:32.096-0400] {dagbag.py:588} INFO - Filling up the DagBag from /home/patrick/.cache/pypoetry/virtualenvs/airflow-wPbgcfzP-py3.10/lib/python3.10/site-packages/airflow/example_dags/example_dataset_alias_with_no_taskflow.py
[2024-10-03T23:05:37.749-0400] {processor.py:925} INFO - DAG(s) 'dataset_s3_bucket_producer_with_no_taskflow', 'dataset_alias_example_alias_producer_with_no_taskflow', 'dataset_s3_bucket_consumer_with_no_taskflow', 'dataset_alias_example_alias_consumer_with_no_taskflow' retrieved from /home/patrick/.cache/pypoetry/virtualenvs/airflow-wPbgcfzP-py3.10/lib/python3.10/site-packages/airflow/example_dags/example_dataset_alias_with_no_taskflow.py
[2024-10-03T23:05:38.409-0400] {logging_mixin.py:190} INFO - [2024-10-03T23:05:38.408-0400] {dag.py:3239} INFO - Sync 4 DAGs
[2024-10-03T23:05:38.740-0400] {logging_mixin.py:190} INFO - [2024-10-03T23:05:38.740-0400] {dag.py:4180} INFO - Setting next_dagrun for dataset_alias_example_alias_consumer_with_no_taskflow to None, run_after=None
[2024-10-03T23:05:38.781-0400] {logging_mixin.py:190} INFO - [2024-10-03T23:05:38.781-0400] {dag.py:4180} INFO - Setting next_dagrun for dataset_alias_example_alias_producer_with_no_taskflow to None, run_after=None
[2024-10-03T23:05:38.829-0400] {logging_mixin.py:190} INFO - [2024-10-03T23:05:38.829-0400] {dag.py:4180} INFO - Setting next_dagrun for dataset_s3_bucket_consumer_with_no_taskflow to None, run_after=None
[2024-10-03T23:05:38.874-0400] {logging_mixin.py:190} INFO - [2024-10-03T23:05:38.874-0400] {dag.py:4180} INFO - Setting next_dagrun for dataset_s3_bucket_producer_with_no_taskflow to None, run_after=None
[2024-10-03T23:05:39.859-0400] {processor.py:208} INFO - Processing /home/patrick/.cache/pypoetry/virtualenvs/airflow-wPbgcfzP-py3.10/lib/python3.10/site-packages/airflow/example_dags/example_dataset_alias_with_no_taskflow.py took 7.769 seconds
[2024-10-03T23:10:58.816-0400] {processor.py:186} INFO - Started process (PID=40090) to work on /home/patrick/.cache/pypoetry/virtualenvs/airflow-wPbgcfzP-py3.10/lib/python3.10/site-packages/airflow/example_dags/example_dataset_alias_with_no_taskflow.py
[2024-10-03T23:10:58.817-0400] {processor.py:914} INFO - Processing file /home/patrick/.cache/pypoetry/virtualenvs/airflow-wPbgcfzP-py3.10/lib/python3.10/site-packages/airflow/example_dags/example_dataset_alias_with_no_taskflow.py for tasks to queue
[2024-10-03T23:10:58.819-0400] {logging_mixin.py:190} INFO - [2024-10-03T23:10:58.819-0400] {dagbag.py:588} INFO - Filling up the DagBag from /home/patrick/.cache/pypoetry/virtualenvs/airflow-wPbgcfzP-py3.10/lib/python3.10/site-packages/airflow/example_dags/example_dataset_alias_with_no_taskflow.py
[2024-10-03T23:11:01.542-0400] {processor.py:925} INFO - DAG(s) 'dataset_s3_bucket_consumer_with_no_taskflow', 'dataset_alias_example_alias_producer_with_no_taskflow', 'dataset_s3_bucket_producer_with_no_taskflow', 'dataset_alias_example_alias_consumer_with_no_taskflow' retrieved from /home/patrick/.cache/pypoetry/virtualenvs/airflow-wPbgcfzP-py3.10/lib/python3.10/site-packages/airflow/example_dags/example_dataset_alias_with_no_taskflow.py
[2024-10-03T23:11:02.245-0400] {logging_mixin.py:190} INFO - [2024-10-03T23:11:02.245-0400] {dag.py:3239} INFO - Sync 4 DAGs
[2024-10-03T23:11:02.784-0400] {logging_mixin.py:190} INFO - [2024-10-03T23:11:02.784-0400] {dag.py:4180} INFO - Setting next_dagrun for dataset_alias_example_alias_consumer_with_no_taskflow to None, run_after=None
[2024-10-03T23:11:02.823-0400] {logging_mixin.py:190} INFO - [2024-10-03T23:11:02.823-0400] {dag.py:4180} INFO - Setting next_dagrun for dataset_alias_example_alias_producer_with_no_taskflow to None, run_after=None
[2024-10-03T23:11:02.873-0400] {logging_mixin.py:190} INFO - [2024-10-03T23:11:02.872-0400] {dag.py:4180} INFO - Setting next_dagrun for dataset_s3_bucket_consumer_with_no_taskflow to None, run_after=None
[2024-10-03T23:11:02.915-0400] {logging_mixin.py:190} INFO - [2024-10-03T23:11:02.915-0400] {dag.py:4180} INFO - Setting next_dagrun for dataset_s3_bucket_producer_with_no_taskflow to None, run_after=None
[2024-10-03T23:11:03.698-0400] {processor.py:208} INFO - Processing /home/patrick/.cache/pypoetry/virtualenvs/airflow-wPbgcfzP-py3.10/lib/python3.10/site-packages/airflow/example_dags/example_dataset_alias_with_no_taskflow.py took 4.887 seconds
[2024-10-03T23:15:33.098-0400] {processor.py:186} INFO - Started process (PID=41287) to work on /home/patrick/.cache/pypoetry/virtualenvs/airflow-wPbgcfzP-py3.10/lib/python3.10/site-packages/airflow/example_dags/example_dataset_alias_with_no_taskflow.py
[2024-10-03T23:15:33.100-0400] {processor.py:914} INFO - Processing file /home/patrick/.cache/pypoetry/virtualenvs/airflow-wPbgcfzP-py3.10/lib/python3.10/site-packages/airflow/example_dags/example_dataset_alias_with_no_taskflow.py for tasks to queue
[2024-10-03T23:15:33.103-0400] {logging_mixin.py:190} INFO - [2024-10-03T23:15:33.102-0400] {dagbag.py:588} INFO - Filling up the DagBag from /home/patrick/.cache/pypoetry/virtualenvs/airflow-wPbgcfzP-py3.10/lib/python3.10/site-packages/airflow/example_dags/example_dataset_alias_with_no_taskflow.py
[2024-10-03T23:15:34.853-0400] {processor.py:925} INFO - DAG(s) 'dataset_s3_bucket_consumer_with_no_taskflow', 'dataset_alias_example_alias_consumer_with_no_taskflow', 'dataset_alias_example_alias_producer_with_no_taskflow', 'dataset_s3_bucket_producer_with_no_taskflow' retrieved from /home/patrick/.cache/pypoetry/virtualenvs/airflow-wPbgcfzP-py3.10/lib/python3.10/site-packages/airflow/example_dags/example_dataset_alias_with_no_taskflow.py
[2024-10-03T23:15:35.484-0400] {logging_mixin.py:190} INFO - [2024-10-03T23:15:35.484-0400] {dag.py:3239} INFO - Sync 4 DAGs
[2024-10-03T23:15:35.678-0400] {logging_mixin.py:190} INFO - [2024-10-03T23:15:35.678-0400] {dag.py:4180} INFO - Setting next_dagrun for dataset_alias_example_alias_consumer_with_no_taskflow to None, run_after=None
[2024-10-03T23:15:35.717-0400] {logging_mixin.py:190} INFO - [2024-10-03T23:15:35.717-0400] {dag.py:4180} INFO - Setting next_dagrun for dataset_alias_example_alias_producer_with_no_taskflow to None, run_after=None
[2024-10-03T23:15:35.775-0400] {logging_mixin.py:190} INFO - [2024-10-03T23:15:35.775-0400] {dag.py:4180} INFO - Setting next_dagrun for dataset_s3_bucket_consumer_with_no_taskflow to None, run_after=None
[2024-10-03T23:15:35.814-0400] {logging_mixin.py:190} INFO - [2024-10-03T23:15:35.814-0400] {dag.py:4180} INFO - Setting next_dagrun for dataset_s3_bucket_producer_with_no_taskflow to None, run_after=None
[2024-10-03T23:15:36.499-0400] {processor.py:208} INFO - Processing /home/patrick/.cache/pypoetry/virtualenvs/airflow-wPbgcfzP-py3.10/lib/python3.10/site-packages/airflow/example_dags/example_dataset_alias_with_no_taskflow.py took 3.405 seconds
[2024-10-03T23:19:22.271-0400] {processor.py:186} INFO - Started process (PID=42298) to work on /home/patrick/.cache/pypoetry/virtualenvs/airflow-wPbgcfzP-py3.10/lib/python3.10/site-packages/airflow/example_dags/example_dataset_alias_with_no_taskflow.py
[2024-10-03T23:19:22.272-0400] {processor.py:914} INFO - Processing file /home/patrick/.cache/pypoetry/virtualenvs/airflow-wPbgcfzP-py3.10/lib/python3.10/site-packages/airflow/example_dags/example_dataset_alias_with_no_taskflow.py for tasks to queue
[2024-10-03T23:19:22.274-0400] {logging_mixin.py:190} INFO - [2024-10-03T23:19:22.274-0400] {dagbag.py:588} INFO - Filling up the DagBag from /home/patrick/.cache/pypoetry/virtualenvs/airflow-wPbgcfzP-py3.10/lib/python3.10/site-packages/airflow/example_dags/example_dataset_alias_with_no_taskflow.py
[2024-10-03T23:19:30.035-0400] {processor.py:925} INFO - DAG(s) 'dataset_s3_bucket_producer_with_no_taskflow', 'dataset_alias_example_alias_producer_with_no_taskflow', 'dataset_s3_bucket_consumer_with_no_taskflow', 'dataset_alias_example_alias_consumer_with_no_taskflow' retrieved from /home/patrick/.cache/pypoetry/virtualenvs/airflow-wPbgcfzP-py3.10/lib/python3.10/site-packages/airflow/example_dags/example_dataset_alias_with_no_taskflow.py
[2024-10-03T23:19:30.729-0400] {logging_mixin.py:190} INFO - [2024-10-03T23:19:30.729-0400] {dag.py:3239} INFO - Sync 4 DAGs
[2024-10-03T23:19:31.403-0400] {logging_mixin.py:190} INFO - [2024-10-03T23:19:31.402-0400] {dag.py:4180} INFO - Setting next_dagrun for dataset_alias_example_alias_consumer_with_no_taskflow to None, run_after=None
[2024-10-03T23:19:31.461-0400] {logging_mixin.py:190} INFO - [2024-10-03T23:19:31.461-0400] {dag.py:4180} INFO - Setting next_dagrun for dataset_alias_example_alias_producer_with_no_taskflow to None, run_after=None
[2024-10-03T23:19:31.510-0400] {logging_mixin.py:190} INFO - [2024-10-03T23:19:31.510-0400] {dag.py:4180} INFO - Setting next_dagrun for dataset_s3_bucket_consumer_with_no_taskflow to None, run_after=None
[2024-10-03T23:19:31.562-0400] {logging_mixin.py:190} INFO - [2024-10-03T23:19:31.562-0400] {dag.py:4180} INFO - Setting next_dagrun for dataset_s3_bucket_producer_with_no_taskflow to None, run_after=None
[2024-10-03T23:19:32.514-0400] {processor.py:208} INFO - Processing /home/patrick/.cache/pypoetry/virtualenvs/airflow-wPbgcfzP-py3.10/lib/python3.10/site-packages/airflow/example_dags/example_dataset_alias_with_no_taskflow.py took 10.248 seconds
[2024-10-03T23:24:51.636-0400] {processor.py:186} INFO - Started process (PID=43714) to work on /home/patrick/.cache/pypoetry/virtualenvs/airflow-wPbgcfzP-py3.10/lib/python3.10/site-packages/airflow/example_dags/example_dataset_alias_with_no_taskflow.py
[2024-10-03T23:24:51.636-0400] {processor.py:914} INFO - Processing file /home/patrick/.cache/pypoetry/virtualenvs/airflow-wPbgcfzP-py3.10/lib/python3.10/site-packages/airflow/example_dags/example_dataset_alias_with_no_taskflow.py for tasks to queue
[2024-10-03T23:24:51.638-0400] {logging_mixin.py:190} INFO - [2024-10-03T23:24:51.638-0400] {dagbag.py:588} INFO - Filling up the DagBag from /home/patrick/.cache/pypoetry/virtualenvs/airflow-wPbgcfzP-py3.10/lib/python3.10/site-packages/airflow/example_dags/example_dataset_alias_with_no_taskflow.py
[2024-10-03T23:24:59.861-0400] {processor.py:925} INFO - DAG(s) 'dataset_alias_example_alias_producer_with_no_taskflow', 'dataset_s3_bucket_producer_with_no_taskflow', 'dataset_s3_bucket_consumer_with_no_taskflow', 'dataset_alias_example_alias_consumer_with_no_taskflow' retrieved from /home/patrick/.cache/pypoetry/virtualenvs/airflow-wPbgcfzP-py3.10/lib/python3.10/site-packages/airflow/example_dags/example_dataset_alias_with_no_taskflow.py
[2024-10-03T23:25:00.659-0400] {logging_mixin.py:190} INFO - [2024-10-03T23:25:00.659-0400] {dag.py:3239} INFO - Sync 4 DAGs
[2024-10-03T23:25:01.501-0400] {logging_mixin.py:190} INFO - [2024-10-03T23:25:01.500-0400] {dag.py:4180} INFO - Setting next_dagrun for dataset_alias_example_alias_consumer_with_no_taskflow to None, run_after=None
[2024-10-03T23:25:01.566-0400] {logging_mixin.py:190} INFO - [2024-10-03T23:25:01.565-0400] {dag.py:4180} INFO - Setting next_dagrun for dataset_alias_example_alias_producer_with_no_taskflow to None, run_after=None
[2024-10-03T23:25:01.625-0400] {logging_mixin.py:190} INFO - [2024-10-03T23:25:01.624-0400] {dag.py:4180} INFO - Setting next_dagrun for dataset_s3_bucket_consumer_with_no_taskflow to None, run_after=None
[2024-10-03T23:25:01.664-0400] {logging_mixin.py:190} INFO - [2024-10-03T23:25:01.663-0400] {dag.py:4180} INFO - Setting next_dagrun for dataset_s3_bucket_producer_with_no_taskflow to None, run_after=None
[2024-10-03T23:25:03.243-0400] {processor.py:208} INFO - Processing /home/patrick/.cache/pypoetry/virtualenvs/airflow-wPbgcfzP-py3.10/lib/python3.10/site-packages/airflow/example_dags/example_dataset_alias_with_no_taskflow.py took 11.611 seconds
[2024-10-03T23:29:31.448-0400] {processor.py:186} INFO - Started process (PID=44900) to work on /home/patrick/.cache/pypoetry/virtualenvs/airflow-wPbgcfzP-py3.10/lib/python3.10/site-packages/airflow/example_dags/example_dataset_alias_with_no_taskflow.py
[2024-10-03T23:29:31.449-0400] {processor.py:914} INFO - Processing file /home/patrick/.cache/pypoetry/virtualenvs/airflow-wPbgcfzP-py3.10/lib/python3.10/site-packages/airflow/example_dags/example_dataset_alias_with_no_taskflow.py for tasks to queue
[2024-10-03T23:29:31.451-0400] {logging_mixin.py:190} INFO - [2024-10-03T23:29:31.450-0400] {dagbag.py:588} INFO - Filling up the DagBag from /home/patrick/.cache/pypoetry/virtualenvs/airflow-wPbgcfzP-py3.10/lib/python3.10/site-packages/airflow/example_dags/example_dataset_alias_with_no_taskflow.py
[2024-10-03T23:29:35.502-0400] {processor.py:925} INFO - DAG(s) 'dataset_s3_bucket_producer_with_no_taskflow', 'dataset_alias_example_alias_producer_with_no_taskflow', 'dataset_alias_example_alias_consumer_with_no_taskflow', 'dataset_s3_bucket_consumer_with_no_taskflow' retrieved from /home/patrick/.cache/pypoetry/virtualenvs/airflow-wPbgcfzP-py3.10/lib/python3.10/site-packages/airflow/example_dags/example_dataset_alias_with_no_taskflow.py
[2024-10-03T23:29:36.418-0400] {logging_mixin.py:190} INFO - [2024-10-03T23:29:36.418-0400] {dag.py:3239} INFO - Sync 4 DAGs
[2024-10-03T23:29:36.744-0400] {logging_mixin.py:190} INFO - [2024-10-03T23:29:36.744-0400] {dag.py:4180} INFO - Setting next_dagrun for dataset_alias_example_alias_consumer_with_no_taskflow to None, run_after=None
[2024-10-03T23:29:36.794-0400] {logging_mixin.py:190} INFO - [2024-10-03T23:29:36.794-0400] {dag.py:4180} INFO - Setting next_dagrun for dataset_alias_example_alias_producer_with_no_taskflow to None, run_after=None
[2024-10-03T23:29:36.844-0400] {logging_mixin.py:190} INFO - [2024-10-03T23:29:36.844-0400] {dag.py:4180} INFO - Setting next_dagrun for dataset_s3_bucket_consumer_with_no_taskflow to None, run_after=None
[2024-10-03T23:29:36.891-0400] {logging_mixin.py:190} INFO - [2024-10-03T23:29:36.891-0400] {dag.py:4180} INFO - Setting next_dagrun for dataset_s3_bucket_producer_with_no_taskflow to None, run_after=None
[2024-10-03T23:29:37.729-0400] {processor.py:208} INFO - Processing /home/patrick/.cache/pypoetry/virtualenvs/airflow-wPbgcfzP-py3.10/lib/python3.10/site-packages/airflow/example_dags/example_dataset_alias_with_no_taskflow.py took 6.284 seconds
[2024-10-03T23:33:54.174-0400] {processor.py:186} INFO - Started process (PID=46085) to work on /home/patrick/.cache/pypoetry/virtualenvs/airflow-wPbgcfzP-py3.10/lib/python3.10/site-packages/airflow/example_dags/example_dataset_alias_with_no_taskflow.py
[2024-10-03T23:33:54.175-0400] {processor.py:914} INFO - Processing file /home/patrick/.cache/pypoetry/virtualenvs/airflow-wPbgcfzP-py3.10/lib/python3.10/site-packages/airflow/example_dags/example_dataset_alias_with_no_taskflow.py for tasks to queue
[2024-10-03T23:33:54.176-0400] {logging_mixin.py:190} INFO - [2024-10-03T23:33:54.176-0400] {dagbag.py:588} INFO - Filling up the DagBag from /home/patrick/.cache/pypoetry/virtualenvs/airflow-wPbgcfzP-py3.10/lib/python3.10/site-packages/airflow/example_dags/example_dataset_alias_with_no_taskflow.py
[2024-10-03T23:33:56.365-0400] {processor.py:925} INFO - DAG(s) 'dataset_alias_example_alias_consumer_with_no_taskflow', 'dataset_s3_bucket_producer_with_no_taskflow', 'dataset_s3_bucket_consumer_with_no_taskflow', 'dataset_alias_example_alias_producer_with_no_taskflow' retrieved from /home/patrick/.cache/pypoetry/virtualenvs/airflow-wPbgcfzP-py3.10/lib/python3.10/site-packages/airflow/example_dags/example_dataset_alias_with_no_taskflow.py
[2024-10-03T23:33:57.076-0400] {logging_mixin.py:190} INFO - [2024-10-03T23:33:57.075-0400] {dag.py:3239} INFO - Sync 4 DAGs
[2024-10-03T23:33:57.281-0400] {logging_mixin.py:190} INFO - [2024-10-03T23:33:57.280-0400] {dag.py:4180} INFO - Setting next_dagrun for dataset_alias_example_alias_consumer_with_no_taskflow to None, run_after=None
[2024-10-03T23:33:57.328-0400] {logging_mixin.py:190} INFO - [2024-10-03T23:33:57.328-0400] {dag.py:4180} INFO - Setting next_dagrun for dataset_alias_example_alias_producer_with_no_taskflow to None, run_after=None
[2024-10-03T23:33:57.370-0400] {logging_mixin.py:190} INFO - [2024-10-03T23:33:57.370-0400] {dag.py:4180} INFO - Setting next_dagrun for dataset_s3_bucket_consumer_with_no_taskflow to None, run_after=None
[2024-10-03T23:33:57.426-0400] {logging_mixin.py:190} INFO - [2024-10-03T23:33:57.425-0400] {dag.py:4180} INFO - Setting next_dagrun for dataset_s3_bucket_producer_with_no_taskflow to None, run_after=None
[2024-10-03T23:33:58.222-0400] {processor.py:208} INFO - Processing /home/patrick/.cache/pypoetry/virtualenvs/airflow-wPbgcfzP-py3.10/lib/python3.10/site-packages/airflow/example_dags/example_dataset_alias_with_no_taskflow.py took 4.052 seconds
[2024-10-03T23:36:49.217-0400] {processor.py:186} INFO - Started process (PID=46831) to work on /home/patrick/.cache/pypoetry/virtualenvs/airflow-wPbgcfzP-py3.10/lib/python3.10/site-packages/airflow/example_dags/example_dataset_alias_with_no_taskflow.py
[2024-10-03T23:36:49.217-0400] {processor.py:914} INFO - Processing file /home/patrick/.cache/pypoetry/virtualenvs/airflow-wPbgcfzP-py3.10/lib/python3.10/site-packages/airflow/example_dags/example_dataset_alias_with_no_taskflow.py for tasks to queue
[2024-10-03T23:36:49.219-0400] {logging_mixin.py:190} INFO - [2024-10-03T23:36:49.219-0400] {dagbag.py:588} INFO - Filling up the DagBag from /home/patrick/.cache/pypoetry/virtualenvs/airflow-wPbgcfzP-py3.10/lib/python3.10/site-packages/airflow/example_dags/example_dataset_alias_with_no_taskflow.py
[2024-10-03T23:36:53.834-0400] {processor.py:925} INFO - DAG(s) 'dataset_s3_bucket_consumer_with_no_taskflow', 'dataset_alias_example_alias_consumer_with_no_taskflow', 'dataset_alias_example_alias_producer_with_no_taskflow', 'dataset_s3_bucket_producer_with_no_taskflow' retrieved from /home/patrick/.cache/pypoetry/virtualenvs/airflow-wPbgcfzP-py3.10/lib/python3.10/site-packages/airflow/example_dags/example_dataset_alias_with_no_taskflow.py
[2024-10-03T23:36:54.621-0400] {logging_mixin.py:190} INFO - [2024-10-03T23:36:54.621-0400] {dag.py:3239} INFO - Sync 4 DAGs
[2024-10-03T23:36:55.149-0400] {logging_mixin.py:190} INFO - [2024-10-03T23:36:55.148-0400] {dag.py:4180} INFO - Setting next_dagrun for dataset_alias_example_alias_consumer_with_no_taskflow to None, run_after=None
[2024-10-03T23:36:55.188-0400] {logging_mixin.py:190} INFO - [2024-10-03T23:36:55.188-0400] {dag.py:4180} INFO - Setting next_dagrun for dataset_alias_example_alias_producer_with_no_taskflow to None, run_after=None
[2024-10-03T23:36:55.384-0400] {logging_mixin.py:190} INFO - [2024-10-03T23:36:55.383-0400] {dag.py:4180} INFO - Setting next_dagrun for dataset_s3_bucket_consumer_with_no_taskflow to None, run_after=None
[2024-10-03T23:36:55.430-0400] {logging_mixin.py:190} INFO - [2024-10-03T23:36:55.430-0400] {dag.py:4180} INFO - Setting next_dagrun for dataset_s3_bucket_producer_with_no_taskflow to None, run_after=None
[2024-10-03T23:36:56.346-0400] {processor.py:208} INFO - Processing /home/patrick/.cache/pypoetry/virtualenvs/airflow-wPbgcfzP-py3.10/lib/python3.10/site-packages/airflow/example_dags/example_dataset_alias_with_no_taskflow.py took 7.133 seconds
[2024-10-03T23:40:46.962-0400] {processor.py:186} INFO - Started process (PID=47857) to work on /home/patrick/.cache/pypoetry/virtualenvs/airflow-wPbgcfzP-py3.10/lib/python3.10/site-packages/airflow/example_dags/example_dataset_alias_with_no_taskflow.py
[2024-10-03T23:40:46.963-0400] {processor.py:914} INFO - Processing file /home/patrick/.cache/pypoetry/virtualenvs/airflow-wPbgcfzP-py3.10/lib/python3.10/site-packages/airflow/example_dags/example_dataset_alias_with_no_taskflow.py for tasks to queue
[2024-10-03T23:40:46.965-0400] {logging_mixin.py:190} INFO - [2024-10-03T23:40:46.964-0400] {dagbag.py:588} INFO - Filling up the DagBag from /home/patrick/.cache/pypoetry/virtualenvs/airflow-wPbgcfzP-py3.10/lib/python3.10/site-packages/airflow/example_dags/example_dataset_alias_with_no_taskflow.py
[2024-10-03T23:40:48.921-0400] {processor.py:925} INFO - DAG(s) 'dataset_s3_bucket_consumer_with_no_taskflow', 'dataset_s3_bucket_producer_with_no_taskflow', 'dataset_alias_example_alias_consumer_with_no_taskflow', 'dataset_alias_example_alias_producer_with_no_taskflow' retrieved from /home/patrick/.cache/pypoetry/virtualenvs/airflow-wPbgcfzP-py3.10/lib/python3.10/site-packages/airflow/example_dags/example_dataset_alias_with_no_taskflow.py
[2024-10-03T23:40:49.605-0400] {logging_mixin.py:190} INFO - [2024-10-03T23:40:49.605-0400] {dag.py:3239} INFO - Sync 4 DAGs
[2024-10-03T23:40:49.813-0400] {logging_mixin.py:190} INFO - [2024-10-03T23:40:49.812-0400] {dag.py:4180} INFO - Setting next_dagrun for dataset_alias_example_alias_consumer_with_no_taskflow to None, run_after=None
[2024-10-03T23:40:49.857-0400] {logging_mixin.py:190} INFO - [2024-10-03T23:40:49.857-0400] {dag.py:4180} INFO - Setting next_dagrun for dataset_alias_example_alias_producer_with_no_taskflow to None, run_after=None
[2024-10-03T23:40:49.906-0400] {logging_mixin.py:190} INFO - [2024-10-03T23:40:49.905-0400] {dag.py:4180} INFO - Setting next_dagrun for dataset_s3_bucket_consumer_with_no_taskflow to None, run_after=None
[2024-10-03T23:40:49.954-0400] {logging_mixin.py:190} INFO - [2024-10-03T23:40:49.954-0400] {dag.py:4180} INFO - Setting next_dagrun for dataset_s3_bucket_producer_with_no_taskflow to None, run_after=None
[2024-10-03T23:40:50.877-0400] {processor.py:208} INFO - Processing /home/patrick/.cache/pypoetry/virtualenvs/airflow-wPbgcfzP-py3.10/lib/python3.10/site-packages/airflow/example_dags/example_dataset_alias_with_no_taskflow.py took 3.919 seconds
[2024-10-03T23:45:01.735-0400] {processor.py:186} INFO - Started process (PID=48959) to work on /home/patrick/.cache/pypoetry/virtualenvs/airflow-wPbgcfzP-py3.10/lib/python3.10/site-packages/airflow/example_dags/example_dataset_alias_with_no_taskflow.py
[2024-10-03T23:45:01.736-0400] {processor.py:914} INFO - Processing file /home/patrick/.cache/pypoetry/virtualenvs/airflow-wPbgcfzP-py3.10/lib/python3.10/site-packages/airflow/example_dags/example_dataset_alias_with_no_taskflow.py for tasks to queue
[2024-10-03T23:45:01.737-0400] {logging_mixin.py:190} INFO - [2024-10-03T23:45:01.737-0400] {dagbag.py:588} INFO - Filling up the DagBag from /home/patrick/.cache/pypoetry/virtualenvs/airflow-wPbgcfzP-py3.10/lib/python3.10/site-packages/airflow/example_dags/example_dataset_alias_with_no_taskflow.py
[2024-10-03T23:45:08.839-0400] {processor.py:925} INFO - DAG(s) 'dataset_alias_example_alias_consumer_with_no_taskflow', 'dataset_s3_bucket_producer_with_no_taskflow', 'dataset_alias_example_alias_producer_with_no_taskflow', 'dataset_s3_bucket_consumer_with_no_taskflow' retrieved from /home/patrick/.cache/pypoetry/virtualenvs/airflow-wPbgcfzP-py3.10/lib/python3.10/site-packages/airflow/example_dags/example_dataset_alias_with_no_taskflow.py
[2024-10-03T23:45:09.667-0400] {logging_mixin.py:190} INFO - [2024-10-03T23:45:09.667-0400] {dag.py:3239} INFO - Sync 4 DAGs
[2024-10-03T23:45:10.326-0400] {logging_mixin.py:190} INFO - [2024-10-03T23:45:10.326-0400] {dag.py:4180} INFO - Setting next_dagrun for dataset_alias_example_alias_consumer_with_no_taskflow to None, run_after=None
[2024-10-03T23:45:10.422-0400] {logging_mixin.py:190} INFO - [2024-10-03T23:45:10.421-0400] {dag.py:4180} INFO - Setting next_dagrun for dataset_alias_example_alias_producer_with_no_taskflow to None, run_after=None
[2024-10-03T23:45:10.468-0400] {logging_mixin.py:190} INFO - [2024-10-03T23:45:10.468-0400] {dag.py:4180} INFO - Setting next_dagrun for dataset_s3_bucket_consumer_with_no_taskflow to None, run_after=None
[2024-10-03T23:45:10.562-0400] {logging_mixin.py:190} INFO - [2024-10-03T23:45:10.562-0400] {dag.py:4180} INFO - Setting next_dagrun for dataset_s3_bucket_producer_with_no_taskflow to None, run_after=None
[2024-10-03T23:45:11.633-0400] {processor.py:208} INFO - Processing /home/patrick/.cache/pypoetry/virtualenvs/airflow-wPbgcfzP-py3.10/lib/python3.10/site-packages/airflow/example_dags/example_dataset_alias_with_no_taskflow.py took 9.902 seconds
[2024-10-03T23:49:17.770-0400] {processor.py:186} INFO - Started process (PID=50056) to work on /home/patrick/.cache/pypoetry/virtualenvs/airflow-wPbgcfzP-py3.10/lib/python3.10/site-packages/airflow/example_dags/example_dataset_alias_with_no_taskflow.py
[2024-10-03T23:49:17.771-0400] {processor.py:914} INFO - Processing file /home/patrick/.cache/pypoetry/virtualenvs/airflow-wPbgcfzP-py3.10/lib/python3.10/site-packages/airflow/example_dags/example_dataset_alias_with_no_taskflow.py for tasks to queue
[2024-10-03T23:49:17.773-0400] {logging_mixin.py:190} INFO - [2024-10-03T23:49:17.773-0400] {dagbag.py:588} INFO - Filling up the DagBag from /home/patrick/.cache/pypoetry/virtualenvs/airflow-wPbgcfzP-py3.10/lib/python3.10/site-packages/airflow/example_dags/example_dataset_alias_with_no_taskflow.py
[2024-10-03T23:49:18.975-0400] {processor.py:925} INFO - DAG(s) 'dataset_alias_example_alias_consumer_with_no_taskflow', 'dataset_s3_bucket_consumer_with_no_taskflow', 'dataset_s3_bucket_producer_with_no_taskflow', 'dataset_alias_example_alias_producer_with_no_taskflow' retrieved from /home/patrick/.cache/pypoetry/virtualenvs/airflow-wPbgcfzP-py3.10/lib/python3.10/site-packages/airflow/example_dags/example_dataset_alias_with_no_taskflow.py
[2024-10-03T23:49:19.543-0400] {logging_mixin.py:190} INFO - [2024-10-03T23:49:19.543-0400] {dag.py:3239} INFO - Sync 4 DAGs
[2024-10-03T23:49:19.670-0400] {logging_mixin.py:190} INFO - [2024-10-03T23:49:19.669-0400] {dag.py:4180} INFO - Setting next_dagrun for dataset_alias_example_alias_consumer_with_no_taskflow to None, run_after=None
[2024-10-03T23:49:19.701-0400] {logging_mixin.py:190} INFO - [2024-10-03T23:49:19.701-0400] {dag.py:4180} INFO - Setting next_dagrun for dataset_alias_example_alias_producer_with_no_taskflow to None, run_after=None
[2024-10-03T23:49:19.733-0400] {logging_mixin.py:190} INFO - [2024-10-03T23:49:19.733-0400] {dag.py:4180} INFO - Setting next_dagrun for dataset_s3_bucket_consumer_with_no_taskflow to None, run_after=None
[2024-10-03T23:49:19.764-0400] {logging_mixin.py:190} INFO - [2024-10-03T23:49:19.764-0400] {dag.py:4180} INFO - Setting next_dagrun for dataset_s3_bucket_producer_with_no_taskflow to None, run_after=None
[2024-10-03T23:49:20.655-0400] {processor.py:208} INFO - Processing /home/patrick/.cache/pypoetry/virtualenvs/airflow-wPbgcfzP-py3.10/lib/python3.10/site-packages/airflow/example_dags/example_dataset_alias_with_no_taskflow.py took 2.889 seconds
[2024-10-03T23:53:29.703-0400] {processor.py:186} INFO - Started process (PID=51138) to work on /home/patrick/.cache/pypoetry/virtualenvs/airflow-wPbgcfzP-py3.10/lib/python3.10/site-packages/airflow/example_dags/example_dataset_alias_with_no_taskflow.py
[2024-10-03T23:53:29.704-0400] {processor.py:914} INFO - Processing file /home/patrick/.cache/pypoetry/virtualenvs/airflow-wPbgcfzP-py3.10/lib/python3.10/site-packages/airflow/example_dags/example_dataset_alias_with_no_taskflow.py for tasks to queue
[2024-10-03T23:53:29.705-0400] {logging_mixin.py:190} INFO - [2024-10-03T23:53:29.705-0400] {dagbag.py:588} INFO - Filling up the DagBag from /home/patrick/.cache/pypoetry/virtualenvs/airflow-wPbgcfzP-py3.10/lib/python3.10/site-packages/airflow/example_dags/example_dataset_alias_with_no_taskflow.py
[2024-10-03T23:53:32.368-0400] {processor.py:925} INFO - DAG(s) 'dataset_alias_example_alias_consumer_with_no_taskflow', 'dataset_s3_bucket_producer_with_no_taskflow', 'dataset_s3_bucket_consumer_with_no_taskflow', 'dataset_alias_example_alias_producer_with_no_taskflow' retrieved from /home/patrick/.cache/pypoetry/virtualenvs/airflow-wPbgcfzP-py3.10/lib/python3.10/site-packages/airflow/example_dags/example_dataset_alias_with_no_taskflow.py
[2024-10-03T23:53:32.973-0400] {logging_mixin.py:190} INFO - [2024-10-03T23:53:32.973-0400] {dag.py:3239} INFO - Sync 4 DAGs
[2024-10-03T23:53:33.171-0400] {logging_mixin.py:190} INFO - [2024-10-03T23:53:33.170-0400] {dag.py:4180} INFO - Setting next_dagrun for dataset_alias_example_alias_consumer_with_no_taskflow to None, run_after=None
[2024-10-03T23:53:33.228-0400] {logging_mixin.py:190} INFO - [2024-10-03T23:53:33.228-0400] {dag.py:4180} INFO - Setting next_dagrun for dataset_alias_example_alias_producer_with_no_taskflow to None, run_after=None
[2024-10-03T23:53:33.286-0400] {logging_mixin.py:190} INFO - [2024-10-03T23:53:33.285-0400] {dag.py:4180} INFO - Setting next_dagrun for dataset_s3_bucket_consumer_with_no_taskflow to None, run_after=None
[2024-10-03T23:53:33.348-0400] {logging_mixin.py:190} INFO - [2024-10-03T23:53:33.348-0400] {dag.py:4180} INFO - Setting next_dagrun for dataset_s3_bucket_producer_with_no_taskflow to None, run_after=None
[2024-10-03T23:53:34.248-0400] {processor.py:208} INFO - Processing /home/patrick/.cache/pypoetry/virtualenvs/airflow-wPbgcfzP-py3.10/lib/python3.10/site-packages/airflow/example_dags/example_dataset_alias_with_no_taskflow.py took 4.550 seconds
[2024-10-03T23:57:23.391-0400] {processor.py:186} INFO - Started process (PID=52147) to work on /home/patrick/.cache/pypoetry/virtualenvs/airflow-wPbgcfzP-py3.10/lib/python3.10/site-packages/airflow/example_dags/example_dataset_alias_with_no_taskflow.py
[2024-10-03T23:57:23.392-0400] {processor.py:914} INFO - Processing file /home/patrick/.cache/pypoetry/virtualenvs/airflow-wPbgcfzP-py3.10/lib/python3.10/site-packages/airflow/example_dags/example_dataset_alias_with_no_taskflow.py for tasks to queue
[2024-10-03T23:57:23.394-0400] {logging_mixin.py:190} INFO - [2024-10-03T23:57:23.394-0400] {dagbag.py:588} INFO - Filling up the DagBag from /home/patrick/.cache/pypoetry/virtualenvs/airflow-wPbgcfzP-py3.10/lib/python3.10/site-packages/airflow/example_dags/example_dataset_alias_with_no_taskflow.py
[2024-10-03T23:57:26.726-0400] {processor.py:925} INFO - DAG(s) 'dataset_s3_bucket_consumer_with_no_taskflow', 'dataset_alias_example_alias_consumer_with_no_taskflow', 'dataset_alias_example_alias_producer_with_no_taskflow', 'dataset_s3_bucket_producer_with_no_taskflow' retrieved from /home/patrick/.cache/pypoetry/virtualenvs/airflow-wPbgcfzP-py3.10/lib/python3.10/site-packages/airflow/example_dags/example_dataset_alias_with_no_taskflow.py
[2024-10-03T23:57:27.667-0400] {logging_mixin.py:190} INFO - [2024-10-03T23:57:27.667-0400] {dag.py:3239} INFO - Sync 4 DAGs
[2024-10-03T23:57:28.007-0400] {logging_mixin.py:190} INFO - [2024-10-03T23:57:28.007-0400] {dag.py:4180} INFO - Setting next_dagrun for dataset_alias_example_alias_consumer_with_no_taskflow to None, run_after=None
[2024-10-03T23:57:28.070-0400] {logging_mixin.py:190} INFO - [2024-10-03T23:57:28.070-0400] {dag.py:4180} INFO - Setting next_dagrun for dataset_alias_example_alias_producer_with_no_taskflow to None, run_after=None
[2024-10-03T23:57:28.146-0400] {logging_mixin.py:190} INFO - [2024-10-03T23:57:28.145-0400] {dag.py:4180} INFO - Setting next_dagrun for dataset_s3_bucket_consumer_with_no_taskflow to None, run_after=None
[2024-10-03T23:57:28.204-0400] {logging_mixin.py:190} INFO - [2024-10-03T23:57:28.204-0400] {dag.py:4180} INFO - Setting next_dagrun for dataset_s3_bucket_producer_with_no_taskflow to None, run_after=None
[2024-10-03T23:57:29.586-0400] {processor.py:208} INFO - Processing /home/patrick/.cache/pypoetry/virtualenvs/airflow-wPbgcfzP-py3.10/lib/python3.10/site-packages/airflow/example_dags/example_dataset_alias_with_no_taskflow.py took 6.200 seconds
[2024-10-04T00:01:57.254-0400] {processor.py:186} INFO - Started process (PID=53377) to work on /home/patrick/.cache/pypoetry/virtualenvs/airflow-wPbgcfzP-py3.10/lib/python3.10/site-packages/airflow/example_dags/example_dataset_alias_with_no_taskflow.py
[2024-10-04T00:01:57.255-0400] {processor.py:914} INFO - Processing file /home/patrick/.cache/pypoetry/virtualenvs/airflow-wPbgcfzP-py3.10/lib/python3.10/site-packages/airflow/example_dags/example_dataset_alias_with_no_taskflow.py for tasks to queue
[2024-10-04T00:01:57.257-0400] {logging_mixin.py:190} INFO - [2024-10-04T00:01:57.257-0400] {dagbag.py:588} INFO - Filling up the DagBag from /home/patrick/.cache/pypoetry/virtualenvs/airflow-wPbgcfzP-py3.10/lib/python3.10/site-packages/airflow/example_dags/example_dataset_alias_with_no_taskflow.py
[2024-10-04T00:02:00.706-0400] {processor.py:925} INFO - DAG(s) 'dataset_alias_example_alias_consumer_with_no_taskflow', 'dataset_alias_example_alias_producer_with_no_taskflow', 'dataset_s3_bucket_producer_with_no_taskflow', 'dataset_s3_bucket_consumer_with_no_taskflow' retrieved from /home/patrick/.cache/pypoetry/virtualenvs/airflow-wPbgcfzP-py3.10/lib/python3.10/site-packages/airflow/example_dags/example_dataset_alias_with_no_taskflow.py
[2024-10-04T00:02:01.445-0400] {logging_mixin.py:190} INFO - [2024-10-04T00:02:01.445-0400] {dag.py:3239} INFO - Sync 4 DAGs
[2024-10-04T00:02:01.777-0400] {logging_mixin.py:190} INFO - [2024-10-04T00:02:01.777-0400] {dag.py:4180} INFO - Setting next_dagrun for dataset_alias_example_alias_consumer_with_no_taskflow to None, run_after=None
[2024-10-04T00:02:01.832-0400] {logging_mixin.py:190} INFO - [2024-10-04T00:02:01.832-0400] {dag.py:4180} INFO - Setting next_dagrun for dataset_alias_example_alias_producer_with_no_taskflow to None, run_after=None
[2024-10-04T00:02:01.870-0400] {logging_mixin.py:190} INFO - [2024-10-04T00:02:01.870-0400] {dag.py:4180} INFO - Setting next_dagrun for dataset_s3_bucket_consumer_with_no_taskflow to None, run_after=None
[2024-10-04T00:02:01.908-0400] {logging_mixin.py:190} INFO - [2024-10-04T00:02:01.907-0400] {dag.py:4180} INFO - Setting next_dagrun for dataset_s3_bucket_producer_with_no_taskflow to None, run_after=None
[2024-10-04T00:02:02.924-0400] {processor.py:208} INFO - Processing /home/patrick/.cache/pypoetry/virtualenvs/airflow-wPbgcfzP-py3.10/lib/python3.10/site-packages/airflow/example_dags/example_dataset_alias_with_no_taskflow.py took 5.674 seconds
[2024-10-04T00:06:02.891-0400] {processor.py:186} INFO - Started process (PID=54435) to work on /home/patrick/.cache/pypoetry/virtualenvs/airflow-wPbgcfzP-py3.10/lib/python3.10/site-packages/airflow/example_dags/example_dataset_alias_with_no_taskflow.py
[2024-10-04T00:06:02.892-0400] {processor.py:914} INFO - Processing file /home/patrick/.cache/pypoetry/virtualenvs/airflow-wPbgcfzP-py3.10/lib/python3.10/site-packages/airflow/example_dags/example_dataset_alias_with_no_taskflow.py for tasks to queue
[2024-10-04T00:06:02.894-0400] {logging_mixin.py:190} INFO - [2024-10-04T00:06:02.893-0400] {dagbag.py:588} INFO - Filling up the DagBag from /home/patrick/.cache/pypoetry/virtualenvs/airflow-wPbgcfzP-py3.10/lib/python3.10/site-packages/airflow/example_dags/example_dataset_alias_with_no_taskflow.py
[2024-10-04T00:06:07.787-0400] {processor.py:925} INFO - DAG(s) 'dataset_s3_bucket_consumer_with_no_taskflow', 'dataset_s3_bucket_producer_with_no_taskflow', 'dataset_alias_example_alias_consumer_with_no_taskflow', 'dataset_alias_example_alias_producer_with_no_taskflow' retrieved from /home/patrick/.cache/pypoetry/virtualenvs/airflow-wPbgcfzP-py3.10/lib/python3.10/site-packages/airflow/example_dags/example_dataset_alias_with_no_taskflow.py
[2024-10-04T00:06:08.455-0400] {logging_mixin.py:190} INFO - [2024-10-04T00:06:08.455-0400] {dag.py:3239} INFO - Sync 4 DAGs
[2024-10-04T00:06:08.769-0400] {logging_mixin.py:190} INFO - [2024-10-04T00:06:08.769-0400] {dag.py:4180} INFO - Setting next_dagrun for dataset_alias_example_alias_consumer_with_no_taskflow to None, run_after=None
[2024-10-04T00:06:08.807-0400] {logging_mixin.py:190} INFO - [2024-10-04T00:06:08.807-0400] {dag.py:4180} INFO - Setting next_dagrun for dataset_alias_example_alias_producer_with_no_taskflow to None, run_after=None
[2024-10-04T00:06:08.845-0400] {logging_mixin.py:190} INFO - [2024-10-04T00:06:08.845-0400] {dag.py:4180} INFO - Setting next_dagrun for dataset_s3_bucket_consumer_with_no_taskflow to None, run_after=None
[2024-10-04T00:06:08.885-0400] {logging_mixin.py:190} INFO - [2024-10-04T00:06:08.884-0400] {dag.py:4180} INFO - Setting next_dagrun for dataset_s3_bucket_producer_with_no_taskflow to None, run_after=None
[2024-10-04T00:06:10.181-0400] {processor.py:208} INFO - Processing /home/patrick/.cache/pypoetry/virtualenvs/airflow-wPbgcfzP-py3.10/lib/python3.10/site-packages/airflow/example_dags/example_dataset_alias_with_no_taskflow.py took 7.295 seconds
