[2024-10-03T20:46:48.347-0400] {processor.py:186} INFO - Started process (PID=1580) to work on /home/patrick/.cache/pypoetry/virtualenvs/airflow-wPbgcfzP-py3.10/lib/python3.10/site-packages/airflow/example_dags/example_inlet_event_extra.py
[2024-10-03T20:46:48.348-0400] {processor.py:914} INFO - Processing file /home/patrick/.cache/pypoetry/virtualenvs/airflow-wPbgcfzP-py3.10/lib/python3.10/site-packages/airflow/example_dags/example_inlet_event_extra.py for tasks to queue
[2024-10-03T20:46:48.349-0400] {logging_mixin.py:190} INFO - [2024-10-03T20:46:48.349-0400] {dagbag.py:588} INFO - Filling up the DagBag from /home/patrick/.cache/pypoetry/virtualenvs/airflow-wPbgcfzP-py3.10/lib/python3.10/site-packages/airflow/example_dags/example_inlet_event_extra.py
[2024-10-03T20:46:48.357-0400] {processor.py:925} INFO - DAG(s) 'read_dataset_event_from_classic', 'read_dataset_event' retrieved from /home/patrick/.cache/pypoetry/virtualenvs/airflow-wPbgcfzP-py3.10/lib/python3.10/site-packages/airflow/example_dags/example_inlet_event_extra.py
[2024-10-03T20:46:51.477-0400] {logging_mixin.py:190} INFO - [2024-10-03T20:46:51.477-0400] {dag.py:3239} INFO - Sync 2 DAGs
[2024-10-03T20:46:51.827-0400] {logging_mixin.py:190} INFO - [2024-10-03T20:46:51.827-0400] {dag.py:4180} INFO - Setting next_dagrun for read_dataset_event to 2024-10-03 00:00:00+00:00, run_after=2024-10-04 00:00:00+00:00
[2024-10-03T20:46:51.888-0400] {logging_mixin.py:190} INFO - [2024-10-03T20:46:51.888-0400] {dag.py:4180} INFO - Setting next_dagrun for read_dataset_event_from_classic to 2024-10-03 00:00:00+00:00, run_after=2024-10-04 00:00:00+00:00
[2024-10-03T20:46:53.148-0400] {processor.py:208} INFO - Processing /home/patrick/.cache/pypoetry/virtualenvs/airflow-wPbgcfzP-py3.10/lib/python3.10/site-packages/airflow/example_dags/example_inlet_event_extra.py took 4.805 seconds
[2024-10-03T21:00:13.703-0400] {processor.py:186} INFO - Started process (PID=4986) to work on /home/patrick/.cache/pypoetry/virtualenvs/airflow-wPbgcfzP-py3.10/lib/python3.10/site-packages/airflow/example_dags/example_inlet_event_extra.py
[2024-10-03T21:00:13.705-0400] {processor.py:914} INFO - Processing file /home/patrick/.cache/pypoetry/virtualenvs/airflow-wPbgcfzP-py3.10/lib/python3.10/site-packages/airflow/example_dags/example_inlet_event_extra.py for tasks to queue
[2024-10-03T21:00:13.710-0400] {logging_mixin.py:190} INFO - [2024-10-03T21:00:13.710-0400] {dagbag.py:588} INFO - Filling up the DagBag from /home/patrick/.cache/pypoetry/virtualenvs/airflow-wPbgcfzP-py3.10/lib/python3.10/site-packages/airflow/example_dags/example_inlet_event_extra.py
[2024-10-03T21:00:13.722-0400] {processor.py:925} INFO - DAG(s) 'read_dataset_event', 'read_dataset_event_from_classic' retrieved from /home/patrick/.cache/pypoetry/virtualenvs/airflow-wPbgcfzP-py3.10/lib/python3.10/site-packages/airflow/example_dags/example_inlet_event_extra.py
[2024-10-03T21:00:23.042-0400] {logging_mixin.py:190} INFO - [2024-10-03T21:00:23.042-0400] {dag.py:3239} INFO - Sync 2 DAGs
[2024-10-03T21:00:24.173-0400] {logging_mixin.py:190} INFO - [2024-10-03T21:00:24.173-0400] {dag.py:4180} INFO - Setting next_dagrun for read_dataset_event to 2024-10-03 00:00:00+00:00, run_after=2024-10-04 00:00:00+00:00
[2024-10-03T21:00:24.251-0400] {logging_mixin.py:190} INFO - [2024-10-03T21:00:24.250-0400] {dag.py:4180} INFO - Setting next_dagrun for read_dataset_event_from_classic to 2024-10-03 00:00:00+00:00, run_after=2024-10-04 00:00:00+00:00
[2024-10-03T21:00:25.211-0400] {processor.py:208} INFO - Processing /home/patrick/.cache/pypoetry/virtualenvs/airflow-wPbgcfzP-py3.10/lib/python3.10/site-packages/airflow/example_dags/example_inlet_event_extra.py took 11.512 seconds
[2024-10-03T21:03:56.503-0400] {processor.py:186} INFO - Started process (PID=5922) to work on /home/patrick/.cache/pypoetry/virtualenvs/airflow-wPbgcfzP-py3.10/lib/python3.10/site-packages/airflow/example_dags/example_inlet_event_extra.py
[2024-10-03T21:03:56.504-0400] {processor.py:914} INFO - Processing file /home/patrick/.cache/pypoetry/virtualenvs/airflow-wPbgcfzP-py3.10/lib/python3.10/site-packages/airflow/example_dags/example_inlet_event_extra.py for tasks to queue
[2024-10-03T21:03:56.505-0400] {logging_mixin.py:190} INFO - [2024-10-03T21:03:56.505-0400] {dagbag.py:588} INFO - Filling up the DagBag from /home/patrick/.cache/pypoetry/virtualenvs/airflow-wPbgcfzP-py3.10/lib/python3.10/site-packages/airflow/example_dags/example_inlet_event_extra.py
[2024-10-03T21:03:56.512-0400] {processor.py:925} INFO - DAG(s) 'read_dataset_event_from_classic', 'read_dataset_event' retrieved from /home/patrick/.cache/pypoetry/virtualenvs/airflow-wPbgcfzP-py3.10/lib/python3.10/site-packages/airflow/example_dags/example_inlet_event_extra.py
[2024-10-03T21:03:58.722-0400] {logging_mixin.py:190} INFO - [2024-10-03T21:03:58.722-0400] {dag.py:3239} INFO - Sync 2 DAGs
[2024-10-03T21:03:58.907-0400] {logging_mixin.py:190} INFO - [2024-10-03T21:03:58.906-0400] {dag.py:4180} INFO - Setting next_dagrun for read_dataset_event to 2024-10-03 00:00:00+00:00, run_after=2024-10-04 00:00:00+00:00
[2024-10-03T21:03:58.968-0400] {logging_mixin.py:190} INFO - [2024-10-03T21:03:58.968-0400] {dag.py:4180} INFO - Setting next_dagrun for read_dataset_event_from_classic to 2024-10-03 00:00:00+00:00, run_after=2024-10-04 00:00:00+00:00
[2024-10-03T21:03:59.592-0400] {processor.py:208} INFO - Processing /home/patrick/.cache/pypoetry/virtualenvs/airflow-wPbgcfzP-py3.10/lib/python3.10/site-packages/airflow/example_dags/example_inlet_event_extra.py took 3.093 seconds
[2024-10-03T21:05:57.716-0400] {processor.py:186} INFO - Started process (PID=6449) to work on /home/patrick/.cache/pypoetry/virtualenvs/airflow-wPbgcfzP-py3.10/lib/python3.10/site-packages/airflow/example_dags/example_inlet_event_extra.py
[2024-10-03T21:05:57.717-0400] {processor.py:914} INFO - Processing file /home/patrick/.cache/pypoetry/virtualenvs/airflow-wPbgcfzP-py3.10/lib/python3.10/site-packages/airflow/example_dags/example_inlet_event_extra.py for tasks to queue
[2024-10-03T21:05:57.718-0400] {logging_mixin.py:190} INFO - [2024-10-03T21:05:57.718-0400] {dagbag.py:588} INFO - Filling up the DagBag from /home/patrick/.cache/pypoetry/virtualenvs/airflow-wPbgcfzP-py3.10/lib/python3.10/site-packages/airflow/example_dags/example_inlet_event_extra.py
[2024-10-03T21:05:57.725-0400] {processor.py:925} INFO - DAG(s) 'read_dataset_event_from_classic', 'read_dataset_event' retrieved from /home/patrick/.cache/pypoetry/virtualenvs/airflow-wPbgcfzP-py3.10/lib/python3.10/site-packages/airflow/example_dags/example_inlet_event_extra.py
[2024-10-03T21:06:01.158-0400] {logging_mixin.py:190} INFO - [2024-10-03T21:06:01.158-0400] {dag.py:3239} INFO - Sync 2 DAGs
[2024-10-03T21:06:01.520-0400] {logging_mixin.py:190} INFO - [2024-10-03T21:06:01.519-0400] {dag.py:4180} INFO - Setting next_dagrun for read_dataset_event to 2024-10-03 00:00:00+00:00, run_after=2024-10-04 00:00:00+00:00
[2024-10-03T21:06:01.598-0400] {logging_mixin.py:190} INFO - [2024-10-03T21:06:01.598-0400] {dag.py:4180} INFO - Setting next_dagrun for read_dataset_event_from_classic to 2024-10-03 00:00:00+00:00, run_after=2024-10-04 00:00:00+00:00
[2024-10-03T21:06:02.187-0400] {processor.py:208} INFO - Processing /home/patrick/.cache/pypoetry/virtualenvs/airflow-wPbgcfzP-py3.10/lib/python3.10/site-packages/airflow/example_dags/example_inlet_event_extra.py took 4.474 seconds
[2024-10-03T21:08:16.651-0400] {processor.py:186} INFO - Started process (PID=7046) to work on /home/patrick/.cache/pypoetry/virtualenvs/airflow-wPbgcfzP-py3.10/lib/python3.10/site-packages/airflow/example_dags/example_inlet_event_extra.py
[2024-10-03T21:08:16.652-0400] {processor.py:914} INFO - Processing file /home/patrick/.cache/pypoetry/virtualenvs/airflow-wPbgcfzP-py3.10/lib/python3.10/site-packages/airflow/example_dags/example_inlet_event_extra.py for tasks to queue
[2024-10-03T21:08:16.653-0400] {logging_mixin.py:190} INFO - [2024-10-03T21:08:16.652-0400] {dagbag.py:588} INFO - Filling up the DagBag from /home/patrick/.cache/pypoetry/virtualenvs/airflow-wPbgcfzP-py3.10/lib/python3.10/site-packages/airflow/example_dags/example_inlet_event_extra.py
[2024-10-03T21:08:16.659-0400] {processor.py:925} INFO - DAG(s) 'read_dataset_event', 'read_dataset_event_from_classic' retrieved from /home/patrick/.cache/pypoetry/virtualenvs/airflow-wPbgcfzP-py3.10/lib/python3.10/site-packages/airflow/example_dags/example_inlet_event_extra.py
[2024-10-03T21:08:27.575-0400] {logging_mixin.py:190} INFO - [2024-10-03T21:08:27.574-0400] {dag.py:3239} INFO - Sync 2 DAGs
[2024-10-03T21:08:27.836-0400] {logging_mixin.py:190} INFO - [2024-10-03T21:08:27.836-0400] {dag.py:4180} INFO - Setting next_dagrun for read_dataset_event to 2024-10-03 00:00:00+00:00, run_after=2024-10-04 00:00:00+00:00
[2024-10-03T21:08:27.904-0400] {logging_mixin.py:190} INFO - [2024-10-03T21:08:27.904-0400] {dag.py:4180} INFO - Setting next_dagrun for read_dataset_event_from_classic to 2024-10-03 00:00:00+00:00, run_after=2024-10-04 00:00:00+00:00
[2024-10-03T21:08:28.598-0400] {processor.py:208} INFO - Processing /home/patrick/.cache/pypoetry/virtualenvs/airflow-wPbgcfzP-py3.10/lib/python3.10/site-packages/airflow/example_dags/example_inlet_event_extra.py took 11.951 seconds
[2024-10-03T21:14:32.260-0400] {processor.py:186} INFO - Started process (PID=8728) to work on /home/patrick/.cache/pypoetry/virtualenvs/airflow-wPbgcfzP-py3.10/lib/python3.10/site-packages/airflow/example_dags/example_inlet_event_extra.py
[2024-10-03T21:14:32.261-0400] {processor.py:914} INFO - Processing file /home/patrick/.cache/pypoetry/virtualenvs/airflow-wPbgcfzP-py3.10/lib/python3.10/site-packages/airflow/example_dags/example_inlet_event_extra.py for tasks to queue
[2024-10-03T21:14:32.263-0400] {logging_mixin.py:190} INFO - [2024-10-03T21:14:32.263-0400] {dagbag.py:588} INFO - Filling up the DagBag from /home/patrick/.cache/pypoetry/virtualenvs/airflow-wPbgcfzP-py3.10/lib/python3.10/site-packages/airflow/example_dags/example_inlet_event_extra.py
[2024-10-03T21:14:32.272-0400] {processor.py:925} INFO - DAG(s) 'read_dataset_event', 'read_dataset_event_from_classic' retrieved from /home/patrick/.cache/pypoetry/virtualenvs/airflow-wPbgcfzP-py3.10/lib/python3.10/site-packages/airflow/example_dags/example_inlet_event_extra.py
[2024-10-03T21:14:38.956-0400] {logging_mixin.py:190} INFO - [2024-10-03T21:14:38.956-0400] {dag.py:3239} INFO - Sync 2 DAGs
[2024-10-03T21:14:39.317-0400] {logging_mixin.py:190} INFO - [2024-10-03T21:14:39.317-0400] {process_utils.py:266} INFO - Waiting up to 5 seconds for processes to exit...
[2024-10-03T21:17:15.383-0400] {processor.py:186} INFO - Started process (PID=9519) to work on /home/patrick/.cache/pypoetry/virtualenvs/airflow-wPbgcfzP-py3.10/lib/python3.10/site-packages/airflow/example_dags/example_inlet_event_extra.py
[2024-10-03T21:17:15.384-0400] {processor.py:914} INFO - Processing file /home/patrick/.cache/pypoetry/virtualenvs/airflow-wPbgcfzP-py3.10/lib/python3.10/site-packages/airflow/example_dags/example_inlet_event_extra.py for tasks to queue
[2024-10-03T21:17:15.386-0400] {logging_mixin.py:190} INFO - [2024-10-03T21:17:15.386-0400] {dagbag.py:588} INFO - Filling up the DagBag from /home/patrick/.cache/pypoetry/virtualenvs/airflow-wPbgcfzP-py3.10/lib/python3.10/site-packages/airflow/example_dags/example_inlet_event_extra.py
[2024-10-03T21:17:15.394-0400] {processor.py:925} INFO - DAG(s) 'read_dataset_event', 'read_dataset_event_from_classic' retrieved from /home/patrick/.cache/pypoetry/virtualenvs/airflow-wPbgcfzP-py3.10/lib/python3.10/site-packages/airflow/example_dags/example_inlet_event_extra.py
[2024-10-03T21:17:18.318-0400] {logging_mixin.py:190} INFO - [2024-10-03T21:17:18.317-0400] {dag.py:3239} INFO - Sync 2 DAGs
[2024-10-03T21:17:18.552-0400] {logging_mixin.py:190} INFO - [2024-10-03T21:17:18.551-0400] {dag.py:4180} INFO - Setting next_dagrun for read_dataset_event to 2024-10-03 00:00:00+00:00, run_after=2024-10-04 00:00:00+00:00
[2024-10-03T21:17:18.591-0400] {logging_mixin.py:190} INFO - [2024-10-03T21:17:18.591-0400] {dag.py:4180} INFO - Setting next_dagrun for read_dataset_event_from_classic to 2024-10-03 00:00:00+00:00, run_after=2024-10-04 00:00:00+00:00
[2024-10-03T21:17:19.267-0400] {processor.py:208} INFO - Processing /home/patrick/.cache/pypoetry/virtualenvs/airflow-wPbgcfzP-py3.10/lib/python3.10/site-packages/airflow/example_dags/example_inlet_event_extra.py took 3.889 seconds
[2024-10-03T21:21:41.705-0400] {processor.py:186} INFO - Started process (PID=10718) to work on /home/patrick/.cache/pypoetry/virtualenvs/airflow-wPbgcfzP-py3.10/lib/python3.10/site-packages/airflow/example_dags/example_inlet_event_extra.py
[2024-10-03T21:21:41.706-0400] {processor.py:914} INFO - Processing file /home/patrick/.cache/pypoetry/virtualenvs/airflow-wPbgcfzP-py3.10/lib/python3.10/site-packages/airflow/example_dags/example_inlet_event_extra.py for tasks to queue
[2024-10-03T21:21:41.708-0400] {logging_mixin.py:190} INFO - [2024-10-03T21:21:41.708-0400] {dagbag.py:588} INFO - Filling up the DagBag from /home/patrick/.cache/pypoetry/virtualenvs/airflow-wPbgcfzP-py3.10/lib/python3.10/site-packages/airflow/example_dags/example_inlet_event_extra.py
[2024-10-03T21:21:41.716-0400] {processor.py:925} INFO - DAG(s) 'read_dataset_event_from_classic', 'read_dataset_event' retrieved from /home/patrick/.cache/pypoetry/virtualenvs/airflow-wPbgcfzP-py3.10/lib/python3.10/site-packages/airflow/example_dags/example_inlet_event_extra.py
[2024-10-03T21:21:44.074-0400] {logging_mixin.py:190} INFO - [2024-10-03T21:21:44.073-0400] {dag.py:3239} INFO - Sync 2 DAGs
[2024-10-03T21:21:44.272-0400] {logging_mixin.py:190} INFO - [2024-10-03T21:21:44.272-0400] {dag.py:4180} INFO - Setting next_dagrun for read_dataset_event to 2024-10-03 00:00:00+00:00, run_after=2024-10-04 00:00:00+00:00
[2024-10-03T21:21:44.311-0400] {logging_mixin.py:190} INFO - [2024-10-03T21:21:44.311-0400] {dag.py:4180} INFO - Setting next_dagrun for read_dataset_event_from_classic to 2024-10-03 00:00:00+00:00, run_after=2024-10-04 00:00:00+00:00
[2024-10-03T21:21:44.972-0400] {processor.py:208} INFO - Processing /home/patrick/.cache/pypoetry/virtualenvs/airflow-wPbgcfzP-py3.10/lib/python3.10/site-packages/airflow/example_dags/example_inlet_event_extra.py took 3.272 seconds
[2024-10-03T21:24:17.185-0400] {processor.py:186} INFO - Started process (PID=11390) to work on /home/patrick/.cache/pypoetry/virtualenvs/airflow-wPbgcfzP-py3.10/lib/python3.10/site-packages/airflow/example_dags/example_inlet_event_extra.py
[2024-10-03T21:24:17.200-0400] {processor.py:914} INFO - Processing file /home/patrick/.cache/pypoetry/virtualenvs/airflow-wPbgcfzP-py3.10/lib/python3.10/site-packages/airflow/example_dags/example_inlet_event_extra.py for tasks to queue
[2024-10-03T21:24:17.206-0400] {logging_mixin.py:190} INFO - [2024-10-03T21:24:17.206-0400] {dagbag.py:588} INFO - Filling up the DagBag from /home/patrick/.cache/pypoetry/virtualenvs/airflow-wPbgcfzP-py3.10/lib/python3.10/site-packages/airflow/example_dags/example_inlet_event_extra.py
[2024-10-03T21:24:17.224-0400] {processor.py:925} INFO - DAG(s) 'read_dataset_event_from_classic', 'read_dataset_event' retrieved from /home/patrick/.cache/pypoetry/virtualenvs/airflow-wPbgcfzP-py3.10/lib/python3.10/site-packages/airflow/example_dags/example_inlet_event_extra.py
[2024-10-03T21:24:29.426-0400] {logging_mixin.py:190} INFO - [2024-10-03T21:24:29.425-0400] {dag.py:3239} INFO - Sync 2 DAGs
[2024-10-03T21:24:29.623-0400] {logging_mixin.py:190} INFO - [2024-10-03T21:24:29.623-0400] {dag.py:4180} INFO - Setting next_dagrun for read_dataset_event to 2024-10-03 00:00:00+00:00, run_after=2024-10-04 00:00:00+00:00
[2024-10-03T21:24:29.701-0400] {logging_mixin.py:190} INFO - [2024-10-03T21:24:29.701-0400] {dag.py:4180} INFO - Setting next_dagrun for read_dataset_event_from_classic to 2024-10-03 00:00:00+00:00, run_after=2024-10-04 00:00:00+00:00
[2024-10-03T21:24:30.660-0400] {processor.py:208} INFO - Processing /home/patrick/.cache/pypoetry/virtualenvs/airflow-wPbgcfzP-py3.10/lib/python3.10/site-packages/airflow/example_dags/example_inlet_event_extra.py took 13.478 seconds
[2024-10-03T21:29:29.654-0400] {processor.py:186} INFO - Started process (PID=12807) to work on /home/patrick/.cache/pypoetry/virtualenvs/airflow-wPbgcfzP-py3.10/lib/python3.10/site-packages/airflow/example_dags/example_inlet_event_extra.py
[2024-10-03T21:29:29.656-0400] {processor.py:914} INFO - Processing file /home/patrick/.cache/pypoetry/virtualenvs/airflow-wPbgcfzP-py3.10/lib/python3.10/site-packages/airflow/example_dags/example_inlet_event_extra.py for tasks to queue
[2024-10-03T21:29:29.658-0400] {logging_mixin.py:190} INFO - [2024-10-03T21:29:29.658-0400] {dagbag.py:588} INFO - Filling up the DagBag from /home/patrick/.cache/pypoetry/virtualenvs/airflow-wPbgcfzP-py3.10/lib/python3.10/site-packages/airflow/example_dags/example_inlet_event_extra.py
[2024-10-03T21:29:29.668-0400] {processor.py:925} INFO - DAG(s) 'read_dataset_event_from_classic', 'read_dataset_event' retrieved from /home/patrick/.cache/pypoetry/virtualenvs/airflow-wPbgcfzP-py3.10/lib/python3.10/site-packages/airflow/example_dags/example_inlet_event_extra.py
[2024-10-03T21:29:35.396-0400] {logging_mixin.py:190} INFO - [2024-10-03T21:29:35.396-0400] {dag.py:3239} INFO - Sync 2 DAGs
[2024-10-03T21:29:35.708-0400] {logging_mixin.py:190} INFO - [2024-10-03T21:29:35.708-0400] {dag.py:4180} INFO - Setting next_dagrun for read_dataset_event to 2024-10-03 00:00:00+00:00, run_after=2024-10-04 00:00:00+00:00
[2024-10-03T21:29:35.765-0400] {logging_mixin.py:190} INFO - [2024-10-03T21:29:35.765-0400] {dag.py:4180} INFO - Setting next_dagrun for read_dataset_event_from_classic to 2024-10-03 00:00:00+00:00, run_after=2024-10-04 00:00:00+00:00
[2024-10-03T21:29:36.513-0400] {processor.py:208} INFO - Processing /home/patrick/.cache/pypoetry/virtualenvs/airflow-wPbgcfzP-py3.10/lib/python3.10/site-packages/airflow/example_dags/example_inlet_event_extra.py took 6.862 seconds
[2024-10-03T21:33:18.304-0400] {processor.py:186} INFO - Started process (PID=13773) to work on /home/patrick/.cache/pypoetry/virtualenvs/airflow-wPbgcfzP-py3.10/lib/python3.10/site-packages/airflow/example_dags/example_inlet_event_extra.py
[2024-10-03T21:33:18.305-0400] {processor.py:914} INFO - Processing file /home/patrick/.cache/pypoetry/virtualenvs/airflow-wPbgcfzP-py3.10/lib/python3.10/site-packages/airflow/example_dags/example_inlet_event_extra.py for tasks to queue
[2024-10-03T21:33:18.307-0400] {logging_mixin.py:190} INFO - [2024-10-03T21:33:18.307-0400] {dagbag.py:588} INFO - Filling up the DagBag from /home/patrick/.cache/pypoetry/virtualenvs/airflow-wPbgcfzP-py3.10/lib/python3.10/site-packages/airflow/example_dags/example_inlet_event_extra.py
[2024-10-03T21:33:18.315-0400] {processor.py:925} INFO - DAG(s) 'read_dataset_event', 'read_dataset_event_from_classic' retrieved from /home/patrick/.cache/pypoetry/virtualenvs/airflow-wPbgcfzP-py3.10/lib/python3.10/site-packages/airflow/example_dags/example_inlet_event_extra.py
[2024-10-03T21:33:20.751-0400] {logging_mixin.py:190} INFO - [2024-10-03T21:33:20.751-0400] {dag.py:3239} INFO - Sync 2 DAGs
[2024-10-03T21:33:21.305-0400] {logging_mixin.py:190} INFO - [2024-10-03T21:33:21.305-0400] {dag.py:4180} INFO - Setting next_dagrun for read_dataset_event to 2024-10-03 00:00:00+00:00, run_after=2024-10-04 00:00:00+00:00
[2024-10-03T21:33:21.344-0400] {logging_mixin.py:190} INFO - [2024-10-03T21:33:21.344-0400] {dag.py:4180} INFO - Setting next_dagrun for read_dataset_event_from_classic to 2024-10-03 00:00:00+00:00, run_after=2024-10-04 00:00:00+00:00
[2024-10-03T21:33:22.339-0400] {processor.py:208} INFO - Processing /home/patrick/.cache/pypoetry/virtualenvs/airflow-wPbgcfzP-py3.10/lib/python3.10/site-packages/airflow/example_dags/example_inlet_event_extra.py took 4.038 seconds
[2024-10-03T21:39:30.077-0400] {processor.py:186} INFO - Started process (PID=15494) to work on /home/patrick/.cache/pypoetry/virtualenvs/airflow-wPbgcfzP-py3.10/lib/python3.10/site-packages/airflow/example_dags/example_inlet_event_extra.py
[2024-10-03T21:39:30.078-0400] {processor.py:914} INFO - Processing file /home/patrick/.cache/pypoetry/virtualenvs/airflow-wPbgcfzP-py3.10/lib/python3.10/site-packages/airflow/example_dags/example_inlet_event_extra.py for tasks to queue
[2024-10-03T21:39:30.081-0400] {logging_mixin.py:190} INFO - [2024-10-03T21:39:30.080-0400] {dagbag.py:588} INFO - Filling up the DagBag from /home/patrick/.cache/pypoetry/virtualenvs/airflow-wPbgcfzP-py3.10/lib/python3.10/site-packages/airflow/example_dags/example_inlet_event_extra.py
[2024-10-03T21:39:30.089-0400] {processor.py:925} INFO - DAG(s) 'read_dataset_event_from_classic', 'read_dataset_event' retrieved from /home/patrick/.cache/pypoetry/virtualenvs/airflow-wPbgcfzP-py3.10/lib/python3.10/site-packages/airflow/example_dags/example_inlet_event_extra.py
[2024-10-03T21:39:33.698-0400] {logging_mixin.py:190} INFO - [2024-10-03T21:39:33.698-0400] {dag.py:3239} INFO - Sync 2 DAGs
[2024-10-03T21:39:34.136-0400] {logging_mixin.py:190} INFO - [2024-10-03T21:39:34.136-0400] {dag.py:4180} INFO - Setting next_dagrun for read_dataset_event to 2024-10-03 00:00:00+00:00, run_after=2024-10-04 00:00:00+00:00
[2024-10-03T21:39:34.176-0400] {logging_mixin.py:190} INFO - [2024-10-03T21:39:34.176-0400] {dag.py:4180} INFO - Setting next_dagrun for read_dataset_event_from_classic to 2024-10-03 00:00:00+00:00, run_after=2024-10-04 00:00:00+00:00
[2024-10-03T21:39:35.014-0400] {processor.py:208} INFO - Processing /home/patrick/.cache/pypoetry/virtualenvs/airflow-wPbgcfzP-py3.10/lib/python3.10/site-packages/airflow/example_dags/example_inlet_event_extra.py took 4.941 seconds
[2024-10-03T21:44:52.538-0400] {processor.py:186} INFO - Started process (PID=16935) to work on /home/patrick/.cache/pypoetry/virtualenvs/airflow-wPbgcfzP-py3.10/lib/python3.10/site-packages/airflow/example_dags/example_inlet_event_extra.py
[2024-10-03T21:44:52.540-0400] {processor.py:914} INFO - Processing file /home/patrick/.cache/pypoetry/virtualenvs/airflow-wPbgcfzP-py3.10/lib/python3.10/site-packages/airflow/example_dags/example_inlet_event_extra.py for tasks to queue
[2024-10-03T21:44:52.542-0400] {logging_mixin.py:190} INFO - [2024-10-03T21:44:52.541-0400] {dagbag.py:588} INFO - Filling up the DagBag from /home/patrick/.cache/pypoetry/virtualenvs/airflow-wPbgcfzP-py3.10/lib/python3.10/site-packages/airflow/example_dags/example_inlet_event_extra.py
[2024-10-03T21:44:52.550-0400] {processor.py:925} INFO - DAG(s) 'read_dataset_event_from_classic', 'read_dataset_event' retrieved from /home/patrick/.cache/pypoetry/virtualenvs/airflow-wPbgcfzP-py3.10/lib/python3.10/site-packages/airflow/example_dags/example_inlet_event_extra.py
[2024-10-03T21:44:54.234-0400] {logging_mixin.py:190} INFO - [2024-10-03T21:44:54.234-0400] {dag.py:3239} INFO - Sync 2 DAGs
[2024-10-03T21:44:54.381-0400] {logging_mixin.py:190} INFO - [2024-10-03T21:44:54.381-0400] {dag.py:4180} INFO - Setting next_dagrun for read_dataset_event to 2024-10-03 00:00:00+00:00, run_after=2024-10-04 00:00:00+00:00
[2024-10-03T21:44:54.429-0400] {logging_mixin.py:190} INFO - [2024-10-03T21:44:54.428-0400] {dag.py:4180} INFO - Setting next_dagrun for read_dataset_event_from_classic to 2024-10-03 00:00:00+00:00, run_after=2024-10-04 00:00:00+00:00
[2024-10-03T21:44:55.045-0400] {processor.py:208} INFO - Processing /home/patrick/.cache/pypoetry/virtualenvs/airflow-wPbgcfzP-py3.10/lib/python3.10/site-packages/airflow/example_dags/example_inlet_event_extra.py took 2.510 seconds
[2024-10-03T21:49:05.249-0400] {processor.py:186} INFO - Started process (PID=18067) to work on /home/patrick/.cache/pypoetry/virtualenvs/airflow-wPbgcfzP-py3.10/lib/python3.10/site-packages/airflow/example_dags/example_inlet_event_extra.py
[2024-10-03T21:49:05.250-0400] {processor.py:914} INFO - Processing file /home/patrick/.cache/pypoetry/virtualenvs/airflow-wPbgcfzP-py3.10/lib/python3.10/site-packages/airflow/example_dags/example_inlet_event_extra.py for tasks to queue
[2024-10-03T21:49:05.252-0400] {logging_mixin.py:190} INFO - [2024-10-03T21:49:05.251-0400] {dagbag.py:588} INFO - Filling up the DagBag from /home/patrick/.cache/pypoetry/virtualenvs/airflow-wPbgcfzP-py3.10/lib/python3.10/site-packages/airflow/example_dags/example_inlet_event_extra.py
[2024-10-03T21:49:05.259-0400] {processor.py:925} INFO - DAG(s) 'read_dataset_event', 'read_dataset_event_from_classic' retrieved from /home/patrick/.cache/pypoetry/virtualenvs/airflow-wPbgcfzP-py3.10/lib/python3.10/site-packages/airflow/example_dags/example_inlet_event_extra.py
[2024-10-03T21:49:09.135-0400] {logging_mixin.py:190} INFO - [2024-10-03T21:49:09.134-0400] {dag.py:3239} INFO - Sync 2 DAGs
[2024-10-03T21:49:09.586-0400] {logging_mixin.py:190} INFO - [2024-10-03T21:49:09.586-0400] {dag.py:4180} INFO - Setting next_dagrun for read_dataset_event to 2024-10-03 00:00:00+00:00, run_after=2024-10-04 00:00:00+00:00
[2024-10-03T21:49:09.634-0400] {logging_mixin.py:190} INFO - [2024-10-03T21:49:09.634-0400] {dag.py:4180} INFO - Setting next_dagrun for read_dataset_event_from_classic to 2024-10-03 00:00:00+00:00, run_after=2024-10-04 00:00:00+00:00
[2024-10-03T21:49:10.331-0400] {processor.py:208} INFO - Processing /home/patrick/.cache/pypoetry/virtualenvs/airflow-wPbgcfzP-py3.10/lib/python3.10/site-packages/airflow/example_dags/example_inlet_event_extra.py took 5.086 seconds
[2024-10-03T21:53:26.377-0400] {processor.py:186} INFO - Started process (PID=19177) to work on /home/patrick/.cache/pypoetry/virtualenvs/airflow-wPbgcfzP-py3.10/lib/python3.10/site-packages/airflow/example_dags/example_inlet_event_extra.py
[2024-10-03T21:53:26.378-0400] {processor.py:914} INFO - Processing file /home/patrick/.cache/pypoetry/virtualenvs/airflow-wPbgcfzP-py3.10/lib/python3.10/site-packages/airflow/example_dags/example_inlet_event_extra.py for tasks to queue
[2024-10-03T21:53:26.379-0400] {logging_mixin.py:190} INFO - [2024-10-03T21:53:26.379-0400] {dagbag.py:588} INFO - Filling up the DagBag from /home/patrick/.cache/pypoetry/virtualenvs/airflow-wPbgcfzP-py3.10/lib/python3.10/site-packages/airflow/example_dags/example_inlet_event_extra.py
[2024-10-03T21:53:26.387-0400] {processor.py:925} INFO - DAG(s) 'read_dataset_event', 'read_dataset_event_from_classic' retrieved from /home/patrick/.cache/pypoetry/virtualenvs/airflow-wPbgcfzP-py3.10/lib/python3.10/site-packages/airflow/example_dags/example_inlet_event_extra.py
[2024-10-03T21:53:29.208-0400] {logging_mixin.py:190} INFO - [2024-10-03T21:53:29.208-0400] {dag.py:3239} INFO - Sync 2 DAGs
[2024-10-03T21:53:29.537-0400] {logging_mixin.py:190} INFO - [2024-10-03T21:53:29.537-0400] {dag.py:4180} INFO - Setting next_dagrun for read_dataset_event to 2024-10-03 00:00:00+00:00, run_after=2024-10-04 00:00:00+00:00
[2024-10-03T21:53:29.616-0400] {logging_mixin.py:190} INFO - [2024-10-03T21:53:29.616-0400] {dag.py:4180} INFO - Setting next_dagrun for read_dataset_event_from_classic to 2024-10-03 00:00:00+00:00, run_after=2024-10-04 00:00:00+00:00
[2024-10-03T21:53:30.406-0400] {processor.py:208} INFO - Processing /home/patrick/.cache/pypoetry/virtualenvs/airflow-wPbgcfzP-py3.10/lib/python3.10/site-packages/airflow/example_dags/example_inlet_event_extra.py took 4.033 seconds
[2024-10-03T21:57:14.416-0400] {processor.py:186} INFO - Started process (PID=20160) to work on /home/patrick/.cache/pypoetry/virtualenvs/airflow-wPbgcfzP-py3.10/lib/python3.10/site-packages/airflow/example_dags/example_inlet_event_extra.py
[2024-10-03T21:57:14.417-0400] {processor.py:914} INFO - Processing file /home/patrick/.cache/pypoetry/virtualenvs/airflow-wPbgcfzP-py3.10/lib/python3.10/site-packages/airflow/example_dags/example_inlet_event_extra.py for tasks to queue
[2024-10-03T21:57:14.418-0400] {logging_mixin.py:190} INFO - [2024-10-03T21:57:14.418-0400] {dagbag.py:588} INFO - Filling up the DagBag from /home/patrick/.cache/pypoetry/virtualenvs/airflow-wPbgcfzP-py3.10/lib/python3.10/site-packages/airflow/example_dags/example_inlet_event_extra.py
[2024-10-03T21:57:14.425-0400] {processor.py:925} INFO - DAG(s) 'read_dataset_event', 'read_dataset_event_from_classic' retrieved from /home/patrick/.cache/pypoetry/virtualenvs/airflow-wPbgcfzP-py3.10/lib/python3.10/site-packages/airflow/example_dags/example_inlet_event_extra.py
[2024-10-03T21:57:18.260-0400] {logging_mixin.py:190} INFO - [2024-10-03T21:57:18.259-0400] {dag.py:3239} INFO - Sync 2 DAGs
[2024-10-03T21:57:18.417-0400] {logging_mixin.py:190} INFO - [2024-10-03T21:57:18.417-0400] {dag.py:4180} INFO - Setting next_dagrun for read_dataset_event to 2024-10-03 00:00:00+00:00, run_after=2024-10-04 00:00:00+00:00
[2024-10-03T21:57:18.460-0400] {logging_mixin.py:190} INFO - [2024-10-03T21:57:18.460-0400] {dag.py:4180} INFO - Setting next_dagrun for read_dataset_event_from_classic to 2024-10-03 00:00:00+00:00, run_after=2024-10-04 00:00:00+00:00
[2024-10-03T21:57:19.025-0400] {processor.py:208} INFO - Processing /home/patrick/.cache/pypoetry/virtualenvs/airflow-wPbgcfzP-py3.10/lib/python3.10/site-packages/airflow/example_dags/example_inlet_event_extra.py took 4.613 seconds
[2024-10-03T22:01:26.781-0400] {processor.py:186} INFO - Started process (PID=21238) to work on /home/patrick/.cache/pypoetry/virtualenvs/airflow-wPbgcfzP-py3.10/lib/python3.10/site-packages/airflow/example_dags/example_inlet_event_extra.py
[2024-10-03T22:01:26.782-0400] {processor.py:914} INFO - Processing file /home/patrick/.cache/pypoetry/virtualenvs/airflow-wPbgcfzP-py3.10/lib/python3.10/site-packages/airflow/example_dags/example_inlet_event_extra.py for tasks to queue
[2024-10-03T22:01:26.784-0400] {logging_mixin.py:190} INFO - [2024-10-03T22:01:26.784-0400] {dagbag.py:588} INFO - Filling up the DagBag from /home/patrick/.cache/pypoetry/virtualenvs/airflow-wPbgcfzP-py3.10/lib/python3.10/site-packages/airflow/example_dags/example_inlet_event_extra.py
[2024-10-03T22:01:26.791-0400] {processor.py:925} INFO - DAG(s) 'read_dataset_event', 'read_dataset_event_from_classic' retrieved from /home/patrick/.cache/pypoetry/virtualenvs/airflow-wPbgcfzP-py3.10/lib/python3.10/site-packages/airflow/example_dags/example_inlet_event_extra.py
[2024-10-03T22:01:28.625-0400] {logging_mixin.py:190} INFO - [2024-10-03T22:01:28.625-0400] {dag.py:3239} INFO - Sync 2 DAGs
[2024-10-03T22:01:28.948-0400] {logging_mixin.py:190} INFO - [2024-10-03T22:01:28.948-0400] {dag.py:4180} INFO - Setting next_dagrun for read_dataset_event to 2024-10-03 00:00:00+00:00, run_after=2024-10-04 00:00:00+00:00
[2024-10-03T22:01:29.001-0400] {logging_mixin.py:190} INFO - [2024-10-03T22:01:29.000-0400] {dag.py:4180} INFO - Setting next_dagrun for read_dataset_event_from_classic to 2024-10-03 00:00:00+00:00, run_after=2024-10-04 00:00:00+00:00
[2024-10-03T22:01:29.713-0400] {processor.py:208} INFO - Processing /home/patrick/.cache/pypoetry/virtualenvs/airflow-wPbgcfzP-py3.10/lib/python3.10/site-packages/airflow/example_dags/example_inlet_event_extra.py took 2.937 seconds
[2024-10-03T22:05:55.265-0400] {processor.py:186} INFO - Started process (PID=22383) to work on /home/patrick/.cache/pypoetry/virtualenvs/airflow-wPbgcfzP-py3.10/lib/python3.10/site-packages/airflow/example_dags/example_inlet_event_extra.py
[2024-10-03T22:05:55.266-0400] {processor.py:914} INFO - Processing file /home/patrick/.cache/pypoetry/virtualenvs/airflow-wPbgcfzP-py3.10/lib/python3.10/site-packages/airflow/example_dags/example_inlet_event_extra.py for tasks to queue
[2024-10-03T22:05:55.268-0400] {logging_mixin.py:190} INFO - [2024-10-03T22:05:55.268-0400] {dagbag.py:588} INFO - Filling up the DagBag from /home/patrick/.cache/pypoetry/virtualenvs/airflow-wPbgcfzP-py3.10/lib/python3.10/site-packages/airflow/example_dags/example_inlet_event_extra.py
[2024-10-03T22:05:55.276-0400] {processor.py:925} INFO - DAG(s) 'read_dataset_event', 'read_dataset_event_from_classic' retrieved from /home/patrick/.cache/pypoetry/virtualenvs/airflow-wPbgcfzP-py3.10/lib/python3.10/site-packages/airflow/example_dags/example_inlet_event_extra.py
[2024-10-03T22:05:58.042-0400] {logging_mixin.py:190} INFO - [2024-10-03T22:05:58.041-0400] {dag.py:3239} INFO - Sync 2 DAGs
[2024-10-03T22:05:58.183-0400] {logging_mixin.py:190} INFO - [2024-10-03T22:05:58.182-0400] {dag.py:4180} INFO - Setting next_dagrun for read_dataset_event to 2024-10-03 00:00:00+00:00, run_after=2024-10-04 00:00:00+00:00
[2024-10-03T22:05:58.226-0400] {logging_mixin.py:190} INFO - [2024-10-03T22:05:58.225-0400] {dag.py:4180} INFO - Setting next_dagrun for read_dataset_event_from_classic to 2024-10-03 00:00:00+00:00, run_after=2024-10-04 00:00:00+00:00
[2024-10-03T22:05:58.766-0400] {processor.py:208} INFO - Processing /home/patrick/.cache/pypoetry/virtualenvs/airflow-wPbgcfzP-py3.10/lib/python3.10/site-packages/airflow/example_dags/example_inlet_event_extra.py took 3.504 seconds
[2024-10-03T22:11:25.830-0400] {processor.py:186} INFO - Started process (PID=23859) to work on /home/patrick/.cache/pypoetry/virtualenvs/airflow-wPbgcfzP-py3.10/lib/python3.10/site-packages/airflow/example_dags/example_inlet_event_extra.py
[2024-10-03T22:11:25.831-0400] {processor.py:914} INFO - Processing file /home/patrick/.cache/pypoetry/virtualenvs/airflow-wPbgcfzP-py3.10/lib/python3.10/site-packages/airflow/example_dags/example_inlet_event_extra.py for tasks to queue
[2024-10-03T22:11:25.832-0400] {logging_mixin.py:190} INFO - [2024-10-03T22:11:25.832-0400] {dagbag.py:588} INFO - Filling up the DagBag from /home/patrick/.cache/pypoetry/virtualenvs/airflow-wPbgcfzP-py3.10/lib/python3.10/site-packages/airflow/example_dags/example_inlet_event_extra.py
[2024-10-03T22:11:25.840-0400] {processor.py:925} INFO - DAG(s) 'read_dataset_event', 'read_dataset_event_from_classic' retrieved from /home/patrick/.cache/pypoetry/virtualenvs/airflow-wPbgcfzP-py3.10/lib/python3.10/site-packages/airflow/example_dags/example_inlet_event_extra.py
[2024-10-03T22:11:29.413-0400] {logging_mixin.py:190} INFO - [2024-10-03T22:11:29.412-0400] {dag.py:3239} INFO - Sync 2 DAGs
[2024-10-03T22:11:29.598-0400] {logging_mixin.py:190} INFO - [2024-10-03T22:11:29.598-0400] {dag.py:4180} INFO - Setting next_dagrun for read_dataset_event to 2024-10-03 00:00:00+00:00, run_after=2024-10-04 00:00:00+00:00
[2024-10-03T22:11:29.657-0400] {logging_mixin.py:190} INFO - [2024-10-03T22:11:29.657-0400] {dag.py:4180} INFO - Setting next_dagrun for read_dataset_event_from_classic to 2024-10-03 00:00:00+00:00, run_after=2024-10-04 00:00:00+00:00
[2024-10-03T22:11:30.236-0400] {processor.py:208} INFO - Processing /home/patrick/.cache/pypoetry/virtualenvs/airflow-wPbgcfzP-py3.10/lib/python3.10/site-packages/airflow/example_dags/example_inlet_event_extra.py took 4.410 seconds
[2024-10-03T22:15:00.933-0400] {processor.py:186} INFO - Started process (PID=24844) to work on /home/patrick/.cache/pypoetry/virtualenvs/airflow-wPbgcfzP-py3.10/lib/python3.10/site-packages/airflow/example_dags/example_inlet_event_extra.py
[2024-10-03T22:15:00.934-0400] {processor.py:914} INFO - Processing file /home/patrick/.cache/pypoetry/virtualenvs/airflow-wPbgcfzP-py3.10/lib/python3.10/site-packages/airflow/example_dags/example_inlet_event_extra.py for tasks to queue
[2024-10-03T22:15:00.936-0400] {logging_mixin.py:190} INFO - [2024-10-03T22:15:00.935-0400] {dagbag.py:588} INFO - Filling up the DagBag from /home/patrick/.cache/pypoetry/virtualenvs/airflow-wPbgcfzP-py3.10/lib/python3.10/site-packages/airflow/example_dags/example_inlet_event_extra.py
[2024-10-03T22:15:00.944-0400] {processor.py:925} INFO - DAG(s) 'read_dataset_event_from_classic', 'read_dataset_event' retrieved from /home/patrick/.cache/pypoetry/virtualenvs/airflow-wPbgcfzP-py3.10/lib/python3.10/site-packages/airflow/example_dags/example_inlet_event_extra.py
[2024-10-03T22:15:12.788-0400] {logging_mixin.py:190} INFO - [2024-10-03T22:15:12.788-0400] {dag.py:3239} INFO - Sync 2 DAGs
[2024-10-03T22:15:13.199-0400] {logging_mixin.py:190} INFO - [2024-10-03T22:15:13.198-0400] {dag.py:4180} INFO - Setting next_dagrun for read_dataset_event to 2024-10-03 00:00:00+00:00, run_after=2024-10-04 00:00:00+00:00
[2024-10-03T22:15:13.240-0400] {logging_mixin.py:190} INFO - [2024-10-03T22:15:13.240-0400] {dag.py:4180} INFO - Setting next_dagrun for read_dataset_event_from_classic to 2024-10-03 00:00:00+00:00, run_after=2024-10-04 00:00:00+00:00
[2024-10-03T22:15:13.963-0400] {processor.py:208} INFO - Processing /home/patrick/.cache/pypoetry/virtualenvs/airflow-wPbgcfzP-py3.10/lib/python3.10/site-packages/airflow/example_dags/example_inlet_event_extra.py took 13.034 seconds
[2024-10-03T22:21:17.099-0400] {processor.py:186} INFO - Started process (PID=26516) to work on /home/patrick/.cache/pypoetry/virtualenvs/airflow-wPbgcfzP-py3.10/lib/python3.10/site-packages/airflow/example_dags/example_inlet_event_extra.py
[2024-10-03T22:21:17.100-0400] {processor.py:914} INFO - Processing file /home/patrick/.cache/pypoetry/virtualenvs/airflow-wPbgcfzP-py3.10/lib/python3.10/site-packages/airflow/example_dags/example_inlet_event_extra.py for tasks to queue
[2024-10-03T22:21:17.101-0400] {logging_mixin.py:190} INFO - [2024-10-03T22:21:17.101-0400] {dagbag.py:588} INFO - Filling up the DagBag from /home/patrick/.cache/pypoetry/virtualenvs/airflow-wPbgcfzP-py3.10/lib/python3.10/site-packages/airflow/example_dags/example_inlet_event_extra.py
[2024-10-03T22:21:17.109-0400] {processor.py:925} INFO - DAG(s) 'read_dataset_event_from_classic', 'read_dataset_event' retrieved from /home/patrick/.cache/pypoetry/virtualenvs/airflow-wPbgcfzP-py3.10/lib/python3.10/site-packages/airflow/example_dags/example_inlet_event_extra.py
[2024-10-03T22:21:20.124-0400] {logging_mixin.py:190} INFO - [2024-10-03T22:21:20.124-0400] {dag.py:3239} INFO - Sync 2 DAGs
[2024-10-03T22:21:20.395-0400] {logging_mixin.py:190} INFO - [2024-10-03T22:21:20.395-0400] {dag.py:4180} INFO - Setting next_dagrun for read_dataset_event to 2024-10-03 00:00:00+00:00, run_after=2024-10-04 00:00:00+00:00
[2024-10-03T22:21:20.482-0400] {logging_mixin.py:190} INFO - [2024-10-03T22:21:20.481-0400] {dag.py:4180} INFO - Setting next_dagrun for read_dataset_event_from_classic to 2024-10-03 00:00:00+00:00, run_after=2024-10-04 00:00:00+00:00
[2024-10-03T22:21:21.122-0400] {processor.py:208} INFO - Processing /home/patrick/.cache/pypoetry/virtualenvs/airflow-wPbgcfzP-py3.10/lib/python3.10/site-packages/airflow/example_dags/example_inlet_event_extra.py took 4.027 seconds
[2024-10-03T22:25:49.143-0400] {processor.py:186} INFO - Started process (PID=27745) to work on /home/patrick/.cache/pypoetry/virtualenvs/airflow-wPbgcfzP-py3.10/lib/python3.10/site-packages/airflow/example_dags/example_inlet_event_extra.py
[2024-10-03T22:25:49.144-0400] {processor.py:914} INFO - Processing file /home/patrick/.cache/pypoetry/virtualenvs/airflow-wPbgcfzP-py3.10/lib/python3.10/site-packages/airflow/example_dags/example_inlet_event_extra.py for tasks to queue
[2024-10-03T22:25:49.145-0400] {logging_mixin.py:190} INFO - [2024-10-03T22:25:49.145-0400] {dagbag.py:588} INFO - Filling up the DagBag from /home/patrick/.cache/pypoetry/virtualenvs/airflow-wPbgcfzP-py3.10/lib/python3.10/site-packages/airflow/example_dags/example_inlet_event_extra.py
[2024-10-03T22:25:49.153-0400] {processor.py:925} INFO - DAG(s) 'read_dataset_event_from_classic', 'read_dataset_event' retrieved from /home/patrick/.cache/pypoetry/virtualenvs/airflow-wPbgcfzP-py3.10/lib/python3.10/site-packages/airflow/example_dags/example_inlet_event_extra.py
[2024-10-03T22:25:59.494-0400] {logging_mixin.py:190} INFO - [2024-10-03T22:25:59.494-0400] {dag.py:3239} INFO - Sync 2 DAGs
[2024-10-03T22:25:59.767-0400] {logging_mixin.py:190} INFO - [2024-10-03T22:25:59.767-0400] {dag.py:4180} INFO - Setting next_dagrun for read_dataset_event to 2024-10-03 00:00:00+00:00, run_after=2024-10-04 00:00:00+00:00
[2024-10-03T22:25:59.817-0400] {logging_mixin.py:190} INFO - [2024-10-03T22:25:59.817-0400] {dag.py:4180} INFO - Setting next_dagrun for read_dataset_event_from_classic to 2024-10-03 00:00:00+00:00, run_after=2024-10-04 00:00:00+00:00
[2024-10-03T22:26:00.445-0400] {processor.py:208} INFO - Processing /home/patrick/.cache/pypoetry/virtualenvs/airflow-wPbgcfzP-py3.10/lib/python3.10/site-packages/airflow/example_dags/example_inlet_event_extra.py took 11.305 seconds
[2024-10-03T22:29:31.750-0400] {processor.py:186} INFO - Started process (PID=28738) to work on /home/patrick/.cache/pypoetry/virtualenvs/airflow-wPbgcfzP-py3.10/lib/python3.10/site-packages/airflow/example_dags/example_inlet_event_extra.py
[2024-10-03T22:29:31.751-0400] {processor.py:914} INFO - Processing file /home/patrick/.cache/pypoetry/virtualenvs/airflow-wPbgcfzP-py3.10/lib/python3.10/site-packages/airflow/example_dags/example_inlet_event_extra.py for tasks to queue
[2024-10-03T22:29:31.752-0400] {logging_mixin.py:190} INFO - [2024-10-03T22:29:31.752-0400] {dagbag.py:588} INFO - Filling up the DagBag from /home/patrick/.cache/pypoetry/virtualenvs/airflow-wPbgcfzP-py3.10/lib/python3.10/site-packages/airflow/example_dags/example_inlet_event_extra.py
[2024-10-03T22:29:31.768-0400] {processor.py:925} INFO - DAG(s) 'read_dataset_event_from_classic', 'read_dataset_event' retrieved from /home/patrick/.cache/pypoetry/virtualenvs/airflow-wPbgcfzP-py3.10/lib/python3.10/site-packages/airflow/example_dags/example_inlet_event_extra.py
[2024-10-03T22:29:37.177-0400] {logging_mixin.py:190} INFO - [2024-10-03T22:29:37.177-0400] {dag.py:3239} INFO - Sync 2 DAGs
[2024-10-03T22:29:37.345-0400] {logging_mixin.py:190} INFO - [2024-10-03T22:29:37.345-0400] {dag.py:4180} INFO - Setting next_dagrun for read_dataset_event to 2024-10-03 00:00:00+00:00, run_after=2024-10-04 00:00:00+00:00
[2024-10-03T22:29:37.393-0400] {logging_mixin.py:190} INFO - [2024-10-03T22:29:37.392-0400] {dag.py:4180} INFO - Setting next_dagrun for read_dataset_event_from_classic to 2024-10-03 00:00:00+00:00, run_after=2024-10-04 00:00:00+00:00
[2024-10-03T22:29:38.045-0400] {processor.py:208} INFO - Processing /home/patrick/.cache/pypoetry/virtualenvs/airflow-wPbgcfzP-py3.10/lib/python3.10/site-packages/airflow/example_dags/example_inlet_event_extra.py took 6.299 seconds
[2024-10-03T22:33:26.789-0400] {processor.py:186} INFO - Started process (PID=29782) to work on /home/patrick/.cache/pypoetry/virtualenvs/airflow-wPbgcfzP-py3.10/lib/python3.10/site-packages/airflow/example_dags/example_inlet_event_extra.py
[2024-10-03T22:33:26.790-0400] {processor.py:914} INFO - Processing file /home/patrick/.cache/pypoetry/virtualenvs/airflow-wPbgcfzP-py3.10/lib/python3.10/site-packages/airflow/example_dags/example_inlet_event_extra.py for tasks to queue
[2024-10-03T22:33:26.792-0400] {logging_mixin.py:190} INFO - [2024-10-03T22:33:26.792-0400] {dagbag.py:588} INFO - Filling up the DagBag from /home/patrick/.cache/pypoetry/virtualenvs/airflow-wPbgcfzP-py3.10/lib/python3.10/site-packages/airflow/example_dags/example_inlet_event_extra.py
[2024-10-03T22:33:26.801-0400] {processor.py:925} INFO - DAG(s) 'read_dataset_event', 'read_dataset_event_from_classic' retrieved from /home/patrick/.cache/pypoetry/virtualenvs/airflow-wPbgcfzP-py3.10/lib/python3.10/site-packages/airflow/example_dags/example_inlet_event_extra.py
[2024-10-03T22:33:29.889-0400] {logging_mixin.py:190} INFO - [2024-10-03T22:33:29.889-0400] {dag.py:3239} INFO - Sync 2 DAGs
[2024-10-03T22:33:30.081-0400] {logging_mixin.py:190} INFO - [2024-10-03T22:33:30.081-0400] {dag.py:4180} INFO - Setting next_dagrun for read_dataset_event to 2024-10-03 00:00:00+00:00, run_after=2024-10-04 00:00:00+00:00
[2024-10-03T22:33:30.126-0400] {logging_mixin.py:190} INFO - [2024-10-03T22:33:30.126-0400] {dag.py:4180} INFO - Setting next_dagrun for read_dataset_event_from_classic to 2024-10-03 00:00:00+00:00, run_after=2024-10-04 00:00:00+00:00
[2024-10-03T22:33:30.758-0400] {processor.py:208} INFO - Processing /home/patrick/.cache/pypoetry/virtualenvs/airflow-wPbgcfzP-py3.10/lib/python3.10/site-packages/airflow/example_dags/example_inlet_event_extra.py took 3.973 seconds
[2024-10-03T22:38:48.577-0400] {processor.py:186} INFO - Started process (PID=31286) to work on /home/patrick/.cache/pypoetry/virtualenvs/airflow-wPbgcfzP-py3.10/lib/python3.10/site-packages/airflow/example_dags/example_inlet_event_extra.py
[2024-10-03T22:38:48.578-0400] {processor.py:914} INFO - Processing file /home/patrick/.cache/pypoetry/virtualenvs/airflow-wPbgcfzP-py3.10/lib/python3.10/site-packages/airflow/example_dags/example_inlet_event_extra.py for tasks to queue
[2024-10-03T22:38:48.580-0400] {logging_mixin.py:190} INFO - [2024-10-03T22:38:48.579-0400] {dagbag.py:588} INFO - Filling up the DagBag from /home/patrick/.cache/pypoetry/virtualenvs/airflow-wPbgcfzP-py3.10/lib/python3.10/site-packages/airflow/example_dags/example_inlet_event_extra.py
[2024-10-03T22:38:48.588-0400] {processor.py:925} INFO - DAG(s) 'read_dataset_event', 'read_dataset_event_from_classic' retrieved from /home/patrick/.cache/pypoetry/virtualenvs/airflow-wPbgcfzP-py3.10/lib/python3.10/site-packages/airflow/example_dags/example_inlet_event_extra.py
[2024-10-03T22:38:55.092-0400] {logging_mixin.py:190} INFO - [2024-10-03T22:38:55.092-0400] {dag.py:3239} INFO - Sync 2 DAGs
[2024-10-03T22:38:55.523-0400] {logging_mixin.py:190} INFO - [2024-10-03T22:38:55.523-0400] {dag.py:4180} INFO - Setting next_dagrun for read_dataset_event to 2024-10-03 00:00:00+00:00, run_after=2024-10-04 00:00:00+00:00
[2024-10-03T22:38:55.572-0400] {logging_mixin.py:190} INFO - [2024-10-03T22:38:55.572-0400] {dag.py:4180} INFO - Setting next_dagrun for read_dataset_event_from_classic to 2024-10-03 00:00:00+00:00, run_after=2024-10-04 00:00:00+00:00
[2024-10-03T22:38:56.329-0400] {processor.py:208} INFO - Processing /home/patrick/.cache/pypoetry/virtualenvs/airflow-wPbgcfzP-py3.10/lib/python3.10/site-packages/airflow/example_dags/example_inlet_event_extra.py took 7.756 seconds
[2024-10-03T22:42:50.698-0400] {processor.py:186} INFO - Started process (PID=32395) to work on /home/patrick/.cache/pypoetry/virtualenvs/airflow-wPbgcfzP-py3.10/lib/python3.10/site-packages/airflow/example_dags/example_inlet_event_extra.py
[2024-10-03T22:42:50.699-0400] {processor.py:914} INFO - Processing file /home/patrick/.cache/pypoetry/virtualenvs/airflow-wPbgcfzP-py3.10/lib/python3.10/site-packages/airflow/example_dags/example_inlet_event_extra.py for tasks to queue
[2024-10-03T22:42:50.701-0400] {logging_mixin.py:190} INFO - [2024-10-03T22:42:50.701-0400] {dagbag.py:588} INFO - Filling up the DagBag from /home/patrick/.cache/pypoetry/virtualenvs/airflow-wPbgcfzP-py3.10/lib/python3.10/site-packages/airflow/example_dags/example_inlet_event_extra.py
[2024-10-03T22:42:50.711-0400] {processor.py:925} INFO - DAG(s) 'read_dataset_event', 'read_dataset_event_from_classic' retrieved from /home/patrick/.cache/pypoetry/virtualenvs/airflow-wPbgcfzP-py3.10/lib/python3.10/site-packages/airflow/example_dags/example_inlet_event_extra.py
[2024-10-03T22:42:54.276-0400] {logging_mixin.py:190} INFO - [2024-10-03T22:42:54.276-0400] {dag.py:3239} INFO - Sync 2 DAGs
[2024-10-03T22:42:54.669-0400] {logging_mixin.py:190} INFO - [2024-10-03T22:42:54.669-0400] {dag.py:4180} INFO - Setting next_dagrun for read_dataset_event to 2024-10-03 00:00:00+00:00, run_after=2024-10-04 00:00:00+00:00
[2024-10-03T22:42:54.718-0400] {logging_mixin.py:190} INFO - [2024-10-03T22:42:54.717-0400] {dag.py:4180} INFO - Setting next_dagrun for read_dataset_event_from_classic to 2024-10-03 00:00:00+00:00, run_after=2024-10-04 00:00:00+00:00
[2024-10-03T22:42:55.492-0400] {processor.py:208} INFO - Processing /home/patrick/.cache/pypoetry/virtualenvs/airflow-wPbgcfzP-py3.10/lib/python3.10/site-packages/airflow/example_dags/example_inlet_event_extra.py took 4.798 seconds
[2024-10-03T22:49:05.381-0400] {processor.py:186} INFO - Started process (PID=34140) to work on /home/patrick/.cache/pypoetry/virtualenvs/airflow-wPbgcfzP-py3.10/lib/python3.10/site-packages/airflow/example_dags/example_inlet_event_extra.py
[2024-10-03T22:49:05.382-0400] {processor.py:914} INFO - Processing file /home/patrick/.cache/pypoetry/virtualenvs/airflow-wPbgcfzP-py3.10/lib/python3.10/site-packages/airflow/example_dags/example_inlet_event_extra.py for tasks to queue
[2024-10-03T22:49:05.384-0400] {logging_mixin.py:190} INFO - [2024-10-03T22:49:05.384-0400] {dagbag.py:588} INFO - Filling up the DagBag from /home/patrick/.cache/pypoetry/virtualenvs/airflow-wPbgcfzP-py3.10/lib/python3.10/site-packages/airflow/example_dags/example_inlet_event_extra.py
[2024-10-03T22:49:05.392-0400] {processor.py:925} INFO - DAG(s) 'read_dataset_event', 'read_dataset_event_from_classic' retrieved from /home/patrick/.cache/pypoetry/virtualenvs/airflow-wPbgcfzP-py3.10/lib/python3.10/site-packages/airflow/example_dags/example_inlet_event_extra.py
[2024-10-03T22:49:08.800-0400] {logging_mixin.py:190} INFO - [2024-10-03T22:49:08.800-0400] {dag.py:3239} INFO - Sync 2 DAGs
[2024-10-03T22:49:09.056-0400] {logging_mixin.py:190} INFO - [2024-10-03T22:49:09.055-0400] {dag.py:4180} INFO - Setting next_dagrun for read_dataset_event to 2024-10-03 00:00:00+00:00, run_after=2024-10-04 00:00:00+00:00
[2024-10-03T22:49:09.110-0400] {logging_mixin.py:190} INFO - [2024-10-03T22:49:09.110-0400] {dag.py:4180} INFO - Setting next_dagrun for read_dataset_event_from_classic to 2024-10-03 00:00:00+00:00, run_after=2024-10-04 00:00:00+00:00
[2024-10-03T22:49:09.891-0400] {processor.py:208} INFO - Processing /home/patrick/.cache/pypoetry/virtualenvs/airflow-wPbgcfzP-py3.10/lib/python3.10/site-packages/airflow/example_dags/example_inlet_event_extra.py took 4.514 seconds
[2024-10-03T22:52:59.535-0400] {processor.py:186} INFO - Started process (PID=35226) to work on /home/patrick/.cache/pypoetry/virtualenvs/airflow-wPbgcfzP-py3.10/lib/python3.10/site-packages/airflow/example_dags/example_inlet_event_extra.py
[2024-10-03T22:52:59.536-0400] {processor.py:914} INFO - Processing file /home/patrick/.cache/pypoetry/virtualenvs/airflow-wPbgcfzP-py3.10/lib/python3.10/site-packages/airflow/example_dags/example_inlet_event_extra.py for tasks to queue
[2024-10-03T22:52:59.538-0400] {logging_mixin.py:190} INFO - [2024-10-03T22:52:59.538-0400] {dagbag.py:588} INFO - Filling up the DagBag from /home/patrick/.cache/pypoetry/virtualenvs/airflow-wPbgcfzP-py3.10/lib/python3.10/site-packages/airflow/example_dags/example_inlet_event_extra.py
[2024-10-03T22:52:59.546-0400] {processor.py:925} INFO - DAG(s) 'read_dataset_event_from_classic', 'read_dataset_event' retrieved from /home/patrick/.cache/pypoetry/virtualenvs/airflow-wPbgcfzP-py3.10/lib/python3.10/site-packages/airflow/example_dags/example_inlet_event_extra.py
[2024-10-03T22:53:05.184-0400] {logging_mixin.py:190} INFO - [2024-10-03T22:53:05.184-0400] {dag.py:3239} INFO - Sync 2 DAGs
[2024-10-03T22:53:05.560-0400] {logging_mixin.py:190} INFO - [2024-10-03T22:53:05.560-0400] {dag.py:4180} INFO - Setting next_dagrun for read_dataset_event to 2024-10-03 00:00:00+00:00, run_after=2024-10-04 00:00:00+00:00
[2024-10-03T22:53:05.617-0400] {logging_mixin.py:190} INFO - [2024-10-03T22:53:05.617-0400] {dag.py:4180} INFO - Setting next_dagrun for read_dataset_event_from_classic to 2024-10-03 00:00:00+00:00, run_after=2024-10-04 00:00:00+00:00
[2024-10-03T22:53:06.404-0400] {processor.py:208} INFO - Processing /home/patrick/.cache/pypoetry/virtualenvs/airflow-wPbgcfzP-py3.10/lib/python3.10/site-packages/airflow/example_dags/example_inlet_event_extra.py took 6.873 seconds
[2024-10-03T22:57:33.481-0400] {processor.py:186} INFO - Started process (PID=36546) to work on /home/patrick/.cache/pypoetry/virtualenvs/airflow-wPbgcfzP-py3.10/lib/python3.10/site-packages/airflow/example_dags/example_inlet_event_extra.py
[2024-10-03T22:57:33.482-0400] {processor.py:914} INFO - Processing file /home/patrick/.cache/pypoetry/virtualenvs/airflow-wPbgcfzP-py3.10/lib/python3.10/site-packages/airflow/example_dags/example_inlet_event_extra.py for tasks to queue
[2024-10-03T22:57:33.484-0400] {logging_mixin.py:190} INFO - [2024-10-03T22:57:33.484-0400] {dagbag.py:588} INFO - Filling up the DagBag from /home/patrick/.cache/pypoetry/virtualenvs/airflow-wPbgcfzP-py3.10/lib/python3.10/site-packages/airflow/example_dags/example_inlet_event_extra.py
[2024-10-03T22:57:33.492-0400] {processor.py:925} INFO - DAG(s) 'read_dataset_event', 'read_dataset_event_from_classic' retrieved from /home/patrick/.cache/pypoetry/virtualenvs/airflow-wPbgcfzP-py3.10/lib/python3.10/site-packages/airflow/example_dags/example_inlet_event_extra.py
[2024-10-03T22:57:44.251-0400] {logging_mixin.py:190} INFO - [2024-10-03T22:57:44.251-0400] {dag.py:3239} INFO - Sync 2 DAGs
[2024-10-03T22:57:45.060-0400] {logging_mixin.py:190} INFO - [2024-10-03T22:57:45.059-0400] {dag.py:4180} INFO - Setting next_dagrun for read_dataset_event to 2024-10-03 00:00:00+00:00, run_after=2024-10-04 00:00:00+00:00
[2024-10-03T22:57:45.099-0400] {logging_mixin.py:190} INFO - [2024-10-03T22:57:45.098-0400] {dag.py:4180} INFO - Setting next_dagrun for read_dataset_event_from_classic to 2024-10-03 00:00:00+00:00, run_after=2024-10-04 00:00:00+00:00
[2024-10-03T22:57:45.817-0400] {processor.py:208} INFO - Processing /home/patrick/.cache/pypoetry/virtualenvs/airflow-wPbgcfzP-py3.10/lib/python3.10/site-packages/airflow/example_dags/example_inlet_event_extra.py took 12.340 seconds
[2024-10-03T23:01:57.271-0400] {processor.py:186} INFO - Started process (PID=37734) to work on /home/patrick/.cache/pypoetry/virtualenvs/airflow-wPbgcfzP-py3.10/lib/python3.10/site-packages/airflow/example_dags/example_inlet_event_extra.py
[2024-10-03T23:01:57.273-0400] {processor.py:914} INFO - Processing file /home/patrick/.cache/pypoetry/virtualenvs/airflow-wPbgcfzP-py3.10/lib/python3.10/site-packages/airflow/example_dags/example_inlet_event_extra.py for tasks to queue
[2024-10-03T23:01:57.275-0400] {logging_mixin.py:190} INFO - [2024-10-03T23:01:57.274-0400] {dagbag.py:588} INFO - Filling up the DagBag from /home/patrick/.cache/pypoetry/virtualenvs/airflow-wPbgcfzP-py3.10/lib/python3.10/site-packages/airflow/example_dags/example_inlet_event_extra.py
[2024-10-03T23:01:57.284-0400] {processor.py:925} INFO - DAG(s) 'read_dataset_event_from_classic', 'read_dataset_event' retrieved from /home/patrick/.cache/pypoetry/virtualenvs/airflow-wPbgcfzP-py3.10/lib/python3.10/site-packages/airflow/example_dags/example_inlet_event_extra.py
[2024-10-03T23:02:01.539-0400] {logging_mixin.py:190} INFO - [2024-10-03T23:02:01.538-0400] {dag.py:3239} INFO - Sync 2 DAGs
[2024-10-03T23:02:02.177-0400] {logging_mixin.py:190} INFO - [2024-10-03T23:02:02.177-0400] {dag.py:4180} INFO - Setting next_dagrun for read_dataset_event to 2024-10-03 00:00:00+00:00, run_after=2024-10-04 00:00:00+00:00
[2024-10-03T23:02:02.219-0400] {logging_mixin.py:190} INFO - [2024-10-03T23:02:02.219-0400] {dag.py:4180} INFO - Setting next_dagrun for read_dataset_event_from_classic to 2024-10-03 00:00:00+00:00, run_after=2024-10-04 00:00:00+00:00
[2024-10-03T23:02:02.944-0400] {processor.py:208} INFO - Processing /home/patrick/.cache/pypoetry/virtualenvs/airflow-wPbgcfzP-py3.10/lib/python3.10/site-packages/airflow/example_dags/example_inlet_event_extra.py took 5.677 seconds
[2024-10-03T23:05:27.954-0400] {processor.py:186} INFO - Started process (PID=38661) to work on /home/patrick/.cache/pypoetry/virtualenvs/airflow-wPbgcfzP-py3.10/lib/python3.10/site-packages/airflow/example_dags/example_inlet_event_extra.py
[2024-10-03T23:05:27.956-0400] {processor.py:914} INFO - Processing file /home/patrick/.cache/pypoetry/virtualenvs/airflow-wPbgcfzP-py3.10/lib/python3.10/site-packages/airflow/example_dags/example_inlet_event_extra.py for tasks to queue
[2024-10-03T23:05:27.961-0400] {logging_mixin.py:190} INFO - [2024-10-03T23:05:27.960-0400] {dagbag.py:588} INFO - Filling up the DagBag from /home/patrick/.cache/pypoetry/virtualenvs/airflow-wPbgcfzP-py3.10/lib/python3.10/site-packages/airflow/example_dags/example_inlet_event_extra.py
[2024-10-03T23:05:27.969-0400] {processor.py:925} INFO - DAG(s) 'read_dataset_event_from_classic', 'read_dataset_event' retrieved from /home/patrick/.cache/pypoetry/virtualenvs/airflow-wPbgcfzP-py3.10/lib/python3.10/site-packages/airflow/example_dags/example_inlet_event_extra.py
[2024-10-03T23:05:30.837-0400] {logging_mixin.py:190} INFO - [2024-10-03T23:05:30.837-0400] {dag.py:3239} INFO - Sync 2 DAGs
[2024-10-03T23:05:31.071-0400] {logging_mixin.py:190} INFO - [2024-10-03T23:05:31.070-0400] {dag.py:4180} INFO - Setting next_dagrun for read_dataset_event to 2024-10-03 00:00:00+00:00, run_after=2024-10-04 00:00:00+00:00
[2024-10-03T23:05:31.132-0400] {logging_mixin.py:190} INFO - [2024-10-03T23:05:31.132-0400] {dag.py:4180} INFO - Setting next_dagrun for read_dataset_event_from_classic to 2024-10-03 00:00:00+00:00, run_after=2024-10-04 00:00:00+00:00
[2024-10-03T23:05:31.761-0400] {processor.py:208} INFO - Processing /home/patrick/.cache/pypoetry/virtualenvs/airflow-wPbgcfzP-py3.10/lib/python3.10/site-packages/airflow/example_dags/example_inlet_event_extra.py took 3.811 seconds
[2024-10-03T23:08:40.607-0400] {processor.py:186} INFO - Started process (PID=39500) to work on /home/patrick/.cache/pypoetry/virtualenvs/airflow-wPbgcfzP-py3.10/lib/python3.10/site-packages/airflow/example_dags/example_inlet_event_extra.py
[2024-10-03T23:08:40.609-0400] {processor.py:914} INFO - Processing file /home/patrick/.cache/pypoetry/virtualenvs/airflow-wPbgcfzP-py3.10/lib/python3.10/site-packages/airflow/example_dags/example_inlet_event_extra.py for tasks to queue
[2024-10-03T23:08:40.611-0400] {logging_mixin.py:190} INFO - [2024-10-03T23:08:40.610-0400] {dagbag.py:588} INFO - Filling up the DagBag from /home/patrick/.cache/pypoetry/virtualenvs/airflow-wPbgcfzP-py3.10/lib/python3.10/site-packages/airflow/example_dags/example_inlet_event_extra.py
[2024-10-03T23:08:40.627-0400] {processor.py:925} INFO - DAG(s) 'read_dataset_event_from_classic', 'read_dataset_event' retrieved from /home/patrick/.cache/pypoetry/virtualenvs/airflow-wPbgcfzP-py3.10/lib/python3.10/site-packages/airflow/example_dags/example_inlet_event_extra.py
[2024-10-03T23:08:43.335-0400] {logging_mixin.py:190} INFO - [2024-10-03T23:08:43.334-0400] {dag.py:3239} INFO - Sync 2 DAGs
[2024-10-03T23:08:43.638-0400] {logging_mixin.py:190} INFO - [2024-10-03T23:08:43.638-0400] {dag.py:4180} INFO - Setting next_dagrun for read_dataset_event to 2024-10-03 00:00:00+00:00, run_after=2024-10-04 00:00:00+00:00
[2024-10-03T23:08:43.696-0400] {logging_mixin.py:190} INFO - [2024-10-03T23:08:43.696-0400] {dag.py:4180} INFO - Setting next_dagrun for read_dataset_event_from_classic to 2024-10-03 00:00:00+00:00, run_after=2024-10-04 00:00:00+00:00
[2024-10-03T23:08:44.576-0400] {processor.py:208} INFO - Processing /home/patrick/.cache/pypoetry/virtualenvs/airflow-wPbgcfzP-py3.10/lib/python3.10/site-packages/airflow/example_dags/example_inlet_event_extra.py took 3.973 seconds
[2024-10-03T23:13:06.423-0400] {processor.py:186} INFO - Started process (PID=40662) to work on /home/patrick/.cache/pypoetry/virtualenvs/airflow-wPbgcfzP-py3.10/lib/python3.10/site-packages/airflow/example_dags/example_inlet_event_extra.py
[2024-10-03T23:13:06.424-0400] {processor.py:914} INFO - Processing file /home/patrick/.cache/pypoetry/virtualenvs/airflow-wPbgcfzP-py3.10/lib/python3.10/site-packages/airflow/example_dags/example_inlet_event_extra.py for tasks to queue
[2024-10-03T23:13:06.426-0400] {logging_mixin.py:190} INFO - [2024-10-03T23:13:06.426-0400] {dagbag.py:588} INFO - Filling up the DagBag from /home/patrick/.cache/pypoetry/virtualenvs/airflow-wPbgcfzP-py3.10/lib/python3.10/site-packages/airflow/example_dags/example_inlet_event_extra.py
[2024-10-03T23:13:06.435-0400] {processor.py:925} INFO - DAG(s) 'read_dataset_event', 'read_dataset_event_from_classic' retrieved from /home/patrick/.cache/pypoetry/virtualenvs/airflow-wPbgcfzP-py3.10/lib/python3.10/site-packages/airflow/example_dags/example_inlet_event_extra.py
[2024-10-03T23:13:11.839-0400] {logging_mixin.py:190} INFO - [2024-10-03T23:13:11.839-0400] {dag.py:3239} INFO - Sync 2 DAGs
[2024-10-03T23:13:12.441-0400] {logging_mixin.py:190} INFO - [2024-10-03T23:13:12.441-0400] {dag.py:4180} INFO - Setting next_dagrun for read_dataset_event to 2024-10-03 00:00:00+00:00, run_after=2024-10-04 00:00:00+00:00
[2024-10-03T23:13:12.481-0400] {logging_mixin.py:190} INFO - [2024-10-03T23:13:12.481-0400] {dag.py:4180} INFO - Setting next_dagrun for read_dataset_event_from_classic to 2024-10-03 00:00:00+00:00, run_after=2024-10-04 00:00:00+00:00
[2024-10-03T23:13:13.144-0400] {processor.py:208} INFO - Processing /home/patrick/.cache/pypoetry/virtualenvs/airflow-wPbgcfzP-py3.10/lib/python3.10/site-packages/airflow/example_dags/example_inlet_event_extra.py took 6.725 seconds
[2024-10-03T23:17:35.885-0400] {processor.py:186} INFO - Started process (PID=41824) to work on /home/patrick/.cache/pypoetry/virtualenvs/airflow-wPbgcfzP-py3.10/lib/python3.10/site-packages/airflow/example_dags/example_inlet_event_extra.py
[2024-10-03T23:17:35.886-0400] {processor.py:914} INFO - Processing file /home/patrick/.cache/pypoetry/virtualenvs/airflow-wPbgcfzP-py3.10/lib/python3.10/site-packages/airflow/example_dags/example_inlet_event_extra.py for tasks to queue
[2024-10-03T23:17:35.888-0400] {logging_mixin.py:190} INFO - [2024-10-03T23:17:35.888-0400] {dagbag.py:588} INFO - Filling up the DagBag from /home/patrick/.cache/pypoetry/virtualenvs/airflow-wPbgcfzP-py3.10/lib/python3.10/site-packages/airflow/example_dags/example_inlet_event_extra.py
[2024-10-03T23:17:35.896-0400] {processor.py:925} INFO - DAG(s) 'read_dataset_event', 'read_dataset_event_from_classic' retrieved from /home/patrick/.cache/pypoetry/virtualenvs/airflow-wPbgcfzP-py3.10/lib/python3.10/site-packages/airflow/example_dags/example_inlet_event_extra.py
[2024-10-03T23:17:41.827-0400] {logging_mixin.py:190} INFO - [2024-10-03T23:17:41.827-0400] {dag.py:3239} INFO - Sync 2 DAGs
[2024-10-03T23:17:42.004-0400] {logging_mixin.py:190} INFO - [2024-10-03T23:17:42.004-0400] {dag.py:4180} INFO - Setting next_dagrun for read_dataset_event to 2024-10-03 00:00:00+00:00, run_after=2024-10-04 00:00:00+00:00
[2024-10-03T23:17:42.072-0400] {logging_mixin.py:190} INFO - [2024-10-03T23:17:42.072-0400] {dag.py:4180} INFO - Setting next_dagrun for read_dataset_event_from_classic to 2024-10-03 00:00:00+00:00, run_after=2024-10-04 00:00:00+00:00
[2024-10-03T23:17:43.108-0400] {processor.py:208} INFO - Processing /home/patrick/.cache/pypoetry/virtualenvs/airflow-wPbgcfzP-py3.10/lib/python3.10/site-packages/airflow/example_dags/example_inlet_event_extra.py took 7.227 seconds
[2024-10-03T23:22:01.159-0400] {processor.py:186} INFO - Started process (PID=42981) to work on /home/patrick/.cache/pypoetry/virtualenvs/airflow-wPbgcfzP-py3.10/lib/python3.10/site-packages/airflow/example_dags/example_inlet_event_extra.py
[2024-10-03T23:22:01.159-0400] {processor.py:914} INFO - Processing file /home/patrick/.cache/pypoetry/virtualenvs/airflow-wPbgcfzP-py3.10/lib/python3.10/site-packages/airflow/example_dags/example_inlet_event_extra.py for tasks to queue
[2024-10-03T23:22:01.161-0400] {logging_mixin.py:190} INFO - [2024-10-03T23:22:01.160-0400] {dagbag.py:588} INFO - Filling up the DagBag from /home/patrick/.cache/pypoetry/virtualenvs/airflow-wPbgcfzP-py3.10/lib/python3.10/site-packages/airflow/example_dags/example_inlet_event_extra.py
[2024-10-03T23:22:01.168-0400] {processor.py:925} INFO - DAG(s) 'read_dataset_event', 'read_dataset_event_from_classic' retrieved from /home/patrick/.cache/pypoetry/virtualenvs/airflow-wPbgcfzP-py3.10/lib/python3.10/site-packages/airflow/example_dags/example_inlet_event_extra.py
[2024-10-03T23:22:06.011-0400] {logging_mixin.py:190} INFO - [2024-10-03T23:22:06.010-0400] {dag.py:3239} INFO - Sync 2 DAGs
[2024-10-03T23:22:06.653-0400] {logging_mixin.py:190} INFO - [2024-10-03T23:22:06.653-0400] {dag.py:4180} INFO - Setting next_dagrun for read_dataset_event to 2024-10-03 00:00:00+00:00, run_after=2024-10-04 00:00:00+00:00
[2024-10-03T23:22:06.690-0400] {logging_mixin.py:190} INFO - [2024-10-03T23:22:06.690-0400] {dag.py:4180} INFO - Setting next_dagrun for read_dataset_event_from_classic to 2024-10-03 00:00:00+00:00, run_after=2024-10-04 00:00:00+00:00
[2024-10-03T23:22:07.486-0400] {processor.py:208} INFO - Processing /home/patrick/.cache/pypoetry/virtualenvs/airflow-wPbgcfzP-py3.10/lib/python3.10/site-packages/airflow/example_dags/example_inlet_event_extra.py took 6.331 seconds
[2024-10-03T23:24:47.521-0400] {processor.py:186} INFO - Started process (PID=43694) to work on /home/patrick/.cache/pypoetry/virtualenvs/airflow-wPbgcfzP-py3.10/lib/python3.10/site-packages/airflow/example_dags/example_inlet_event_extra.py
[2024-10-03T23:24:47.522-0400] {processor.py:914} INFO - Processing file /home/patrick/.cache/pypoetry/virtualenvs/airflow-wPbgcfzP-py3.10/lib/python3.10/site-packages/airflow/example_dags/example_inlet_event_extra.py for tasks to queue
[2024-10-03T23:24:47.524-0400] {logging_mixin.py:190} INFO - [2024-10-03T23:24:47.523-0400] {dagbag.py:588} INFO - Filling up the DagBag from /home/patrick/.cache/pypoetry/virtualenvs/airflow-wPbgcfzP-py3.10/lib/python3.10/site-packages/airflow/example_dags/example_inlet_event_extra.py
[2024-10-03T23:24:47.531-0400] {processor.py:925} INFO - DAG(s) 'read_dataset_event', 'read_dataset_event_from_classic' retrieved from /home/patrick/.cache/pypoetry/virtualenvs/airflow-wPbgcfzP-py3.10/lib/python3.10/site-packages/airflow/example_dags/example_inlet_event_extra.py
[2024-10-03T23:24:49.336-0400] {logging_mixin.py:190} INFO - [2024-10-03T23:24:49.336-0400] {dag.py:3239} INFO - Sync 2 DAGs
[2024-10-03T23:24:49.689-0400] {logging_mixin.py:190} INFO - [2024-10-03T23:24:49.689-0400] {dag.py:4180} INFO - Setting next_dagrun for read_dataset_event to 2024-10-03 00:00:00+00:00, run_after=2024-10-04 00:00:00+00:00
[2024-10-03T23:24:49.738-0400] {logging_mixin.py:190} INFO - [2024-10-03T23:24:49.738-0400] {dag.py:4180} INFO - Setting next_dagrun for read_dataset_event_from_classic to 2024-10-03 00:00:00+00:00, run_after=2024-10-04 00:00:00+00:00
[2024-10-03T23:24:50.379-0400] {processor.py:208} INFO - Processing /home/patrick/.cache/pypoetry/virtualenvs/airflow-wPbgcfzP-py3.10/lib/python3.10/site-packages/airflow/example_dags/example_inlet_event_extra.py took 2.862 seconds
[2024-10-03T23:27:33.448-0400] {processor.py:186} INFO - Started process (PID=44398) to work on /home/patrick/.cache/pypoetry/virtualenvs/airflow-wPbgcfzP-py3.10/lib/python3.10/site-packages/airflow/example_dags/example_inlet_event_extra.py
[2024-10-03T23:27:33.449-0400] {processor.py:914} INFO - Processing file /home/patrick/.cache/pypoetry/virtualenvs/airflow-wPbgcfzP-py3.10/lib/python3.10/site-packages/airflow/example_dags/example_inlet_event_extra.py for tasks to queue
[2024-10-03T23:27:33.450-0400] {logging_mixin.py:190} INFO - [2024-10-03T23:27:33.450-0400] {dagbag.py:588} INFO - Filling up the DagBag from /home/patrick/.cache/pypoetry/virtualenvs/airflow-wPbgcfzP-py3.10/lib/python3.10/site-packages/airflow/example_dags/example_inlet_event_extra.py
[2024-10-03T23:27:33.457-0400] {processor.py:925} INFO - DAG(s) 'read_dataset_event_from_classic', 'read_dataset_event' retrieved from /home/patrick/.cache/pypoetry/virtualenvs/airflow-wPbgcfzP-py3.10/lib/python3.10/site-packages/airflow/example_dags/example_inlet_event_extra.py
[2024-10-03T23:27:37.509-0400] {logging_mixin.py:190} INFO - [2024-10-03T23:27:37.509-0400] {dag.py:3239} INFO - Sync 2 DAGs
[2024-10-03T23:27:37.833-0400] {logging_mixin.py:190} INFO - [2024-10-03T23:27:37.833-0400] {dag.py:4180} INFO - Setting next_dagrun for read_dataset_event to 2024-10-03 00:00:00+00:00, run_after=2024-10-04 00:00:00+00:00
[2024-10-03T23:27:37.883-0400] {logging_mixin.py:190} INFO - [2024-10-03T23:27:37.882-0400] {dag.py:4180} INFO - Setting next_dagrun for read_dataset_event_from_classic to 2024-10-03 00:00:00+00:00, run_after=2024-10-04 00:00:00+00:00
[2024-10-03T23:27:38.509-0400] {processor.py:208} INFO - Processing /home/patrick/.cache/pypoetry/virtualenvs/airflow-wPbgcfzP-py3.10/lib/python3.10/site-packages/airflow/example_dags/example_inlet_event_extra.py took 5.064 seconds
[2024-10-03T23:31:58.861-0400] {processor.py:186} INFO - Started process (PID=45583) to work on /home/patrick/.cache/pypoetry/virtualenvs/airflow-wPbgcfzP-py3.10/lib/python3.10/site-packages/airflow/example_dags/example_inlet_event_extra.py
[2024-10-03T23:31:58.862-0400] {processor.py:914} INFO - Processing file /home/patrick/.cache/pypoetry/virtualenvs/airflow-wPbgcfzP-py3.10/lib/python3.10/site-packages/airflow/example_dags/example_inlet_event_extra.py for tasks to queue
[2024-10-03T23:31:58.864-0400] {logging_mixin.py:190} INFO - [2024-10-03T23:31:58.864-0400] {dagbag.py:588} INFO - Filling up the DagBag from /home/patrick/.cache/pypoetry/virtualenvs/airflow-wPbgcfzP-py3.10/lib/python3.10/site-packages/airflow/example_dags/example_inlet_event_extra.py
[2024-10-03T23:31:58.871-0400] {processor.py:925} INFO - DAG(s) 'read_dataset_event_from_classic', 'read_dataset_event' retrieved from /home/patrick/.cache/pypoetry/virtualenvs/airflow-wPbgcfzP-py3.10/lib/python3.10/site-packages/airflow/example_dags/example_inlet_event_extra.py
[2024-10-03T23:32:01.926-0400] {logging_mixin.py:190} INFO - [2024-10-03T23:32:01.926-0400] {dag.py:3239} INFO - Sync 2 DAGs
[2024-10-03T23:32:02.423-0400] {logging_mixin.py:190} INFO - [2024-10-03T23:32:02.423-0400] {dag.py:4180} INFO - Setting next_dagrun for read_dataset_event to 2024-10-03 00:00:00+00:00, run_after=2024-10-04 00:00:00+00:00
[2024-10-03T23:32:02.482-0400] {logging_mixin.py:190} INFO - [2024-10-03T23:32:02.482-0400] {dag.py:4180} INFO - Setting next_dagrun for read_dataset_event_from_classic to 2024-10-03 00:00:00+00:00, run_after=2024-10-04 00:00:00+00:00
[2024-10-03T23:32:03.248-0400] {processor.py:208} INFO - Processing /home/patrick/.cache/pypoetry/virtualenvs/airflow-wPbgcfzP-py3.10/lib/python3.10/site-packages/airflow/example_dags/example_inlet_event_extra.py took 4.391 seconds
[2024-10-03T23:36:05.384-0400] {processor.py:186} INFO - Started process (PID=46650) to work on /home/patrick/.cache/pypoetry/virtualenvs/airflow-wPbgcfzP-py3.10/lib/python3.10/site-packages/airflow/example_dags/example_inlet_event_extra.py
[2024-10-03T23:36:05.385-0400] {processor.py:914} INFO - Processing file /home/patrick/.cache/pypoetry/virtualenvs/airflow-wPbgcfzP-py3.10/lib/python3.10/site-packages/airflow/example_dags/example_inlet_event_extra.py for tasks to queue
[2024-10-03T23:36:05.387-0400] {logging_mixin.py:190} INFO - [2024-10-03T23:36:05.386-0400] {dagbag.py:588} INFO - Filling up the DagBag from /home/patrick/.cache/pypoetry/virtualenvs/airflow-wPbgcfzP-py3.10/lib/python3.10/site-packages/airflow/example_dags/example_inlet_event_extra.py
[2024-10-03T23:36:05.394-0400] {processor.py:925} INFO - DAG(s) 'read_dataset_event', 'read_dataset_event_from_classic' retrieved from /home/patrick/.cache/pypoetry/virtualenvs/airflow-wPbgcfzP-py3.10/lib/python3.10/site-packages/airflow/example_dags/example_inlet_event_extra.py
[2024-10-03T23:36:10.686-0400] {logging_mixin.py:190} INFO - [2024-10-03T23:36:10.686-0400] {dag.py:3239} INFO - Sync 2 DAGs
[2024-10-03T23:36:11.273-0400] {logging_mixin.py:190} INFO - [2024-10-03T23:36:11.273-0400] {dag.py:4180} INFO - Setting next_dagrun for read_dataset_event to 2024-10-03 00:00:00+00:00, run_after=2024-10-04 00:00:00+00:00
[2024-10-03T23:36:11.321-0400] {logging_mixin.py:190} INFO - [2024-10-03T23:36:11.321-0400] {dag.py:4180} INFO - Setting next_dagrun for read_dataset_event_from_classic to 2024-10-03 00:00:00+00:00, run_after=2024-10-04 00:00:00+00:00
[2024-10-03T23:36:12.200-0400] {processor.py:208} INFO - Processing /home/patrick/.cache/pypoetry/virtualenvs/airflow-wPbgcfzP-py3.10/lib/python3.10/site-packages/airflow/example_dags/example_inlet_event_extra.py took 6.820 seconds
[2024-10-03T23:38:53.794-0400] {processor.py:186} INFO - Started process (PID=47364) to work on /home/patrick/.cache/pypoetry/virtualenvs/airflow-wPbgcfzP-py3.10/lib/python3.10/site-packages/airflow/example_dags/example_inlet_event_extra.py
[2024-10-03T23:38:53.795-0400] {processor.py:914} INFO - Processing file /home/patrick/.cache/pypoetry/virtualenvs/airflow-wPbgcfzP-py3.10/lib/python3.10/site-packages/airflow/example_dags/example_inlet_event_extra.py for tasks to queue
[2024-10-03T23:38:53.797-0400] {logging_mixin.py:190} INFO - [2024-10-03T23:38:53.796-0400] {dagbag.py:588} INFO - Filling up the DagBag from /home/patrick/.cache/pypoetry/virtualenvs/airflow-wPbgcfzP-py3.10/lib/python3.10/site-packages/airflow/example_dags/example_inlet_event_extra.py
[2024-10-03T23:38:53.805-0400] {processor.py:925} INFO - DAG(s) 'read_dataset_event', 'read_dataset_event_from_classic' retrieved from /home/patrick/.cache/pypoetry/virtualenvs/airflow-wPbgcfzP-py3.10/lib/python3.10/site-packages/airflow/example_dags/example_inlet_event_extra.py
[2024-10-03T23:38:55.933-0400] {logging_mixin.py:190} INFO - [2024-10-03T23:38:55.932-0400] {dag.py:3239} INFO - Sync 2 DAGs
[2024-10-03T23:38:56.099-0400] {logging_mixin.py:190} INFO - [2024-10-03T23:38:56.099-0400] {dag.py:4180} INFO - Setting next_dagrun for read_dataset_event to 2024-10-03 00:00:00+00:00, run_after=2024-10-04 00:00:00+00:00
[2024-10-03T23:38:56.205-0400] {logging_mixin.py:190} INFO - [2024-10-03T23:38:56.205-0400] {dag.py:4180} INFO - Setting next_dagrun for read_dataset_event_from_classic to 2024-10-03 00:00:00+00:00, run_after=2024-10-04 00:00:00+00:00
[2024-10-03T23:38:56.750-0400] {processor.py:208} INFO - Processing /home/patrick/.cache/pypoetry/virtualenvs/airflow-wPbgcfzP-py3.10/lib/python3.10/site-packages/airflow/example_dags/example_inlet_event_extra.py took 2.961 seconds
[2024-10-03T23:42:44.812-0400] {processor.py:186} INFO - Started process (PID=48366) to work on /home/patrick/.cache/pypoetry/virtualenvs/airflow-wPbgcfzP-py3.10/lib/python3.10/site-packages/airflow/example_dags/example_inlet_event_extra.py
[2024-10-03T23:42:44.813-0400] {processor.py:914} INFO - Processing file /home/patrick/.cache/pypoetry/virtualenvs/airflow-wPbgcfzP-py3.10/lib/python3.10/site-packages/airflow/example_dags/example_inlet_event_extra.py for tasks to queue
[2024-10-03T23:42:44.815-0400] {logging_mixin.py:190} INFO - [2024-10-03T23:42:44.814-0400] {dagbag.py:588} INFO - Filling up the DagBag from /home/patrick/.cache/pypoetry/virtualenvs/airflow-wPbgcfzP-py3.10/lib/python3.10/site-packages/airflow/example_dags/example_inlet_event_extra.py
[2024-10-03T23:42:44.823-0400] {processor.py:925} INFO - DAG(s) 'read_dataset_event_from_classic', 'read_dataset_event' retrieved from /home/patrick/.cache/pypoetry/virtualenvs/airflow-wPbgcfzP-py3.10/lib/python3.10/site-packages/airflow/example_dags/example_inlet_event_extra.py
[2024-10-03T23:42:56.029-0400] {logging_mixin.py:190} INFO - [2024-10-03T23:42:56.029-0400] {dag.py:3239} INFO - Sync 2 DAGs
[2024-10-03T23:42:56.518-0400] {logging_mixin.py:190} INFO - [2024-10-03T23:42:56.518-0400] {dag.py:4180} INFO - Setting next_dagrun for read_dataset_event to 2024-10-03 00:00:00+00:00, run_after=2024-10-04 00:00:00+00:00
[2024-10-03T23:42:56.587-0400] {logging_mixin.py:190} INFO - [2024-10-03T23:42:56.587-0400] {dag.py:4180} INFO - Setting next_dagrun for read_dataset_event_from_classic to 2024-10-03 00:00:00+00:00, run_after=2024-10-04 00:00:00+00:00
[2024-10-03T23:42:57.224-0400] {processor.py:208} INFO - Processing /home/patrick/.cache/pypoetry/virtualenvs/airflow-wPbgcfzP-py3.10/lib/python3.10/site-packages/airflow/example_dags/example_inlet_event_extra.py took 12.417 seconds
[2024-10-03T23:46:53.399-0400] {processor.py:186} INFO - Started process (PID=49439) to work on /home/patrick/.cache/pypoetry/virtualenvs/airflow-wPbgcfzP-py3.10/lib/python3.10/site-packages/airflow/example_dags/example_inlet_event_extra.py
[2024-10-03T23:46:53.401-0400] {processor.py:914} INFO - Processing file /home/patrick/.cache/pypoetry/virtualenvs/airflow-wPbgcfzP-py3.10/lib/python3.10/site-packages/airflow/example_dags/example_inlet_event_extra.py for tasks to queue
[2024-10-03T23:46:53.403-0400] {logging_mixin.py:190} INFO - [2024-10-03T23:46:53.402-0400] {dagbag.py:588} INFO - Filling up the DagBag from /home/patrick/.cache/pypoetry/virtualenvs/airflow-wPbgcfzP-py3.10/lib/python3.10/site-packages/airflow/example_dags/example_inlet_event_extra.py
[2024-10-03T23:46:53.412-0400] {processor.py:925} INFO - DAG(s) 'read_dataset_event', 'read_dataset_event_from_classic' retrieved from /home/patrick/.cache/pypoetry/virtualenvs/airflow-wPbgcfzP-py3.10/lib/python3.10/site-packages/airflow/example_dags/example_inlet_event_extra.py
[2024-10-03T23:46:55.796-0400] {logging_mixin.py:190} INFO - [2024-10-03T23:46:55.796-0400] {dag.py:3239} INFO - Sync 2 DAGs
[2024-10-03T23:46:56.011-0400] {logging_mixin.py:190} INFO - [2024-10-03T23:46:56.011-0400] {dag.py:4180} INFO - Setting next_dagrun for read_dataset_event to 2024-10-03 00:00:00+00:00, run_after=2024-10-04 00:00:00+00:00
[2024-10-03T23:46:56.060-0400] {logging_mixin.py:190} INFO - [2024-10-03T23:46:56.060-0400] {dag.py:4180} INFO - Setting next_dagrun for read_dataset_event_from_classic to 2024-10-03 00:00:00+00:00, run_after=2024-10-04 00:00:00+00:00
[2024-10-03T23:46:56.806-0400] {processor.py:208} INFO - Processing /home/patrick/.cache/pypoetry/virtualenvs/airflow-wPbgcfzP-py3.10/lib/python3.10/site-packages/airflow/example_dags/example_inlet_event_extra.py took 3.411 seconds
[2024-10-03T23:51:11.898-0400] {processor.py:186} INFO - Started process (PID=50545) to work on /home/patrick/.cache/pypoetry/virtualenvs/airflow-wPbgcfzP-py3.10/lib/python3.10/site-packages/airflow/example_dags/example_inlet_event_extra.py
[2024-10-03T23:51:11.899-0400] {processor.py:914} INFO - Processing file /home/patrick/.cache/pypoetry/virtualenvs/airflow-wPbgcfzP-py3.10/lib/python3.10/site-packages/airflow/example_dags/example_inlet_event_extra.py for tasks to queue
[2024-10-03T23:51:11.901-0400] {logging_mixin.py:190} INFO - [2024-10-03T23:51:11.901-0400] {dagbag.py:588} INFO - Filling up the DagBag from /home/patrick/.cache/pypoetry/virtualenvs/airflow-wPbgcfzP-py3.10/lib/python3.10/site-packages/airflow/example_dags/example_inlet_event_extra.py
[2024-10-03T23:51:11.909-0400] {processor.py:925} INFO - DAG(s) 'read_dataset_event_from_classic', 'read_dataset_event' retrieved from /home/patrick/.cache/pypoetry/virtualenvs/airflow-wPbgcfzP-py3.10/lib/python3.10/site-packages/airflow/example_dags/example_inlet_event_extra.py
[2024-10-03T23:51:15.226-0400] {logging_mixin.py:190} INFO - [2024-10-03T23:51:15.225-0400] {dag.py:3239} INFO - Sync 2 DAGs
[2024-10-03T23:51:15.381-0400] {logging_mixin.py:190} INFO - [2024-10-03T23:51:15.381-0400] {dag.py:4180} INFO - Setting next_dagrun for read_dataset_event to 2024-10-03 00:00:00+00:00, run_after=2024-10-04 00:00:00+00:00
[2024-10-03T23:51:15.421-0400] {logging_mixin.py:190} INFO - [2024-10-03T23:51:15.421-0400] {dag.py:4180} INFO - Setting next_dagrun for read_dataset_event_from_classic to 2024-10-03 00:00:00+00:00, run_after=2024-10-04 00:00:00+00:00
[2024-10-03T23:51:15.983-0400] {processor.py:208} INFO - Processing /home/patrick/.cache/pypoetry/virtualenvs/airflow-wPbgcfzP-py3.10/lib/python3.10/site-packages/airflow/example_dags/example_inlet_event_extra.py took 4.089 seconds
[2024-10-03T23:55:28.136-0400] {processor.py:186} INFO - Started process (PID=51645) to work on /home/patrick/.cache/pypoetry/virtualenvs/airflow-wPbgcfzP-py3.10/lib/python3.10/site-packages/airflow/example_dags/example_inlet_event_extra.py
[2024-10-03T23:55:28.137-0400] {processor.py:914} INFO - Processing file /home/patrick/.cache/pypoetry/virtualenvs/airflow-wPbgcfzP-py3.10/lib/python3.10/site-packages/airflow/example_dags/example_inlet_event_extra.py for tasks to queue
[2024-10-03T23:55:28.139-0400] {logging_mixin.py:190} INFO - [2024-10-03T23:55:28.139-0400] {dagbag.py:588} INFO - Filling up the DagBag from /home/patrick/.cache/pypoetry/virtualenvs/airflow-wPbgcfzP-py3.10/lib/python3.10/site-packages/airflow/example_dags/example_inlet_event_extra.py
[2024-10-03T23:55:28.150-0400] {processor.py:925} INFO - DAG(s) 'read_dataset_event', 'read_dataset_event_from_classic' retrieved from /home/patrick/.cache/pypoetry/virtualenvs/airflow-wPbgcfzP-py3.10/lib/python3.10/site-packages/airflow/example_dags/example_inlet_event_extra.py
[2024-10-03T23:55:30.243-0400] {logging_mixin.py:190} INFO - [2024-10-03T23:55:30.243-0400] {dag.py:3239} INFO - Sync 2 DAGs
[2024-10-03T23:55:30.386-0400] {logging_mixin.py:190} INFO - [2024-10-03T23:55:30.386-0400] {dag.py:4180} INFO - Setting next_dagrun for read_dataset_event to 2024-10-03 00:00:00+00:00, run_after=2024-10-04 00:00:00+00:00
[2024-10-03T23:55:30.433-0400] {logging_mixin.py:190} INFO - [2024-10-03T23:55:30.433-0400] {dag.py:4180} INFO - Setting next_dagrun for read_dataset_event_from_classic to 2024-10-03 00:00:00+00:00, run_after=2024-10-04 00:00:00+00:00
[2024-10-03T23:55:31.003-0400] {processor.py:208} INFO - Processing /home/patrick/.cache/pypoetry/virtualenvs/airflow-wPbgcfzP-py3.10/lib/python3.10/site-packages/airflow/example_dags/example_inlet_event_extra.py took 2.871 seconds
[2024-10-03T23:59:10.299-0400] {processor.py:186} INFO - Started process (PID=52608) to work on /home/patrick/.cache/pypoetry/virtualenvs/airflow-wPbgcfzP-py3.10/lib/python3.10/site-packages/airflow/example_dags/example_inlet_event_extra.py
[2024-10-03T23:59:10.300-0400] {processor.py:914} INFO - Processing file /home/patrick/.cache/pypoetry/virtualenvs/airflow-wPbgcfzP-py3.10/lib/python3.10/site-packages/airflow/example_dags/example_inlet_event_extra.py for tasks to queue
[2024-10-03T23:59:10.302-0400] {logging_mixin.py:190} INFO - [2024-10-03T23:59:10.301-0400] {dagbag.py:588} INFO - Filling up the DagBag from /home/patrick/.cache/pypoetry/virtualenvs/airflow-wPbgcfzP-py3.10/lib/python3.10/site-packages/airflow/example_dags/example_inlet_event_extra.py
[2024-10-03T23:59:10.311-0400] {processor.py:925} INFO - DAG(s) 'read_dataset_event', 'read_dataset_event_from_classic' retrieved from /home/patrick/.cache/pypoetry/virtualenvs/airflow-wPbgcfzP-py3.10/lib/python3.10/site-packages/airflow/example_dags/example_inlet_event_extra.py
[2024-10-03T23:59:12.029-0400] {logging_mixin.py:190} INFO - [2024-10-03T23:59:12.029-0400] {dag.py:3239} INFO - Sync 2 DAGs
[2024-10-03T23:59:12.174-0400] {logging_mixin.py:190} INFO - [2024-10-03T23:59:12.174-0400] {dag.py:4180} INFO - Setting next_dagrun for read_dataset_event to 2024-10-03 00:00:00+00:00, run_after=2024-10-04 00:00:00+00:00
[2024-10-03T23:59:12.217-0400] {logging_mixin.py:190} INFO - [2024-10-03T23:59:12.217-0400] {dag.py:4180} INFO - Setting next_dagrun for read_dataset_event_from_classic to 2024-10-03 00:00:00+00:00, run_after=2024-10-04 00:00:00+00:00
[2024-10-03T23:59:12.793-0400] {processor.py:208} INFO - Processing /home/patrick/.cache/pypoetry/virtualenvs/airflow-wPbgcfzP-py3.10/lib/python3.10/site-packages/airflow/example_dags/example_inlet_event_extra.py took 2.499 seconds
[2024-10-04T00:03:46.899-0400] {processor.py:186} INFO - Started process (PID=53849) to work on /home/patrick/.cache/pypoetry/virtualenvs/airflow-wPbgcfzP-py3.10/lib/python3.10/site-packages/airflow/example_dags/example_inlet_event_extra.py
[2024-10-04T00:03:46.900-0400] {processor.py:914} INFO - Processing file /home/patrick/.cache/pypoetry/virtualenvs/airflow-wPbgcfzP-py3.10/lib/python3.10/site-packages/airflow/example_dags/example_inlet_event_extra.py for tasks to queue
[2024-10-04T00:03:46.902-0400] {logging_mixin.py:190} INFO - [2024-10-04T00:03:46.902-0400] {dagbag.py:588} INFO - Filling up the DagBag from /home/patrick/.cache/pypoetry/virtualenvs/airflow-wPbgcfzP-py3.10/lib/python3.10/site-packages/airflow/example_dags/example_inlet_event_extra.py
[2024-10-04T00:03:46.911-0400] {processor.py:925} INFO - DAG(s) 'read_dataset_event', 'read_dataset_event_from_classic' retrieved from /home/patrick/.cache/pypoetry/virtualenvs/airflow-wPbgcfzP-py3.10/lib/python3.10/site-packages/airflow/example_dags/example_inlet_event_extra.py
[2024-10-04T00:03:54.810-0400] {logging_mixin.py:190} INFO - [2024-10-04T00:03:54.810-0400] {dag.py:3239} INFO - Sync 2 DAGs
[2024-10-04T00:03:55.149-0400] {logging_mixin.py:190} INFO - [2024-10-04T00:03:55.149-0400] {dag.py:4180} INFO - Setting next_dagrun for read_dataset_event to 2024-10-03 00:00:00+00:00, run_after=2024-10-04 00:00:00+00:00
[2024-10-04T00:03:55.194-0400] {logging_mixin.py:190} INFO - [2024-10-04T00:03:55.194-0400] {dag.py:4180} INFO - Setting next_dagrun for read_dataset_event_from_classic to 2024-10-03 00:00:00+00:00, run_after=2024-10-04 00:00:00+00:00
[2024-10-04T00:03:55.855-0400] {processor.py:208} INFO - Processing /home/patrick/.cache/pypoetry/virtualenvs/airflow-wPbgcfzP-py3.10/lib/python3.10/site-packages/airflow/example_dags/example_inlet_event_extra.py took 8.960 seconds
