[2024-10-03T21:01:44.144-0400] {processor.py:186} INFO - Started process (PID=5355) to work on /home/patrick/.cache/pypoetry/virtualenvs/airflow-wPbgcfzP-py3.10/lib/python3.10/site-packages/airflow/example_dags/example_branch_day_of_week_operator.py
[2024-10-03T21:01:44.145-0400] {processor.py:914} INFO - Processing file /home/patrick/.cache/pypoetry/virtualenvs/airflow-wPbgcfzP-py3.10/lib/python3.10/site-packages/airflow/example_dags/example_branch_day_of_week_operator.py for tasks to queue
[2024-10-03T21:01:44.146-0400] {logging_mixin.py:190} INFO - [2024-10-03T21:01:44.146-0400] {dagbag.py:588} INFO - Filling up the DagBag from /home/patrick/.cache/pypoetry/virtualenvs/airflow-wPbgcfzP-py3.10/lib/python3.10/site-packages/airflow/example_dags/example_branch_day_of_week_operator.py
[2024-10-03T21:01:44.152-0400] {processor.py:925} INFO - DAG(s) 'example_weekday_branch_operator' retrieved from /home/patrick/.cache/pypoetry/virtualenvs/airflow-wPbgcfzP-py3.10/lib/python3.10/site-packages/airflow/example_dags/example_branch_day_of_week_operator.py
[2024-10-03T21:01:46.404-0400] {logging_mixin.py:190} INFO - [2024-10-03T21:01:46.403-0400] {dag.py:3239} INFO - Sync 1 DAGs
[2024-10-03T21:01:46.596-0400] {logging_mixin.py:190} INFO - [2024-10-03T21:01:46.595-0400] {dag.py:4180} INFO - Setting next_dagrun for example_weekday_branch_operator to 2024-10-03 00:00:00+00:00, run_after=2024-10-04 00:00:00+00:00
[2024-10-03T21:01:47.267-0400] {processor.py:208} INFO - Processing /home/patrick/.cache/pypoetry/virtualenvs/airflow-wPbgcfzP-py3.10/lib/python3.10/site-packages/airflow/example_dags/example_branch_day_of_week_operator.py took 3.126 seconds
[2024-10-03T21:06:07.693-0400] {processor.py:186} INFO - Started process (PID=6493) to work on /home/patrick/.cache/pypoetry/virtualenvs/airflow-wPbgcfzP-py3.10/lib/python3.10/site-packages/airflow/example_dags/example_branch_day_of_week_operator.py
[2024-10-03T21:06:07.694-0400] {processor.py:914} INFO - Processing file /home/patrick/.cache/pypoetry/virtualenvs/airflow-wPbgcfzP-py3.10/lib/python3.10/site-packages/airflow/example_dags/example_branch_day_of_week_operator.py for tasks to queue
[2024-10-03T21:06:07.695-0400] {logging_mixin.py:190} INFO - [2024-10-03T21:06:07.695-0400] {dagbag.py:588} INFO - Filling up the DagBag from /home/patrick/.cache/pypoetry/virtualenvs/airflow-wPbgcfzP-py3.10/lib/python3.10/site-packages/airflow/example_dags/example_branch_day_of_week_operator.py
[2024-10-03T21:06:07.701-0400] {processor.py:925} INFO - DAG(s) 'example_weekday_branch_operator' retrieved from /home/patrick/.cache/pypoetry/virtualenvs/airflow-wPbgcfzP-py3.10/lib/python3.10/site-packages/airflow/example_dags/example_branch_day_of_week_operator.py
[2024-10-03T21:06:13.910-0400] {logging_mixin.py:190} INFO - [2024-10-03T21:06:13.909-0400] {dag.py:3239} INFO - Sync 1 DAGs
[2024-10-03T21:06:14.254-0400] {logging_mixin.py:190} INFO - [2024-10-03T21:06:14.253-0400] {dag.py:4180} INFO - Setting next_dagrun for example_weekday_branch_operator to 2024-10-03 00:00:00+00:00, run_after=2024-10-04 00:00:00+00:00
[2024-10-03T21:06:15.304-0400] {processor.py:208} INFO - Processing /home/patrick/.cache/pypoetry/virtualenvs/airflow-wPbgcfzP-py3.10/lib/python3.10/site-packages/airflow/example_dags/example_branch_day_of_week_operator.py took 7.614 seconds
[2024-10-03T21:10:41.936-0400] {processor.py:186} INFO - Started process (PID=7667) to work on /home/patrick/.cache/pypoetry/virtualenvs/airflow-wPbgcfzP-py3.10/lib/python3.10/site-packages/airflow/example_dags/example_branch_day_of_week_operator.py
[2024-10-03T21:10:41.937-0400] {processor.py:914} INFO - Processing file /home/patrick/.cache/pypoetry/virtualenvs/airflow-wPbgcfzP-py3.10/lib/python3.10/site-packages/airflow/example_dags/example_branch_day_of_week_operator.py for tasks to queue
[2024-10-03T21:10:41.938-0400] {logging_mixin.py:190} INFO - [2024-10-03T21:10:41.938-0400] {dagbag.py:588} INFO - Filling up the DagBag from /home/patrick/.cache/pypoetry/virtualenvs/airflow-wPbgcfzP-py3.10/lib/python3.10/site-packages/airflow/example_dags/example_branch_day_of_week_operator.py
[2024-10-03T21:10:41.944-0400] {processor.py:925} INFO - DAG(s) 'example_weekday_branch_operator' retrieved from /home/patrick/.cache/pypoetry/virtualenvs/airflow-wPbgcfzP-py3.10/lib/python3.10/site-packages/airflow/example_dags/example_branch_day_of_week_operator.py
[2024-10-03T21:10:50.714-0400] {logging_mixin.py:190} INFO - [2024-10-03T21:10:50.714-0400] {dag.py:3239} INFO - Sync 1 DAGs
[2024-10-03T21:10:50.901-0400] {logging_mixin.py:190} INFO - [2024-10-03T21:10:50.901-0400] {dag.py:4180} INFO - Setting next_dagrun for example_weekday_branch_operator to 2024-10-03 00:00:00+00:00, run_after=2024-10-04 00:00:00+00:00
[2024-10-03T21:10:51.767-0400] {processor.py:208} INFO - Processing /home/patrick/.cache/pypoetry/virtualenvs/airflow-wPbgcfzP-py3.10/lib/python3.10/site-packages/airflow/example_dags/example_branch_day_of_week_operator.py took 9.834 seconds
[2024-10-03T21:17:39.663-0400] {processor.py:186} INFO - Started process (PID=9625) to work on /home/patrick/.cache/pypoetry/virtualenvs/airflow-wPbgcfzP-py3.10/lib/python3.10/site-packages/airflow/example_dags/example_branch_day_of_week_operator.py
[2024-10-03T21:17:39.664-0400] {processor.py:914} INFO - Processing file /home/patrick/.cache/pypoetry/virtualenvs/airflow-wPbgcfzP-py3.10/lib/python3.10/site-packages/airflow/example_dags/example_branch_day_of_week_operator.py for tasks to queue
[2024-10-03T21:17:39.665-0400] {logging_mixin.py:190} INFO - [2024-10-03T21:17:39.665-0400] {dagbag.py:588} INFO - Filling up the DagBag from /home/patrick/.cache/pypoetry/virtualenvs/airflow-wPbgcfzP-py3.10/lib/python3.10/site-packages/airflow/example_dags/example_branch_day_of_week_operator.py
[2024-10-03T21:17:39.671-0400] {processor.py:925} INFO - DAG(s) 'example_weekday_branch_operator' retrieved from /home/patrick/.cache/pypoetry/virtualenvs/airflow-wPbgcfzP-py3.10/lib/python3.10/site-packages/airflow/example_dags/example_branch_day_of_week_operator.py
[2024-10-03T21:17:41.623-0400] {logging_mixin.py:190} INFO - [2024-10-03T21:17:41.623-0400] {dag.py:3239} INFO - Sync 1 DAGs
[2024-10-03T21:17:41.773-0400] {logging_mixin.py:190} INFO - [2024-10-03T21:17:41.772-0400] {dag.py:4180} INFO - Setting next_dagrun for example_weekday_branch_operator to 2024-10-03 00:00:00+00:00, run_after=2024-10-04 00:00:00+00:00
[2024-10-03T21:17:42.331-0400] {processor.py:208} INFO - Processing /home/patrick/.cache/pypoetry/virtualenvs/airflow-wPbgcfzP-py3.10/lib/python3.10/site-packages/airflow/example_dags/example_branch_day_of_week_operator.py took 2.672 seconds
[2024-10-03T21:22:18.369-0400] {processor.py:186} INFO - Started process (PID=10873) to work on /home/patrick/.cache/pypoetry/virtualenvs/airflow-wPbgcfzP-py3.10/lib/python3.10/site-packages/airflow/example_dags/example_branch_day_of_week_operator.py
[2024-10-03T21:22:18.370-0400] {processor.py:914} INFO - Processing file /home/patrick/.cache/pypoetry/virtualenvs/airflow-wPbgcfzP-py3.10/lib/python3.10/site-packages/airflow/example_dags/example_branch_day_of_week_operator.py for tasks to queue
[2024-10-03T21:22:18.371-0400] {logging_mixin.py:190} INFO - [2024-10-03T21:22:18.371-0400] {dagbag.py:588} INFO - Filling up the DagBag from /home/patrick/.cache/pypoetry/virtualenvs/airflow-wPbgcfzP-py3.10/lib/python3.10/site-packages/airflow/example_dags/example_branch_day_of_week_operator.py
[2024-10-03T21:22:18.377-0400] {processor.py:925} INFO - DAG(s) 'example_weekday_branch_operator' retrieved from /home/patrick/.cache/pypoetry/virtualenvs/airflow-wPbgcfzP-py3.10/lib/python3.10/site-packages/airflow/example_dags/example_branch_day_of_week_operator.py
[2024-10-03T21:22:37.156-0400] {logging_mixin.py:190} INFO - [2024-10-03T21:22:37.156-0400] {dag.py:3239} INFO - Sync 1 DAGs
[2024-10-03T21:22:37.585-0400] {logging_mixin.py:190} INFO - [2024-10-03T21:22:37.585-0400] {dag.py:4180} INFO - Setting next_dagrun for example_weekday_branch_operator to 2024-10-03 00:00:00+00:00, run_after=2024-10-04 00:00:00+00:00
[2024-10-03T21:22:38.288-0400] {processor.py:208} INFO - Processing /home/patrick/.cache/pypoetry/virtualenvs/airflow-wPbgcfzP-py3.10/lib/python3.10/site-packages/airflow/example_dags/example_branch_day_of_week_operator.py took 19.923 seconds
[2024-10-03T21:26:55.996-0400] {processor.py:186} INFO - Started process (PID=12065) to work on /home/patrick/.cache/pypoetry/virtualenvs/airflow-wPbgcfzP-py3.10/lib/python3.10/site-packages/airflow/example_dags/example_branch_day_of_week_operator.py
[2024-10-03T21:26:55.997-0400] {processor.py:914} INFO - Processing file /home/patrick/.cache/pypoetry/virtualenvs/airflow-wPbgcfzP-py3.10/lib/python3.10/site-packages/airflow/example_dags/example_branch_day_of_week_operator.py for tasks to queue
[2024-10-03T21:26:55.999-0400] {logging_mixin.py:190} INFO - [2024-10-03T21:26:55.999-0400] {dagbag.py:588} INFO - Filling up the DagBag from /home/patrick/.cache/pypoetry/virtualenvs/airflow-wPbgcfzP-py3.10/lib/python3.10/site-packages/airflow/example_dags/example_branch_day_of_week_operator.py
[2024-10-03T21:26:56.005-0400] {processor.py:925} INFO - DAG(s) 'example_weekday_branch_operator' retrieved from /home/patrick/.cache/pypoetry/virtualenvs/airflow-wPbgcfzP-py3.10/lib/python3.10/site-packages/airflow/example_dags/example_branch_day_of_week_operator.py
[2024-10-03T21:27:06.162-0400] {logging_mixin.py:190} INFO - [2024-10-03T21:27:06.162-0400] {dag.py:3239} INFO - Sync 1 DAGs
[2024-10-03T21:27:06.779-0400] {logging_mixin.py:190} INFO - [2024-10-03T21:27:06.778-0400] {dag.py:4180} INFO - Setting next_dagrun for example_weekday_branch_operator to 2024-10-03 00:00:00+00:00, run_after=2024-10-04 00:00:00+00:00
[2024-10-03T21:27:07.760-0400] {processor.py:208} INFO - Processing /home/patrick/.cache/pypoetry/virtualenvs/airflow-wPbgcfzP-py3.10/lib/python3.10/site-packages/airflow/example_dags/example_branch_day_of_week_operator.py took 11.768 seconds
[2024-10-03T21:29:59.447-0400] {processor.py:186} INFO - Started process (PID=12938) to work on /home/patrick/.cache/pypoetry/virtualenvs/airflow-wPbgcfzP-py3.10/lib/python3.10/site-packages/airflow/example_dags/example_branch_day_of_week_operator.py
[2024-10-03T21:29:59.448-0400] {processor.py:914} INFO - Processing file /home/patrick/.cache/pypoetry/virtualenvs/airflow-wPbgcfzP-py3.10/lib/python3.10/site-packages/airflow/example_dags/example_branch_day_of_week_operator.py for tasks to queue
[2024-10-03T21:29:59.449-0400] {logging_mixin.py:190} INFO - [2024-10-03T21:29:59.449-0400] {dagbag.py:588} INFO - Filling up the DagBag from /home/patrick/.cache/pypoetry/virtualenvs/airflow-wPbgcfzP-py3.10/lib/python3.10/site-packages/airflow/example_dags/example_branch_day_of_week_operator.py
[2024-10-03T21:29:59.455-0400] {processor.py:925} INFO - DAG(s) 'example_weekday_branch_operator' retrieved from /home/patrick/.cache/pypoetry/virtualenvs/airflow-wPbgcfzP-py3.10/lib/python3.10/site-packages/airflow/example_dags/example_branch_day_of_week_operator.py
[2024-10-03T21:30:02.338-0400] {logging_mixin.py:190} INFO - [2024-10-03T21:30:02.338-0400] {dag.py:3239} INFO - Sync 1 DAGs
[2024-10-03T21:30:02.632-0400] {logging_mixin.py:190} INFO - [2024-10-03T21:30:02.631-0400] {dag.py:4180} INFO - Setting next_dagrun for example_weekday_branch_operator to 2024-10-03 00:00:00+00:00, run_after=2024-10-04 00:00:00+00:00
[2024-10-03T21:30:03.497-0400] {processor.py:208} INFO - Processing /home/patrick/.cache/pypoetry/virtualenvs/airflow-wPbgcfzP-py3.10/lib/python3.10/site-packages/airflow/example_dags/example_branch_day_of_week_operator.py took 4.054 seconds
[2024-10-03T21:36:14.447-0400] {processor.py:186} INFO - Started process (PID=14594) to work on /home/patrick/.cache/pypoetry/virtualenvs/airflow-wPbgcfzP-py3.10/lib/python3.10/site-packages/airflow/example_dags/example_branch_day_of_week_operator.py
[2024-10-03T21:36:14.449-0400] {processor.py:914} INFO - Processing file /home/patrick/.cache/pypoetry/virtualenvs/airflow-wPbgcfzP-py3.10/lib/python3.10/site-packages/airflow/example_dags/example_branch_day_of_week_operator.py for tasks to queue
[2024-10-03T21:36:14.451-0400] {logging_mixin.py:190} INFO - [2024-10-03T21:36:14.451-0400] {dagbag.py:588} INFO - Filling up the DagBag from /home/patrick/.cache/pypoetry/virtualenvs/airflow-wPbgcfzP-py3.10/lib/python3.10/site-packages/airflow/example_dags/example_branch_day_of_week_operator.py
[2024-10-03T21:36:14.462-0400] {processor.py:925} INFO - DAG(s) 'example_weekday_branch_operator' retrieved from /home/patrick/.cache/pypoetry/virtualenvs/airflow-wPbgcfzP-py3.10/lib/python3.10/site-packages/airflow/example_dags/example_branch_day_of_week_operator.py
[2024-10-03T21:36:27.726-0400] {logging_mixin.py:190} INFO - [2024-10-03T21:36:27.726-0400] {dag.py:3239} INFO - Sync 1 DAGs
[2024-10-03T21:36:28.211-0400] {logging_mixin.py:190} INFO - [2024-10-03T21:36:28.211-0400] {dag.py:4180} INFO - Setting next_dagrun for example_weekday_branch_operator to 2024-10-03 00:00:00+00:00, run_after=2024-10-04 00:00:00+00:00
[2024-10-03T21:36:29.540-0400] {processor.py:208} INFO - Processing /home/patrick/.cache/pypoetry/virtualenvs/airflow-wPbgcfzP-py3.10/lib/python3.10/site-packages/airflow/example_dags/example_branch_day_of_week_operator.py took 15.097 seconds
[2024-10-03T21:42:06.225-0400] {processor.py:186} INFO - Started process (PID=16198) to work on /home/patrick/.cache/pypoetry/virtualenvs/airflow-wPbgcfzP-py3.10/lib/python3.10/site-packages/airflow/example_dags/example_branch_day_of_week_operator.py
[2024-10-03T21:42:06.226-0400] {processor.py:914} INFO - Processing file /home/patrick/.cache/pypoetry/virtualenvs/airflow-wPbgcfzP-py3.10/lib/python3.10/site-packages/airflow/example_dags/example_branch_day_of_week_operator.py for tasks to queue
[2024-10-03T21:42:06.228-0400] {logging_mixin.py:190} INFO - [2024-10-03T21:42:06.228-0400] {dagbag.py:588} INFO - Filling up the DagBag from /home/patrick/.cache/pypoetry/virtualenvs/airflow-wPbgcfzP-py3.10/lib/python3.10/site-packages/airflow/example_dags/example_branch_day_of_week_operator.py
[2024-10-03T21:42:06.234-0400] {processor.py:925} INFO - DAG(s) 'example_weekday_branch_operator' retrieved from /home/patrick/.cache/pypoetry/virtualenvs/airflow-wPbgcfzP-py3.10/lib/python3.10/site-packages/airflow/example_dags/example_branch_day_of_week_operator.py
[2024-10-03T21:42:19.988-0400] {logging_mixin.py:190} INFO - [2024-10-03T21:42:19.987-0400] {dag.py:3239} INFO - Sync 1 DAGs
[2024-10-03T21:42:20.519-0400] {logging_mixin.py:190} INFO - [2024-10-03T21:42:20.519-0400] {dag.py:4180} INFO - Setting next_dagrun for example_weekday_branch_operator to 2024-10-03 00:00:00+00:00, run_after=2024-10-04 00:00:00+00:00
[2024-10-03T21:42:21.641-0400] {processor.py:208} INFO - Processing /home/patrick/.cache/pypoetry/virtualenvs/airflow-wPbgcfzP-py3.10/lib/python3.10/site-packages/airflow/example_dags/example_branch_day_of_week_operator.py took 15.420 seconds
[2024-10-03T21:45:23.978-0400] {processor.py:186} INFO - Started process (PID=17105) to work on /home/patrick/.cache/pypoetry/virtualenvs/airflow-wPbgcfzP-py3.10/lib/python3.10/site-packages/airflow/example_dags/example_branch_day_of_week_operator.py
[2024-10-03T21:45:23.979-0400] {processor.py:914} INFO - Processing file /home/patrick/.cache/pypoetry/virtualenvs/airflow-wPbgcfzP-py3.10/lib/python3.10/site-packages/airflow/example_dags/example_branch_day_of_week_operator.py for tasks to queue
[2024-10-03T21:45:23.981-0400] {logging_mixin.py:190} INFO - [2024-10-03T21:45:23.981-0400] {dagbag.py:588} INFO - Filling up the DagBag from /home/patrick/.cache/pypoetry/virtualenvs/airflow-wPbgcfzP-py3.10/lib/python3.10/site-packages/airflow/example_dags/example_branch_day_of_week_operator.py
[2024-10-03T21:45:23.987-0400] {processor.py:925} INFO - DAG(s) 'example_weekday_branch_operator' retrieved from /home/patrick/.cache/pypoetry/virtualenvs/airflow-wPbgcfzP-py3.10/lib/python3.10/site-packages/airflow/example_dags/example_branch_day_of_week_operator.py
[2024-10-03T21:45:28.145-0400] {logging_mixin.py:190} INFO - [2024-10-03T21:45:28.145-0400] {dag.py:3239} INFO - Sync 1 DAGs
[2024-10-03T21:45:28.380-0400] {logging_mixin.py:190} INFO - [2024-10-03T21:45:28.379-0400] {dag.py:4180} INFO - Setting next_dagrun for example_weekday_branch_operator to 2024-10-03 00:00:00+00:00, run_after=2024-10-04 00:00:00+00:00
[2024-10-03T21:45:29.147-0400] {processor.py:208} INFO - Processing /home/patrick/.cache/pypoetry/virtualenvs/airflow-wPbgcfzP-py3.10/lib/python3.10/site-packages/airflow/example_dags/example_branch_day_of_week_operator.py took 5.172 seconds
[2024-10-03T21:49:34.404-0400] {processor.py:186} INFO - Started process (PID=18192) to work on /home/patrick/.cache/pypoetry/virtualenvs/airflow-wPbgcfzP-py3.10/lib/python3.10/site-packages/airflow/example_dags/example_branch_day_of_week_operator.py
[2024-10-03T21:49:34.405-0400] {processor.py:914} INFO - Processing file /home/patrick/.cache/pypoetry/virtualenvs/airflow-wPbgcfzP-py3.10/lib/python3.10/site-packages/airflow/example_dags/example_branch_day_of_week_operator.py for tasks to queue
[2024-10-03T21:49:34.407-0400] {logging_mixin.py:190} INFO - [2024-10-03T21:49:34.406-0400] {dagbag.py:588} INFO - Filling up the DagBag from /home/patrick/.cache/pypoetry/virtualenvs/airflow-wPbgcfzP-py3.10/lib/python3.10/site-packages/airflow/example_dags/example_branch_day_of_week_operator.py
[2024-10-03T21:49:34.412-0400] {processor.py:925} INFO - DAG(s) 'example_weekday_branch_operator' retrieved from /home/patrick/.cache/pypoetry/virtualenvs/airflow-wPbgcfzP-py3.10/lib/python3.10/site-packages/airflow/example_dags/example_branch_day_of_week_operator.py
[2024-10-03T21:49:37.399-0400] {logging_mixin.py:190} INFO - [2024-10-03T21:49:37.399-0400] {dag.py:3239} INFO - Sync 1 DAGs
[2024-10-03T21:49:37.793-0400] {logging_mixin.py:190} INFO - [2024-10-03T21:49:37.793-0400] {dag.py:4180} INFO - Setting next_dagrun for example_weekday_branch_operator to 2024-10-03 00:00:00+00:00, run_after=2024-10-04 00:00:00+00:00
[2024-10-03T21:49:38.926-0400] {processor.py:208} INFO - Processing /home/patrick/.cache/pypoetry/virtualenvs/airflow-wPbgcfzP-py3.10/lib/python3.10/site-packages/airflow/example_dags/example_branch_day_of_week_operator.py took 4.525 seconds
[2024-10-03T21:53:48.600-0400] {processor.py:186} INFO - Started process (PID=19276) to work on /home/patrick/.cache/pypoetry/virtualenvs/airflow-wPbgcfzP-py3.10/lib/python3.10/site-packages/airflow/example_dags/example_branch_day_of_week_operator.py
[2024-10-03T21:53:48.617-0400] {processor.py:914} INFO - Processing file /home/patrick/.cache/pypoetry/virtualenvs/airflow-wPbgcfzP-py3.10/lib/python3.10/site-packages/airflow/example_dags/example_branch_day_of_week_operator.py for tasks to queue
[2024-10-03T21:53:48.628-0400] {logging_mixin.py:190} INFO - [2024-10-03T21:53:48.627-0400] {dagbag.py:588} INFO - Filling up the DagBag from /home/patrick/.cache/pypoetry/virtualenvs/airflow-wPbgcfzP-py3.10/lib/python3.10/site-packages/airflow/example_dags/example_branch_day_of_week_operator.py
[2024-10-03T21:53:48.635-0400] {processor.py:925} INFO - DAG(s) 'example_weekday_branch_operator' retrieved from /home/patrick/.cache/pypoetry/virtualenvs/airflow-wPbgcfzP-py3.10/lib/python3.10/site-packages/airflow/example_dags/example_branch_day_of_week_operator.py
[2024-10-03T21:53:52.510-0400] {logging_mixin.py:190} INFO - [2024-10-03T21:53:52.510-0400] {dag.py:3239} INFO - Sync 1 DAGs
[2024-10-03T21:53:52.735-0400] {logging_mixin.py:190} INFO - [2024-10-03T21:53:52.734-0400] {dag.py:4180} INFO - Setting next_dagrun for example_weekday_branch_operator to 2024-10-03 00:00:00+00:00, run_after=2024-10-04 00:00:00+00:00
[2024-10-03T21:53:53.362-0400] {processor.py:208} INFO - Processing /home/patrick/.cache/pypoetry/virtualenvs/airflow-wPbgcfzP-py3.10/lib/python3.10/site-packages/airflow/example_dags/example_branch_day_of_week_operator.py took 4.767 seconds
[2024-10-03T21:57:44.780-0400] {processor.py:186} INFO - Started process (PID=20290) to work on /home/patrick/.cache/pypoetry/virtualenvs/airflow-wPbgcfzP-py3.10/lib/python3.10/site-packages/airflow/example_dags/example_branch_day_of_week_operator.py
[2024-10-03T21:57:44.782-0400] {processor.py:914} INFO - Processing file /home/patrick/.cache/pypoetry/virtualenvs/airflow-wPbgcfzP-py3.10/lib/python3.10/site-packages/airflow/example_dags/example_branch_day_of_week_operator.py for tasks to queue
[2024-10-03T21:57:44.783-0400] {logging_mixin.py:190} INFO - [2024-10-03T21:57:44.783-0400] {dagbag.py:588} INFO - Filling up the DagBag from /home/patrick/.cache/pypoetry/virtualenvs/airflow-wPbgcfzP-py3.10/lib/python3.10/site-packages/airflow/example_dags/example_branch_day_of_week_operator.py
[2024-10-03T21:57:44.789-0400] {processor.py:925} INFO - DAG(s) 'example_weekday_branch_operator' retrieved from /home/patrick/.cache/pypoetry/virtualenvs/airflow-wPbgcfzP-py3.10/lib/python3.10/site-packages/airflow/example_dags/example_branch_day_of_week_operator.py
[2024-10-03T21:57:46.312-0400] {logging_mixin.py:190} INFO - [2024-10-03T21:57:46.312-0400] {dag.py:3239} INFO - Sync 1 DAGs
[2024-10-03T21:57:46.615-0400] {logging_mixin.py:190} INFO - [2024-10-03T21:57:46.615-0400] {dag.py:4180} INFO - Setting next_dagrun for example_weekday_branch_operator to 2024-10-03 00:00:00+00:00, run_after=2024-10-04 00:00:00+00:00
[2024-10-03T21:57:47.287-0400] {processor.py:208} INFO - Processing /home/patrick/.cache/pypoetry/virtualenvs/airflow-wPbgcfzP-py3.10/lib/python3.10/site-packages/airflow/example_dags/example_branch_day_of_week_operator.py took 2.511 seconds
[2024-10-03T22:01:56.826-0400] {processor.py:186} INFO - Started process (PID=21366) to work on /home/patrick/.cache/pypoetry/virtualenvs/airflow-wPbgcfzP-py3.10/lib/python3.10/site-packages/airflow/example_dags/example_branch_day_of_week_operator.py
[2024-10-03T22:01:56.827-0400] {processor.py:914} INFO - Processing file /home/patrick/.cache/pypoetry/virtualenvs/airflow-wPbgcfzP-py3.10/lib/python3.10/site-packages/airflow/example_dags/example_branch_day_of_week_operator.py for tasks to queue
[2024-10-03T22:01:56.829-0400] {logging_mixin.py:190} INFO - [2024-10-03T22:01:56.829-0400] {dagbag.py:588} INFO - Filling up the DagBag from /home/patrick/.cache/pypoetry/virtualenvs/airflow-wPbgcfzP-py3.10/lib/python3.10/site-packages/airflow/example_dags/example_branch_day_of_week_operator.py
[2024-10-03T22:01:56.835-0400] {processor.py:925} INFO - DAG(s) 'example_weekday_branch_operator' retrieved from /home/patrick/.cache/pypoetry/virtualenvs/airflow-wPbgcfzP-py3.10/lib/python3.10/site-packages/airflow/example_dags/example_branch_day_of_week_operator.py
[2024-10-03T22:01:58.125-0400] {logging_mixin.py:190} INFO - [2024-10-03T22:01:58.124-0400] {dag.py:3239} INFO - Sync 1 DAGs
[2024-10-03T22:01:58.282-0400] {logging_mixin.py:190} INFO - [2024-10-03T22:01:58.282-0400] {dag.py:4180} INFO - Setting next_dagrun for example_weekday_branch_operator to 2024-10-03 00:00:00+00:00, run_after=2024-10-04 00:00:00+00:00
[2024-10-03T22:01:58.860-0400] {processor.py:208} INFO - Processing /home/patrick/.cache/pypoetry/virtualenvs/airflow-wPbgcfzP-py3.10/lib/python3.10/site-packages/airflow/example_dags/example_branch_day_of_week_operator.py took 2.039 seconds
[2024-10-03T22:06:42.503-0400] {processor.py:186} INFO - Started process (PID=22579) to work on /home/patrick/.cache/pypoetry/virtualenvs/airflow-wPbgcfzP-py3.10/lib/python3.10/site-packages/airflow/example_dags/example_branch_day_of_week_operator.py
[2024-10-03T22:06:42.504-0400] {processor.py:914} INFO - Processing file /home/patrick/.cache/pypoetry/virtualenvs/airflow-wPbgcfzP-py3.10/lib/python3.10/site-packages/airflow/example_dags/example_branch_day_of_week_operator.py for tasks to queue
[2024-10-03T22:06:42.505-0400] {logging_mixin.py:190} INFO - [2024-10-03T22:06:42.505-0400] {dagbag.py:588} INFO - Filling up the DagBag from /home/patrick/.cache/pypoetry/virtualenvs/airflow-wPbgcfzP-py3.10/lib/python3.10/site-packages/airflow/example_dags/example_branch_day_of_week_operator.py
[2024-10-03T22:06:42.513-0400] {processor.py:925} INFO - DAG(s) 'example_weekday_branch_operator' retrieved from /home/patrick/.cache/pypoetry/virtualenvs/airflow-wPbgcfzP-py3.10/lib/python3.10/site-packages/airflow/example_dags/example_branch_day_of_week_operator.py
[2024-10-03T22:06:44.217-0400] {logging_mixin.py:190} INFO - [2024-10-03T22:06:44.217-0400] {dag.py:3239} INFO - Sync 1 DAGs
[2024-10-03T22:06:44.411-0400] {logging_mixin.py:190} INFO - [2024-10-03T22:06:44.411-0400] {dag.py:4180} INFO - Setting next_dagrun for example_weekday_branch_operator to 2024-10-03 00:00:00+00:00, run_after=2024-10-04 00:00:00+00:00
[2024-10-03T22:06:44.977-0400] {processor.py:208} INFO - Processing /home/patrick/.cache/pypoetry/virtualenvs/airflow-wPbgcfzP-py3.10/lib/python3.10/site-packages/airflow/example_dags/example_branch_day_of_week_operator.py took 2.478 seconds
[2024-10-03T22:11:52.316-0400] {processor.py:186} INFO - Started process (PID=23981) to work on /home/patrick/.cache/pypoetry/virtualenvs/airflow-wPbgcfzP-py3.10/lib/python3.10/site-packages/airflow/example_dags/example_branch_day_of_week_operator.py
[2024-10-03T22:11:52.318-0400] {processor.py:914} INFO - Processing file /home/patrick/.cache/pypoetry/virtualenvs/airflow-wPbgcfzP-py3.10/lib/python3.10/site-packages/airflow/example_dags/example_branch_day_of_week_operator.py for tasks to queue
[2024-10-03T22:11:52.319-0400] {logging_mixin.py:190} INFO - [2024-10-03T22:11:52.319-0400] {dagbag.py:588} INFO - Filling up the DagBag from /home/patrick/.cache/pypoetry/virtualenvs/airflow-wPbgcfzP-py3.10/lib/python3.10/site-packages/airflow/example_dags/example_branch_day_of_week_operator.py
[2024-10-03T22:11:52.326-0400] {processor.py:925} INFO - DAG(s) 'example_weekday_branch_operator' retrieved from /home/patrick/.cache/pypoetry/virtualenvs/airflow-wPbgcfzP-py3.10/lib/python3.10/site-packages/airflow/example_dags/example_branch_day_of_week_operator.py
[2024-10-03T22:11:54.536-0400] {logging_mixin.py:190} INFO - [2024-10-03T22:11:54.536-0400] {dag.py:3239} INFO - Sync 1 DAGs
[2024-10-03T22:11:54.687-0400] {logging_mixin.py:190} INFO - [2024-10-03T22:11:54.686-0400] {dag.py:4180} INFO - Setting next_dagrun for example_weekday_branch_operator to 2024-10-03 00:00:00+00:00, run_after=2024-10-04 00:00:00+00:00
[2024-10-03T22:11:55.385-0400] {processor.py:208} INFO - Processing /home/patrick/.cache/pypoetry/virtualenvs/airflow-wPbgcfzP-py3.10/lib/python3.10/site-packages/airflow/example_dags/example_branch_day_of_week_operator.py took 3.073 seconds
[2024-10-03T22:18:05.576-0400] {processor.py:186} INFO - Started process (PID=25676) to work on /home/patrick/.cache/pypoetry/virtualenvs/airflow-wPbgcfzP-py3.10/lib/python3.10/site-packages/airflow/example_dags/example_branch_day_of_week_operator.py
[2024-10-03T22:18:05.578-0400] {processor.py:914} INFO - Processing file /home/patrick/.cache/pypoetry/virtualenvs/airflow-wPbgcfzP-py3.10/lib/python3.10/site-packages/airflow/example_dags/example_branch_day_of_week_operator.py for tasks to queue
[2024-10-03T22:18:05.581-0400] {logging_mixin.py:190} INFO - [2024-10-03T22:18:05.581-0400] {dagbag.py:588} INFO - Filling up the DagBag from /home/patrick/.cache/pypoetry/virtualenvs/airflow-wPbgcfzP-py3.10/lib/python3.10/site-packages/airflow/example_dags/example_branch_day_of_week_operator.py
[2024-10-03T22:18:05.589-0400] {processor.py:925} INFO - DAG(s) 'example_weekday_branch_operator' retrieved from /home/patrick/.cache/pypoetry/virtualenvs/airflow-wPbgcfzP-py3.10/lib/python3.10/site-packages/airflow/example_dags/example_branch_day_of_week_operator.py
[2024-10-03T22:18:17.205-0400] {logging_mixin.py:190} INFO - [2024-10-03T22:18:17.205-0400] {dag.py:3239} INFO - Sync 1 DAGs
[2024-10-03T22:18:17.965-0400] {logging_mixin.py:190} INFO - [2024-10-03T22:18:17.964-0400] {dag.py:4180} INFO - Setting next_dagrun for example_weekday_branch_operator to 2024-10-03 00:00:00+00:00, run_after=2024-10-04 00:00:00+00:00
[2024-10-03T22:18:18.866-0400] {processor.py:208} INFO - Processing /home/patrick/.cache/pypoetry/virtualenvs/airflow-wPbgcfzP-py3.10/lib/python3.10/site-packages/airflow/example_dags/example_branch_day_of_week_operator.py took 13.294 seconds
[2024-10-03T22:21:44.378-0400] {processor.py:186} INFO - Started process (PID=26636) to work on /home/patrick/.cache/pypoetry/virtualenvs/airflow-wPbgcfzP-py3.10/lib/python3.10/site-packages/airflow/example_dags/example_branch_day_of_week_operator.py
[2024-10-03T22:21:44.378-0400] {processor.py:914} INFO - Processing file /home/patrick/.cache/pypoetry/virtualenvs/airflow-wPbgcfzP-py3.10/lib/python3.10/site-packages/airflow/example_dags/example_branch_day_of_week_operator.py for tasks to queue
[2024-10-03T22:21:44.380-0400] {logging_mixin.py:190} INFO - [2024-10-03T22:21:44.380-0400] {dagbag.py:588} INFO - Filling up the DagBag from /home/patrick/.cache/pypoetry/virtualenvs/airflow-wPbgcfzP-py3.10/lib/python3.10/site-packages/airflow/example_dags/example_branch_day_of_week_operator.py
[2024-10-03T22:21:44.386-0400] {processor.py:925} INFO - DAG(s) 'example_weekday_branch_operator' retrieved from /home/patrick/.cache/pypoetry/virtualenvs/airflow-wPbgcfzP-py3.10/lib/python3.10/site-packages/airflow/example_dags/example_branch_day_of_week_operator.py
[2024-10-03T22:21:46.094-0400] {logging_mixin.py:190} INFO - [2024-10-03T22:21:46.093-0400] {dag.py:3239} INFO - Sync 1 DAGs
[2024-10-03T22:21:46.299-0400] {logging_mixin.py:190} INFO - [2024-10-03T22:21:46.299-0400] {dag.py:4180} INFO - Setting next_dagrun for example_weekday_branch_operator to 2024-10-03 00:00:00+00:00, run_after=2024-10-04 00:00:00+00:00
[2024-10-03T22:21:46.960-0400] {processor.py:208} INFO - Processing /home/patrick/.cache/pypoetry/virtualenvs/airflow-wPbgcfzP-py3.10/lib/python3.10/site-packages/airflow/example_dags/example_branch_day_of_week_operator.py took 2.586 seconds
[2024-10-03T22:26:51.766-0400] {processor.py:186} INFO - Started process (PID=28035) to work on /home/patrick/.cache/pypoetry/virtualenvs/airflow-wPbgcfzP-py3.10/lib/python3.10/site-packages/airflow/example_dags/example_branch_day_of_week_operator.py
[2024-10-03T22:26:51.767-0400] {processor.py:914} INFO - Processing file /home/patrick/.cache/pypoetry/virtualenvs/airflow-wPbgcfzP-py3.10/lib/python3.10/site-packages/airflow/example_dags/example_branch_day_of_week_operator.py for tasks to queue
[2024-10-03T22:26:51.768-0400] {logging_mixin.py:190} INFO - [2024-10-03T22:26:51.768-0400] {dagbag.py:588} INFO - Filling up the DagBag from /home/patrick/.cache/pypoetry/virtualenvs/airflow-wPbgcfzP-py3.10/lib/python3.10/site-packages/airflow/example_dags/example_branch_day_of_week_operator.py
[2024-10-03T22:26:51.774-0400] {processor.py:925} INFO - DAG(s) 'example_weekday_branch_operator' retrieved from /home/patrick/.cache/pypoetry/virtualenvs/airflow-wPbgcfzP-py3.10/lib/python3.10/site-packages/airflow/example_dags/example_branch_day_of_week_operator.py
[2024-10-03T22:26:55.985-0400] {logging_mixin.py:190} INFO - [2024-10-03T22:26:55.985-0400] {dag.py:3239} INFO - Sync 1 DAGs
[2024-10-03T22:26:56.268-0400] {logging_mixin.py:190} INFO - [2024-10-03T22:26:56.268-0400] {dag.py:4180} INFO - Setting next_dagrun for example_weekday_branch_operator to 2024-10-03 00:00:00+00:00, run_after=2024-10-04 00:00:00+00:00
[2024-10-03T22:26:56.870-0400] {processor.py:208} INFO - Processing /home/patrick/.cache/pypoetry/virtualenvs/airflow-wPbgcfzP-py3.10/lib/python3.10/site-packages/airflow/example_dags/example_branch_day_of_week_operator.py took 5.107 seconds
[2024-10-03T22:33:50.946-0400] {processor.py:186} INFO - Started process (PID=29888) to work on /home/patrick/.cache/pypoetry/virtualenvs/airflow-wPbgcfzP-py3.10/lib/python3.10/site-packages/airflow/example_dags/example_branch_day_of_week_operator.py
[2024-10-03T22:33:50.947-0400] {processor.py:914} INFO - Processing file /home/patrick/.cache/pypoetry/virtualenvs/airflow-wPbgcfzP-py3.10/lib/python3.10/site-packages/airflow/example_dags/example_branch_day_of_week_operator.py for tasks to queue
[2024-10-03T22:33:50.949-0400] {logging_mixin.py:190} INFO - [2024-10-03T22:33:50.949-0400] {dagbag.py:588} INFO - Filling up the DagBag from /home/patrick/.cache/pypoetry/virtualenvs/airflow-wPbgcfzP-py3.10/lib/python3.10/site-packages/airflow/example_dags/example_branch_day_of_week_operator.py
[2024-10-03T22:33:50.956-0400] {processor.py:925} INFO - DAG(s) 'example_weekday_branch_operator' retrieved from /home/patrick/.cache/pypoetry/virtualenvs/airflow-wPbgcfzP-py3.10/lib/python3.10/site-packages/airflow/example_dags/example_branch_day_of_week_operator.py
[2024-10-03T22:33:55.428-0400] {logging_mixin.py:190} INFO - [2024-10-03T22:33:55.428-0400] {dag.py:3239} INFO - Sync 1 DAGs
[2024-10-03T22:33:55.731-0400] {logging_mixin.py:190} INFO - [2024-10-03T22:33:55.731-0400] {dag.py:4180} INFO - Setting next_dagrun for example_weekday_branch_operator to 2024-10-03 00:00:00+00:00, run_after=2024-10-04 00:00:00+00:00
[2024-10-03T22:33:56.547-0400] {processor.py:208} INFO - Processing /home/patrick/.cache/pypoetry/virtualenvs/airflow-wPbgcfzP-py3.10/lib/python3.10/site-packages/airflow/example_dags/example_branch_day_of_week_operator.py took 5.604 seconds
[2024-10-03T22:39:35.804-0400] {processor.py:186} INFO - Started process (PID=31489) to work on /home/patrick/.cache/pypoetry/virtualenvs/airflow-wPbgcfzP-py3.10/lib/python3.10/site-packages/airflow/example_dags/example_branch_day_of_week_operator.py
[2024-10-03T22:39:35.805-0400] {processor.py:914} INFO - Processing file /home/patrick/.cache/pypoetry/virtualenvs/airflow-wPbgcfzP-py3.10/lib/python3.10/site-packages/airflow/example_dags/example_branch_day_of_week_operator.py for tasks to queue
[2024-10-03T22:39:35.807-0400] {logging_mixin.py:190} INFO - [2024-10-03T22:39:35.807-0400] {dagbag.py:588} INFO - Filling up the DagBag from /home/patrick/.cache/pypoetry/virtualenvs/airflow-wPbgcfzP-py3.10/lib/python3.10/site-packages/airflow/example_dags/example_branch_day_of_week_operator.py
[2024-10-03T22:39:35.813-0400] {processor.py:925} INFO - DAG(s) 'example_weekday_branch_operator' retrieved from /home/patrick/.cache/pypoetry/virtualenvs/airflow-wPbgcfzP-py3.10/lib/python3.10/site-packages/airflow/example_dags/example_branch_day_of_week_operator.py
[2024-10-03T22:39:39.750-0400] {logging_mixin.py:190} INFO - [2024-10-03T22:39:39.749-0400] {dag.py:3239} INFO - Sync 1 DAGs
[2024-10-03T22:39:39.983-0400] {logging_mixin.py:190} INFO - [2024-10-03T22:39:39.983-0400] {dag.py:4180} INFO - Setting next_dagrun for example_weekday_branch_operator to 2024-10-03 00:00:00+00:00, run_after=2024-10-04 00:00:00+00:00
[2024-10-03T22:39:40.814-0400] {processor.py:208} INFO - Processing /home/patrick/.cache/pypoetry/virtualenvs/airflow-wPbgcfzP-py3.10/lib/python3.10/site-packages/airflow/example_dags/example_branch_day_of_week_operator.py took 5.014 seconds
[2024-10-03T22:45:51.827-0400] {processor.py:186} INFO - Started process (PID=33246) to work on /home/patrick/.cache/pypoetry/virtualenvs/airflow-wPbgcfzP-py3.10/lib/python3.10/site-packages/airflow/example_dags/example_branch_day_of_week_operator.py
[2024-10-03T22:45:51.828-0400] {processor.py:914} INFO - Processing file /home/patrick/.cache/pypoetry/virtualenvs/airflow-wPbgcfzP-py3.10/lib/python3.10/site-packages/airflow/example_dags/example_branch_day_of_week_operator.py for tasks to queue
[2024-10-03T22:45:51.829-0400] {logging_mixin.py:190} INFO - [2024-10-03T22:45:51.829-0400] {dagbag.py:588} INFO - Filling up the DagBag from /home/patrick/.cache/pypoetry/virtualenvs/airflow-wPbgcfzP-py3.10/lib/python3.10/site-packages/airflow/example_dags/example_branch_day_of_week_operator.py
[2024-10-03T22:45:51.836-0400] {processor.py:925} INFO - DAG(s) 'example_weekday_branch_operator' retrieved from /home/patrick/.cache/pypoetry/virtualenvs/airflow-wPbgcfzP-py3.10/lib/python3.10/site-packages/airflow/example_dags/example_branch_day_of_week_operator.py
[2024-10-03T22:45:58.024-0400] {logging_mixin.py:190} INFO - [2024-10-03T22:45:58.024-0400] {dag.py:3239} INFO - Sync 1 DAGs
[2024-10-03T22:45:58.534-0400] {logging_mixin.py:190} INFO - [2024-10-03T22:45:58.534-0400] {dag.py:4180} INFO - Setting next_dagrun for example_weekday_branch_operator to 2024-10-03 00:00:00+00:00, run_after=2024-10-04 00:00:00+00:00
[2024-10-03T22:45:59.279-0400] {processor.py:208} INFO - Processing /home/patrick/.cache/pypoetry/virtualenvs/airflow-wPbgcfzP-py3.10/lib/python3.10/site-packages/airflow/example_dags/example_branch_day_of_week_operator.py took 7.456 seconds
[2024-10-03T22:49:41.888-0400] {processor.py:186} INFO - Started process (PID=34304) to work on /home/patrick/.cache/pypoetry/virtualenvs/airflow-wPbgcfzP-py3.10/lib/python3.10/site-packages/airflow/example_dags/example_branch_day_of_week_operator.py
[2024-10-03T22:49:41.889-0400] {processor.py:914} INFO - Processing file /home/patrick/.cache/pypoetry/virtualenvs/airflow-wPbgcfzP-py3.10/lib/python3.10/site-packages/airflow/example_dags/example_branch_day_of_week_operator.py for tasks to queue
[2024-10-03T22:49:41.890-0400] {logging_mixin.py:190} INFO - [2024-10-03T22:49:41.890-0400] {dagbag.py:588} INFO - Filling up the DagBag from /home/patrick/.cache/pypoetry/virtualenvs/airflow-wPbgcfzP-py3.10/lib/python3.10/site-packages/airflow/example_dags/example_branch_day_of_week_operator.py
[2024-10-03T22:49:41.898-0400] {processor.py:925} INFO - DAG(s) 'example_weekday_branch_operator' retrieved from /home/patrick/.cache/pypoetry/virtualenvs/airflow-wPbgcfzP-py3.10/lib/python3.10/site-packages/airflow/example_dags/example_branch_day_of_week_operator.py
[2024-10-03T22:49:49.032-0400] {logging_mixin.py:190} INFO - [2024-10-03T22:49:49.032-0400] {dag.py:3239} INFO - Sync 1 DAGs
[2024-10-03T22:49:49.250-0400] {logging_mixin.py:190} INFO - [2024-10-03T22:49:49.250-0400] {dag.py:4180} INFO - Setting next_dagrun for example_weekday_branch_operator to 2024-10-03 00:00:00+00:00, run_after=2024-10-04 00:00:00+00:00
[2024-10-03T22:49:50.578-0400] {processor.py:208} INFO - Processing /home/patrick/.cache/pypoetry/virtualenvs/airflow-wPbgcfzP-py3.10/lib/python3.10/site-packages/airflow/example_dags/example_branch_day_of_week_operator.py took 8.694 seconds
[2024-10-03T22:58:50.930-0400] {processor.py:186} INFO - Started process (PID=36884) to work on /home/patrick/.cache/pypoetry/virtualenvs/airflow-wPbgcfzP-py3.10/lib/python3.10/site-packages/airflow/example_dags/example_branch_day_of_week_operator.py
[2024-10-03T22:58:50.932-0400] {processor.py:914} INFO - Processing file /home/patrick/.cache/pypoetry/virtualenvs/airflow-wPbgcfzP-py3.10/lib/python3.10/site-packages/airflow/example_dags/example_branch_day_of_week_operator.py for tasks to queue
[2024-10-03T22:58:50.933-0400] {logging_mixin.py:190} INFO - [2024-10-03T22:58:50.933-0400] {dagbag.py:588} INFO - Filling up the DagBag from /home/patrick/.cache/pypoetry/virtualenvs/airflow-wPbgcfzP-py3.10/lib/python3.10/site-packages/airflow/example_dags/example_branch_day_of_week_operator.py
[2024-10-03T22:58:50.940-0400] {processor.py:925} INFO - DAG(s) 'example_weekday_branch_operator' retrieved from /home/patrick/.cache/pypoetry/virtualenvs/airflow-wPbgcfzP-py3.10/lib/python3.10/site-packages/airflow/example_dags/example_branch_day_of_week_operator.py
[2024-10-03T22:58:57.021-0400] {logging_mixin.py:190} INFO - [2024-10-03T22:58:57.021-0400] {dag.py:3239} INFO - Sync 1 DAGs
[2024-10-03T22:58:57.335-0400] {logging_mixin.py:190} INFO - [2024-10-03T22:58:57.335-0400] {dag.py:4180} INFO - Setting next_dagrun for example_weekday_branch_operator to 2024-10-03 00:00:00+00:00, run_after=2024-10-04 00:00:00+00:00
[2024-10-03T22:58:58.021-0400] {processor.py:208} INFO - Processing /home/patrick/.cache/pypoetry/virtualenvs/airflow-wPbgcfzP-py3.10/lib/python3.10/site-packages/airflow/example_dags/example_branch_day_of_week_operator.py took 7.095 seconds
[2024-10-03T23:05:42.033-0400] {processor.py:186} INFO - Started process (PID=38724) to work on /home/patrick/.cache/pypoetry/virtualenvs/airflow-wPbgcfzP-py3.10/lib/python3.10/site-packages/airflow/example_dags/example_branch_day_of_week_operator.py
[2024-10-03T23:05:42.034-0400] {processor.py:914} INFO - Processing file /home/patrick/.cache/pypoetry/virtualenvs/airflow-wPbgcfzP-py3.10/lib/python3.10/site-packages/airflow/example_dags/example_branch_day_of_week_operator.py for tasks to queue
[2024-10-03T23:05:42.036-0400] {logging_mixin.py:190} INFO - [2024-10-03T23:05:42.036-0400] {dagbag.py:588} INFO - Filling up the DagBag from /home/patrick/.cache/pypoetry/virtualenvs/airflow-wPbgcfzP-py3.10/lib/python3.10/site-packages/airflow/example_dags/example_branch_day_of_week_operator.py
[2024-10-03T23:05:42.043-0400] {processor.py:925} INFO - DAG(s) 'example_weekday_branch_operator' retrieved from /home/patrick/.cache/pypoetry/virtualenvs/airflow-wPbgcfzP-py3.10/lib/python3.10/site-packages/airflow/example_dags/example_branch_day_of_week_operator.py
[2024-10-03T23:05:48.074-0400] {logging_mixin.py:190} INFO - [2024-10-03T23:05:48.074-0400] {dag.py:3239} INFO - Sync 1 DAGs
[2024-10-03T23:05:48.299-0400] {logging_mixin.py:190} INFO - [2024-10-03T23:05:48.299-0400] {dag.py:4180} INFO - Setting next_dagrun for example_weekday_branch_operator to 2024-10-03 00:00:00+00:00, run_after=2024-10-04 00:00:00+00:00
[2024-10-03T23:05:49.026-0400] {processor.py:208} INFO - Processing /home/patrick/.cache/pypoetry/virtualenvs/airflow-wPbgcfzP-py3.10/lib/python3.10/site-packages/airflow/example_dags/example_branch_day_of_week_operator.py took 6.998 seconds
[2024-10-03T23:11:04.376-0400] {processor.py:186} INFO - Started process (PID=40115) to work on /home/patrick/.cache/pypoetry/virtualenvs/airflow-wPbgcfzP-py3.10/lib/python3.10/site-packages/airflow/example_dags/example_branch_day_of_week_operator.py
[2024-10-03T23:11:04.377-0400] {processor.py:914} INFO - Processing file /home/patrick/.cache/pypoetry/virtualenvs/airflow-wPbgcfzP-py3.10/lib/python3.10/site-packages/airflow/example_dags/example_branch_day_of_week_operator.py for tasks to queue
[2024-10-03T23:11:04.379-0400] {logging_mixin.py:190} INFO - [2024-10-03T23:11:04.378-0400] {dagbag.py:588} INFO - Filling up the DagBag from /home/patrick/.cache/pypoetry/virtualenvs/airflow-wPbgcfzP-py3.10/lib/python3.10/site-packages/airflow/example_dags/example_branch_day_of_week_operator.py
[2024-10-03T23:11:04.386-0400] {processor.py:925} INFO - DAG(s) 'example_weekday_branch_operator' retrieved from /home/patrick/.cache/pypoetry/virtualenvs/airflow-wPbgcfzP-py3.10/lib/python3.10/site-packages/airflow/example_dags/example_branch_day_of_week_operator.py
[2024-10-03T23:11:06.415-0400] {logging_mixin.py:190} INFO - [2024-10-03T23:11:06.415-0400] {dag.py:3239} INFO - Sync 1 DAGs
[2024-10-03T23:11:06.700-0400] {logging_mixin.py:190} INFO - [2024-10-03T23:11:06.700-0400] {dag.py:4180} INFO - Setting next_dagrun for example_weekday_branch_operator to 2024-10-03 00:00:00+00:00, run_after=2024-10-04 00:00:00+00:00
[2024-10-03T23:11:07.237-0400] {processor.py:208} INFO - Processing /home/patrick/.cache/pypoetry/virtualenvs/airflow-wPbgcfzP-py3.10/lib/python3.10/site-packages/airflow/example_dags/example_branch_day_of_week_operator.py took 2.865 seconds
[2024-10-03T23:15:36.842-0400] {processor.py:186} INFO - Started process (PID=41305) to work on /home/patrick/.cache/pypoetry/virtualenvs/airflow-wPbgcfzP-py3.10/lib/python3.10/site-packages/airflow/example_dags/example_branch_day_of_week_operator.py
[2024-10-03T23:15:36.843-0400] {processor.py:914} INFO - Processing file /home/patrick/.cache/pypoetry/virtualenvs/airflow-wPbgcfzP-py3.10/lib/python3.10/site-packages/airflow/example_dags/example_branch_day_of_week_operator.py for tasks to queue
[2024-10-03T23:15:36.845-0400] {logging_mixin.py:190} INFO - [2024-10-03T23:15:36.845-0400] {dagbag.py:588} INFO - Filling up the DagBag from /home/patrick/.cache/pypoetry/virtualenvs/airflow-wPbgcfzP-py3.10/lib/python3.10/site-packages/airflow/example_dags/example_branch_day_of_week_operator.py
[2024-10-03T23:15:36.853-0400] {processor.py:925} INFO - DAG(s) 'example_weekday_branch_operator' retrieved from /home/patrick/.cache/pypoetry/virtualenvs/airflow-wPbgcfzP-py3.10/lib/python3.10/site-packages/airflow/example_dags/example_branch_day_of_week_operator.py
[2024-10-03T23:15:38.995-0400] {logging_mixin.py:190} INFO - [2024-10-03T23:15:38.995-0400] {dag.py:3239} INFO - Sync 1 DAGs
[2024-10-03T23:15:39.172-0400] {logging_mixin.py:190} INFO - [2024-10-03T23:15:39.172-0400] {dag.py:4180} INFO - Setting next_dagrun for example_weekday_branch_operator to 2024-10-03 00:00:00+00:00, run_after=2024-10-04 00:00:00+00:00
[2024-10-03T23:15:39.794-0400] {processor.py:208} INFO - Processing /home/patrick/.cache/pypoetry/virtualenvs/airflow-wPbgcfzP-py3.10/lib/python3.10/site-packages/airflow/example_dags/example_branch_day_of_week_operator.py took 2.956 seconds
[2024-10-03T23:19:33.367-0400] {processor.py:186} INFO - Started process (PID=42345) to work on /home/patrick/.cache/pypoetry/virtualenvs/airflow-wPbgcfzP-py3.10/lib/python3.10/site-packages/airflow/example_dags/example_branch_day_of_week_operator.py
[2024-10-03T23:19:33.367-0400] {processor.py:914} INFO - Processing file /home/patrick/.cache/pypoetry/virtualenvs/airflow-wPbgcfzP-py3.10/lib/python3.10/site-packages/airflow/example_dags/example_branch_day_of_week_operator.py for tasks to queue
[2024-10-03T23:19:33.369-0400] {logging_mixin.py:190} INFO - [2024-10-03T23:19:33.369-0400] {dagbag.py:588} INFO - Filling up the DagBag from /home/patrick/.cache/pypoetry/virtualenvs/airflow-wPbgcfzP-py3.10/lib/python3.10/site-packages/airflow/example_dags/example_branch_day_of_week_operator.py
[2024-10-03T23:19:33.377-0400] {processor.py:925} INFO - DAG(s) 'example_weekday_branch_operator' retrieved from /home/patrick/.cache/pypoetry/virtualenvs/airflow-wPbgcfzP-py3.10/lib/python3.10/site-packages/airflow/example_dags/example_branch_day_of_week_operator.py
[2024-10-03T23:19:38.321-0400] {logging_mixin.py:190} INFO - [2024-10-03T23:19:38.321-0400] {dag.py:3239} INFO - Sync 1 DAGs
[2024-10-03T23:19:38.454-0400] {logging_mixin.py:190} INFO - [2024-10-03T23:19:38.454-0400] {dag.py:4180} INFO - Setting next_dagrun for example_weekday_branch_operator to 2024-10-03 00:00:00+00:00, run_after=2024-10-04 00:00:00+00:00
[2024-10-03T23:19:38.980-0400] {processor.py:208} INFO - Processing /home/patrick/.cache/pypoetry/virtualenvs/airflow-wPbgcfzP-py3.10/lib/python3.10/site-packages/airflow/example_dags/example_branch_day_of_week_operator.py took 5.617 seconds
[2024-10-03T23:25:13.795-0400] {processor.py:186} INFO - Started process (PID=43803) to work on /home/patrick/.cache/pypoetry/virtualenvs/airflow-wPbgcfzP-py3.10/lib/python3.10/site-packages/airflow/example_dags/example_branch_day_of_week_operator.py
[2024-10-03T23:25:13.796-0400] {processor.py:914} INFO - Processing file /home/patrick/.cache/pypoetry/virtualenvs/airflow-wPbgcfzP-py3.10/lib/python3.10/site-packages/airflow/example_dags/example_branch_day_of_week_operator.py for tasks to queue
[2024-10-03T23:25:13.798-0400] {logging_mixin.py:190} INFO - [2024-10-03T23:25:13.798-0400] {dagbag.py:588} INFO - Filling up the DagBag from /home/patrick/.cache/pypoetry/virtualenvs/airflow-wPbgcfzP-py3.10/lib/python3.10/site-packages/airflow/example_dags/example_branch_day_of_week_operator.py
[2024-10-03T23:25:13.804-0400] {processor.py:925} INFO - DAG(s) 'example_weekday_branch_operator' retrieved from /home/patrick/.cache/pypoetry/virtualenvs/airflow-wPbgcfzP-py3.10/lib/python3.10/site-packages/airflow/example_dags/example_branch_day_of_week_operator.py
[2024-10-03T23:25:21.597-0400] {logging_mixin.py:190} INFO - [2024-10-03T23:25:21.597-0400] {dag.py:3239} INFO - Sync 1 DAGs
[2024-10-03T23:25:21.943-0400] {logging_mixin.py:190} INFO - [2024-10-03T23:25:21.943-0400] {dag.py:4180} INFO - Setting next_dagrun for example_weekday_branch_operator to 2024-10-03 00:00:00+00:00, run_after=2024-10-04 00:00:00+00:00
[2024-10-03T23:25:22.501-0400] {processor.py:208} INFO - Processing /home/patrick/.cache/pypoetry/virtualenvs/airflow-wPbgcfzP-py3.10/lib/python3.10/site-packages/airflow/example_dags/example_branch_day_of_week_operator.py took 8.710 seconds
[2024-10-03T23:29:39.052-0400] {processor.py:186} INFO - Started process (PID=44933) to work on /home/patrick/.cache/pypoetry/virtualenvs/airflow-wPbgcfzP-py3.10/lib/python3.10/site-packages/airflow/example_dags/example_branch_day_of_week_operator.py
[2024-10-03T23:29:39.052-0400] {processor.py:914} INFO - Processing file /home/patrick/.cache/pypoetry/virtualenvs/airflow-wPbgcfzP-py3.10/lib/python3.10/site-packages/airflow/example_dags/example_branch_day_of_week_operator.py for tasks to queue
[2024-10-03T23:29:39.054-0400] {logging_mixin.py:190} INFO - [2024-10-03T23:29:39.054-0400] {dagbag.py:588} INFO - Filling up the DagBag from /home/patrick/.cache/pypoetry/virtualenvs/airflow-wPbgcfzP-py3.10/lib/python3.10/site-packages/airflow/example_dags/example_branch_day_of_week_operator.py
[2024-10-03T23:29:39.060-0400] {processor.py:925} INFO - DAG(s) 'example_weekday_branch_operator' retrieved from /home/patrick/.cache/pypoetry/virtualenvs/airflow-wPbgcfzP-py3.10/lib/python3.10/site-packages/airflow/example_dags/example_branch_day_of_week_operator.py
[2024-10-03T23:29:41.712-0400] {logging_mixin.py:190} INFO - [2024-10-03T23:29:41.712-0400] {dag.py:3239} INFO - Sync 1 DAGs
[2024-10-03T23:29:41.979-0400] {logging_mixin.py:190} INFO - [2024-10-03T23:29:41.979-0400] {dag.py:4180} INFO - Setting next_dagrun for example_weekday_branch_operator to 2024-10-03 00:00:00+00:00, run_after=2024-10-04 00:00:00+00:00
[2024-10-03T23:29:42.570-0400] {processor.py:208} INFO - Processing /home/patrick/.cache/pypoetry/virtualenvs/airflow-wPbgcfzP-py3.10/lib/python3.10/site-packages/airflow/example_dags/example_branch_day_of_week_operator.py took 3.522 seconds
[2024-10-03T23:33:58.557-0400] {processor.py:186} INFO - Started process (PID=46105) to work on /home/patrick/.cache/pypoetry/virtualenvs/airflow-wPbgcfzP-py3.10/lib/python3.10/site-packages/airflow/example_dags/example_branch_day_of_week_operator.py
[2024-10-03T23:33:58.558-0400] {processor.py:914} INFO - Processing file /home/patrick/.cache/pypoetry/virtualenvs/airflow-wPbgcfzP-py3.10/lib/python3.10/site-packages/airflow/example_dags/example_branch_day_of_week_operator.py for tasks to queue
[2024-10-03T23:33:58.559-0400] {logging_mixin.py:190} INFO - [2024-10-03T23:33:58.559-0400] {dagbag.py:588} INFO - Filling up the DagBag from /home/patrick/.cache/pypoetry/virtualenvs/airflow-wPbgcfzP-py3.10/lib/python3.10/site-packages/airflow/example_dags/example_branch_day_of_week_operator.py
[2024-10-03T23:33:58.565-0400] {processor.py:925} INFO - DAG(s) 'example_weekday_branch_operator' retrieved from /home/patrick/.cache/pypoetry/virtualenvs/airflow-wPbgcfzP-py3.10/lib/python3.10/site-packages/airflow/example_dags/example_branch_day_of_week_operator.py
[2024-10-03T23:34:01.273-0400] {logging_mixin.py:190} INFO - [2024-10-03T23:34:01.272-0400] {dag.py:3239} INFO - Sync 1 DAGs
[2024-10-03T23:34:01.694-0400] {logging_mixin.py:190} INFO - [2024-10-03T23:34:01.693-0400] {dag.py:4180} INFO - Setting next_dagrun for example_weekday_branch_operator to 2024-10-03 00:00:00+00:00, run_after=2024-10-04 00:00:00+00:00
[2024-10-03T23:34:02.475-0400] {processor.py:208} INFO - Processing /home/patrick/.cache/pypoetry/virtualenvs/airflow-wPbgcfzP-py3.10/lib/python3.10/site-packages/airflow/example_dags/example_branch_day_of_week_operator.py took 3.922 seconds
[2024-10-03T23:37:00.887-0400] {processor.py:186} INFO - Started process (PID=46880) to work on /home/patrick/.cache/pypoetry/virtualenvs/airflow-wPbgcfzP-py3.10/lib/python3.10/site-packages/airflow/example_dags/example_branch_day_of_week_operator.py
[2024-10-03T23:37:00.887-0400] {processor.py:914} INFO - Processing file /home/patrick/.cache/pypoetry/virtualenvs/airflow-wPbgcfzP-py3.10/lib/python3.10/site-packages/airflow/example_dags/example_branch_day_of_week_operator.py for tasks to queue
[2024-10-03T23:37:00.889-0400] {logging_mixin.py:190} INFO - [2024-10-03T23:37:00.889-0400] {dagbag.py:588} INFO - Filling up the DagBag from /home/patrick/.cache/pypoetry/virtualenvs/airflow-wPbgcfzP-py3.10/lib/python3.10/site-packages/airflow/example_dags/example_branch_day_of_week_operator.py
[2024-10-03T23:37:00.895-0400] {processor.py:925} INFO - DAG(s) 'example_weekday_branch_operator' retrieved from /home/patrick/.cache/pypoetry/virtualenvs/airflow-wPbgcfzP-py3.10/lib/python3.10/site-packages/airflow/example_dags/example_branch_day_of_week_operator.py
[2024-10-03T23:37:03.972-0400] {logging_mixin.py:190} INFO - [2024-10-03T23:37:03.972-0400] {dag.py:3239} INFO - Sync 1 DAGs
[2024-10-03T23:37:04.391-0400] {logging_mixin.py:190} INFO - [2024-10-03T23:37:04.391-0400] {dag.py:4180} INFO - Setting next_dagrun for example_weekday_branch_operator to 2024-10-03 00:00:00+00:00, run_after=2024-10-04 00:00:00+00:00
[2024-10-03T23:37:05.395-0400] {processor.py:208} INFO - Processing /home/patrick/.cache/pypoetry/virtualenvs/airflow-wPbgcfzP-py3.10/lib/python3.10/site-packages/airflow/example_dags/example_branch_day_of_week_operator.py took 4.512 seconds
[2024-10-03T23:40:55.389-0400] {processor.py:186} INFO - Started process (PID=47893) to work on /home/patrick/.cache/pypoetry/virtualenvs/airflow-wPbgcfzP-py3.10/lib/python3.10/site-packages/airflow/example_dags/example_branch_day_of_week_operator.py
[2024-10-03T23:40:55.389-0400] {processor.py:914} INFO - Processing file /home/patrick/.cache/pypoetry/virtualenvs/airflow-wPbgcfzP-py3.10/lib/python3.10/site-packages/airflow/example_dags/example_branch_day_of_week_operator.py for tasks to queue
[2024-10-03T23:40:55.391-0400] {logging_mixin.py:190} INFO - [2024-10-03T23:40:55.391-0400] {dagbag.py:588} INFO - Filling up the DagBag from /home/patrick/.cache/pypoetry/virtualenvs/airflow-wPbgcfzP-py3.10/lib/python3.10/site-packages/airflow/example_dags/example_branch_day_of_week_operator.py
[2024-10-03T23:40:55.397-0400] {processor.py:925} INFO - DAG(s) 'example_weekday_branch_operator' retrieved from /home/patrick/.cache/pypoetry/virtualenvs/airflow-wPbgcfzP-py3.10/lib/python3.10/site-packages/airflow/example_dags/example_branch_day_of_week_operator.py
[2024-10-03T23:40:58.391-0400] {logging_mixin.py:190} INFO - [2024-10-03T23:40:58.391-0400] {dag.py:3239} INFO - Sync 1 DAGs
[2024-10-03T23:40:58.626-0400] {logging_mixin.py:190} INFO - [2024-10-03T23:40:58.626-0400] {dag.py:4180} INFO - Setting next_dagrun for example_weekday_branch_operator to 2024-10-03 00:00:00+00:00, run_after=2024-10-04 00:00:00+00:00
[2024-10-03T23:40:59.449-0400] {processor.py:208} INFO - Processing /home/patrick/.cache/pypoetry/virtualenvs/airflow-wPbgcfzP-py3.10/lib/python3.10/site-packages/airflow/example_dags/example_branch_day_of_week_operator.py took 4.065 seconds
[2024-10-03T23:45:14.718-0400] {processor.py:186} INFO - Started process (PID=49013) to work on /home/patrick/.cache/pypoetry/virtualenvs/airflow-wPbgcfzP-py3.10/lib/python3.10/site-packages/airflow/example_dags/example_branch_day_of_week_operator.py
[2024-10-03T23:45:14.719-0400] {processor.py:914} INFO - Processing file /home/patrick/.cache/pypoetry/virtualenvs/airflow-wPbgcfzP-py3.10/lib/python3.10/site-packages/airflow/example_dags/example_branch_day_of_week_operator.py for tasks to queue
[2024-10-03T23:45:14.721-0400] {logging_mixin.py:190} INFO - [2024-10-03T23:45:14.721-0400] {dagbag.py:588} INFO - Filling up the DagBag from /home/patrick/.cache/pypoetry/virtualenvs/airflow-wPbgcfzP-py3.10/lib/python3.10/site-packages/airflow/example_dags/example_branch_day_of_week_operator.py
[2024-10-03T23:45:14.727-0400] {processor.py:925} INFO - DAG(s) 'example_weekday_branch_operator' retrieved from /home/patrick/.cache/pypoetry/virtualenvs/airflow-wPbgcfzP-py3.10/lib/python3.10/site-packages/airflow/example_dags/example_branch_day_of_week_operator.py
[2024-10-03T23:45:19.425-0400] {logging_mixin.py:190} INFO - [2024-10-03T23:45:19.424-0400] {dag.py:3239} INFO - Sync 1 DAGs
[2024-10-03T23:45:19.633-0400] {logging_mixin.py:190} INFO - [2024-10-03T23:45:19.633-0400] {dag.py:4180} INFO - Setting next_dagrun for example_weekday_branch_operator to 2024-10-03 00:00:00+00:00, run_after=2024-10-04 00:00:00+00:00
[2024-10-03T23:45:20.428-0400] {processor.py:208} INFO - Processing /home/patrick/.cache/pypoetry/virtualenvs/airflow-wPbgcfzP-py3.10/lib/python3.10/site-packages/airflow/example_dags/example_branch_day_of_week_operator.py took 5.715 seconds
[2024-10-03T23:49:23.182-0400] {processor.py:186} INFO - Started process (PID=50081) to work on /home/patrick/.cache/pypoetry/virtualenvs/airflow-wPbgcfzP-py3.10/lib/python3.10/site-packages/airflow/example_dags/example_branch_day_of_week_operator.py
[2024-10-03T23:49:23.183-0400] {processor.py:914} INFO - Processing file /home/patrick/.cache/pypoetry/virtualenvs/airflow-wPbgcfzP-py3.10/lib/python3.10/site-packages/airflow/example_dags/example_branch_day_of_week_operator.py for tasks to queue
[2024-10-03T23:49:23.185-0400] {logging_mixin.py:190} INFO - [2024-10-03T23:49:23.184-0400] {dagbag.py:588} INFO - Filling up the DagBag from /home/patrick/.cache/pypoetry/virtualenvs/airflow-wPbgcfzP-py3.10/lib/python3.10/site-packages/airflow/example_dags/example_branch_day_of_week_operator.py
[2024-10-03T23:49:23.192-0400] {processor.py:925} INFO - DAG(s) 'example_weekday_branch_operator' retrieved from /home/patrick/.cache/pypoetry/virtualenvs/airflow-wPbgcfzP-py3.10/lib/python3.10/site-packages/airflow/example_dags/example_branch_day_of_week_operator.py
[2024-10-03T23:49:26.992-0400] {logging_mixin.py:190} INFO - [2024-10-03T23:49:26.991-0400] {dag.py:3239} INFO - Sync 1 DAGs
[2024-10-03T23:49:27.187-0400] {logging_mixin.py:190} INFO - [2024-10-03T23:49:27.187-0400] {dag.py:4180} INFO - Setting next_dagrun for example_weekday_branch_operator to 2024-10-03 00:00:00+00:00, run_after=2024-10-04 00:00:00+00:00
[2024-10-03T23:49:27.790-0400] {processor.py:208} INFO - Processing /home/patrick/.cache/pypoetry/virtualenvs/airflow-wPbgcfzP-py3.10/lib/python3.10/site-packages/airflow/example_dags/example_branch_day_of_week_operator.py took 4.612 seconds
[2024-10-03T23:53:38.499-0400] {processor.py:186} INFO - Started process (PID=51176) to work on /home/patrick/.cache/pypoetry/virtualenvs/airflow-wPbgcfzP-py3.10/lib/python3.10/site-packages/airflow/example_dags/example_branch_day_of_week_operator.py
[2024-10-03T23:53:38.500-0400] {processor.py:914} INFO - Processing file /home/patrick/.cache/pypoetry/virtualenvs/airflow-wPbgcfzP-py3.10/lib/python3.10/site-packages/airflow/example_dags/example_branch_day_of_week_operator.py for tasks to queue
[2024-10-03T23:53:38.502-0400] {logging_mixin.py:190} INFO - [2024-10-03T23:53:38.502-0400] {dagbag.py:588} INFO - Filling up the DagBag from /home/patrick/.cache/pypoetry/virtualenvs/airflow-wPbgcfzP-py3.10/lib/python3.10/site-packages/airflow/example_dags/example_branch_day_of_week_operator.py
[2024-10-03T23:53:38.509-0400] {processor.py:925} INFO - DAG(s) 'example_weekday_branch_operator' retrieved from /home/patrick/.cache/pypoetry/virtualenvs/airflow-wPbgcfzP-py3.10/lib/python3.10/site-packages/airflow/example_dags/example_branch_day_of_week_operator.py
[2024-10-03T23:53:41.875-0400] {logging_mixin.py:190} INFO - [2024-10-03T23:53:41.875-0400] {dag.py:3239} INFO - Sync 1 DAGs
[2024-10-03T23:53:42.061-0400] {logging_mixin.py:190} INFO - [2024-10-03T23:53:42.061-0400] {dag.py:4180} INFO - Setting next_dagrun for example_weekday_branch_operator to 2024-10-03 00:00:00+00:00, run_after=2024-10-04 00:00:00+00:00
[2024-10-03T23:53:42.681-0400] {processor.py:208} INFO - Processing /home/patrick/.cache/pypoetry/virtualenvs/airflow-wPbgcfzP-py3.10/lib/python3.10/site-packages/airflow/example_dags/example_branch_day_of_week_operator.py took 4.186 seconds
[2024-10-03T23:57:31.563-0400] {processor.py:186} INFO - Started process (PID=52183) to work on /home/patrick/.cache/pypoetry/virtualenvs/airflow-wPbgcfzP-py3.10/lib/python3.10/site-packages/airflow/example_dags/example_branch_day_of_week_operator.py
[2024-10-03T23:57:31.564-0400] {processor.py:914} INFO - Processing file /home/patrick/.cache/pypoetry/virtualenvs/airflow-wPbgcfzP-py3.10/lib/python3.10/site-packages/airflow/example_dags/example_branch_day_of_week_operator.py for tasks to queue
[2024-10-03T23:57:31.566-0400] {logging_mixin.py:190} INFO - [2024-10-03T23:57:31.566-0400] {dagbag.py:588} INFO - Filling up the DagBag from /home/patrick/.cache/pypoetry/virtualenvs/airflow-wPbgcfzP-py3.10/lib/python3.10/site-packages/airflow/example_dags/example_branch_day_of_week_operator.py
[2024-10-03T23:57:31.574-0400] {processor.py:925} INFO - DAG(s) 'example_weekday_branch_operator' retrieved from /home/patrick/.cache/pypoetry/virtualenvs/airflow-wPbgcfzP-py3.10/lib/python3.10/site-packages/airflow/example_dags/example_branch_day_of_week_operator.py
[2024-10-03T23:57:33.000-0400] {logging_mixin.py:190} INFO - [2024-10-03T23:57:32.999-0400] {dag.py:3239} INFO - Sync 1 DAGs
[2024-10-03T23:57:33.221-0400] {logging_mixin.py:190} INFO - [2024-10-03T23:57:33.221-0400] {dag.py:4180} INFO - Setting next_dagrun for example_weekday_branch_operator to 2024-10-03 00:00:00+00:00, run_after=2024-10-04 00:00:00+00:00
[2024-10-03T23:57:33.878-0400] {processor.py:208} INFO - Processing /home/patrick/.cache/pypoetry/virtualenvs/airflow-wPbgcfzP-py3.10/lib/python3.10/site-packages/airflow/example_dags/example_branch_day_of_week_operator.py took 2.319 seconds
[2024-10-04T00:02:07.523-0400] {processor.py:186} INFO - Started process (PID=53420) to work on /home/patrick/.cache/pypoetry/virtualenvs/airflow-wPbgcfzP-py3.10/lib/python3.10/site-packages/airflow/example_dags/example_branch_day_of_week_operator.py
[2024-10-04T00:02:07.524-0400] {processor.py:914} INFO - Processing file /home/patrick/.cache/pypoetry/virtualenvs/airflow-wPbgcfzP-py3.10/lib/python3.10/site-packages/airflow/example_dags/example_branch_day_of_week_operator.py for tasks to queue
[2024-10-04T00:02:07.526-0400] {logging_mixin.py:190} INFO - [2024-10-04T00:02:07.526-0400] {dagbag.py:588} INFO - Filling up the DagBag from /home/patrick/.cache/pypoetry/virtualenvs/airflow-wPbgcfzP-py3.10/lib/python3.10/site-packages/airflow/example_dags/example_branch_day_of_week_operator.py
[2024-10-04T00:02:07.533-0400] {processor.py:925} INFO - DAG(s) 'example_weekday_branch_operator' retrieved from /home/patrick/.cache/pypoetry/virtualenvs/airflow-wPbgcfzP-py3.10/lib/python3.10/site-packages/airflow/example_dags/example_branch_day_of_week_operator.py
[2024-10-04T00:02:15.267-0400] {logging_mixin.py:190} INFO - [2024-10-04T00:02:15.267-0400] {dag.py:3239} INFO - Sync 1 DAGs
[2024-10-04T00:02:15.736-0400] {logging_mixin.py:190} INFO - [2024-10-04T00:02:15.735-0400] {dag.py:4180} INFO - Setting next_dagrun for example_weekday_branch_operator to 2024-10-03 00:00:00+00:00, run_after=2024-10-04 00:00:00+00:00
[2024-10-04T00:02:16.884-0400] {processor.py:208} INFO - Processing /home/patrick/.cache/pypoetry/virtualenvs/airflow-wPbgcfzP-py3.10/lib/python3.10/site-packages/airflow/example_dags/example_branch_day_of_week_operator.py took 9.365 seconds
[2024-10-04T00:06:14.648-0400] {processor.py:186} INFO - Started process (PID=54485) to work on /home/patrick/.cache/pypoetry/virtualenvs/airflow-wPbgcfzP-py3.10/lib/python3.10/site-packages/airflow/example_dags/example_branch_day_of_week_operator.py
[2024-10-04T00:06:14.649-0400] {processor.py:914} INFO - Processing file /home/patrick/.cache/pypoetry/virtualenvs/airflow-wPbgcfzP-py3.10/lib/python3.10/site-packages/airflow/example_dags/example_branch_day_of_week_operator.py for tasks to queue
[2024-10-04T00:06:14.651-0400] {logging_mixin.py:190} INFO - [2024-10-04T00:06:14.651-0400] {dagbag.py:588} INFO - Filling up the DagBag from /home/patrick/.cache/pypoetry/virtualenvs/airflow-wPbgcfzP-py3.10/lib/python3.10/site-packages/airflow/example_dags/example_branch_day_of_week_operator.py
[2024-10-04T00:06:14.659-0400] {processor.py:925} INFO - DAG(s) 'example_weekday_branch_operator' retrieved from /home/patrick/.cache/pypoetry/virtualenvs/airflow-wPbgcfzP-py3.10/lib/python3.10/site-packages/airflow/example_dags/example_branch_day_of_week_operator.py
[2024-10-04T00:06:19.451-0400] {logging_mixin.py:190} INFO - [2024-10-04T00:06:19.451-0400] {dag.py:3239} INFO - Sync 1 DAGs
[2024-10-04T00:06:19.876-0400] {logging_mixin.py:190} INFO - [2024-10-04T00:06:19.876-0400] {dag.py:4180} INFO - Setting next_dagrun for example_weekday_branch_operator to 2024-10-03 00:00:00+00:00, run_after=2024-10-04 00:00:00+00:00
[2024-10-04T00:06:20.712-0400] {processor.py:208} INFO - Processing /home/patrick/.cache/pypoetry/virtualenvs/airflow-wPbgcfzP-py3.10/lib/python3.10/site-packages/airflow/example_dags/example_branch_day_of_week_operator.py took 6.068 seconds
