[2024-10-03T20:45:56.957-0400] {processor.py:186} INFO - Started process (PID=1351) to work on /home/patrick/.cache/pypoetry/virtualenvs/airflow-wPbgcfzP-py3.10/lib/python3.10/site-packages/airflow/example_dags/example_trigger_controller_dag.py
[2024-10-03T20:45:56.957-0400] {processor.py:914} INFO - Processing file /home/patrick/.cache/pypoetry/virtualenvs/airflow-wPbgcfzP-py3.10/lib/python3.10/site-packages/airflow/example_dags/example_trigger_controller_dag.py for tasks to queue
[2024-10-03T20:45:56.959-0400] {logging_mixin.py:190} INFO - [2024-10-03T20:45:56.959-0400] {dagbag.py:588} INFO - Filling up the DagBag from /home/patrick/.cache/pypoetry/virtualenvs/airflow-wPbgcfzP-py3.10/lib/python3.10/site-packages/airflow/example_dags/example_trigger_controller_dag.py
[2024-10-03T20:45:56.965-0400] {processor.py:925} INFO - DAG(s) 'example_trigger_controller_dag' retrieved from /home/patrick/.cache/pypoetry/virtualenvs/airflow-wPbgcfzP-py3.10/lib/python3.10/site-packages/airflow/example_dags/example_trigger_controller_dag.py
[2024-10-03T20:45:59.232-0400] {logging_mixin.py:190} INFO - [2024-10-03T20:45:59.232-0400] {dag.py:3239} INFO - Sync 1 DAGs
[2024-10-03T20:45:59.374-0400] {logging_mixin.py:190} INFO - [2024-10-03T20:45:59.373-0400] {dag.py:4180} INFO - Setting next_dagrun for example_trigger_controller_dag to 2021-01-01 00:00:00+00:00, run_after=2021-01-01 00:00:00+00:00
[2024-10-03T20:45:59.955-0400] {processor.py:208} INFO - Processing /home/patrick/.cache/pypoetry/virtualenvs/airflow-wPbgcfzP-py3.10/lib/python3.10/site-packages/airflow/example_dags/example_trigger_controller_dag.py took 3.002 seconds
[2024-10-03T20:59:44.539-0400] {processor.py:186} INFO - Started process (PID=4856) to work on /home/patrick/.cache/pypoetry/virtualenvs/airflow-wPbgcfzP-py3.10/lib/python3.10/site-packages/airflow/example_dags/example_trigger_controller_dag.py
[2024-10-03T20:59:44.540-0400] {processor.py:914} INFO - Processing file /home/patrick/.cache/pypoetry/virtualenvs/airflow-wPbgcfzP-py3.10/lib/python3.10/site-packages/airflow/example_dags/example_trigger_controller_dag.py for tasks to queue
[2024-10-03T20:59:44.541-0400] {logging_mixin.py:190} INFO - [2024-10-03T20:59:44.541-0400] {dagbag.py:588} INFO - Filling up the DagBag from /home/patrick/.cache/pypoetry/virtualenvs/airflow-wPbgcfzP-py3.10/lib/python3.10/site-packages/airflow/example_dags/example_trigger_controller_dag.py
[2024-10-03T20:59:44.545-0400] {processor.py:925} INFO - DAG(s) 'example_trigger_controller_dag' retrieved from /home/patrick/.cache/pypoetry/virtualenvs/airflow-wPbgcfzP-py3.10/lib/python3.10/site-packages/airflow/example_dags/example_trigger_controller_dag.py
[2024-10-03T20:59:46.592-0400] {logging_mixin.py:190} INFO - [2024-10-03T20:59:46.592-0400] {dag.py:3239} INFO - Sync 1 DAGs
[2024-10-03T20:59:46.719-0400] {logging_mixin.py:190} INFO - [2024-10-03T20:59:46.719-0400] {dag.py:4180} INFO - Setting next_dagrun for example_trigger_controller_dag to 2021-01-01 00:00:00+00:00, run_after=2021-01-01 00:00:00+00:00
[2024-10-03T20:59:47.304-0400] {processor.py:208} INFO - Processing /home/patrick/.cache/pypoetry/virtualenvs/airflow-wPbgcfzP-py3.10/lib/python3.10/site-packages/airflow/example_dags/example_trigger_controller_dag.py took 2.769 seconds
[2024-10-03T21:03:31.141-0400] {processor.py:186} INFO - Started process (PID=5811) to work on /home/patrick/.cache/pypoetry/virtualenvs/airflow-wPbgcfzP-py3.10/lib/python3.10/site-packages/airflow/example_dags/example_trigger_controller_dag.py
[2024-10-03T21:03:31.147-0400] {processor.py:914} INFO - Processing file /home/patrick/.cache/pypoetry/virtualenvs/airflow-wPbgcfzP-py3.10/lib/python3.10/site-packages/airflow/example_dags/example_trigger_controller_dag.py for tasks to queue
[2024-10-03T21:03:31.149-0400] {logging_mixin.py:190} INFO - [2024-10-03T21:03:31.148-0400] {dagbag.py:588} INFO - Filling up the DagBag from /home/patrick/.cache/pypoetry/virtualenvs/airflow-wPbgcfzP-py3.10/lib/python3.10/site-packages/airflow/example_dags/example_trigger_controller_dag.py
[2024-10-03T21:03:31.153-0400] {processor.py:925} INFO - DAG(s) 'example_trigger_controller_dag' retrieved from /home/patrick/.cache/pypoetry/virtualenvs/airflow-wPbgcfzP-py3.10/lib/python3.10/site-packages/airflow/example_dags/example_trigger_controller_dag.py
[2024-10-03T21:03:33.131-0400] {logging_mixin.py:190} INFO - [2024-10-03T21:03:33.131-0400] {dag.py:3239} INFO - Sync 1 DAGs
[2024-10-03T21:03:33.364-0400] {logging_mixin.py:190} INFO - [2024-10-03T21:03:33.363-0400] {dag.py:4180} INFO - Setting next_dagrun for example_trigger_controller_dag to 2021-01-01 00:00:00+00:00, run_after=2021-01-01 00:00:00+00:00
[2024-10-03T21:03:34.071-0400] {processor.py:208} INFO - Processing /home/patrick/.cache/pypoetry/virtualenvs/airflow-wPbgcfzP-py3.10/lib/python3.10/site-packages/airflow/example_dags/example_trigger_controller_dag.py took 2.935 seconds
[2024-10-03T21:05:32.842-0400] {processor.py:186} INFO - Started process (PID=6341) to work on /home/patrick/.cache/pypoetry/virtualenvs/airflow-wPbgcfzP-py3.10/lib/python3.10/site-packages/airflow/example_dags/example_trigger_controller_dag.py
[2024-10-03T21:05:32.843-0400] {processor.py:914} INFO - Processing file /home/patrick/.cache/pypoetry/virtualenvs/airflow-wPbgcfzP-py3.10/lib/python3.10/site-packages/airflow/example_dags/example_trigger_controller_dag.py for tasks to queue
[2024-10-03T21:05:32.844-0400] {logging_mixin.py:190} INFO - [2024-10-03T21:05:32.844-0400] {dagbag.py:588} INFO - Filling up the DagBag from /home/patrick/.cache/pypoetry/virtualenvs/airflow-wPbgcfzP-py3.10/lib/python3.10/site-packages/airflow/example_dags/example_trigger_controller_dag.py
[2024-10-03T21:05:32.848-0400] {processor.py:925} INFO - DAG(s) 'example_trigger_controller_dag' retrieved from /home/patrick/.cache/pypoetry/virtualenvs/airflow-wPbgcfzP-py3.10/lib/python3.10/site-packages/airflow/example_dags/example_trigger_controller_dag.py
[2024-10-03T21:05:36.908-0400] {logging_mixin.py:190} INFO - [2024-10-03T21:05:36.907-0400] {dag.py:3239} INFO - Sync 1 DAGs
[2024-10-03T21:05:37.257-0400] {logging_mixin.py:190} INFO - [2024-10-03T21:05:37.257-0400] {dag.py:4180} INFO - Setting next_dagrun for example_trigger_controller_dag to 2021-01-01 00:00:00+00:00, run_after=2021-01-01 00:00:00+00:00
[2024-10-03T21:05:37.954-0400] {processor.py:208} INFO - Processing /home/patrick/.cache/pypoetry/virtualenvs/airflow-wPbgcfzP-py3.10/lib/python3.10/site-packages/airflow/example_dags/example_trigger_controller_dag.py took 5.116 seconds
[2024-10-03T21:07:40.585-0400] {processor.py:186} INFO - Started process (PID=6894) to work on /home/patrick/.cache/pypoetry/virtualenvs/airflow-wPbgcfzP-py3.10/lib/python3.10/site-packages/airflow/example_dags/example_trigger_controller_dag.py
[2024-10-03T21:07:40.586-0400] {processor.py:914} INFO - Processing file /home/patrick/.cache/pypoetry/virtualenvs/airflow-wPbgcfzP-py3.10/lib/python3.10/site-packages/airflow/example_dags/example_trigger_controller_dag.py for tasks to queue
[2024-10-03T21:07:40.586-0400] {logging_mixin.py:190} INFO - [2024-10-03T21:07:40.586-0400] {dagbag.py:588} INFO - Filling up the DagBag from /home/patrick/.cache/pypoetry/virtualenvs/airflow-wPbgcfzP-py3.10/lib/python3.10/site-packages/airflow/example_dags/example_trigger_controller_dag.py
[2024-10-03T21:07:40.591-0400] {processor.py:925} INFO - DAG(s) 'example_trigger_controller_dag' retrieved from /home/patrick/.cache/pypoetry/virtualenvs/airflow-wPbgcfzP-py3.10/lib/python3.10/site-packages/airflow/example_dags/example_trigger_controller_dag.py
[2024-10-03T21:07:46.783-0400] {logging_mixin.py:190} INFO - [2024-10-03T21:07:46.782-0400] {dag.py:3239} INFO - Sync 1 DAGs
[2024-10-03T21:07:47.231-0400] {logging_mixin.py:190} INFO - [2024-10-03T21:07:47.230-0400] {dag.py:4180} INFO - Setting next_dagrun for example_trigger_controller_dag to 2021-01-01 00:00:00+00:00, run_after=2021-01-01 00:00:00+00:00
[2024-10-03T21:07:47.922-0400] {processor.py:208} INFO - Processing /home/patrick/.cache/pypoetry/virtualenvs/airflow-wPbgcfzP-py3.10/lib/python3.10/site-packages/airflow/example_dags/example_trigger_controller_dag.py took 7.341 seconds
[2024-10-03T21:09:48.484-0400] {processor.py:186} INFO - Started process (PID=7446) to work on /home/patrick/.cache/pypoetry/virtualenvs/airflow-wPbgcfzP-py3.10/lib/python3.10/site-packages/airflow/example_dags/example_trigger_controller_dag.py
[2024-10-03T21:09:48.485-0400] {processor.py:914} INFO - Processing file /home/patrick/.cache/pypoetry/virtualenvs/airflow-wPbgcfzP-py3.10/lib/python3.10/site-packages/airflow/example_dags/example_trigger_controller_dag.py for tasks to queue
[2024-10-03T21:09:48.486-0400] {logging_mixin.py:190} INFO - [2024-10-03T21:09:48.486-0400] {dagbag.py:588} INFO - Filling up the DagBag from /home/patrick/.cache/pypoetry/virtualenvs/airflow-wPbgcfzP-py3.10/lib/python3.10/site-packages/airflow/example_dags/example_trigger_controller_dag.py
[2024-10-03T21:09:48.489-0400] {processor.py:925} INFO - DAG(s) 'example_trigger_controller_dag' retrieved from /home/patrick/.cache/pypoetry/virtualenvs/airflow-wPbgcfzP-py3.10/lib/python3.10/site-packages/airflow/example_dags/example_trigger_controller_dag.py
[2024-10-03T21:09:51.922-0400] {logging_mixin.py:190} INFO - [2024-10-03T21:09:51.921-0400] {dag.py:3239} INFO - Sync 1 DAGs
[2024-10-03T21:09:52.118-0400] {logging_mixin.py:190} INFO - [2024-10-03T21:09:52.118-0400] {dag.py:4180} INFO - Setting next_dagrun for example_trigger_controller_dag to 2021-01-01 00:00:00+00:00, run_after=2021-01-01 00:00:00+00:00
[2024-10-03T21:09:52.827-0400] {processor.py:208} INFO - Processing /home/patrick/.cache/pypoetry/virtualenvs/airflow-wPbgcfzP-py3.10/lib/python3.10/site-packages/airflow/example_dags/example_trigger_controller_dag.py took 4.346 seconds
[2024-10-03T21:12:07.480-0400] {processor.py:186} INFO - Started process (PID=8039) to work on /home/patrick/.cache/pypoetry/virtualenvs/airflow-wPbgcfzP-py3.10/lib/python3.10/site-packages/airflow/example_dags/example_trigger_controller_dag.py
[2024-10-03T21:12:07.481-0400] {processor.py:914} INFO - Processing file /home/patrick/.cache/pypoetry/virtualenvs/airflow-wPbgcfzP-py3.10/lib/python3.10/site-packages/airflow/example_dags/example_trigger_controller_dag.py for tasks to queue
[2024-10-03T21:12:07.482-0400] {logging_mixin.py:190} INFO - [2024-10-03T21:12:07.481-0400] {dagbag.py:588} INFO - Filling up the DagBag from /home/patrick/.cache/pypoetry/virtualenvs/airflow-wPbgcfzP-py3.10/lib/python3.10/site-packages/airflow/example_dags/example_trigger_controller_dag.py
[2024-10-03T21:12:07.486-0400] {processor.py:925} INFO - DAG(s) 'example_trigger_controller_dag' retrieved from /home/patrick/.cache/pypoetry/virtualenvs/airflow-wPbgcfzP-py3.10/lib/python3.10/site-packages/airflow/example_dags/example_trigger_controller_dag.py
[2024-10-03T21:12:15.094-0400] {logging_mixin.py:190} INFO - [2024-10-03T21:12:15.094-0400] {process_utils.py:266} INFO - Waiting up to 5 seconds for processes to exit...
[2024-10-03T21:13:50.677-0400] {processor.py:186} INFO - Started process (PID=8553) to work on /home/patrick/.cache/pypoetry/virtualenvs/airflow-wPbgcfzP-py3.10/lib/python3.10/site-packages/airflow/example_dags/example_trigger_controller_dag.py
[2024-10-03T21:13:50.678-0400] {processor.py:914} INFO - Processing file /home/patrick/.cache/pypoetry/virtualenvs/airflow-wPbgcfzP-py3.10/lib/python3.10/site-packages/airflow/example_dags/example_trigger_controller_dag.py for tasks to queue
[2024-10-03T21:13:50.680-0400] {logging_mixin.py:190} INFO - [2024-10-03T21:13:50.679-0400] {dagbag.py:588} INFO - Filling up the DagBag from /home/patrick/.cache/pypoetry/virtualenvs/airflow-wPbgcfzP-py3.10/lib/python3.10/site-packages/airflow/example_dags/example_trigger_controller_dag.py
[2024-10-03T21:13:50.684-0400] {processor.py:925} INFO - DAG(s) 'example_trigger_controller_dag' retrieved from /home/patrick/.cache/pypoetry/virtualenvs/airflow-wPbgcfzP-py3.10/lib/python3.10/site-packages/airflow/example_dags/example_trigger_controller_dag.py
[2024-10-03T21:13:53.234-0400] {logging_mixin.py:190} INFO - [2024-10-03T21:13:53.234-0400] {dag.py:3239} INFO - Sync 1 DAGs
[2024-10-03T21:13:53.519-0400] {logging_mixin.py:190} INFO - [2024-10-03T21:13:53.519-0400] {dag.py:4180} INFO - Setting next_dagrun for example_trigger_controller_dag to 2021-01-01 00:00:00+00:00, run_after=2021-01-01 00:00:00+00:00
[2024-10-03T21:13:54.175-0400] {processor.py:208} INFO - Processing /home/patrick/.cache/pypoetry/virtualenvs/airflow-wPbgcfzP-py3.10/lib/python3.10/site-packages/airflow/example_dags/example_trigger_controller_dag.py took 3.502 seconds
[2024-10-03T21:16:43.169-0400] {processor.py:186} INFO - Started process (PID=9378) to work on /home/patrick/.cache/pypoetry/virtualenvs/airflow-wPbgcfzP-py3.10/lib/python3.10/site-packages/airflow/example_dags/example_trigger_controller_dag.py
[2024-10-03T21:16:43.170-0400] {processor.py:914} INFO - Processing file /home/patrick/.cache/pypoetry/virtualenvs/airflow-wPbgcfzP-py3.10/lib/python3.10/site-packages/airflow/example_dags/example_trigger_controller_dag.py for tasks to queue
[2024-10-03T21:16:43.172-0400] {logging_mixin.py:190} INFO - [2024-10-03T21:16:43.172-0400] {dagbag.py:588} INFO - Filling up the DagBag from /home/patrick/.cache/pypoetry/virtualenvs/airflow-wPbgcfzP-py3.10/lib/python3.10/site-packages/airflow/example_dags/example_trigger_controller_dag.py
[2024-10-03T21:16:43.177-0400] {processor.py:925} INFO - DAG(s) 'example_trigger_controller_dag' retrieved from /home/patrick/.cache/pypoetry/virtualenvs/airflow-wPbgcfzP-py3.10/lib/python3.10/site-packages/airflow/example_dags/example_trigger_controller_dag.py
[2024-10-03T21:16:45.595-0400] {logging_mixin.py:190} INFO - [2024-10-03T21:16:45.595-0400] {dag.py:3239} INFO - Sync 1 DAGs
[2024-10-03T21:16:45.787-0400] {logging_mixin.py:190} INFO - [2024-10-03T21:16:45.787-0400] {dag.py:4180} INFO - Setting next_dagrun for example_trigger_controller_dag to 2021-01-01 00:00:00+00:00, run_after=2021-01-01 00:00:00+00:00
[2024-10-03T21:16:46.528-0400] {processor.py:208} INFO - Processing /home/patrick/.cache/pypoetry/virtualenvs/airflow-wPbgcfzP-py3.10/lib/python3.10/site-packages/airflow/example_dags/example_trigger_controller_dag.py took 3.363 seconds
[2024-10-03T21:21:18.706-0400] {processor.py:186} INFO - Started process (PID=10615) to work on /home/patrick/.cache/pypoetry/virtualenvs/airflow-wPbgcfzP-py3.10/lib/python3.10/site-packages/airflow/example_dags/example_trigger_controller_dag.py
[2024-10-03T21:21:18.707-0400] {processor.py:914} INFO - Processing file /home/patrick/.cache/pypoetry/virtualenvs/airflow-wPbgcfzP-py3.10/lib/python3.10/site-packages/airflow/example_dags/example_trigger_controller_dag.py for tasks to queue
[2024-10-03T21:21:18.709-0400] {logging_mixin.py:190} INFO - [2024-10-03T21:21:18.708-0400] {dagbag.py:588} INFO - Filling up the DagBag from /home/patrick/.cache/pypoetry/virtualenvs/airflow-wPbgcfzP-py3.10/lib/python3.10/site-packages/airflow/example_dags/example_trigger_controller_dag.py
[2024-10-03T21:21:18.713-0400] {processor.py:925} INFO - DAG(s) 'example_trigger_controller_dag' retrieved from /home/patrick/.cache/pypoetry/virtualenvs/airflow-wPbgcfzP-py3.10/lib/python3.10/site-packages/airflow/example_dags/example_trigger_controller_dag.py
[2024-10-03T21:21:25.144-0400] {logging_mixin.py:190} INFO - [2024-10-03T21:21:25.143-0400] {dag.py:3239} INFO - Sync 1 DAGs
[2024-10-03T21:21:25.373-0400] {logging_mixin.py:190} INFO - [2024-10-03T21:21:25.372-0400] {dag.py:4180} INFO - Setting next_dagrun for example_trigger_controller_dag to 2021-01-01 00:00:00+00:00, run_after=2021-01-01 00:00:00+00:00
[2024-10-03T21:21:26.037-0400] {processor.py:208} INFO - Processing /home/patrick/.cache/pypoetry/virtualenvs/airflow-wPbgcfzP-py3.10/lib/python3.10/site-packages/airflow/example_dags/example_trigger_controller_dag.py took 7.334 seconds
[2024-10-03T21:23:51.574-0400] {processor.py:186} INFO - Started process (PID=11278) to work on /home/patrick/.cache/pypoetry/virtualenvs/airflow-wPbgcfzP-py3.10/lib/python3.10/site-packages/airflow/example_dags/example_trigger_controller_dag.py
[2024-10-03T21:23:51.575-0400] {processor.py:914} INFO - Processing file /home/patrick/.cache/pypoetry/virtualenvs/airflow-wPbgcfzP-py3.10/lib/python3.10/site-packages/airflow/example_dags/example_trigger_controller_dag.py for tasks to queue
[2024-10-03T21:23:51.577-0400] {logging_mixin.py:190} INFO - [2024-10-03T21:23:51.576-0400] {dagbag.py:588} INFO - Filling up the DagBag from /home/patrick/.cache/pypoetry/virtualenvs/airflow-wPbgcfzP-py3.10/lib/python3.10/site-packages/airflow/example_dags/example_trigger_controller_dag.py
[2024-10-03T21:23:51.580-0400] {processor.py:925} INFO - DAG(s) 'example_trigger_controller_dag' retrieved from /home/patrick/.cache/pypoetry/virtualenvs/airflow-wPbgcfzP-py3.10/lib/python3.10/site-packages/airflow/example_dags/example_trigger_controller_dag.py
[2024-10-03T21:23:53.527-0400] {logging_mixin.py:190} INFO - [2024-10-03T21:23:53.527-0400] {dag.py:3239} INFO - Sync 1 DAGs
[2024-10-03T21:23:53.780-0400] {logging_mixin.py:190} INFO - [2024-10-03T21:23:53.780-0400] {dag.py:4180} INFO - Setting next_dagrun for example_trigger_controller_dag to 2021-01-01 00:00:00+00:00, run_after=2021-01-01 00:00:00+00:00
[2024-10-03T21:23:54.375-0400] {processor.py:208} INFO - Processing /home/patrick/.cache/pypoetry/virtualenvs/airflow-wPbgcfzP-py3.10/lib/python3.10/site-packages/airflow/example_dags/example_trigger_controller_dag.py took 2.805 seconds
[2024-10-03T21:26:21.378-0400] {processor.py:186} INFO - Started process (PID=11918) to work on /home/patrick/.cache/pypoetry/virtualenvs/airflow-wPbgcfzP-py3.10/lib/python3.10/site-packages/airflow/example_dags/example_trigger_controller_dag.py
[2024-10-03T21:26:21.379-0400] {processor.py:914} INFO - Processing file /home/patrick/.cache/pypoetry/virtualenvs/airflow-wPbgcfzP-py3.10/lib/python3.10/site-packages/airflow/example_dags/example_trigger_controller_dag.py for tasks to queue
[2024-10-03T21:26:21.381-0400] {logging_mixin.py:190} INFO - [2024-10-03T21:26:21.380-0400] {dagbag.py:588} INFO - Filling up the DagBag from /home/patrick/.cache/pypoetry/virtualenvs/airflow-wPbgcfzP-py3.10/lib/python3.10/site-packages/airflow/example_dags/example_trigger_controller_dag.py
[2024-10-03T21:26:21.385-0400] {processor.py:925} INFO - DAG(s) 'example_trigger_controller_dag' retrieved from /home/patrick/.cache/pypoetry/virtualenvs/airflow-wPbgcfzP-py3.10/lib/python3.10/site-packages/airflow/example_dags/example_trigger_controller_dag.py
[2024-10-03T21:26:34.122-0400] {logging_mixin.py:190} INFO - [2024-10-03T21:26:34.122-0400] {dag.py:3239} INFO - Sync 1 DAGs
[2024-10-03T21:26:34.386-0400] {logging_mixin.py:190} INFO - [2024-10-03T21:26:34.386-0400] {dag.py:4180} INFO - Setting next_dagrun for example_trigger_controller_dag to 2021-01-01 00:00:00+00:00, run_after=2021-01-01 00:00:00+00:00
[2024-10-03T21:26:35.062-0400] {processor.py:208} INFO - Processing /home/patrick/.cache/pypoetry/virtualenvs/airflow-wPbgcfzP-py3.10/lib/python3.10/site-packages/airflow/example_dags/example_trigger_controller_dag.py took 13.688 seconds
[2024-10-03T21:29:02.251-0400] {processor.py:186} INFO - Started process (PID=12682) to work on /home/patrick/.cache/pypoetry/virtualenvs/airflow-wPbgcfzP-py3.10/lib/python3.10/site-packages/airflow/example_dags/example_trigger_controller_dag.py
[2024-10-03T21:29:02.252-0400] {processor.py:914} INFO - Processing file /home/patrick/.cache/pypoetry/virtualenvs/airflow-wPbgcfzP-py3.10/lib/python3.10/site-packages/airflow/example_dags/example_trigger_controller_dag.py for tasks to queue
[2024-10-03T21:29:02.253-0400] {logging_mixin.py:190} INFO - [2024-10-03T21:29:02.253-0400] {dagbag.py:588} INFO - Filling up the DagBag from /home/patrick/.cache/pypoetry/virtualenvs/airflow-wPbgcfzP-py3.10/lib/python3.10/site-packages/airflow/example_dags/example_trigger_controller_dag.py
[2024-10-03T21:29:02.257-0400] {processor.py:925} INFO - DAG(s) 'example_trigger_controller_dag' retrieved from /home/patrick/.cache/pypoetry/virtualenvs/airflow-wPbgcfzP-py3.10/lib/python3.10/site-packages/airflow/example_dags/example_trigger_controller_dag.py
[2024-10-03T21:29:04.083-0400] {logging_mixin.py:190} INFO - [2024-10-03T21:29:04.083-0400] {dag.py:3239} INFO - Sync 1 DAGs
[2024-10-03T21:29:04.315-0400] {logging_mixin.py:190} INFO - [2024-10-03T21:29:04.315-0400] {dag.py:4180} INFO - Setting next_dagrun for example_trigger_controller_dag to 2021-01-01 00:00:00+00:00, run_after=2021-01-01 00:00:00+00:00
[2024-10-03T21:29:04.894-0400] {processor.py:208} INFO - Processing /home/patrick/.cache/pypoetry/virtualenvs/airflow-wPbgcfzP-py3.10/lib/python3.10/site-packages/airflow/example_dags/example_trigger_controller_dag.py took 2.647 seconds
[2024-10-03T21:32:56.814-0400] {processor.py:186} INFO - Started process (PID=13676) to work on /home/patrick/.cache/pypoetry/virtualenvs/airflow-wPbgcfzP-py3.10/lib/python3.10/site-packages/airflow/example_dags/example_trigger_controller_dag.py
[2024-10-03T21:32:56.815-0400] {processor.py:914} INFO - Processing file /home/patrick/.cache/pypoetry/virtualenvs/airflow-wPbgcfzP-py3.10/lib/python3.10/site-packages/airflow/example_dags/example_trigger_controller_dag.py for tasks to queue
[2024-10-03T21:32:56.817-0400] {logging_mixin.py:190} INFO - [2024-10-03T21:32:56.816-0400] {dagbag.py:588} INFO - Filling up the DagBag from /home/patrick/.cache/pypoetry/virtualenvs/airflow-wPbgcfzP-py3.10/lib/python3.10/site-packages/airflow/example_dags/example_trigger_controller_dag.py
[2024-10-03T21:32:56.821-0400] {processor.py:925} INFO - DAG(s) 'example_trigger_controller_dag' retrieved from /home/patrick/.cache/pypoetry/virtualenvs/airflow-wPbgcfzP-py3.10/lib/python3.10/site-packages/airflow/example_dags/example_trigger_controller_dag.py
[2024-10-03T21:32:57.969-0400] {logging_mixin.py:190} INFO - [2024-10-03T21:32:57.969-0400] {dag.py:3239} INFO - Sync 1 DAGs
[2024-10-03T21:32:58.171-0400] {logging_mixin.py:190} INFO - [2024-10-03T21:32:58.171-0400] {dag.py:4180} INFO - Setting next_dagrun for example_trigger_controller_dag to 2021-01-01 00:00:00+00:00, run_after=2021-01-01 00:00:00+00:00
[2024-10-03T21:32:58.768-0400] {processor.py:208} INFO - Processing /home/patrick/.cache/pypoetry/virtualenvs/airflow-wPbgcfzP-py3.10/lib/python3.10/site-packages/airflow/example_dags/example_trigger_controller_dag.py took 1.958 seconds
[2024-10-03T21:35:41.723-0400] {processor.py:186} INFO - Started process (PID=14452) to work on /home/patrick/.cache/pypoetry/virtualenvs/airflow-wPbgcfzP-py3.10/lib/python3.10/site-packages/airflow/example_dags/example_trigger_controller_dag.py
[2024-10-03T21:35:41.724-0400] {processor.py:914} INFO - Processing file /home/patrick/.cache/pypoetry/virtualenvs/airflow-wPbgcfzP-py3.10/lib/python3.10/site-packages/airflow/example_dags/example_trigger_controller_dag.py for tasks to queue
[2024-10-03T21:35:41.732-0400] {logging_mixin.py:190} INFO - [2024-10-03T21:35:41.732-0400] {dagbag.py:588} INFO - Filling up the DagBag from /home/patrick/.cache/pypoetry/virtualenvs/airflow-wPbgcfzP-py3.10/lib/python3.10/site-packages/airflow/example_dags/example_trigger_controller_dag.py
[2024-10-03T21:35:41.742-0400] {processor.py:925} INFO - DAG(s) 'example_trigger_controller_dag' retrieved from /home/patrick/.cache/pypoetry/virtualenvs/airflow-wPbgcfzP-py3.10/lib/python3.10/site-packages/airflow/example_dags/example_trigger_controller_dag.py
[2024-10-03T21:35:48.479-0400] {logging_mixin.py:190} INFO - [2024-10-03T21:35:48.479-0400] {dag.py:3239} INFO - Sync 1 DAGs
[2024-10-03T21:35:49.130-0400] {logging_mixin.py:190} INFO - [2024-10-03T21:35:49.130-0400] {dag.py:4180} INFO - Setting next_dagrun for example_trigger_controller_dag to 2021-01-01 00:00:00+00:00, run_after=2021-01-01 00:00:00+00:00
[2024-10-03T21:35:49.752-0400] {processor.py:208} INFO - Processing /home/patrick/.cache/pypoetry/virtualenvs/airflow-wPbgcfzP-py3.10/lib/python3.10/site-packages/airflow/example_dags/example_trigger_controller_dag.py took 8.033 seconds
[2024-10-03T21:39:00.591-0400] {processor.py:186} INFO - Started process (PID=15341) to work on /home/patrick/.cache/pypoetry/virtualenvs/airflow-wPbgcfzP-py3.10/lib/python3.10/site-packages/airflow/example_dags/example_trigger_controller_dag.py
[2024-10-03T21:39:00.592-0400] {processor.py:914} INFO - Processing file /home/patrick/.cache/pypoetry/virtualenvs/airflow-wPbgcfzP-py3.10/lib/python3.10/site-packages/airflow/example_dags/example_trigger_controller_dag.py for tasks to queue
[2024-10-03T21:39:00.594-0400] {logging_mixin.py:190} INFO - [2024-10-03T21:39:00.593-0400] {dagbag.py:588} INFO - Filling up the DagBag from /home/patrick/.cache/pypoetry/virtualenvs/airflow-wPbgcfzP-py3.10/lib/python3.10/site-packages/airflow/example_dags/example_trigger_controller_dag.py
[2024-10-03T21:39:00.599-0400] {processor.py:925} INFO - DAG(s) 'example_trigger_controller_dag' retrieved from /home/patrick/.cache/pypoetry/virtualenvs/airflow-wPbgcfzP-py3.10/lib/python3.10/site-packages/airflow/example_dags/example_trigger_controller_dag.py
[2024-10-03T21:39:02.415-0400] {logging_mixin.py:190} INFO - [2024-10-03T21:39:02.415-0400] {dag.py:3239} INFO - Sync 1 DAGs
[2024-10-03T21:39:03.029-0400] {logging_mixin.py:190} INFO - [2024-10-03T21:39:03.029-0400] {dag.py:4180} INFO - Setting next_dagrun for example_trigger_controller_dag to 2021-01-01 00:00:00+00:00, run_after=2021-01-01 00:00:00+00:00
[2024-10-03T21:39:03.869-0400] {processor.py:208} INFO - Processing /home/patrick/.cache/pypoetry/virtualenvs/airflow-wPbgcfzP-py3.10/lib/python3.10/site-packages/airflow/example_dags/example_trigger_controller_dag.py took 3.282 seconds
[2024-10-03T21:41:32.005-0400] {processor.py:186} INFO - Started process (PID=16040) to work on /home/patrick/.cache/pypoetry/virtualenvs/airflow-wPbgcfzP-py3.10/lib/python3.10/site-packages/airflow/example_dags/example_trigger_controller_dag.py
[2024-10-03T21:41:32.006-0400] {processor.py:914} INFO - Processing file /home/patrick/.cache/pypoetry/virtualenvs/airflow-wPbgcfzP-py3.10/lib/python3.10/site-packages/airflow/example_dags/example_trigger_controller_dag.py for tasks to queue
[2024-10-03T21:41:32.007-0400] {logging_mixin.py:190} INFO - [2024-10-03T21:41:32.007-0400] {dagbag.py:588} INFO - Filling up the DagBag from /home/patrick/.cache/pypoetry/virtualenvs/airflow-wPbgcfzP-py3.10/lib/python3.10/site-packages/airflow/example_dags/example_trigger_controller_dag.py
[2024-10-03T21:41:32.012-0400] {processor.py:925} INFO - DAG(s) 'example_trigger_controller_dag' retrieved from /home/patrick/.cache/pypoetry/virtualenvs/airflow-wPbgcfzP-py3.10/lib/python3.10/site-packages/airflow/example_dags/example_trigger_controller_dag.py
[2024-10-03T21:41:34.068-0400] {logging_mixin.py:190} INFO - [2024-10-03T21:41:34.068-0400] {dag.py:3239} INFO - Sync 1 DAGs
[2024-10-03T21:41:34.406-0400] {logging_mixin.py:190} INFO - [2024-10-03T21:41:34.406-0400] {dag.py:4180} INFO - Setting next_dagrun for example_trigger_controller_dag to 2021-01-01 00:00:00+00:00, run_after=2021-01-01 00:00:00+00:00
[2024-10-03T21:41:35.302-0400] {processor.py:208} INFO - Processing /home/patrick/.cache/pypoetry/virtualenvs/airflow-wPbgcfzP-py3.10/lib/python3.10/site-packages/airflow/example_dags/example_trigger_controller_dag.py took 3.301 seconds
[2024-10-03T21:44:07.237-0400] {processor.py:186} INFO - Started process (PID=16731) to work on /home/patrick/.cache/pypoetry/virtualenvs/airflow-wPbgcfzP-py3.10/lib/python3.10/site-packages/airflow/example_dags/example_trigger_controller_dag.py
[2024-10-03T21:44:07.238-0400] {processor.py:914} INFO - Processing file /home/patrick/.cache/pypoetry/virtualenvs/airflow-wPbgcfzP-py3.10/lib/python3.10/site-packages/airflow/example_dags/example_trigger_controller_dag.py for tasks to queue
[2024-10-03T21:44:07.240-0400] {logging_mixin.py:190} INFO - [2024-10-03T21:44:07.240-0400] {dagbag.py:588} INFO - Filling up the DagBag from /home/patrick/.cache/pypoetry/virtualenvs/airflow-wPbgcfzP-py3.10/lib/python3.10/site-packages/airflow/example_dags/example_trigger_controller_dag.py
[2024-10-03T21:44:07.244-0400] {processor.py:925} INFO - DAG(s) 'example_trigger_controller_dag' retrieved from /home/patrick/.cache/pypoetry/virtualenvs/airflow-wPbgcfzP-py3.10/lib/python3.10/site-packages/airflow/example_dags/example_trigger_controller_dag.py
[2024-10-03T21:44:19.584-0400] {logging_mixin.py:190} INFO - [2024-10-03T21:44:19.584-0400] {dag.py:3239} INFO - Sync 1 DAGs
[2024-10-03T21:44:20.101-0400] {logging_mixin.py:190} INFO - [2024-10-03T21:44:20.101-0400] {dag.py:4180} INFO - Setting next_dagrun for example_trigger_controller_dag to 2021-01-01 00:00:00+00:00, run_after=2021-01-01 00:00:00+00:00
[2024-10-03T21:44:20.971-0400] {processor.py:208} INFO - Processing /home/patrick/.cache/pypoetry/virtualenvs/airflow-wPbgcfzP-py3.10/lib/python3.10/site-packages/airflow/example_dags/example_trigger_controller_dag.py took 13.738 seconds
[2024-10-03T21:47:04.484-0400] {processor.py:186} INFO - Started process (PID=17546) to work on /home/patrick/.cache/pypoetry/virtualenvs/airflow-wPbgcfzP-py3.10/lib/python3.10/site-packages/airflow/example_dags/example_trigger_controller_dag.py
[2024-10-03T21:47:04.485-0400] {processor.py:914} INFO - Processing file /home/patrick/.cache/pypoetry/virtualenvs/airflow-wPbgcfzP-py3.10/lib/python3.10/site-packages/airflow/example_dags/example_trigger_controller_dag.py for tasks to queue
[2024-10-03T21:47:04.486-0400] {logging_mixin.py:190} INFO - [2024-10-03T21:47:04.486-0400] {dagbag.py:588} INFO - Filling up the DagBag from /home/patrick/.cache/pypoetry/virtualenvs/airflow-wPbgcfzP-py3.10/lib/python3.10/site-packages/airflow/example_dags/example_trigger_controller_dag.py
[2024-10-03T21:47:04.491-0400] {processor.py:925} INFO - DAG(s) 'example_trigger_controller_dag' retrieved from /home/patrick/.cache/pypoetry/virtualenvs/airflow-wPbgcfzP-py3.10/lib/python3.10/site-packages/airflow/example_dags/example_trigger_controller_dag.py
[2024-10-03T21:47:08.836-0400] {logging_mixin.py:190} INFO - [2024-10-03T21:47:08.835-0400] {dag.py:3239} INFO - Sync 1 DAGs
[2024-10-03T21:47:09.014-0400] {logging_mixin.py:190} INFO - [2024-10-03T21:47:09.013-0400] {dag.py:4180} INFO - Setting next_dagrun for example_trigger_controller_dag to 2021-01-01 00:00:00+00:00, run_after=2021-01-01 00:00:00+00:00
[2024-10-03T21:47:09.790-0400] {processor.py:208} INFO - Processing /home/patrick/.cache/pypoetry/virtualenvs/airflow-wPbgcfzP-py3.10/lib/python3.10/site-packages/airflow/example_dags/example_trigger_controller_dag.py took 5.309 seconds
[2024-10-03T21:49:04.365-0400] {processor.py:186} INFO - Started process (PID=18062) to work on /home/patrick/.cache/pypoetry/virtualenvs/airflow-wPbgcfzP-py3.10/lib/python3.10/site-packages/airflow/example_dags/example_trigger_controller_dag.py
[2024-10-03T21:49:04.365-0400] {processor.py:914} INFO - Processing file /home/patrick/.cache/pypoetry/virtualenvs/airflow-wPbgcfzP-py3.10/lib/python3.10/site-packages/airflow/example_dags/example_trigger_controller_dag.py for tasks to queue
[2024-10-03T21:49:04.367-0400] {logging_mixin.py:190} INFO - [2024-10-03T21:49:04.367-0400] {dagbag.py:588} INFO - Filling up the DagBag from /home/patrick/.cache/pypoetry/virtualenvs/airflow-wPbgcfzP-py3.10/lib/python3.10/site-packages/airflow/example_dags/example_trigger_controller_dag.py
[2024-10-03T21:49:04.371-0400] {processor.py:925} INFO - DAG(s) 'example_trigger_controller_dag' retrieved from /home/patrick/.cache/pypoetry/virtualenvs/airflow-wPbgcfzP-py3.10/lib/python3.10/site-packages/airflow/example_dags/example_trigger_controller_dag.py
[2024-10-03T21:49:06.819-0400] {logging_mixin.py:190} INFO - [2024-10-03T21:49:06.818-0400] {dag.py:3239} INFO - Sync 1 DAGs
[2024-10-03T21:49:07.118-0400] {logging_mixin.py:190} INFO - [2024-10-03T21:49:07.118-0400] {dag.py:4180} INFO - Setting next_dagrun for example_trigger_controller_dag to 2021-01-01 00:00:00+00:00, run_after=2021-01-01 00:00:00+00:00
[2024-10-03T21:49:07.826-0400] {processor.py:208} INFO - Processing /home/patrick/.cache/pypoetry/virtualenvs/airflow-wPbgcfzP-py3.10/lib/python3.10/site-packages/airflow/example_dags/example_trigger_controller_dag.py took 3.465 seconds
[2024-10-03T21:53:21.421-0400] {processor.py:186} INFO - Started process (PID=19157) to work on /home/patrick/.cache/pypoetry/virtualenvs/airflow-wPbgcfzP-py3.10/lib/python3.10/site-packages/airflow/example_dags/example_trigger_controller_dag.py
[2024-10-03T21:53:21.422-0400] {processor.py:914} INFO - Processing file /home/patrick/.cache/pypoetry/virtualenvs/airflow-wPbgcfzP-py3.10/lib/python3.10/site-packages/airflow/example_dags/example_trigger_controller_dag.py for tasks to queue
[2024-10-03T21:53:21.424-0400] {logging_mixin.py:190} INFO - [2024-10-03T21:53:21.424-0400] {dagbag.py:588} INFO - Filling up the DagBag from /home/patrick/.cache/pypoetry/virtualenvs/airflow-wPbgcfzP-py3.10/lib/python3.10/site-packages/airflow/example_dags/example_trigger_controller_dag.py
[2024-10-03T21:53:21.428-0400] {processor.py:925} INFO - DAG(s) 'example_trigger_controller_dag' retrieved from /home/patrick/.cache/pypoetry/virtualenvs/airflow-wPbgcfzP-py3.10/lib/python3.10/site-packages/airflow/example_dags/example_trigger_controller_dag.py
[2024-10-03T21:53:25.658-0400] {logging_mixin.py:190} INFO - [2024-10-03T21:53:25.658-0400] {dag.py:3239} INFO - Sync 1 DAGs
[2024-10-03T21:53:25.814-0400] {logging_mixin.py:190} INFO - [2024-10-03T21:53:25.813-0400] {dag.py:4180} INFO - Setting next_dagrun for example_trigger_controller_dag to 2021-01-01 00:00:00+00:00, run_after=2021-01-01 00:00:00+00:00
[2024-10-03T21:53:26.446-0400] {processor.py:208} INFO - Processing /home/patrick/.cache/pypoetry/virtualenvs/airflow-wPbgcfzP-py3.10/lib/python3.10/site-packages/airflow/example_dags/example_trigger_controller_dag.py took 5.028 seconds
[2024-10-03T21:57:07.402-0400] {processor.py:186} INFO - Started process (PID=20129) to work on /home/patrick/.cache/pypoetry/virtualenvs/airflow-wPbgcfzP-py3.10/lib/python3.10/site-packages/airflow/example_dags/example_trigger_controller_dag.py
[2024-10-03T21:57:07.415-0400] {processor.py:914} INFO - Processing file /home/patrick/.cache/pypoetry/virtualenvs/airflow-wPbgcfzP-py3.10/lib/python3.10/site-packages/airflow/example_dags/example_trigger_controller_dag.py for tasks to queue
[2024-10-03T21:57:07.417-0400] {logging_mixin.py:190} INFO - [2024-10-03T21:57:07.417-0400] {dagbag.py:588} INFO - Filling up the DagBag from /home/patrick/.cache/pypoetry/virtualenvs/airflow-wPbgcfzP-py3.10/lib/python3.10/site-packages/airflow/example_dags/example_trigger_controller_dag.py
[2024-10-03T21:57:07.422-0400] {processor.py:925} INFO - DAG(s) 'example_trigger_controller_dag' retrieved from /home/patrick/.cache/pypoetry/virtualenvs/airflow-wPbgcfzP-py3.10/lib/python3.10/site-packages/airflow/example_dags/example_trigger_controller_dag.py
[2024-10-03T21:57:09.187-0400] {logging_mixin.py:190} INFO - [2024-10-03T21:57:09.186-0400] {dag.py:3239} INFO - Sync 1 DAGs
[2024-10-03T21:57:09.595-0400] {logging_mixin.py:190} INFO - [2024-10-03T21:57:09.595-0400] {dag.py:4180} INFO - Setting next_dagrun for example_trigger_controller_dag to 2021-01-01 00:00:00+00:00, run_after=2021-01-01 00:00:00+00:00
[2024-10-03T21:57:10.402-0400] {processor.py:208} INFO - Processing /home/patrick/.cache/pypoetry/virtualenvs/airflow-wPbgcfzP-py3.10/lib/python3.10/site-packages/airflow/example_dags/example_trigger_controller_dag.py took 3.004 seconds
[2024-10-03T21:59:02.312-0400] {processor.py:186} INFO - Started process (PID=20624) to work on /home/patrick/.cache/pypoetry/virtualenvs/airflow-wPbgcfzP-py3.10/lib/python3.10/site-packages/airflow/example_dags/example_trigger_controller_dag.py
[2024-10-03T21:59:02.313-0400] {processor.py:914} INFO - Processing file /home/patrick/.cache/pypoetry/virtualenvs/airflow-wPbgcfzP-py3.10/lib/python3.10/site-packages/airflow/example_dags/example_trigger_controller_dag.py for tasks to queue
[2024-10-03T21:59:02.315-0400] {logging_mixin.py:190} INFO - [2024-10-03T21:59:02.314-0400] {dagbag.py:588} INFO - Filling up the DagBag from /home/patrick/.cache/pypoetry/virtualenvs/airflow-wPbgcfzP-py3.10/lib/python3.10/site-packages/airflow/example_dags/example_trigger_controller_dag.py
[2024-10-03T21:59:02.318-0400] {processor.py:925} INFO - DAG(s) 'example_trigger_controller_dag' retrieved from /home/patrick/.cache/pypoetry/virtualenvs/airflow-wPbgcfzP-py3.10/lib/python3.10/site-packages/airflow/example_dags/example_trigger_controller_dag.py
[2024-10-03T21:59:06.297-0400] {logging_mixin.py:190} INFO - [2024-10-03T21:59:06.296-0400] {dag.py:3239} INFO - Sync 1 DAGs
[2024-10-03T21:59:06.481-0400] {logging_mixin.py:190} INFO - [2024-10-03T21:59:06.481-0400] {dag.py:4180} INFO - Setting next_dagrun for example_trigger_controller_dag to 2021-01-01 00:00:00+00:00, run_after=2021-01-01 00:00:00+00:00
[2024-10-03T21:59:07.117-0400] {processor.py:208} INFO - Processing /home/patrick/.cache/pypoetry/virtualenvs/airflow-wPbgcfzP-py3.10/lib/python3.10/site-packages/airflow/example_dags/example_trigger_controller_dag.py took 4.809 seconds
[2024-10-03T22:03:26.212-0400] {processor.py:186} INFO - Started process (PID=21747) to work on /home/patrick/.cache/pypoetry/virtualenvs/airflow-wPbgcfzP-py3.10/lib/python3.10/site-packages/airflow/example_dags/example_trigger_controller_dag.py
[2024-10-03T22:03:26.213-0400] {processor.py:914} INFO - Processing file /home/patrick/.cache/pypoetry/virtualenvs/airflow-wPbgcfzP-py3.10/lib/python3.10/site-packages/airflow/example_dags/example_trigger_controller_dag.py for tasks to queue
[2024-10-03T22:03:26.214-0400] {logging_mixin.py:190} INFO - [2024-10-03T22:03:26.214-0400] {dagbag.py:588} INFO - Filling up the DagBag from /home/patrick/.cache/pypoetry/virtualenvs/airflow-wPbgcfzP-py3.10/lib/python3.10/site-packages/airflow/example_dags/example_trigger_controller_dag.py
[2024-10-03T22:03:26.218-0400] {processor.py:925} INFO - DAG(s) 'example_trigger_controller_dag' retrieved from /home/patrick/.cache/pypoetry/virtualenvs/airflow-wPbgcfzP-py3.10/lib/python3.10/site-packages/airflow/example_dags/example_trigger_controller_dag.py
[2024-10-03T22:03:27.926-0400] {logging_mixin.py:190} INFO - [2024-10-03T22:03:27.925-0400] {dag.py:3239} INFO - Sync 1 DAGs
[2024-10-03T22:03:28.121-0400] {logging_mixin.py:190} INFO - [2024-10-03T22:03:28.120-0400] {dag.py:4180} INFO - Setting next_dagrun for example_trigger_controller_dag to 2021-01-01 00:00:00+00:00, run_after=2021-01-01 00:00:00+00:00
[2024-10-03T22:03:28.766-0400] {processor.py:208} INFO - Processing /home/patrick/.cache/pypoetry/virtualenvs/airflow-wPbgcfzP-py3.10/lib/python3.10/site-packages/airflow/example_dags/example_trigger_controller_dag.py took 2.558 seconds
[2024-10-03T22:05:46.155-0400] {processor.py:186} INFO - Started process (PID=22343) to work on /home/patrick/.cache/pypoetry/virtualenvs/airflow-wPbgcfzP-py3.10/lib/python3.10/site-packages/airflow/example_dags/example_trigger_controller_dag.py
[2024-10-03T22:05:46.156-0400] {processor.py:914} INFO - Processing file /home/patrick/.cache/pypoetry/virtualenvs/airflow-wPbgcfzP-py3.10/lib/python3.10/site-packages/airflow/example_dags/example_trigger_controller_dag.py for tasks to queue
[2024-10-03T22:05:46.157-0400] {logging_mixin.py:190} INFO - [2024-10-03T22:05:46.157-0400] {dagbag.py:588} INFO - Filling up the DagBag from /home/patrick/.cache/pypoetry/virtualenvs/airflow-wPbgcfzP-py3.10/lib/python3.10/site-packages/airflow/example_dags/example_trigger_controller_dag.py
[2024-10-03T22:05:46.161-0400] {processor.py:925} INFO - DAG(s) 'example_trigger_controller_dag' retrieved from /home/patrick/.cache/pypoetry/virtualenvs/airflow-wPbgcfzP-py3.10/lib/python3.10/site-packages/airflow/example_dags/example_trigger_controller_dag.py
[2024-10-03T22:05:49.282-0400] {logging_mixin.py:190} INFO - [2024-10-03T22:05:49.281-0400] {dag.py:3239} INFO - Sync 1 DAGs
[2024-10-03T22:05:49.439-0400] {logging_mixin.py:190} INFO - [2024-10-03T22:05:49.438-0400] {dag.py:4180} INFO - Setting next_dagrun for example_trigger_controller_dag to 2021-01-01 00:00:00+00:00, run_after=2021-01-01 00:00:00+00:00
[2024-10-03T22:05:50.127-0400] {processor.py:208} INFO - Processing /home/patrick/.cache/pypoetry/virtualenvs/airflow-wPbgcfzP-py3.10/lib/python3.10/site-packages/airflow/example_dags/example_trigger_controller_dag.py took 3.976 seconds
[2024-10-03T22:07:53.428-0400] {processor.py:186} INFO - Started process (PID=22888) to work on /home/patrick/.cache/pypoetry/virtualenvs/airflow-wPbgcfzP-py3.10/lib/python3.10/site-packages/airflow/example_dags/example_trigger_controller_dag.py
[2024-10-03T22:07:53.429-0400] {processor.py:914} INFO - Processing file /home/patrick/.cache/pypoetry/virtualenvs/airflow-wPbgcfzP-py3.10/lib/python3.10/site-packages/airflow/example_dags/example_trigger_controller_dag.py for tasks to queue
[2024-10-03T22:07:53.430-0400] {logging_mixin.py:190} INFO - [2024-10-03T22:07:53.430-0400] {dagbag.py:588} INFO - Filling up the DagBag from /home/patrick/.cache/pypoetry/virtualenvs/airflow-wPbgcfzP-py3.10/lib/python3.10/site-packages/airflow/example_dags/example_trigger_controller_dag.py
[2024-10-03T22:07:53.434-0400] {processor.py:925} INFO - DAG(s) 'example_trigger_controller_dag' retrieved from /home/patrick/.cache/pypoetry/virtualenvs/airflow-wPbgcfzP-py3.10/lib/python3.10/site-packages/airflow/example_dags/example_trigger_controller_dag.py
[2024-10-03T22:07:57.413-0400] {logging_mixin.py:190} INFO - [2024-10-03T22:07:57.413-0400] {dag.py:3239} INFO - Sync 1 DAGs
[2024-10-03T22:07:57.644-0400] {logging_mixin.py:190} INFO - [2024-10-03T22:07:57.644-0400] {dag.py:4180} INFO - Setting next_dagrun for example_trigger_controller_dag to 2021-01-01 00:00:00+00:00, run_after=2021-01-01 00:00:00+00:00
[2024-10-03T22:07:58.284-0400] {processor.py:208} INFO - Processing /home/patrick/.cache/pypoetry/virtualenvs/airflow-wPbgcfzP-py3.10/lib/python3.10/site-packages/airflow/example_dags/example_trigger_controller_dag.py took 4.860 seconds
[2024-10-03T22:10:55.545-0400] {processor.py:186} INFO - Started process (PID=23722) to work on /home/patrick/.cache/pypoetry/virtualenvs/airflow-wPbgcfzP-py3.10/lib/python3.10/site-packages/airflow/example_dags/example_trigger_controller_dag.py
[2024-10-03T22:10:55.546-0400] {processor.py:914} INFO - Processing file /home/patrick/.cache/pypoetry/virtualenvs/airflow-wPbgcfzP-py3.10/lib/python3.10/site-packages/airflow/example_dags/example_trigger_controller_dag.py for tasks to queue
[2024-10-03T22:10:55.548-0400] {logging_mixin.py:190} INFO - [2024-10-03T22:10:55.548-0400] {dagbag.py:588} INFO - Filling up the DagBag from /home/patrick/.cache/pypoetry/virtualenvs/airflow-wPbgcfzP-py3.10/lib/python3.10/site-packages/airflow/example_dags/example_trigger_controller_dag.py
[2024-10-03T22:10:55.552-0400] {processor.py:925} INFO - DAG(s) 'example_trigger_controller_dag' retrieved from /home/patrick/.cache/pypoetry/virtualenvs/airflow-wPbgcfzP-py3.10/lib/python3.10/site-packages/airflow/example_dags/example_trigger_controller_dag.py
[2024-10-03T22:10:58.793-0400] {logging_mixin.py:190} INFO - [2024-10-03T22:10:58.793-0400] {dag.py:3239} INFO - Sync 1 DAGs
[2024-10-03T22:10:59.027-0400] {logging_mixin.py:190} INFO - [2024-10-03T22:10:59.026-0400] {dag.py:4180} INFO - Setting next_dagrun for example_trigger_controller_dag to 2021-01-01 00:00:00+00:00, run_after=2021-01-01 00:00:00+00:00
[2024-10-03T22:10:59.610-0400] {processor.py:208} INFO - Processing /home/patrick/.cache/pypoetry/virtualenvs/airflow-wPbgcfzP-py3.10/lib/python3.10/site-packages/airflow/example_dags/example_trigger_controller_dag.py took 4.068 seconds
[2024-10-03T22:14:22.815-0400] {processor.py:186} INFO - Started process (PID=24660) to work on /home/patrick/.cache/pypoetry/virtualenvs/airflow-wPbgcfzP-py3.10/lib/python3.10/site-packages/airflow/example_dags/example_trigger_controller_dag.py
[2024-10-03T22:14:22.816-0400] {processor.py:914} INFO - Processing file /home/patrick/.cache/pypoetry/virtualenvs/airflow-wPbgcfzP-py3.10/lib/python3.10/site-packages/airflow/example_dags/example_trigger_controller_dag.py for tasks to queue
[2024-10-03T22:14:22.818-0400] {logging_mixin.py:190} INFO - [2024-10-03T22:14:22.818-0400] {dagbag.py:588} INFO - Filling up the DagBag from /home/patrick/.cache/pypoetry/virtualenvs/airflow-wPbgcfzP-py3.10/lib/python3.10/site-packages/airflow/example_dags/example_trigger_controller_dag.py
[2024-10-03T22:14:22.822-0400] {processor.py:925} INFO - DAG(s) 'example_trigger_controller_dag' retrieved from /home/patrick/.cache/pypoetry/virtualenvs/airflow-wPbgcfzP-py3.10/lib/python3.10/site-packages/airflow/example_dags/example_trigger_controller_dag.py
[2024-10-03T22:14:31.516-0400] {logging_mixin.py:190} INFO - [2024-10-03T22:14:31.515-0400] {dag.py:3239} INFO - Sync 1 DAGs
[2024-10-03T22:14:31.759-0400] {logging_mixin.py:190} INFO - [2024-10-03T22:14:31.759-0400] {dag.py:4180} INFO - Setting next_dagrun for example_trigger_controller_dag to 2021-01-01 00:00:00+00:00, run_after=2021-01-01 00:00:00+00:00
[2024-10-03T22:14:32.430-0400] {processor.py:208} INFO - Processing /home/patrick/.cache/pypoetry/virtualenvs/airflow-wPbgcfzP-py3.10/lib/python3.10/site-packages/airflow/example_dags/example_trigger_controller_dag.py took 9.618 seconds
[2024-10-03T22:17:25.908-0400] {processor.py:186} INFO - Started process (PID=25483) to work on /home/patrick/.cache/pypoetry/virtualenvs/airflow-wPbgcfzP-py3.10/lib/python3.10/site-packages/airflow/example_dags/example_trigger_controller_dag.py
[2024-10-03T22:17:25.909-0400] {processor.py:914} INFO - Processing file /home/patrick/.cache/pypoetry/virtualenvs/airflow-wPbgcfzP-py3.10/lib/python3.10/site-packages/airflow/example_dags/example_trigger_controller_dag.py for tasks to queue
[2024-10-03T22:17:25.910-0400] {logging_mixin.py:190} INFO - [2024-10-03T22:17:25.910-0400] {dagbag.py:588} INFO - Filling up the DagBag from /home/patrick/.cache/pypoetry/virtualenvs/airflow-wPbgcfzP-py3.10/lib/python3.10/site-packages/airflow/example_dags/example_trigger_controller_dag.py
[2024-10-03T22:17:25.915-0400] {processor.py:925} INFO - DAG(s) 'example_trigger_controller_dag' retrieved from /home/patrick/.cache/pypoetry/virtualenvs/airflow-wPbgcfzP-py3.10/lib/python3.10/site-packages/airflow/example_dags/example_trigger_controller_dag.py
[2024-10-03T22:17:29.816-0400] {logging_mixin.py:190} INFO - [2024-10-03T22:17:29.816-0400] {dag.py:3239} INFO - Sync 1 DAGs
[2024-10-03T22:17:30.031-0400] {logging_mixin.py:190} INFO - [2024-10-03T22:17:30.030-0400] {dag.py:4180} INFO - Setting next_dagrun for example_trigger_controller_dag to 2021-01-01 00:00:00+00:00, run_after=2021-01-01 00:00:00+00:00
[2024-10-03T22:17:30.851-0400] {processor.py:208} INFO - Processing /home/patrick/.cache/pypoetry/virtualenvs/airflow-wPbgcfzP-py3.10/lib/python3.10/site-packages/airflow/example_dags/example_trigger_controller_dag.py took 4.947 seconds
[2024-10-03T22:20:47.600-0400] {processor.py:186} INFO - Started process (PID=26387) to work on /home/patrick/.cache/pypoetry/virtualenvs/airflow-wPbgcfzP-py3.10/lib/python3.10/site-packages/airflow/example_dags/example_trigger_controller_dag.py
[2024-10-03T22:20:47.601-0400] {processor.py:914} INFO - Processing file /home/patrick/.cache/pypoetry/virtualenvs/airflow-wPbgcfzP-py3.10/lib/python3.10/site-packages/airflow/example_dags/example_trigger_controller_dag.py for tasks to queue
[2024-10-03T22:20:47.603-0400] {logging_mixin.py:190} INFO - [2024-10-03T22:20:47.603-0400] {dagbag.py:588} INFO - Filling up the DagBag from /home/patrick/.cache/pypoetry/virtualenvs/airflow-wPbgcfzP-py3.10/lib/python3.10/site-packages/airflow/example_dags/example_trigger_controller_dag.py
[2024-10-03T22:20:47.607-0400] {processor.py:925} INFO - DAG(s) 'example_trigger_controller_dag' retrieved from /home/patrick/.cache/pypoetry/virtualenvs/airflow-wPbgcfzP-py3.10/lib/python3.10/site-packages/airflow/example_dags/example_trigger_controller_dag.py
[2024-10-03T22:20:54.546-0400] {logging_mixin.py:190} INFO - [2024-10-03T22:20:54.546-0400] {dag.py:3239} INFO - Sync 1 DAGs
[2024-10-03T22:20:54.673-0400] {logging_mixin.py:190} INFO - [2024-10-03T22:20:54.673-0400] {dag.py:4180} INFO - Setting next_dagrun for example_trigger_controller_dag to 2021-01-01 00:00:00+00:00, run_after=2021-01-01 00:00:00+00:00
[2024-10-03T22:20:55.202-0400] {processor.py:208} INFO - Processing /home/patrick/.cache/pypoetry/virtualenvs/airflow-wPbgcfzP-py3.10/lib/python3.10/site-packages/airflow/example_dags/example_trigger_controller_dag.py took 7.605 seconds
[2024-10-03T22:23:19.080-0400] {processor.py:186} INFO - Started process (PID=27067) to work on /home/patrick/.cache/pypoetry/virtualenvs/airflow-wPbgcfzP-py3.10/lib/python3.10/site-packages/airflow/example_dags/example_trigger_controller_dag.py
[2024-10-03T22:23:19.086-0400] {processor.py:914} INFO - Processing file /home/patrick/.cache/pypoetry/virtualenvs/airflow-wPbgcfzP-py3.10/lib/python3.10/site-packages/airflow/example_dags/example_trigger_controller_dag.py for tasks to queue
[2024-10-03T22:23:19.093-0400] {logging_mixin.py:190} INFO - [2024-10-03T22:23:19.093-0400] {dagbag.py:588} INFO - Filling up the DagBag from /home/patrick/.cache/pypoetry/virtualenvs/airflow-wPbgcfzP-py3.10/lib/python3.10/site-packages/airflow/example_dags/example_trigger_controller_dag.py
[2024-10-03T22:23:19.098-0400] {processor.py:925} INFO - DAG(s) 'example_trigger_controller_dag' retrieved from /home/patrick/.cache/pypoetry/virtualenvs/airflow-wPbgcfzP-py3.10/lib/python3.10/site-packages/airflow/example_dags/example_trigger_controller_dag.py
[2024-10-03T22:23:20.766-0400] {logging_mixin.py:190} INFO - [2024-10-03T22:23:20.766-0400] {dag.py:3239} INFO - Sync 1 DAGs
[2024-10-03T22:23:21.095-0400] {logging_mixin.py:190} INFO - [2024-10-03T22:23:21.095-0400] {dag.py:4180} INFO - Setting next_dagrun for example_trigger_controller_dag to 2021-01-01 00:00:00+00:00, run_after=2021-01-01 00:00:00+00:00
[2024-10-03T22:23:21.848-0400] {processor.py:208} INFO - Processing /home/patrick/.cache/pypoetry/virtualenvs/airflow-wPbgcfzP-py3.10/lib/python3.10/site-packages/airflow/example_dags/example_trigger_controller_dag.py took 2.772 seconds
[2024-10-03T22:29:03.230-0400] {processor.py:186} INFO - Started process (PID=28612) to work on /home/patrick/.cache/pypoetry/virtualenvs/airflow-wPbgcfzP-py3.10/lib/python3.10/site-packages/airflow/example_dags/example_trigger_controller_dag.py
[2024-10-03T22:29:03.231-0400] {processor.py:914} INFO - Processing file /home/patrick/.cache/pypoetry/virtualenvs/airflow-wPbgcfzP-py3.10/lib/python3.10/site-packages/airflow/example_dags/example_trigger_controller_dag.py for tasks to queue
[2024-10-03T22:29:03.232-0400] {logging_mixin.py:190} INFO - [2024-10-03T22:29:03.232-0400] {dagbag.py:588} INFO - Filling up the DagBag from /home/patrick/.cache/pypoetry/virtualenvs/airflow-wPbgcfzP-py3.10/lib/python3.10/site-packages/airflow/example_dags/example_trigger_controller_dag.py
[2024-10-03T22:29:03.237-0400] {processor.py:925} INFO - DAG(s) 'example_trigger_controller_dag' retrieved from /home/patrick/.cache/pypoetry/virtualenvs/airflow-wPbgcfzP-py3.10/lib/python3.10/site-packages/airflow/example_dags/example_trigger_controller_dag.py
[2024-10-03T22:29:10.745-0400] {logging_mixin.py:190} INFO - [2024-10-03T22:29:10.744-0400] {dag.py:3239} INFO - Sync 1 DAGs
[2024-10-03T22:29:11.204-0400] {logging_mixin.py:190} INFO - [2024-10-03T22:29:11.204-0400] {dag.py:4180} INFO - Setting next_dagrun for example_trigger_controller_dag to 2021-01-01 00:00:00+00:00, run_after=2021-01-01 00:00:00+00:00
[2024-10-03T22:29:11.876-0400] {processor.py:208} INFO - Processing /home/patrick/.cache/pypoetry/virtualenvs/airflow-wPbgcfzP-py3.10/lib/python3.10/site-packages/airflow/example_dags/example_trigger_controller_dag.py took 8.650 seconds
[2024-10-03T22:32:56.902-0400] {processor.py:186} INFO - Started process (PID=29654) to work on /home/patrick/.cache/pypoetry/virtualenvs/airflow-wPbgcfzP-py3.10/lib/python3.10/site-packages/airflow/example_dags/example_trigger_controller_dag.py
[2024-10-03T22:32:56.903-0400] {processor.py:914} INFO - Processing file /home/patrick/.cache/pypoetry/virtualenvs/airflow-wPbgcfzP-py3.10/lib/python3.10/site-packages/airflow/example_dags/example_trigger_controller_dag.py for tasks to queue
[2024-10-03T22:32:56.904-0400] {logging_mixin.py:190} INFO - [2024-10-03T22:32:56.904-0400] {dagbag.py:588} INFO - Filling up the DagBag from /home/patrick/.cache/pypoetry/virtualenvs/airflow-wPbgcfzP-py3.10/lib/python3.10/site-packages/airflow/example_dags/example_trigger_controller_dag.py
[2024-10-03T22:32:56.909-0400] {processor.py:925} INFO - DAG(s) 'example_trigger_controller_dag' retrieved from /home/patrick/.cache/pypoetry/virtualenvs/airflow-wPbgcfzP-py3.10/lib/python3.10/site-packages/airflow/example_dags/example_trigger_controller_dag.py
[2024-10-03T22:32:59.583-0400] {logging_mixin.py:190} INFO - [2024-10-03T22:32:59.583-0400] {dag.py:3239} INFO - Sync 1 DAGs
[2024-10-03T22:32:59.924-0400] {logging_mixin.py:190} INFO - [2024-10-03T22:32:59.923-0400] {dag.py:4180} INFO - Setting next_dagrun for example_trigger_controller_dag to 2021-01-01 00:00:00+00:00, run_after=2021-01-01 00:00:00+00:00
[2024-10-03T22:33:00.590-0400] {processor.py:208} INFO - Processing /home/patrick/.cache/pypoetry/virtualenvs/airflow-wPbgcfzP-py3.10/lib/python3.10/site-packages/airflow/example_dags/example_trigger_controller_dag.py took 3.692 seconds
[2024-10-03T22:38:00.430-0400] {processor.py:186} INFO - Started process (PID=31057) to work on /home/patrick/.cache/pypoetry/virtualenvs/airflow-wPbgcfzP-py3.10/lib/python3.10/site-packages/airflow/example_dags/example_trigger_controller_dag.py
[2024-10-03T22:38:00.431-0400] {processor.py:914} INFO - Processing file /home/patrick/.cache/pypoetry/virtualenvs/airflow-wPbgcfzP-py3.10/lib/python3.10/site-packages/airflow/example_dags/example_trigger_controller_dag.py for tasks to queue
[2024-10-03T22:38:00.433-0400] {logging_mixin.py:190} INFO - [2024-10-03T22:38:00.433-0400] {dagbag.py:588} INFO - Filling up the DagBag from /home/patrick/.cache/pypoetry/virtualenvs/airflow-wPbgcfzP-py3.10/lib/python3.10/site-packages/airflow/example_dags/example_trigger_controller_dag.py
[2024-10-03T22:38:00.437-0400] {processor.py:925} INFO - DAG(s) 'example_trigger_controller_dag' retrieved from /home/patrick/.cache/pypoetry/virtualenvs/airflow-wPbgcfzP-py3.10/lib/python3.10/site-packages/airflow/example_dags/example_trigger_controller_dag.py
[2024-10-03T22:38:05.041-0400] {logging_mixin.py:190} INFO - [2024-10-03T22:38:05.040-0400] {dag.py:3239} INFO - Sync 1 DAGs
[2024-10-03T22:38:05.357-0400] {logging_mixin.py:190} INFO - [2024-10-03T22:38:05.356-0400] {dag.py:4180} INFO - Setting next_dagrun for example_trigger_controller_dag to 2021-01-01 00:00:00+00:00, run_after=2021-01-01 00:00:00+00:00
[2024-10-03T22:38:06.140-0400] {processor.py:208} INFO - Processing /home/patrick/.cache/pypoetry/virtualenvs/airflow-wPbgcfzP-py3.10/lib/python3.10/site-packages/airflow/example_dags/example_trigger_controller_dag.py took 5.713 seconds
[2024-10-03T22:41:47.762-0400] {processor.py:186} INFO - Started process (PID=32126) to work on /home/patrick/.cache/pypoetry/virtualenvs/airflow-wPbgcfzP-py3.10/lib/python3.10/site-packages/airflow/example_dags/example_trigger_controller_dag.py
[2024-10-03T22:41:47.763-0400] {processor.py:914} INFO - Processing file /home/patrick/.cache/pypoetry/virtualenvs/airflow-wPbgcfzP-py3.10/lib/python3.10/site-packages/airflow/example_dags/example_trigger_controller_dag.py for tasks to queue
[2024-10-03T22:41:47.765-0400] {logging_mixin.py:190} INFO - [2024-10-03T22:41:47.764-0400] {dagbag.py:588} INFO - Filling up the DagBag from /home/patrick/.cache/pypoetry/virtualenvs/airflow-wPbgcfzP-py3.10/lib/python3.10/site-packages/airflow/example_dags/example_trigger_controller_dag.py
[2024-10-03T22:41:47.769-0400] {processor.py:925} INFO - DAG(s) 'example_trigger_controller_dag' retrieved from /home/patrick/.cache/pypoetry/virtualenvs/airflow-wPbgcfzP-py3.10/lib/python3.10/site-packages/airflow/example_dags/example_trigger_controller_dag.py
[2024-10-03T22:41:53.703-0400] {logging_mixin.py:190} INFO - [2024-10-03T22:41:53.703-0400] {dag.py:3239} INFO - Sync 1 DAGs
[2024-10-03T22:41:54.034-0400] {logging_mixin.py:190} INFO - [2024-10-03T22:41:54.034-0400] {dag.py:4180} INFO - Setting next_dagrun for example_trigger_controller_dag to 2021-01-01 00:00:00+00:00, run_after=2021-01-01 00:00:00+00:00
[2024-10-03T22:41:54.648-0400] {processor.py:208} INFO - Processing /home/patrick/.cache/pypoetry/virtualenvs/airflow-wPbgcfzP-py3.10/lib/python3.10/site-packages/airflow/example_dags/example_trigger_controller_dag.py took 6.891 seconds
[2024-10-03T22:45:18.081-0400] {processor.py:186} INFO - Started process (PID=33072) to work on /home/patrick/.cache/pypoetry/virtualenvs/airflow-wPbgcfzP-py3.10/lib/python3.10/site-packages/airflow/example_dags/example_trigger_controller_dag.py
[2024-10-03T22:45:18.082-0400] {processor.py:914} INFO - Processing file /home/patrick/.cache/pypoetry/virtualenvs/airflow-wPbgcfzP-py3.10/lib/python3.10/site-packages/airflow/example_dags/example_trigger_controller_dag.py for tasks to queue
[2024-10-03T22:45:18.083-0400] {logging_mixin.py:190} INFO - [2024-10-03T22:45:18.083-0400] {dagbag.py:588} INFO - Filling up the DagBag from /home/patrick/.cache/pypoetry/virtualenvs/airflow-wPbgcfzP-py3.10/lib/python3.10/site-packages/airflow/example_dags/example_trigger_controller_dag.py
[2024-10-03T22:45:18.088-0400] {processor.py:925} INFO - DAG(s) 'example_trigger_controller_dag' retrieved from /home/patrick/.cache/pypoetry/virtualenvs/airflow-wPbgcfzP-py3.10/lib/python3.10/site-packages/airflow/example_dags/example_trigger_controller_dag.py
[2024-10-03T22:45:21.753-0400] {logging_mixin.py:190} INFO - [2024-10-03T22:45:21.753-0400] {dag.py:3239} INFO - Sync 1 DAGs
[2024-10-03T22:45:22.045-0400] {logging_mixin.py:190} INFO - [2024-10-03T22:45:22.044-0400] {dag.py:4180} INFO - Setting next_dagrun for example_trigger_controller_dag to 2021-01-01 00:00:00+00:00, run_after=2021-01-01 00:00:00+00:00
[2024-10-03T22:45:22.760-0400] {processor.py:208} INFO - Processing /home/patrick/.cache/pypoetry/virtualenvs/airflow-wPbgcfzP-py3.10/lib/python3.10/site-packages/airflow/example_dags/example_trigger_controller_dag.py took 4.683 seconds
[2024-10-03T22:48:26.192-0400] {processor.py:186} INFO - Started process (PID=33949) to work on /home/patrick/.cache/pypoetry/virtualenvs/airflow-wPbgcfzP-py3.10/lib/python3.10/site-packages/airflow/example_dags/example_trigger_controller_dag.py
[2024-10-03T22:48:26.193-0400] {processor.py:914} INFO - Processing file /home/patrick/.cache/pypoetry/virtualenvs/airflow-wPbgcfzP-py3.10/lib/python3.10/site-packages/airflow/example_dags/example_trigger_controller_dag.py for tasks to queue
[2024-10-03T22:48:26.195-0400] {logging_mixin.py:190} INFO - [2024-10-03T22:48:26.195-0400] {dagbag.py:588} INFO - Filling up the DagBag from /home/patrick/.cache/pypoetry/virtualenvs/airflow-wPbgcfzP-py3.10/lib/python3.10/site-packages/airflow/example_dags/example_trigger_controller_dag.py
[2024-10-03T22:48:26.200-0400] {processor.py:925} INFO - DAG(s) 'example_trigger_controller_dag' retrieved from /home/patrick/.cache/pypoetry/virtualenvs/airflow-wPbgcfzP-py3.10/lib/python3.10/site-packages/airflow/example_dags/example_trigger_controller_dag.py
[2024-10-03T22:48:34.317-0400] {logging_mixin.py:190} INFO - [2024-10-03T22:48:34.316-0400] {dag.py:3239} INFO - Sync 1 DAGs
[2024-10-03T22:48:34.521-0400] {logging_mixin.py:190} INFO - [2024-10-03T22:48:34.521-0400] {dag.py:4180} INFO - Setting next_dagrun for example_trigger_controller_dag to 2021-01-01 00:00:00+00:00, run_after=2021-01-01 00:00:00+00:00
[2024-10-03T22:48:35.136-0400] {processor.py:208} INFO - Processing /home/patrick/.cache/pypoetry/virtualenvs/airflow-wPbgcfzP-py3.10/lib/python3.10/site-packages/airflow/example_dags/example_trigger_controller_dag.py took 8.948 seconds
[2024-10-03T22:51:57.982-0400] {processor.py:186} INFO - Started process (PID=34933) to work on /home/patrick/.cache/pypoetry/virtualenvs/airflow-wPbgcfzP-py3.10/lib/python3.10/site-packages/airflow/example_dags/example_trigger_controller_dag.py
[2024-10-03T22:51:57.983-0400] {processor.py:914} INFO - Processing file /home/patrick/.cache/pypoetry/virtualenvs/airflow-wPbgcfzP-py3.10/lib/python3.10/site-packages/airflow/example_dags/example_trigger_controller_dag.py for tasks to queue
[2024-10-03T22:51:57.985-0400] {logging_mixin.py:190} INFO - [2024-10-03T22:51:57.985-0400] {dagbag.py:588} INFO - Filling up the DagBag from /home/patrick/.cache/pypoetry/virtualenvs/airflow-wPbgcfzP-py3.10/lib/python3.10/site-packages/airflow/example_dags/example_trigger_controller_dag.py
[2024-10-03T22:51:57.989-0400] {processor.py:925} INFO - DAG(s) 'example_trigger_controller_dag' retrieved from /home/patrick/.cache/pypoetry/virtualenvs/airflow-wPbgcfzP-py3.10/lib/python3.10/site-packages/airflow/example_dags/example_trigger_controller_dag.py
[2024-10-03T22:52:03.744-0400] {logging_mixin.py:190} INFO - [2024-10-03T22:52:03.743-0400] {dag.py:3239} INFO - Sync 1 DAGs
[2024-10-03T22:52:04.074-0400] {logging_mixin.py:190} INFO - [2024-10-03T22:52:04.073-0400] {dag.py:4180} INFO - Setting next_dagrun for example_trigger_controller_dag to 2021-01-01 00:00:00+00:00, run_after=2021-01-01 00:00:00+00:00
[2024-10-03T22:52:04.893-0400] {processor.py:208} INFO - Processing /home/patrick/.cache/pypoetry/virtualenvs/airflow-wPbgcfzP-py3.10/lib/python3.10/site-packages/airflow/example_dags/example_trigger_controller_dag.py took 6.914 seconds
[2024-10-03T22:56:58.244-0400] {processor.py:186} INFO - Started process (PID=36370) to work on /home/patrick/.cache/pypoetry/virtualenvs/airflow-wPbgcfzP-py3.10/lib/python3.10/site-packages/airflow/example_dags/example_trigger_controller_dag.py
[2024-10-03T22:56:58.245-0400] {processor.py:914} INFO - Processing file /home/patrick/.cache/pypoetry/virtualenvs/airflow-wPbgcfzP-py3.10/lib/python3.10/site-packages/airflow/example_dags/example_trigger_controller_dag.py for tasks to queue
[2024-10-03T22:56:58.247-0400] {logging_mixin.py:190} INFO - [2024-10-03T22:56:58.247-0400] {dagbag.py:588} INFO - Filling up the DagBag from /home/patrick/.cache/pypoetry/virtualenvs/airflow-wPbgcfzP-py3.10/lib/python3.10/site-packages/airflow/example_dags/example_trigger_controller_dag.py
[2024-10-03T22:56:58.252-0400] {processor.py:925} INFO - DAG(s) 'example_trigger_controller_dag' retrieved from /home/patrick/.cache/pypoetry/virtualenvs/airflow-wPbgcfzP-py3.10/lib/python3.10/site-packages/airflow/example_dags/example_trigger_controller_dag.py
[2024-10-03T22:57:01.403-0400] {logging_mixin.py:190} INFO - [2024-10-03T22:57:01.403-0400] {dag.py:3239} INFO - Sync 1 DAGs
[2024-10-03T22:57:01.585-0400] {logging_mixin.py:190} INFO - [2024-10-03T22:57:01.585-0400] {dag.py:4180} INFO - Setting next_dagrun for example_trigger_controller_dag to 2021-01-01 00:00:00+00:00, run_after=2021-01-01 00:00:00+00:00
[2024-10-03T22:57:02.332-0400] {processor.py:208} INFO - Processing /home/patrick/.cache/pypoetry/virtualenvs/airflow-wPbgcfzP-py3.10/lib/python3.10/site-packages/airflow/example_dags/example_trigger_controller_dag.py took 4.093 seconds
[2024-10-03T23:01:23.974-0400] {processor.py:186} INFO - Started process (PID=37589) to work on /home/patrick/.cache/pypoetry/virtualenvs/airflow-wPbgcfzP-py3.10/lib/python3.10/site-packages/airflow/example_dags/example_trigger_controller_dag.py
[2024-10-03T23:01:23.975-0400] {processor.py:914} INFO - Processing file /home/patrick/.cache/pypoetry/virtualenvs/airflow-wPbgcfzP-py3.10/lib/python3.10/site-packages/airflow/example_dags/example_trigger_controller_dag.py for tasks to queue
[2024-10-03T23:01:23.976-0400] {logging_mixin.py:190} INFO - [2024-10-03T23:01:23.976-0400] {dagbag.py:588} INFO - Filling up the DagBag from /home/patrick/.cache/pypoetry/virtualenvs/airflow-wPbgcfzP-py3.10/lib/python3.10/site-packages/airflow/example_dags/example_trigger_controller_dag.py
[2024-10-03T23:01:23.980-0400] {processor.py:925} INFO - DAG(s) 'example_trigger_controller_dag' retrieved from /home/patrick/.cache/pypoetry/virtualenvs/airflow-wPbgcfzP-py3.10/lib/python3.10/site-packages/airflow/example_dags/example_trigger_controller_dag.py
[2024-10-03T23:01:27.287-0400] {logging_mixin.py:190} INFO - [2024-10-03T23:01:27.287-0400] {dag.py:3239} INFO - Sync 1 DAGs
[2024-10-03T23:01:27.564-0400] {logging_mixin.py:190} INFO - [2024-10-03T23:01:27.564-0400] {dag.py:4180} INFO - Setting next_dagrun for example_trigger_controller_dag to 2021-01-01 00:00:00+00:00, run_after=2021-01-01 00:00:00+00:00
[2024-10-03T23:01:28.223-0400] {processor.py:208} INFO - Processing /home/patrick/.cache/pypoetry/virtualenvs/airflow-wPbgcfzP-py3.10/lib/python3.10/site-packages/airflow/example_dags/example_trigger_controller_dag.py took 4.253 seconds
[2024-10-03T23:04:53.084-0400] {processor.py:186} INFO - Started process (PID=38491) to work on /home/patrick/.cache/pypoetry/virtualenvs/airflow-wPbgcfzP-py3.10/lib/python3.10/site-packages/airflow/example_dags/example_trigger_controller_dag.py
[2024-10-03T23:04:53.085-0400] {processor.py:914} INFO - Processing file /home/patrick/.cache/pypoetry/virtualenvs/airflow-wPbgcfzP-py3.10/lib/python3.10/site-packages/airflow/example_dags/example_trigger_controller_dag.py for tasks to queue
[2024-10-03T23:04:53.087-0400] {logging_mixin.py:190} INFO - [2024-10-03T23:04:53.087-0400] {dagbag.py:588} INFO - Filling up the DagBag from /home/patrick/.cache/pypoetry/virtualenvs/airflow-wPbgcfzP-py3.10/lib/python3.10/site-packages/airflow/example_dags/example_trigger_controller_dag.py
[2024-10-03T23:04:53.092-0400] {processor.py:925} INFO - DAG(s) 'example_trigger_controller_dag' retrieved from /home/patrick/.cache/pypoetry/virtualenvs/airflow-wPbgcfzP-py3.10/lib/python3.10/site-packages/airflow/example_dags/example_trigger_controller_dag.py
[2024-10-03T23:04:59.008-0400] {logging_mixin.py:190} INFO - [2024-10-03T23:04:59.008-0400] {dag.py:3239} INFO - Sync 1 DAGs
[2024-10-03T23:04:59.455-0400] {logging_mixin.py:190} INFO - [2024-10-03T23:04:59.455-0400] {dag.py:4180} INFO - Setting next_dagrun for example_trigger_controller_dag to 2021-01-01 00:00:00+00:00, run_after=2021-01-01 00:00:00+00:00
[2024-10-03T23:05:00.253-0400] {processor.py:208} INFO - Processing /home/patrick/.cache/pypoetry/virtualenvs/airflow-wPbgcfzP-py3.10/lib/python3.10/site-packages/airflow/example_dags/example_trigger_controller_dag.py took 7.173 seconds
[2024-10-03T23:07:55.834-0400] {processor.py:186} INFO - Started process (PID=39312) to work on /home/patrick/.cache/pypoetry/virtualenvs/airflow-wPbgcfzP-py3.10/lib/python3.10/site-packages/airflow/example_dags/example_trigger_controller_dag.py
[2024-10-03T23:07:55.835-0400] {processor.py:914} INFO - Processing file /home/patrick/.cache/pypoetry/virtualenvs/airflow-wPbgcfzP-py3.10/lib/python3.10/site-packages/airflow/example_dags/example_trigger_controller_dag.py for tasks to queue
[2024-10-03T23:07:55.837-0400] {logging_mixin.py:190} INFO - [2024-10-03T23:07:55.837-0400] {dagbag.py:588} INFO - Filling up the DagBag from /home/patrick/.cache/pypoetry/virtualenvs/airflow-wPbgcfzP-py3.10/lib/python3.10/site-packages/airflow/example_dags/example_trigger_controller_dag.py
[2024-10-03T23:07:55.842-0400] {processor.py:925} INFO - DAG(s) 'example_trigger_controller_dag' retrieved from /home/patrick/.cache/pypoetry/virtualenvs/airflow-wPbgcfzP-py3.10/lib/python3.10/site-packages/airflow/example_dags/example_trigger_controller_dag.py
[2024-10-03T23:07:59.847-0400] {logging_mixin.py:190} INFO - [2024-10-03T23:07:59.847-0400] {dag.py:3239} INFO - Sync 1 DAGs
[2024-10-03T23:08:00.033-0400] {logging_mixin.py:190} INFO - [2024-10-03T23:08:00.033-0400] {dag.py:4180} INFO - Setting next_dagrun for example_trigger_controller_dag to 2021-01-01 00:00:00+00:00, run_after=2021-01-01 00:00:00+00:00
[2024-10-03T23:08:00.754-0400] {processor.py:208} INFO - Processing /home/patrick/.cache/pypoetry/virtualenvs/airflow-wPbgcfzP-py3.10/lib/python3.10/site-packages/airflow/example_dags/example_trigger_controller_dag.py took 4.925 seconds
[2024-10-03T23:10:21.418-0400] {processor.py:186} INFO - Started process (PID=39936) to work on /home/patrick/.cache/pypoetry/virtualenvs/airflow-wPbgcfzP-py3.10/lib/python3.10/site-packages/airflow/example_dags/example_trigger_controller_dag.py
[2024-10-03T23:10:21.420-0400] {processor.py:914} INFO - Processing file /home/patrick/.cache/pypoetry/virtualenvs/airflow-wPbgcfzP-py3.10/lib/python3.10/site-packages/airflow/example_dags/example_trigger_controller_dag.py for tasks to queue
[2024-10-03T23:10:21.422-0400] {logging_mixin.py:190} INFO - [2024-10-03T23:10:21.422-0400] {dagbag.py:588} INFO - Filling up the DagBag from /home/patrick/.cache/pypoetry/virtualenvs/airflow-wPbgcfzP-py3.10/lib/python3.10/site-packages/airflow/example_dags/example_trigger_controller_dag.py
[2024-10-03T23:10:21.428-0400] {processor.py:925} INFO - DAG(s) 'example_trigger_controller_dag' retrieved from /home/patrick/.cache/pypoetry/virtualenvs/airflow-wPbgcfzP-py3.10/lib/python3.10/site-packages/airflow/example_dags/example_trigger_controller_dag.py
[2024-10-03T23:10:41.906-0400] {logging_mixin.py:190} INFO - [2024-10-03T23:10:41.906-0400] {dag.py:3239} INFO - Sync 1 DAGs
[2024-10-03T23:10:42.341-0400] {logging_mixin.py:190} INFO - [2024-10-03T23:10:42.341-0400] {dag.py:4180} INFO - Setting next_dagrun for example_trigger_controller_dag to 2021-01-01 00:00:00+00:00, run_after=2021-01-01 00:00:00+00:00
[2024-10-03T23:10:42.936-0400] {processor.py:208} INFO - Processing /home/patrick/.cache/pypoetry/virtualenvs/airflow-wPbgcfzP-py3.10/lib/python3.10/site-packages/airflow/example_dags/example_trigger_controller_dag.py took 21.523 seconds
[2024-10-03T23:12:52.536-0400] {processor.py:186} INFO - Started process (PID=40579) to work on /home/patrick/.cache/pypoetry/virtualenvs/airflow-wPbgcfzP-py3.10/lib/python3.10/site-packages/airflow/example_dags/example_trigger_controller_dag.py
[2024-10-03T23:12:52.537-0400] {processor.py:914} INFO - Processing file /home/patrick/.cache/pypoetry/virtualenvs/airflow-wPbgcfzP-py3.10/lib/python3.10/site-packages/airflow/example_dags/example_trigger_controller_dag.py for tasks to queue
[2024-10-03T23:12:52.539-0400] {logging_mixin.py:190} INFO - [2024-10-03T23:12:52.539-0400] {dagbag.py:588} INFO - Filling up the DagBag from /home/patrick/.cache/pypoetry/virtualenvs/airflow-wPbgcfzP-py3.10/lib/python3.10/site-packages/airflow/example_dags/example_trigger_controller_dag.py
[2024-10-03T23:12:52.544-0400] {processor.py:925} INFO - DAG(s) 'example_trigger_controller_dag' retrieved from /home/patrick/.cache/pypoetry/virtualenvs/airflow-wPbgcfzP-py3.10/lib/python3.10/site-packages/airflow/example_dags/example_trigger_controller_dag.py
[2024-10-03T23:12:55.537-0400] {logging_mixin.py:190} INFO - [2024-10-03T23:12:55.537-0400] {dag.py:3239} INFO - Sync 1 DAGs
[2024-10-03T23:12:55.668-0400] {logging_mixin.py:190} INFO - [2024-10-03T23:12:55.667-0400] {dag.py:4180} INFO - Setting next_dagrun for example_trigger_controller_dag to 2021-01-01 00:00:00+00:00, run_after=2021-01-01 00:00:00+00:00
[2024-10-03T23:12:56.197-0400] {processor.py:208} INFO - Processing /home/patrick/.cache/pypoetry/virtualenvs/airflow-wPbgcfzP-py3.10/lib/python3.10/site-packages/airflow/example_dags/example_trigger_controller_dag.py took 3.665 seconds
[2024-10-03T23:15:17.411-0400] {processor.py:186} INFO - Started process (PID=41218) to work on /home/patrick/.cache/pypoetry/virtualenvs/airflow-wPbgcfzP-py3.10/lib/python3.10/site-packages/airflow/example_dags/example_trigger_controller_dag.py
[2024-10-03T23:15:17.412-0400] {processor.py:914} INFO - Processing file /home/patrick/.cache/pypoetry/virtualenvs/airflow-wPbgcfzP-py3.10/lib/python3.10/site-packages/airflow/example_dags/example_trigger_controller_dag.py for tasks to queue
[2024-10-03T23:15:17.414-0400] {logging_mixin.py:190} INFO - [2024-10-03T23:15:17.414-0400] {dagbag.py:588} INFO - Filling up the DagBag from /home/patrick/.cache/pypoetry/virtualenvs/airflow-wPbgcfzP-py3.10/lib/python3.10/site-packages/airflow/example_dags/example_trigger_controller_dag.py
[2024-10-03T23:15:17.420-0400] {processor.py:925} INFO - DAG(s) 'example_trigger_controller_dag' retrieved from /home/patrick/.cache/pypoetry/virtualenvs/airflow-wPbgcfzP-py3.10/lib/python3.10/site-packages/airflow/example_dags/example_trigger_controller_dag.py
[2024-10-03T23:15:19.652-0400] {logging_mixin.py:190} INFO - [2024-10-03T23:15:19.652-0400] {dag.py:3239} INFO - Sync 1 DAGs
[2024-10-03T23:15:19.875-0400] {logging_mixin.py:190} INFO - [2024-10-03T23:15:19.875-0400] {dag.py:4180} INFO - Setting next_dagrun for example_trigger_controller_dag to 2021-01-01 00:00:00+00:00, run_after=2021-01-01 00:00:00+00:00
[2024-10-03T23:15:20.587-0400] {processor.py:208} INFO - Processing /home/patrick/.cache/pypoetry/virtualenvs/airflow-wPbgcfzP-py3.10/lib/python3.10/site-packages/airflow/example_dags/example_trigger_controller_dag.py took 3.181 seconds
[2024-10-03T23:17:22.244-0400] {processor.py:186} INFO - Started process (PID=41762) to work on /home/patrick/.cache/pypoetry/virtualenvs/airflow-wPbgcfzP-py3.10/lib/python3.10/site-packages/airflow/example_dags/example_trigger_controller_dag.py
[2024-10-03T23:17:22.246-0400] {processor.py:914} INFO - Processing file /home/patrick/.cache/pypoetry/virtualenvs/airflow-wPbgcfzP-py3.10/lib/python3.10/site-packages/airflow/example_dags/example_trigger_controller_dag.py for tasks to queue
[2024-10-03T23:17:22.248-0400] {logging_mixin.py:190} INFO - [2024-10-03T23:17:22.248-0400] {dagbag.py:588} INFO - Filling up the DagBag from /home/patrick/.cache/pypoetry/virtualenvs/airflow-wPbgcfzP-py3.10/lib/python3.10/site-packages/airflow/example_dags/example_trigger_controller_dag.py
[2024-10-03T23:17:22.254-0400] {processor.py:925} INFO - DAG(s) 'example_trigger_controller_dag' retrieved from /home/patrick/.cache/pypoetry/virtualenvs/airflow-wPbgcfzP-py3.10/lib/python3.10/site-packages/airflow/example_dags/example_trigger_controller_dag.py
[2024-10-03T23:17:26.185-0400] {logging_mixin.py:190} INFO - [2024-10-03T23:17:26.185-0400] {dag.py:3239} INFO - Sync 1 DAGs
[2024-10-03T23:17:26.341-0400] {logging_mixin.py:190} INFO - [2024-10-03T23:17:26.340-0400] {dag.py:4180} INFO - Setting next_dagrun for example_trigger_controller_dag to 2021-01-01 00:00:00+00:00, run_after=2021-01-01 00:00:00+00:00
[2024-10-03T23:17:26.944-0400] {processor.py:208} INFO - Processing /home/patrick/.cache/pypoetry/virtualenvs/airflow-wPbgcfzP-py3.10/lib/python3.10/site-packages/airflow/example_dags/example_trigger_controller_dag.py took 4.705 seconds
[2024-10-03T23:21:49.303-0400] {processor.py:186} INFO - Started process (PID=42927) to work on /home/patrick/.cache/pypoetry/virtualenvs/airflow-wPbgcfzP-py3.10/lib/python3.10/site-packages/airflow/example_dags/example_trigger_controller_dag.py
[2024-10-03T23:21:49.304-0400] {processor.py:914} INFO - Processing file /home/patrick/.cache/pypoetry/virtualenvs/airflow-wPbgcfzP-py3.10/lib/python3.10/site-packages/airflow/example_dags/example_trigger_controller_dag.py for tasks to queue
[2024-10-03T23:21:49.306-0400] {logging_mixin.py:190} INFO - [2024-10-03T23:21:49.305-0400] {dagbag.py:588} INFO - Filling up the DagBag from /home/patrick/.cache/pypoetry/virtualenvs/airflow-wPbgcfzP-py3.10/lib/python3.10/site-packages/airflow/example_dags/example_trigger_controller_dag.py
[2024-10-03T23:21:49.309-0400] {processor.py:925} INFO - DAG(s) 'example_trigger_controller_dag' retrieved from /home/patrick/.cache/pypoetry/virtualenvs/airflow-wPbgcfzP-py3.10/lib/python3.10/site-packages/airflow/example_dags/example_trigger_controller_dag.py
[2024-10-03T23:21:52.071-0400] {logging_mixin.py:190} INFO - [2024-10-03T23:21:52.070-0400] {dag.py:3239} INFO - Sync 1 DAGs
[2024-10-03T23:21:52.216-0400] {logging_mixin.py:190} INFO - [2024-10-03T23:21:52.216-0400] {dag.py:4180} INFO - Setting next_dagrun for example_trigger_controller_dag to 2021-01-01 00:00:00+00:00, run_after=2021-01-01 00:00:00+00:00
[2024-10-03T23:21:52.915-0400] {processor.py:208} INFO - Processing /home/patrick/.cache/pypoetry/virtualenvs/airflow-wPbgcfzP-py3.10/lib/python3.10/site-packages/airflow/example_dags/example_trigger_controller_dag.py took 3.616 seconds
[2024-10-03T23:23:58.278-0400] {processor.py:186} INFO - Started process (PID=43490) to work on /home/patrick/.cache/pypoetry/virtualenvs/airflow-wPbgcfzP-py3.10/lib/python3.10/site-packages/airflow/example_dags/example_trigger_controller_dag.py
[2024-10-03T23:23:58.279-0400] {processor.py:914} INFO - Processing file /home/patrick/.cache/pypoetry/virtualenvs/airflow-wPbgcfzP-py3.10/lib/python3.10/site-packages/airflow/example_dags/example_trigger_controller_dag.py for tasks to queue
[2024-10-03T23:23:58.281-0400] {logging_mixin.py:190} INFO - [2024-10-03T23:23:58.280-0400] {dagbag.py:588} INFO - Filling up the DagBag from /home/patrick/.cache/pypoetry/virtualenvs/airflow-wPbgcfzP-py3.10/lib/python3.10/site-packages/airflow/example_dags/example_trigger_controller_dag.py
[2024-10-03T23:23:58.285-0400] {processor.py:925} INFO - DAG(s) 'example_trigger_controller_dag' retrieved from /home/patrick/.cache/pypoetry/virtualenvs/airflow-wPbgcfzP-py3.10/lib/python3.10/site-packages/airflow/example_dags/example_trigger_controller_dag.py
[2024-10-03T23:23:59.984-0400] {logging_mixin.py:190} INFO - [2024-10-03T23:23:59.984-0400] {dag.py:3239} INFO - Sync 1 DAGs
[2024-10-03T23:24:00.203-0400] {logging_mixin.py:190} INFO - [2024-10-03T23:24:00.202-0400] {dag.py:4180} INFO - Setting next_dagrun for example_trigger_controller_dag to 2021-01-01 00:00:00+00:00, run_after=2021-01-01 00:00:00+00:00
[2024-10-03T23:24:00.759-0400] {processor.py:208} INFO - Processing /home/patrick/.cache/pypoetry/virtualenvs/airflow-wPbgcfzP-py3.10/lib/python3.10/site-packages/airflow/example_dags/example_trigger_controller_dag.py took 2.485 seconds
[2024-10-03T23:27:12.029-0400] {processor.py:186} INFO - Started process (PID=44303) to work on /home/patrick/.cache/pypoetry/virtualenvs/airflow-wPbgcfzP-py3.10/lib/python3.10/site-packages/airflow/example_dags/example_trigger_controller_dag.py
[2024-10-03T23:27:12.030-0400] {processor.py:914} INFO - Processing file /home/patrick/.cache/pypoetry/virtualenvs/airflow-wPbgcfzP-py3.10/lib/python3.10/site-packages/airflow/example_dags/example_trigger_controller_dag.py for tasks to queue
[2024-10-03T23:27:12.032-0400] {logging_mixin.py:190} INFO - [2024-10-03T23:27:12.032-0400] {dagbag.py:588} INFO - Filling up the DagBag from /home/patrick/.cache/pypoetry/virtualenvs/airflow-wPbgcfzP-py3.10/lib/python3.10/site-packages/airflow/example_dags/example_trigger_controller_dag.py
[2024-10-03T23:27:12.036-0400] {processor.py:925} INFO - DAG(s) 'example_trigger_controller_dag' retrieved from /home/patrick/.cache/pypoetry/virtualenvs/airflow-wPbgcfzP-py3.10/lib/python3.10/site-packages/airflow/example_dags/example_trigger_controller_dag.py
[2024-10-03T23:27:14.575-0400] {logging_mixin.py:190} INFO - [2024-10-03T23:27:14.575-0400] {dag.py:3239} INFO - Sync 1 DAGs
[2024-10-03T23:27:14.797-0400] {logging_mixin.py:190} INFO - [2024-10-03T23:27:14.797-0400] {dag.py:4180} INFO - Setting next_dagrun for example_trigger_controller_dag to 2021-01-01 00:00:00+00:00, run_after=2021-01-01 00:00:00+00:00
[2024-10-03T23:27:15.847-0400] {processor.py:208} INFO - Processing /home/patrick/.cache/pypoetry/virtualenvs/airflow-wPbgcfzP-py3.10/lib/python3.10/site-packages/airflow/example_dags/example_trigger_controller_dag.py took 3.823 seconds
[2024-10-03T23:29:23.250-0400] {processor.py:186} INFO - Started process (PID=44865) to work on /home/patrick/.cache/pypoetry/virtualenvs/airflow-wPbgcfzP-py3.10/lib/python3.10/site-packages/airflow/example_dags/example_trigger_controller_dag.py
[2024-10-03T23:29:23.251-0400] {processor.py:914} INFO - Processing file /home/patrick/.cache/pypoetry/virtualenvs/airflow-wPbgcfzP-py3.10/lib/python3.10/site-packages/airflow/example_dags/example_trigger_controller_dag.py for tasks to queue
[2024-10-03T23:29:23.252-0400] {logging_mixin.py:190} INFO - [2024-10-03T23:29:23.252-0400] {dagbag.py:588} INFO - Filling up the DagBag from /home/patrick/.cache/pypoetry/virtualenvs/airflow-wPbgcfzP-py3.10/lib/python3.10/site-packages/airflow/example_dags/example_trigger_controller_dag.py
[2024-10-03T23:29:23.256-0400] {processor.py:925} INFO - DAG(s) 'example_trigger_controller_dag' retrieved from /home/patrick/.cache/pypoetry/virtualenvs/airflow-wPbgcfzP-py3.10/lib/python3.10/site-packages/airflow/example_dags/example_trigger_controller_dag.py
[2024-10-03T23:29:30.216-0400] {logging_mixin.py:190} INFO - [2024-10-03T23:29:30.216-0400] {dag.py:3239} INFO - Sync 1 DAGs
[2024-10-03T23:29:30.459-0400] {logging_mixin.py:190} INFO - [2024-10-03T23:29:30.459-0400] {dag.py:4180} INFO - Setting next_dagrun for example_trigger_controller_dag to 2021-01-01 00:00:00+00:00, run_after=2021-01-01 00:00:00+00:00
[2024-10-03T23:29:31.055-0400] {processor.py:208} INFO - Processing /home/patrick/.cache/pypoetry/virtualenvs/airflow-wPbgcfzP-py3.10/lib/python3.10/site-packages/airflow/example_dags/example_trigger_controller_dag.py took 7.809 seconds
[2024-10-03T23:33:35.014-0400] {processor.py:186} INFO - Started process (PID=46002) to work on /home/patrick/.cache/pypoetry/virtualenvs/airflow-wPbgcfzP-py3.10/lib/python3.10/site-packages/airflow/example_dags/example_trigger_controller_dag.py
[2024-10-03T23:33:35.016-0400] {processor.py:914} INFO - Processing file /home/patrick/.cache/pypoetry/virtualenvs/airflow-wPbgcfzP-py3.10/lib/python3.10/site-packages/airflow/example_dags/example_trigger_controller_dag.py for tasks to queue
[2024-10-03T23:33:35.018-0400] {logging_mixin.py:190} INFO - [2024-10-03T23:33:35.017-0400] {dagbag.py:588} INFO - Filling up the DagBag from /home/patrick/.cache/pypoetry/virtualenvs/airflow-wPbgcfzP-py3.10/lib/python3.10/site-packages/airflow/example_dags/example_trigger_controller_dag.py
[2024-10-03T23:33:35.022-0400] {processor.py:925} INFO - DAG(s) 'example_trigger_controller_dag' retrieved from /home/patrick/.cache/pypoetry/virtualenvs/airflow-wPbgcfzP-py3.10/lib/python3.10/site-packages/airflow/example_dags/example_trigger_controller_dag.py
[2024-10-03T23:33:41.637-0400] {logging_mixin.py:190} INFO - [2024-10-03T23:33:41.637-0400] {dag.py:3239} INFO - Sync 1 DAGs
[2024-10-03T23:33:41.819-0400] {logging_mixin.py:190} INFO - [2024-10-03T23:33:41.818-0400] {dag.py:4180} INFO - Setting next_dagrun for example_trigger_controller_dag to 2021-01-01 00:00:00+00:00, run_after=2021-01-01 00:00:00+00:00
[2024-10-03T23:33:42.491-0400] {processor.py:208} INFO - Processing /home/patrick/.cache/pypoetry/virtualenvs/airflow-wPbgcfzP-py3.10/lib/python3.10/site-packages/airflow/example_dags/example_trigger_controller_dag.py took 7.481 seconds
[2024-10-03T23:35:46.645-0400] {processor.py:186} INFO - Started process (PID=46566) to work on /home/patrick/.cache/pypoetry/virtualenvs/airflow-wPbgcfzP-py3.10/lib/python3.10/site-packages/airflow/example_dags/example_trigger_controller_dag.py
[2024-10-03T23:35:46.646-0400] {processor.py:914} INFO - Processing file /home/patrick/.cache/pypoetry/virtualenvs/airflow-wPbgcfzP-py3.10/lib/python3.10/site-packages/airflow/example_dags/example_trigger_controller_dag.py for tasks to queue
[2024-10-03T23:35:46.647-0400] {logging_mixin.py:190} INFO - [2024-10-03T23:35:46.647-0400] {dagbag.py:588} INFO - Filling up the DagBag from /home/patrick/.cache/pypoetry/virtualenvs/airflow-wPbgcfzP-py3.10/lib/python3.10/site-packages/airflow/example_dags/example_trigger_controller_dag.py
[2024-10-03T23:35:46.651-0400] {processor.py:925} INFO - DAG(s) 'example_trigger_controller_dag' retrieved from /home/patrick/.cache/pypoetry/virtualenvs/airflow-wPbgcfzP-py3.10/lib/python3.10/site-packages/airflow/example_dags/example_trigger_controller_dag.py
[2024-10-03T23:35:48.711-0400] {logging_mixin.py:190} INFO - [2024-10-03T23:35:48.711-0400] {dag.py:3239} INFO - Sync 1 DAGs
[2024-10-03T23:35:49.014-0400] {logging_mixin.py:190} INFO - [2024-10-03T23:35:49.014-0400] {dag.py:4180} INFO - Setting next_dagrun for example_trigger_controller_dag to 2021-01-01 00:00:00+00:00, run_after=2021-01-01 00:00:00+00:00
[2024-10-03T23:35:49.594-0400] {processor.py:208} INFO - Processing /home/patrick/.cache/pypoetry/virtualenvs/airflow-wPbgcfzP-py3.10/lib/python3.10/site-packages/airflow/example_dags/example_trigger_controller_dag.py took 2.953 seconds
[2024-10-03T23:38:35.264-0400] {processor.py:186} INFO - Started process (PID=47280) to work on /home/patrick/.cache/pypoetry/virtualenvs/airflow-wPbgcfzP-py3.10/lib/python3.10/site-packages/airflow/example_dags/example_trigger_controller_dag.py
[2024-10-03T23:38:35.265-0400] {processor.py:914} INFO - Processing file /home/patrick/.cache/pypoetry/virtualenvs/airflow-wPbgcfzP-py3.10/lib/python3.10/site-packages/airflow/example_dags/example_trigger_controller_dag.py for tasks to queue
[2024-10-03T23:38:35.270-0400] {logging_mixin.py:190} INFO - [2024-10-03T23:38:35.270-0400] {dagbag.py:588} INFO - Filling up the DagBag from /home/patrick/.cache/pypoetry/virtualenvs/airflow-wPbgcfzP-py3.10/lib/python3.10/site-packages/airflow/example_dags/example_trigger_controller_dag.py
[2024-10-03T23:38:35.274-0400] {processor.py:925} INFO - DAG(s) 'example_trigger_controller_dag' retrieved from /home/patrick/.cache/pypoetry/virtualenvs/airflow-wPbgcfzP-py3.10/lib/python3.10/site-packages/airflow/example_dags/example_trigger_controller_dag.py
[2024-10-03T23:38:37.643-0400] {logging_mixin.py:190} INFO - [2024-10-03T23:38:37.643-0400] {dag.py:3239} INFO - Sync 1 DAGs
[2024-10-03T23:38:37.831-0400] {logging_mixin.py:190} INFO - [2024-10-03T23:38:37.830-0400] {dag.py:4180} INFO - Setting next_dagrun for example_trigger_controller_dag to 2021-01-01 00:00:00+00:00, run_after=2021-01-01 00:00:00+00:00
[2024-10-03T23:38:38.403-0400] {processor.py:208} INFO - Processing /home/patrick/.cache/pypoetry/virtualenvs/airflow-wPbgcfzP-py3.10/lib/python3.10/site-packages/airflow/example_dags/example_trigger_controller_dag.py took 3.143 seconds
[2024-10-03T23:40:12.632-0400] {processor.py:186} INFO - Started process (PID=47713) to work on /home/patrick/.cache/pypoetry/virtualenvs/airflow-wPbgcfzP-py3.10/lib/python3.10/site-packages/airflow/example_dags/example_trigger_controller_dag.py
[2024-10-03T23:40:12.633-0400] {processor.py:914} INFO - Processing file /home/patrick/.cache/pypoetry/virtualenvs/airflow-wPbgcfzP-py3.10/lib/python3.10/site-packages/airflow/example_dags/example_trigger_controller_dag.py for tasks to queue
[2024-10-03T23:40:12.635-0400] {logging_mixin.py:190} INFO - [2024-10-03T23:40:12.634-0400] {dagbag.py:588} INFO - Filling up the DagBag from /home/patrick/.cache/pypoetry/virtualenvs/airflow-wPbgcfzP-py3.10/lib/python3.10/site-packages/airflow/example_dags/example_trigger_controller_dag.py
[2024-10-03T23:40:12.639-0400] {processor.py:925} INFO - DAG(s) 'example_trigger_controller_dag' retrieved from /home/patrick/.cache/pypoetry/virtualenvs/airflow-wPbgcfzP-py3.10/lib/python3.10/site-packages/airflow/example_dags/example_trigger_controller_dag.py
[2024-10-03T23:40:23.776-0400] {logging_mixin.py:190} INFO - [2024-10-03T23:40:23.776-0400] {dag.py:3239} INFO - Sync 1 DAGs
[2024-10-03T23:40:24.504-0400] {logging_mixin.py:190} INFO - [2024-10-03T23:40:24.504-0400] {dag.py:4180} INFO - Setting next_dagrun for example_trigger_controller_dag to 2021-01-01 00:00:00+00:00, run_after=2021-01-01 00:00:00+00:00
[2024-10-03T23:40:25.566-0400] {processor.py:208} INFO - Processing /home/patrick/.cache/pypoetry/virtualenvs/airflow-wPbgcfzP-py3.10/lib/python3.10/site-packages/airflow/example_dags/example_trigger_controller_dag.py took 12.938 seconds
[2024-10-03T23:41:55.022-0400] {processor.py:186} INFO - Started process (PID=48159) to work on /home/patrick/.cache/pypoetry/virtualenvs/airflow-wPbgcfzP-py3.10/lib/python3.10/site-packages/airflow/example_dags/example_trigger_controller_dag.py
[2024-10-03T23:41:55.023-0400] {processor.py:914} INFO - Processing file /home/patrick/.cache/pypoetry/virtualenvs/airflow-wPbgcfzP-py3.10/lib/python3.10/site-packages/airflow/example_dags/example_trigger_controller_dag.py for tasks to queue
[2024-10-03T23:41:55.024-0400] {logging_mixin.py:190} INFO - [2024-10-03T23:41:55.024-0400] {dagbag.py:588} INFO - Filling up the DagBag from /home/patrick/.cache/pypoetry/virtualenvs/airflow-wPbgcfzP-py3.10/lib/python3.10/site-packages/airflow/example_dags/example_trigger_controller_dag.py
[2024-10-03T23:41:55.028-0400] {processor.py:925} INFO - DAG(s) 'example_trigger_controller_dag' retrieved from /home/patrick/.cache/pypoetry/virtualenvs/airflow-wPbgcfzP-py3.10/lib/python3.10/site-packages/airflow/example_dags/example_trigger_controller_dag.py
[2024-10-03T23:41:57.343-0400] {logging_mixin.py:190} INFO - [2024-10-03T23:41:57.343-0400] {dag.py:3239} INFO - Sync 1 DAGs
[2024-10-03T23:41:57.498-0400] {logging_mixin.py:190} INFO - [2024-10-03T23:41:57.498-0400] {dag.py:4180} INFO - Setting next_dagrun for example_trigger_controller_dag to 2021-01-01 00:00:00+00:00, run_after=2021-01-01 00:00:00+00:00
[2024-10-03T23:41:58.064-0400] {processor.py:208} INFO - Processing /home/patrick/.cache/pypoetry/virtualenvs/airflow-wPbgcfzP-py3.10/lib/python3.10/site-packages/airflow/example_dags/example_trigger_controller_dag.py took 3.046 seconds
[2024-10-03T23:44:31.788-0400] {processor.py:186} INFO - Started process (PID=48826) to work on /home/patrick/.cache/pypoetry/virtualenvs/airflow-wPbgcfzP-py3.10/lib/python3.10/site-packages/airflow/example_dags/example_trigger_controller_dag.py
[2024-10-03T23:44:31.789-0400] {processor.py:914} INFO - Processing file /home/patrick/.cache/pypoetry/virtualenvs/airflow-wPbgcfzP-py3.10/lib/python3.10/site-packages/airflow/example_dags/example_trigger_controller_dag.py for tasks to queue
[2024-10-03T23:44:31.791-0400] {logging_mixin.py:190} INFO - [2024-10-03T23:44:31.791-0400] {dagbag.py:588} INFO - Filling up the DagBag from /home/patrick/.cache/pypoetry/virtualenvs/airflow-wPbgcfzP-py3.10/lib/python3.10/site-packages/airflow/example_dags/example_trigger_controller_dag.py
[2024-10-03T23:44:31.796-0400] {processor.py:925} INFO - DAG(s) 'example_trigger_controller_dag' retrieved from /home/patrick/.cache/pypoetry/virtualenvs/airflow-wPbgcfzP-py3.10/lib/python3.10/site-packages/airflow/example_dags/example_trigger_controller_dag.py
[2024-10-03T23:44:34.828-0400] {logging_mixin.py:190} INFO - [2024-10-03T23:44:34.828-0400] {dag.py:3239} INFO - Sync 1 DAGs
[2024-10-03T23:44:34.963-0400] {logging_mixin.py:190} INFO - [2024-10-03T23:44:34.963-0400] {dag.py:4180} INFO - Setting next_dagrun for example_trigger_controller_dag to 2021-01-01 00:00:00+00:00, run_after=2021-01-01 00:00:00+00:00
[2024-10-03T23:44:35.500-0400] {processor.py:208} INFO - Processing /home/patrick/.cache/pypoetry/virtualenvs/airflow-wPbgcfzP-py3.10/lib/python3.10/site-packages/airflow/example_dags/example_trigger_controller_dag.py took 3.716 seconds
[2024-10-03T23:46:42.329-0400] {processor.py:186} INFO - Started process (PID=49390) to work on /home/patrick/.cache/pypoetry/virtualenvs/airflow-wPbgcfzP-py3.10/lib/python3.10/site-packages/airflow/example_dags/example_trigger_controller_dag.py
[2024-10-03T23:46:42.330-0400] {processor.py:914} INFO - Processing file /home/patrick/.cache/pypoetry/virtualenvs/airflow-wPbgcfzP-py3.10/lib/python3.10/site-packages/airflow/example_dags/example_trigger_controller_dag.py for tasks to queue
[2024-10-03T23:46:42.332-0400] {logging_mixin.py:190} INFO - [2024-10-03T23:46:42.331-0400] {dagbag.py:588} INFO - Filling up the DagBag from /home/patrick/.cache/pypoetry/virtualenvs/airflow-wPbgcfzP-py3.10/lib/python3.10/site-packages/airflow/example_dags/example_trigger_controller_dag.py
[2024-10-03T23:46:42.336-0400] {processor.py:925} INFO - DAG(s) 'example_trigger_controller_dag' retrieved from /home/patrick/.cache/pypoetry/virtualenvs/airflow-wPbgcfzP-py3.10/lib/python3.10/site-packages/airflow/example_dags/example_trigger_controller_dag.py
[2024-10-03T23:46:44.703-0400] {logging_mixin.py:190} INFO - [2024-10-03T23:46:44.703-0400] {dag.py:3239} INFO - Sync 1 DAGs
[2024-10-03T23:46:45.074-0400] {logging_mixin.py:190} INFO - [2024-10-03T23:46:45.074-0400] {dag.py:4180} INFO - Setting next_dagrun for example_trigger_controller_dag to 2021-01-01 00:00:00+00:00, run_after=2021-01-01 00:00:00+00:00
[2024-10-03T23:46:45.997-0400] {processor.py:208} INFO - Processing /home/patrick/.cache/pypoetry/virtualenvs/airflow-wPbgcfzP-py3.10/lib/python3.10/site-packages/airflow/example_dags/example_trigger_controller_dag.py took 3.672 seconds
[2024-10-03T23:50:52.251-0400] {processor.py:186} INFO - Started process (PID=50461) to work on /home/patrick/.cache/pypoetry/virtualenvs/airflow-wPbgcfzP-py3.10/lib/python3.10/site-packages/airflow/example_dags/example_trigger_controller_dag.py
[2024-10-03T23:50:52.253-0400] {processor.py:914} INFO - Processing file /home/patrick/.cache/pypoetry/virtualenvs/airflow-wPbgcfzP-py3.10/lib/python3.10/site-packages/airflow/example_dags/example_trigger_controller_dag.py for tasks to queue
[2024-10-03T23:50:52.257-0400] {logging_mixin.py:190} INFO - [2024-10-03T23:50:52.257-0400] {dagbag.py:588} INFO - Filling up the DagBag from /home/patrick/.cache/pypoetry/virtualenvs/airflow-wPbgcfzP-py3.10/lib/python3.10/site-packages/airflow/example_dags/example_trigger_controller_dag.py
[2024-10-03T23:50:52.263-0400] {processor.py:925} INFO - DAG(s) 'example_trigger_controller_dag' retrieved from /home/patrick/.cache/pypoetry/virtualenvs/airflow-wPbgcfzP-py3.10/lib/python3.10/site-packages/airflow/example_dags/example_trigger_controller_dag.py
[2024-10-03T23:50:56.826-0400] {logging_mixin.py:190} INFO - [2024-10-03T23:50:56.826-0400] {dag.py:3239} INFO - Sync 1 DAGs
[2024-10-03T23:50:57.333-0400] {logging_mixin.py:190} INFO - [2024-10-03T23:50:57.333-0400] {dag.py:4180} INFO - Setting next_dagrun for example_trigger_controller_dag to 2021-01-01 00:00:00+00:00, run_after=2021-01-01 00:00:00+00:00
[2024-10-03T23:50:57.974-0400] {processor.py:208} INFO - Processing /home/patrick/.cache/pypoetry/virtualenvs/airflow-wPbgcfzP-py3.10/lib/python3.10/site-packages/airflow/example_dags/example_trigger_controller_dag.py took 5.727 seconds
[2024-10-03T23:55:15.273-0400] {processor.py:186} INFO - Started process (PID=51588) to work on /home/patrick/.cache/pypoetry/virtualenvs/airflow-wPbgcfzP-py3.10/lib/python3.10/site-packages/airflow/example_dags/example_trigger_controller_dag.py
[2024-10-03T23:55:15.274-0400] {processor.py:914} INFO - Processing file /home/patrick/.cache/pypoetry/virtualenvs/airflow-wPbgcfzP-py3.10/lib/python3.10/site-packages/airflow/example_dags/example_trigger_controller_dag.py for tasks to queue
[2024-10-03T23:55:15.276-0400] {logging_mixin.py:190} INFO - [2024-10-03T23:55:15.276-0400] {dagbag.py:588} INFO - Filling up the DagBag from /home/patrick/.cache/pypoetry/virtualenvs/airflow-wPbgcfzP-py3.10/lib/python3.10/site-packages/airflow/example_dags/example_trigger_controller_dag.py
[2024-10-03T23:55:15.281-0400] {processor.py:925} INFO - DAG(s) 'example_trigger_controller_dag' retrieved from /home/patrick/.cache/pypoetry/virtualenvs/airflow-wPbgcfzP-py3.10/lib/python3.10/site-packages/airflow/example_dags/example_trigger_controller_dag.py
[2024-10-03T23:55:19.008-0400] {logging_mixin.py:190} INFO - [2024-10-03T23:55:19.007-0400] {dag.py:3239} INFO - Sync 1 DAGs
[2024-10-03T23:55:19.224-0400] {logging_mixin.py:190} INFO - [2024-10-03T23:55:19.223-0400] {dag.py:4180} INFO - Setting next_dagrun for example_trigger_controller_dag to 2021-01-01 00:00:00+00:00, run_after=2021-01-01 00:00:00+00:00
[2024-10-03T23:55:19.863-0400] {processor.py:208} INFO - Processing /home/patrick/.cache/pypoetry/virtualenvs/airflow-wPbgcfzP-py3.10/lib/python3.10/site-packages/airflow/example_dags/example_trigger_controller_dag.py took 4.594 seconds
[2024-10-03T23:58:57.090-0400] {processor.py:186} INFO - Started process (PID=52550) to work on /home/patrick/.cache/pypoetry/virtualenvs/airflow-wPbgcfzP-py3.10/lib/python3.10/site-packages/airflow/example_dags/example_trigger_controller_dag.py
[2024-10-03T23:58:57.091-0400] {processor.py:914} INFO - Processing file /home/patrick/.cache/pypoetry/virtualenvs/airflow-wPbgcfzP-py3.10/lib/python3.10/site-packages/airflow/example_dags/example_trigger_controller_dag.py for tasks to queue
[2024-10-03T23:58:57.095-0400] {logging_mixin.py:190} INFO - [2024-10-03T23:58:57.094-0400] {dagbag.py:588} INFO - Filling up the DagBag from /home/patrick/.cache/pypoetry/virtualenvs/airflow-wPbgcfzP-py3.10/lib/python3.10/site-packages/airflow/example_dags/example_trigger_controller_dag.py
[2024-10-03T23:58:57.100-0400] {processor.py:925} INFO - DAG(s) 'example_trigger_controller_dag' retrieved from /home/patrick/.cache/pypoetry/virtualenvs/airflow-wPbgcfzP-py3.10/lib/python3.10/site-packages/airflow/example_dags/example_trigger_controller_dag.py
[2024-10-03T23:58:59.669-0400] {logging_mixin.py:190} INFO - [2024-10-03T23:58:59.668-0400] {dag.py:3239} INFO - Sync 1 DAGs
[2024-10-03T23:59:00.003-0400] {logging_mixin.py:190} INFO - [2024-10-03T23:59:00.003-0400] {dag.py:4180} INFO - Setting next_dagrun for example_trigger_controller_dag to 2021-01-01 00:00:00+00:00, run_after=2021-01-01 00:00:00+00:00
[2024-10-03T23:59:00.788-0400] {processor.py:208} INFO - Processing /home/patrick/.cache/pypoetry/virtualenvs/airflow-wPbgcfzP-py3.10/lib/python3.10/site-packages/airflow/example_dags/example_trigger_controller_dag.py took 3.702 seconds
[2024-10-04T00:03:35.604-0400] {processor.py:186} INFO - Started process (PID=53798) to work on /home/patrick/.cache/pypoetry/virtualenvs/airflow-wPbgcfzP-py3.10/lib/python3.10/site-packages/airflow/example_dags/example_trigger_controller_dag.py
[2024-10-04T00:03:35.605-0400] {processor.py:914} INFO - Processing file /home/patrick/.cache/pypoetry/virtualenvs/airflow-wPbgcfzP-py3.10/lib/python3.10/site-packages/airflow/example_dags/example_trigger_controller_dag.py for tasks to queue
[2024-10-04T00:03:35.607-0400] {logging_mixin.py:190} INFO - [2024-10-04T00:03:35.607-0400] {dagbag.py:588} INFO - Filling up the DagBag from /home/patrick/.cache/pypoetry/virtualenvs/airflow-wPbgcfzP-py3.10/lib/python3.10/site-packages/airflow/example_dags/example_trigger_controller_dag.py
[2024-10-04T00:03:35.612-0400] {processor.py:925} INFO - DAG(s) 'example_trigger_controller_dag' retrieved from /home/patrick/.cache/pypoetry/virtualenvs/airflow-wPbgcfzP-py3.10/lib/python3.10/site-packages/airflow/example_dags/example_trigger_controller_dag.py
[2024-10-04T00:03:37.686-0400] {logging_mixin.py:190} INFO - [2024-10-04T00:03:37.686-0400] {dag.py:3239} INFO - Sync 1 DAGs
[2024-10-04T00:03:37.863-0400] {logging_mixin.py:190} INFO - [2024-10-04T00:03:37.863-0400] {dag.py:4180} INFO - Setting next_dagrun for example_trigger_controller_dag to 2021-01-01 00:00:00+00:00, run_after=2021-01-01 00:00:00+00:00
[2024-10-04T00:03:38.797-0400] {processor.py:208} INFO - Processing /home/patrick/.cache/pypoetry/virtualenvs/airflow-wPbgcfzP-py3.10/lib/python3.10/site-packages/airflow/example_dags/example_trigger_controller_dag.py took 3.197 seconds
