[2024-10-03T21:02:07.714-0400] {processor.py:186} INFO - Started process (PID=5452) to work on /home/patrick/.cache/pypoetry/virtualenvs/airflow-wPbgcfzP-py3.10/lib/python3.10/site-packages/airflow/example_dags/example_dynamic_task_mapping.py
[2024-10-03T21:02:07.714-0400] {processor.py:914} INFO - Processing file /home/patrick/.cache/pypoetry/virtualenvs/airflow-wPbgcfzP-py3.10/lib/python3.10/site-packages/airflow/example_dags/example_dynamic_task_mapping.py for tasks to queue
[2024-10-03T21:02:07.715-0400] {logging_mixin.py:190} INFO - [2024-10-03T21:02:07.715-0400] {dagbag.py:588} INFO - Filling up the DagBag from /home/patrick/.cache/pypoetry/virtualenvs/airflow-wPbgcfzP-py3.10/lib/python3.10/site-packages/airflow/example_dags/example_dynamic_task_mapping.py
[2024-10-03T21:02:07.721-0400] {processor.py:925} INFO - DAG(s) 'example_dynamic_task_mapping' retrieved from /home/patrick/.cache/pypoetry/virtualenvs/airflow-wPbgcfzP-py3.10/lib/python3.10/site-packages/airflow/example_dags/example_dynamic_task_mapping.py
[2024-10-03T21:02:22.246-0400] {logging_mixin.py:190} INFO - [2024-10-03T21:02:22.246-0400] {dag.py:3239} INFO - Sync 1 DAGs
[2024-10-03T21:02:22.479-0400] {logging_mixin.py:190} INFO - [2024-10-03T21:02:22.479-0400] {dag.py:4180} INFO - Setting next_dagrun for example_dynamic_task_mapping to None, run_after=None
[2024-10-03T21:02:23.588-0400] {processor.py:208} INFO - Processing /home/patrick/.cache/pypoetry/virtualenvs/airflow-wPbgcfzP-py3.10/lib/python3.10/site-packages/airflow/example_dags/example_dynamic_task_mapping.py took 15.878 seconds
[2024-10-03T21:06:32.237-0400] {processor.py:186} INFO - Started process (PID=6594) to work on /home/patrick/.cache/pypoetry/virtualenvs/airflow-wPbgcfzP-py3.10/lib/python3.10/site-packages/airflow/example_dags/example_dynamic_task_mapping.py
[2024-10-03T21:06:32.238-0400] {processor.py:914} INFO - Processing file /home/patrick/.cache/pypoetry/virtualenvs/airflow-wPbgcfzP-py3.10/lib/python3.10/site-packages/airflow/example_dags/example_dynamic_task_mapping.py for tasks to queue
[2024-10-03T21:06:32.240-0400] {logging_mixin.py:190} INFO - [2024-10-03T21:06:32.239-0400] {dagbag.py:588} INFO - Filling up the DagBag from /home/patrick/.cache/pypoetry/virtualenvs/airflow-wPbgcfzP-py3.10/lib/python3.10/site-packages/airflow/example_dags/example_dynamic_task_mapping.py
[2024-10-03T21:06:32.245-0400] {processor.py:925} INFO - DAG(s) 'example_dynamic_task_mapping' retrieved from /home/patrick/.cache/pypoetry/virtualenvs/airflow-wPbgcfzP-py3.10/lib/python3.10/site-packages/airflow/example_dags/example_dynamic_task_mapping.py
[2024-10-03T21:06:36.096-0400] {logging_mixin.py:190} INFO - [2024-10-03T21:06:36.096-0400] {dag.py:3239} INFO - Sync 1 DAGs
[2024-10-03T21:06:36.234-0400] {logging_mixin.py:190} INFO - [2024-10-03T21:06:36.233-0400] {dag.py:4180} INFO - Setting next_dagrun for example_dynamic_task_mapping to None, run_after=None
[2024-10-03T21:06:37.042-0400] {processor.py:208} INFO - Processing /home/patrick/.cache/pypoetry/virtualenvs/airflow-wPbgcfzP-py3.10/lib/python3.10/site-packages/airflow/example_dags/example_dynamic_task_mapping.py took 4.809 seconds
[2024-10-03T21:11:01.785-0400] {processor.py:186} INFO - Started process (PID=7750) to work on /home/patrick/.cache/pypoetry/virtualenvs/airflow-wPbgcfzP-py3.10/lib/python3.10/site-packages/airflow/example_dags/example_dynamic_task_mapping.py
[2024-10-03T21:11:01.786-0400] {processor.py:914} INFO - Processing file /home/patrick/.cache/pypoetry/virtualenvs/airflow-wPbgcfzP-py3.10/lib/python3.10/site-packages/airflow/example_dags/example_dynamic_task_mapping.py for tasks to queue
[2024-10-03T21:11:01.787-0400] {logging_mixin.py:190} INFO - [2024-10-03T21:11:01.787-0400] {dagbag.py:588} INFO - Filling up the DagBag from /home/patrick/.cache/pypoetry/virtualenvs/airflow-wPbgcfzP-py3.10/lib/python3.10/site-packages/airflow/example_dags/example_dynamic_task_mapping.py
[2024-10-03T21:11:01.792-0400] {processor.py:925} INFO - DAG(s) 'example_dynamic_task_mapping' retrieved from /home/patrick/.cache/pypoetry/virtualenvs/airflow-wPbgcfzP-py3.10/lib/python3.10/site-packages/airflow/example_dags/example_dynamic_task_mapping.py
[2024-10-03T21:11:05.935-0400] {logging_mixin.py:190} INFO - [2024-10-03T21:11:05.934-0400] {dag.py:3239} INFO - Sync 1 DAGs
[2024-10-03T21:11:06.027-0400] {logging_mixin.py:190} INFO - [2024-10-03T21:11:06.026-0400] {dag.py:4180} INFO - Setting next_dagrun for example_dynamic_task_mapping to None, run_after=None
[2024-10-03T21:11:06.634-0400] {processor.py:208} INFO - Processing /home/patrick/.cache/pypoetry/virtualenvs/airflow-wPbgcfzP-py3.10/lib/python3.10/site-packages/airflow/example_dags/example_dynamic_task_mapping.py took 4.852 seconds
[2024-10-03T21:17:48.081-0400] {processor.py:186} INFO - Started process (PID=9663) to work on /home/patrick/.cache/pypoetry/virtualenvs/airflow-wPbgcfzP-py3.10/lib/python3.10/site-packages/airflow/example_dags/example_dynamic_task_mapping.py
[2024-10-03T21:17:48.082-0400] {processor.py:914} INFO - Processing file /home/patrick/.cache/pypoetry/virtualenvs/airflow-wPbgcfzP-py3.10/lib/python3.10/site-packages/airflow/example_dags/example_dynamic_task_mapping.py for tasks to queue
[2024-10-03T21:17:48.083-0400] {logging_mixin.py:190} INFO - [2024-10-03T21:17:48.083-0400] {dagbag.py:588} INFO - Filling up the DagBag from /home/patrick/.cache/pypoetry/virtualenvs/airflow-wPbgcfzP-py3.10/lib/python3.10/site-packages/airflow/example_dags/example_dynamic_task_mapping.py
[2024-10-03T21:17:48.088-0400] {processor.py:925} INFO - DAG(s) 'example_dynamic_task_mapping' retrieved from /home/patrick/.cache/pypoetry/virtualenvs/airflow-wPbgcfzP-py3.10/lib/python3.10/site-packages/airflow/example_dags/example_dynamic_task_mapping.py
[2024-10-03T21:17:50.932-0400] {logging_mixin.py:190} INFO - [2024-10-03T21:17:50.932-0400] {dag.py:3239} INFO - Sync 1 DAGs
[2024-10-03T21:17:50.990-0400] {logging_mixin.py:190} INFO - [2024-10-03T21:17:50.990-0400] {dag.py:4180} INFO - Setting next_dagrun for example_dynamic_task_mapping to None, run_after=None
[2024-10-03T21:17:51.517-0400] {processor.py:208} INFO - Processing /home/patrick/.cache/pypoetry/virtualenvs/airflow-wPbgcfzP-py3.10/lib/python3.10/site-packages/airflow/example_dags/example_dynamic_task_mapping.py took 3.440 seconds
[2024-10-03T21:22:46.859-0400] {processor.py:186} INFO - Started process (PID=10990) to work on /home/patrick/.cache/pypoetry/virtualenvs/airflow-wPbgcfzP-py3.10/lib/python3.10/site-packages/airflow/example_dags/example_dynamic_task_mapping.py
[2024-10-03T21:22:46.861-0400] {processor.py:914} INFO - Processing file /home/patrick/.cache/pypoetry/virtualenvs/airflow-wPbgcfzP-py3.10/lib/python3.10/site-packages/airflow/example_dags/example_dynamic_task_mapping.py for tasks to queue
[2024-10-03T21:22:46.862-0400] {logging_mixin.py:190} INFO - [2024-10-03T21:22:46.862-0400] {dagbag.py:588} INFO - Filling up the DagBag from /home/patrick/.cache/pypoetry/virtualenvs/airflow-wPbgcfzP-py3.10/lib/python3.10/site-packages/airflow/example_dags/example_dynamic_task_mapping.py
[2024-10-03T21:22:46.867-0400] {processor.py:925} INFO - DAG(s) 'example_dynamic_task_mapping' retrieved from /home/patrick/.cache/pypoetry/virtualenvs/airflow-wPbgcfzP-py3.10/lib/python3.10/site-packages/airflow/example_dags/example_dynamic_task_mapping.py
[2024-10-03T21:22:49.468-0400] {logging_mixin.py:190} INFO - [2024-10-03T21:22:49.467-0400] {dag.py:3239} INFO - Sync 1 DAGs
[2024-10-03T21:22:49.616-0400] {logging_mixin.py:190} INFO - [2024-10-03T21:22:49.616-0400] {dag.py:4180} INFO - Setting next_dagrun for example_dynamic_task_mapping to None, run_after=None
[2024-10-03T21:22:50.389-0400] {processor.py:208} INFO - Processing /home/patrick/.cache/pypoetry/virtualenvs/airflow-wPbgcfzP-py3.10/lib/python3.10/site-packages/airflow/example_dags/example_dynamic_task_mapping.py took 3.532 seconds
[2024-10-03T21:27:15.135-0400] {processor.py:186} INFO - Started process (PID=12146) to work on /home/patrick/.cache/pypoetry/virtualenvs/airflow-wPbgcfzP-py3.10/lib/python3.10/site-packages/airflow/example_dags/example_dynamic_task_mapping.py
[2024-10-03T21:27:15.136-0400] {processor.py:914} INFO - Processing file /home/patrick/.cache/pypoetry/virtualenvs/airflow-wPbgcfzP-py3.10/lib/python3.10/site-packages/airflow/example_dags/example_dynamic_task_mapping.py for tasks to queue
[2024-10-03T21:27:15.137-0400] {logging_mixin.py:190} INFO - [2024-10-03T21:27:15.137-0400] {dagbag.py:588} INFO - Filling up the DagBag from /home/patrick/.cache/pypoetry/virtualenvs/airflow-wPbgcfzP-py3.10/lib/python3.10/site-packages/airflow/example_dags/example_dynamic_task_mapping.py
[2024-10-03T21:27:15.143-0400] {processor.py:925} INFO - DAG(s) 'example_dynamic_task_mapping' retrieved from /home/patrick/.cache/pypoetry/virtualenvs/airflow-wPbgcfzP-py3.10/lib/python3.10/site-packages/airflow/example_dags/example_dynamic_task_mapping.py
[2024-10-03T21:27:18.102-0400] {logging_mixin.py:190} INFO - [2024-10-03T21:27:18.102-0400] {dag.py:3239} INFO - Sync 1 DAGs
[2024-10-03T21:27:18.219-0400] {logging_mixin.py:190} INFO - [2024-10-03T21:27:18.219-0400] {dag.py:4180} INFO - Setting next_dagrun for example_dynamic_task_mapping to None, run_after=None
[2024-10-03T21:27:18.852-0400] {processor.py:208} INFO - Processing /home/patrick/.cache/pypoetry/virtualenvs/airflow-wPbgcfzP-py3.10/lib/python3.10/site-packages/airflow/example_dags/example_dynamic_task_mapping.py took 3.721 seconds
[2024-10-03T21:30:25.181-0400] {processor.py:186} INFO - Started process (PID=13044) to work on /home/patrick/.cache/pypoetry/virtualenvs/airflow-wPbgcfzP-py3.10/lib/python3.10/site-packages/airflow/example_dags/example_dynamic_task_mapping.py
[2024-10-03T21:30:25.182-0400] {processor.py:914} INFO - Processing file /home/patrick/.cache/pypoetry/virtualenvs/airflow-wPbgcfzP-py3.10/lib/python3.10/site-packages/airflow/example_dags/example_dynamic_task_mapping.py for tasks to queue
[2024-10-03T21:30:25.183-0400] {logging_mixin.py:190} INFO - [2024-10-03T21:30:25.183-0400] {dagbag.py:588} INFO - Filling up the DagBag from /home/patrick/.cache/pypoetry/virtualenvs/airflow-wPbgcfzP-py3.10/lib/python3.10/site-packages/airflow/example_dags/example_dynamic_task_mapping.py
[2024-10-03T21:30:25.188-0400] {processor.py:925} INFO - DAG(s) 'example_dynamic_task_mapping' retrieved from /home/patrick/.cache/pypoetry/virtualenvs/airflow-wPbgcfzP-py3.10/lib/python3.10/site-packages/airflow/example_dags/example_dynamic_task_mapping.py
[2024-10-03T21:30:29.278-0400] {logging_mixin.py:190} INFO - [2024-10-03T21:30:29.277-0400] {dag.py:3239} INFO - Sync 1 DAGs
[2024-10-03T21:30:29.378-0400] {logging_mixin.py:190} INFO - [2024-10-03T21:30:29.378-0400] {dag.py:4180} INFO - Setting next_dagrun for example_dynamic_task_mapping to None, run_after=None
[2024-10-03T21:30:30.161-0400] {processor.py:208} INFO - Processing /home/patrick/.cache/pypoetry/virtualenvs/airflow-wPbgcfzP-py3.10/lib/python3.10/site-packages/airflow/example_dags/example_dynamic_task_mapping.py took 4.983 seconds
[2024-10-03T21:36:51.454-0400] {processor.py:186} INFO - Started process (PID=14759) to work on /home/patrick/.cache/pypoetry/virtualenvs/airflow-wPbgcfzP-py3.10/lib/python3.10/site-packages/airflow/example_dags/example_dynamic_task_mapping.py
[2024-10-03T21:36:51.455-0400] {processor.py:914} INFO - Processing file /home/patrick/.cache/pypoetry/virtualenvs/airflow-wPbgcfzP-py3.10/lib/python3.10/site-packages/airflow/example_dags/example_dynamic_task_mapping.py for tasks to queue
[2024-10-03T21:36:51.457-0400] {logging_mixin.py:190} INFO - [2024-10-03T21:36:51.457-0400] {dagbag.py:588} INFO - Filling up the DagBag from /home/patrick/.cache/pypoetry/virtualenvs/airflow-wPbgcfzP-py3.10/lib/python3.10/site-packages/airflow/example_dags/example_dynamic_task_mapping.py
[2024-10-03T21:36:51.463-0400] {processor.py:925} INFO - DAG(s) 'example_dynamic_task_mapping' retrieved from /home/patrick/.cache/pypoetry/virtualenvs/airflow-wPbgcfzP-py3.10/lib/python3.10/site-packages/airflow/example_dags/example_dynamic_task_mapping.py
[2024-10-03T21:36:59.260-0400] {logging_mixin.py:190} INFO - [2024-10-03T21:36:59.260-0400] {dag.py:3239} INFO - Sync 1 DAGs
[2024-10-03T21:36:59.329-0400] {logging_mixin.py:190} INFO - [2024-10-03T21:36:59.328-0400] {dag.py:4180} INFO - Setting next_dagrun for example_dynamic_task_mapping to None, run_after=None
[2024-10-03T21:37:00.343-0400] {processor.py:208} INFO - Processing /home/patrick/.cache/pypoetry/virtualenvs/airflow-wPbgcfzP-py3.10/lib/python3.10/site-packages/airflow/example_dags/example_dynamic_task_mapping.py took 8.893 seconds
[2024-10-03T21:42:53.132-0400] {processor.py:186} INFO - Started process (PID=16395) to work on /home/patrick/.cache/pypoetry/virtualenvs/airflow-wPbgcfzP-py3.10/lib/python3.10/site-packages/airflow/example_dags/example_dynamic_task_mapping.py
[2024-10-03T21:42:53.135-0400] {processor.py:914} INFO - Processing file /home/patrick/.cache/pypoetry/virtualenvs/airflow-wPbgcfzP-py3.10/lib/python3.10/site-packages/airflow/example_dags/example_dynamic_task_mapping.py for tasks to queue
[2024-10-03T21:42:53.137-0400] {logging_mixin.py:190} INFO - [2024-10-03T21:42:53.137-0400] {dagbag.py:588} INFO - Filling up the DagBag from /home/patrick/.cache/pypoetry/virtualenvs/airflow-wPbgcfzP-py3.10/lib/python3.10/site-packages/airflow/example_dags/example_dynamic_task_mapping.py
[2024-10-03T21:42:53.143-0400] {processor.py:925} INFO - DAG(s) 'example_dynamic_task_mapping' retrieved from /home/patrick/.cache/pypoetry/virtualenvs/airflow-wPbgcfzP-py3.10/lib/python3.10/site-packages/airflow/example_dags/example_dynamic_task_mapping.py
[2024-10-03T21:42:57.745-0400] {logging_mixin.py:190} INFO - [2024-10-03T21:42:57.744-0400] {dag.py:3239} INFO - Sync 1 DAGs
[2024-10-03T21:42:58.097-0400] {logging_mixin.py:190} INFO - [2024-10-03T21:42:58.096-0400] {dag.py:4180} INFO - Setting next_dagrun for example_dynamic_task_mapping to None, run_after=None
[2024-10-03T21:42:58.846-0400] {processor.py:208} INFO - Processing /home/patrick/.cache/pypoetry/virtualenvs/airflow-wPbgcfzP-py3.10/lib/python3.10/site-packages/airflow/example_dags/example_dynamic_task_mapping.py took 5.718 seconds
[2024-10-03T21:47:37.465-0400] {processor.py:186} INFO - Started process (PID=17690) to work on /home/patrick/.cache/pypoetry/virtualenvs/airflow-wPbgcfzP-py3.10/lib/python3.10/site-packages/airflow/example_dags/example_dynamic_task_mapping.py
[2024-10-03T21:47:37.466-0400] {processor.py:914} INFO - Processing file /home/patrick/.cache/pypoetry/virtualenvs/airflow-wPbgcfzP-py3.10/lib/python3.10/site-packages/airflow/example_dags/example_dynamic_task_mapping.py for tasks to queue
[2024-10-03T21:47:37.473-0400] {logging_mixin.py:190} INFO - [2024-10-03T21:47:37.472-0400] {dagbag.py:588} INFO - Filling up the DagBag from /home/patrick/.cache/pypoetry/virtualenvs/airflow-wPbgcfzP-py3.10/lib/python3.10/site-packages/airflow/example_dags/example_dynamic_task_mapping.py
[2024-10-03T21:47:37.478-0400] {processor.py:925} INFO - DAG(s) 'example_dynamic_task_mapping' retrieved from /home/patrick/.cache/pypoetry/virtualenvs/airflow-wPbgcfzP-py3.10/lib/python3.10/site-packages/airflow/example_dags/example_dynamic_task_mapping.py
[2024-10-03T21:47:39.872-0400] {logging_mixin.py:190} INFO - [2024-10-03T21:47:39.871-0400] {dag.py:3239} INFO - Sync 1 DAGs
[2024-10-03T21:47:39.965-0400] {logging_mixin.py:190} INFO - [2024-10-03T21:47:39.965-0400] {dag.py:4180} INFO - Setting next_dagrun for example_dynamic_task_mapping to None, run_after=None
[2024-10-03T21:47:40.612-0400] {processor.py:208} INFO - Processing /home/patrick/.cache/pypoetry/virtualenvs/airflow-wPbgcfzP-py3.10/lib/python3.10/site-packages/airflow/example_dags/example_dynamic_task_mapping.py took 3.151 seconds
[2024-10-03T21:51:39.885-0400] {processor.py:186} INFO - Started process (PID=18729) to work on /home/patrick/.cache/pypoetry/virtualenvs/airflow-wPbgcfzP-py3.10/lib/python3.10/site-packages/airflow/example_dags/example_dynamic_task_mapping.py
[2024-10-03T21:51:39.886-0400] {processor.py:914} INFO - Processing file /home/patrick/.cache/pypoetry/virtualenvs/airflow-wPbgcfzP-py3.10/lib/python3.10/site-packages/airflow/example_dags/example_dynamic_task_mapping.py for tasks to queue
[2024-10-03T21:51:39.888-0400] {logging_mixin.py:190} INFO - [2024-10-03T21:51:39.888-0400] {dagbag.py:588} INFO - Filling up the DagBag from /home/patrick/.cache/pypoetry/virtualenvs/airflow-wPbgcfzP-py3.10/lib/python3.10/site-packages/airflow/example_dags/example_dynamic_task_mapping.py
[2024-10-03T21:51:39.894-0400] {processor.py:925} INFO - DAG(s) 'example_dynamic_task_mapping' retrieved from /home/patrick/.cache/pypoetry/virtualenvs/airflow-wPbgcfzP-py3.10/lib/python3.10/site-packages/airflow/example_dags/example_dynamic_task_mapping.py
[2024-10-03T21:51:45.818-0400] {logging_mixin.py:190} INFO - [2024-10-03T21:51:45.817-0400] {dag.py:3239} INFO - Sync 1 DAGs
[2024-10-03T21:51:45.899-0400] {logging_mixin.py:190} INFO - [2024-10-03T21:51:45.899-0400] {dag.py:4180} INFO - Setting next_dagrun for example_dynamic_task_mapping to None, run_after=None
[2024-10-03T21:51:46.467-0400] {processor.py:208} INFO - Processing /home/patrick/.cache/pypoetry/virtualenvs/airflow-wPbgcfzP-py3.10/lib/python3.10/site-packages/airflow/example_dags/example_dynamic_task_mapping.py took 6.585 seconds
[2024-10-03T21:55:41.680-0400] {processor.py:186} INFO - Started process (PID=19762) to work on /home/patrick/.cache/pypoetry/virtualenvs/airflow-wPbgcfzP-py3.10/lib/python3.10/site-packages/airflow/example_dags/example_dynamic_task_mapping.py
[2024-10-03T21:55:41.681-0400] {processor.py:914} INFO - Processing file /home/patrick/.cache/pypoetry/virtualenvs/airflow-wPbgcfzP-py3.10/lib/python3.10/site-packages/airflow/example_dags/example_dynamic_task_mapping.py for tasks to queue
[2024-10-03T21:55:41.683-0400] {logging_mixin.py:190} INFO - [2024-10-03T21:55:41.683-0400] {dagbag.py:588} INFO - Filling up the DagBag from /home/patrick/.cache/pypoetry/virtualenvs/airflow-wPbgcfzP-py3.10/lib/python3.10/site-packages/airflow/example_dags/example_dynamic_task_mapping.py
[2024-10-03T21:55:41.747-0400] {processor.py:925} INFO - DAG(s) 'example_dynamic_task_mapping' retrieved from /home/patrick/.cache/pypoetry/virtualenvs/airflow-wPbgcfzP-py3.10/lib/python3.10/site-packages/airflow/example_dags/example_dynamic_task_mapping.py
[2024-10-03T21:55:45.364-0400] {logging_mixin.py:190} INFO - [2024-10-03T21:55:45.364-0400] {dag.py:3239} INFO - Sync 1 DAGs
[2024-10-03T21:55:45.424-0400] {logging_mixin.py:190} INFO - [2024-10-03T21:55:45.424-0400] {dag.py:4180} INFO - Setting next_dagrun for example_dynamic_task_mapping to None, run_after=None
[2024-10-03T21:55:45.976-0400] {processor.py:208} INFO - Processing /home/patrick/.cache/pypoetry/virtualenvs/airflow-wPbgcfzP-py3.10/lib/python3.10/site-packages/airflow/example_dags/example_dynamic_task_mapping.py took 4.299 seconds
[2024-10-03T21:59:35.527-0400] {processor.py:186} INFO - Started process (PID=20770) to work on /home/patrick/.cache/pypoetry/virtualenvs/airflow-wPbgcfzP-py3.10/lib/python3.10/site-packages/airflow/example_dags/example_dynamic_task_mapping.py
[2024-10-03T21:59:35.528-0400] {processor.py:914} INFO - Processing file /home/patrick/.cache/pypoetry/virtualenvs/airflow-wPbgcfzP-py3.10/lib/python3.10/site-packages/airflow/example_dags/example_dynamic_task_mapping.py for tasks to queue
[2024-10-03T21:59:35.530-0400] {logging_mixin.py:190} INFO - [2024-10-03T21:59:35.530-0400] {dagbag.py:588} INFO - Filling up the DagBag from /home/patrick/.cache/pypoetry/virtualenvs/airflow-wPbgcfzP-py3.10/lib/python3.10/site-packages/airflow/example_dags/example_dynamic_task_mapping.py
[2024-10-03T21:59:35.535-0400] {processor.py:925} INFO - DAG(s) 'example_dynamic_task_mapping' retrieved from /home/patrick/.cache/pypoetry/virtualenvs/airflow-wPbgcfzP-py3.10/lib/python3.10/site-packages/airflow/example_dags/example_dynamic_task_mapping.py
[2024-10-03T21:59:38.551-0400] {logging_mixin.py:190} INFO - [2024-10-03T21:59:38.550-0400] {dag.py:3239} INFO - Sync 1 DAGs
[2024-10-03T21:59:38.602-0400] {logging_mixin.py:190} INFO - [2024-10-03T21:59:38.601-0400] {dag.py:4180} INFO - Setting next_dagrun for example_dynamic_task_mapping to None, run_after=None
[2024-10-03T21:59:39.137-0400] {processor.py:208} INFO - Processing /home/patrick/.cache/pypoetry/virtualenvs/airflow-wPbgcfzP-py3.10/lib/python3.10/site-packages/airflow/example_dags/example_dynamic_task_mapping.py took 3.614 seconds
[2024-10-03T22:04:01.711-0400] {processor.py:186} INFO - Started process (PID=21901) to work on /home/patrick/.cache/pypoetry/virtualenvs/airflow-wPbgcfzP-py3.10/lib/python3.10/site-packages/airflow/example_dags/example_dynamic_task_mapping.py
[2024-10-03T22:04:01.711-0400] {processor.py:914} INFO - Processing file /home/patrick/.cache/pypoetry/virtualenvs/airflow-wPbgcfzP-py3.10/lib/python3.10/site-packages/airflow/example_dags/example_dynamic_task_mapping.py for tasks to queue
[2024-10-03T22:04:01.713-0400] {logging_mixin.py:190} INFO - [2024-10-03T22:04:01.713-0400] {dagbag.py:588} INFO - Filling up the DagBag from /home/patrick/.cache/pypoetry/virtualenvs/airflow-wPbgcfzP-py3.10/lib/python3.10/site-packages/airflow/example_dags/example_dynamic_task_mapping.py
[2024-10-03T22:04:01.718-0400] {processor.py:925} INFO - DAG(s) 'example_dynamic_task_mapping' retrieved from /home/patrick/.cache/pypoetry/virtualenvs/airflow-wPbgcfzP-py3.10/lib/python3.10/site-packages/airflow/example_dags/example_dynamic_task_mapping.py
[2024-10-03T22:04:06.206-0400] {logging_mixin.py:190} INFO - [2024-10-03T22:04:06.205-0400] {dag.py:3239} INFO - Sync 1 DAGs
[2024-10-03T22:04:06.389-0400] {logging_mixin.py:190} INFO - [2024-10-03T22:04:06.388-0400] {dag.py:4180} INFO - Setting next_dagrun for example_dynamic_task_mapping to None, run_after=None
[2024-10-03T22:04:07.238-0400] {processor.py:208} INFO - Processing /home/patrick/.cache/pypoetry/virtualenvs/airflow-wPbgcfzP-py3.10/lib/python3.10/site-packages/airflow/example_dags/example_dynamic_task_mapping.py took 5.531 seconds
[2024-10-03T22:12:08.644-0400] {processor.py:186} INFO - Started process (PID=24074) to work on /home/patrick/.cache/pypoetry/virtualenvs/airflow-wPbgcfzP-py3.10/lib/python3.10/site-packages/airflow/example_dags/example_dynamic_task_mapping.py
[2024-10-03T22:12:08.645-0400] {processor.py:914} INFO - Processing file /home/patrick/.cache/pypoetry/virtualenvs/airflow-wPbgcfzP-py3.10/lib/python3.10/site-packages/airflow/example_dags/example_dynamic_task_mapping.py for tasks to queue
[2024-10-03T22:12:08.647-0400] {logging_mixin.py:190} INFO - [2024-10-03T22:12:08.647-0400] {dagbag.py:588} INFO - Filling up the DagBag from /home/patrick/.cache/pypoetry/virtualenvs/airflow-wPbgcfzP-py3.10/lib/python3.10/site-packages/airflow/example_dags/example_dynamic_task_mapping.py
[2024-10-03T22:12:08.652-0400] {processor.py:925} INFO - DAG(s) 'example_dynamic_task_mapping' retrieved from /home/patrick/.cache/pypoetry/virtualenvs/airflow-wPbgcfzP-py3.10/lib/python3.10/site-packages/airflow/example_dags/example_dynamic_task_mapping.py
[2024-10-03T22:12:33.431-0400] {logging_mixin.py:190} INFO - [2024-10-03T22:12:33.430-0400] {dag.py:3239} INFO - Sync 1 DAGs
[2024-10-03T22:12:34.286-0400] {logging_mixin.py:190} INFO - [2024-10-03T22:12:34.285-0400] {dag.py:4180} INFO - Setting next_dagrun for example_dynamic_task_mapping to None, run_after=None
[2024-10-03T22:12:35.324-0400] {processor.py:208} INFO - Processing /home/patrick/.cache/pypoetry/virtualenvs/airflow-wPbgcfzP-py3.10/lib/python3.10/site-packages/airflow/example_dags/example_dynamic_task_mapping.py took 26.684 seconds
[2024-10-03T22:18:48.266-0400] {processor.py:186} INFO - Started process (PID=25858) to work on /home/patrick/.cache/pypoetry/virtualenvs/airflow-wPbgcfzP-py3.10/lib/python3.10/site-packages/airflow/example_dags/example_dynamic_task_mapping.py
[2024-10-03T22:18:48.266-0400] {processor.py:914} INFO - Processing file /home/patrick/.cache/pypoetry/virtualenvs/airflow-wPbgcfzP-py3.10/lib/python3.10/site-packages/airflow/example_dags/example_dynamic_task_mapping.py for tasks to queue
[2024-10-03T22:18:48.268-0400] {logging_mixin.py:190} INFO - [2024-10-03T22:18:48.268-0400] {dagbag.py:588} INFO - Filling up the DagBag from /home/patrick/.cache/pypoetry/virtualenvs/airflow-wPbgcfzP-py3.10/lib/python3.10/site-packages/airflow/example_dags/example_dynamic_task_mapping.py
[2024-10-03T22:18:48.274-0400] {processor.py:925} INFO - DAG(s) 'example_dynamic_task_mapping' retrieved from /home/patrick/.cache/pypoetry/virtualenvs/airflow-wPbgcfzP-py3.10/lib/python3.10/site-packages/airflow/example_dags/example_dynamic_task_mapping.py
[2024-10-03T22:18:56.332-0400] {logging_mixin.py:190} INFO - [2024-10-03T22:18:56.332-0400] {dag.py:3239} INFO - Sync 1 DAGs
[2024-10-03T22:18:56.449-0400] {logging_mixin.py:190} INFO - [2024-10-03T22:18:56.449-0400] {dag.py:4180} INFO - Setting next_dagrun for example_dynamic_task_mapping to None, run_after=None
[2024-10-03T22:18:57.059-0400] {processor.py:208} INFO - Processing /home/patrick/.cache/pypoetry/virtualenvs/airflow-wPbgcfzP-py3.10/lib/python3.10/site-packages/airflow/example_dags/example_dynamic_task_mapping.py took 8.797 seconds
[2024-10-03T22:23:47.682-0400] {processor.py:186} INFO - Started process (PID=27203) to work on /home/patrick/.cache/pypoetry/virtualenvs/airflow-wPbgcfzP-py3.10/lib/python3.10/site-packages/airflow/example_dags/example_dynamic_task_mapping.py
[2024-10-03T22:23:47.683-0400] {processor.py:914} INFO - Processing file /home/patrick/.cache/pypoetry/virtualenvs/airflow-wPbgcfzP-py3.10/lib/python3.10/site-packages/airflow/example_dags/example_dynamic_task_mapping.py for tasks to queue
[2024-10-03T22:23:47.685-0400] {logging_mixin.py:190} INFO - [2024-10-03T22:23:47.684-0400] {dagbag.py:588} INFO - Filling up the DagBag from /home/patrick/.cache/pypoetry/virtualenvs/airflow-wPbgcfzP-py3.10/lib/python3.10/site-packages/airflow/example_dags/example_dynamic_task_mapping.py
[2024-10-03T22:23:47.690-0400] {processor.py:925} INFO - DAG(s) 'example_dynamic_task_mapping' retrieved from /home/patrick/.cache/pypoetry/virtualenvs/airflow-wPbgcfzP-py3.10/lib/python3.10/site-packages/airflow/example_dags/example_dynamic_task_mapping.py
[2024-10-03T22:23:49.334-0400] {logging_mixin.py:190} INFO - [2024-10-03T22:23:49.333-0400] {dag.py:3239} INFO - Sync 1 DAGs
[2024-10-03T22:23:49.405-0400] {logging_mixin.py:190} INFO - [2024-10-03T22:23:49.405-0400] {dag.py:4180} INFO - Setting next_dagrun for example_dynamic_task_mapping to None, run_after=None
[2024-10-03T22:23:49.966-0400] {processor.py:208} INFO - Processing /home/patrick/.cache/pypoetry/virtualenvs/airflow-wPbgcfzP-py3.10/lib/python3.10/site-packages/airflow/example_dags/example_dynamic_task_mapping.py took 2.288 seconds
[2024-10-03T22:30:02.156-0400] {processor.py:186} INFO - Started process (PID=28893) to work on /home/patrick/.cache/pypoetry/virtualenvs/airflow-wPbgcfzP-py3.10/lib/python3.10/site-packages/airflow/example_dags/example_dynamic_task_mapping.py
[2024-10-03T22:30:02.157-0400] {processor.py:914} INFO - Processing file /home/patrick/.cache/pypoetry/virtualenvs/airflow-wPbgcfzP-py3.10/lib/python3.10/site-packages/airflow/example_dags/example_dynamic_task_mapping.py for tasks to queue
[2024-10-03T22:30:02.158-0400] {logging_mixin.py:190} INFO - [2024-10-03T22:30:02.158-0400] {dagbag.py:588} INFO - Filling up the DagBag from /home/patrick/.cache/pypoetry/virtualenvs/airflow-wPbgcfzP-py3.10/lib/python3.10/site-packages/airflow/example_dags/example_dynamic_task_mapping.py
[2024-10-03T22:30:02.163-0400] {processor.py:925} INFO - DAG(s) 'example_dynamic_task_mapping' retrieved from /home/patrick/.cache/pypoetry/virtualenvs/airflow-wPbgcfzP-py3.10/lib/python3.10/site-packages/airflow/example_dags/example_dynamic_task_mapping.py
[2024-10-03T22:30:18.617-0400] {logging_mixin.py:190} INFO - [2024-10-03T22:30:18.616-0400] {dag.py:3239} INFO - Sync 1 DAGs
[2024-10-03T22:30:19.114-0400] {logging_mixin.py:190} INFO - [2024-10-03T22:30:19.114-0400] {dag.py:4180} INFO - Setting next_dagrun for example_dynamic_task_mapping to None, run_after=None
[2024-10-03T22:30:19.860-0400] {processor.py:208} INFO - Processing /home/patrick/.cache/pypoetry/virtualenvs/airflow-wPbgcfzP-py3.10/lib/python3.10/site-packages/airflow/example_dags/example_dynamic_task_mapping.py took 17.708 seconds
[2024-10-03T22:39:49.477-0400] {processor.py:186} INFO - Started process (PID=31550) to work on /home/patrick/.cache/pypoetry/virtualenvs/airflow-wPbgcfzP-py3.10/lib/python3.10/site-packages/airflow/example_dags/example_dynamic_task_mapping.py
[2024-10-03T22:39:49.478-0400] {processor.py:914} INFO - Processing file /home/patrick/.cache/pypoetry/virtualenvs/airflow-wPbgcfzP-py3.10/lib/python3.10/site-packages/airflow/example_dags/example_dynamic_task_mapping.py for tasks to queue
[2024-10-03T22:39:49.480-0400] {logging_mixin.py:190} INFO - [2024-10-03T22:39:49.480-0400] {dagbag.py:588} INFO - Filling up the DagBag from /home/patrick/.cache/pypoetry/virtualenvs/airflow-wPbgcfzP-py3.10/lib/python3.10/site-packages/airflow/example_dags/example_dynamic_task_mapping.py
[2024-10-03T22:39:49.485-0400] {processor.py:925} INFO - DAG(s) 'example_dynamic_task_mapping' retrieved from /home/patrick/.cache/pypoetry/virtualenvs/airflow-wPbgcfzP-py3.10/lib/python3.10/site-packages/airflow/example_dags/example_dynamic_task_mapping.py
[2024-10-03T22:39:52.813-0400] {logging_mixin.py:190} INFO - [2024-10-03T22:39:52.813-0400] {dag.py:3239} INFO - Sync 1 DAGs
[2024-10-03T22:39:52.861-0400] {logging_mixin.py:190} INFO - [2024-10-03T22:39:52.861-0400] {dag.py:4180} INFO - Setting next_dagrun for example_dynamic_task_mapping to None, run_after=None
[2024-10-03T22:39:53.390-0400] {processor.py:208} INFO - Processing /home/patrick/.cache/pypoetry/virtualenvs/airflow-wPbgcfzP-py3.10/lib/python3.10/site-packages/airflow/example_dags/example_dynamic_task_mapping.py took 3.916 seconds
[2024-10-03T22:46:26.921-0400] {processor.py:186} INFO - Started process (PID=33391) to work on /home/patrick/.cache/pypoetry/virtualenvs/airflow-wPbgcfzP-py3.10/lib/python3.10/site-packages/airflow/example_dags/example_dynamic_task_mapping.py
[2024-10-03T22:46:26.922-0400] {processor.py:914} INFO - Processing file /home/patrick/.cache/pypoetry/virtualenvs/airflow-wPbgcfzP-py3.10/lib/python3.10/site-packages/airflow/example_dags/example_dynamic_task_mapping.py for tasks to queue
[2024-10-03T22:46:26.924-0400] {logging_mixin.py:190} INFO - [2024-10-03T22:46:26.924-0400] {dagbag.py:588} INFO - Filling up the DagBag from /home/patrick/.cache/pypoetry/virtualenvs/airflow-wPbgcfzP-py3.10/lib/python3.10/site-packages/airflow/example_dags/example_dynamic_task_mapping.py
[2024-10-03T22:46:26.930-0400] {processor.py:925} INFO - DAG(s) 'example_dynamic_task_mapping' retrieved from /home/patrick/.cache/pypoetry/virtualenvs/airflow-wPbgcfzP-py3.10/lib/python3.10/site-packages/airflow/example_dags/example_dynamic_task_mapping.py
[2024-10-03T22:46:37.501-0400] {logging_mixin.py:190} INFO - [2024-10-03T22:46:37.501-0400] {dag.py:3239} INFO - Sync 1 DAGs
[2024-10-03T22:46:37.649-0400] {logging_mixin.py:190} INFO - [2024-10-03T22:46:37.648-0400] {dag.py:4180} INFO - Setting next_dagrun for example_dynamic_task_mapping to None, run_after=None
[2024-10-03T22:46:38.410-0400] {processor.py:208} INFO - Processing /home/patrick/.cache/pypoetry/virtualenvs/airflow-wPbgcfzP-py3.10/lib/python3.10/site-packages/airflow/example_dags/example_dynamic_task_mapping.py took 11.493 seconds
[2024-10-03T22:53:23.525-0400] {processor.py:186} INFO - Started process (PID=35340) to work on /home/patrick/.cache/pypoetry/virtualenvs/airflow-wPbgcfzP-py3.10/lib/python3.10/site-packages/airflow/example_dags/example_dynamic_task_mapping.py
[2024-10-03T22:53:23.526-0400] {processor.py:914} INFO - Processing file /home/patrick/.cache/pypoetry/virtualenvs/airflow-wPbgcfzP-py3.10/lib/python3.10/site-packages/airflow/example_dags/example_dynamic_task_mapping.py for tasks to queue
[2024-10-03T22:53:23.528-0400] {logging_mixin.py:190} INFO - [2024-10-03T22:53:23.528-0400] {dagbag.py:588} INFO - Filling up the DagBag from /home/patrick/.cache/pypoetry/virtualenvs/airflow-wPbgcfzP-py3.10/lib/python3.10/site-packages/airflow/example_dags/example_dynamic_task_mapping.py
[2024-10-03T22:53:23.534-0400] {processor.py:925} INFO - DAG(s) 'example_dynamic_task_mapping' retrieved from /home/patrick/.cache/pypoetry/virtualenvs/airflow-wPbgcfzP-py3.10/lib/python3.10/site-packages/airflow/example_dags/example_dynamic_task_mapping.py
[2024-10-03T22:53:28.703-0400] {logging_mixin.py:190} INFO - [2024-10-03T22:53:28.703-0400] {dag.py:3239} INFO - Sync 1 DAGs
[2024-10-03T22:53:28.793-0400] {logging_mixin.py:190} INFO - [2024-10-03T22:53:28.792-0400] {dag.py:4180} INFO - Setting next_dagrun for example_dynamic_task_mapping to None, run_after=None
[2024-10-03T22:53:29.369-0400] {processor.py:208} INFO - Processing /home/patrick/.cache/pypoetry/virtualenvs/airflow-wPbgcfzP-py3.10/lib/python3.10/site-packages/airflow/example_dags/example_dynamic_task_mapping.py took 5.848 seconds
[2024-10-03T22:59:12.368-0400] {processor.py:186} INFO - Started process (PID=36980) to work on /home/patrick/.cache/pypoetry/virtualenvs/airflow-wPbgcfzP-py3.10/lib/python3.10/site-packages/airflow/example_dags/example_dynamic_task_mapping.py
[2024-10-03T22:59:12.369-0400] {processor.py:914} INFO - Processing file /home/patrick/.cache/pypoetry/virtualenvs/airflow-wPbgcfzP-py3.10/lib/python3.10/site-packages/airflow/example_dags/example_dynamic_task_mapping.py for tasks to queue
[2024-10-03T22:59:12.371-0400] {logging_mixin.py:190} INFO - [2024-10-03T22:59:12.370-0400] {dagbag.py:588} INFO - Filling up the DagBag from /home/patrick/.cache/pypoetry/virtualenvs/airflow-wPbgcfzP-py3.10/lib/python3.10/site-packages/airflow/example_dags/example_dynamic_task_mapping.py
[2024-10-03T22:59:12.378-0400] {processor.py:925} INFO - DAG(s) 'example_dynamic_task_mapping' retrieved from /home/patrick/.cache/pypoetry/virtualenvs/airflow-wPbgcfzP-py3.10/lib/python3.10/site-packages/airflow/example_dags/example_dynamic_task_mapping.py
[2024-10-03T22:59:14.453-0400] {logging_mixin.py:190} INFO - [2024-10-03T22:59:14.452-0400] {dag.py:3239} INFO - Sync 1 DAGs
[2024-10-03T22:59:14.514-0400] {logging_mixin.py:190} INFO - [2024-10-03T22:59:14.514-0400] {dag.py:4180} INFO - Setting next_dagrun for example_dynamic_task_mapping to None, run_after=None
[2024-10-03T22:59:15.305-0400] {processor.py:208} INFO - Processing /home/patrick/.cache/pypoetry/virtualenvs/airflow-wPbgcfzP-py3.10/lib/python3.10/site-packages/airflow/example_dags/example_dynamic_task_mapping.py took 2.941 seconds
[2024-10-03T23:06:03.519-0400] {processor.py:186} INFO - Started process (PID=38814) to work on /home/patrick/.cache/pypoetry/virtualenvs/airflow-wPbgcfzP-py3.10/lib/python3.10/site-packages/airflow/example_dags/example_dynamic_task_mapping.py
[2024-10-03T23:06:03.521-0400] {processor.py:914} INFO - Processing file /home/patrick/.cache/pypoetry/virtualenvs/airflow-wPbgcfzP-py3.10/lib/python3.10/site-packages/airflow/example_dags/example_dynamic_task_mapping.py for tasks to queue
[2024-10-03T23:06:03.523-0400] {logging_mixin.py:190} INFO - [2024-10-03T23:06:03.522-0400] {dagbag.py:588} INFO - Filling up the DagBag from /home/patrick/.cache/pypoetry/virtualenvs/airflow-wPbgcfzP-py3.10/lib/python3.10/site-packages/airflow/example_dags/example_dynamic_task_mapping.py
[2024-10-03T23:06:03.529-0400] {processor.py:925} INFO - DAG(s) 'example_dynamic_task_mapping' retrieved from /home/patrick/.cache/pypoetry/virtualenvs/airflow-wPbgcfzP-py3.10/lib/python3.10/site-packages/airflow/example_dags/example_dynamic_task_mapping.py
[2024-10-03T23:06:13.777-0400] {logging_mixin.py:190} INFO - [2024-10-03T23:06:13.776-0400] {dag.py:3239} INFO - Sync 1 DAGs
[2024-10-03T23:06:14.307-0400] {logging_mixin.py:190} INFO - [2024-10-03T23:06:14.306-0400] {dag.py:4180} INFO - Setting next_dagrun for example_dynamic_task_mapping to None, run_after=None
[2024-10-03T23:06:15.228-0400] {processor.py:208} INFO - Processing /home/patrick/.cache/pypoetry/virtualenvs/airflow-wPbgcfzP-py3.10/lib/python3.10/site-packages/airflow/example_dags/example_dynamic_task_mapping.py took 11.715 seconds
[2024-10-03T23:11:14.306-0400] {processor.py:186} INFO - Started process (PID=40159) to work on /home/patrick/.cache/pypoetry/virtualenvs/airflow-wPbgcfzP-py3.10/lib/python3.10/site-packages/airflow/example_dags/example_dynamic_task_mapping.py
[2024-10-03T23:11:14.307-0400] {processor.py:914} INFO - Processing file /home/patrick/.cache/pypoetry/virtualenvs/airflow-wPbgcfzP-py3.10/lib/python3.10/site-packages/airflow/example_dags/example_dynamic_task_mapping.py for tasks to queue
[2024-10-03T23:11:14.309-0400] {logging_mixin.py:190} INFO - [2024-10-03T23:11:14.309-0400] {dagbag.py:588} INFO - Filling up the DagBag from /home/patrick/.cache/pypoetry/virtualenvs/airflow-wPbgcfzP-py3.10/lib/python3.10/site-packages/airflow/example_dags/example_dynamic_task_mapping.py
[2024-10-03T23:11:14.316-0400] {processor.py:925} INFO - DAG(s) 'example_dynamic_task_mapping' retrieved from /home/patrick/.cache/pypoetry/virtualenvs/airflow-wPbgcfzP-py3.10/lib/python3.10/site-packages/airflow/example_dags/example_dynamic_task_mapping.py
[2024-10-03T23:11:18.421-0400] {logging_mixin.py:190} INFO - [2024-10-03T23:11:18.421-0400] {dag.py:3239} INFO - Sync 1 DAGs
[2024-10-03T23:11:18.713-0400] {logging_mixin.py:190} INFO - [2024-10-03T23:11:18.712-0400] {dag.py:4180} INFO - Setting next_dagrun for example_dynamic_task_mapping to None, run_after=None
[2024-10-03T23:11:19.433-0400] {processor.py:208} INFO - Processing /home/patrick/.cache/pypoetry/virtualenvs/airflow-wPbgcfzP-py3.10/lib/python3.10/site-packages/airflow/example_dags/example_dynamic_task_mapping.py took 5.131 seconds
[2024-10-03T23:15:51.920-0400] {processor.py:186} INFO - Started process (PID=41370) to work on /home/patrick/.cache/pypoetry/virtualenvs/airflow-wPbgcfzP-py3.10/lib/python3.10/site-packages/airflow/example_dags/example_dynamic_task_mapping.py
[2024-10-03T23:15:51.921-0400] {processor.py:914} INFO - Processing file /home/patrick/.cache/pypoetry/virtualenvs/airflow-wPbgcfzP-py3.10/lib/python3.10/site-packages/airflow/example_dags/example_dynamic_task_mapping.py for tasks to queue
[2024-10-03T23:15:51.924-0400] {logging_mixin.py:190} INFO - [2024-10-03T23:15:51.924-0400] {dagbag.py:588} INFO - Filling up the DagBag from /home/patrick/.cache/pypoetry/virtualenvs/airflow-wPbgcfzP-py3.10/lib/python3.10/site-packages/airflow/example_dags/example_dynamic_task_mapping.py
[2024-10-03T23:15:51.930-0400] {processor.py:925} INFO - DAG(s) 'example_dynamic_task_mapping' retrieved from /home/patrick/.cache/pypoetry/virtualenvs/airflow-wPbgcfzP-py3.10/lib/python3.10/site-packages/airflow/example_dags/example_dynamic_task_mapping.py
[2024-10-03T23:15:55.434-0400] {logging_mixin.py:190} INFO - [2024-10-03T23:15:55.434-0400] {dag.py:3239} INFO - Sync 1 DAGs
[2024-10-03T23:15:55.590-0400] {logging_mixin.py:190} INFO - [2024-10-03T23:15:55.590-0400] {dag.py:4180} INFO - Setting next_dagrun for example_dynamic_task_mapping to None, run_after=None
[2024-10-03T23:15:56.192-0400] {processor.py:208} INFO - Processing /home/patrick/.cache/pypoetry/virtualenvs/airflow-wPbgcfzP-py3.10/lib/python3.10/site-packages/airflow/example_dags/example_dynamic_task_mapping.py took 4.276 seconds
[2024-10-03T23:19:46.203-0400] {processor.py:186} INFO - Started process (PID=42400) to work on /home/patrick/.cache/pypoetry/virtualenvs/airflow-wPbgcfzP-py3.10/lib/python3.10/site-packages/airflow/example_dags/example_dynamic_task_mapping.py
[2024-10-03T23:19:46.204-0400] {processor.py:914} INFO - Processing file /home/patrick/.cache/pypoetry/virtualenvs/airflow-wPbgcfzP-py3.10/lib/python3.10/site-packages/airflow/example_dags/example_dynamic_task_mapping.py for tasks to queue
[2024-10-03T23:19:46.205-0400] {logging_mixin.py:190} INFO - [2024-10-03T23:19:46.205-0400] {dagbag.py:588} INFO - Filling up the DagBag from /home/patrick/.cache/pypoetry/virtualenvs/airflow-wPbgcfzP-py3.10/lib/python3.10/site-packages/airflow/example_dags/example_dynamic_task_mapping.py
[2024-10-03T23:19:46.210-0400] {processor.py:925} INFO - DAG(s) 'example_dynamic_task_mapping' retrieved from /home/patrick/.cache/pypoetry/virtualenvs/airflow-wPbgcfzP-py3.10/lib/python3.10/site-packages/airflow/example_dags/example_dynamic_task_mapping.py
[2024-10-03T23:19:47.793-0400] {logging_mixin.py:190} INFO - [2024-10-03T23:19:47.792-0400] {dag.py:3239} INFO - Sync 1 DAGs
[2024-10-03T23:19:47.880-0400] {logging_mixin.py:190} INFO - [2024-10-03T23:19:47.880-0400] {dag.py:4180} INFO - Setting next_dagrun for example_dynamic_task_mapping to None, run_after=None
[2024-10-03T23:19:48.525-0400] {processor.py:208} INFO - Processing /home/patrick/.cache/pypoetry/virtualenvs/airflow-wPbgcfzP-py3.10/lib/python3.10/site-packages/airflow/example_dags/example_dynamic_task_mapping.py took 2.326 seconds
[2024-10-03T23:25:31.635-0400] {processor.py:186} INFO - Started process (PID=43878) to work on /home/patrick/.cache/pypoetry/virtualenvs/airflow-wPbgcfzP-py3.10/lib/python3.10/site-packages/airflow/example_dags/example_dynamic_task_mapping.py
[2024-10-03T23:25:31.636-0400] {processor.py:914} INFO - Processing file /home/patrick/.cache/pypoetry/virtualenvs/airflow-wPbgcfzP-py3.10/lib/python3.10/site-packages/airflow/example_dags/example_dynamic_task_mapping.py for tasks to queue
[2024-10-03T23:25:31.638-0400] {logging_mixin.py:190} INFO - [2024-10-03T23:25:31.638-0400] {dagbag.py:588} INFO - Filling up the DagBag from /home/patrick/.cache/pypoetry/virtualenvs/airflow-wPbgcfzP-py3.10/lib/python3.10/site-packages/airflow/example_dags/example_dynamic_task_mapping.py
[2024-10-03T23:25:31.643-0400] {processor.py:925} INFO - DAG(s) 'example_dynamic_task_mapping' retrieved from /home/patrick/.cache/pypoetry/virtualenvs/airflow-wPbgcfzP-py3.10/lib/python3.10/site-packages/airflow/example_dags/example_dynamic_task_mapping.py
[2024-10-03T23:25:34.692-0400] {logging_mixin.py:190} INFO - [2024-10-03T23:25:34.692-0400] {dag.py:3239} INFO - Sync 1 DAGs
[2024-10-03T23:25:34.840-0400] {logging_mixin.py:190} INFO - [2024-10-03T23:25:34.840-0400] {dag.py:4180} INFO - Setting next_dagrun for example_dynamic_task_mapping to None, run_after=None
[2024-10-03T23:25:35.636-0400] {processor.py:208} INFO - Processing /home/patrick/.cache/pypoetry/virtualenvs/airflow-wPbgcfzP-py3.10/lib/python3.10/site-packages/airflow/example_dags/example_dynamic_task_mapping.py took 4.004 seconds
[2024-10-03T23:29:48.887-0400] {processor.py:186} INFO - Started process (PID=44976) to work on /home/patrick/.cache/pypoetry/virtualenvs/airflow-wPbgcfzP-py3.10/lib/python3.10/site-packages/airflow/example_dags/example_dynamic_task_mapping.py
[2024-10-03T23:29:48.888-0400] {processor.py:914} INFO - Processing file /home/patrick/.cache/pypoetry/virtualenvs/airflow-wPbgcfzP-py3.10/lib/python3.10/site-packages/airflow/example_dags/example_dynamic_task_mapping.py for tasks to queue
[2024-10-03T23:29:48.890-0400] {logging_mixin.py:190} INFO - [2024-10-03T23:29:48.889-0400] {dagbag.py:588} INFO - Filling up the DagBag from /home/patrick/.cache/pypoetry/virtualenvs/airflow-wPbgcfzP-py3.10/lib/python3.10/site-packages/airflow/example_dags/example_dynamic_task_mapping.py
[2024-10-03T23:29:48.894-0400] {processor.py:925} INFO - DAG(s) 'example_dynamic_task_mapping' retrieved from /home/patrick/.cache/pypoetry/virtualenvs/airflow-wPbgcfzP-py3.10/lib/python3.10/site-packages/airflow/example_dags/example_dynamic_task_mapping.py
[2024-10-03T23:29:50.601-0400] {logging_mixin.py:190} INFO - [2024-10-03T23:29:50.600-0400] {dag.py:3239} INFO - Sync 1 DAGs
[2024-10-03T23:29:50.670-0400] {logging_mixin.py:190} INFO - [2024-10-03T23:29:50.670-0400] {dag.py:4180} INFO - Setting next_dagrun for example_dynamic_task_mapping to None, run_after=None
[2024-10-03T23:29:51.251-0400] {processor.py:208} INFO - Processing /home/patrick/.cache/pypoetry/virtualenvs/airflow-wPbgcfzP-py3.10/lib/python3.10/site-packages/airflow/example_dags/example_dynamic_task_mapping.py took 2.367 seconds
[2024-10-03T23:34:32.799-0400] {processor.py:186} INFO - Started process (PID=46244) to work on /home/patrick/.cache/pypoetry/virtualenvs/airflow-wPbgcfzP-py3.10/lib/python3.10/site-packages/airflow/example_dags/example_dynamic_task_mapping.py
[2024-10-03T23:34:32.799-0400] {processor.py:914} INFO - Processing file /home/patrick/.cache/pypoetry/virtualenvs/airflow-wPbgcfzP-py3.10/lib/python3.10/site-packages/airflow/example_dags/example_dynamic_task_mapping.py for tasks to queue
[2024-10-03T23:34:32.801-0400] {logging_mixin.py:190} INFO - [2024-10-03T23:34:32.801-0400] {dagbag.py:588} INFO - Filling up the DagBag from /home/patrick/.cache/pypoetry/virtualenvs/airflow-wPbgcfzP-py3.10/lib/python3.10/site-packages/airflow/example_dags/example_dynamic_task_mapping.py
[2024-10-03T23:34:32.806-0400] {processor.py:925} INFO - DAG(s) 'example_dynamic_task_mapping' retrieved from /home/patrick/.cache/pypoetry/virtualenvs/airflow-wPbgcfzP-py3.10/lib/python3.10/site-packages/airflow/example_dags/example_dynamic_task_mapping.py
[2024-10-03T23:34:37.663-0400] {logging_mixin.py:190} INFO - [2024-10-03T23:34:37.663-0400] {dag.py:3239} INFO - Sync 1 DAGs
[2024-10-03T23:34:37.783-0400] {logging_mixin.py:190} INFO - [2024-10-03T23:34:37.783-0400] {dag.py:4180} INFO - Setting next_dagrun for example_dynamic_task_mapping to None, run_after=None
[2024-10-03T23:34:38.414-0400] {processor.py:208} INFO - Processing /home/patrick/.cache/pypoetry/virtualenvs/airflow-wPbgcfzP-py3.10/lib/python3.10/site-packages/airflow/example_dags/example_dynamic_task_mapping.py took 5.619 seconds
[2024-10-03T23:39:06.477-0400] {processor.py:186} INFO - Started process (PID=47420) to work on /home/patrick/.cache/pypoetry/virtualenvs/airflow-wPbgcfzP-py3.10/lib/python3.10/site-packages/airflow/example_dags/example_dynamic_task_mapping.py
[2024-10-03T23:39:06.477-0400] {processor.py:914} INFO - Processing file /home/patrick/.cache/pypoetry/virtualenvs/airflow-wPbgcfzP-py3.10/lib/python3.10/site-packages/airflow/example_dags/example_dynamic_task_mapping.py for tasks to queue
[2024-10-03T23:39:06.479-0400] {logging_mixin.py:190} INFO - [2024-10-03T23:39:06.479-0400] {dagbag.py:588} INFO - Filling up the DagBag from /home/patrick/.cache/pypoetry/virtualenvs/airflow-wPbgcfzP-py3.10/lib/python3.10/site-packages/airflow/example_dags/example_dynamic_task_mapping.py
[2024-10-03T23:39:06.486-0400] {processor.py:925} INFO - DAG(s) 'example_dynamic_task_mapping' retrieved from /home/patrick/.cache/pypoetry/virtualenvs/airflow-wPbgcfzP-py3.10/lib/python3.10/site-packages/airflow/example_dags/example_dynamic_task_mapping.py
[2024-10-03T23:39:09.746-0400] {logging_mixin.py:190} INFO - [2024-10-03T23:39:09.746-0400] {dag.py:3239} INFO - Sync 1 DAGs
[2024-10-03T23:39:10.010-0400] {logging_mixin.py:190} INFO - [2024-10-03T23:39:10.010-0400] {dag.py:4180} INFO - Setting next_dagrun for example_dynamic_task_mapping to None, run_after=None
[2024-10-03T23:39:10.809-0400] {processor.py:208} INFO - Processing /home/patrick/.cache/pypoetry/virtualenvs/airflow-wPbgcfzP-py3.10/lib/python3.10/site-packages/airflow/example_dags/example_dynamic_task_mapping.py took 4.336 seconds
[2024-10-03T23:43:07.918-0400] {processor.py:186} INFO - Started process (PID=48463) to work on /home/patrick/.cache/pypoetry/virtualenvs/airflow-wPbgcfzP-py3.10/lib/python3.10/site-packages/airflow/example_dags/example_dynamic_task_mapping.py
[2024-10-03T23:43:07.919-0400] {processor.py:914} INFO - Processing file /home/patrick/.cache/pypoetry/virtualenvs/airflow-wPbgcfzP-py3.10/lib/python3.10/site-packages/airflow/example_dags/example_dynamic_task_mapping.py for tasks to queue
[2024-10-03T23:43:07.921-0400] {logging_mixin.py:190} INFO - [2024-10-03T23:43:07.921-0400] {dagbag.py:588} INFO - Filling up the DagBag from /home/patrick/.cache/pypoetry/virtualenvs/airflow-wPbgcfzP-py3.10/lib/python3.10/site-packages/airflow/example_dags/example_dynamic_task_mapping.py
[2024-10-03T23:43:07.926-0400] {processor.py:925} INFO - DAG(s) 'example_dynamic_task_mapping' retrieved from /home/patrick/.cache/pypoetry/virtualenvs/airflow-wPbgcfzP-py3.10/lib/python3.10/site-packages/airflow/example_dags/example_dynamic_task_mapping.py
[2024-10-03T23:43:11.002-0400] {logging_mixin.py:190} INFO - [2024-10-03T23:43:11.002-0400] {dag.py:3239} INFO - Sync 1 DAGs
[2024-10-03T23:43:11.066-0400] {logging_mixin.py:190} INFO - [2024-10-03T23:43:11.065-0400] {dag.py:4180} INFO - Setting next_dagrun for example_dynamic_task_mapping to None, run_after=None
[2024-10-03T23:43:11.632-0400] {processor.py:208} INFO - Processing /home/patrick/.cache/pypoetry/virtualenvs/airflow-wPbgcfzP-py3.10/lib/python3.10/site-packages/airflow/example_dags/example_dynamic_task_mapping.py took 3.718 seconds
[2024-10-03T23:47:08.203-0400] {processor.py:186} INFO - Started process (PID=49504) to work on /home/patrick/.cache/pypoetry/virtualenvs/airflow-wPbgcfzP-py3.10/lib/python3.10/site-packages/airflow/example_dags/example_dynamic_task_mapping.py
[2024-10-03T23:47:08.204-0400] {processor.py:914} INFO - Processing file /home/patrick/.cache/pypoetry/virtualenvs/airflow-wPbgcfzP-py3.10/lib/python3.10/site-packages/airflow/example_dags/example_dynamic_task_mapping.py for tasks to queue
[2024-10-03T23:47:08.206-0400] {logging_mixin.py:190} INFO - [2024-10-03T23:47:08.206-0400] {dagbag.py:588} INFO - Filling up the DagBag from /home/patrick/.cache/pypoetry/virtualenvs/airflow-wPbgcfzP-py3.10/lib/python3.10/site-packages/airflow/example_dags/example_dynamic_task_mapping.py
[2024-10-03T23:47:08.212-0400] {processor.py:925} INFO - DAG(s) 'example_dynamic_task_mapping' retrieved from /home/patrick/.cache/pypoetry/virtualenvs/airflow-wPbgcfzP-py3.10/lib/python3.10/site-packages/airflow/example_dags/example_dynamic_task_mapping.py
[2024-10-03T23:47:10.481-0400] {logging_mixin.py:190} INFO - [2024-10-03T23:47:10.481-0400] {dag.py:3239} INFO - Sync 1 DAGs
[2024-10-03T23:47:10.571-0400] {logging_mixin.py:190} INFO - [2024-10-03T23:47:10.571-0400] {dag.py:4180} INFO - Setting next_dagrun for example_dynamic_task_mapping to None, run_after=None
[2024-10-03T23:47:11.598-0400] {processor.py:208} INFO - Processing /home/patrick/.cache/pypoetry/virtualenvs/airflow-wPbgcfzP-py3.10/lib/python3.10/site-packages/airflow/example_dags/example_dynamic_task_mapping.py took 3.399 seconds
[2024-10-03T23:51:24.365-0400] {processor.py:186} INFO - Started process (PID=50600) to work on /home/patrick/.cache/pypoetry/virtualenvs/airflow-wPbgcfzP-py3.10/lib/python3.10/site-packages/airflow/example_dags/example_dynamic_task_mapping.py
[2024-10-03T23:51:24.366-0400] {processor.py:914} INFO - Processing file /home/patrick/.cache/pypoetry/virtualenvs/airflow-wPbgcfzP-py3.10/lib/python3.10/site-packages/airflow/example_dags/example_dynamic_task_mapping.py for tasks to queue
[2024-10-03T23:51:24.368-0400] {logging_mixin.py:190} INFO - [2024-10-03T23:51:24.368-0400] {dagbag.py:588} INFO - Filling up the DagBag from /home/patrick/.cache/pypoetry/virtualenvs/airflow-wPbgcfzP-py3.10/lib/python3.10/site-packages/airflow/example_dags/example_dynamic_task_mapping.py
[2024-10-03T23:51:24.374-0400] {processor.py:925} INFO - DAG(s) 'example_dynamic_task_mapping' retrieved from /home/patrick/.cache/pypoetry/virtualenvs/airflow-wPbgcfzP-py3.10/lib/python3.10/site-packages/airflow/example_dags/example_dynamic_task_mapping.py
[2024-10-03T23:51:28.906-0400] {logging_mixin.py:190} INFO - [2024-10-03T23:51:28.905-0400] {dag.py:3239} INFO - Sync 1 DAGs
[2024-10-03T23:51:29.013-0400] {logging_mixin.py:190} INFO - [2024-10-03T23:51:29.013-0400] {dag.py:4180} INFO - Setting next_dagrun for example_dynamic_task_mapping to None, run_after=None
[2024-10-03T23:51:29.673-0400] {processor.py:208} INFO - Processing /home/patrick/.cache/pypoetry/virtualenvs/airflow-wPbgcfzP-py3.10/lib/python3.10/site-packages/airflow/example_dags/example_dynamic_task_mapping.py took 5.312 seconds
[2024-10-03T23:55:41.047-0400] {processor.py:186} INFO - Started process (PID=51702) to work on /home/patrick/.cache/pypoetry/virtualenvs/airflow-wPbgcfzP-py3.10/lib/python3.10/site-packages/airflow/example_dags/example_dynamic_task_mapping.py
[2024-10-03T23:55:41.048-0400] {processor.py:914} INFO - Processing file /home/patrick/.cache/pypoetry/virtualenvs/airflow-wPbgcfzP-py3.10/lib/python3.10/site-packages/airflow/example_dags/example_dynamic_task_mapping.py for tasks to queue
[2024-10-03T23:55:41.050-0400] {logging_mixin.py:190} INFO - [2024-10-03T23:55:41.050-0400] {dagbag.py:588} INFO - Filling up the DagBag from /home/patrick/.cache/pypoetry/virtualenvs/airflow-wPbgcfzP-py3.10/lib/python3.10/site-packages/airflow/example_dags/example_dynamic_task_mapping.py
[2024-10-03T23:55:41.056-0400] {processor.py:925} INFO - DAG(s) 'example_dynamic_task_mapping' retrieved from /home/patrick/.cache/pypoetry/virtualenvs/airflow-wPbgcfzP-py3.10/lib/python3.10/site-packages/airflow/example_dags/example_dynamic_task_mapping.py
[2024-10-03T23:55:43.446-0400] {logging_mixin.py:190} INFO - [2024-10-03T23:55:43.445-0400] {dag.py:3239} INFO - Sync 1 DAGs
[2024-10-03T23:55:43.561-0400] {logging_mixin.py:190} INFO - [2024-10-03T23:55:43.561-0400] {dag.py:4180} INFO - Setting next_dagrun for example_dynamic_task_mapping to None, run_after=None
[2024-10-03T23:55:44.292-0400] {processor.py:208} INFO - Processing /home/patrick/.cache/pypoetry/virtualenvs/airflow-wPbgcfzP-py3.10/lib/python3.10/site-packages/airflow/example_dags/example_dynamic_task_mapping.py took 3.249 seconds
[2024-10-03T23:59:21.782-0400] {processor.py:186} INFO - Started process (PID=52659) to work on /home/patrick/.cache/pypoetry/virtualenvs/airflow-wPbgcfzP-py3.10/lib/python3.10/site-packages/airflow/example_dags/example_dynamic_task_mapping.py
[2024-10-03T23:59:21.785-0400] {processor.py:914} INFO - Processing file /home/patrick/.cache/pypoetry/virtualenvs/airflow-wPbgcfzP-py3.10/lib/python3.10/site-packages/airflow/example_dags/example_dynamic_task_mapping.py for tasks to queue
[2024-10-03T23:59:21.788-0400] {logging_mixin.py:190} INFO - [2024-10-03T23:59:21.788-0400] {dagbag.py:588} INFO - Filling up the DagBag from /home/patrick/.cache/pypoetry/virtualenvs/airflow-wPbgcfzP-py3.10/lib/python3.10/site-packages/airflow/example_dags/example_dynamic_task_mapping.py
[2024-10-03T23:59:21.794-0400] {processor.py:925} INFO - DAG(s) 'example_dynamic_task_mapping' retrieved from /home/patrick/.cache/pypoetry/virtualenvs/airflow-wPbgcfzP-py3.10/lib/python3.10/site-packages/airflow/example_dags/example_dynamic_task_mapping.py
[2024-10-03T23:59:26.143-0400] {logging_mixin.py:190} INFO - [2024-10-03T23:59:26.143-0400] {dag.py:3239} INFO - Sync 1 DAGs
[2024-10-03T23:59:26.347-0400] {logging_mixin.py:190} INFO - [2024-10-03T23:59:26.347-0400] {dag.py:4180} INFO - Setting next_dagrun for example_dynamic_task_mapping to None, run_after=None
[2024-10-03T23:59:27.210-0400] {processor.py:208} INFO - Processing /home/patrick/.cache/pypoetry/virtualenvs/airflow-wPbgcfzP-py3.10/lib/python3.10/site-packages/airflow/example_dags/example_dynamic_task_mapping.py took 5.432 seconds
[2024-10-04T00:04:03.357-0400] {processor.py:186} INFO - Started process (PID=53920) to work on /home/patrick/.cache/pypoetry/virtualenvs/airflow-wPbgcfzP-py3.10/lib/python3.10/site-packages/airflow/example_dags/example_dynamic_task_mapping.py
[2024-10-04T00:04:03.358-0400] {processor.py:914} INFO - Processing file /home/patrick/.cache/pypoetry/virtualenvs/airflow-wPbgcfzP-py3.10/lib/python3.10/site-packages/airflow/example_dags/example_dynamic_task_mapping.py for tasks to queue
[2024-10-04T00:04:03.360-0400] {logging_mixin.py:190} INFO - [2024-10-04T00:04:03.360-0400] {dagbag.py:588} INFO - Filling up the DagBag from /home/patrick/.cache/pypoetry/virtualenvs/airflow-wPbgcfzP-py3.10/lib/python3.10/site-packages/airflow/example_dags/example_dynamic_task_mapping.py
[2024-10-04T00:04:03.366-0400] {processor.py:925} INFO - DAG(s) 'example_dynamic_task_mapping' retrieved from /home/patrick/.cache/pypoetry/virtualenvs/airflow-wPbgcfzP-py3.10/lib/python3.10/site-packages/airflow/example_dags/example_dynamic_task_mapping.py
[2024-10-04T00:04:09.952-0400] {logging_mixin.py:190} INFO - [2024-10-04T00:04:09.952-0400] {dag.py:3239} INFO - Sync 1 DAGs
[2024-10-04T00:04:10.088-0400] {logging_mixin.py:190} INFO - [2024-10-04T00:04:10.088-0400] {dag.py:4180} INFO - Setting next_dagrun for example_dynamic_task_mapping to None, run_after=None
[2024-10-04T00:04:10.722-0400] {processor.py:208} INFO - Processing /home/patrick/.cache/pypoetry/virtualenvs/airflow-wPbgcfzP-py3.10/lib/python3.10/site-packages/airflow/example_dags/example_dynamic_task_mapping.py took 7.370 seconds
