[2024-10-03T21:02:16.796-0400] {processor.py:186} INFO - Started process (PID=5489) to work on /home/patrick/.cache/pypoetry/virtualenvs/airflow-wPbgcfzP-py3.10/lib/python3.10/site-packages/airflow/example_dags/example_external_task_marker_dag.py
[2024-10-03T21:02:16.797-0400] {processor.py:914} INFO - Processing file /home/patrick/.cache/pypoetry/virtualenvs/airflow-wPbgcfzP-py3.10/lib/python3.10/site-packages/airflow/example_dags/example_external_task_marker_dag.py for tasks to queue
[2024-10-03T21:02:16.798-0400] {logging_mixin.py:190} INFO - [2024-10-03T21:02:16.797-0400] {dagbag.py:588} INFO - Filling up the DagBag from /home/patrick/.cache/pypoetry/virtualenvs/airflow-wPbgcfzP-py3.10/lib/python3.10/site-packages/airflow/example_dags/example_external_task_marker_dag.py
[2024-10-03T21:02:16.803-0400] {processor.py:925} INFO - DAG(s) 'example_external_task_marker_child', 'example_external_task_marker_parent' retrieved from /home/patrick/.cache/pypoetry/virtualenvs/airflow-wPbgcfzP-py3.10/lib/python3.10/site-packages/airflow/example_dags/example_external_task_marker_dag.py
[2024-10-03T21:02:31.783-0400] {logging_mixin.py:190} INFO - [2024-10-03T21:02:31.782-0400] {dag.py:3239} INFO - Sync 2 DAGs
[2024-10-03T21:02:32.533-0400] {logging_mixin.py:190} INFO - [2024-10-03T21:02:32.532-0400] {dag.py:4180} INFO - Setting next_dagrun for example_external_task_marker_child to None, run_after=None
[2024-10-03T21:02:32.581-0400] {logging_mixin.py:190} INFO - [2024-10-03T21:02:32.580-0400] {dag.py:4180} INFO - Setting next_dagrun for example_external_task_marker_parent to None, run_after=None
[2024-10-03T21:02:33.692-0400] {processor.py:208} INFO - Processing /home/patrick/.cache/pypoetry/virtualenvs/airflow-wPbgcfzP-py3.10/lib/python3.10/site-packages/airflow/example_dags/example_external_task_marker_dag.py took 16.899 seconds
[2024-10-03T21:06:34.343-0400] {processor.py:186} INFO - Started process (PID=6603) to work on /home/patrick/.cache/pypoetry/virtualenvs/airflow-wPbgcfzP-py3.10/lib/python3.10/site-packages/airflow/example_dags/example_external_task_marker_dag.py
[2024-10-03T21:06:34.344-0400] {processor.py:914} INFO - Processing file /home/patrick/.cache/pypoetry/virtualenvs/airflow-wPbgcfzP-py3.10/lib/python3.10/site-packages/airflow/example_dags/example_external_task_marker_dag.py for tasks to queue
[2024-10-03T21:06:34.345-0400] {logging_mixin.py:190} INFO - [2024-10-03T21:06:34.344-0400] {dagbag.py:588} INFO - Filling up the DagBag from /home/patrick/.cache/pypoetry/virtualenvs/airflow-wPbgcfzP-py3.10/lib/python3.10/site-packages/airflow/example_dags/example_external_task_marker_dag.py
[2024-10-03T21:06:34.349-0400] {processor.py:925} INFO - DAG(s) 'example_external_task_marker_parent', 'example_external_task_marker_child' retrieved from /home/patrick/.cache/pypoetry/virtualenvs/airflow-wPbgcfzP-py3.10/lib/python3.10/site-packages/airflow/example_dags/example_external_task_marker_dag.py
[2024-10-03T21:06:37.549-0400] {logging_mixin.py:190} INFO - [2024-10-03T21:06:37.549-0400] {dag.py:3239} INFO - Sync 2 DAGs
[2024-10-03T21:06:37.629-0400] {logging_mixin.py:190} INFO - [2024-10-03T21:06:37.629-0400] {dag.py:4180} INFO - Setting next_dagrun for example_external_task_marker_child to None, run_after=None
[2024-10-03T21:06:37.675-0400] {logging_mixin.py:190} INFO - [2024-10-03T21:06:37.675-0400] {dag.py:4180} INFO - Setting next_dagrun for example_external_task_marker_parent to None, run_after=None
[2024-10-03T21:06:38.241-0400] {processor.py:208} INFO - Processing /home/patrick/.cache/pypoetry/virtualenvs/airflow-wPbgcfzP-py3.10/lib/python3.10/site-packages/airflow/example_dags/example_external_task_marker_dag.py took 3.903 seconds
[2024-10-03T21:11:05.302-0400] {processor.py:186} INFO - Started process (PID=7764) to work on /home/patrick/.cache/pypoetry/virtualenvs/airflow-wPbgcfzP-py3.10/lib/python3.10/site-packages/airflow/example_dags/example_external_task_marker_dag.py
[2024-10-03T21:11:05.303-0400] {processor.py:914} INFO - Processing file /home/patrick/.cache/pypoetry/virtualenvs/airflow-wPbgcfzP-py3.10/lib/python3.10/site-packages/airflow/example_dags/example_external_task_marker_dag.py for tasks to queue
[2024-10-03T21:11:05.304-0400] {logging_mixin.py:190} INFO - [2024-10-03T21:11:05.304-0400] {dagbag.py:588} INFO - Filling up the DagBag from /home/patrick/.cache/pypoetry/virtualenvs/airflow-wPbgcfzP-py3.10/lib/python3.10/site-packages/airflow/example_dags/example_external_task_marker_dag.py
[2024-10-03T21:11:05.311-0400] {processor.py:925} INFO - DAG(s) 'example_external_task_marker_child', 'example_external_task_marker_parent' retrieved from /home/patrick/.cache/pypoetry/virtualenvs/airflow-wPbgcfzP-py3.10/lib/python3.10/site-packages/airflow/example_dags/example_external_task_marker_dag.py
[2024-10-03T21:11:07.866-0400] {logging_mixin.py:190} INFO - [2024-10-03T21:11:07.866-0400] {dag.py:3239} INFO - Sync 2 DAGs
[2024-10-03T21:11:08.015-0400] {logging_mixin.py:190} INFO - [2024-10-03T21:11:08.014-0400] {dag.py:4180} INFO - Setting next_dagrun for example_external_task_marker_child to None, run_after=None
[2024-10-03T21:11:08.052-0400] {logging_mixin.py:190} INFO - [2024-10-03T21:11:08.052-0400] {dag.py:4180} INFO - Setting next_dagrun for example_external_task_marker_parent to None, run_after=None
[2024-10-03T21:11:08.769-0400] {processor.py:208} INFO - Processing /home/patrick/.cache/pypoetry/virtualenvs/airflow-wPbgcfzP-py3.10/lib/python3.10/site-packages/airflow/example_dags/example_external_task_marker_dag.py took 3.472 seconds
[2024-10-03T21:17:51.220-0400] {processor.py:186} INFO - Started process (PID=9677) to work on /home/patrick/.cache/pypoetry/virtualenvs/airflow-wPbgcfzP-py3.10/lib/python3.10/site-packages/airflow/example_dags/example_external_task_marker_dag.py
[2024-10-03T21:17:51.221-0400] {processor.py:914} INFO - Processing file /home/patrick/.cache/pypoetry/virtualenvs/airflow-wPbgcfzP-py3.10/lib/python3.10/site-packages/airflow/example_dags/example_external_task_marker_dag.py for tasks to queue
[2024-10-03T21:17:51.222-0400] {logging_mixin.py:190} INFO - [2024-10-03T21:17:51.222-0400] {dagbag.py:588} INFO - Filling up the DagBag from /home/patrick/.cache/pypoetry/virtualenvs/airflow-wPbgcfzP-py3.10/lib/python3.10/site-packages/airflow/example_dags/example_external_task_marker_dag.py
[2024-10-03T21:17:51.228-0400] {processor.py:925} INFO - DAG(s) 'example_external_task_marker_child', 'example_external_task_marker_parent' retrieved from /home/patrick/.cache/pypoetry/virtualenvs/airflow-wPbgcfzP-py3.10/lib/python3.10/site-packages/airflow/example_dags/example_external_task_marker_dag.py
[2024-10-03T21:17:52.776-0400] {logging_mixin.py:190} INFO - [2024-10-03T21:17:52.775-0400] {dag.py:3239} INFO - Sync 2 DAGs
[2024-10-03T21:17:52.886-0400] {logging_mixin.py:190} INFO - [2024-10-03T21:17:52.885-0400] {dag.py:4180} INFO - Setting next_dagrun for example_external_task_marker_child to None, run_after=None
[2024-10-03T21:17:52.936-0400] {logging_mixin.py:190} INFO - [2024-10-03T21:17:52.935-0400] {dag.py:4180} INFO - Setting next_dagrun for example_external_task_marker_parent to None, run_after=None
[2024-10-03T21:17:53.478-0400] {processor.py:208} INFO - Processing /home/patrick/.cache/pypoetry/virtualenvs/airflow-wPbgcfzP-py3.10/lib/python3.10/site-packages/airflow/example_dags/example_external_task_marker_dag.py took 2.262 seconds
[2024-10-03T21:22:49.099-0400] {processor.py:186} INFO - Started process (PID=11000) to work on /home/patrick/.cache/pypoetry/virtualenvs/airflow-wPbgcfzP-py3.10/lib/python3.10/site-packages/airflow/example_dags/example_external_task_marker_dag.py
[2024-10-03T21:22:49.100-0400] {processor.py:914} INFO - Processing file /home/patrick/.cache/pypoetry/virtualenvs/airflow-wPbgcfzP-py3.10/lib/python3.10/site-packages/airflow/example_dags/example_external_task_marker_dag.py for tasks to queue
[2024-10-03T21:22:49.101-0400] {logging_mixin.py:190} INFO - [2024-10-03T21:22:49.101-0400] {dagbag.py:588} INFO - Filling up the DagBag from /home/patrick/.cache/pypoetry/virtualenvs/airflow-wPbgcfzP-py3.10/lib/python3.10/site-packages/airflow/example_dags/example_external_task_marker_dag.py
[2024-10-03T21:22:49.107-0400] {processor.py:925} INFO - DAG(s) 'example_external_task_marker_child', 'example_external_task_marker_parent' retrieved from /home/patrick/.cache/pypoetry/virtualenvs/airflow-wPbgcfzP-py3.10/lib/python3.10/site-packages/airflow/example_dags/example_external_task_marker_dag.py
[2024-10-03T21:22:51.602-0400] {logging_mixin.py:190} INFO - [2024-10-03T21:22:51.602-0400] {dag.py:3239} INFO - Sync 2 DAGs
[2024-10-03T21:22:51.730-0400] {logging_mixin.py:190} INFO - [2024-10-03T21:22:51.729-0400] {dag.py:4180} INFO - Setting next_dagrun for example_external_task_marker_child to None, run_after=None
[2024-10-03T21:22:51.776-0400] {logging_mixin.py:190} INFO - [2024-10-03T21:22:51.776-0400] {dag.py:4180} INFO - Setting next_dagrun for example_external_task_marker_parent to None, run_after=None
[2024-10-03T21:22:52.328-0400] {processor.py:208} INFO - Processing /home/patrick/.cache/pypoetry/virtualenvs/airflow-wPbgcfzP-py3.10/lib/python3.10/site-packages/airflow/example_dags/example_external_task_marker_dag.py took 3.233 seconds
[2024-10-03T21:27:20.046-0400] {processor.py:186} INFO - Started process (PID=12166) to work on /home/patrick/.cache/pypoetry/virtualenvs/airflow-wPbgcfzP-py3.10/lib/python3.10/site-packages/airflow/example_dags/example_external_task_marker_dag.py
[2024-10-03T21:27:20.047-0400] {processor.py:914} INFO - Processing file /home/patrick/.cache/pypoetry/virtualenvs/airflow-wPbgcfzP-py3.10/lib/python3.10/site-packages/airflow/example_dags/example_external_task_marker_dag.py for tasks to queue
[2024-10-03T21:27:20.049-0400] {logging_mixin.py:190} INFO - [2024-10-03T21:27:20.048-0400] {dagbag.py:588} INFO - Filling up the DagBag from /home/patrick/.cache/pypoetry/virtualenvs/airflow-wPbgcfzP-py3.10/lib/python3.10/site-packages/airflow/example_dags/example_external_task_marker_dag.py
[2024-10-03T21:27:20.053-0400] {processor.py:925} INFO - DAG(s) 'example_external_task_marker_parent', 'example_external_task_marker_child' retrieved from /home/patrick/.cache/pypoetry/virtualenvs/airflow-wPbgcfzP-py3.10/lib/python3.10/site-packages/airflow/example_dags/example_external_task_marker_dag.py
[2024-10-03T21:27:22.292-0400] {logging_mixin.py:190} INFO - [2024-10-03T21:27:22.291-0400] {dag.py:3239} INFO - Sync 2 DAGs
[2024-10-03T21:27:22.353-0400] {logging_mixin.py:190} INFO - [2024-10-03T21:27:22.353-0400] {dag.py:4180} INFO - Setting next_dagrun for example_external_task_marker_child to None, run_after=None
[2024-10-03T21:27:22.439-0400] {logging_mixin.py:190} INFO - [2024-10-03T21:27:22.439-0400] {dag.py:4180} INFO - Setting next_dagrun for example_external_task_marker_parent to None, run_after=None
[2024-10-03T21:27:22.968-0400] {processor.py:208} INFO - Processing /home/patrick/.cache/pypoetry/virtualenvs/airflow-wPbgcfzP-py3.10/lib/python3.10/site-packages/airflow/example_dags/example_external_task_marker_dag.py took 2.925 seconds
[2024-10-03T21:30:29.458-0400] {processor.py:186} INFO - Started process (PID=13062) to work on /home/patrick/.cache/pypoetry/virtualenvs/airflow-wPbgcfzP-py3.10/lib/python3.10/site-packages/airflow/example_dags/example_external_task_marker_dag.py
[2024-10-03T21:30:29.459-0400] {processor.py:914} INFO - Processing file /home/patrick/.cache/pypoetry/virtualenvs/airflow-wPbgcfzP-py3.10/lib/python3.10/site-packages/airflow/example_dags/example_external_task_marker_dag.py for tasks to queue
[2024-10-03T21:30:29.460-0400] {logging_mixin.py:190} INFO - [2024-10-03T21:30:29.460-0400] {dagbag.py:588} INFO - Filling up the DagBag from /home/patrick/.cache/pypoetry/virtualenvs/airflow-wPbgcfzP-py3.10/lib/python3.10/site-packages/airflow/example_dags/example_external_task_marker_dag.py
[2024-10-03T21:30:29.465-0400] {processor.py:925} INFO - DAG(s) 'example_external_task_marker_child', 'example_external_task_marker_parent' retrieved from /home/patrick/.cache/pypoetry/virtualenvs/airflow-wPbgcfzP-py3.10/lib/python3.10/site-packages/airflow/example_dags/example_external_task_marker_dag.py
[2024-10-03T21:30:35.510-0400] {logging_mixin.py:190} INFO - [2024-10-03T21:30:35.510-0400] {dag.py:3239} INFO - Sync 2 DAGs
[2024-10-03T21:30:35.617-0400] {logging_mixin.py:190} INFO - [2024-10-03T21:30:35.617-0400] {dag.py:4180} INFO - Setting next_dagrun for example_external_task_marker_child to None, run_after=None
[2024-10-03T21:30:35.655-0400] {logging_mixin.py:190} INFO - [2024-10-03T21:30:35.654-0400] {dag.py:4180} INFO - Setting next_dagrun for example_external_task_marker_parent to None, run_after=None
[2024-10-03T21:30:36.337-0400] {processor.py:208} INFO - Processing /home/patrick/.cache/pypoetry/virtualenvs/airflow-wPbgcfzP-py3.10/lib/python3.10/site-packages/airflow/example_dags/example_external_task_marker_dag.py took 6.882 seconds
[2024-10-03T21:36:52.336-0400] {processor.py:186} INFO - Started process (PID=14764) to work on /home/patrick/.cache/pypoetry/virtualenvs/airflow-wPbgcfzP-py3.10/lib/python3.10/site-packages/airflow/example_dags/example_external_task_marker_dag.py
[2024-10-03T21:36:52.337-0400] {processor.py:914} INFO - Processing file /home/patrick/.cache/pypoetry/virtualenvs/airflow-wPbgcfzP-py3.10/lib/python3.10/site-packages/airflow/example_dags/example_external_task_marker_dag.py for tasks to queue
[2024-10-03T21:36:52.338-0400] {logging_mixin.py:190} INFO - [2024-10-03T21:36:52.338-0400] {dagbag.py:588} INFO - Filling up the DagBag from /home/patrick/.cache/pypoetry/virtualenvs/airflow-wPbgcfzP-py3.10/lib/python3.10/site-packages/airflow/example_dags/example_external_task_marker_dag.py
[2024-10-03T21:36:52.344-0400] {processor.py:925} INFO - DAG(s) 'example_external_task_marker_child', 'example_external_task_marker_parent' retrieved from /home/patrick/.cache/pypoetry/virtualenvs/airflow-wPbgcfzP-py3.10/lib/python3.10/site-packages/airflow/example_dags/example_external_task_marker_dag.py
[2024-10-03T21:36:59.818-0400] {logging_mixin.py:190} INFO - [2024-10-03T21:36:59.818-0400] {dag.py:3239} INFO - Sync 2 DAGs
[2024-10-03T21:37:00.210-0400] {logging_mixin.py:190} INFO - [2024-10-03T21:37:00.210-0400] {dag.py:4180} INFO - Setting next_dagrun for example_external_task_marker_child to None, run_after=None
[2024-10-03T21:37:00.247-0400] {logging_mixin.py:190} INFO - [2024-10-03T21:37:00.247-0400] {dag.py:4180} INFO - Setting next_dagrun for example_external_task_marker_parent to None, run_after=None
[2024-10-03T21:37:01.052-0400] {processor.py:208} INFO - Processing /home/patrick/.cache/pypoetry/virtualenvs/airflow-wPbgcfzP-py3.10/lib/python3.10/site-packages/airflow/example_dags/example_external_task_marker_dag.py took 8.721 seconds
[2024-10-03T21:42:54.541-0400] {processor.py:186} INFO - Started process (PID=16402) to work on /home/patrick/.cache/pypoetry/virtualenvs/airflow-wPbgcfzP-py3.10/lib/python3.10/site-packages/airflow/example_dags/example_external_task_marker_dag.py
[2024-10-03T21:42:54.542-0400] {processor.py:914} INFO - Processing file /home/patrick/.cache/pypoetry/virtualenvs/airflow-wPbgcfzP-py3.10/lib/python3.10/site-packages/airflow/example_dags/example_external_task_marker_dag.py for tasks to queue
[2024-10-03T21:42:54.544-0400] {logging_mixin.py:190} INFO - [2024-10-03T21:42:54.544-0400] {dagbag.py:588} INFO - Filling up the DagBag from /home/patrick/.cache/pypoetry/virtualenvs/airflow-wPbgcfzP-py3.10/lib/python3.10/site-packages/airflow/example_dags/example_external_task_marker_dag.py
[2024-10-03T21:42:54.549-0400] {processor.py:925} INFO - DAG(s) 'example_external_task_marker_child', 'example_external_task_marker_parent' retrieved from /home/patrick/.cache/pypoetry/virtualenvs/airflow-wPbgcfzP-py3.10/lib/python3.10/site-packages/airflow/example_dags/example_external_task_marker_dag.py
[2024-10-03T21:43:00.252-0400] {logging_mixin.py:190} INFO - [2024-10-03T21:43:00.252-0400] {dag.py:3239} INFO - Sync 2 DAGs
[2024-10-03T21:43:00.547-0400] {logging_mixin.py:190} INFO - [2024-10-03T21:43:00.547-0400] {dag.py:4180} INFO - Setting next_dagrun for example_external_task_marker_child to None, run_after=None
[2024-10-03T21:43:00.582-0400] {logging_mixin.py:190} INFO - [2024-10-03T21:43:00.582-0400] {dag.py:4180} INFO - Setting next_dagrun for example_external_task_marker_parent to None, run_after=None
[2024-10-03T21:43:01.305-0400] {processor.py:208} INFO - Processing /home/patrick/.cache/pypoetry/virtualenvs/airflow-wPbgcfzP-py3.10/lib/python3.10/site-packages/airflow/example_dags/example_external_task_marker_dag.py took 6.768 seconds
[2024-10-03T21:47:39.554-0400] {processor.py:186} INFO - Started process (PID=17699) to work on /home/patrick/.cache/pypoetry/virtualenvs/airflow-wPbgcfzP-py3.10/lib/python3.10/site-packages/airflow/example_dags/example_external_task_marker_dag.py
[2024-10-03T21:47:39.555-0400] {processor.py:914} INFO - Processing file /home/patrick/.cache/pypoetry/virtualenvs/airflow-wPbgcfzP-py3.10/lib/python3.10/site-packages/airflow/example_dags/example_external_task_marker_dag.py for tasks to queue
[2024-10-03T21:47:39.556-0400] {logging_mixin.py:190} INFO - [2024-10-03T21:47:39.556-0400] {dagbag.py:588} INFO - Filling up the DagBag from /home/patrick/.cache/pypoetry/virtualenvs/airflow-wPbgcfzP-py3.10/lib/python3.10/site-packages/airflow/example_dags/example_external_task_marker_dag.py
[2024-10-03T21:47:39.562-0400] {processor.py:925} INFO - DAG(s) 'example_external_task_marker_parent', 'example_external_task_marker_child' retrieved from /home/patrick/.cache/pypoetry/virtualenvs/airflow-wPbgcfzP-py3.10/lib/python3.10/site-packages/airflow/example_dags/example_external_task_marker_dag.py
[2024-10-03T21:47:41.813-0400] {logging_mixin.py:190} INFO - [2024-10-03T21:47:41.812-0400] {dag.py:3239} INFO - Sync 2 DAGs
[2024-10-03T21:47:41.884-0400] {logging_mixin.py:190} INFO - [2024-10-03T21:47:41.884-0400] {dag.py:4180} INFO - Setting next_dagrun for example_external_task_marker_child to None, run_after=None
[2024-10-03T21:47:41.921-0400] {logging_mixin.py:190} INFO - [2024-10-03T21:47:41.921-0400] {dag.py:4180} INFO - Setting next_dagrun for example_external_task_marker_parent to None, run_after=None
[2024-10-03T21:47:42.478-0400] {processor.py:208} INFO - Processing /home/patrick/.cache/pypoetry/virtualenvs/airflow-wPbgcfzP-py3.10/lib/python3.10/site-packages/airflow/example_dags/example_external_task_marker_dag.py took 2.928 seconds
[2024-10-03T21:51:40.764-0400] {processor.py:186} INFO - Started process (PID=18734) to work on /home/patrick/.cache/pypoetry/virtualenvs/airflow-wPbgcfzP-py3.10/lib/python3.10/site-packages/airflow/example_dags/example_external_task_marker_dag.py
[2024-10-03T21:51:40.765-0400] {processor.py:914} INFO - Processing file /home/patrick/.cache/pypoetry/virtualenvs/airflow-wPbgcfzP-py3.10/lib/python3.10/site-packages/airflow/example_dags/example_external_task_marker_dag.py for tasks to queue
[2024-10-03T21:51:40.766-0400] {logging_mixin.py:190} INFO - [2024-10-03T21:51:40.766-0400] {dagbag.py:588} INFO - Filling up the DagBag from /home/patrick/.cache/pypoetry/virtualenvs/airflow-wPbgcfzP-py3.10/lib/python3.10/site-packages/airflow/example_dags/example_external_task_marker_dag.py
[2024-10-03T21:51:40.771-0400] {processor.py:925} INFO - DAG(s) 'example_external_task_marker_child', 'example_external_task_marker_parent' retrieved from /home/patrick/.cache/pypoetry/virtualenvs/airflow-wPbgcfzP-py3.10/lib/python3.10/site-packages/airflow/example_dags/example_external_task_marker_dag.py
[2024-10-03T21:51:46.173-0400] {logging_mixin.py:190} INFO - [2024-10-03T21:51:46.172-0400] {dag.py:3239} INFO - Sync 2 DAGs
[2024-10-03T21:51:46.245-0400] {logging_mixin.py:190} INFO - [2024-10-03T21:51:46.245-0400] {dag.py:4180} INFO - Setting next_dagrun for example_external_task_marker_child to None, run_after=None
[2024-10-03T21:51:46.282-0400] {logging_mixin.py:190} INFO - [2024-10-03T21:51:46.282-0400] {dag.py:4180} INFO - Setting next_dagrun for example_external_task_marker_parent to None, run_after=None
[2024-10-03T21:51:46.840-0400] {processor.py:208} INFO - Processing /home/patrick/.cache/pypoetry/virtualenvs/airflow-wPbgcfzP-py3.10/lib/python3.10/site-packages/airflow/example_dags/example_external_task_marker_dag.py took 6.080 seconds
[2024-10-03T21:55:46.321-0400] {processor.py:186} INFO - Started process (PID=19781) to work on /home/patrick/.cache/pypoetry/virtualenvs/airflow-wPbgcfzP-py3.10/lib/python3.10/site-packages/airflow/example_dags/example_external_task_marker_dag.py
[2024-10-03T21:55:46.323-0400] {processor.py:914} INFO - Processing file /home/patrick/.cache/pypoetry/virtualenvs/airflow-wPbgcfzP-py3.10/lib/python3.10/site-packages/airflow/example_dags/example_external_task_marker_dag.py for tasks to queue
[2024-10-03T21:55:46.389-0400] {logging_mixin.py:190} INFO - [2024-10-03T21:55:46.389-0400] {dagbag.py:588} INFO - Filling up the DagBag from /home/patrick/.cache/pypoetry/virtualenvs/airflow-wPbgcfzP-py3.10/lib/python3.10/site-packages/airflow/example_dags/example_external_task_marker_dag.py
[2024-10-03T21:55:46.393-0400] {processor.py:925} INFO - DAG(s) 'example_external_task_marker_parent', 'example_external_task_marker_child' retrieved from /home/patrick/.cache/pypoetry/virtualenvs/airflow-wPbgcfzP-py3.10/lib/python3.10/site-packages/airflow/example_dags/example_external_task_marker_dag.py
[2024-10-03T21:55:47.887-0400] {logging_mixin.py:190} INFO - [2024-10-03T21:55:47.886-0400] {dag.py:3239} INFO - Sync 2 DAGs
[2024-10-03T21:55:47.963-0400] {logging_mixin.py:190} INFO - [2024-10-03T21:55:47.962-0400] {dag.py:4180} INFO - Setting next_dagrun for example_external_task_marker_child to None, run_after=None
[2024-10-03T21:55:48.007-0400] {logging_mixin.py:190} INFO - [2024-10-03T21:55:48.007-0400] {dag.py:4180} INFO - Setting next_dagrun for example_external_task_marker_parent to None, run_after=None
[2024-10-03T21:55:48.594-0400] {processor.py:208} INFO - Processing /home/patrick/.cache/pypoetry/virtualenvs/airflow-wPbgcfzP-py3.10/lib/python3.10/site-packages/airflow/example_dags/example_external_task_marker_dag.py took 2.276 seconds
[2024-10-03T21:59:35.527-0400] {processor.py:186} INFO - Started process (PID=20771) to work on /home/patrick/.cache/pypoetry/virtualenvs/airflow-wPbgcfzP-py3.10/lib/python3.10/site-packages/airflow/example_dags/example_external_task_marker_dag.py
[2024-10-03T21:59:35.528-0400] {processor.py:914} INFO - Processing file /home/patrick/.cache/pypoetry/virtualenvs/airflow-wPbgcfzP-py3.10/lib/python3.10/site-packages/airflow/example_dags/example_external_task_marker_dag.py for tasks to queue
[2024-10-03T21:59:35.530-0400] {logging_mixin.py:190} INFO - [2024-10-03T21:59:35.530-0400] {dagbag.py:588} INFO - Filling up the DagBag from /home/patrick/.cache/pypoetry/virtualenvs/airflow-wPbgcfzP-py3.10/lib/python3.10/site-packages/airflow/example_dags/example_external_task_marker_dag.py
[2024-10-03T21:59:35.535-0400] {processor.py:925} INFO - DAG(s) 'example_external_task_marker_parent', 'example_external_task_marker_child' retrieved from /home/patrick/.cache/pypoetry/virtualenvs/airflow-wPbgcfzP-py3.10/lib/python3.10/site-packages/airflow/example_dags/example_external_task_marker_dag.py
[2024-10-03T21:59:38.601-0400] {logging_mixin.py:190} INFO - [2024-10-03T21:59:38.601-0400] {dag.py:3239} INFO - Sync 2 DAGs
[2024-10-03T21:59:38.673-0400] {logging_mixin.py:190} INFO - [2024-10-03T21:59:38.673-0400] {dag.py:4180} INFO - Setting next_dagrun for example_external_task_marker_child to None, run_after=None
[2024-10-03T21:59:38.712-0400] {logging_mixin.py:190} INFO - [2024-10-03T21:59:38.712-0400] {dag.py:4180} INFO - Setting next_dagrun for example_external_task_marker_parent to None, run_after=None
[2024-10-03T21:59:39.257-0400] {processor.py:208} INFO - Processing /home/patrick/.cache/pypoetry/virtualenvs/airflow-wPbgcfzP-py3.10/lib/python3.10/site-packages/airflow/example_dags/example_external_task_marker_dag.py took 3.734 seconds
[2024-10-03T22:04:06.230-0400] {processor.py:186} INFO - Started process (PID=21920) to work on /home/patrick/.cache/pypoetry/virtualenvs/airflow-wPbgcfzP-py3.10/lib/python3.10/site-packages/airflow/example_dags/example_external_task_marker_dag.py
[2024-10-03T22:04:06.231-0400] {processor.py:914} INFO - Processing file /home/patrick/.cache/pypoetry/virtualenvs/airflow-wPbgcfzP-py3.10/lib/python3.10/site-packages/airflow/example_dags/example_external_task_marker_dag.py for tasks to queue
[2024-10-03T22:04:06.232-0400] {logging_mixin.py:190} INFO - [2024-10-03T22:04:06.232-0400] {dagbag.py:588} INFO - Filling up the DagBag from /home/patrick/.cache/pypoetry/virtualenvs/airflow-wPbgcfzP-py3.10/lib/python3.10/site-packages/airflow/example_dags/example_external_task_marker_dag.py
[2024-10-03T22:04:06.237-0400] {processor.py:925} INFO - DAG(s) 'example_external_task_marker_parent', 'example_external_task_marker_child' retrieved from /home/patrick/.cache/pypoetry/virtualenvs/airflow-wPbgcfzP-py3.10/lib/python3.10/site-packages/airflow/example_dags/example_external_task_marker_dag.py
[2024-10-03T22:04:16.727-0400] {logging_mixin.py:190} INFO - [2024-10-03T22:04:16.727-0400] {dag.py:3239} INFO - Sync 2 DAGs
[2024-10-03T22:04:17.351-0400] {logging_mixin.py:190} INFO - [2024-10-03T22:04:17.351-0400] {dag.py:4180} INFO - Setting next_dagrun for example_external_task_marker_child to None, run_after=None
[2024-10-03T22:04:17.555-0400] {logging_mixin.py:190} INFO - [2024-10-03T22:04:17.554-0400] {dag.py:4180} INFO - Setting next_dagrun for example_external_task_marker_parent to None, run_after=None
[2024-10-03T22:04:18.488-0400] {processor.py:208} INFO - Processing /home/patrick/.cache/pypoetry/virtualenvs/airflow-wPbgcfzP-py3.10/lib/python3.10/site-packages/airflow/example_dags/example_external_task_marker_dag.py took 12.261 seconds
[2024-10-03T22:12:11.904-0400] {processor.py:186} INFO - Started process (PID=24089) to work on /home/patrick/.cache/pypoetry/virtualenvs/airflow-wPbgcfzP-py3.10/lib/python3.10/site-packages/airflow/example_dags/example_external_task_marker_dag.py
[2024-10-03T22:12:11.905-0400] {processor.py:914} INFO - Processing file /home/patrick/.cache/pypoetry/virtualenvs/airflow-wPbgcfzP-py3.10/lib/python3.10/site-packages/airflow/example_dags/example_external_task_marker_dag.py for tasks to queue
[2024-10-03T22:12:11.907-0400] {logging_mixin.py:190} INFO - [2024-10-03T22:12:11.907-0400] {dagbag.py:588} INFO - Filling up the DagBag from /home/patrick/.cache/pypoetry/virtualenvs/airflow-wPbgcfzP-py3.10/lib/python3.10/site-packages/airflow/example_dags/example_external_task_marker_dag.py
[2024-10-03T22:12:11.912-0400] {processor.py:925} INFO - DAG(s) 'example_external_task_marker_child', 'example_external_task_marker_parent' retrieved from /home/patrick/.cache/pypoetry/virtualenvs/airflow-wPbgcfzP-py3.10/lib/python3.10/site-packages/airflow/example_dags/example_external_task_marker_dag.py
[2024-10-03T22:12:40.142-0400] {logging_mixin.py:190} INFO - [2024-10-03T22:12:40.142-0400] {dag.py:3239} INFO - Sync 2 DAGs
[2024-10-03T22:12:40.417-0400] {logging_mixin.py:190} INFO - [2024-10-03T22:12:40.417-0400] {dag.py:4180} INFO - Setting next_dagrun for example_external_task_marker_child to None, run_after=None
[2024-10-03T22:12:40.463-0400] {logging_mixin.py:190} INFO - [2024-10-03T22:12:40.463-0400] {dag.py:4180} INFO - Setting next_dagrun for example_external_task_marker_parent to None, run_after=None
[2024-10-03T22:12:41.591-0400] {processor.py:208} INFO - Processing /home/patrick/.cache/pypoetry/virtualenvs/airflow-wPbgcfzP-py3.10/lib/python3.10/site-packages/airflow/example_dags/example_external_task_marker_dag.py took 29.691 seconds
[2024-10-03T22:18:51.665-0400] {processor.py:186} INFO - Started process (PID=25879) to work on /home/patrick/.cache/pypoetry/virtualenvs/airflow-wPbgcfzP-py3.10/lib/python3.10/site-packages/airflow/example_dags/example_external_task_marker_dag.py
[2024-10-03T22:18:51.666-0400] {processor.py:914} INFO - Processing file /home/patrick/.cache/pypoetry/virtualenvs/airflow-wPbgcfzP-py3.10/lib/python3.10/site-packages/airflow/example_dags/example_external_task_marker_dag.py for tasks to queue
[2024-10-03T22:18:51.668-0400] {logging_mixin.py:190} INFO - [2024-10-03T22:18:51.668-0400] {dagbag.py:588} INFO - Filling up the DagBag from /home/patrick/.cache/pypoetry/virtualenvs/airflow-wPbgcfzP-py3.10/lib/python3.10/site-packages/airflow/example_dags/example_external_task_marker_dag.py
[2024-10-03T22:18:51.674-0400] {processor.py:925} INFO - DAG(s) 'example_external_task_marker_parent', 'example_external_task_marker_child' retrieved from /home/patrick/.cache/pypoetry/virtualenvs/airflow-wPbgcfzP-py3.10/lib/python3.10/site-packages/airflow/example_dags/example_external_task_marker_dag.py
[2024-10-03T22:18:57.267-0400] {logging_mixin.py:190} INFO - [2024-10-03T22:18:57.267-0400] {dag.py:3239} INFO - Sync 2 DAGs
[2024-10-03T22:18:57.362-0400] {logging_mixin.py:190} INFO - [2024-10-03T22:18:57.362-0400] {dag.py:4180} INFO - Setting next_dagrun for example_external_task_marker_child to None, run_after=None
[2024-10-03T22:18:57.403-0400] {logging_mixin.py:190} INFO - [2024-10-03T22:18:57.403-0400] {dag.py:4180} INFO - Setting next_dagrun for example_external_task_marker_parent to None, run_after=None
[2024-10-03T22:18:57.966-0400] {processor.py:208} INFO - Processing /home/patrick/.cache/pypoetry/virtualenvs/airflow-wPbgcfzP-py3.10/lib/python3.10/site-packages/airflow/example_dags/example_external_task_marker_dag.py took 6.305 seconds
[2024-10-03T22:23:48.214-0400] {processor.py:186} INFO - Started process (PID=27206) to work on /home/patrick/.cache/pypoetry/virtualenvs/airflow-wPbgcfzP-py3.10/lib/python3.10/site-packages/airflow/example_dags/example_external_task_marker_dag.py
[2024-10-03T22:23:48.215-0400] {processor.py:914} INFO - Processing file /home/patrick/.cache/pypoetry/virtualenvs/airflow-wPbgcfzP-py3.10/lib/python3.10/site-packages/airflow/example_dags/example_external_task_marker_dag.py for tasks to queue
[2024-10-03T22:23:48.217-0400] {logging_mixin.py:190} INFO - [2024-10-03T22:23:48.217-0400] {dagbag.py:588} INFO - Filling up the DagBag from /home/patrick/.cache/pypoetry/virtualenvs/airflow-wPbgcfzP-py3.10/lib/python3.10/site-packages/airflow/example_dags/example_external_task_marker_dag.py
[2024-10-03T22:23:48.222-0400] {processor.py:925} INFO - DAG(s) 'example_external_task_marker_child', 'example_external_task_marker_parent' retrieved from /home/patrick/.cache/pypoetry/virtualenvs/airflow-wPbgcfzP-py3.10/lib/python3.10/site-packages/airflow/example_dags/example_external_task_marker_dag.py
[2024-10-03T22:23:49.864-0400] {logging_mixin.py:190} INFO - [2024-10-03T22:23:49.863-0400] {dag.py:3239} INFO - Sync 2 DAGs
[2024-10-03T22:23:49.968-0400] {logging_mixin.py:190} INFO - [2024-10-03T22:23:49.968-0400] {dag.py:4180} INFO - Setting next_dagrun for example_external_task_marker_child to None, run_after=None
[2024-10-03T22:23:50.012-0400] {logging_mixin.py:190} INFO - [2024-10-03T22:23:50.012-0400] {dag.py:4180} INFO - Setting next_dagrun for example_external_task_marker_parent to None, run_after=None
[2024-10-03T22:23:50.740-0400] {processor.py:208} INFO - Processing /home/patrick/.cache/pypoetry/virtualenvs/airflow-wPbgcfzP-py3.10/lib/python3.10/site-packages/airflow/example_dags/example_external_task_marker_dag.py took 2.529 seconds
[2024-10-03T22:30:19.698-0400] {processor.py:186} INFO - Started process (PID=28968) to work on /home/patrick/.cache/pypoetry/virtualenvs/airflow-wPbgcfzP-py3.10/lib/python3.10/site-packages/airflow/example_dags/example_external_task_marker_dag.py
[2024-10-03T22:30:19.699-0400] {processor.py:914} INFO - Processing file /home/patrick/.cache/pypoetry/virtualenvs/airflow-wPbgcfzP-py3.10/lib/python3.10/site-packages/airflow/example_dags/example_external_task_marker_dag.py for tasks to queue
[2024-10-03T22:30:19.701-0400] {logging_mixin.py:190} INFO - [2024-10-03T22:30:19.700-0400] {dagbag.py:588} INFO - Filling up the DagBag from /home/patrick/.cache/pypoetry/virtualenvs/airflow-wPbgcfzP-py3.10/lib/python3.10/site-packages/airflow/example_dags/example_external_task_marker_dag.py
[2024-10-03T22:30:19.706-0400] {processor.py:925} INFO - DAG(s) 'example_external_task_marker_parent', 'example_external_task_marker_child' retrieved from /home/patrick/.cache/pypoetry/virtualenvs/airflow-wPbgcfzP-py3.10/lib/python3.10/site-packages/airflow/example_dags/example_external_task_marker_dag.py
[2024-10-03T22:30:28.455-0400] {logging_mixin.py:190} INFO - [2024-10-03T22:30:28.455-0400] {dag.py:3239} INFO - Sync 2 DAGs
[2024-10-03T22:30:29.481-0400] {logging_mixin.py:190} INFO - [2024-10-03T22:30:29.480-0400] {dag.py:4180} INFO - Setting next_dagrun for example_external_task_marker_child to None, run_after=None
[2024-10-03T22:30:29.553-0400] {logging_mixin.py:190} INFO - [2024-10-03T22:30:29.553-0400] {dag.py:4180} INFO - Setting next_dagrun for example_external_task_marker_parent to None, run_after=None
[2024-10-03T22:30:30.525-0400] {processor.py:208} INFO - Processing /home/patrick/.cache/pypoetry/virtualenvs/airflow-wPbgcfzP-py3.10/lib/python3.10/site-packages/airflow/example_dags/example_external_task_marker_dag.py took 10.832 seconds
[2024-10-03T22:39:53.457-0400] {processor.py:186} INFO - Started process (PID=31570) to work on /home/patrick/.cache/pypoetry/virtualenvs/airflow-wPbgcfzP-py3.10/lib/python3.10/site-packages/airflow/example_dags/example_external_task_marker_dag.py
[2024-10-03T22:39:53.458-0400] {processor.py:914} INFO - Processing file /home/patrick/.cache/pypoetry/virtualenvs/airflow-wPbgcfzP-py3.10/lib/python3.10/site-packages/airflow/example_dags/example_external_task_marker_dag.py for tasks to queue
[2024-10-03T22:39:53.459-0400] {logging_mixin.py:190} INFO - [2024-10-03T22:39:53.459-0400] {dagbag.py:588} INFO - Filling up the DagBag from /home/patrick/.cache/pypoetry/virtualenvs/airflow-wPbgcfzP-py3.10/lib/python3.10/site-packages/airflow/example_dags/example_external_task_marker_dag.py
[2024-10-03T22:39:53.464-0400] {processor.py:925} INFO - DAG(s) 'example_external_task_marker_child', 'example_external_task_marker_parent' retrieved from /home/patrick/.cache/pypoetry/virtualenvs/airflow-wPbgcfzP-py3.10/lib/python3.10/site-packages/airflow/example_dags/example_external_task_marker_dag.py
[2024-10-03T22:39:57.216-0400] {logging_mixin.py:190} INFO - [2024-10-03T22:39:57.215-0400] {dag.py:3239} INFO - Sync 2 DAGs
[2024-10-03T22:39:57.303-0400] {logging_mixin.py:190} INFO - [2024-10-03T22:39:57.303-0400] {dag.py:4180} INFO - Setting next_dagrun for example_external_task_marker_child to None, run_after=None
[2024-10-03T22:39:57.349-0400] {logging_mixin.py:190} INFO - [2024-10-03T22:39:57.349-0400] {dag.py:4180} INFO - Setting next_dagrun for example_external_task_marker_parent to None, run_after=None
[2024-10-03T22:39:57.962-0400] {processor.py:208} INFO - Processing /home/patrick/.cache/pypoetry/virtualenvs/airflow-wPbgcfzP-py3.10/lib/python3.10/site-packages/airflow/example_dags/example_external_task_marker_dag.py took 4.509 seconds
[2024-10-03T22:46:36.515-0400] {processor.py:186} INFO - Started process (PID=33433) to work on /home/patrick/.cache/pypoetry/virtualenvs/airflow-wPbgcfzP-py3.10/lib/python3.10/site-packages/airflow/example_dags/example_external_task_marker_dag.py
[2024-10-03T22:46:36.516-0400] {processor.py:914} INFO - Processing file /home/patrick/.cache/pypoetry/virtualenvs/airflow-wPbgcfzP-py3.10/lib/python3.10/site-packages/airflow/example_dags/example_external_task_marker_dag.py for tasks to queue
[2024-10-03T22:46:36.518-0400] {logging_mixin.py:190} INFO - [2024-10-03T22:46:36.517-0400] {dagbag.py:588} INFO - Filling up the DagBag from /home/patrick/.cache/pypoetry/virtualenvs/airflow-wPbgcfzP-py3.10/lib/python3.10/site-packages/airflow/example_dags/example_external_task_marker_dag.py
[2024-10-03T22:46:36.522-0400] {processor.py:925} INFO - DAG(s) 'example_external_task_marker_parent', 'example_external_task_marker_child' retrieved from /home/patrick/.cache/pypoetry/virtualenvs/airflow-wPbgcfzP-py3.10/lib/python3.10/site-packages/airflow/example_dags/example_external_task_marker_dag.py
[2024-10-03T22:46:42.444-0400] {logging_mixin.py:190} INFO - [2024-10-03T22:46:42.444-0400] {dag.py:3239} INFO - Sync 2 DAGs
[2024-10-03T22:46:42.594-0400] {logging_mixin.py:190} INFO - [2024-10-03T22:46:42.594-0400] {dag.py:4180} INFO - Setting next_dagrun for example_external_task_marker_child to None, run_after=None
[2024-10-03T22:46:42.641-0400] {logging_mixin.py:190} INFO - [2024-10-03T22:46:42.641-0400] {dag.py:4180} INFO - Setting next_dagrun for example_external_task_marker_parent to None, run_after=None
[2024-10-03T22:46:43.326-0400] {processor.py:208} INFO - Processing /home/patrick/.cache/pypoetry/virtualenvs/airflow-wPbgcfzP-py3.10/lib/python3.10/site-packages/airflow/example_dags/example_external_task_marker_dag.py took 6.814 seconds
[2024-10-03T22:53:25.527-0400] {processor.py:186} INFO - Started process (PID=35349) to work on /home/patrick/.cache/pypoetry/virtualenvs/airflow-wPbgcfzP-py3.10/lib/python3.10/site-packages/airflow/example_dags/example_external_task_marker_dag.py
[2024-10-03T22:53:25.528-0400] {processor.py:914} INFO - Processing file /home/patrick/.cache/pypoetry/virtualenvs/airflow-wPbgcfzP-py3.10/lib/python3.10/site-packages/airflow/example_dags/example_external_task_marker_dag.py for tasks to queue
[2024-10-03T22:53:25.530-0400] {logging_mixin.py:190} INFO - [2024-10-03T22:53:25.530-0400] {dagbag.py:588} INFO - Filling up the DagBag from /home/patrick/.cache/pypoetry/virtualenvs/airflow-wPbgcfzP-py3.10/lib/python3.10/site-packages/airflow/example_dags/example_external_task_marker_dag.py
[2024-10-03T22:53:25.536-0400] {processor.py:925} INFO - DAG(s) 'example_external_task_marker_child', 'example_external_task_marker_parent' retrieved from /home/patrick/.cache/pypoetry/virtualenvs/airflow-wPbgcfzP-py3.10/lib/python3.10/site-packages/airflow/example_dags/example_external_task_marker_dag.py
[2024-10-03T22:53:29.351-0400] {logging_mixin.py:190} INFO - [2024-10-03T22:53:29.351-0400] {dag.py:3239} INFO - Sync 2 DAGs
[2024-10-03T22:53:29.547-0400] {logging_mixin.py:190} INFO - [2024-10-03T22:53:29.547-0400] {dag.py:4180} INFO - Setting next_dagrun for example_external_task_marker_child to None, run_after=None
[2024-10-03T22:53:29.585-0400] {logging_mixin.py:190} INFO - [2024-10-03T22:53:29.585-0400] {dag.py:4180} INFO - Setting next_dagrun for example_external_task_marker_parent to None, run_after=None
[2024-10-03T22:53:30.209-0400] {processor.py:208} INFO - Processing /home/patrick/.cache/pypoetry/virtualenvs/airflow-wPbgcfzP-py3.10/lib/python3.10/site-packages/airflow/example_dags/example_external_task_marker_dag.py took 4.686 seconds
[2024-10-03T22:59:13.089-0400] {processor.py:186} INFO - Started process (PID=36986) to work on /home/patrick/.cache/pypoetry/virtualenvs/airflow-wPbgcfzP-py3.10/lib/python3.10/site-packages/airflow/example_dags/example_external_task_marker_dag.py
[2024-10-03T22:59:13.090-0400] {processor.py:914} INFO - Processing file /home/patrick/.cache/pypoetry/virtualenvs/airflow-wPbgcfzP-py3.10/lib/python3.10/site-packages/airflow/example_dags/example_external_task_marker_dag.py for tasks to queue
[2024-10-03T22:59:13.093-0400] {logging_mixin.py:190} INFO - [2024-10-03T22:59:13.092-0400] {dagbag.py:588} INFO - Filling up the DagBag from /home/patrick/.cache/pypoetry/virtualenvs/airflow-wPbgcfzP-py3.10/lib/python3.10/site-packages/airflow/example_dags/example_external_task_marker_dag.py
[2024-10-03T22:59:13.098-0400] {processor.py:925} INFO - DAG(s) 'example_external_task_marker_child', 'example_external_task_marker_parent' retrieved from /home/patrick/.cache/pypoetry/virtualenvs/airflow-wPbgcfzP-py3.10/lib/python3.10/site-packages/airflow/example_dags/example_external_task_marker_dag.py
[2024-10-03T22:59:17.280-0400] {logging_mixin.py:190} INFO - [2024-10-03T22:59:17.280-0400] {dag.py:3239} INFO - Sync 2 DAGs
[2024-10-03T22:59:17.380-0400] {logging_mixin.py:190} INFO - [2024-10-03T22:59:17.380-0400] {dag.py:4180} INFO - Setting next_dagrun for example_external_task_marker_child to None, run_after=None
[2024-10-03T22:59:17.428-0400] {logging_mixin.py:190} INFO - [2024-10-03T22:59:17.427-0400] {dag.py:4180} INFO - Setting next_dagrun for example_external_task_marker_parent to None, run_after=None
[2024-10-03T22:59:17.993-0400] {processor.py:208} INFO - Processing /home/patrick/.cache/pypoetry/virtualenvs/airflow-wPbgcfzP-py3.10/lib/python3.10/site-packages/airflow/example_dags/example_external_task_marker_dag.py took 4.908 seconds
[2024-10-03T23:06:05.493-0400] {processor.py:186} INFO - Started process (PID=38823) to work on /home/patrick/.cache/pypoetry/virtualenvs/airflow-wPbgcfzP-py3.10/lib/python3.10/site-packages/airflow/example_dags/example_external_task_marker_dag.py
[2024-10-03T23:06:05.494-0400] {processor.py:914} INFO - Processing file /home/patrick/.cache/pypoetry/virtualenvs/airflow-wPbgcfzP-py3.10/lib/python3.10/site-packages/airflow/example_dags/example_external_task_marker_dag.py for tasks to queue
[2024-10-03T23:06:05.497-0400] {logging_mixin.py:190} INFO - [2024-10-03T23:06:05.496-0400] {dagbag.py:588} INFO - Filling up the DagBag from /home/patrick/.cache/pypoetry/virtualenvs/airflow-wPbgcfzP-py3.10/lib/python3.10/site-packages/airflow/example_dags/example_external_task_marker_dag.py
[2024-10-03T23:06:05.503-0400] {processor.py:925} INFO - DAG(s) 'example_external_task_marker_child', 'example_external_task_marker_parent' retrieved from /home/patrick/.cache/pypoetry/virtualenvs/airflow-wPbgcfzP-py3.10/lib/python3.10/site-packages/airflow/example_dags/example_external_task_marker_dag.py
[2024-10-03T23:06:15.996-0400] {logging_mixin.py:190} INFO - [2024-10-03T23:06:15.996-0400] {dag.py:3239} INFO - Sync 2 DAGs
[2024-10-03T23:06:16.348-0400] {logging_mixin.py:190} INFO - [2024-10-03T23:06:16.348-0400] {dag.py:4180} INFO - Setting next_dagrun for example_external_task_marker_child to None, run_after=None
[2024-10-03T23:06:16.548-0400] {logging_mixin.py:190} INFO - [2024-10-03T23:06:16.548-0400] {dag.py:4180} INFO - Setting next_dagrun for example_external_task_marker_parent to None, run_after=None
[2024-10-03T23:06:17.524-0400] {processor.py:208} INFO - Processing /home/patrick/.cache/pypoetry/virtualenvs/airflow-wPbgcfzP-py3.10/lib/python3.10/site-packages/airflow/example_dags/example_external_task_marker_dag.py took 12.035 seconds
[2024-10-03T23:11:18.724-0400] {processor.py:186} INFO - Started process (PID=40177) to work on /home/patrick/.cache/pypoetry/virtualenvs/airflow-wPbgcfzP-py3.10/lib/python3.10/site-packages/airflow/example_dags/example_external_task_marker_dag.py
[2024-10-03T23:11:18.726-0400] {processor.py:914} INFO - Processing file /home/patrick/.cache/pypoetry/virtualenvs/airflow-wPbgcfzP-py3.10/lib/python3.10/site-packages/airflow/example_dags/example_external_task_marker_dag.py for tasks to queue
[2024-10-03T23:11:18.728-0400] {logging_mixin.py:190} INFO - [2024-10-03T23:11:18.728-0400] {dagbag.py:588} INFO - Filling up the DagBag from /home/patrick/.cache/pypoetry/virtualenvs/airflow-wPbgcfzP-py3.10/lib/python3.10/site-packages/airflow/example_dags/example_external_task_marker_dag.py
[2024-10-03T23:11:18.734-0400] {processor.py:925} INFO - DAG(s) 'example_external_task_marker_parent', 'example_external_task_marker_child' retrieved from /home/patrick/.cache/pypoetry/virtualenvs/airflow-wPbgcfzP-py3.10/lib/python3.10/site-packages/airflow/example_dags/example_external_task_marker_dag.py
[2024-10-03T23:11:24.022-0400] {logging_mixin.py:190} INFO - [2024-10-03T23:11:24.022-0400] {dag.py:3239} INFO - Sync 2 DAGs
[2024-10-03T23:11:24.558-0400] {logging_mixin.py:190} INFO - [2024-10-03T23:11:24.558-0400] {dag.py:4180} INFO - Setting next_dagrun for example_external_task_marker_child to None, run_after=None
[2024-10-03T23:11:24.665-0400] {logging_mixin.py:190} INFO - [2024-10-03T23:11:24.665-0400] {dag.py:4180} INFO - Setting next_dagrun for example_external_task_marker_parent to None, run_after=None
[2024-10-03T23:11:25.425-0400] {processor.py:208} INFO - Processing /home/patrick/.cache/pypoetry/virtualenvs/airflow-wPbgcfzP-py3.10/lib/python3.10/site-packages/airflow/example_dags/example_external_task_marker_dag.py took 6.705 seconds
[2024-10-03T23:15:54.376-0400] {processor.py:186} INFO - Started process (PID=41380) to work on /home/patrick/.cache/pypoetry/virtualenvs/airflow-wPbgcfzP-py3.10/lib/python3.10/site-packages/airflow/example_dags/example_external_task_marker_dag.py
[2024-10-03T23:15:54.377-0400] {processor.py:914} INFO - Processing file /home/patrick/.cache/pypoetry/virtualenvs/airflow-wPbgcfzP-py3.10/lib/python3.10/site-packages/airflow/example_dags/example_external_task_marker_dag.py for tasks to queue
[2024-10-03T23:15:54.379-0400] {logging_mixin.py:190} INFO - [2024-10-03T23:15:54.379-0400] {dagbag.py:588} INFO - Filling up the DagBag from /home/patrick/.cache/pypoetry/virtualenvs/airflow-wPbgcfzP-py3.10/lib/python3.10/site-packages/airflow/example_dags/example_external_task_marker_dag.py
[2024-10-03T23:15:54.385-0400] {processor.py:925} INFO - DAG(s) 'example_external_task_marker_child', 'example_external_task_marker_parent' retrieved from /home/patrick/.cache/pypoetry/virtualenvs/airflow-wPbgcfzP-py3.10/lib/python3.10/site-packages/airflow/example_dags/example_external_task_marker_dag.py
[2024-10-03T23:15:56.710-0400] {logging_mixin.py:190} INFO - [2024-10-03T23:15:56.710-0400] {dag.py:3239} INFO - Sync 2 DAGs
[2024-10-03T23:15:56.799-0400] {logging_mixin.py:190} INFO - [2024-10-03T23:15:56.798-0400] {dag.py:4180} INFO - Setting next_dagrun for example_external_task_marker_child to None, run_after=None
[2024-10-03T23:15:56.836-0400] {logging_mixin.py:190} INFO - [2024-10-03T23:15:56.836-0400] {dag.py:4180} INFO - Setting next_dagrun for example_external_task_marker_parent to None, run_after=None
[2024-10-03T23:15:57.469-0400] {processor.py:208} INFO - Processing /home/patrick/.cache/pypoetry/virtualenvs/airflow-wPbgcfzP-py3.10/lib/python3.10/site-packages/airflow/example_dags/example_external_task_marker_dag.py took 3.098 seconds
[2024-10-03T23:19:47.518-0400] {processor.py:186} INFO - Started process (PID=42406) to work on /home/patrick/.cache/pypoetry/virtualenvs/airflow-wPbgcfzP-py3.10/lib/python3.10/site-packages/airflow/example_dags/example_external_task_marker_dag.py
[2024-10-03T23:19:47.519-0400] {processor.py:914} INFO - Processing file /home/patrick/.cache/pypoetry/virtualenvs/airflow-wPbgcfzP-py3.10/lib/python3.10/site-packages/airflow/example_dags/example_external_task_marker_dag.py for tasks to queue
[2024-10-03T23:19:47.521-0400] {logging_mixin.py:190} INFO - [2024-10-03T23:19:47.521-0400] {dagbag.py:588} INFO - Filling up the DagBag from /home/patrick/.cache/pypoetry/virtualenvs/airflow-wPbgcfzP-py3.10/lib/python3.10/site-packages/airflow/example_dags/example_external_task_marker_dag.py
[2024-10-03T23:19:47.527-0400] {processor.py:925} INFO - DAG(s) 'example_external_task_marker_parent', 'example_external_task_marker_child' retrieved from /home/patrick/.cache/pypoetry/virtualenvs/airflow-wPbgcfzP-py3.10/lib/python3.10/site-packages/airflow/example_dags/example_external_task_marker_dag.py
[2024-10-03T23:19:49.183-0400] {logging_mixin.py:190} INFO - [2024-10-03T23:19:49.182-0400] {dag.py:3239} INFO - Sync 2 DAGs
[2024-10-03T23:19:49.246-0400] {logging_mixin.py:190} INFO - [2024-10-03T23:19:49.246-0400] {dag.py:4180} INFO - Setting next_dagrun for example_external_task_marker_child to None, run_after=None
[2024-10-03T23:19:49.286-0400] {logging_mixin.py:190} INFO - [2024-10-03T23:19:49.286-0400] {dag.py:4180} INFO - Setting next_dagrun for example_external_task_marker_parent to None, run_after=None
[2024-10-03T23:19:49.821-0400] {processor.py:208} INFO - Processing /home/patrick/.cache/pypoetry/virtualenvs/airflow-wPbgcfzP-py3.10/lib/python3.10/site-packages/airflow/example_dags/example_external_task_marker_dag.py took 2.307 seconds
[2024-10-03T23:25:32.684-0400] {processor.py:186} INFO - Started process (PID=43883) to work on /home/patrick/.cache/pypoetry/virtualenvs/airflow-wPbgcfzP-py3.10/lib/python3.10/site-packages/airflow/example_dags/example_external_task_marker_dag.py
[2024-10-03T23:25:32.684-0400] {processor.py:914} INFO - Processing file /home/patrick/.cache/pypoetry/virtualenvs/airflow-wPbgcfzP-py3.10/lib/python3.10/site-packages/airflow/example_dags/example_external_task_marker_dag.py for tasks to queue
[2024-10-03T23:25:32.686-0400] {logging_mixin.py:190} INFO - [2024-10-03T23:25:32.686-0400] {dagbag.py:588} INFO - Filling up the DagBag from /home/patrick/.cache/pypoetry/virtualenvs/airflow-wPbgcfzP-py3.10/lib/python3.10/site-packages/airflow/example_dags/example_external_task_marker_dag.py
[2024-10-03T23:25:32.691-0400] {processor.py:925} INFO - DAG(s) 'example_external_task_marker_child', 'example_external_task_marker_parent' retrieved from /home/patrick/.cache/pypoetry/virtualenvs/airflow-wPbgcfzP-py3.10/lib/python3.10/site-packages/airflow/example_dags/example_external_task_marker_dag.py
[2024-10-03T23:25:37.137-0400] {logging_mixin.py:190} INFO - [2024-10-03T23:25:37.137-0400] {dag.py:3239} INFO - Sync 2 DAGs
[2024-10-03T23:25:37.217-0400] {logging_mixin.py:190} INFO - [2024-10-03T23:25:37.217-0400] {dag.py:4180} INFO - Setting next_dagrun for example_external_task_marker_child to None, run_after=None
[2024-10-03T23:25:37.264-0400] {logging_mixin.py:190} INFO - [2024-10-03T23:25:37.264-0400] {dag.py:4180} INFO - Setting next_dagrun for example_external_task_marker_parent to None, run_after=None
[2024-10-03T23:25:37.842-0400] {processor.py:208} INFO - Processing /home/patrick/.cache/pypoetry/virtualenvs/airflow-wPbgcfzP-py3.10/lib/python3.10/site-packages/airflow/example_dags/example_external_task_marker_dag.py took 5.162 seconds
[2024-10-03T23:29:50.179-0400] {processor.py:186} INFO - Started process (PID=44982) to work on /home/patrick/.cache/pypoetry/virtualenvs/airflow-wPbgcfzP-py3.10/lib/python3.10/site-packages/airflow/example_dags/example_external_task_marker_dag.py
[2024-10-03T23:29:50.180-0400] {processor.py:914} INFO - Processing file /home/patrick/.cache/pypoetry/virtualenvs/airflow-wPbgcfzP-py3.10/lib/python3.10/site-packages/airflow/example_dags/example_external_task_marker_dag.py for tasks to queue
[2024-10-03T23:29:50.182-0400] {logging_mixin.py:190} INFO - [2024-10-03T23:29:50.182-0400] {dagbag.py:588} INFO - Filling up the DagBag from /home/patrick/.cache/pypoetry/virtualenvs/airflow-wPbgcfzP-py3.10/lib/python3.10/site-packages/airflow/example_dags/example_external_task_marker_dag.py
[2024-10-03T23:29:50.186-0400] {processor.py:925} INFO - DAG(s) 'example_external_task_marker_parent', 'example_external_task_marker_child' retrieved from /home/patrick/.cache/pypoetry/virtualenvs/airflow-wPbgcfzP-py3.10/lib/python3.10/site-packages/airflow/example_dags/example_external_task_marker_dag.py
[2024-10-03T23:29:51.670-0400] {logging_mixin.py:190} INFO - [2024-10-03T23:29:51.670-0400] {dag.py:3239} INFO - Sync 2 DAGs
[2024-10-03T23:29:51.725-0400] {logging_mixin.py:190} INFO - [2024-10-03T23:29:51.725-0400] {dag.py:4180} INFO - Setting next_dagrun for example_external_task_marker_child to None, run_after=None
[2024-10-03T23:29:51.760-0400] {logging_mixin.py:190} INFO - [2024-10-03T23:29:51.760-0400] {dag.py:4180} INFO - Setting next_dagrun for example_external_task_marker_parent to None, run_after=None
[2024-10-03T23:29:52.281-0400] {processor.py:208} INFO - Processing /home/patrick/.cache/pypoetry/virtualenvs/airflow-wPbgcfzP-py3.10/lib/python3.10/site-packages/airflow/example_dags/example_external_task_marker_dag.py took 2.105 seconds
[2024-10-03T23:34:32.800-0400] {processor.py:186} INFO - Started process (PID=46245) to work on /home/patrick/.cache/pypoetry/virtualenvs/airflow-wPbgcfzP-py3.10/lib/python3.10/site-packages/airflow/example_dags/example_external_task_marker_dag.py
[2024-10-03T23:34:32.801-0400] {processor.py:914} INFO - Processing file /home/patrick/.cache/pypoetry/virtualenvs/airflow-wPbgcfzP-py3.10/lib/python3.10/site-packages/airflow/example_dags/example_external_task_marker_dag.py for tasks to queue
[2024-10-03T23:34:32.803-0400] {logging_mixin.py:190} INFO - [2024-10-03T23:34:32.803-0400] {dagbag.py:588} INFO - Filling up the DagBag from /home/patrick/.cache/pypoetry/virtualenvs/airflow-wPbgcfzP-py3.10/lib/python3.10/site-packages/airflow/example_dags/example_external_task_marker_dag.py
[2024-10-03T23:34:32.809-0400] {processor.py:925} INFO - DAG(s) 'example_external_task_marker_child', 'example_external_task_marker_parent' retrieved from /home/patrick/.cache/pypoetry/virtualenvs/airflow-wPbgcfzP-py3.10/lib/python3.10/site-packages/airflow/example_dags/example_external_task_marker_dag.py
[2024-10-03T23:34:38.043-0400] {logging_mixin.py:190} INFO - [2024-10-03T23:34:38.043-0400] {dag.py:3239} INFO - Sync 2 DAGs
[2024-10-03T23:34:38.229-0400] {logging_mixin.py:190} INFO - [2024-10-03T23:34:38.229-0400] {dag.py:4180} INFO - Setting next_dagrun for example_external_task_marker_child to None, run_after=None
[2024-10-03T23:34:38.270-0400] {logging_mixin.py:190} INFO - [2024-10-03T23:34:38.270-0400] {dag.py:4180} INFO - Setting next_dagrun for example_external_task_marker_parent to None, run_after=None
[2024-10-03T23:34:38.842-0400] {processor.py:208} INFO - Processing /home/patrick/.cache/pypoetry/virtualenvs/airflow-wPbgcfzP-py3.10/lib/python3.10/site-packages/airflow/example_dags/example_external_task_marker_dag.py took 6.047 seconds
[2024-10-03T23:39:09.304-0400] {processor.py:186} INFO - Started process (PID=47432) to work on /home/patrick/.cache/pypoetry/virtualenvs/airflow-wPbgcfzP-py3.10/lib/python3.10/site-packages/airflow/example_dags/example_external_task_marker_dag.py
[2024-10-03T23:39:09.309-0400] {processor.py:914} INFO - Processing file /home/patrick/.cache/pypoetry/virtualenvs/airflow-wPbgcfzP-py3.10/lib/python3.10/site-packages/airflow/example_dags/example_external_task_marker_dag.py for tasks to queue
[2024-10-03T23:39:09.318-0400] {logging_mixin.py:190} INFO - [2024-10-03T23:39:09.317-0400] {dagbag.py:588} INFO - Filling up the DagBag from /home/patrick/.cache/pypoetry/virtualenvs/airflow-wPbgcfzP-py3.10/lib/python3.10/site-packages/airflow/example_dags/example_external_task_marker_dag.py
[2024-10-03T23:39:09.323-0400] {processor.py:925} INFO - DAG(s) 'example_external_task_marker_child', 'example_external_task_marker_parent' retrieved from /home/patrick/.cache/pypoetry/virtualenvs/airflow-wPbgcfzP-py3.10/lib/python3.10/site-packages/airflow/example_dags/example_external_task_marker_dag.py
[2024-10-03T23:39:11.657-0400] {logging_mixin.py:190} INFO - [2024-10-03T23:39:11.657-0400] {dag.py:3239} INFO - Sync 2 DAGs
[2024-10-03T23:39:11.735-0400] {logging_mixin.py:190} INFO - [2024-10-03T23:39:11.735-0400] {dag.py:4180} INFO - Setting next_dagrun for example_external_task_marker_child to None, run_after=None
[2024-10-03T23:39:11.771-0400] {logging_mixin.py:190} INFO - [2024-10-03T23:39:11.771-0400] {dag.py:4180} INFO - Setting next_dagrun for example_external_task_marker_parent to None, run_after=None
[2024-10-03T23:39:12.447-0400] {processor.py:208} INFO - Processing /home/patrick/.cache/pypoetry/virtualenvs/airflow-wPbgcfzP-py3.10/lib/python3.10/site-packages/airflow/example_dags/example_external_task_marker_dag.py took 3.146 seconds
[2024-10-03T23:43:07.918-0400] {processor.py:186} INFO - Started process (PID=48464) to work on /home/patrick/.cache/pypoetry/virtualenvs/airflow-wPbgcfzP-py3.10/lib/python3.10/site-packages/airflow/example_dags/example_external_task_marker_dag.py
[2024-10-03T23:43:07.919-0400] {processor.py:914} INFO - Processing file /home/patrick/.cache/pypoetry/virtualenvs/airflow-wPbgcfzP-py3.10/lib/python3.10/site-packages/airflow/example_dags/example_external_task_marker_dag.py for tasks to queue
[2024-10-03T23:43:07.921-0400] {logging_mixin.py:190} INFO - [2024-10-03T23:43:07.921-0400] {dagbag.py:588} INFO - Filling up the DagBag from /home/patrick/.cache/pypoetry/virtualenvs/airflow-wPbgcfzP-py3.10/lib/python3.10/site-packages/airflow/example_dags/example_external_task_marker_dag.py
[2024-10-03T23:43:07.926-0400] {processor.py:925} INFO - DAG(s) 'example_external_task_marker_parent', 'example_external_task_marker_child' retrieved from /home/patrick/.cache/pypoetry/virtualenvs/airflow-wPbgcfzP-py3.10/lib/python3.10/site-packages/airflow/example_dags/example_external_task_marker_dag.py
[2024-10-03T23:43:10.929-0400] {logging_mixin.py:190} INFO - [2024-10-03T23:43:10.929-0400] {dag.py:3239} INFO - Sync 2 DAGs
[2024-10-03T23:43:11.005-0400] {logging_mixin.py:190} INFO - [2024-10-03T23:43:11.005-0400] {dag.py:4180} INFO - Setting next_dagrun for example_external_task_marker_child to None, run_after=None
[2024-10-03T23:43:11.052-0400] {logging_mixin.py:190} INFO - [2024-10-03T23:43:11.052-0400] {dag.py:4180} INFO - Setting next_dagrun for example_external_task_marker_parent to None, run_after=None
[2024-10-03T23:43:11.632-0400] {processor.py:208} INFO - Processing /home/patrick/.cache/pypoetry/virtualenvs/airflow-wPbgcfzP-py3.10/lib/python3.10/site-packages/airflow/example_dags/example_external_task_marker_dag.py took 3.718 seconds
[2024-10-03T23:47:08.665-0400] {processor.py:186} INFO - Started process (PID=49507) to work on /home/patrick/.cache/pypoetry/virtualenvs/airflow-wPbgcfzP-py3.10/lib/python3.10/site-packages/airflow/example_dags/example_external_task_marker_dag.py
[2024-10-03T23:47:08.666-0400] {processor.py:914} INFO - Processing file /home/patrick/.cache/pypoetry/virtualenvs/airflow-wPbgcfzP-py3.10/lib/python3.10/site-packages/airflow/example_dags/example_external_task_marker_dag.py for tasks to queue
[2024-10-03T23:47:08.669-0400] {logging_mixin.py:190} INFO - [2024-10-03T23:47:08.668-0400] {dagbag.py:588} INFO - Filling up the DagBag from /home/patrick/.cache/pypoetry/virtualenvs/airflow-wPbgcfzP-py3.10/lib/python3.10/site-packages/airflow/example_dags/example_external_task_marker_dag.py
[2024-10-03T23:47:08.674-0400] {processor.py:925} INFO - DAG(s) 'example_external_task_marker_child', 'example_external_task_marker_parent' retrieved from /home/patrick/.cache/pypoetry/virtualenvs/airflow-wPbgcfzP-py3.10/lib/python3.10/site-packages/airflow/example_dags/example_external_task_marker_dag.py
[2024-10-03T23:47:11.787-0400] {logging_mixin.py:190} INFO - [2024-10-03T23:47:11.787-0400] {dag.py:3239} INFO - Sync 2 DAGs
[2024-10-03T23:47:11.886-0400] {logging_mixin.py:190} INFO - [2024-10-03T23:47:11.885-0400] {dag.py:4180} INFO - Setting next_dagrun for example_external_task_marker_child to None, run_after=None
[2024-10-03T23:47:11.934-0400] {logging_mixin.py:190} INFO - [2024-10-03T23:47:11.933-0400] {dag.py:4180} INFO - Setting next_dagrun for example_external_task_marker_parent to None, run_after=None
[2024-10-03T23:47:12.822-0400] {processor.py:208} INFO - Processing /home/patrick/.cache/pypoetry/virtualenvs/airflow-wPbgcfzP-py3.10/lib/python3.10/site-packages/airflow/example_dags/example_external_task_marker_dag.py took 4.161 seconds
[2024-10-03T23:51:27.127-0400] {processor.py:186} INFO - Started process (PID=50612) to work on /home/patrick/.cache/pypoetry/virtualenvs/airflow-wPbgcfzP-py3.10/lib/python3.10/site-packages/airflow/example_dags/example_external_task_marker_dag.py
[2024-10-03T23:51:27.128-0400] {processor.py:914} INFO - Processing file /home/patrick/.cache/pypoetry/virtualenvs/airflow-wPbgcfzP-py3.10/lib/python3.10/site-packages/airflow/example_dags/example_external_task_marker_dag.py for tasks to queue
[2024-10-03T23:51:27.131-0400] {logging_mixin.py:190} INFO - [2024-10-03T23:51:27.130-0400] {dagbag.py:588} INFO - Filling up the DagBag from /home/patrick/.cache/pypoetry/virtualenvs/airflow-wPbgcfzP-py3.10/lib/python3.10/site-packages/airflow/example_dags/example_external_task_marker_dag.py
[2024-10-03T23:51:27.138-0400] {processor.py:925} INFO - DAG(s) 'example_external_task_marker_child', 'example_external_task_marker_parent' retrieved from /home/patrick/.cache/pypoetry/virtualenvs/airflow-wPbgcfzP-py3.10/lib/python3.10/site-packages/airflow/example_dags/example_external_task_marker_dag.py
[2024-10-03T23:51:29.778-0400] {logging_mixin.py:190} INFO - [2024-10-03T23:51:29.778-0400] {dag.py:3239} INFO - Sync 2 DAGs
[2024-10-03T23:51:29.939-0400] {logging_mixin.py:190} INFO - [2024-10-03T23:51:29.939-0400] {dag.py:4180} INFO - Setting next_dagrun for example_external_task_marker_child to None, run_after=None
[2024-10-03T23:51:29.983-0400] {logging_mixin.py:190} INFO - [2024-10-03T23:51:29.983-0400] {dag.py:4180} INFO - Setting next_dagrun for example_external_task_marker_parent to None, run_after=None
[2024-10-03T23:51:30.566-0400] {processor.py:208} INFO - Processing /home/patrick/.cache/pypoetry/virtualenvs/airflow-wPbgcfzP-py3.10/lib/python3.10/site-packages/airflow/example_dags/example_external_task_marker_dag.py took 3.443 seconds
[2024-10-03T23:55:44.405-0400] {processor.py:186} INFO - Started process (PID=51716) to work on /home/patrick/.cache/pypoetry/virtualenvs/airflow-wPbgcfzP-py3.10/lib/python3.10/site-packages/airflow/example_dags/example_external_task_marker_dag.py
[2024-10-03T23:55:44.406-0400] {processor.py:914} INFO - Processing file /home/patrick/.cache/pypoetry/virtualenvs/airflow-wPbgcfzP-py3.10/lib/python3.10/site-packages/airflow/example_dags/example_external_task_marker_dag.py for tasks to queue
[2024-10-03T23:55:44.408-0400] {logging_mixin.py:190} INFO - [2024-10-03T23:55:44.408-0400] {dagbag.py:588} INFO - Filling up the DagBag from /home/patrick/.cache/pypoetry/virtualenvs/airflow-wPbgcfzP-py3.10/lib/python3.10/site-packages/airflow/example_dags/example_external_task_marker_dag.py
[2024-10-03T23:55:44.413-0400] {processor.py:925} INFO - DAG(s) 'example_external_task_marker_parent', 'example_external_task_marker_child' retrieved from /home/patrick/.cache/pypoetry/virtualenvs/airflow-wPbgcfzP-py3.10/lib/python3.10/site-packages/airflow/example_dags/example_external_task_marker_dag.py
[2024-10-03T23:55:47.167-0400] {logging_mixin.py:190} INFO - [2024-10-03T23:55:47.166-0400] {dag.py:3239} INFO - Sync 2 DAGs
[2024-10-03T23:55:47.328-0400] {logging_mixin.py:190} INFO - [2024-10-03T23:55:47.327-0400] {dag.py:4180} INFO - Setting next_dagrun for example_external_task_marker_child to None, run_after=None
[2024-10-03T23:55:47.398-0400] {logging_mixin.py:190} INFO - [2024-10-03T23:55:47.398-0400] {dag.py:4180} INFO - Setting next_dagrun for example_external_task_marker_parent to None, run_after=None
[2024-10-03T23:55:48.040-0400] {processor.py:208} INFO - Processing /home/patrick/.cache/pypoetry/virtualenvs/airflow-wPbgcfzP-py3.10/lib/python3.10/site-packages/airflow/example_dags/example_external_task_marker_dag.py took 3.640 seconds
[2024-10-03T23:59:25.939-0400] {processor.py:186} INFO - Started process (PID=52677) to work on /home/patrick/.cache/pypoetry/virtualenvs/airflow-wPbgcfzP-py3.10/lib/python3.10/site-packages/airflow/example_dags/example_external_task_marker_dag.py
[2024-10-03T23:59:25.940-0400] {processor.py:914} INFO - Processing file /home/patrick/.cache/pypoetry/virtualenvs/airflow-wPbgcfzP-py3.10/lib/python3.10/site-packages/airflow/example_dags/example_external_task_marker_dag.py for tasks to queue
[2024-10-03T23:59:25.942-0400] {logging_mixin.py:190} INFO - [2024-10-03T23:59:25.942-0400] {dagbag.py:588} INFO - Filling up the DagBag from /home/patrick/.cache/pypoetry/virtualenvs/airflow-wPbgcfzP-py3.10/lib/python3.10/site-packages/airflow/example_dags/example_external_task_marker_dag.py
[2024-10-03T23:59:25.947-0400] {processor.py:925} INFO - DAG(s) 'example_external_task_marker_child', 'example_external_task_marker_parent' retrieved from /home/patrick/.cache/pypoetry/virtualenvs/airflow-wPbgcfzP-py3.10/lib/python3.10/site-packages/airflow/example_dags/example_external_task_marker_dag.py
[2024-10-03T23:59:28.840-0400] {logging_mixin.py:190} INFO - [2024-10-03T23:59:28.840-0400] {dag.py:3239} INFO - Sync 2 DAGs
[2024-10-03T23:59:29.001-0400] {logging_mixin.py:190} INFO - [2024-10-03T23:59:29.001-0400] {dag.py:4180} INFO - Setting next_dagrun for example_external_task_marker_child to None, run_after=None
[2024-10-03T23:59:29.046-0400] {logging_mixin.py:190} INFO - [2024-10-03T23:59:29.046-0400] {dag.py:4180} INFO - Setting next_dagrun for example_external_task_marker_parent to None, run_after=None
[2024-10-03T23:59:29.629-0400] {processor.py:208} INFO - Processing /home/patrick/.cache/pypoetry/virtualenvs/airflow-wPbgcfzP-py3.10/lib/python3.10/site-packages/airflow/example_dags/example_external_task_marker_dag.py took 3.695 seconds
[2024-10-04T00:04:05.384-0400] {processor.py:186} INFO - Started process (PID=53929) to work on /home/patrick/.cache/pypoetry/virtualenvs/airflow-wPbgcfzP-py3.10/lib/python3.10/site-packages/airflow/example_dags/example_external_task_marker_dag.py
[2024-10-04T00:04:05.386-0400] {processor.py:914} INFO - Processing file /home/patrick/.cache/pypoetry/virtualenvs/airflow-wPbgcfzP-py3.10/lib/python3.10/site-packages/airflow/example_dags/example_external_task_marker_dag.py for tasks to queue
[2024-10-04T00:04:05.388-0400] {logging_mixin.py:190} INFO - [2024-10-04T00:04:05.388-0400] {dagbag.py:588} INFO - Filling up the DagBag from /home/patrick/.cache/pypoetry/virtualenvs/airflow-wPbgcfzP-py3.10/lib/python3.10/site-packages/airflow/example_dags/example_external_task_marker_dag.py
[2024-10-04T00:04:05.394-0400] {processor.py:925} INFO - DAG(s) 'example_external_task_marker_child', 'example_external_task_marker_parent' retrieved from /home/patrick/.cache/pypoetry/virtualenvs/airflow-wPbgcfzP-py3.10/lib/python3.10/site-packages/airflow/example_dags/example_external_task_marker_dag.py
[2024-10-04T00:04:10.360-0400] {logging_mixin.py:190} INFO - [2024-10-04T00:04:10.360-0400] {dag.py:3239} INFO - Sync 2 DAGs
[2024-10-04T00:04:10.479-0400] {logging_mixin.py:190} INFO - [2024-10-04T00:04:10.478-0400] {dag.py:4180} INFO - Setting next_dagrun for example_external_task_marker_child to None, run_after=None
[2024-10-04T00:04:10.528-0400] {logging_mixin.py:190} INFO - [2024-10-04T00:04:10.527-0400] {dag.py:4180} INFO - Setting next_dagrun for example_external_task_marker_parent to None, run_after=None
[2024-10-04T00:04:11.231-0400] {processor.py:208} INFO - Processing /home/patrick/.cache/pypoetry/virtualenvs/airflow-wPbgcfzP-py3.10/lib/python3.10/site-packages/airflow/example_dags/example_external_task_marker_dag.py took 5.852 seconds
