[2024-10-03T21:01:48.149-0400] {processor.py:186} INFO - Started process (PID=5373) to work on /home/patrick/.cache/pypoetry/virtualenvs/airflow-wPbgcfzP-py3.10/lib/python3.10/site-packages/airflow/example_dags/example_bash_operator.py
[2024-10-03T21:01:48.150-0400] {processor.py:914} INFO - Processing file /home/patrick/.cache/pypoetry/virtualenvs/airflow-wPbgcfzP-py3.10/lib/python3.10/site-packages/airflow/example_dags/example_bash_operator.py for tasks to queue
[2024-10-03T21:01:48.151-0400] {logging_mixin.py:190} INFO - [2024-10-03T21:01:48.150-0400] {dagbag.py:588} INFO - Filling up the DagBag from /home/patrick/.cache/pypoetry/virtualenvs/airflow-wPbgcfzP-py3.10/lib/python3.10/site-packages/airflow/example_dags/example_bash_operator.py
[2024-10-03T21:01:48.163-0400] {processor.py:925} INFO - DAG(s) 'example_bash_operator' retrieved from /home/patrick/.cache/pypoetry/virtualenvs/airflow-wPbgcfzP-py3.10/lib/python3.10/site-packages/airflow/example_dags/example_bash_operator.py
[2024-10-03T21:01:54.279-0400] {logging_mixin.py:190} INFO - [2024-10-03T21:01:54.279-0400] {dag.py:3239} INFO - Sync 1 DAGs
[2024-10-03T21:01:54.932-0400] {logging_mixin.py:190} INFO - [2024-10-03T21:01:54.931-0400] {dag.py:4180} INFO - Setting next_dagrun for example_bash_operator to 2024-10-03 00:00:00+00:00, run_after=2024-10-04 00:00:00+00:00
[2024-10-03T21:01:56.309-0400] {processor.py:208} INFO - Processing /home/patrick/.cache/pypoetry/virtualenvs/airflow-wPbgcfzP-py3.10/lib/python3.10/site-packages/airflow/example_dags/example_bash_operator.py took 8.164 seconds
[2024-10-03T21:06:15.888-0400] {processor.py:186} INFO - Started process (PID=6527) to work on /home/patrick/.cache/pypoetry/virtualenvs/airflow-wPbgcfzP-py3.10/lib/python3.10/site-packages/airflow/example_dags/example_bash_operator.py
[2024-10-03T21:06:15.889-0400] {processor.py:914} INFO - Processing file /home/patrick/.cache/pypoetry/virtualenvs/airflow-wPbgcfzP-py3.10/lib/python3.10/site-packages/airflow/example_dags/example_bash_operator.py for tasks to queue
[2024-10-03T21:06:15.890-0400] {logging_mixin.py:190} INFO - [2024-10-03T21:06:15.890-0400] {dagbag.py:588} INFO - Filling up the DagBag from /home/patrick/.cache/pypoetry/virtualenvs/airflow-wPbgcfzP-py3.10/lib/python3.10/site-packages/airflow/example_dags/example_bash_operator.py
[2024-10-03T21:06:15.897-0400] {processor.py:925} INFO - DAG(s) 'example_bash_operator' retrieved from /home/patrick/.cache/pypoetry/virtualenvs/airflow-wPbgcfzP-py3.10/lib/python3.10/site-packages/airflow/example_dags/example_bash_operator.py
[2024-10-03T21:06:22.038-0400] {logging_mixin.py:190} INFO - [2024-10-03T21:06:22.037-0400] {dag.py:3239} INFO - Sync 1 DAGs
[2024-10-03T21:06:22.610-0400] {logging_mixin.py:190} INFO - [2024-10-03T21:06:22.609-0400] {dag.py:4180} INFO - Setting next_dagrun for example_bash_operator to 2024-10-03 00:00:00+00:00, run_after=2024-10-04 00:00:00+00:00
[2024-10-03T21:06:23.368-0400] {processor.py:208} INFO - Processing /home/patrick/.cache/pypoetry/virtualenvs/airflow-wPbgcfzP-py3.10/lib/python3.10/site-packages/airflow/example_dags/example_bash_operator.py took 7.483 seconds
[2024-10-03T21:10:53.070-0400] {processor.py:186} INFO - Started process (PID=7712) to work on /home/patrick/.cache/pypoetry/virtualenvs/airflow-wPbgcfzP-py3.10/lib/python3.10/site-packages/airflow/example_dags/example_bash_operator.py
[2024-10-03T21:10:53.071-0400] {processor.py:914} INFO - Processing file /home/patrick/.cache/pypoetry/virtualenvs/airflow-wPbgcfzP-py3.10/lib/python3.10/site-packages/airflow/example_dags/example_bash_operator.py for tasks to queue
[2024-10-03T21:10:53.072-0400] {logging_mixin.py:190} INFO - [2024-10-03T21:10:53.072-0400] {dagbag.py:588} INFO - Filling up the DagBag from /home/patrick/.cache/pypoetry/virtualenvs/airflow-wPbgcfzP-py3.10/lib/python3.10/site-packages/airflow/example_dags/example_bash_operator.py
[2024-10-03T21:10:53.079-0400] {processor.py:925} INFO - DAG(s) 'example_bash_operator' retrieved from /home/patrick/.cache/pypoetry/virtualenvs/airflow-wPbgcfzP-py3.10/lib/python3.10/site-packages/airflow/example_dags/example_bash_operator.py
[2024-10-03T21:10:57.785-0400] {logging_mixin.py:190} INFO - [2024-10-03T21:10:57.784-0400] {dag.py:3239} INFO - Sync 1 DAGs
[2024-10-03T21:10:58.003-0400] {logging_mixin.py:190} INFO - [2024-10-03T21:10:58.002-0400] {dag.py:4180} INFO - Setting next_dagrun for example_bash_operator to 2024-10-03 00:00:00+00:00, run_after=2024-10-04 00:00:00+00:00
[2024-10-03T21:10:58.661-0400] {processor.py:208} INFO - Processing /home/patrick/.cache/pypoetry/virtualenvs/airflow-wPbgcfzP-py3.10/lib/python3.10/site-packages/airflow/example_dags/example_bash_operator.py took 5.594 seconds
[2024-10-03T21:17:42.786-0400] {processor.py:186} INFO - Started process (PID=9640) to work on /home/patrick/.cache/pypoetry/virtualenvs/airflow-wPbgcfzP-py3.10/lib/python3.10/site-packages/airflow/example_dags/example_bash_operator.py
[2024-10-03T21:17:42.790-0400] {processor.py:914} INFO - Processing file /home/patrick/.cache/pypoetry/virtualenvs/airflow-wPbgcfzP-py3.10/lib/python3.10/site-packages/airflow/example_dags/example_bash_operator.py for tasks to queue
[2024-10-03T21:17:42.794-0400] {logging_mixin.py:190} INFO - [2024-10-03T21:17:42.794-0400] {dagbag.py:588} INFO - Filling up the DagBag from /home/patrick/.cache/pypoetry/virtualenvs/airflow-wPbgcfzP-py3.10/lib/python3.10/site-packages/airflow/example_dags/example_bash_operator.py
[2024-10-03T21:17:42.810-0400] {processor.py:925} INFO - DAG(s) 'example_bash_operator' retrieved from /home/patrick/.cache/pypoetry/virtualenvs/airflow-wPbgcfzP-py3.10/lib/python3.10/site-packages/airflow/example_dags/example_bash_operator.py
[2024-10-03T21:17:45.634-0400] {logging_mixin.py:190} INFO - [2024-10-03T21:17:45.634-0400] {dag.py:3239} INFO - Sync 1 DAGs
[2024-10-03T21:17:45.897-0400] {logging_mixin.py:190} INFO - [2024-10-03T21:17:45.897-0400] {dag.py:4180} INFO - Setting next_dagrun for example_bash_operator to 2024-10-03 00:00:00+00:00, run_after=2024-10-04 00:00:00+00:00
[2024-10-03T21:17:46.506-0400] {processor.py:208} INFO - Processing /home/patrick/.cache/pypoetry/virtualenvs/airflow-wPbgcfzP-py3.10/lib/python3.10/site-packages/airflow/example_dags/example_bash_operator.py took 3.725 seconds
[2024-10-03T21:22:38.742-0400] {processor.py:186} INFO - Started process (PID=10955) to work on /home/patrick/.cache/pypoetry/virtualenvs/airflow-wPbgcfzP-py3.10/lib/python3.10/site-packages/airflow/example_dags/example_bash_operator.py
[2024-10-03T21:22:38.743-0400] {processor.py:914} INFO - Processing file /home/patrick/.cache/pypoetry/virtualenvs/airflow-wPbgcfzP-py3.10/lib/python3.10/site-packages/airflow/example_dags/example_bash_operator.py for tasks to queue
[2024-10-03T21:22:38.745-0400] {logging_mixin.py:190} INFO - [2024-10-03T21:22:38.744-0400] {dagbag.py:588} INFO - Filling up the DagBag from /home/patrick/.cache/pypoetry/virtualenvs/airflow-wPbgcfzP-py3.10/lib/python3.10/site-packages/airflow/example_dags/example_bash_operator.py
[2024-10-03T21:22:38.752-0400] {processor.py:925} INFO - DAG(s) 'example_bash_operator' retrieved from /home/patrick/.cache/pypoetry/virtualenvs/airflow-wPbgcfzP-py3.10/lib/python3.10/site-packages/airflow/example_dags/example_bash_operator.py
[2024-10-03T21:22:44.308-0400] {logging_mixin.py:190} INFO - [2024-10-03T21:22:44.308-0400] {dag.py:3239} INFO - Sync 1 DAGs
[2024-10-03T21:22:44.542-0400] {logging_mixin.py:190} INFO - [2024-10-03T21:22:44.541-0400] {dag.py:4180} INFO - Setting next_dagrun for example_bash_operator to 2024-10-03 00:00:00+00:00, run_after=2024-10-04 00:00:00+00:00
[2024-10-03T21:22:45.171-0400] {processor.py:208} INFO - Processing /home/patrick/.cache/pypoetry/virtualenvs/airflow-wPbgcfzP-py3.10/lib/python3.10/site-packages/airflow/example_dags/example_bash_operator.py took 6.433 seconds
[2024-10-03T21:27:08.790-0400] {processor.py:186} INFO - Started process (PID=12118) to work on /home/patrick/.cache/pypoetry/virtualenvs/airflow-wPbgcfzP-py3.10/lib/python3.10/site-packages/airflow/example_dags/example_bash_operator.py
[2024-10-03T21:27:08.791-0400] {processor.py:914} INFO - Processing file /home/patrick/.cache/pypoetry/virtualenvs/airflow-wPbgcfzP-py3.10/lib/python3.10/site-packages/airflow/example_dags/example_bash_operator.py for tasks to queue
[2024-10-03T21:27:08.793-0400] {logging_mixin.py:190} INFO - [2024-10-03T21:27:08.793-0400] {dagbag.py:588} INFO - Filling up the DagBag from /home/patrick/.cache/pypoetry/virtualenvs/airflow-wPbgcfzP-py3.10/lib/python3.10/site-packages/airflow/example_dags/example_bash_operator.py
[2024-10-03T21:27:08.800-0400] {processor.py:925} INFO - DAG(s) 'example_bash_operator' retrieved from /home/patrick/.cache/pypoetry/virtualenvs/airflow-wPbgcfzP-py3.10/lib/python3.10/site-packages/airflow/example_dags/example_bash_operator.py
[2024-10-03T21:27:13.629-0400] {logging_mixin.py:190} INFO - [2024-10-03T21:27:13.629-0400] {dag.py:3239} INFO - Sync 1 DAGs
[2024-10-03T21:27:13.763-0400] {logging_mixin.py:190} INFO - [2024-10-03T21:27:13.762-0400] {dag.py:4180} INFO - Setting next_dagrun for example_bash_operator to 2024-10-03 00:00:00+00:00, run_after=2024-10-04 00:00:00+00:00
[2024-10-03T21:27:14.319-0400] {processor.py:208} INFO - Processing /home/patrick/.cache/pypoetry/virtualenvs/airflow-wPbgcfzP-py3.10/lib/python3.10/site-packages/airflow/example_dags/example_bash_operator.py took 5.533 seconds
[2024-10-03T21:30:04.332-0400] {processor.py:186} INFO - Started process (PID=12959) to work on /home/patrick/.cache/pypoetry/virtualenvs/airflow-wPbgcfzP-py3.10/lib/python3.10/site-packages/airflow/example_dags/example_bash_operator.py
[2024-10-03T21:30:04.333-0400] {processor.py:914} INFO - Processing file /home/patrick/.cache/pypoetry/virtualenvs/airflow-wPbgcfzP-py3.10/lib/python3.10/site-packages/airflow/example_dags/example_bash_operator.py for tasks to queue
[2024-10-03T21:30:04.334-0400] {logging_mixin.py:190} INFO - [2024-10-03T21:30:04.334-0400] {dagbag.py:588} INFO - Filling up the DagBag from /home/patrick/.cache/pypoetry/virtualenvs/airflow-wPbgcfzP-py3.10/lib/python3.10/site-packages/airflow/example_dags/example_bash_operator.py
[2024-10-03T21:30:04.344-0400] {processor.py:925} INFO - DAG(s) 'example_bash_operator' retrieved from /home/patrick/.cache/pypoetry/virtualenvs/airflow-wPbgcfzP-py3.10/lib/python3.10/site-packages/airflow/example_dags/example_bash_operator.py
[2024-10-03T21:30:12.551-0400] {logging_mixin.py:190} INFO - [2024-10-03T21:30:12.551-0400] {dag.py:3239} INFO - Sync 1 DAGs
[2024-10-03T21:30:13.150-0400] {logging_mixin.py:190} INFO - [2024-10-03T21:30:13.149-0400] {dag.py:4180} INFO - Setting next_dagrun for example_bash_operator to 2024-10-03 00:00:00+00:00, run_after=2024-10-04 00:00:00+00:00
[2024-10-03T21:30:14.042-0400] {processor.py:208} INFO - Processing /home/patrick/.cache/pypoetry/virtualenvs/airflow-wPbgcfzP-py3.10/lib/python3.10/site-packages/airflow/example_dags/example_bash_operator.py took 9.714 seconds
[2024-10-03T21:36:31.005-0400] {processor.py:186} INFO - Started process (PID=14668) to work on /home/patrick/.cache/pypoetry/virtualenvs/airflow-wPbgcfzP-py3.10/lib/python3.10/site-packages/airflow/example_dags/example_bash_operator.py
[2024-10-03T21:36:31.006-0400] {processor.py:914} INFO - Processing file /home/patrick/.cache/pypoetry/virtualenvs/airflow-wPbgcfzP-py3.10/lib/python3.10/site-packages/airflow/example_dags/example_bash_operator.py for tasks to queue
[2024-10-03T21:36:31.008-0400] {logging_mixin.py:190} INFO - [2024-10-03T21:36:31.008-0400] {dagbag.py:588} INFO - Filling up the DagBag from /home/patrick/.cache/pypoetry/virtualenvs/airflow-wPbgcfzP-py3.10/lib/python3.10/site-packages/airflow/example_dags/example_bash_operator.py
[2024-10-03T21:36:31.017-0400] {processor.py:925} INFO - DAG(s) 'example_bash_operator' retrieved from /home/patrick/.cache/pypoetry/virtualenvs/airflow-wPbgcfzP-py3.10/lib/python3.10/site-packages/airflow/example_dags/example_bash_operator.py
[2024-10-03T21:36:41.651-0400] {logging_mixin.py:190} INFO - [2024-10-03T21:36:41.651-0400] {dag.py:3239} INFO - Sync 1 DAGs
[2024-10-03T21:36:42.068-0400] {logging_mixin.py:190} INFO - [2024-10-03T21:36:42.068-0400] {dag.py:4180} INFO - Setting next_dagrun for example_bash_operator to 2024-10-03 00:00:00+00:00, run_after=2024-10-04 00:00:00+00:00
[2024-10-03T21:36:42.841-0400] {processor.py:208} INFO - Processing /home/patrick/.cache/pypoetry/virtualenvs/airflow-wPbgcfzP-py3.10/lib/python3.10/site-packages/airflow/example_dags/example_bash_operator.py took 11.839 seconds
[2024-10-03T21:42:23.709-0400] {processor.py:186} INFO - Started process (PID=16274) to work on /home/patrick/.cache/pypoetry/virtualenvs/airflow-wPbgcfzP-py3.10/lib/python3.10/site-packages/airflow/example_dags/example_bash_operator.py
[2024-10-03T21:42:23.710-0400] {processor.py:914} INFO - Processing file /home/patrick/.cache/pypoetry/virtualenvs/airflow-wPbgcfzP-py3.10/lib/python3.10/site-packages/airflow/example_dags/example_bash_operator.py for tasks to queue
[2024-10-03T21:42:23.711-0400] {logging_mixin.py:190} INFO - [2024-10-03T21:42:23.711-0400] {dagbag.py:588} INFO - Filling up the DagBag from /home/patrick/.cache/pypoetry/virtualenvs/airflow-wPbgcfzP-py3.10/lib/python3.10/site-packages/airflow/example_dags/example_bash_operator.py
[2024-10-03T21:42:23.720-0400] {processor.py:925} INFO - DAG(s) 'example_bash_operator' retrieved from /home/patrick/.cache/pypoetry/virtualenvs/airflow-wPbgcfzP-py3.10/lib/python3.10/site-packages/airflow/example_dags/example_bash_operator.py
[2024-10-03T21:42:41.701-0400] {logging_mixin.py:190} INFO - [2024-10-03T21:42:41.701-0400] {dag.py:3239} INFO - Sync 1 DAGs
[2024-10-03T21:42:42.150-0400] {logging_mixin.py:190} INFO - [2024-10-03T21:42:42.149-0400] {dag.py:4180} INFO - Setting next_dagrun for example_bash_operator to 2024-10-03 00:00:00+00:00, run_after=2024-10-04 00:00:00+00:00
[2024-10-03T21:42:43.522-0400] {processor.py:208} INFO - Processing /home/patrick/.cache/pypoetry/virtualenvs/airflow-wPbgcfzP-py3.10/lib/python3.10/site-packages/airflow/example_dags/example_bash_operator.py took 19.816 seconds
[2024-10-03T21:47:31.982-0400] {processor.py:186} INFO - Started process (PID=17666) to work on /home/patrick/.cache/pypoetry/virtualenvs/airflow-wPbgcfzP-py3.10/lib/python3.10/site-packages/airflow/example_dags/example_bash_operator.py
[2024-10-03T21:47:31.983-0400] {processor.py:914} INFO - Processing file /home/patrick/.cache/pypoetry/virtualenvs/airflow-wPbgcfzP-py3.10/lib/python3.10/site-packages/airflow/example_dags/example_bash_operator.py for tasks to queue
[2024-10-03T21:47:31.984-0400] {logging_mixin.py:190} INFO - [2024-10-03T21:47:31.984-0400] {dagbag.py:588} INFO - Filling up the DagBag from /home/patrick/.cache/pypoetry/virtualenvs/airflow-wPbgcfzP-py3.10/lib/python3.10/site-packages/airflow/example_dags/example_bash_operator.py
[2024-10-03T21:47:31.992-0400] {processor.py:925} INFO - DAG(s) 'example_bash_operator' retrieved from /home/patrick/.cache/pypoetry/virtualenvs/airflow-wPbgcfzP-py3.10/lib/python3.10/site-packages/airflow/example_dags/example_bash_operator.py
[2024-10-03T21:47:33.656-0400] {logging_mixin.py:190} INFO - [2024-10-03T21:47:33.656-0400] {dag.py:3239} INFO - Sync 1 DAGs
[2024-10-03T21:47:33.791-0400] {logging_mixin.py:190} INFO - [2024-10-03T21:47:33.791-0400] {dag.py:4180} INFO - Setting next_dagrun for example_bash_operator to 2024-10-03 00:00:00+00:00, run_after=2024-10-04 00:00:00+00:00
[2024-10-03T21:47:34.349-0400] {processor.py:208} INFO - Processing /home/patrick/.cache/pypoetry/virtualenvs/airflow-wPbgcfzP-py3.10/lib/python3.10/site-packages/airflow/example_dags/example_bash_operator.py took 2.371 seconds
[2024-10-03T21:51:33.659-0400] {processor.py:186} INFO - Started process (PID=18702) to work on /home/patrick/.cache/pypoetry/virtualenvs/airflow-wPbgcfzP-py3.10/lib/python3.10/site-packages/airflow/example_dags/example_bash_operator.py
[2024-10-03T21:51:33.660-0400] {processor.py:914} INFO - Processing file /home/patrick/.cache/pypoetry/virtualenvs/airflow-wPbgcfzP-py3.10/lib/python3.10/site-packages/airflow/example_dags/example_bash_operator.py for tasks to queue
[2024-10-03T21:51:33.661-0400] {logging_mixin.py:190} INFO - [2024-10-03T21:51:33.661-0400] {dagbag.py:588} INFO - Filling up the DagBag from /home/patrick/.cache/pypoetry/virtualenvs/airflow-wPbgcfzP-py3.10/lib/python3.10/site-packages/airflow/example_dags/example_bash_operator.py
[2024-10-03T21:51:33.670-0400] {processor.py:925} INFO - DAG(s) 'example_bash_operator' retrieved from /home/patrick/.cache/pypoetry/virtualenvs/airflow-wPbgcfzP-py3.10/lib/python3.10/site-packages/airflow/example_dags/example_bash_operator.py
[2024-10-03T21:51:35.422-0400] {logging_mixin.py:190} INFO - [2024-10-03T21:51:35.422-0400] {dag.py:3239} INFO - Sync 1 DAGs
[2024-10-03T21:51:35.602-0400] {logging_mixin.py:190} INFO - [2024-10-03T21:51:35.602-0400] {dag.py:4180} INFO - Setting next_dagrun for example_bash_operator to 2024-10-03 00:00:00+00:00, run_after=2024-10-04 00:00:00+00:00
[2024-10-03T21:51:36.168-0400] {processor.py:208} INFO - Processing /home/patrick/.cache/pypoetry/virtualenvs/airflow-wPbgcfzP-py3.10/lib/python3.10/site-packages/airflow/example_dags/example_bash_operator.py took 2.513 seconds
[2024-10-03T21:55:35.244-0400] {processor.py:186} INFO - Started process (PID=19734) to work on /home/patrick/.cache/pypoetry/virtualenvs/airflow-wPbgcfzP-py3.10/lib/python3.10/site-packages/airflow/example_dags/example_bash_operator.py
[2024-10-03T21:55:35.245-0400] {processor.py:914} INFO - Processing file /home/patrick/.cache/pypoetry/virtualenvs/airflow-wPbgcfzP-py3.10/lib/python3.10/site-packages/airflow/example_dags/example_bash_operator.py for tasks to queue
[2024-10-03T21:55:35.246-0400] {logging_mixin.py:190} INFO - [2024-10-03T21:55:35.246-0400] {dagbag.py:588} INFO - Filling up the DagBag from /home/patrick/.cache/pypoetry/virtualenvs/airflow-wPbgcfzP-py3.10/lib/python3.10/site-packages/airflow/example_dags/example_bash_operator.py
[2024-10-03T21:55:35.318-0400] {processor.py:925} INFO - DAG(s) 'example_bash_operator' retrieved from /home/patrick/.cache/pypoetry/virtualenvs/airflow-wPbgcfzP-py3.10/lib/python3.10/site-packages/airflow/example_dags/example_bash_operator.py
[2024-10-03T21:55:37.319-0400] {logging_mixin.py:190} INFO - [2024-10-03T21:55:37.319-0400] {dag.py:3239} INFO - Sync 1 DAGs
[2024-10-03T21:55:37.632-0400] {logging_mixin.py:190} INFO - [2024-10-03T21:55:37.632-0400] {dag.py:4180} INFO - Setting next_dagrun for example_bash_operator to 2024-10-03 00:00:00+00:00, run_after=2024-10-04 00:00:00+00:00
[2024-10-03T21:55:38.466-0400] {processor.py:208} INFO - Processing /home/patrick/.cache/pypoetry/virtualenvs/airflow-wPbgcfzP-py3.10/lib/python3.10/site-packages/airflow/example_dags/example_bash_operator.py took 3.226 seconds
[2024-10-03T21:59:27.224-0400] {processor.py:186} INFO - Started process (PID=20734) to work on /home/patrick/.cache/pypoetry/virtualenvs/airflow-wPbgcfzP-py3.10/lib/python3.10/site-packages/airflow/example_dags/example_bash_operator.py
[2024-10-03T21:59:27.225-0400] {processor.py:914} INFO - Processing file /home/patrick/.cache/pypoetry/virtualenvs/airflow-wPbgcfzP-py3.10/lib/python3.10/site-packages/airflow/example_dags/example_bash_operator.py for tasks to queue
[2024-10-03T21:59:27.226-0400] {logging_mixin.py:190} INFO - [2024-10-03T21:59:27.226-0400] {dagbag.py:588} INFO - Filling up the DagBag from /home/patrick/.cache/pypoetry/virtualenvs/airflow-wPbgcfzP-py3.10/lib/python3.10/site-packages/airflow/example_dags/example_bash_operator.py
[2024-10-03T21:59:27.235-0400] {processor.py:925} INFO - DAG(s) 'example_bash_operator' retrieved from /home/patrick/.cache/pypoetry/virtualenvs/airflow-wPbgcfzP-py3.10/lib/python3.10/site-packages/airflow/example_dags/example_bash_operator.py
[2024-10-03T21:59:29.228-0400] {logging_mixin.py:190} INFO - [2024-10-03T21:59:29.227-0400] {dag.py:3239} INFO - Sync 1 DAGs
[2024-10-03T21:59:29.403-0400] {logging_mixin.py:190} INFO - [2024-10-03T21:59:29.403-0400] {dag.py:4180} INFO - Setting next_dagrun for example_bash_operator to 2024-10-03 00:00:00+00:00, run_after=2024-10-04 00:00:00+00:00
[2024-10-03T21:59:30.171-0400] {processor.py:208} INFO - Processing /home/patrick/.cache/pypoetry/virtualenvs/airflow-wPbgcfzP-py3.10/lib/python3.10/site-packages/airflow/example_dags/example_bash_operator.py took 2.951 seconds
[2024-10-03T22:03:57.272-0400] {processor.py:186} INFO - Started process (PID=21881) to work on /home/patrick/.cache/pypoetry/virtualenvs/airflow-wPbgcfzP-py3.10/lib/python3.10/site-packages/airflow/example_dags/example_bash_operator.py
[2024-10-03T22:03:57.273-0400] {processor.py:914} INFO - Processing file /home/patrick/.cache/pypoetry/virtualenvs/airflow-wPbgcfzP-py3.10/lib/python3.10/site-packages/airflow/example_dags/example_bash_operator.py for tasks to queue
[2024-10-03T22:03:57.274-0400] {logging_mixin.py:190} INFO - [2024-10-03T22:03:57.274-0400] {dagbag.py:588} INFO - Filling up the DagBag from /home/patrick/.cache/pypoetry/virtualenvs/airflow-wPbgcfzP-py3.10/lib/python3.10/site-packages/airflow/example_dags/example_bash_operator.py
[2024-10-03T22:03:57.282-0400] {processor.py:925} INFO - DAG(s) 'example_bash_operator' retrieved from /home/patrick/.cache/pypoetry/virtualenvs/airflow-wPbgcfzP-py3.10/lib/python3.10/site-packages/airflow/example_dags/example_bash_operator.py
[2024-10-03T22:03:58.671-0400] {logging_mixin.py:190} INFO - [2024-10-03T22:03:58.671-0400] {dag.py:3239} INFO - Sync 1 DAGs
[2024-10-03T22:03:58.809-0400] {logging_mixin.py:190} INFO - [2024-10-03T22:03:58.809-0400] {dag.py:4180} INFO - Setting next_dagrun for example_bash_operator to 2024-10-03 00:00:00+00:00, run_after=2024-10-04 00:00:00+00:00
[2024-10-03T22:03:59.429-0400] {processor.py:208} INFO - Processing /home/patrick/.cache/pypoetry/virtualenvs/airflow-wPbgcfzP-py3.10/lib/python3.10/site-packages/airflow/example_dags/example_bash_operator.py took 2.161 seconds
[2024-10-03T22:11:56.873-0400] {processor.py:186} INFO - Started process (PID=24003) to work on /home/patrick/.cache/pypoetry/virtualenvs/airflow-wPbgcfzP-py3.10/lib/python3.10/site-packages/airflow/example_dags/example_bash_operator.py
[2024-10-03T22:11:56.874-0400] {processor.py:914} INFO - Processing file /home/patrick/.cache/pypoetry/virtualenvs/airflow-wPbgcfzP-py3.10/lib/python3.10/site-packages/airflow/example_dags/example_bash_operator.py for tasks to queue
[2024-10-03T22:11:56.875-0400] {logging_mixin.py:190} INFO - [2024-10-03T22:11:56.875-0400] {dagbag.py:588} INFO - Filling up the DagBag from /home/patrick/.cache/pypoetry/virtualenvs/airflow-wPbgcfzP-py3.10/lib/python3.10/site-packages/airflow/example_dags/example_bash_operator.py
[2024-10-03T22:11:56.883-0400] {processor.py:925} INFO - DAG(s) 'example_bash_operator' retrieved from /home/patrick/.cache/pypoetry/virtualenvs/airflow-wPbgcfzP-py3.10/lib/python3.10/site-packages/airflow/example_dags/example_bash_operator.py
[2024-10-03T22:11:59.859-0400] {logging_mixin.py:190} INFO - [2024-10-03T22:11:59.859-0400] {dag.py:3239} INFO - Sync 1 DAGs
[2024-10-03T22:12:00.054-0400] {logging_mixin.py:190} INFO - [2024-10-03T22:12:00.054-0400] {dag.py:4180} INFO - Setting next_dagrun for example_bash_operator to 2024-10-03 00:00:00+00:00, run_after=2024-10-04 00:00:00+00:00
[2024-10-03T22:12:00.927-0400] {processor.py:208} INFO - Processing /home/patrick/.cache/pypoetry/virtualenvs/airflow-wPbgcfzP-py3.10/lib/python3.10/site-packages/airflow/example_dags/example_bash_operator.py took 4.057 seconds
[2024-10-03T22:18:19.337-0400] {processor.py:186} INFO - Started process (PID=25737) to work on /home/patrick/.cache/pypoetry/virtualenvs/airflow-wPbgcfzP-py3.10/lib/python3.10/site-packages/airflow/example_dags/example_bash_operator.py
[2024-10-03T22:18:19.338-0400] {processor.py:914} INFO - Processing file /home/patrick/.cache/pypoetry/virtualenvs/airflow-wPbgcfzP-py3.10/lib/python3.10/site-packages/airflow/example_dags/example_bash_operator.py for tasks to queue
[2024-10-03T22:18:19.340-0400] {logging_mixin.py:190} INFO - [2024-10-03T22:18:19.340-0400] {dagbag.py:588} INFO - Filling up the DagBag from /home/patrick/.cache/pypoetry/virtualenvs/airflow-wPbgcfzP-py3.10/lib/python3.10/site-packages/airflow/example_dags/example_bash_operator.py
[2024-10-03T22:18:19.348-0400] {processor.py:925} INFO - DAG(s) 'example_bash_operator' retrieved from /home/patrick/.cache/pypoetry/virtualenvs/airflow-wPbgcfzP-py3.10/lib/python3.10/site-packages/airflow/example_dags/example_bash_operator.py
[2024-10-03T22:18:37.853-0400] {logging_mixin.py:190} INFO - [2024-10-03T22:18:37.853-0400] {dag.py:3239} INFO - Sync 1 DAGs
[2024-10-03T22:18:38.609-0400] {logging_mixin.py:190} INFO - [2024-10-03T22:18:38.608-0400] {dag.py:4180} INFO - Setting next_dagrun for example_bash_operator to 2024-10-03 00:00:00+00:00, run_after=2024-10-04 00:00:00+00:00
[2024-10-03T22:18:39.378-0400] {processor.py:208} INFO - Processing /home/patrick/.cache/pypoetry/virtualenvs/airflow-wPbgcfzP-py3.10/lib/python3.10/site-packages/airflow/example_dags/example_bash_operator.py took 20.044 seconds
[2024-10-03T22:23:39.433-0400] {processor.py:186} INFO - Started process (PID=27168) to work on /home/patrick/.cache/pypoetry/virtualenvs/airflow-wPbgcfzP-py3.10/lib/python3.10/site-packages/airflow/example_dags/example_bash_operator.py
[2024-10-03T22:23:39.435-0400] {processor.py:914} INFO - Processing file /home/patrick/.cache/pypoetry/virtualenvs/airflow-wPbgcfzP-py3.10/lib/python3.10/site-packages/airflow/example_dags/example_bash_operator.py for tasks to queue
[2024-10-03T22:23:39.436-0400] {logging_mixin.py:190} INFO - [2024-10-03T22:23:39.436-0400] {dagbag.py:588} INFO - Filling up the DagBag from /home/patrick/.cache/pypoetry/virtualenvs/airflow-wPbgcfzP-py3.10/lib/python3.10/site-packages/airflow/example_dags/example_bash_operator.py
[2024-10-03T22:23:39.445-0400] {processor.py:925} INFO - DAG(s) 'example_bash_operator' retrieved from /home/patrick/.cache/pypoetry/virtualenvs/airflow-wPbgcfzP-py3.10/lib/python3.10/site-packages/airflow/example_dags/example_bash_operator.py
[2024-10-03T22:23:42.345-0400] {logging_mixin.py:190} INFO - [2024-10-03T22:23:42.345-0400] {dag.py:3239} INFO - Sync 1 DAGs
[2024-10-03T22:23:42.633-0400] {logging_mixin.py:190} INFO - [2024-10-03T22:23:42.633-0400] {dag.py:4180} INFO - Setting next_dagrun for example_bash_operator to 2024-10-03 00:00:00+00:00, run_after=2024-10-04 00:00:00+00:00
[2024-10-03T22:23:43.690-0400] {processor.py:208} INFO - Processing /home/patrick/.cache/pypoetry/virtualenvs/airflow-wPbgcfzP-py3.10/lib/python3.10/site-packages/airflow/example_dags/example_bash_operator.py took 4.261 seconds
[2024-10-03T22:29:49.762-0400] {processor.py:186} INFO - Started process (PID=28837) to work on /home/patrick/.cache/pypoetry/virtualenvs/airflow-wPbgcfzP-py3.10/lib/python3.10/site-packages/airflow/example_dags/example_bash_operator.py
[2024-10-03T22:29:49.763-0400] {processor.py:914} INFO - Processing file /home/patrick/.cache/pypoetry/virtualenvs/airflow-wPbgcfzP-py3.10/lib/python3.10/site-packages/airflow/example_dags/example_bash_operator.py for tasks to queue
[2024-10-03T22:29:49.764-0400] {logging_mixin.py:190} INFO - [2024-10-03T22:29:49.764-0400] {dagbag.py:588} INFO - Filling up the DagBag from /home/patrick/.cache/pypoetry/virtualenvs/airflow-wPbgcfzP-py3.10/lib/python3.10/site-packages/airflow/example_dags/example_bash_operator.py
[2024-10-03T22:29:49.772-0400] {processor.py:925} INFO - DAG(s) 'example_bash_operator' retrieved from /home/patrick/.cache/pypoetry/virtualenvs/airflow-wPbgcfzP-py3.10/lib/python3.10/site-packages/airflow/example_dags/example_bash_operator.py
[2024-10-03T22:29:59.303-0400] {logging_mixin.py:190} INFO - [2024-10-03T22:29:59.303-0400] {dag.py:3239} INFO - Sync 1 DAGs
[2024-10-03T22:29:59.684-0400] {logging_mixin.py:190} INFO - [2024-10-03T22:29:59.684-0400] {dag.py:4180} INFO - Setting next_dagrun for example_bash_operator to 2024-10-03 00:00:00+00:00, run_after=2024-10-04 00:00:00+00:00
[2024-10-03T22:30:00.482-0400] {processor.py:208} INFO - Processing /home/patrick/.cache/pypoetry/virtualenvs/airflow-wPbgcfzP-py3.10/lib/python3.10/site-packages/airflow/example_dags/example_bash_operator.py took 10.724 seconds
[2024-10-03T22:39:41.230-0400] {processor.py:186} INFO - Started process (PID=31514) to work on /home/patrick/.cache/pypoetry/virtualenvs/airflow-wPbgcfzP-py3.10/lib/python3.10/site-packages/airflow/example_dags/example_bash_operator.py
[2024-10-03T22:39:41.231-0400] {processor.py:914} INFO - Processing file /home/patrick/.cache/pypoetry/virtualenvs/airflow-wPbgcfzP-py3.10/lib/python3.10/site-packages/airflow/example_dags/example_bash_operator.py for tasks to queue
[2024-10-03T22:39:41.233-0400] {logging_mixin.py:190} INFO - [2024-10-03T22:39:41.233-0400] {dagbag.py:588} INFO - Filling up the DagBag from /home/patrick/.cache/pypoetry/virtualenvs/airflow-wPbgcfzP-py3.10/lib/python3.10/site-packages/airflow/example_dags/example_bash_operator.py
[2024-10-03T22:39:41.242-0400] {processor.py:925} INFO - DAG(s) 'example_bash_operator' retrieved from /home/patrick/.cache/pypoetry/virtualenvs/airflow-wPbgcfzP-py3.10/lib/python3.10/site-packages/airflow/example_dags/example_bash_operator.py
[2024-10-03T22:39:47.239-0400] {logging_mixin.py:190} INFO - [2024-10-03T22:39:47.239-0400] {dag.py:3239} INFO - Sync 1 DAGs
[2024-10-03T22:39:47.493-0400] {logging_mixin.py:190} INFO - [2024-10-03T22:39:47.493-0400] {dag.py:4180} INFO - Setting next_dagrun for example_bash_operator to 2024-10-03 00:00:00+00:00, run_after=2024-10-04 00:00:00+00:00
[2024-10-03T22:39:48.134-0400] {processor.py:208} INFO - Processing /home/patrick/.cache/pypoetry/virtualenvs/airflow-wPbgcfzP-py3.10/lib/python3.10/site-packages/airflow/example_dags/example_bash_operator.py took 6.909 seconds
[2024-10-03T22:45:59.667-0400] {processor.py:186} INFO - Started process (PID=33279) to work on /home/patrick/.cache/pypoetry/virtualenvs/airflow-wPbgcfzP-py3.10/lib/python3.10/site-packages/airflow/example_dags/example_bash_operator.py
[2024-10-03T22:45:59.669-0400] {processor.py:914} INFO - Processing file /home/patrick/.cache/pypoetry/virtualenvs/airflow-wPbgcfzP-py3.10/lib/python3.10/site-packages/airflow/example_dags/example_bash_operator.py for tasks to queue
[2024-10-03T22:45:59.670-0400] {logging_mixin.py:190} INFO - [2024-10-03T22:45:59.670-0400] {dagbag.py:588} INFO - Filling up the DagBag from /home/patrick/.cache/pypoetry/virtualenvs/airflow-wPbgcfzP-py3.10/lib/python3.10/site-packages/airflow/example_dags/example_bash_operator.py
[2024-10-03T22:45:59.678-0400] {processor.py:925} INFO - DAG(s) 'example_bash_operator' retrieved from /home/patrick/.cache/pypoetry/virtualenvs/airflow-wPbgcfzP-py3.10/lib/python3.10/site-packages/airflow/example_dags/example_bash_operator.py
[2024-10-03T22:46:17.391-0400] {logging_mixin.py:190} INFO - [2024-10-03T22:46:17.391-0400] {dag.py:3239} INFO - Sync 1 DAGs
[2024-10-03T22:46:17.795-0400] {logging_mixin.py:190} INFO - [2024-10-03T22:46:17.795-0400] {dag.py:4180} INFO - Setting next_dagrun for example_bash_operator to 2024-10-03 00:00:00+00:00, run_after=2024-10-04 00:00:00+00:00
[2024-10-03T22:46:18.664-0400] {processor.py:208} INFO - Processing /home/patrick/.cache/pypoetry/virtualenvs/airflow-wPbgcfzP-py3.10/lib/python3.10/site-packages/airflow/example_dags/example_bash_operator.py took 19.000 seconds
[2024-10-03T22:53:11.519-0400] {processor.py:186} INFO - Started process (PID=35282) to work on /home/patrick/.cache/pypoetry/virtualenvs/airflow-wPbgcfzP-py3.10/lib/python3.10/site-packages/airflow/example_dags/example_bash_operator.py
[2024-10-03T22:53:11.520-0400] {processor.py:914} INFO - Processing file /home/patrick/.cache/pypoetry/virtualenvs/airflow-wPbgcfzP-py3.10/lib/python3.10/site-packages/airflow/example_dags/example_bash_operator.py for tasks to queue
[2024-10-03T22:53:11.521-0400] {logging_mixin.py:190} INFO - [2024-10-03T22:53:11.521-0400] {dagbag.py:588} INFO - Filling up the DagBag from /home/patrick/.cache/pypoetry/virtualenvs/airflow-wPbgcfzP-py3.10/lib/python3.10/site-packages/airflow/example_dags/example_bash_operator.py
[2024-10-03T22:53:11.529-0400] {processor.py:925} INFO - DAG(s) 'example_bash_operator' retrieved from /home/patrick/.cache/pypoetry/virtualenvs/airflow-wPbgcfzP-py3.10/lib/python3.10/site-packages/airflow/example_dags/example_bash_operator.py
[2024-10-03T22:53:16.678-0400] {logging_mixin.py:190} INFO - [2024-10-03T22:53:16.678-0400] {dag.py:3239} INFO - Sync 1 DAGs
[2024-10-03T22:53:16.841-0400] {logging_mixin.py:190} INFO - [2024-10-03T22:53:16.841-0400] {dag.py:4180} INFO - Setting next_dagrun for example_bash_operator to 2024-10-03 00:00:00+00:00, run_after=2024-10-04 00:00:00+00:00
[2024-10-03T22:53:17.422-0400] {processor.py:208} INFO - Processing /home/patrick/.cache/pypoetry/virtualenvs/airflow-wPbgcfzP-py3.10/lib/python3.10/site-packages/airflow/example_dags/example_bash_operator.py took 5.907 seconds
[2024-10-03T22:58:58.452-0400] {processor.py:186} INFO - Started process (PID=36920) to work on /home/patrick/.cache/pypoetry/virtualenvs/airflow-wPbgcfzP-py3.10/lib/python3.10/site-packages/airflow/example_dags/example_bash_operator.py
[2024-10-03T22:58:58.453-0400] {processor.py:914} INFO - Processing file /home/patrick/.cache/pypoetry/virtualenvs/airflow-wPbgcfzP-py3.10/lib/python3.10/site-packages/airflow/example_dags/example_bash_operator.py for tasks to queue
[2024-10-03T22:58:58.455-0400] {logging_mixin.py:190} INFO - [2024-10-03T22:58:58.455-0400] {dagbag.py:588} INFO - Filling up the DagBag from /home/patrick/.cache/pypoetry/virtualenvs/airflow-wPbgcfzP-py3.10/lib/python3.10/site-packages/airflow/example_dags/example_bash_operator.py
[2024-10-03T22:58:58.465-0400] {processor.py:925} INFO - DAG(s) 'example_bash_operator' retrieved from /home/patrick/.cache/pypoetry/virtualenvs/airflow-wPbgcfzP-py3.10/lib/python3.10/site-packages/airflow/example_dags/example_bash_operator.py
[2024-10-03T22:59:08.488-0400] {logging_mixin.py:190} INFO - [2024-10-03T22:59:08.488-0400] {dag.py:3239} INFO - Sync 1 DAGs
[2024-10-03T22:59:08.676-0400] {logging_mixin.py:190} INFO - [2024-10-03T22:59:08.676-0400] {dag.py:4180} INFO - Setting next_dagrun for example_bash_operator to 2024-10-03 00:00:00+00:00, run_after=2024-10-04 00:00:00+00:00
[2024-10-03T22:59:09.324-0400] {processor.py:208} INFO - Processing /home/patrick/.cache/pypoetry/virtualenvs/airflow-wPbgcfzP-py3.10/lib/python3.10/site-packages/airflow/example_dags/example_bash_operator.py took 10.876 seconds
[2024-10-03T23:05:50.324-0400] {processor.py:186} INFO - Started process (PID=38759) to work on /home/patrick/.cache/pypoetry/virtualenvs/airflow-wPbgcfzP-py3.10/lib/python3.10/site-packages/airflow/example_dags/example_bash_operator.py
[2024-10-03T23:05:50.325-0400] {processor.py:914} INFO - Processing file /home/patrick/.cache/pypoetry/virtualenvs/airflow-wPbgcfzP-py3.10/lib/python3.10/site-packages/airflow/example_dags/example_bash_operator.py for tasks to queue
[2024-10-03T23:05:50.326-0400] {logging_mixin.py:190} INFO - [2024-10-03T23:05:50.326-0400] {dagbag.py:588} INFO - Filling up the DagBag from /home/patrick/.cache/pypoetry/virtualenvs/airflow-wPbgcfzP-py3.10/lib/python3.10/site-packages/airflow/example_dags/example_bash_operator.py
[2024-10-03T23:05:50.335-0400] {processor.py:925} INFO - DAG(s) 'example_bash_operator' retrieved from /home/patrick/.cache/pypoetry/virtualenvs/airflow-wPbgcfzP-py3.10/lib/python3.10/site-packages/airflow/example_dags/example_bash_operator.py
[2024-10-03T23:05:55.948-0400] {logging_mixin.py:190} INFO - [2024-10-03T23:05:55.947-0400] {dag.py:3239} INFO - Sync 1 DAGs
[2024-10-03T23:05:56.570-0400] {logging_mixin.py:190} INFO - [2024-10-03T23:05:56.570-0400] {dag.py:4180} INFO - Setting next_dagrun for example_bash_operator to 2024-10-03 00:00:00+00:00, run_after=2024-10-04 00:00:00+00:00
[2024-10-03T23:05:57.345-0400] {processor.py:208} INFO - Processing /home/patrick/.cache/pypoetry/virtualenvs/airflow-wPbgcfzP-py3.10/lib/python3.10/site-packages/airflow/example_dags/example_bash_operator.py took 7.025 seconds
[2024-10-03T23:11:08.584-0400] {processor.py:186} INFO - Started process (PID=40133) to work on /home/patrick/.cache/pypoetry/virtualenvs/airflow-wPbgcfzP-py3.10/lib/python3.10/site-packages/airflow/example_dags/example_bash_operator.py
[2024-10-03T23:11:08.585-0400] {processor.py:914} INFO - Processing file /home/patrick/.cache/pypoetry/virtualenvs/airflow-wPbgcfzP-py3.10/lib/python3.10/site-packages/airflow/example_dags/example_bash_operator.py for tasks to queue
[2024-10-03T23:11:08.587-0400] {logging_mixin.py:190} INFO - [2024-10-03T23:11:08.587-0400] {dagbag.py:588} INFO - Filling up the DagBag from /home/patrick/.cache/pypoetry/virtualenvs/airflow-wPbgcfzP-py3.10/lib/python3.10/site-packages/airflow/example_dags/example_bash_operator.py
[2024-10-03T23:11:08.597-0400] {processor.py:925} INFO - DAG(s) 'example_bash_operator' retrieved from /home/patrick/.cache/pypoetry/virtualenvs/airflow-wPbgcfzP-py3.10/lib/python3.10/site-packages/airflow/example_dags/example_bash_operator.py
[2024-10-03T23:11:11.079-0400] {logging_mixin.py:190} INFO - [2024-10-03T23:11:11.079-0400] {dag.py:3239} INFO - Sync 1 DAGs
[2024-10-03T23:11:11.227-0400] {logging_mixin.py:190} INFO - [2024-10-03T23:11:11.227-0400] {dag.py:4180} INFO - Setting next_dagrun for example_bash_operator to 2024-10-03 00:00:00+00:00, run_after=2024-10-04 00:00:00+00:00
[2024-10-03T23:11:11.857-0400] {processor.py:208} INFO - Processing /home/patrick/.cache/pypoetry/virtualenvs/airflow-wPbgcfzP-py3.10/lib/python3.10/site-packages/airflow/example_dags/example_bash_operator.py took 3.277 seconds
[2024-10-03T23:15:41.526-0400] {processor.py:186} INFO - Started process (PID=41326) to work on /home/patrick/.cache/pypoetry/virtualenvs/airflow-wPbgcfzP-py3.10/lib/python3.10/site-packages/airflow/example_dags/example_bash_operator.py
[2024-10-03T23:15:41.529-0400] {processor.py:914} INFO - Processing file /home/patrick/.cache/pypoetry/virtualenvs/airflow-wPbgcfzP-py3.10/lib/python3.10/site-packages/airflow/example_dags/example_bash_operator.py for tasks to queue
[2024-10-03T23:15:41.531-0400] {logging_mixin.py:190} INFO - [2024-10-03T23:15:41.530-0400] {dagbag.py:588} INFO - Filling up the DagBag from /home/patrick/.cache/pypoetry/virtualenvs/airflow-wPbgcfzP-py3.10/lib/python3.10/site-packages/airflow/example_dags/example_bash_operator.py
[2024-10-03T23:15:41.540-0400] {processor.py:925} INFO - DAG(s) 'example_bash_operator' retrieved from /home/patrick/.cache/pypoetry/virtualenvs/airflow-wPbgcfzP-py3.10/lib/python3.10/site-packages/airflow/example_dags/example_bash_operator.py
[2024-10-03T23:15:47.291-0400] {logging_mixin.py:190} INFO - [2024-10-03T23:15:47.290-0400] {dag.py:3239} INFO - Sync 1 DAGs
[2024-10-03T23:15:47.644-0400] {logging_mixin.py:190} INFO - [2024-10-03T23:15:47.643-0400] {dag.py:4180} INFO - Setting next_dagrun for example_bash_operator to 2024-10-03 00:00:00+00:00, run_after=2024-10-04 00:00:00+00:00
[2024-10-03T23:15:48.317-0400] {processor.py:208} INFO - Processing /home/patrick/.cache/pypoetry/virtualenvs/airflow-wPbgcfzP-py3.10/lib/python3.10/site-packages/airflow/example_dags/example_bash_operator.py took 6.795 seconds
[2024-10-03T23:19:39.700-0400] {processor.py:186} INFO - Started process (PID=42371) to work on /home/patrick/.cache/pypoetry/virtualenvs/airflow-wPbgcfzP-py3.10/lib/python3.10/site-packages/airflow/example_dags/example_bash_operator.py
[2024-10-03T23:19:39.701-0400] {processor.py:914} INFO - Processing file /home/patrick/.cache/pypoetry/virtualenvs/airflow-wPbgcfzP-py3.10/lib/python3.10/site-packages/airflow/example_dags/example_bash_operator.py for tasks to queue
[2024-10-03T23:19:39.702-0400] {logging_mixin.py:190} INFO - [2024-10-03T23:19:39.702-0400] {dagbag.py:588} INFO - Filling up the DagBag from /home/patrick/.cache/pypoetry/virtualenvs/airflow-wPbgcfzP-py3.10/lib/python3.10/site-packages/airflow/example_dags/example_bash_operator.py
[2024-10-03T23:19:39.710-0400] {processor.py:925} INFO - DAG(s) 'example_bash_operator' retrieved from /home/patrick/.cache/pypoetry/virtualenvs/airflow-wPbgcfzP-py3.10/lib/python3.10/site-packages/airflow/example_dags/example_bash_operator.py
[2024-10-03T23:19:42.034-0400] {logging_mixin.py:190} INFO - [2024-10-03T23:19:42.033-0400] {dag.py:3239} INFO - Sync 1 DAGs
[2024-10-03T23:19:42.238-0400] {logging_mixin.py:190} INFO - [2024-10-03T23:19:42.238-0400] {dag.py:4180} INFO - Setting next_dagrun for example_bash_operator to 2024-10-03 00:00:00+00:00, run_after=2024-10-04 00:00:00+00:00
[2024-10-03T23:19:42.891-0400] {processor.py:208} INFO - Processing /home/patrick/.cache/pypoetry/virtualenvs/airflow-wPbgcfzP-py3.10/lib/python3.10/site-packages/airflow/example_dags/example_bash_operator.py took 3.195 seconds
[2024-10-03T23:25:24.102-0400] {processor.py:186} INFO - Started process (PID=43846) to work on /home/patrick/.cache/pypoetry/virtualenvs/airflow-wPbgcfzP-py3.10/lib/python3.10/site-packages/airflow/example_dags/example_bash_operator.py
[2024-10-03T23:25:24.103-0400] {processor.py:914} INFO - Processing file /home/patrick/.cache/pypoetry/virtualenvs/airflow-wPbgcfzP-py3.10/lib/python3.10/site-packages/airflow/example_dags/example_bash_operator.py for tasks to queue
[2024-10-03T23:25:24.104-0400] {logging_mixin.py:190} INFO - [2024-10-03T23:25:24.104-0400] {dagbag.py:588} INFO - Filling up the DagBag from /home/patrick/.cache/pypoetry/virtualenvs/airflow-wPbgcfzP-py3.10/lib/python3.10/site-packages/airflow/example_dags/example_bash_operator.py
[2024-10-03T23:25:24.113-0400] {processor.py:925} INFO - DAG(s) 'example_bash_operator' retrieved from /home/patrick/.cache/pypoetry/virtualenvs/airflow-wPbgcfzP-py3.10/lib/python3.10/site-packages/airflow/example_dags/example_bash_operator.py
[2024-10-03T23:25:27.811-0400] {logging_mixin.py:190} INFO - [2024-10-03T23:25:27.811-0400] {dag.py:3239} INFO - Sync 1 DAGs
[2024-10-03T23:25:28.000-0400] {logging_mixin.py:190} INFO - [2024-10-03T23:25:28.000-0400] {dag.py:4180} INFO - Setting next_dagrun for example_bash_operator to 2024-10-03 00:00:00+00:00, run_after=2024-10-04 00:00:00+00:00
[2024-10-03T23:25:28.679-0400] {processor.py:208} INFO - Processing /home/patrick/.cache/pypoetry/virtualenvs/airflow-wPbgcfzP-py3.10/lib/python3.10/site-packages/airflow/example_dags/example_bash_operator.py took 4.580 seconds
[2024-10-03T23:29:42.957-0400] {processor.py:186} INFO - Started process (PID=44950) to work on /home/patrick/.cache/pypoetry/virtualenvs/airflow-wPbgcfzP-py3.10/lib/python3.10/site-packages/airflow/example_dags/example_bash_operator.py
[2024-10-03T23:29:42.958-0400] {processor.py:914} INFO - Processing file /home/patrick/.cache/pypoetry/virtualenvs/airflow-wPbgcfzP-py3.10/lib/python3.10/site-packages/airflow/example_dags/example_bash_operator.py for tasks to queue
[2024-10-03T23:29:42.960-0400] {logging_mixin.py:190} INFO - [2024-10-03T23:29:42.960-0400] {dagbag.py:588} INFO - Filling up the DagBag from /home/patrick/.cache/pypoetry/virtualenvs/airflow-wPbgcfzP-py3.10/lib/python3.10/site-packages/airflow/example_dags/example_bash_operator.py
[2024-10-03T23:29:42.967-0400] {processor.py:925} INFO - DAG(s) 'example_bash_operator' retrieved from /home/patrick/.cache/pypoetry/virtualenvs/airflow-wPbgcfzP-py3.10/lib/python3.10/site-packages/airflow/example_dags/example_bash_operator.py
[2024-10-03T23:29:46.226-0400] {logging_mixin.py:190} INFO - [2024-10-03T23:29:46.226-0400] {dag.py:3239} INFO - Sync 1 DAGs
[2024-10-03T23:29:46.492-0400] {logging_mixin.py:190} INFO - [2024-10-03T23:29:46.492-0400] {dag.py:4180} INFO - Setting next_dagrun for example_bash_operator to 2024-10-03 00:00:00+00:00, run_after=2024-10-04 00:00:00+00:00
[2024-10-03T23:29:47.230-0400] {processor.py:208} INFO - Processing /home/patrick/.cache/pypoetry/virtualenvs/airflow-wPbgcfzP-py3.10/lib/python3.10/site-packages/airflow/example_dags/example_bash_operator.py took 4.277 seconds
[2024-10-03T23:34:03.239-0400] {processor.py:186} INFO - Started process (PID=46125) to work on /home/patrick/.cache/pypoetry/virtualenvs/airflow-wPbgcfzP-py3.10/lib/python3.10/site-packages/airflow/example_dags/example_bash_operator.py
[2024-10-03T23:34:03.240-0400] {processor.py:914} INFO - Processing file /home/patrick/.cache/pypoetry/virtualenvs/airflow-wPbgcfzP-py3.10/lib/python3.10/site-packages/airflow/example_dags/example_bash_operator.py for tasks to queue
[2024-10-03T23:34:03.241-0400] {logging_mixin.py:190} INFO - [2024-10-03T23:34:03.241-0400] {dagbag.py:588} INFO - Filling up the DagBag from /home/patrick/.cache/pypoetry/virtualenvs/airflow-wPbgcfzP-py3.10/lib/python3.10/site-packages/airflow/example_dags/example_bash_operator.py
[2024-10-03T23:34:03.249-0400] {processor.py:925} INFO - DAG(s) 'example_bash_operator' retrieved from /home/patrick/.cache/pypoetry/virtualenvs/airflow-wPbgcfzP-py3.10/lib/python3.10/site-packages/airflow/example_dags/example_bash_operator.py
[2024-10-03T23:34:16.528-0400] {logging_mixin.py:190} INFO - [2024-10-03T23:34:16.528-0400] {dag.py:3239} INFO - Sync 1 DAGs
[2024-10-03T23:34:17.211-0400] {logging_mixin.py:190} INFO - [2024-10-03T23:34:17.211-0400] {dag.py:4180} INFO - Setting next_dagrun for example_bash_operator to 2024-10-03 00:00:00+00:00, run_after=2024-10-04 00:00:00+00:00
[2024-10-03T23:34:18.862-0400] {processor.py:208} INFO - Processing /home/patrick/.cache/pypoetry/virtualenvs/airflow-wPbgcfzP-py3.10/lib/python3.10/site-packages/airflow/example_dags/example_bash_operator.py took 15.627 seconds
[2024-10-03T23:38:58.424-0400] {processor.py:186} INFO - Started process (PID=47386) to work on /home/patrick/.cache/pypoetry/virtualenvs/airflow-wPbgcfzP-py3.10/lib/python3.10/site-packages/airflow/example_dags/example_bash_operator.py
[2024-10-03T23:38:58.425-0400] {processor.py:914} INFO - Processing file /home/patrick/.cache/pypoetry/virtualenvs/airflow-wPbgcfzP-py3.10/lib/python3.10/site-packages/airflow/example_dags/example_bash_operator.py for tasks to queue
[2024-10-03T23:38:58.427-0400] {logging_mixin.py:190} INFO - [2024-10-03T23:38:58.426-0400] {dagbag.py:588} INFO - Filling up the DagBag from /home/patrick/.cache/pypoetry/virtualenvs/airflow-wPbgcfzP-py3.10/lib/python3.10/site-packages/airflow/example_dags/example_bash_operator.py
[2024-10-03T23:38:58.436-0400] {processor.py:925} INFO - DAG(s) 'example_bash_operator' retrieved from /home/patrick/.cache/pypoetry/virtualenvs/airflow-wPbgcfzP-py3.10/lib/python3.10/site-packages/airflow/example_dags/example_bash_operator.py
[2024-10-03T23:39:00.513-0400] {logging_mixin.py:190} INFO - [2024-10-03T23:39:00.513-0400] {dag.py:3239} INFO - Sync 1 DAGs
[2024-10-03T23:39:00.834-0400] {logging_mixin.py:190} INFO - [2024-10-03T23:39:00.833-0400] {dag.py:4180} INFO - Setting next_dagrun for example_bash_operator to 2024-10-03 00:00:00+00:00, run_after=2024-10-04 00:00:00+00:00
[2024-10-03T23:39:01.627-0400] {processor.py:208} INFO - Processing /home/patrick/.cache/pypoetry/virtualenvs/airflow-wPbgcfzP-py3.10/lib/python3.10/site-packages/airflow/example_dags/example_bash_operator.py took 3.208 seconds
[2024-10-03T23:42:58.053-0400] {processor.py:186} INFO - Started process (PID=48421) to work on /home/patrick/.cache/pypoetry/virtualenvs/airflow-wPbgcfzP-py3.10/lib/python3.10/site-packages/airflow/example_dags/example_bash_operator.py
[2024-10-03T23:42:58.054-0400] {processor.py:914} INFO - Processing file /home/patrick/.cache/pypoetry/virtualenvs/airflow-wPbgcfzP-py3.10/lib/python3.10/site-packages/airflow/example_dags/example_bash_operator.py for tasks to queue
[2024-10-03T23:42:58.055-0400] {logging_mixin.py:190} INFO - [2024-10-03T23:42:58.055-0400] {dagbag.py:588} INFO - Filling up the DagBag from /home/patrick/.cache/pypoetry/virtualenvs/airflow-wPbgcfzP-py3.10/lib/python3.10/site-packages/airflow/example_dags/example_bash_operator.py
[2024-10-03T23:42:58.066-0400] {processor.py:925} INFO - DAG(s) 'example_bash_operator' retrieved from /home/patrick/.cache/pypoetry/virtualenvs/airflow-wPbgcfzP-py3.10/lib/python3.10/site-packages/airflow/example_dags/example_bash_operator.py
[2024-10-03T23:43:01.972-0400] {logging_mixin.py:190} INFO - [2024-10-03T23:43:01.972-0400] {dag.py:3239} INFO - Sync 1 DAGs
[2024-10-03T23:43:02.174-0400] {logging_mixin.py:190} INFO - [2024-10-03T23:43:02.174-0400] {dag.py:4180} INFO - Setting next_dagrun for example_bash_operator to 2024-10-03 00:00:00+00:00, run_after=2024-10-04 00:00:00+00:00
[2024-10-03T23:43:02.719-0400] {processor.py:208} INFO - Processing /home/patrick/.cache/pypoetry/virtualenvs/airflow-wPbgcfzP-py3.10/lib/python3.10/site-packages/airflow/example_dags/example_bash_operator.py took 4.670 seconds
[2024-10-03T23:46:58.839-0400] {processor.py:186} INFO - Started process (PID=49464) to work on /home/patrick/.cache/pypoetry/virtualenvs/airflow-wPbgcfzP-py3.10/lib/python3.10/site-packages/airflow/example_dags/example_bash_operator.py
[2024-10-03T23:46:58.843-0400] {processor.py:914} INFO - Processing file /home/patrick/.cache/pypoetry/virtualenvs/airflow-wPbgcfzP-py3.10/lib/python3.10/site-packages/airflow/example_dags/example_bash_operator.py for tasks to queue
[2024-10-03T23:46:58.845-0400] {logging_mixin.py:190} INFO - [2024-10-03T23:46:58.844-0400] {dagbag.py:588} INFO - Filling up the DagBag from /home/patrick/.cache/pypoetry/virtualenvs/airflow-wPbgcfzP-py3.10/lib/python3.10/site-packages/airflow/example_dags/example_bash_operator.py
[2024-10-03T23:46:58.853-0400] {processor.py:925} INFO - DAG(s) 'example_bash_operator' retrieved from /home/patrick/.cache/pypoetry/virtualenvs/airflow-wPbgcfzP-py3.10/lib/python3.10/site-packages/airflow/example_dags/example_bash_operator.py
[2024-10-03T23:47:00.741-0400] {logging_mixin.py:190} INFO - [2024-10-03T23:47:00.741-0400] {dag.py:3239} INFO - Sync 1 DAGs
[2024-10-03T23:47:00.956-0400] {logging_mixin.py:190} INFO - [2024-10-03T23:47:00.956-0400] {dag.py:4180} INFO - Setting next_dagrun for example_bash_operator to 2024-10-03 00:00:00+00:00, run_after=2024-10-04 00:00:00+00:00
[2024-10-03T23:47:01.898-0400] {processor.py:208} INFO - Processing /home/patrick/.cache/pypoetry/virtualenvs/airflow-wPbgcfzP-py3.10/lib/python3.10/site-packages/airflow/example_dags/example_bash_operator.py took 3.063 seconds
[2024-10-03T23:51:16.901-0400] {processor.py:186} INFO - Started process (PID=50568) to work on /home/patrick/.cache/pypoetry/virtualenvs/airflow-wPbgcfzP-py3.10/lib/python3.10/site-packages/airflow/example_dags/example_bash_operator.py
[2024-10-03T23:51:16.904-0400] {processor.py:914} INFO - Processing file /home/patrick/.cache/pypoetry/virtualenvs/airflow-wPbgcfzP-py3.10/lib/python3.10/site-packages/airflow/example_dags/example_bash_operator.py for tasks to queue
[2024-10-03T23:51:16.913-0400] {logging_mixin.py:190} INFO - [2024-10-03T23:51:16.912-0400] {dagbag.py:588} INFO - Filling up the DagBag from /home/patrick/.cache/pypoetry/virtualenvs/airflow-wPbgcfzP-py3.10/lib/python3.10/site-packages/airflow/example_dags/example_bash_operator.py
[2024-10-03T23:51:16.922-0400] {processor.py:925} INFO - DAG(s) 'example_bash_operator' retrieved from /home/patrick/.cache/pypoetry/virtualenvs/airflow-wPbgcfzP-py3.10/lib/python3.10/site-packages/airflow/example_dags/example_bash_operator.py
[2024-10-03T23:51:20.221-0400] {logging_mixin.py:190} INFO - [2024-10-03T23:51:20.221-0400] {dag.py:3239} INFO - Sync 1 DAGs
[2024-10-03T23:51:20.387-0400] {logging_mixin.py:190} INFO - [2024-10-03T23:51:20.387-0400] {dag.py:4180} INFO - Setting next_dagrun for example_bash_operator to 2024-10-03 00:00:00+00:00, run_after=2024-10-04 00:00:00+00:00
[2024-10-03T23:51:20.961-0400] {processor.py:208} INFO - Processing /home/patrick/.cache/pypoetry/virtualenvs/airflow-wPbgcfzP-py3.10/lib/python3.10/site-packages/airflow/example_dags/example_bash_operator.py took 4.064 seconds
[2024-10-03T23:55:34.097-0400] {processor.py:186} INFO - Started process (PID=51671) to work on /home/patrick/.cache/pypoetry/virtualenvs/airflow-wPbgcfzP-py3.10/lib/python3.10/site-packages/airflow/example_dags/example_bash_operator.py
[2024-10-03T23:55:34.098-0400] {processor.py:914} INFO - Processing file /home/patrick/.cache/pypoetry/virtualenvs/airflow-wPbgcfzP-py3.10/lib/python3.10/site-packages/airflow/example_dags/example_bash_operator.py for tasks to queue
[2024-10-03T23:55:34.100-0400] {logging_mixin.py:190} INFO - [2024-10-03T23:55:34.099-0400] {dagbag.py:588} INFO - Filling up the DagBag from /home/patrick/.cache/pypoetry/virtualenvs/airflow-wPbgcfzP-py3.10/lib/python3.10/site-packages/airflow/example_dags/example_bash_operator.py
[2024-10-03T23:55:34.109-0400] {processor.py:925} INFO - DAG(s) 'example_bash_operator' retrieved from /home/patrick/.cache/pypoetry/virtualenvs/airflow-wPbgcfzP-py3.10/lib/python3.10/site-packages/airflow/example_dags/example_bash_operator.py
[2024-10-03T23:55:39.439-0400] {logging_mixin.py:190} INFO - [2024-10-03T23:55:39.439-0400] {dag.py:3239} INFO - Sync 1 DAGs
[2024-10-03T23:55:39.616-0400] {logging_mixin.py:190} INFO - [2024-10-03T23:55:39.616-0400] {dag.py:4180} INFO - Setting next_dagrun for example_bash_operator to 2024-10-03 00:00:00+00:00, run_after=2024-10-04 00:00:00+00:00
[2024-10-03T23:55:40.267-0400] {processor.py:208} INFO - Processing /home/patrick/.cache/pypoetry/virtualenvs/airflow-wPbgcfzP-py3.10/lib/python3.10/site-packages/airflow/example_dags/example_bash_operator.py took 6.175 seconds
[2024-10-03T23:59:16.317-0400] {processor.py:186} INFO - Started process (PID=52635) to work on /home/patrick/.cache/pypoetry/virtualenvs/airflow-wPbgcfzP-py3.10/lib/python3.10/site-packages/airflow/example_dags/example_bash_operator.py
[2024-10-03T23:59:16.318-0400] {processor.py:914} INFO - Processing file /home/patrick/.cache/pypoetry/virtualenvs/airflow-wPbgcfzP-py3.10/lib/python3.10/site-packages/airflow/example_dags/example_bash_operator.py for tasks to queue
[2024-10-03T23:59:16.320-0400] {logging_mixin.py:190} INFO - [2024-10-03T23:59:16.319-0400] {dagbag.py:588} INFO - Filling up the DagBag from /home/patrick/.cache/pypoetry/virtualenvs/airflow-wPbgcfzP-py3.10/lib/python3.10/site-packages/airflow/example_dags/example_bash_operator.py
[2024-10-03T23:59:16.330-0400] {processor.py:925} INFO - DAG(s) 'example_bash_operator' retrieved from /home/patrick/.cache/pypoetry/virtualenvs/airflow-wPbgcfzP-py3.10/lib/python3.10/site-packages/airflow/example_dags/example_bash_operator.py
[2024-10-03T23:59:19.199-0400] {logging_mixin.py:190} INFO - [2024-10-03T23:59:19.199-0400] {dag.py:3239} INFO - Sync 1 DAGs
[2024-10-03T23:59:19.547-0400] {logging_mixin.py:190} INFO - [2024-10-03T23:59:19.546-0400] {dag.py:4180} INFO - Setting next_dagrun for example_bash_operator to 2024-10-03 00:00:00+00:00, run_after=2024-10-04 00:00:00+00:00
[2024-10-03T23:59:20.451-0400] {processor.py:208} INFO - Processing /home/patrick/.cache/pypoetry/virtualenvs/airflow-wPbgcfzP-py3.10/lib/python3.10/site-packages/airflow/example_dags/example_bash_operator.py took 4.138 seconds
[2024-10-04T00:03:57.288-0400] {processor.py:186} INFO - Started process (PID=53893) to work on /home/patrick/.cache/pypoetry/virtualenvs/airflow-wPbgcfzP-py3.10/lib/python3.10/site-packages/airflow/example_dags/example_bash_operator.py
[2024-10-04T00:03:57.289-0400] {processor.py:914} INFO - Processing file /home/patrick/.cache/pypoetry/virtualenvs/airflow-wPbgcfzP-py3.10/lib/python3.10/site-packages/airflow/example_dags/example_bash_operator.py for tasks to queue
[2024-10-04T00:03:57.291-0400] {logging_mixin.py:190} INFO - [2024-10-04T00:03:57.291-0400] {dagbag.py:588} INFO - Filling up the DagBag from /home/patrick/.cache/pypoetry/virtualenvs/airflow-wPbgcfzP-py3.10/lib/python3.10/site-packages/airflow/example_dags/example_bash_operator.py
[2024-10-04T00:03:57.301-0400] {processor.py:925} INFO - DAG(s) 'example_bash_operator' retrieved from /home/patrick/.cache/pypoetry/virtualenvs/airflow-wPbgcfzP-py3.10/lib/python3.10/site-packages/airflow/example_dags/example_bash_operator.py
[2024-10-04T00:03:59.777-0400] {logging_mixin.py:190} INFO - [2024-10-04T00:03:59.777-0400] {dag.py:3239} INFO - Sync 1 DAGs
[2024-10-04T00:03:59.906-0400] {logging_mixin.py:190} INFO - [2024-10-04T00:03:59.906-0400] {dag.py:4180} INFO - Setting next_dagrun for example_bash_operator to 2024-10-03 00:00:00+00:00, run_after=2024-10-04 00:00:00+00:00
[2024-10-04T00:04:00.509-0400] {processor.py:208} INFO - Processing /home/patrick/.cache/pypoetry/virtualenvs/airflow-wPbgcfzP-py3.10/lib/python3.10/site-packages/airflow/example_dags/example_bash_operator.py took 3.225 seconds
