[2024-10-03T20:46:11.375-0400] {processor.py:186} INFO - Started process (PID=1415) to work on /home/patrick/.cache/pypoetry/virtualenvs/airflow-wPbgcfzP-py3.10/lib/python3.10/site-packages/airflow/example_dags/example_xcomargs.py
[2024-10-03T20:46:11.376-0400] {processor.py:914} INFO - Processing file /home/patrick/.cache/pypoetry/virtualenvs/airflow-wPbgcfzP-py3.10/lib/python3.10/site-packages/airflow/example_dags/example_xcomargs.py for tasks to queue
[2024-10-03T20:46:11.378-0400] {logging_mixin.py:190} INFO - [2024-10-03T20:46:11.377-0400] {dagbag.py:588} INFO - Filling up the DagBag from /home/patrick/.cache/pypoetry/virtualenvs/airflow-wPbgcfzP-py3.10/lib/python3.10/site-packages/airflow/example_dags/example_xcomargs.py
[2024-10-03T20:46:11.384-0400] {processor.py:925} INFO - DAG(s) 'example_xcom_args_with_operators', 'example_xcom_args' retrieved from /home/patrick/.cache/pypoetry/virtualenvs/airflow-wPbgcfzP-py3.10/lib/python3.10/site-packages/airflow/example_dags/example_xcomargs.py
[2024-10-03T20:46:29.229-0400] {logging_mixin.py:190} INFO - [2024-10-03T20:46:29.228-0400] {dag.py:3239} INFO - Sync 2 DAGs
[2024-10-03T20:46:29.846-0400] {logging_mixin.py:190} INFO - [2024-10-03T20:46:29.846-0400] {dag.py:4180} INFO - Setting next_dagrun for example_xcom_args to None, run_after=None
[2024-10-03T20:46:29.919-0400] {logging_mixin.py:190} INFO - [2024-10-03T20:46:29.919-0400] {dag.py:4180} INFO - Setting next_dagrun for example_xcom_args_with_operators to None, run_after=None
[2024-10-03T20:46:30.606-0400] {processor.py:208} INFO - Processing /home/patrick/.cache/pypoetry/virtualenvs/airflow-wPbgcfzP-py3.10/lib/python3.10/site-packages/airflow/example_dags/example_xcomargs.py took 19.235 seconds
[2024-10-03T20:59:54.352-0400] {processor.py:186} INFO - Started process (PID=4904) to work on /home/patrick/.cache/pypoetry/virtualenvs/airflow-wPbgcfzP-py3.10/lib/python3.10/site-packages/airflow/example_dags/example_xcomargs.py
[2024-10-03T20:59:54.353-0400] {processor.py:914} INFO - Processing file /home/patrick/.cache/pypoetry/virtualenvs/airflow-wPbgcfzP-py3.10/lib/python3.10/site-packages/airflow/example_dags/example_xcomargs.py for tasks to queue
[2024-10-03T20:59:54.354-0400] {logging_mixin.py:190} INFO - [2024-10-03T20:59:54.354-0400] {dagbag.py:588} INFO - Filling up the DagBag from /home/patrick/.cache/pypoetry/virtualenvs/airflow-wPbgcfzP-py3.10/lib/python3.10/site-packages/airflow/example_dags/example_xcomargs.py
[2024-10-03T20:59:54.361-0400] {processor.py:925} INFO - DAG(s) 'example_xcom_args_with_operators', 'example_xcom_args' retrieved from /home/patrick/.cache/pypoetry/virtualenvs/airflow-wPbgcfzP-py3.10/lib/python3.10/site-packages/airflow/example_dags/example_xcomargs.py
[2024-10-03T20:59:57.991-0400] {logging_mixin.py:190} INFO - [2024-10-03T20:59:57.991-0400] {dag.py:3239} INFO - Sync 2 DAGs
[2024-10-03T20:59:58.151-0400] {logging_mixin.py:190} INFO - [2024-10-03T20:59:58.150-0400] {dag.py:4180} INFO - Setting next_dagrun for example_xcom_args to None, run_after=None
[2024-10-03T20:59:58.206-0400] {logging_mixin.py:190} INFO - [2024-10-03T20:59:58.206-0400] {dag.py:4180} INFO - Setting next_dagrun for example_xcom_args_with_operators to None, run_after=None
[2024-10-03T20:59:58.826-0400] {processor.py:208} INFO - Processing /home/patrick/.cache/pypoetry/virtualenvs/airflow-wPbgcfzP-py3.10/lib/python3.10/site-packages/airflow/example_dags/example_xcomargs.py took 4.478 seconds
[2024-10-03T21:03:38.650-0400] {processor.py:186} INFO - Started process (PID=5846) to work on /home/patrick/.cache/pypoetry/virtualenvs/airflow-wPbgcfzP-py3.10/lib/python3.10/site-packages/airflow/example_dags/example_xcomargs.py
[2024-10-03T21:03:38.651-0400] {processor.py:914} INFO - Processing file /home/patrick/.cache/pypoetry/virtualenvs/airflow-wPbgcfzP-py3.10/lib/python3.10/site-packages/airflow/example_dags/example_xcomargs.py for tasks to queue
[2024-10-03T21:03:38.651-0400] {logging_mixin.py:190} INFO - [2024-10-03T21:03:38.651-0400] {dagbag.py:588} INFO - Filling up the DagBag from /home/patrick/.cache/pypoetry/virtualenvs/airflow-wPbgcfzP-py3.10/lib/python3.10/site-packages/airflow/example_dags/example_xcomargs.py
[2024-10-03T21:03:38.657-0400] {processor.py:925} INFO - DAG(s) 'example_xcom_args', 'example_xcom_args_with_operators' retrieved from /home/patrick/.cache/pypoetry/virtualenvs/airflow-wPbgcfzP-py3.10/lib/python3.10/site-packages/airflow/example_dags/example_xcomargs.py
[2024-10-03T21:03:41.793-0400] {logging_mixin.py:190} INFO - [2024-10-03T21:03:41.793-0400] {dag.py:3239} INFO - Sync 2 DAGs
[2024-10-03T21:03:41.889-0400] {logging_mixin.py:190} INFO - [2024-10-03T21:03:41.889-0400] {dag.py:4180} INFO - Setting next_dagrun for example_xcom_args to None, run_after=None
[2024-10-03T21:03:41.938-0400] {logging_mixin.py:190} INFO - [2024-10-03T21:03:41.938-0400] {dag.py:4180} INFO - Setting next_dagrun for example_xcom_args_with_operators to None, run_after=None
[2024-10-03T21:03:42.539-0400] {processor.py:208} INFO - Processing /home/patrick/.cache/pypoetry/virtualenvs/airflow-wPbgcfzP-py3.10/lib/python3.10/site-packages/airflow/example_dags/example_xcomargs.py took 3.893 seconds
[2024-10-03T21:05:44.449-0400] {processor.py:186} INFO - Started process (PID=6391) to work on /home/patrick/.cache/pypoetry/virtualenvs/airflow-wPbgcfzP-py3.10/lib/python3.10/site-packages/airflow/example_dags/example_xcomargs.py
[2024-10-03T21:05:44.450-0400] {processor.py:914} INFO - Processing file /home/patrick/.cache/pypoetry/virtualenvs/airflow-wPbgcfzP-py3.10/lib/python3.10/site-packages/airflow/example_dags/example_xcomargs.py for tasks to queue
[2024-10-03T21:05:44.451-0400] {logging_mixin.py:190} INFO - [2024-10-03T21:05:44.451-0400] {dagbag.py:588} INFO - Filling up the DagBag from /home/patrick/.cache/pypoetry/virtualenvs/airflow-wPbgcfzP-py3.10/lib/python3.10/site-packages/airflow/example_dags/example_xcomargs.py
[2024-10-03T21:05:44.457-0400] {processor.py:925} INFO - DAG(s) 'example_xcom_args', 'example_xcom_args_with_operators' retrieved from /home/patrick/.cache/pypoetry/virtualenvs/airflow-wPbgcfzP-py3.10/lib/python3.10/site-packages/airflow/example_dags/example_xcomargs.py
[2024-10-03T21:05:46.500-0400] {logging_mixin.py:190} INFO - [2024-10-03T21:05:46.500-0400] {dag.py:3239} INFO - Sync 2 DAGs
[2024-10-03T21:05:46.580-0400] {logging_mixin.py:190} INFO - [2024-10-03T21:05:46.580-0400] {dag.py:4180} INFO - Setting next_dagrun for example_xcom_args to None, run_after=None
[2024-10-03T21:05:46.626-0400] {logging_mixin.py:190} INFO - [2024-10-03T21:05:46.626-0400] {dag.py:4180} INFO - Setting next_dagrun for example_xcom_args_with_operators to None, run_after=None
[2024-10-03T21:05:47.528-0400] {processor.py:208} INFO - Processing /home/patrick/.cache/pypoetry/virtualenvs/airflow-wPbgcfzP-py3.10/lib/python3.10/site-packages/airflow/example_dags/example_xcomargs.py took 3.082 seconds
[2024-10-03T21:07:57.376-0400] {processor.py:186} INFO - Started process (PID=6965) to work on /home/patrick/.cache/pypoetry/virtualenvs/airflow-wPbgcfzP-py3.10/lib/python3.10/site-packages/airflow/example_dags/example_xcomargs.py
[2024-10-03T21:07:57.376-0400] {processor.py:914} INFO - Processing file /home/patrick/.cache/pypoetry/virtualenvs/airflow-wPbgcfzP-py3.10/lib/python3.10/site-packages/airflow/example_dags/example_xcomargs.py for tasks to queue
[2024-10-03T21:07:57.377-0400] {logging_mixin.py:190} INFO - [2024-10-03T21:07:57.377-0400] {dagbag.py:588} INFO - Filling up the DagBag from /home/patrick/.cache/pypoetry/virtualenvs/airflow-wPbgcfzP-py3.10/lib/python3.10/site-packages/airflow/example_dags/example_xcomargs.py
[2024-10-03T21:07:57.383-0400] {processor.py:925} INFO - DAG(s) 'example_xcom_args_with_operators', 'example_xcom_args' retrieved from /home/patrick/.cache/pypoetry/virtualenvs/airflow-wPbgcfzP-py3.10/lib/python3.10/site-packages/airflow/example_dags/example_xcomargs.py
[2024-10-03T21:08:00.536-0400] {logging_mixin.py:190} INFO - [2024-10-03T21:08:00.536-0400] {dag.py:3239} INFO - Sync 2 DAGs
[2024-10-03T21:08:00.650-0400] {logging_mixin.py:190} INFO - [2024-10-03T21:08:00.650-0400] {dag.py:4180} INFO - Setting next_dagrun for example_xcom_args to None, run_after=None
[2024-10-03T21:08:00.690-0400] {logging_mixin.py:190} INFO - [2024-10-03T21:08:00.689-0400] {dag.py:4180} INFO - Setting next_dagrun for example_xcom_args_with_operators to None, run_after=None
[2024-10-03T21:08:01.249-0400] {processor.py:208} INFO - Processing /home/patrick/.cache/pypoetry/virtualenvs/airflow-wPbgcfzP-py3.10/lib/python3.10/site-packages/airflow/example_dags/example_xcomargs.py took 3.876 seconds
[2024-10-03T21:09:57.016-0400] {processor.py:186} INFO - Started process (PID=7484) to work on /home/patrick/.cache/pypoetry/virtualenvs/airflow-wPbgcfzP-py3.10/lib/python3.10/site-packages/airflow/example_dags/example_xcomargs.py
[2024-10-03T21:09:57.016-0400] {processor.py:914} INFO - Processing file /home/patrick/.cache/pypoetry/virtualenvs/airflow-wPbgcfzP-py3.10/lib/python3.10/site-packages/airflow/example_dags/example_xcomargs.py for tasks to queue
[2024-10-03T21:09:57.017-0400] {logging_mixin.py:190} INFO - [2024-10-03T21:09:57.017-0400] {dagbag.py:588} INFO - Filling up the DagBag from /home/patrick/.cache/pypoetry/virtualenvs/airflow-wPbgcfzP-py3.10/lib/python3.10/site-packages/airflow/example_dags/example_xcomargs.py
[2024-10-03T21:09:57.024-0400] {processor.py:925} INFO - DAG(s) 'example_xcom_args', 'example_xcom_args_with_operators' retrieved from /home/patrick/.cache/pypoetry/virtualenvs/airflow-wPbgcfzP-py3.10/lib/python3.10/site-packages/airflow/example_dags/example_xcomargs.py
[2024-10-03T21:10:00.161-0400] {logging_mixin.py:190} INFO - [2024-10-03T21:10:00.161-0400] {dag.py:3239} INFO - Sync 2 DAGs
[2024-10-03T21:10:00.355-0400] {logging_mixin.py:190} INFO - [2024-10-03T21:10:00.355-0400] {dag.py:4180} INFO - Setting next_dagrun for example_xcom_args to None, run_after=None
[2024-10-03T21:10:00.411-0400] {logging_mixin.py:190} INFO - [2024-10-03T21:10:00.411-0400] {dag.py:4180} INFO - Setting next_dagrun for example_xcom_args_with_operators to None, run_after=None
[2024-10-03T21:10:01.189-0400] {processor.py:208} INFO - Processing /home/patrick/.cache/pypoetry/virtualenvs/airflow-wPbgcfzP-py3.10/lib/python3.10/site-packages/airflow/example_dags/example_xcomargs.py took 4.177 seconds
[2024-10-03T21:13:59.368-0400] {processor.py:186} INFO - Started process (PID=8592) to work on /home/patrick/.cache/pypoetry/virtualenvs/airflow-wPbgcfzP-py3.10/lib/python3.10/site-packages/airflow/example_dags/example_xcomargs.py
[2024-10-03T21:13:59.369-0400] {processor.py:914} INFO - Processing file /home/patrick/.cache/pypoetry/virtualenvs/airflow-wPbgcfzP-py3.10/lib/python3.10/site-packages/airflow/example_dags/example_xcomargs.py for tasks to queue
[2024-10-03T21:13:59.371-0400] {logging_mixin.py:190} INFO - [2024-10-03T21:13:59.371-0400] {dagbag.py:588} INFO - Filling up the DagBag from /home/patrick/.cache/pypoetry/virtualenvs/airflow-wPbgcfzP-py3.10/lib/python3.10/site-packages/airflow/example_dags/example_xcomargs.py
[2024-10-03T21:13:59.377-0400] {processor.py:925} INFO - DAG(s) 'example_xcom_args_with_operators', 'example_xcom_args' retrieved from /home/patrick/.cache/pypoetry/virtualenvs/airflow-wPbgcfzP-py3.10/lib/python3.10/site-packages/airflow/example_dags/example_xcomargs.py
[2024-10-03T21:14:01.751-0400] {logging_mixin.py:190} INFO - [2024-10-03T21:14:01.751-0400] {dag.py:3239} INFO - Sync 2 DAGs
[2024-10-03T21:14:01.857-0400] {logging_mixin.py:190} INFO - [2024-10-03T21:14:01.856-0400] {dag.py:4180} INFO - Setting next_dagrun for example_xcom_args to None, run_after=None
[2024-10-03T21:14:01.908-0400] {logging_mixin.py:190} INFO - [2024-10-03T21:14:01.908-0400] {dag.py:4180} INFO - Setting next_dagrun for example_xcom_args_with_operators to None, run_after=None
[2024-10-03T21:14:02.586-0400] {processor.py:208} INFO - Processing /home/patrick/.cache/pypoetry/virtualenvs/airflow-wPbgcfzP-py3.10/lib/python3.10/site-packages/airflow/example_dags/example_xcomargs.py took 3.221 seconds
[2024-10-03T21:16:55.075-0400] {processor.py:186} INFO - Started process (PID=9430) to work on /home/patrick/.cache/pypoetry/virtualenvs/airflow-wPbgcfzP-py3.10/lib/python3.10/site-packages/airflow/example_dags/example_xcomargs.py
[2024-10-03T21:16:55.075-0400] {processor.py:914} INFO - Processing file /home/patrick/.cache/pypoetry/virtualenvs/airflow-wPbgcfzP-py3.10/lib/python3.10/site-packages/airflow/example_dags/example_xcomargs.py for tasks to queue
[2024-10-03T21:16:55.077-0400] {logging_mixin.py:190} INFO - [2024-10-03T21:16:55.077-0400] {dagbag.py:588} INFO - Filling up the DagBag from /home/patrick/.cache/pypoetry/virtualenvs/airflow-wPbgcfzP-py3.10/lib/python3.10/site-packages/airflow/example_dags/example_xcomargs.py
[2024-10-03T21:16:55.084-0400] {processor.py:925} INFO - DAG(s) 'example_xcom_args_with_operators', 'example_xcom_args' retrieved from /home/patrick/.cache/pypoetry/virtualenvs/airflow-wPbgcfzP-py3.10/lib/python3.10/site-packages/airflow/example_dags/example_xcomargs.py
[2024-10-03T21:17:02.025-0400] {logging_mixin.py:190} INFO - [2024-10-03T21:17:02.025-0400] {dag.py:3239} INFO - Sync 2 DAGs
[2024-10-03T21:17:02.427-0400] {logging_mixin.py:190} INFO - [2024-10-03T21:17:02.427-0400] {dag.py:4180} INFO - Setting next_dagrun for example_xcom_args to None, run_after=None
[2024-10-03T21:17:02.504-0400] {logging_mixin.py:190} INFO - [2024-10-03T21:17:02.504-0400] {dag.py:4180} INFO - Setting next_dagrun for example_xcom_args_with_operators to None, run_after=None
[2024-10-03T21:17:03.734-0400] {processor.py:208} INFO - Processing /home/patrick/.cache/pypoetry/virtualenvs/airflow-wPbgcfzP-py3.10/lib/python3.10/site-packages/airflow/example_dags/example_xcomargs.py took 8.663 seconds
[2024-10-03T21:21:31.302-0400] {processor.py:186} INFO - Started process (PID=10669) to work on /home/patrick/.cache/pypoetry/virtualenvs/airflow-wPbgcfzP-py3.10/lib/python3.10/site-packages/airflow/example_dags/example_xcomargs.py
[2024-10-03T21:21:31.302-0400] {processor.py:914} INFO - Processing file /home/patrick/.cache/pypoetry/virtualenvs/airflow-wPbgcfzP-py3.10/lib/python3.10/site-packages/airflow/example_dags/example_xcomargs.py for tasks to queue
[2024-10-03T21:21:31.304-0400] {logging_mixin.py:190} INFO - [2024-10-03T21:21:31.304-0400] {dagbag.py:588} INFO - Filling up the DagBag from /home/patrick/.cache/pypoetry/virtualenvs/airflow-wPbgcfzP-py3.10/lib/python3.10/site-packages/airflow/example_dags/example_xcomargs.py
[2024-10-03T21:21:31.310-0400] {processor.py:925} INFO - DAG(s) 'example_xcom_args_with_operators', 'example_xcom_args' retrieved from /home/patrick/.cache/pypoetry/virtualenvs/airflow-wPbgcfzP-py3.10/lib/python3.10/site-packages/airflow/example_dags/example_xcomargs.py
[2024-10-03T21:21:34.457-0400] {logging_mixin.py:190} INFO - [2024-10-03T21:21:34.456-0400] {dag.py:3239} INFO - Sync 2 DAGs
[2024-10-03T21:21:34.523-0400] {logging_mixin.py:190} INFO - [2024-10-03T21:21:34.523-0400] {dag.py:4180} INFO - Setting next_dagrun for example_xcom_args to None, run_after=None
[2024-10-03T21:21:34.568-0400] {logging_mixin.py:190} INFO - [2024-10-03T21:21:34.568-0400] {dag.py:4180} INFO - Setting next_dagrun for example_xcom_args_with_operators to None, run_after=None
[2024-10-03T21:21:35.116-0400] {processor.py:208} INFO - Processing /home/patrick/.cache/pypoetry/virtualenvs/airflow-wPbgcfzP-py3.10/lib/python3.10/site-packages/airflow/example_dags/example_xcomargs.py took 3.818 seconds
[2024-10-03T21:23:58.537-0400] {processor.py:186} INFO - Started process (PID=11311) to work on /home/patrick/.cache/pypoetry/virtualenvs/airflow-wPbgcfzP-py3.10/lib/python3.10/site-packages/airflow/example_dags/example_xcomargs.py
[2024-10-03T21:23:58.538-0400] {processor.py:914} INFO - Processing file /home/patrick/.cache/pypoetry/virtualenvs/airflow-wPbgcfzP-py3.10/lib/python3.10/site-packages/airflow/example_dags/example_xcomargs.py for tasks to queue
[2024-10-03T21:23:58.540-0400] {logging_mixin.py:190} INFO - [2024-10-03T21:23:58.539-0400] {dagbag.py:588} INFO - Filling up the DagBag from /home/patrick/.cache/pypoetry/virtualenvs/airflow-wPbgcfzP-py3.10/lib/python3.10/site-packages/airflow/example_dags/example_xcomargs.py
[2024-10-03T21:23:58.545-0400] {processor.py:925} INFO - DAG(s) 'example_xcom_args', 'example_xcom_args_with_operators' retrieved from /home/patrick/.cache/pypoetry/virtualenvs/airflow-wPbgcfzP-py3.10/lib/python3.10/site-packages/airflow/example_dags/example_xcomargs.py
[2024-10-03T21:24:02.197-0400] {logging_mixin.py:190} INFO - [2024-10-03T21:24:02.197-0400] {dag.py:3239} INFO - Sync 2 DAGs
[2024-10-03T21:24:02.362-0400] {logging_mixin.py:190} INFO - [2024-10-03T21:24:02.362-0400] {dag.py:4180} INFO - Setting next_dagrun for example_xcom_args to None, run_after=None
[2024-10-03T21:24:02.450-0400] {logging_mixin.py:190} INFO - [2024-10-03T21:24:02.450-0400] {dag.py:4180} INFO - Setting next_dagrun for example_xcom_args_with_operators to None, run_after=None
[2024-10-03T21:24:03.054-0400] {processor.py:208} INFO - Processing /home/patrick/.cache/pypoetry/virtualenvs/airflow-wPbgcfzP-py3.10/lib/python3.10/site-packages/airflow/example_dags/example_xcomargs.py took 4.520 seconds
[2024-10-03T21:26:44.600-0400] {processor.py:186} INFO - Started process (PID=12014) to work on /home/patrick/.cache/pypoetry/virtualenvs/airflow-wPbgcfzP-py3.10/lib/python3.10/site-packages/airflow/example_dags/example_xcomargs.py
[2024-10-03T21:26:44.601-0400] {processor.py:914} INFO - Processing file /home/patrick/.cache/pypoetry/virtualenvs/airflow-wPbgcfzP-py3.10/lib/python3.10/site-packages/airflow/example_dags/example_xcomargs.py for tasks to queue
[2024-10-03T21:26:44.602-0400] {logging_mixin.py:190} INFO - [2024-10-03T21:26:44.602-0400] {dagbag.py:588} INFO - Filling up the DagBag from /home/patrick/.cache/pypoetry/virtualenvs/airflow-wPbgcfzP-py3.10/lib/python3.10/site-packages/airflow/example_dags/example_xcomargs.py
[2024-10-03T21:26:44.608-0400] {processor.py:925} INFO - DAG(s) 'example_xcom_args', 'example_xcom_args_with_operators' retrieved from /home/patrick/.cache/pypoetry/virtualenvs/airflow-wPbgcfzP-py3.10/lib/python3.10/site-packages/airflow/example_dags/example_xcomargs.py
[2024-10-03T21:26:46.035-0400] {logging_mixin.py:190} INFO - [2024-10-03T21:26:46.034-0400] {dag.py:3239} INFO - Sync 2 DAGs
[2024-10-03T21:26:46.164-0400] {logging_mixin.py:190} INFO - [2024-10-03T21:26:46.164-0400] {dag.py:4180} INFO - Setting next_dagrun for example_xcom_args to None, run_after=None
[2024-10-03T21:26:46.211-0400] {logging_mixin.py:190} INFO - [2024-10-03T21:26:46.211-0400] {dag.py:4180} INFO - Setting next_dagrun for example_xcom_args_with_operators to None, run_after=None
[2024-10-03T21:26:46.774-0400] {processor.py:208} INFO - Processing /home/patrick/.cache/pypoetry/virtualenvs/airflow-wPbgcfzP-py3.10/lib/python3.10/site-packages/airflow/example_dags/example_xcomargs.py took 2.177 seconds
[2024-10-03T21:29:09.994-0400] {processor.py:186} INFO - Started process (PID=12721) to work on /home/patrick/.cache/pypoetry/virtualenvs/airflow-wPbgcfzP-py3.10/lib/python3.10/site-packages/airflow/example_dags/example_xcomargs.py
[2024-10-03T21:29:09.995-0400] {processor.py:914} INFO - Processing file /home/patrick/.cache/pypoetry/virtualenvs/airflow-wPbgcfzP-py3.10/lib/python3.10/site-packages/airflow/example_dags/example_xcomargs.py for tasks to queue
[2024-10-03T21:29:09.996-0400] {logging_mixin.py:190} INFO - [2024-10-03T21:29:09.996-0400] {dagbag.py:588} INFO - Filling up the DagBag from /home/patrick/.cache/pypoetry/virtualenvs/airflow-wPbgcfzP-py3.10/lib/python3.10/site-packages/airflow/example_dags/example_xcomargs.py
[2024-10-03T21:29:10.003-0400] {processor.py:925} INFO - DAG(s) 'example_xcom_args', 'example_xcom_args_with_operators' retrieved from /home/patrick/.cache/pypoetry/virtualenvs/airflow-wPbgcfzP-py3.10/lib/python3.10/site-packages/airflow/example_dags/example_xcomargs.py
[2024-10-03T21:29:19.188-0400] {logging_mixin.py:190} INFO - [2024-10-03T21:29:19.188-0400] {dag.py:3239} INFO - Sync 2 DAGs
[2024-10-03T21:29:20.095-0400] {logging_mixin.py:190} INFO - [2024-10-03T21:29:20.095-0400] {dag.py:4180} INFO - Setting next_dagrun for example_xcom_args to None, run_after=None
[2024-10-03T21:29:20.164-0400] {logging_mixin.py:190} INFO - [2024-10-03T21:29:20.163-0400] {dag.py:4180} INFO - Setting next_dagrun for example_xcom_args_with_operators to None, run_after=None
[2024-10-03T21:29:21.272-0400] {processor.py:208} INFO - Processing /home/patrick/.cache/pypoetry/virtualenvs/airflow-wPbgcfzP-py3.10/lib/python3.10/site-packages/airflow/example_dags/example_xcomargs.py took 11.282 seconds
[2024-10-03T21:33:06.770-0400] {processor.py:186} INFO - Started process (PID=13720) to work on /home/patrick/.cache/pypoetry/virtualenvs/airflow-wPbgcfzP-py3.10/lib/python3.10/site-packages/airflow/example_dags/example_xcomargs.py
[2024-10-03T21:33:06.771-0400] {processor.py:914} INFO - Processing file /home/patrick/.cache/pypoetry/virtualenvs/airflow-wPbgcfzP-py3.10/lib/python3.10/site-packages/airflow/example_dags/example_xcomargs.py for tasks to queue
[2024-10-03T21:33:06.773-0400] {logging_mixin.py:190} INFO - [2024-10-03T21:33:06.773-0400] {dagbag.py:588} INFO - Filling up the DagBag from /home/patrick/.cache/pypoetry/virtualenvs/airflow-wPbgcfzP-py3.10/lib/python3.10/site-packages/airflow/example_dags/example_xcomargs.py
[2024-10-03T21:33:06.779-0400] {processor.py:925} INFO - DAG(s) 'example_xcom_args', 'example_xcom_args_with_operators' retrieved from /home/patrick/.cache/pypoetry/virtualenvs/airflow-wPbgcfzP-py3.10/lib/python3.10/site-packages/airflow/example_dags/example_xcomargs.py
[2024-10-03T21:33:08.005-0400] {logging_mixin.py:190} INFO - [2024-10-03T21:33:08.005-0400] {dag.py:3239} INFO - Sync 2 DAGs
[2024-10-03T21:33:08.074-0400] {logging_mixin.py:190} INFO - [2024-10-03T21:33:08.074-0400] {dag.py:4180} INFO - Setting next_dagrun for example_xcom_args to None, run_after=None
[2024-10-03T21:33:08.114-0400] {logging_mixin.py:190} INFO - [2024-10-03T21:33:08.114-0400] {dag.py:4180} INFO - Setting next_dagrun for example_xcom_args_with_operators to None, run_after=None
[2024-10-03T21:33:08.628-0400] {processor.py:208} INFO - Processing /home/patrick/.cache/pypoetry/virtualenvs/airflow-wPbgcfzP-py3.10/lib/python3.10/site-packages/airflow/example_dags/example_xcomargs.py took 1.862 seconds
[2024-10-03T21:35:59.957-0400] {processor.py:186} INFO - Started process (PID=14533) to work on /home/patrick/.cache/pypoetry/virtualenvs/airflow-wPbgcfzP-py3.10/lib/python3.10/site-packages/airflow/example_dags/example_xcomargs.py
[2024-10-03T21:35:59.958-0400] {processor.py:914} INFO - Processing file /home/patrick/.cache/pypoetry/virtualenvs/airflow-wPbgcfzP-py3.10/lib/python3.10/site-packages/airflow/example_dags/example_xcomargs.py for tasks to queue
[2024-10-03T21:35:59.960-0400] {logging_mixin.py:190} INFO - [2024-10-03T21:35:59.959-0400] {dagbag.py:588} INFO - Filling up the DagBag from /home/patrick/.cache/pypoetry/virtualenvs/airflow-wPbgcfzP-py3.10/lib/python3.10/site-packages/airflow/example_dags/example_xcomargs.py
[2024-10-03T21:35:59.967-0400] {processor.py:925} INFO - DAG(s) 'example_xcom_args', 'example_xcom_args_with_operators' retrieved from /home/patrick/.cache/pypoetry/virtualenvs/airflow-wPbgcfzP-py3.10/lib/python3.10/site-packages/airflow/example_dags/example_xcomargs.py
[2024-10-03T21:36:12.450-0400] {logging_mixin.py:190} INFO - [2024-10-03T21:36:12.450-0400] {dag.py:3239} INFO - Sync 2 DAGs
[2024-10-03T21:36:12.924-0400] {logging_mixin.py:190} INFO - [2024-10-03T21:36:12.923-0400] {dag.py:4180} INFO - Setting next_dagrun for example_xcom_args to None, run_after=None
[2024-10-03T21:36:12.991-0400] {logging_mixin.py:190} INFO - [2024-10-03T21:36:12.990-0400] {dag.py:4180} INFO - Setting next_dagrun for example_xcom_args_with_operators to None, run_after=None
[2024-10-03T21:36:13.931-0400] {processor.py:208} INFO - Processing /home/patrick/.cache/pypoetry/virtualenvs/airflow-wPbgcfzP-py3.10/lib/python3.10/site-packages/airflow/example_dags/example_xcomargs.py took 13.978 seconds
[2024-10-03T21:39:14.627-0400] {processor.py:186} INFO - Started process (PID=15425) to work on /home/patrick/.cache/pypoetry/virtualenvs/airflow-wPbgcfzP-py3.10/lib/python3.10/site-packages/airflow/example_dags/example_xcomargs.py
[2024-10-03T21:39:14.627-0400] {processor.py:914} INFO - Processing file /home/patrick/.cache/pypoetry/virtualenvs/airflow-wPbgcfzP-py3.10/lib/python3.10/site-packages/airflow/example_dags/example_xcomargs.py for tasks to queue
[2024-10-03T21:39:14.629-0400] {logging_mixin.py:190} INFO - [2024-10-03T21:39:14.629-0400] {dagbag.py:588} INFO - Filling up the DagBag from /home/patrick/.cache/pypoetry/virtualenvs/airflow-wPbgcfzP-py3.10/lib/python3.10/site-packages/airflow/example_dags/example_xcomargs.py
[2024-10-03T21:39:14.635-0400] {processor.py:925} INFO - DAG(s) 'example_xcom_args', 'example_xcom_args_with_operators' retrieved from /home/patrick/.cache/pypoetry/virtualenvs/airflow-wPbgcfzP-py3.10/lib/python3.10/site-packages/airflow/example_dags/example_xcomargs.py
[2024-10-03T21:39:18.080-0400] {logging_mixin.py:190} INFO - [2024-10-03T21:39:18.079-0400] {dag.py:3239} INFO - Sync 2 DAGs
[2024-10-03T21:39:18.258-0400] {logging_mixin.py:190} INFO - [2024-10-03T21:39:18.258-0400] {dag.py:4180} INFO - Setting next_dagrun for example_xcom_args to None, run_after=None
[2024-10-03T21:39:18.296-0400] {logging_mixin.py:190} INFO - [2024-10-03T21:39:18.295-0400] {dag.py:4180} INFO - Setting next_dagrun for example_xcom_args_with_operators to None, run_after=None
[2024-10-03T21:39:18.966-0400] {processor.py:208} INFO - Processing /home/patrick/.cache/pypoetry/virtualenvs/airflow-wPbgcfzP-py3.10/lib/python3.10/site-packages/airflow/example_dags/example_xcomargs.py took 4.343 seconds
[2024-10-03T21:41:44.438-0400] {processor.py:186} INFO - Started process (PID=16098) to work on /home/patrick/.cache/pypoetry/virtualenvs/airflow-wPbgcfzP-py3.10/lib/python3.10/site-packages/airflow/example_dags/example_xcomargs.py
[2024-10-03T21:41:44.439-0400] {processor.py:914} INFO - Processing file /home/patrick/.cache/pypoetry/virtualenvs/airflow-wPbgcfzP-py3.10/lib/python3.10/site-packages/airflow/example_dags/example_xcomargs.py for tasks to queue
[2024-10-03T21:41:44.441-0400] {logging_mixin.py:190} INFO - [2024-10-03T21:41:44.441-0400] {dagbag.py:588} INFO - Filling up the DagBag from /home/patrick/.cache/pypoetry/virtualenvs/airflow-wPbgcfzP-py3.10/lib/python3.10/site-packages/airflow/example_dags/example_xcomargs.py
[2024-10-03T21:41:44.453-0400] {processor.py:925} INFO - DAG(s) 'example_xcom_args', 'example_xcom_args_with_operators' retrieved from /home/patrick/.cache/pypoetry/virtualenvs/airflow-wPbgcfzP-py3.10/lib/python3.10/site-packages/airflow/example_dags/example_xcomargs.py
[2024-10-03T21:41:49.095-0400] {logging_mixin.py:190} INFO - [2024-10-03T21:41:49.095-0400] {dag.py:3239} INFO - Sync 2 DAGs
[2024-10-03T21:41:49.204-0400] {logging_mixin.py:190} INFO - [2024-10-03T21:41:49.204-0400] {dag.py:4180} INFO - Setting next_dagrun for example_xcom_args to None, run_after=None
[2024-10-03T21:41:49.251-0400] {logging_mixin.py:190} INFO - [2024-10-03T21:41:49.250-0400] {dag.py:4180} INFO - Setting next_dagrun for example_xcom_args_with_operators to None, run_after=None
[2024-10-03T21:41:49.933-0400] {processor.py:208} INFO - Processing /home/patrick/.cache/pypoetry/virtualenvs/airflow-wPbgcfzP-py3.10/lib/python3.10/site-packages/airflow/example_dags/example_xcomargs.py took 5.500 seconds
[2024-10-03T21:44:44.073-0400] {processor.py:186} INFO - Started process (PID=16894) to work on /home/patrick/.cache/pypoetry/virtualenvs/airflow-wPbgcfzP-py3.10/lib/python3.10/site-packages/airflow/example_dags/example_xcomargs.py
[2024-10-03T21:44:44.074-0400] {processor.py:914} INFO - Processing file /home/patrick/.cache/pypoetry/virtualenvs/airflow-wPbgcfzP-py3.10/lib/python3.10/site-packages/airflow/example_dags/example_xcomargs.py for tasks to queue
[2024-10-03T21:44:44.076-0400] {logging_mixin.py:190} INFO - [2024-10-03T21:44:44.075-0400] {dagbag.py:588} INFO - Filling up the DagBag from /home/patrick/.cache/pypoetry/virtualenvs/airflow-wPbgcfzP-py3.10/lib/python3.10/site-packages/airflow/example_dags/example_xcomargs.py
[2024-10-03T21:44:44.082-0400] {processor.py:925} INFO - DAG(s) 'example_xcom_args', 'example_xcom_args_with_operators' retrieved from /home/patrick/.cache/pypoetry/virtualenvs/airflow-wPbgcfzP-py3.10/lib/python3.10/site-packages/airflow/example_dags/example_xcomargs.py
[2024-10-03T21:44:45.738-0400] {logging_mixin.py:190} INFO - [2024-10-03T21:44:45.737-0400] {dag.py:3239} INFO - Sync 2 DAGs
[2024-10-03T21:44:45.934-0400] {logging_mixin.py:190} INFO - [2024-10-03T21:44:45.934-0400] {dag.py:4180} INFO - Setting next_dagrun for example_xcom_args to None, run_after=None
[2024-10-03T21:44:45.983-0400] {logging_mixin.py:190} INFO - [2024-10-03T21:44:45.982-0400] {dag.py:4180} INFO - Setting next_dagrun for example_xcom_args_with_operators to None, run_after=None
[2024-10-03T21:44:46.626-0400] {processor.py:208} INFO - Processing /home/patrick/.cache/pypoetry/virtualenvs/airflow-wPbgcfzP-py3.10/lib/python3.10/site-packages/airflow/example_dags/example_xcomargs.py took 2.556 seconds
[2024-10-03T21:47:18.600-0400] {processor.py:186} INFO - Started process (PID=17606) to work on /home/patrick/.cache/pypoetry/virtualenvs/airflow-wPbgcfzP-py3.10/lib/python3.10/site-packages/airflow/example_dags/example_xcomargs.py
[2024-10-03T21:47:18.601-0400] {processor.py:914} INFO - Processing file /home/patrick/.cache/pypoetry/virtualenvs/airflow-wPbgcfzP-py3.10/lib/python3.10/site-packages/airflow/example_dags/example_xcomargs.py for tasks to queue
[2024-10-03T21:47:18.603-0400] {logging_mixin.py:190} INFO - [2024-10-03T21:47:18.602-0400] {dagbag.py:588} INFO - Filling up the DagBag from /home/patrick/.cache/pypoetry/virtualenvs/airflow-wPbgcfzP-py3.10/lib/python3.10/site-packages/airflow/example_dags/example_xcomargs.py
[2024-10-03T21:47:18.609-0400] {processor.py:925} INFO - DAG(s) 'example_xcom_args_with_operators', 'example_xcom_args' retrieved from /home/patrick/.cache/pypoetry/virtualenvs/airflow-wPbgcfzP-py3.10/lib/python3.10/site-packages/airflow/example_dags/example_xcomargs.py
[2024-10-03T21:47:22.278-0400] {logging_mixin.py:190} INFO - [2024-10-03T21:47:22.277-0400] {dag.py:3239} INFO - Sync 2 DAGs
[2024-10-03T21:47:22.385-0400] {logging_mixin.py:190} INFO - [2024-10-03T21:47:22.384-0400] {dag.py:4180} INFO - Setting next_dagrun for example_xcom_args to None, run_after=None
[2024-10-03T21:47:22.430-0400] {logging_mixin.py:190} INFO - [2024-10-03T21:47:22.429-0400] {dag.py:4180} INFO - Setting next_dagrun for example_xcom_args_with_operators to None, run_after=None
[2024-10-03T21:47:23.032-0400] {processor.py:208} INFO - Processing /home/patrick/.cache/pypoetry/virtualenvs/airflow-wPbgcfzP-py3.10/lib/python3.10/site-packages/airflow/example_dags/example_xcomargs.py took 4.435 seconds
[2024-10-03T21:51:24.345-0400] {processor.py:186} INFO - Started process (PID=18658) to work on /home/patrick/.cache/pypoetry/virtualenvs/airflow-wPbgcfzP-py3.10/lib/python3.10/site-packages/airflow/example_dags/example_xcomargs.py
[2024-10-03T21:51:24.346-0400] {processor.py:914} INFO - Processing file /home/patrick/.cache/pypoetry/virtualenvs/airflow-wPbgcfzP-py3.10/lib/python3.10/site-packages/airflow/example_dags/example_xcomargs.py for tasks to queue
[2024-10-03T21:51:24.347-0400] {logging_mixin.py:190} INFO - [2024-10-03T21:51:24.347-0400] {dagbag.py:588} INFO - Filling up the DagBag from /home/patrick/.cache/pypoetry/virtualenvs/airflow-wPbgcfzP-py3.10/lib/python3.10/site-packages/airflow/example_dags/example_xcomargs.py
[2024-10-03T21:51:24.353-0400] {processor.py:925} INFO - DAG(s) 'example_xcom_args_with_operators', 'example_xcom_args' retrieved from /home/patrick/.cache/pypoetry/virtualenvs/airflow-wPbgcfzP-py3.10/lib/python3.10/site-packages/airflow/example_dags/example_xcomargs.py
[2024-10-03T21:51:26.160-0400] {logging_mixin.py:190} INFO - [2024-10-03T21:51:26.159-0400] {dag.py:3239} INFO - Sync 2 DAGs
[2024-10-03T21:51:26.447-0400] {logging_mixin.py:190} INFO - [2024-10-03T21:51:26.447-0400] {dag.py:4180} INFO - Setting next_dagrun for example_xcom_args to None, run_after=None
[2024-10-03T21:51:26.503-0400] {logging_mixin.py:190} INFO - [2024-10-03T21:51:26.503-0400] {dag.py:4180} INFO - Setting next_dagrun for example_xcom_args_with_operators to None, run_after=None
[2024-10-03T21:51:27.107-0400] {processor.py:208} INFO - Processing /home/patrick/.cache/pypoetry/virtualenvs/airflow-wPbgcfzP-py3.10/lib/python3.10/site-packages/airflow/example_dags/example_xcomargs.py took 2.765 seconds
[2024-10-03T21:55:18.669-0400] {processor.py:186} INFO - Started process (PID=19661) to work on /home/patrick/.cache/pypoetry/virtualenvs/airflow-wPbgcfzP-py3.10/lib/python3.10/site-packages/airflow/example_dags/example_xcomargs.py
[2024-10-03T21:55:18.670-0400] {processor.py:914} INFO - Processing file /home/patrick/.cache/pypoetry/virtualenvs/airflow-wPbgcfzP-py3.10/lib/python3.10/site-packages/airflow/example_dags/example_xcomargs.py for tasks to queue
[2024-10-03T21:55:18.671-0400] {logging_mixin.py:190} INFO - [2024-10-03T21:55:18.671-0400] {dagbag.py:588} INFO - Filling up the DagBag from /home/patrick/.cache/pypoetry/virtualenvs/airflow-wPbgcfzP-py3.10/lib/python3.10/site-packages/airflow/example_dags/example_xcomargs.py
[2024-10-03T21:55:18.677-0400] {processor.py:925} INFO - DAG(s) 'example_xcom_args', 'example_xcom_args_with_operators' retrieved from /home/patrick/.cache/pypoetry/virtualenvs/airflow-wPbgcfzP-py3.10/lib/python3.10/site-packages/airflow/example_dags/example_xcomargs.py
[2024-10-03T21:55:23.519-0400] {logging_mixin.py:190} INFO - [2024-10-03T21:55:23.519-0400] {dag.py:3239} INFO - Sync 2 DAGs
[2024-10-03T21:55:23.886-0400] {logging_mixin.py:190} INFO - [2024-10-03T21:55:23.886-0400] {dag.py:4180} INFO - Setting next_dagrun for example_xcom_args to None, run_after=None
[2024-10-03T21:55:23.943-0400] {logging_mixin.py:190} INFO - [2024-10-03T21:55:23.943-0400] {dag.py:4180} INFO - Setting next_dagrun for example_xcom_args_with_operators to None, run_after=None
[2024-10-03T21:55:24.556-0400] {processor.py:208} INFO - Processing /home/patrick/.cache/pypoetry/virtualenvs/airflow-wPbgcfzP-py3.10/lib/python3.10/site-packages/airflow/example_dags/example_xcomargs.py took 5.891 seconds
[2024-10-03T21:59:14.315-0400] {processor.py:186} INFO - Started process (PID=20676) to work on /home/patrick/.cache/pypoetry/virtualenvs/airflow-wPbgcfzP-py3.10/lib/python3.10/site-packages/airflow/example_dags/example_xcomargs.py
[2024-10-03T21:59:14.316-0400] {processor.py:914} INFO - Processing file /home/patrick/.cache/pypoetry/virtualenvs/airflow-wPbgcfzP-py3.10/lib/python3.10/site-packages/airflow/example_dags/example_xcomargs.py for tasks to queue
[2024-10-03T21:59:14.317-0400] {logging_mixin.py:190} INFO - [2024-10-03T21:59:14.317-0400] {dagbag.py:588} INFO - Filling up the DagBag from /home/patrick/.cache/pypoetry/virtualenvs/airflow-wPbgcfzP-py3.10/lib/python3.10/site-packages/airflow/example_dags/example_xcomargs.py
[2024-10-03T21:59:14.323-0400] {processor.py:925} INFO - DAG(s) 'example_xcom_args_with_operators', 'example_xcom_args' retrieved from /home/patrick/.cache/pypoetry/virtualenvs/airflow-wPbgcfzP-py3.10/lib/python3.10/site-packages/airflow/example_dags/example_xcomargs.py
[2024-10-03T21:59:17.012-0400] {logging_mixin.py:190} INFO - [2024-10-03T21:59:17.011-0400] {dag.py:3239} INFO - Sync 2 DAGs
[2024-10-03T21:59:17.092-0400] {logging_mixin.py:190} INFO - [2024-10-03T21:59:17.092-0400] {dag.py:4180} INFO - Setting next_dagrun for example_xcom_args to None, run_after=None
[2024-10-03T21:59:17.131-0400] {logging_mixin.py:190} INFO - [2024-10-03T21:59:17.131-0400] {dag.py:4180} INFO - Setting next_dagrun for example_xcom_args_with_operators to None, run_after=None
[2024-10-03T21:59:17.691-0400] {processor.py:208} INFO - Processing /home/patrick/.cache/pypoetry/virtualenvs/airflow-wPbgcfzP-py3.10/lib/python3.10/site-packages/airflow/example_dags/example_xcomargs.py took 3.380 seconds
[2024-10-03T22:03:37.533-0400] {processor.py:186} INFO - Started process (PID=21796) to work on /home/patrick/.cache/pypoetry/virtualenvs/airflow-wPbgcfzP-py3.10/lib/python3.10/site-packages/airflow/example_dags/example_xcomargs.py
[2024-10-03T22:03:37.534-0400] {processor.py:914} INFO - Processing file /home/patrick/.cache/pypoetry/virtualenvs/airflow-wPbgcfzP-py3.10/lib/python3.10/site-packages/airflow/example_dags/example_xcomargs.py for tasks to queue
[2024-10-03T22:03:37.538-0400] {logging_mixin.py:190} INFO - [2024-10-03T22:03:37.538-0400] {dagbag.py:588} INFO - Filling up the DagBag from /home/patrick/.cache/pypoetry/virtualenvs/airflow-wPbgcfzP-py3.10/lib/python3.10/site-packages/airflow/example_dags/example_xcomargs.py
[2024-10-03T22:03:37.545-0400] {processor.py:925} INFO - DAG(s) 'example_xcom_args_with_operators', 'example_xcom_args' retrieved from /home/patrick/.cache/pypoetry/virtualenvs/airflow-wPbgcfzP-py3.10/lib/python3.10/site-packages/airflow/example_dags/example_xcomargs.py
[2024-10-03T22:03:44.044-0400] {logging_mixin.py:190} INFO - [2024-10-03T22:03:44.044-0400] {dag.py:3239} INFO - Sync 2 DAGs
[2024-10-03T22:03:44.148-0400] {logging_mixin.py:190} INFO - [2024-10-03T22:03:44.147-0400] {dag.py:4180} INFO - Setting next_dagrun for example_xcom_args to None, run_after=None
[2024-10-03T22:03:44.282-0400] {logging_mixin.py:190} INFO - [2024-10-03T22:03:44.281-0400] {dag.py:4180} INFO - Setting next_dagrun for example_xcom_args_with_operators to None, run_after=None
[2024-10-03T22:03:44.896-0400] {processor.py:208} INFO - Processing /home/patrick/.cache/pypoetry/virtualenvs/airflow-wPbgcfzP-py3.10/lib/python3.10/site-packages/airflow/example_dags/example_xcomargs.py took 7.368 seconds
[2024-10-03T22:08:12.725-0400] {processor.py:186} INFO - Started process (PID=22969) to work on /home/patrick/.cache/pypoetry/virtualenvs/airflow-wPbgcfzP-py3.10/lib/python3.10/site-packages/airflow/example_dags/example_xcomargs.py
[2024-10-03T22:08:12.727-0400] {processor.py:914} INFO - Processing file /home/patrick/.cache/pypoetry/virtualenvs/airflow-wPbgcfzP-py3.10/lib/python3.10/site-packages/airflow/example_dags/example_xcomargs.py for tasks to queue
[2024-10-03T22:08:12.728-0400] {logging_mixin.py:190} INFO - [2024-10-03T22:08:12.728-0400] {dagbag.py:588} INFO - Filling up the DagBag from /home/patrick/.cache/pypoetry/virtualenvs/airflow-wPbgcfzP-py3.10/lib/python3.10/site-packages/airflow/example_dags/example_xcomargs.py
[2024-10-03T22:08:12.735-0400] {processor.py:925} INFO - DAG(s) 'example_xcom_args_with_operators', 'example_xcom_args' retrieved from /home/patrick/.cache/pypoetry/virtualenvs/airflow-wPbgcfzP-py3.10/lib/python3.10/site-packages/airflow/example_dags/example_xcomargs.py
[2024-10-03T22:08:19.060-0400] {logging_mixin.py:190} INFO - [2024-10-03T22:08:19.059-0400] {dag.py:3239} INFO - Sync 2 DAGs
[2024-10-03T22:08:19.169-0400] {logging_mixin.py:190} INFO - [2024-10-03T22:08:19.169-0400] {dag.py:4180} INFO - Setting next_dagrun for example_xcom_args to None, run_after=None
[2024-10-03T22:08:19.207-0400] {logging_mixin.py:190} INFO - [2024-10-03T22:08:19.206-0400] {dag.py:4180} INFO - Setting next_dagrun for example_xcom_args_with_operators to None, run_after=None
[2024-10-03T22:08:19.847-0400] {processor.py:208} INFO - Processing /home/patrick/.cache/pypoetry/virtualenvs/airflow-wPbgcfzP-py3.10/lib/python3.10/site-packages/airflow/example_dags/example_xcomargs.py took 7.126 seconds
[2024-10-03T22:11:10.390-0400] {processor.py:186} INFO - Started process (PID=23791) to work on /home/patrick/.cache/pypoetry/virtualenvs/airflow-wPbgcfzP-py3.10/lib/python3.10/site-packages/airflow/example_dags/example_xcomargs.py
[2024-10-03T22:11:10.391-0400] {processor.py:914} INFO - Processing file /home/patrick/.cache/pypoetry/virtualenvs/airflow-wPbgcfzP-py3.10/lib/python3.10/site-packages/airflow/example_dags/example_xcomargs.py for tasks to queue
[2024-10-03T22:11:10.392-0400] {logging_mixin.py:190} INFO - [2024-10-03T22:11:10.392-0400] {dagbag.py:588} INFO - Filling up the DagBag from /home/patrick/.cache/pypoetry/virtualenvs/airflow-wPbgcfzP-py3.10/lib/python3.10/site-packages/airflow/example_dags/example_xcomargs.py
[2024-10-03T22:11:10.398-0400] {processor.py:925} INFO - DAG(s) 'example_xcom_args_with_operators', 'example_xcom_args' retrieved from /home/patrick/.cache/pypoetry/virtualenvs/airflow-wPbgcfzP-py3.10/lib/python3.10/site-packages/airflow/example_dags/example_xcomargs.py
[2024-10-03T22:11:12.756-0400] {logging_mixin.py:190} INFO - [2024-10-03T22:11:12.755-0400] {dag.py:3239} INFO - Sync 2 DAGs
[2024-10-03T22:11:12.860-0400] {logging_mixin.py:190} INFO - [2024-10-03T22:11:12.859-0400] {dag.py:4180} INFO - Setting next_dagrun for example_xcom_args to None, run_after=None
[2024-10-03T22:11:12.914-0400] {logging_mixin.py:190} INFO - [2024-10-03T22:11:12.913-0400] {dag.py:4180} INFO - Setting next_dagrun for example_xcom_args_with_operators to None, run_after=None
[2024-10-03T22:11:13.480-0400] {processor.py:208} INFO - Processing /home/patrick/.cache/pypoetry/virtualenvs/airflow-wPbgcfzP-py3.10/lib/python3.10/site-packages/airflow/example_dags/example_xcomargs.py took 3.093 seconds
[2024-10-03T22:14:44.014-0400] {processor.py:186} INFO - Started process (PID=24769) to work on /home/patrick/.cache/pypoetry/virtualenvs/airflow-wPbgcfzP-py3.10/lib/python3.10/site-packages/airflow/example_dags/example_xcomargs.py
[2024-10-03T22:14:44.015-0400] {processor.py:914} INFO - Processing file /home/patrick/.cache/pypoetry/virtualenvs/airflow-wPbgcfzP-py3.10/lib/python3.10/site-packages/airflow/example_dags/example_xcomargs.py for tasks to queue
[2024-10-03T22:14:44.016-0400] {logging_mixin.py:190} INFO - [2024-10-03T22:14:44.016-0400] {dagbag.py:588} INFO - Filling up the DagBag from /home/patrick/.cache/pypoetry/virtualenvs/airflow-wPbgcfzP-py3.10/lib/python3.10/site-packages/airflow/example_dags/example_xcomargs.py
[2024-10-03T22:14:44.022-0400] {processor.py:925} INFO - DAG(s) 'example_xcom_args', 'example_xcom_args_with_operators' retrieved from /home/patrick/.cache/pypoetry/virtualenvs/airflow-wPbgcfzP-py3.10/lib/python3.10/site-packages/airflow/example_dags/example_xcomargs.py
[2024-10-03T22:14:47.610-0400] {logging_mixin.py:190} INFO - [2024-10-03T22:14:47.610-0400] {dag.py:3239} INFO - Sync 2 DAGs
[2024-10-03T22:14:47.731-0400] {logging_mixin.py:190} INFO - [2024-10-03T22:14:47.731-0400] {dag.py:4180} INFO - Setting next_dagrun for example_xcom_args to None, run_after=None
[2024-10-03T22:14:47.786-0400] {logging_mixin.py:190} INFO - [2024-10-03T22:14:47.786-0400] {dag.py:4180} INFO - Setting next_dagrun for example_xcom_args_with_operators to None, run_after=None
[2024-10-03T22:14:48.469-0400] {processor.py:208} INFO - Processing /home/patrick/.cache/pypoetry/virtualenvs/airflow-wPbgcfzP-py3.10/lib/python3.10/site-packages/airflow/example_dags/example_xcomargs.py took 4.458 seconds
[2024-10-03T22:17:36.861-0400] {processor.py:186} INFO - Started process (PID=25531) to work on /home/patrick/.cache/pypoetry/virtualenvs/airflow-wPbgcfzP-py3.10/lib/python3.10/site-packages/airflow/example_dags/example_xcomargs.py
[2024-10-03T22:17:36.862-0400] {processor.py:914} INFO - Processing file /home/patrick/.cache/pypoetry/virtualenvs/airflow-wPbgcfzP-py3.10/lib/python3.10/site-packages/airflow/example_dags/example_xcomargs.py for tasks to queue
[2024-10-03T22:17:36.863-0400] {logging_mixin.py:190} INFO - [2024-10-03T22:17:36.863-0400] {dagbag.py:588} INFO - Filling up the DagBag from /home/patrick/.cache/pypoetry/virtualenvs/airflow-wPbgcfzP-py3.10/lib/python3.10/site-packages/airflow/example_dags/example_xcomargs.py
[2024-10-03T22:17:36.872-0400] {processor.py:925} INFO - DAG(s) 'example_xcom_args', 'example_xcom_args_with_operators' retrieved from /home/patrick/.cache/pypoetry/virtualenvs/airflow-wPbgcfzP-py3.10/lib/python3.10/site-packages/airflow/example_dags/example_xcomargs.py
[2024-10-03T22:17:39.124-0400] {logging_mixin.py:190} INFO - [2024-10-03T22:17:39.124-0400] {dag.py:3239} INFO - Sync 2 DAGs
[2024-10-03T22:17:39.416-0400] {logging_mixin.py:190} INFO - [2024-10-03T22:17:39.416-0400] {dag.py:4180} INFO - Setting next_dagrun for example_xcom_args to None, run_after=None
[2024-10-03T22:17:39.454-0400] {logging_mixin.py:190} INFO - [2024-10-03T22:17:39.454-0400] {dag.py:4180} INFO - Setting next_dagrun for example_xcom_args_with_operators to None, run_after=None
[2024-10-03T22:17:40.221-0400] {processor.py:208} INFO - Processing /home/patrick/.cache/pypoetry/virtualenvs/airflow-wPbgcfzP-py3.10/lib/python3.10/site-packages/airflow/example_dags/example_xcomargs.py took 3.364 seconds
[2024-10-03T22:21:00.247-0400] {processor.py:186} INFO - Started process (PID=26441) to work on /home/patrick/.cache/pypoetry/virtualenvs/airflow-wPbgcfzP-py3.10/lib/python3.10/site-packages/airflow/example_dags/example_xcomargs.py
[2024-10-03T22:21:00.250-0400] {processor.py:914} INFO - Processing file /home/patrick/.cache/pypoetry/virtualenvs/airflow-wPbgcfzP-py3.10/lib/python3.10/site-packages/airflow/example_dags/example_xcomargs.py for tasks to queue
[2024-10-03T22:21:00.252-0400] {logging_mixin.py:190} INFO - [2024-10-03T22:21:00.252-0400] {dagbag.py:588} INFO - Filling up the DagBag from /home/patrick/.cache/pypoetry/virtualenvs/airflow-wPbgcfzP-py3.10/lib/python3.10/site-packages/airflow/example_dags/example_xcomargs.py
[2024-10-03T22:21:00.259-0400] {processor.py:925} INFO - DAG(s) 'example_xcom_args', 'example_xcom_args_with_operators' retrieved from /home/patrick/.cache/pypoetry/virtualenvs/airflow-wPbgcfzP-py3.10/lib/python3.10/site-packages/airflow/example_dags/example_xcomargs.py
[2024-10-03T22:21:06.321-0400] {logging_mixin.py:190} INFO - [2024-10-03T22:21:06.320-0400] {dag.py:3239} INFO - Sync 2 DAGs
[2024-10-03T22:21:06.378-0400] {logging_mixin.py:190} INFO - [2024-10-03T22:21:06.378-0400] {dag.py:4180} INFO - Setting next_dagrun for example_xcom_args to None, run_after=None
[2024-10-03T22:21:06.431-0400] {logging_mixin.py:190} INFO - [2024-10-03T22:21:06.431-0400] {dag.py:4180} INFO - Setting next_dagrun for example_xcom_args_with_operators to None, run_after=None
[2024-10-03T22:21:07.032-0400] {processor.py:208} INFO - Processing /home/patrick/.cache/pypoetry/virtualenvs/airflow-wPbgcfzP-py3.10/lib/python3.10/site-packages/airflow/example_dags/example_xcomargs.py took 6.788 seconds
[2024-10-03T22:23:33.089-0400] {processor.py:186} INFO - Started process (PID=27135) to work on /home/patrick/.cache/pypoetry/virtualenvs/airflow-wPbgcfzP-py3.10/lib/python3.10/site-packages/airflow/example_dags/example_xcomargs.py
[2024-10-03T22:23:33.090-0400] {processor.py:914} INFO - Processing file /home/patrick/.cache/pypoetry/virtualenvs/airflow-wPbgcfzP-py3.10/lib/python3.10/site-packages/airflow/example_dags/example_xcomargs.py for tasks to queue
[2024-10-03T22:23:33.092-0400] {logging_mixin.py:190} INFO - [2024-10-03T22:23:33.092-0400] {dagbag.py:588} INFO - Filling up the DagBag from /home/patrick/.cache/pypoetry/virtualenvs/airflow-wPbgcfzP-py3.10/lib/python3.10/site-packages/airflow/example_dags/example_xcomargs.py
[2024-10-03T22:23:33.099-0400] {processor.py:925} INFO - DAG(s) 'example_xcom_args_with_operators', 'example_xcom_args' retrieved from /home/patrick/.cache/pypoetry/virtualenvs/airflow-wPbgcfzP-py3.10/lib/python3.10/site-packages/airflow/example_dags/example_xcomargs.py
[2024-10-03T22:23:35.757-0400] {logging_mixin.py:190} INFO - [2024-10-03T22:23:35.756-0400] {dag.py:3239} INFO - Sync 2 DAGs
[2024-10-03T22:23:35.825-0400] {logging_mixin.py:190} INFO - [2024-10-03T22:23:35.825-0400] {dag.py:4180} INFO - Setting next_dagrun for example_xcom_args to None, run_after=None
[2024-10-03T22:23:35.871-0400] {logging_mixin.py:190} INFO - [2024-10-03T22:23:35.870-0400] {dag.py:4180} INFO - Setting next_dagrun for example_xcom_args_with_operators to None, run_after=None
[2024-10-03T22:23:36.499-0400] {processor.py:208} INFO - Processing /home/patrick/.cache/pypoetry/virtualenvs/airflow-wPbgcfzP-py3.10/lib/python3.10/site-packages/airflow/example_dags/example_xcomargs.py took 3.414 seconds
[2024-10-03T22:29:19.621-0400] {processor.py:186} INFO - Started process (PID=28681) to work on /home/patrick/.cache/pypoetry/virtualenvs/airflow-wPbgcfzP-py3.10/lib/python3.10/site-packages/airflow/example_dags/example_xcomargs.py
[2024-10-03T22:29:19.631-0400] {processor.py:914} INFO - Processing file /home/patrick/.cache/pypoetry/virtualenvs/airflow-wPbgcfzP-py3.10/lib/python3.10/site-packages/airflow/example_dags/example_xcomargs.py for tasks to queue
[2024-10-03T22:29:19.645-0400] {logging_mixin.py:190} INFO - [2024-10-03T22:29:19.645-0400] {dagbag.py:588} INFO - Filling up the DagBag from /home/patrick/.cache/pypoetry/virtualenvs/airflow-wPbgcfzP-py3.10/lib/python3.10/site-packages/airflow/example_dags/example_xcomargs.py
[2024-10-03T22:29:19.653-0400] {processor.py:925} INFO - DAG(s) 'example_xcom_args', 'example_xcom_args_with_operators' retrieved from /home/patrick/.cache/pypoetry/virtualenvs/airflow-wPbgcfzP-py3.10/lib/python3.10/site-packages/airflow/example_dags/example_xcomargs.py
[2024-10-03T22:29:23.511-0400] {logging_mixin.py:190} INFO - [2024-10-03T22:29:23.511-0400] {dag.py:3239} INFO - Sync 2 DAGs
[2024-10-03T22:29:23.707-0400] {logging_mixin.py:190} INFO - [2024-10-03T22:29:23.706-0400] {dag.py:4180} INFO - Setting next_dagrun for example_xcom_args to None, run_after=None
[2024-10-03T22:29:23.748-0400] {logging_mixin.py:190} INFO - [2024-10-03T22:29:23.747-0400] {dag.py:4180} INFO - Setting next_dagrun for example_xcom_args_with_operators to None, run_after=None
[2024-10-03T22:29:24.409-0400] {processor.py:208} INFO - Processing /home/patrick/.cache/pypoetry/virtualenvs/airflow-wPbgcfzP-py3.10/lib/python3.10/site-packages/airflow/example_dags/example_xcomargs.py took 4.795 seconds
[2024-10-03T22:33:10.959-0400] {processor.py:186} INFO - Started process (PID=29714) to work on /home/patrick/.cache/pypoetry/virtualenvs/airflow-wPbgcfzP-py3.10/lib/python3.10/site-packages/airflow/example_dags/example_xcomargs.py
[2024-10-03T22:33:10.966-0400] {processor.py:914} INFO - Processing file /home/patrick/.cache/pypoetry/virtualenvs/airflow-wPbgcfzP-py3.10/lib/python3.10/site-packages/airflow/example_dags/example_xcomargs.py for tasks to queue
[2024-10-03T22:33:10.974-0400] {logging_mixin.py:190} INFO - [2024-10-03T22:33:10.974-0400] {dagbag.py:588} INFO - Filling up the DagBag from /home/patrick/.cache/pypoetry/virtualenvs/airflow-wPbgcfzP-py3.10/lib/python3.10/site-packages/airflow/example_dags/example_xcomargs.py
[2024-10-03T22:33:10.982-0400] {processor.py:925} INFO - DAG(s) 'example_xcom_args_with_operators', 'example_xcom_args' retrieved from /home/patrick/.cache/pypoetry/virtualenvs/airflow-wPbgcfzP-py3.10/lib/python3.10/site-packages/airflow/example_dags/example_xcomargs.py
[2024-10-03T22:33:15.479-0400] {logging_mixin.py:190} INFO - [2024-10-03T22:33:15.479-0400] {dag.py:3239} INFO - Sync 2 DAGs
[2024-10-03T22:33:15.702-0400] {logging_mixin.py:190} INFO - [2024-10-03T22:33:15.702-0400] {dag.py:4180} INFO - Setting next_dagrun for example_xcom_args to None, run_after=None
[2024-10-03T22:33:15.741-0400] {logging_mixin.py:190} INFO - [2024-10-03T22:33:15.741-0400] {dag.py:4180} INFO - Setting next_dagrun for example_xcom_args_with_operators to None, run_after=None
[2024-10-03T22:33:16.404-0400] {processor.py:208} INFO - Processing /home/patrick/.cache/pypoetry/virtualenvs/airflow-wPbgcfzP-py3.10/lib/python3.10/site-packages/airflow/example_dags/example_xcomargs.py took 5.449 seconds
[2024-10-03T22:38:22.100-0400] {processor.py:186} INFO - Started process (PID=31150) to work on /home/patrick/.cache/pypoetry/virtualenvs/airflow-wPbgcfzP-py3.10/lib/python3.10/site-packages/airflow/example_dags/example_xcomargs.py
[2024-10-03T22:38:22.101-0400] {processor.py:914} INFO - Processing file /home/patrick/.cache/pypoetry/virtualenvs/airflow-wPbgcfzP-py3.10/lib/python3.10/site-packages/airflow/example_dags/example_xcomargs.py for tasks to queue
[2024-10-03T22:38:22.103-0400] {logging_mixin.py:190} INFO - [2024-10-03T22:38:22.103-0400] {dagbag.py:588} INFO - Filling up the DagBag from /home/patrick/.cache/pypoetry/virtualenvs/airflow-wPbgcfzP-py3.10/lib/python3.10/site-packages/airflow/example_dags/example_xcomargs.py
[2024-10-03T22:38:22.110-0400] {processor.py:925} INFO - DAG(s) 'example_xcom_args_with_operators', 'example_xcom_args' retrieved from /home/patrick/.cache/pypoetry/virtualenvs/airflow-wPbgcfzP-py3.10/lib/python3.10/site-packages/airflow/example_dags/example_xcomargs.py
[2024-10-03T22:38:36.006-0400] {logging_mixin.py:190} INFO - [2024-10-03T22:38:36.005-0400] {dag.py:3239} INFO - Sync 2 DAGs
[2024-10-03T22:38:36.657-0400] {logging_mixin.py:190} INFO - [2024-10-03T22:38:36.657-0400] {dag.py:4180} INFO - Setting next_dagrun for example_xcom_args to None, run_after=None
[2024-10-03T22:38:36.723-0400] {logging_mixin.py:190} INFO - [2024-10-03T22:38:36.723-0400] {dag.py:4180} INFO - Setting next_dagrun for example_xcom_args_with_operators to None, run_after=None
[2024-10-03T22:38:37.551-0400] {processor.py:208} INFO - Processing /home/patrick/.cache/pypoetry/virtualenvs/airflow-wPbgcfzP-py3.10/lib/python3.10/site-packages/airflow/example_dags/example_xcomargs.py took 15.455 seconds
[2024-10-03T22:42:05.848-0400] {processor.py:186} INFO - Started process (PID=32209) to work on /home/patrick/.cache/pypoetry/virtualenvs/airflow-wPbgcfzP-py3.10/lib/python3.10/site-packages/airflow/example_dags/example_xcomargs.py
[2024-10-03T22:42:05.850-0400] {processor.py:914} INFO - Processing file /home/patrick/.cache/pypoetry/virtualenvs/airflow-wPbgcfzP-py3.10/lib/python3.10/site-packages/airflow/example_dags/example_xcomargs.py for tasks to queue
[2024-10-03T22:42:05.852-0400] {logging_mixin.py:190} INFO - [2024-10-03T22:42:05.852-0400] {dagbag.py:588} INFO - Filling up the DagBag from /home/patrick/.cache/pypoetry/virtualenvs/airflow-wPbgcfzP-py3.10/lib/python3.10/site-packages/airflow/example_dags/example_xcomargs.py
[2024-10-03T22:42:05.859-0400] {processor.py:925} INFO - DAG(s) 'example_xcom_args_with_operators', 'example_xcom_args' retrieved from /home/patrick/.cache/pypoetry/virtualenvs/airflow-wPbgcfzP-py3.10/lib/python3.10/site-packages/airflow/example_dags/example_xcomargs.py
[2024-10-03T22:42:15.255-0400] {logging_mixin.py:190} INFO - [2024-10-03T22:42:15.255-0400] {dag.py:3239} INFO - Sync 2 DAGs
[2024-10-03T22:42:15.578-0400] {logging_mixin.py:190} INFO - [2024-10-03T22:42:15.578-0400] {dag.py:4180} INFO - Setting next_dagrun for example_xcom_args to None, run_after=None
[2024-10-03T22:42:15.635-0400] {logging_mixin.py:190} INFO - [2024-10-03T22:42:15.635-0400] {dag.py:4180} INFO - Setting next_dagrun for example_xcom_args_with_operators to None, run_after=None
[2024-10-03T22:42:16.355-0400] {processor.py:208} INFO - Processing /home/patrick/.cache/pypoetry/virtualenvs/airflow-wPbgcfzP-py3.10/lib/python3.10/site-packages/airflow/example_dags/example_xcomargs.py took 10.511 seconds
[2024-10-03T22:45:31.934-0400] {processor.py:186} INFO - Started process (PID=33139) to work on /home/patrick/.cache/pypoetry/virtualenvs/airflow-wPbgcfzP-py3.10/lib/python3.10/site-packages/airflow/example_dags/example_xcomargs.py
[2024-10-03T22:45:31.935-0400] {processor.py:914} INFO - Processing file /home/patrick/.cache/pypoetry/virtualenvs/airflow-wPbgcfzP-py3.10/lib/python3.10/site-packages/airflow/example_dags/example_xcomargs.py for tasks to queue
[2024-10-03T22:45:31.937-0400] {logging_mixin.py:190} INFO - [2024-10-03T22:45:31.937-0400] {dagbag.py:588} INFO - Filling up the DagBag from /home/patrick/.cache/pypoetry/virtualenvs/airflow-wPbgcfzP-py3.10/lib/python3.10/site-packages/airflow/example_dags/example_xcomargs.py
[2024-10-03T22:45:31.943-0400] {processor.py:925} INFO - DAG(s) 'example_xcom_args_with_operators', 'example_xcom_args' retrieved from /home/patrick/.cache/pypoetry/virtualenvs/airflow-wPbgcfzP-py3.10/lib/python3.10/site-packages/airflow/example_dags/example_xcomargs.py
[2024-10-03T22:45:34.487-0400] {logging_mixin.py:190} INFO - [2024-10-03T22:45:34.487-0400] {dag.py:3239} INFO - Sync 2 DAGs
[2024-10-03T22:45:34.579-0400] {logging_mixin.py:190} INFO - [2024-10-03T22:45:34.578-0400] {dag.py:4180} INFO - Setting next_dagrun for example_xcom_args to None, run_after=None
[2024-10-03T22:45:34.616-0400] {logging_mixin.py:190} INFO - [2024-10-03T22:45:34.616-0400] {dag.py:4180} INFO - Setting next_dagrun for example_xcom_args_with_operators to None, run_after=None
[2024-10-03T22:45:35.148-0400] {processor.py:208} INFO - Processing /home/patrick/.cache/pypoetry/virtualenvs/airflow-wPbgcfzP-py3.10/lib/python3.10/site-packages/airflow/example_dags/example_xcomargs.py took 3.217 seconds
[2024-10-03T22:48:41.577-0400] {processor.py:186} INFO - Started process (PID=34018) to work on /home/patrick/.cache/pypoetry/virtualenvs/airflow-wPbgcfzP-py3.10/lib/python3.10/site-packages/airflow/example_dags/example_xcomargs.py
[2024-10-03T22:48:41.578-0400] {processor.py:914} INFO - Processing file /home/patrick/.cache/pypoetry/virtualenvs/airflow-wPbgcfzP-py3.10/lib/python3.10/site-packages/airflow/example_dags/example_xcomargs.py for tasks to queue
[2024-10-03T22:48:41.579-0400] {logging_mixin.py:190} INFO - [2024-10-03T22:48:41.579-0400] {dagbag.py:588} INFO - Filling up the DagBag from /home/patrick/.cache/pypoetry/virtualenvs/airflow-wPbgcfzP-py3.10/lib/python3.10/site-packages/airflow/example_dags/example_xcomargs.py
[2024-10-03T22:48:41.585-0400] {processor.py:925} INFO - DAG(s) 'example_xcom_args', 'example_xcom_args_with_operators' retrieved from /home/patrick/.cache/pypoetry/virtualenvs/airflow-wPbgcfzP-py3.10/lib/python3.10/site-packages/airflow/example_dags/example_xcomargs.py
[2024-10-03T22:48:47.566-0400] {logging_mixin.py:190} INFO - [2024-10-03T22:48:47.566-0400] {dag.py:3239} INFO - Sync 2 DAGs
[2024-10-03T22:48:47.801-0400] {logging_mixin.py:190} INFO - [2024-10-03T22:48:47.801-0400] {dag.py:4180} INFO - Setting next_dagrun for example_xcom_args to None, run_after=None
[2024-10-03T22:48:47.847-0400] {logging_mixin.py:190} INFO - [2024-10-03T22:48:47.847-0400] {dag.py:4180} INFO - Setting next_dagrun for example_xcom_args_with_operators to None, run_after=None
[2024-10-03T22:48:48.469-0400] {processor.py:208} INFO - Processing /home/patrick/.cache/pypoetry/virtualenvs/airflow-wPbgcfzP-py3.10/lib/python3.10/site-packages/airflow/example_dags/example_xcomargs.py took 6.896 seconds
[2024-10-03T22:52:15.639-0400] {processor.py:186} INFO - Started process (PID=35011) to work on /home/patrick/.cache/pypoetry/virtualenvs/airflow-wPbgcfzP-py3.10/lib/python3.10/site-packages/airflow/example_dags/example_xcomargs.py
[2024-10-03T22:52:15.640-0400] {processor.py:914} INFO - Processing file /home/patrick/.cache/pypoetry/virtualenvs/airflow-wPbgcfzP-py3.10/lib/python3.10/site-packages/airflow/example_dags/example_xcomargs.py for tasks to queue
[2024-10-03T22:52:15.642-0400] {logging_mixin.py:190} INFO - [2024-10-03T22:52:15.642-0400] {dagbag.py:588} INFO - Filling up the DagBag from /home/patrick/.cache/pypoetry/virtualenvs/airflow-wPbgcfzP-py3.10/lib/python3.10/site-packages/airflow/example_dags/example_xcomargs.py
[2024-10-03T22:52:15.649-0400] {processor.py:925} INFO - DAG(s) 'example_xcom_args', 'example_xcom_args_with_operators' retrieved from /home/patrick/.cache/pypoetry/virtualenvs/airflow-wPbgcfzP-py3.10/lib/python3.10/site-packages/airflow/example_dags/example_xcomargs.py
[2024-10-03T22:52:34.070-0400] {logging_mixin.py:190} INFO - [2024-10-03T22:52:34.069-0400] {dag.py:3239} INFO - Sync 2 DAGs
[2024-10-03T22:52:34.452-0400] {logging_mixin.py:190} INFO - [2024-10-03T22:52:34.451-0400] {dag.py:4180} INFO - Setting next_dagrun for example_xcom_args to None, run_after=None
[2024-10-03T22:52:34.529-0400] {logging_mixin.py:190} INFO - [2024-10-03T22:52:34.528-0400] {dag.py:4180} INFO - Setting next_dagrun for example_xcom_args_with_operators to None, run_after=None
[2024-10-03T22:52:35.303-0400] {processor.py:208} INFO - Processing /home/patrick/.cache/pypoetry/virtualenvs/airflow-wPbgcfzP-py3.10/lib/python3.10/site-packages/airflow/example_dags/example_xcomargs.py took 19.667 seconds
[2024-10-03T22:57:10.413-0400] {processor.py:186} INFO - Started process (PID=36444) to work on /home/patrick/.cache/pypoetry/virtualenvs/airflow-wPbgcfzP-py3.10/lib/python3.10/site-packages/airflow/example_dags/example_xcomargs.py
[2024-10-03T22:57:10.414-0400] {processor.py:914} INFO - Processing file /home/patrick/.cache/pypoetry/virtualenvs/airflow-wPbgcfzP-py3.10/lib/python3.10/site-packages/airflow/example_dags/example_xcomargs.py for tasks to queue
[2024-10-03T22:57:10.415-0400] {logging_mixin.py:190} INFO - [2024-10-03T22:57:10.415-0400] {dagbag.py:588} INFO - Filling up the DagBag from /home/patrick/.cache/pypoetry/virtualenvs/airflow-wPbgcfzP-py3.10/lib/python3.10/site-packages/airflow/example_dags/example_xcomargs.py
[2024-10-03T22:57:10.422-0400] {processor.py:925} INFO - DAG(s) 'example_xcom_args_with_operators', 'example_xcom_args' retrieved from /home/patrick/.cache/pypoetry/virtualenvs/airflow-wPbgcfzP-py3.10/lib/python3.10/site-packages/airflow/example_dags/example_xcomargs.py
[2024-10-03T22:57:17.552-0400] {logging_mixin.py:190} INFO - [2024-10-03T22:57:17.552-0400] {dag.py:3239} INFO - Sync 2 DAGs
[2024-10-03T22:57:17.651-0400] {logging_mixin.py:190} INFO - [2024-10-03T22:57:17.651-0400] {dag.py:4180} INFO - Setting next_dagrun for example_xcom_args to None, run_after=None
[2024-10-03T22:57:17.698-0400] {logging_mixin.py:190} INFO - [2024-10-03T22:57:17.698-0400] {dag.py:4180} INFO - Setting next_dagrun for example_xcom_args_with_operators to None, run_after=None
[2024-10-03T22:57:18.322-0400] {processor.py:208} INFO - Processing /home/patrick/.cache/pypoetry/virtualenvs/airflow-wPbgcfzP-py3.10/lib/python3.10/site-packages/airflow/example_dags/example_xcomargs.py took 7.913 seconds
[2024-10-03T23:01:36.374-0400] {processor.py:186} INFO - Started process (PID=37643) to work on /home/patrick/.cache/pypoetry/virtualenvs/airflow-wPbgcfzP-py3.10/lib/python3.10/site-packages/airflow/example_dags/example_xcomargs.py
[2024-10-03T23:01:36.376-0400] {processor.py:914} INFO - Processing file /home/patrick/.cache/pypoetry/virtualenvs/airflow-wPbgcfzP-py3.10/lib/python3.10/site-packages/airflow/example_dags/example_xcomargs.py for tasks to queue
[2024-10-03T23:01:36.377-0400] {logging_mixin.py:190} INFO - [2024-10-03T23:01:36.377-0400] {dagbag.py:588} INFO - Filling up the DagBag from /home/patrick/.cache/pypoetry/virtualenvs/airflow-wPbgcfzP-py3.10/lib/python3.10/site-packages/airflow/example_dags/example_xcomargs.py
[2024-10-03T23:01:36.384-0400] {processor.py:925} INFO - DAG(s) 'example_xcom_args_with_operators', 'example_xcom_args' retrieved from /home/patrick/.cache/pypoetry/virtualenvs/airflow-wPbgcfzP-py3.10/lib/python3.10/site-packages/airflow/example_dags/example_xcomargs.py
[2024-10-03T23:01:44.586-0400] {logging_mixin.py:190} INFO - [2024-10-03T23:01:44.586-0400] {dag.py:3239} INFO - Sync 2 DAGs
[2024-10-03T23:01:45.018-0400] {logging_mixin.py:190} INFO - [2024-10-03T23:01:45.018-0400] {dag.py:4180} INFO - Setting next_dagrun for example_xcom_args to None, run_after=None
[2024-10-03T23:01:45.180-0400] {logging_mixin.py:190} INFO - [2024-10-03T23:01:45.180-0400] {dag.py:4180} INFO - Setting next_dagrun for example_xcom_args_with_operators to None, run_after=None
[2024-10-03T23:01:45.879-0400] {processor.py:208} INFO - Processing /home/patrick/.cache/pypoetry/virtualenvs/airflow-wPbgcfzP-py3.10/lib/python3.10/site-packages/airflow/example_dags/example_xcomargs.py took 9.509 seconds
[2024-10-03T23:05:11.044-0400] {processor.py:186} INFO - Started process (PID=38587) to work on /home/patrick/.cache/pypoetry/virtualenvs/airflow-wPbgcfzP-py3.10/lib/python3.10/site-packages/airflow/example_dags/example_xcomargs.py
[2024-10-03T23:05:11.045-0400] {processor.py:914} INFO - Processing file /home/patrick/.cache/pypoetry/virtualenvs/airflow-wPbgcfzP-py3.10/lib/python3.10/site-packages/airflow/example_dags/example_xcomargs.py for tasks to queue
[2024-10-03T23:05:11.046-0400] {logging_mixin.py:190} INFO - [2024-10-03T23:05:11.046-0400] {dagbag.py:588} INFO - Filling up the DagBag from /home/patrick/.cache/pypoetry/virtualenvs/airflow-wPbgcfzP-py3.10/lib/python3.10/site-packages/airflow/example_dags/example_xcomargs.py
[2024-10-03T23:05:11.053-0400] {processor.py:925} INFO - DAG(s) 'example_xcom_args_with_operators', 'example_xcom_args' retrieved from /home/patrick/.cache/pypoetry/virtualenvs/airflow-wPbgcfzP-py3.10/lib/python3.10/site-packages/airflow/example_dags/example_xcomargs.py
[2024-10-03T23:05:16.518-0400] {logging_mixin.py:190} INFO - [2024-10-03T23:05:16.517-0400] {dag.py:3239} INFO - Sync 2 DAGs
[2024-10-03T23:05:16.771-0400] {logging_mixin.py:190} INFO - [2024-10-03T23:05:16.771-0400] {dag.py:4180} INFO - Setting next_dagrun for example_xcom_args to None, run_after=None
[2024-10-03T23:05:16.819-0400] {logging_mixin.py:190} INFO - [2024-10-03T23:05:16.819-0400] {dag.py:4180} INFO - Setting next_dagrun for example_xcom_args_with_operators to None, run_after=None
[2024-10-03T23:05:17.596-0400] {processor.py:208} INFO - Processing /home/patrick/.cache/pypoetry/virtualenvs/airflow-wPbgcfzP-py3.10/lib/python3.10/site-packages/airflow/example_dags/example_xcomargs.py took 6.556 seconds
[2024-10-03T23:08:22.661-0400] {processor.py:186} INFO - Started process (PID=39423) to work on /home/patrick/.cache/pypoetry/virtualenvs/airflow-wPbgcfzP-py3.10/lib/python3.10/site-packages/airflow/example_dags/example_xcomargs.py
[2024-10-03T23:08:22.662-0400] {processor.py:914} INFO - Processing file /home/patrick/.cache/pypoetry/virtualenvs/airflow-wPbgcfzP-py3.10/lib/python3.10/site-packages/airflow/example_dags/example_xcomargs.py for tasks to queue
[2024-10-03T23:08:22.664-0400] {logging_mixin.py:190} INFO - [2024-10-03T23:08:22.664-0400] {dagbag.py:588} INFO - Filling up the DagBag from /home/patrick/.cache/pypoetry/virtualenvs/airflow-wPbgcfzP-py3.10/lib/python3.10/site-packages/airflow/example_dags/example_xcomargs.py
[2024-10-03T23:08:22.671-0400] {processor.py:925} INFO - DAG(s) 'example_xcom_args_with_operators', 'example_xcom_args' retrieved from /home/patrick/.cache/pypoetry/virtualenvs/airflow-wPbgcfzP-py3.10/lib/python3.10/site-packages/airflow/example_dags/example_xcomargs.py
[2024-10-03T23:08:32.524-0400] {logging_mixin.py:190} INFO - [2024-10-03T23:08:32.524-0400] {dag.py:3239} INFO - Sync 2 DAGs
[2024-10-03T23:08:32.742-0400] {logging_mixin.py:190} INFO - [2024-10-03T23:08:32.741-0400] {dag.py:4180} INFO - Setting next_dagrun for example_xcom_args to None, run_after=None
[2024-10-03T23:08:32.819-0400] {logging_mixin.py:190} INFO - [2024-10-03T23:08:32.819-0400] {dag.py:4180} INFO - Setting next_dagrun for example_xcom_args_with_operators to None, run_after=None
[2024-10-03T23:08:33.557-0400] {processor.py:208} INFO - Processing /home/patrick/.cache/pypoetry/virtualenvs/airflow-wPbgcfzP-py3.10/lib/python3.10/site-packages/airflow/example_dags/example_xcomargs.py took 10.901 seconds
[2024-10-03T23:10:53.934-0400] {processor.py:186} INFO - Started process (PID=40069) to work on /home/patrick/.cache/pypoetry/virtualenvs/airflow-wPbgcfzP-py3.10/lib/python3.10/site-packages/airflow/example_dags/example_xcomargs.py
[2024-10-03T23:10:53.935-0400] {processor.py:914} INFO - Processing file /home/patrick/.cache/pypoetry/virtualenvs/airflow-wPbgcfzP-py3.10/lib/python3.10/site-packages/airflow/example_dags/example_xcomargs.py for tasks to queue
[2024-10-03T23:10:53.937-0400] {logging_mixin.py:190} INFO - [2024-10-03T23:10:53.937-0400] {dagbag.py:588} INFO - Filling up the DagBag from /home/patrick/.cache/pypoetry/virtualenvs/airflow-wPbgcfzP-py3.10/lib/python3.10/site-packages/airflow/example_dags/example_xcomargs.py
[2024-10-03T23:10:53.945-0400] {processor.py:925} INFO - DAG(s) 'example_xcom_args_with_operators', 'example_xcom_args' retrieved from /home/patrick/.cache/pypoetry/virtualenvs/airflow-wPbgcfzP-py3.10/lib/python3.10/site-packages/airflow/example_dags/example_xcomargs.py
[2024-10-03T23:10:57.444-0400] {logging_mixin.py:190} INFO - [2024-10-03T23:10:57.443-0400] {dag.py:3239} INFO - Sync 2 DAGs
[2024-10-03T23:10:57.521-0400] {logging_mixin.py:190} INFO - [2024-10-03T23:10:57.521-0400] {dag.py:4180} INFO - Setting next_dagrun for example_xcom_args to None, run_after=None
[2024-10-03T23:10:57.568-0400] {logging_mixin.py:190} INFO - [2024-10-03T23:10:57.568-0400] {dag.py:4180} INFO - Setting next_dagrun for example_xcom_args_with_operators to None, run_after=None
[2024-10-03T23:10:58.159-0400] {processor.py:208} INFO - Processing /home/patrick/.cache/pypoetry/virtualenvs/airflow-wPbgcfzP-py3.10/lib/python3.10/site-packages/airflow/example_dags/example_xcomargs.py took 4.230 seconds
[2024-10-03T23:15:29.119-0400] {processor.py:186} INFO - Started process (PID=41270) to work on /home/patrick/.cache/pypoetry/virtualenvs/airflow-wPbgcfzP-py3.10/lib/python3.10/site-packages/airflow/example_dags/example_xcomargs.py
[2024-10-03T23:15:29.123-0400] {processor.py:914} INFO - Processing file /home/patrick/.cache/pypoetry/virtualenvs/airflow-wPbgcfzP-py3.10/lib/python3.10/site-packages/airflow/example_dags/example_xcomargs.py for tasks to queue
[2024-10-03T23:15:29.127-0400] {logging_mixin.py:190} INFO - [2024-10-03T23:15:29.127-0400] {dagbag.py:588} INFO - Filling up the DagBag from /home/patrick/.cache/pypoetry/virtualenvs/airflow-wPbgcfzP-py3.10/lib/python3.10/site-packages/airflow/example_dags/example_xcomargs.py
[2024-10-03T23:15:29.135-0400] {processor.py:925} INFO - DAG(s) 'example_xcom_args_with_operators', 'example_xcom_args' retrieved from /home/patrick/.cache/pypoetry/virtualenvs/airflow-wPbgcfzP-py3.10/lib/python3.10/site-packages/airflow/example_dags/example_xcomargs.py
[2024-10-03T23:15:31.941-0400] {logging_mixin.py:190} INFO - [2024-10-03T23:15:31.941-0400] {dag.py:3239} INFO - Sync 2 DAGs
[2024-10-03T23:15:32.070-0400] {logging_mixin.py:190} INFO - [2024-10-03T23:15:32.069-0400] {dag.py:4180} INFO - Setting next_dagrun for example_xcom_args to None, run_after=None
[2024-10-03T23:15:32.118-0400] {logging_mixin.py:190} INFO - [2024-10-03T23:15:32.118-0400] {dag.py:4180} INFO - Setting next_dagrun for example_xcom_args_with_operators to None, run_after=None
[2024-10-03T23:15:32.730-0400] {processor.py:208} INFO - Processing /home/patrick/.cache/pypoetry/virtualenvs/airflow-wPbgcfzP-py3.10/lib/python3.10/site-packages/airflow/example_dags/example_xcomargs.py took 3.615 seconds
[2024-10-03T23:19:18.698-0400] {processor.py:186} INFO - Started process (PID=42282) to work on /home/patrick/.cache/pypoetry/virtualenvs/airflow-wPbgcfzP-py3.10/lib/python3.10/site-packages/airflow/example_dags/example_xcomargs.py
[2024-10-03T23:19:18.700-0400] {processor.py:914} INFO - Processing file /home/patrick/.cache/pypoetry/virtualenvs/airflow-wPbgcfzP-py3.10/lib/python3.10/site-packages/airflow/example_dags/example_xcomargs.py for tasks to queue
[2024-10-03T23:19:18.701-0400] {logging_mixin.py:190} INFO - [2024-10-03T23:19:18.701-0400] {dagbag.py:588} INFO - Filling up the DagBag from /home/patrick/.cache/pypoetry/virtualenvs/airflow-wPbgcfzP-py3.10/lib/python3.10/site-packages/airflow/example_dags/example_xcomargs.py
[2024-10-03T23:19:18.707-0400] {processor.py:925} INFO - DAG(s) 'example_xcom_args', 'example_xcom_args_with_operators' retrieved from /home/patrick/.cache/pypoetry/virtualenvs/airflow-wPbgcfzP-py3.10/lib/python3.10/site-packages/airflow/example_dags/example_xcomargs.py
[2024-10-03T23:19:20.351-0400] {logging_mixin.py:190} INFO - [2024-10-03T23:19:20.351-0400] {dag.py:3239} INFO - Sync 2 DAGs
[2024-10-03T23:19:20.420-0400] {logging_mixin.py:190} INFO - [2024-10-03T23:19:20.419-0400] {dag.py:4180} INFO - Setting next_dagrun for example_xcom_args to None, run_after=None
[2024-10-03T23:19:20.467-0400] {logging_mixin.py:190} INFO - [2024-10-03T23:19:20.467-0400] {dag.py:4180} INFO - Setting next_dagrun for example_xcom_args_with_operators to None, run_after=None
[2024-10-03T23:19:21.210-0400] {processor.py:208} INFO - Processing /home/patrick/.cache/pypoetry/virtualenvs/airflow-wPbgcfzP-py3.10/lib/python3.10/site-packages/airflow/example_dags/example_xcomargs.py took 2.515 seconds
[2024-10-03T23:24:10.337-0400] {processor.py:186} INFO - Started process (PID=43543) to work on /home/patrick/.cache/pypoetry/virtualenvs/airflow-wPbgcfzP-py3.10/lib/python3.10/site-packages/airflow/example_dags/example_xcomargs.py
[2024-10-03T23:24:10.338-0400] {processor.py:914} INFO - Processing file /home/patrick/.cache/pypoetry/virtualenvs/airflow-wPbgcfzP-py3.10/lib/python3.10/site-packages/airflow/example_dags/example_xcomargs.py for tasks to queue
[2024-10-03T23:24:10.339-0400] {logging_mixin.py:190} INFO - [2024-10-03T23:24:10.339-0400] {dagbag.py:588} INFO - Filling up the DagBag from /home/patrick/.cache/pypoetry/virtualenvs/airflow-wPbgcfzP-py3.10/lib/python3.10/site-packages/airflow/example_dags/example_xcomargs.py
[2024-10-03T23:24:10.345-0400] {processor.py:925} INFO - DAG(s) 'example_xcom_args', 'example_xcom_args_with_operators' retrieved from /home/patrick/.cache/pypoetry/virtualenvs/airflow-wPbgcfzP-py3.10/lib/python3.10/site-packages/airflow/example_dags/example_xcomargs.py
[2024-10-03T23:24:26.865-0400] {logging_mixin.py:190} INFO - [2024-10-03T23:24:26.865-0400] {dag.py:3239} INFO - Sync 2 DAGs
[2024-10-03T23:24:27.975-0400] {logging_mixin.py:190} INFO - [2024-10-03T23:24:27.975-0400] {dag.py:4180} INFO - Setting next_dagrun for example_xcom_args to None, run_after=None
[2024-10-03T23:24:28.032-0400] {logging_mixin.py:190} INFO - [2024-10-03T23:24:28.032-0400] {dag.py:4180} INFO - Setting next_dagrun for example_xcom_args_with_operators to None, run_after=None
[2024-10-03T23:24:29.618-0400] {processor.py:208} INFO - Processing /home/patrick/.cache/pypoetry/virtualenvs/airflow-wPbgcfzP-py3.10/lib/python3.10/site-packages/airflow/example_dags/example_xcomargs.py took 19.285 seconds
[2024-10-03T23:27:22.747-0400] {processor.py:186} INFO - Started process (PID=44350) to work on /home/patrick/.cache/pypoetry/virtualenvs/airflow-wPbgcfzP-py3.10/lib/python3.10/site-packages/airflow/example_dags/example_xcomargs.py
[2024-10-03T23:27:22.748-0400] {processor.py:914} INFO - Processing file /home/patrick/.cache/pypoetry/virtualenvs/airflow-wPbgcfzP-py3.10/lib/python3.10/site-packages/airflow/example_dags/example_xcomargs.py for tasks to queue
[2024-10-03T23:27:22.750-0400] {logging_mixin.py:190} INFO - [2024-10-03T23:27:22.749-0400] {dagbag.py:588} INFO - Filling up the DagBag from /home/patrick/.cache/pypoetry/virtualenvs/airflow-wPbgcfzP-py3.10/lib/python3.10/site-packages/airflow/example_dags/example_xcomargs.py
[2024-10-03T23:27:22.755-0400] {processor.py:925} INFO - DAG(s) 'example_xcom_args_with_operators', 'example_xcom_args' retrieved from /home/patrick/.cache/pypoetry/virtualenvs/airflow-wPbgcfzP-py3.10/lib/python3.10/site-packages/airflow/example_dags/example_xcomargs.py
[2024-10-03T23:27:26.773-0400] {logging_mixin.py:190} INFO - [2024-10-03T23:27:26.773-0400] {dag.py:3239} INFO - Sync 2 DAGs
[2024-10-03T23:27:27.027-0400] {logging_mixin.py:190} INFO - [2024-10-03T23:27:27.027-0400] {dag.py:4180} INFO - Setting next_dagrun for example_xcom_args to None, run_after=None
[2024-10-03T23:27:27.103-0400] {logging_mixin.py:190} INFO - [2024-10-03T23:27:27.102-0400] {dag.py:4180} INFO - Setting next_dagrun for example_xcom_args_with_operators to None, run_after=None
[2024-10-03T23:27:27.721-0400] {processor.py:208} INFO - Processing /home/patrick/.cache/pypoetry/virtualenvs/airflow-wPbgcfzP-py3.10/lib/python3.10/site-packages/airflow/example_dags/example_xcomargs.py took 4.977 seconds
[2024-10-03T23:31:43.124-0400] {processor.py:186} INFO - Started process (PID=45515) to work on /home/patrick/.cache/pypoetry/virtualenvs/airflow-wPbgcfzP-py3.10/lib/python3.10/site-packages/airflow/example_dags/example_xcomargs.py
[2024-10-03T23:31:43.125-0400] {processor.py:914} INFO - Processing file /home/patrick/.cache/pypoetry/virtualenvs/airflow-wPbgcfzP-py3.10/lib/python3.10/site-packages/airflow/example_dags/example_xcomargs.py for tasks to queue
[2024-10-03T23:31:43.127-0400] {logging_mixin.py:190} INFO - [2024-10-03T23:31:43.127-0400] {dagbag.py:588} INFO - Filling up the DagBag from /home/patrick/.cache/pypoetry/virtualenvs/airflow-wPbgcfzP-py3.10/lib/python3.10/site-packages/airflow/example_dags/example_xcomargs.py
[2024-10-03T23:31:43.132-0400] {processor.py:925} INFO - DAG(s) 'example_xcom_args', 'example_xcom_args_with_operators' retrieved from /home/patrick/.cache/pypoetry/virtualenvs/airflow-wPbgcfzP-py3.10/lib/python3.10/site-packages/airflow/example_dags/example_xcomargs.py
[2024-10-03T23:31:46.091-0400] {logging_mixin.py:190} INFO - [2024-10-03T23:31:46.091-0400] {dag.py:3239} INFO - Sync 2 DAGs
[2024-10-03T23:31:46.191-0400] {logging_mixin.py:190} INFO - [2024-10-03T23:31:46.190-0400] {dag.py:4180} INFO - Setting next_dagrun for example_xcom_args to None, run_after=None
[2024-10-03T23:31:46.237-0400] {logging_mixin.py:190} INFO - [2024-10-03T23:31:46.237-0400] {dag.py:4180} INFO - Setting next_dagrun for example_xcom_args_with_operators to None, run_after=None
[2024-10-03T23:31:46.797-0400] {processor.py:208} INFO - Processing /home/patrick/.cache/pypoetry/virtualenvs/airflow-wPbgcfzP-py3.10/lib/python3.10/site-packages/airflow/example_dags/example_xcomargs.py took 3.676 seconds
[2024-10-03T23:33:47.732-0400] {processor.py:186} INFO - Started process (PID=46056) to work on /home/patrick/.cache/pypoetry/virtualenvs/airflow-wPbgcfzP-py3.10/lib/python3.10/site-packages/airflow/example_dags/example_xcomargs.py
[2024-10-03T23:33:47.733-0400] {processor.py:914} INFO - Processing file /home/patrick/.cache/pypoetry/virtualenvs/airflow-wPbgcfzP-py3.10/lib/python3.10/site-packages/airflow/example_dags/example_xcomargs.py for tasks to queue
[2024-10-03T23:33:47.735-0400] {logging_mixin.py:190} INFO - [2024-10-03T23:33:47.735-0400] {dagbag.py:588} INFO - Filling up the DagBag from /home/patrick/.cache/pypoetry/virtualenvs/airflow-wPbgcfzP-py3.10/lib/python3.10/site-packages/airflow/example_dags/example_xcomargs.py
[2024-10-03T23:33:47.742-0400] {processor.py:925} INFO - DAG(s) 'example_xcom_args', 'example_xcom_args_with_operators' retrieved from /home/patrick/.cache/pypoetry/virtualenvs/airflow-wPbgcfzP-py3.10/lib/python3.10/site-packages/airflow/example_dags/example_xcomargs.py
[2024-10-03T23:33:49.508-0400] {logging_mixin.py:190} INFO - [2024-10-03T23:33:49.508-0400] {dag.py:3239} INFO - Sync 2 DAGs
[2024-10-03T23:33:49.588-0400] {logging_mixin.py:190} INFO - [2024-10-03T23:33:49.587-0400] {dag.py:4180} INFO - Setting next_dagrun for example_xcom_args to None, run_after=None
[2024-10-03T23:33:49.636-0400] {logging_mixin.py:190} INFO - [2024-10-03T23:33:49.635-0400] {dag.py:4180} INFO - Setting next_dagrun for example_xcom_args_with_operators to None, run_after=None
[2024-10-03T23:33:50.306-0400] {processor.py:208} INFO - Processing /home/patrick/.cache/pypoetry/virtualenvs/airflow-wPbgcfzP-py3.10/lib/python3.10/site-packages/airflow/example_dags/example_xcomargs.py took 2.578 seconds
[2024-10-03T23:35:55.439-0400] {processor.py:186} INFO - Started process (PID=46606) to work on /home/patrick/.cache/pypoetry/virtualenvs/airflow-wPbgcfzP-py3.10/lib/python3.10/site-packages/airflow/example_dags/example_xcomargs.py
[2024-10-03T23:35:55.440-0400] {processor.py:914} INFO - Processing file /home/patrick/.cache/pypoetry/virtualenvs/airflow-wPbgcfzP-py3.10/lib/python3.10/site-packages/airflow/example_dags/example_xcomargs.py for tasks to queue
[2024-10-03T23:35:55.441-0400] {logging_mixin.py:190} INFO - [2024-10-03T23:35:55.441-0400] {dagbag.py:588} INFO - Filling up the DagBag from /home/patrick/.cache/pypoetry/virtualenvs/airflow-wPbgcfzP-py3.10/lib/python3.10/site-packages/airflow/example_dags/example_xcomargs.py
[2024-10-03T23:35:55.447-0400] {processor.py:925} INFO - DAG(s) 'example_xcom_args', 'example_xcom_args_with_operators' retrieved from /home/patrick/.cache/pypoetry/virtualenvs/airflow-wPbgcfzP-py3.10/lib/python3.10/site-packages/airflow/example_dags/example_xcomargs.py
[2024-10-03T23:35:56.963-0400] {logging_mixin.py:190} INFO - [2024-10-03T23:35:56.962-0400] {dag.py:3239} INFO - Sync 2 DAGs
[2024-10-03T23:35:57.063-0400] {logging_mixin.py:190} INFO - [2024-10-03T23:35:57.062-0400] {dag.py:4180} INFO - Setting next_dagrun for example_xcom_args to None, run_after=None
[2024-10-03T23:35:57.111-0400] {logging_mixin.py:190} INFO - [2024-10-03T23:35:57.111-0400] {dag.py:4180} INFO - Setting next_dagrun for example_xcom_args_with_operators to None, run_after=None
[2024-10-03T23:35:57.802-0400] {processor.py:208} INFO - Processing /home/patrick/.cache/pypoetry/virtualenvs/airflow-wPbgcfzP-py3.10/lib/python3.10/site-packages/airflow/example_dags/example_xcomargs.py took 2.367 seconds
[2024-10-03T23:38:42.697-0400] {processor.py:186} INFO - Started process (PID=47315) to work on /home/patrick/.cache/pypoetry/virtualenvs/airflow-wPbgcfzP-py3.10/lib/python3.10/site-packages/airflow/example_dags/example_xcomargs.py
[2024-10-03T23:38:42.697-0400] {processor.py:914} INFO - Processing file /home/patrick/.cache/pypoetry/virtualenvs/airflow-wPbgcfzP-py3.10/lib/python3.10/site-packages/airflow/example_dags/example_xcomargs.py for tasks to queue
[2024-10-03T23:38:42.699-0400] {logging_mixin.py:190} INFO - [2024-10-03T23:38:42.699-0400] {dagbag.py:588} INFO - Filling up the DagBag from /home/patrick/.cache/pypoetry/virtualenvs/airflow-wPbgcfzP-py3.10/lib/python3.10/site-packages/airflow/example_dags/example_xcomargs.py
[2024-10-03T23:38:42.705-0400] {processor.py:925} INFO - DAG(s) 'example_xcom_args', 'example_xcom_args_with_operators' retrieved from /home/patrick/.cache/pypoetry/virtualenvs/airflow-wPbgcfzP-py3.10/lib/python3.10/site-packages/airflow/example_dags/example_xcomargs.py
[2024-10-03T23:38:45.661-0400] {logging_mixin.py:190} INFO - [2024-10-03T23:38:45.661-0400] {dag.py:3239} INFO - Sync 2 DAGs
[2024-10-03T23:38:45.782-0400] {logging_mixin.py:190} INFO - [2024-10-03T23:38:45.782-0400] {dag.py:4180} INFO - Setting next_dagrun for example_xcom_args to None, run_after=None
[2024-10-03T23:38:45.853-0400] {logging_mixin.py:190} INFO - [2024-10-03T23:38:45.853-0400] {dag.py:4180} INFO - Setting next_dagrun for example_xcom_args_with_operators to None, run_after=None
[2024-10-03T23:38:46.391-0400] {processor.py:208} INFO - Processing /home/patrick/.cache/pypoetry/virtualenvs/airflow-wPbgcfzP-py3.10/lib/python3.10/site-packages/airflow/example_dags/example_xcomargs.py took 3.698 seconds
[2024-10-03T23:42:03.047-0400] {processor.py:186} INFO - Started process (PID=48194) to work on /home/patrick/.cache/pypoetry/virtualenvs/airflow-wPbgcfzP-py3.10/lib/python3.10/site-packages/airflow/example_dags/example_xcomargs.py
[2024-10-03T23:42:03.049-0400] {processor.py:914} INFO - Processing file /home/patrick/.cache/pypoetry/virtualenvs/airflow-wPbgcfzP-py3.10/lib/python3.10/site-packages/airflow/example_dags/example_xcomargs.py for tasks to queue
[2024-10-03T23:42:03.050-0400] {logging_mixin.py:190} INFO - [2024-10-03T23:42:03.050-0400] {dagbag.py:588} INFO - Filling up the DagBag from /home/patrick/.cache/pypoetry/virtualenvs/airflow-wPbgcfzP-py3.10/lib/python3.10/site-packages/airflow/example_dags/example_xcomargs.py
[2024-10-03T23:42:03.057-0400] {processor.py:925} INFO - DAG(s) 'example_xcom_args', 'example_xcom_args_with_operators' retrieved from /home/patrick/.cache/pypoetry/virtualenvs/airflow-wPbgcfzP-py3.10/lib/python3.10/site-packages/airflow/example_dags/example_xcomargs.py
[2024-10-03T23:42:09.381-0400] {logging_mixin.py:190} INFO - [2024-10-03T23:42:09.381-0400] {dag.py:3239} INFO - Sync 2 DAGs
[2024-10-03T23:42:09.499-0400] {logging_mixin.py:190} INFO - [2024-10-03T23:42:09.499-0400] {dag.py:4180} INFO - Setting next_dagrun for example_xcom_args to None, run_after=None
[2024-10-03T23:42:09.538-0400] {logging_mixin.py:190} INFO - [2024-10-03T23:42:09.538-0400] {dag.py:4180} INFO - Setting next_dagrun for example_xcom_args_with_operators to None, run_after=None
[2024-10-03T23:42:10.441-0400] {processor.py:208} INFO - Processing /home/patrick/.cache/pypoetry/virtualenvs/airflow-wPbgcfzP-py3.10/lib/python3.10/site-packages/airflow/example_dags/example_xcomargs.py took 7.397 seconds
[2024-10-03T23:44:39.507-0400] {processor.py:186} INFO - Started process (PID=48861) to work on /home/patrick/.cache/pypoetry/virtualenvs/airflow-wPbgcfzP-py3.10/lib/python3.10/site-packages/airflow/example_dags/example_xcomargs.py
[2024-10-03T23:44:39.508-0400] {processor.py:914} INFO - Processing file /home/patrick/.cache/pypoetry/virtualenvs/airflow-wPbgcfzP-py3.10/lib/python3.10/site-packages/airflow/example_dags/example_xcomargs.py for tasks to queue
[2024-10-03T23:44:39.510-0400] {logging_mixin.py:190} INFO - [2024-10-03T23:44:39.509-0400] {dagbag.py:588} INFO - Filling up the DagBag from /home/patrick/.cache/pypoetry/virtualenvs/airflow-wPbgcfzP-py3.10/lib/python3.10/site-packages/airflow/example_dags/example_xcomargs.py
[2024-10-03T23:44:39.516-0400] {processor.py:925} INFO - DAG(s) 'example_xcom_args', 'example_xcom_args_with_operators' retrieved from /home/patrick/.cache/pypoetry/virtualenvs/airflow-wPbgcfzP-py3.10/lib/python3.10/site-packages/airflow/example_dags/example_xcomargs.py
[2024-10-03T23:44:44.093-0400] {logging_mixin.py:190} INFO - [2024-10-03T23:44:44.093-0400] {dag.py:3239} INFO - Sync 2 DAGs
[2024-10-03T23:44:44.309-0400] {logging_mixin.py:190} INFO - [2024-10-03T23:44:44.308-0400] {dag.py:4180} INFO - Setting next_dagrun for example_xcom_args to None, run_after=None
[2024-10-03T23:44:44.381-0400] {logging_mixin.py:190} INFO - [2024-10-03T23:44:44.380-0400] {dag.py:4180} INFO - Setting next_dagrun for example_xcom_args_with_operators to None, run_after=None
[2024-10-03T23:44:45.161-0400] {processor.py:208} INFO - Processing /home/patrick/.cache/pypoetry/virtualenvs/airflow-wPbgcfzP-py3.10/lib/python3.10/site-packages/airflow/example_dags/example_xcomargs.py took 5.659 seconds
[2024-10-03T23:48:55.853-0400] {processor.py:186} INFO - Started process (PID=49960) to work on /home/patrick/.cache/pypoetry/virtualenvs/airflow-wPbgcfzP-py3.10/lib/python3.10/site-packages/airflow/example_dags/example_xcomargs.py
[2024-10-03T23:48:55.854-0400] {processor.py:914} INFO - Processing file /home/patrick/.cache/pypoetry/virtualenvs/airflow-wPbgcfzP-py3.10/lib/python3.10/site-packages/airflow/example_dags/example_xcomargs.py for tasks to queue
[2024-10-03T23:48:55.856-0400] {logging_mixin.py:190} INFO - [2024-10-03T23:48:55.855-0400] {dagbag.py:588} INFO - Filling up the DagBag from /home/patrick/.cache/pypoetry/virtualenvs/airflow-wPbgcfzP-py3.10/lib/python3.10/site-packages/airflow/example_dags/example_xcomargs.py
[2024-10-03T23:48:55.863-0400] {processor.py:925} INFO - DAG(s) 'example_xcom_args', 'example_xcom_args_with_operators' retrieved from /home/patrick/.cache/pypoetry/virtualenvs/airflow-wPbgcfzP-py3.10/lib/python3.10/site-packages/airflow/example_dags/example_xcomargs.py
[2024-10-03T23:48:58.057-0400] {logging_mixin.py:190} INFO - [2024-10-03T23:48:58.057-0400] {dag.py:3239} INFO - Sync 2 DAGs
[2024-10-03T23:48:58.123-0400] {logging_mixin.py:190} INFO - [2024-10-03T23:48:58.123-0400] {dag.py:4180} INFO - Setting next_dagrun for example_xcom_args to None, run_after=None
[2024-10-03T23:48:58.193-0400] {logging_mixin.py:190} INFO - [2024-10-03T23:48:58.193-0400] {dag.py:4180} INFO - Setting next_dagrun for example_xcom_args_with_operators to None, run_after=None
[2024-10-03T23:48:58.880-0400] {processor.py:208} INFO - Processing /home/patrick/.cache/pypoetry/virtualenvs/airflow-wPbgcfzP-py3.10/lib/python3.10/site-packages/airflow/example_dags/example_xcomargs.py took 3.032 seconds
[2024-10-03T23:53:07.317-0400] {processor.py:186} INFO - Started process (PID=51039) to work on /home/patrick/.cache/pypoetry/virtualenvs/airflow-wPbgcfzP-py3.10/lib/python3.10/site-packages/airflow/example_dags/example_xcomargs.py
[2024-10-03T23:53:07.318-0400] {processor.py:914} INFO - Processing file /home/patrick/.cache/pypoetry/virtualenvs/airflow-wPbgcfzP-py3.10/lib/python3.10/site-packages/airflow/example_dags/example_xcomargs.py for tasks to queue
[2024-10-03T23:53:07.320-0400] {logging_mixin.py:190} INFO - [2024-10-03T23:53:07.320-0400] {dagbag.py:588} INFO - Filling up the DagBag from /home/patrick/.cache/pypoetry/virtualenvs/airflow-wPbgcfzP-py3.10/lib/python3.10/site-packages/airflow/example_dags/example_xcomargs.py
[2024-10-03T23:53:07.327-0400] {processor.py:925} INFO - DAG(s) 'example_xcom_args_with_operators', 'example_xcom_args' retrieved from /home/patrick/.cache/pypoetry/virtualenvs/airflow-wPbgcfzP-py3.10/lib/python3.10/site-packages/airflow/example_dags/example_xcomargs.py
[2024-10-03T23:53:10.081-0400] {logging_mixin.py:190} INFO - [2024-10-03T23:53:10.081-0400] {dag.py:3239} INFO - Sync 2 DAGs
[2024-10-03T23:53:10.163-0400] {logging_mixin.py:190} INFO - [2024-10-03T23:53:10.163-0400] {dag.py:4180} INFO - Setting next_dagrun for example_xcom_args to None, run_after=None
[2024-10-03T23:53:10.208-0400] {logging_mixin.py:190} INFO - [2024-10-03T23:53:10.208-0400] {dag.py:4180} INFO - Setting next_dagrun for example_xcom_args_with_operators to None, run_after=None
[2024-10-03T23:53:10.744-0400] {processor.py:208} INFO - Processing /home/patrick/.cache/pypoetry/virtualenvs/airflow-wPbgcfzP-py3.10/lib/python3.10/site-packages/airflow/example_dags/example_xcomargs.py took 3.432 seconds
[2024-10-03T23:57:02.869-0400] {processor.py:186} INFO - Started process (PID=52056) to work on /home/patrick/.cache/pypoetry/virtualenvs/airflow-wPbgcfzP-py3.10/lib/python3.10/site-packages/airflow/example_dags/example_xcomargs.py
[2024-10-03T23:57:02.877-0400] {processor.py:914} INFO - Processing file /home/patrick/.cache/pypoetry/virtualenvs/airflow-wPbgcfzP-py3.10/lib/python3.10/site-packages/airflow/example_dags/example_xcomargs.py for tasks to queue
[2024-10-03T23:57:02.879-0400] {logging_mixin.py:190} INFO - [2024-10-03T23:57:02.878-0400] {dagbag.py:588} INFO - Filling up the DagBag from /home/patrick/.cache/pypoetry/virtualenvs/airflow-wPbgcfzP-py3.10/lib/python3.10/site-packages/airflow/example_dags/example_xcomargs.py
[2024-10-03T23:57:02.886-0400] {processor.py:925} INFO - DAG(s) 'example_xcom_args_with_operators', 'example_xcom_args' retrieved from /home/patrick/.cache/pypoetry/virtualenvs/airflow-wPbgcfzP-py3.10/lib/python3.10/site-packages/airflow/example_dags/example_xcomargs.py
[2024-10-03T23:57:05.746-0400] {logging_mixin.py:190} INFO - [2024-10-03T23:57:05.745-0400] {dag.py:3239} INFO - Sync 2 DAGs
[2024-10-03T23:57:05.863-0400] {logging_mixin.py:190} INFO - [2024-10-03T23:57:05.862-0400] {dag.py:4180} INFO - Setting next_dagrun for example_xcom_args to None, run_after=None
[2024-10-03T23:57:05.901-0400] {logging_mixin.py:190} INFO - [2024-10-03T23:57:05.901-0400] {dag.py:4180} INFO - Setting next_dagrun for example_xcom_args_with_operators to None, run_after=None
[2024-10-03T23:57:06.565-0400] {processor.py:208} INFO - Processing /home/patrick/.cache/pypoetry/virtualenvs/airflow-wPbgcfzP-py3.10/lib/python3.10/site-packages/airflow/example_dags/example_xcomargs.py took 3.701 seconds
[2024-10-04T00:01:36.562-0400] {processor.py:186} INFO - Started process (PID=53285) to work on /home/patrick/.cache/pypoetry/virtualenvs/airflow-wPbgcfzP-py3.10/lib/python3.10/site-packages/airflow/example_dags/example_xcomargs.py
[2024-10-04T00:01:36.563-0400] {processor.py:914} INFO - Processing file /home/patrick/.cache/pypoetry/virtualenvs/airflow-wPbgcfzP-py3.10/lib/python3.10/site-packages/airflow/example_dags/example_xcomargs.py for tasks to queue
[2024-10-04T00:01:36.564-0400] {logging_mixin.py:190} INFO - [2024-10-04T00:01:36.564-0400] {dagbag.py:588} INFO - Filling up the DagBag from /home/patrick/.cache/pypoetry/virtualenvs/airflow-wPbgcfzP-py3.10/lib/python3.10/site-packages/airflow/example_dags/example_xcomargs.py
[2024-10-04T00:01:36.572-0400] {processor.py:925} INFO - DAG(s) 'example_xcom_args_with_operators', 'example_xcom_args' retrieved from /home/patrick/.cache/pypoetry/virtualenvs/airflow-wPbgcfzP-py3.10/lib/python3.10/site-packages/airflow/example_dags/example_xcomargs.py
[2024-10-04T00:01:39.554-0400] {logging_mixin.py:190} INFO - [2024-10-04T00:01:39.554-0400] {dag.py:3239} INFO - Sync 2 DAGs
[2024-10-04T00:01:39.679-0400] {logging_mixin.py:190} INFO - [2024-10-04T00:01:39.679-0400] {dag.py:4180} INFO - Setting next_dagrun for example_xcom_args to None, run_after=None
[2024-10-04T00:01:39.730-0400] {logging_mixin.py:190} INFO - [2024-10-04T00:01:39.730-0400] {dag.py:4180} INFO - Setting next_dagrun for example_xcom_args_with_operators to None, run_after=None
[2024-10-04T00:01:40.634-0400] {processor.py:208} INFO - Processing /home/patrick/.cache/pypoetry/virtualenvs/airflow-wPbgcfzP-py3.10/lib/python3.10/site-packages/airflow/example_dags/example_xcomargs.py took 4.077 seconds
[2024-10-04T00:05:37.387-0400] {processor.py:186} INFO - Started process (PID=54324) to work on /home/patrick/.cache/pypoetry/virtualenvs/airflow-wPbgcfzP-py3.10/lib/python3.10/site-packages/airflow/example_dags/example_xcomargs.py
[2024-10-04T00:05:37.389-0400] {processor.py:914} INFO - Processing file /home/patrick/.cache/pypoetry/virtualenvs/airflow-wPbgcfzP-py3.10/lib/python3.10/site-packages/airflow/example_dags/example_xcomargs.py for tasks to queue
[2024-10-04T00:05:37.391-0400] {logging_mixin.py:190} INFO - [2024-10-04T00:05:37.391-0400] {dagbag.py:588} INFO - Filling up the DagBag from /home/patrick/.cache/pypoetry/virtualenvs/airflow-wPbgcfzP-py3.10/lib/python3.10/site-packages/airflow/example_dags/example_xcomargs.py
[2024-10-04T00:05:37.398-0400] {processor.py:925} INFO - DAG(s) 'example_xcom_args_with_operators', 'example_xcom_args' retrieved from /home/patrick/.cache/pypoetry/virtualenvs/airflow-wPbgcfzP-py3.10/lib/python3.10/site-packages/airflow/example_dags/example_xcomargs.py
[2024-10-04T00:05:40.765-0400] {logging_mixin.py:190} INFO - [2024-10-04T00:05:40.765-0400] {dag.py:3239} INFO - Sync 2 DAGs
[2024-10-04T00:05:40.846-0400] {logging_mixin.py:190} INFO - [2024-10-04T00:05:40.845-0400] {dag.py:4180} INFO - Setting next_dagrun for example_xcom_args to None, run_after=None
[2024-10-04T00:05:40.903-0400] {logging_mixin.py:190} INFO - [2024-10-04T00:05:40.903-0400] {dag.py:4180} INFO - Setting next_dagrun for example_xcom_args_with_operators to None, run_after=None
[2024-10-04T00:05:41.522-0400] {processor.py:208} INFO - Processing /home/patrick/.cache/pypoetry/virtualenvs/airflow-wPbgcfzP-py3.10/lib/python3.10/site-packages/airflow/example_dags/example_xcomargs.py took 4.139 seconds
