[2024-10-03T20:46:58.439-0400] {processor.py:186} INFO - Started process (PID=1627) to work on /home/patrick/.cache/pypoetry/virtualenvs/airflow-wPbgcfzP-py3.10/lib/python3.10/site-packages/airflow/example_dags/example_dag_decorator.py
[2024-10-03T20:46:58.441-0400] {processor.py:914} INFO - Processing file /home/patrick/.cache/pypoetry/virtualenvs/airflow-wPbgcfzP-py3.10/lib/python3.10/site-packages/airflow/example_dags/example_dag_decorator.py for tasks to queue
[2024-10-03T20:46:58.442-0400] {logging_mixin.py:190} INFO - [2024-10-03T20:46:58.442-0400] {dagbag.py:588} INFO - Filling up the DagBag from /home/patrick/.cache/pypoetry/virtualenvs/airflow-wPbgcfzP-py3.10/lib/python3.10/site-packages/airflow/example_dags/example_dag_decorator.py
[2024-10-03T20:46:58.452-0400] {processor.py:925} INFO - DAG(s) 'example_dag_decorator' retrieved from /home/patrick/.cache/pypoetry/virtualenvs/airflow-wPbgcfzP-py3.10/lib/python3.10/site-packages/airflow/example_dags/example_dag_decorator.py
[2024-10-03T20:47:03.909-0400] {logging_mixin.py:190} INFO - [2024-10-03T20:47:03.909-0400] {dag.py:3239} INFO - Sync 1 DAGs
[2024-10-03T20:47:04.250-0400] {logging_mixin.py:190} INFO - [2024-10-03T20:47:04.249-0400] {dag.py:4180} INFO - Setting next_dagrun for example_dag_decorator to None, run_after=None
[2024-10-03T20:47:05.062-0400] {processor.py:208} INFO - Processing /home/patrick/.cache/pypoetry/virtualenvs/airflow-wPbgcfzP-py3.10/lib/python3.10/site-packages/airflow/example_dags/example_dag_decorator.py took 6.626 seconds
[2024-10-03T21:00:49.983-0400] {processor.py:186} INFO - Started process (PID=5133) to work on /home/patrick/.cache/pypoetry/virtualenvs/airflow-wPbgcfzP-py3.10/lib/python3.10/site-packages/airflow/example_dags/example_dag_decorator.py
[2024-10-03T21:00:49.984-0400] {processor.py:914} INFO - Processing file /home/patrick/.cache/pypoetry/virtualenvs/airflow-wPbgcfzP-py3.10/lib/python3.10/site-packages/airflow/example_dags/example_dag_decorator.py for tasks to queue
[2024-10-03T21:00:49.985-0400] {logging_mixin.py:190} INFO - [2024-10-03T21:00:49.985-0400] {dagbag.py:588} INFO - Filling up the DagBag from /home/patrick/.cache/pypoetry/virtualenvs/airflow-wPbgcfzP-py3.10/lib/python3.10/site-packages/airflow/example_dags/example_dag_decorator.py
[2024-10-03T21:00:49.992-0400] {processor.py:925} INFO - DAG(s) 'example_dag_decorator' retrieved from /home/patrick/.cache/pypoetry/virtualenvs/airflow-wPbgcfzP-py3.10/lib/python3.10/site-packages/airflow/example_dags/example_dag_decorator.py
[2024-10-03T21:01:10.892-0400] {logging_mixin.py:190} INFO - [2024-10-03T21:01:10.892-0400] {dag.py:3239} INFO - Sync 1 DAGs
[2024-10-03T21:01:11.216-0400] {logging_mixin.py:190} INFO - [2024-10-03T21:01:11.215-0400] {dag.py:4180} INFO - Setting next_dagrun for example_dag_decorator to None, run_after=None
[2024-10-03T21:01:12.539-0400] {processor.py:208} INFO - Processing /home/patrick/.cache/pypoetry/virtualenvs/airflow-wPbgcfzP-py3.10/lib/python3.10/site-packages/airflow/example_dags/example_dag_decorator.py took 22.560 seconds
[2024-10-03T21:04:03.520-0400] {processor.py:186} INFO - Started process (PID=5954) to work on /home/patrick/.cache/pypoetry/virtualenvs/airflow-wPbgcfzP-py3.10/lib/python3.10/site-packages/airflow/example_dags/example_dag_decorator.py
[2024-10-03T21:04:03.521-0400] {processor.py:914} INFO - Processing file /home/patrick/.cache/pypoetry/virtualenvs/airflow-wPbgcfzP-py3.10/lib/python3.10/site-packages/airflow/example_dags/example_dag_decorator.py for tasks to queue
[2024-10-03T21:04:03.522-0400] {logging_mixin.py:190} INFO - [2024-10-03T21:04:03.522-0400] {dagbag.py:588} INFO - Filling up the DagBag from /home/patrick/.cache/pypoetry/virtualenvs/airflow-wPbgcfzP-py3.10/lib/python3.10/site-packages/airflow/example_dags/example_dag_decorator.py
[2024-10-03T21:04:03.529-0400] {processor.py:925} INFO - DAG(s) 'example_dag_decorator' retrieved from /home/patrick/.cache/pypoetry/virtualenvs/airflow-wPbgcfzP-py3.10/lib/python3.10/site-packages/airflow/example_dags/example_dag_decorator.py
[2024-10-03T21:04:10.536-0400] {logging_mixin.py:190} INFO - [2024-10-03T21:04:10.535-0400] {dag.py:3239} INFO - Sync 1 DAGs
[2024-10-03T21:04:10.740-0400] {logging_mixin.py:190} INFO - [2024-10-03T21:04:10.740-0400] {dag.py:4180} INFO - Setting next_dagrun for example_dag_decorator to None, run_after=None
[2024-10-03T21:04:11.858-0400] {processor.py:208} INFO - Processing /home/patrick/.cache/pypoetry/virtualenvs/airflow-wPbgcfzP-py3.10/lib/python3.10/site-packages/airflow/example_dags/example_dag_decorator.py took 8.341 seconds
[2024-10-03T21:08:31.482-0400] {processor.py:186} INFO - Started process (PID=7108) to work on /home/patrick/.cache/pypoetry/virtualenvs/airflow-wPbgcfzP-py3.10/lib/python3.10/site-packages/airflow/example_dags/example_dag_decorator.py
[2024-10-03T21:08:31.483-0400] {processor.py:914} INFO - Processing file /home/patrick/.cache/pypoetry/virtualenvs/airflow-wPbgcfzP-py3.10/lib/python3.10/site-packages/airflow/example_dags/example_dag_decorator.py for tasks to queue
[2024-10-03T21:08:31.484-0400] {logging_mixin.py:190} INFO - [2024-10-03T21:08:31.484-0400] {dagbag.py:588} INFO - Filling up the DagBag from /home/patrick/.cache/pypoetry/virtualenvs/airflow-wPbgcfzP-py3.10/lib/python3.10/site-packages/airflow/example_dags/example_dag_decorator.py
[2024-10-03T21:08:31.491-0400] {processor.py:925} INFO - DAG(s) 'example_dag_decorator' retrieved from /home/patrick/.cache/pypoetry/virtualenvs/airflow-wPbgcfzP-py3.10/lib/python3.10/site-packages/airflow/example_dags/example_dag_decorator.py
[2024-10-03T21:08:35.216-0400] {logging_mixin.py:190} INFO - [2024-10-03T21:08:35.216-0400] {dag.py:3239} INFO - Sync 1 DAGs
[2024-10-03T21:08:35.313-0400] {logging_mixin.py:190} INFO - [2024-10-03T21:08:35.313-0400] {dag.py:4180} INFO - Setting next_dagrun for example_dag_decorator to None, run_after=None
[2024-10-03T21:08:35.944-0400] {processor.py:208} INFO - Processing /home/patrick/.cache/pypoetry/virtualenvs/airflow-wPbgcfzP-py3.10/lib/python3.10/site-packages/airflow/example_dags/example_dag_decorator.py took 4.465 seconds
[2024-10-03T21:17:21.907-0400] {processor.py:186} INFO - Started process (PID=9549) to work on /home/patrick/.cache/pypoetry/virtualenvs/airflow-wPbgcfzP-py3.10/lib/python3.10/site-packages/airflow/example_dags/example_dag_decorator.py
[2024-10-03T21:17:21.908-0400] {processor.py:914} INFO - Processing file /home/patrick/.cache/pypoetry/virtualenvs/airflow-wPbgcfzP-py3.10/lib/python3.10/site-packages/airflow/example_dags/example_dag_decorator.py for tasks to queue
[2024-10-03T21:17:21.910-0400] {logging_mixin.py:190} INFO - [2024-10-03T21:17:21.909-0400] {dagbag.py:588} INFO - Filling up the DagBag from /home/patrick/.cache/pypoetry/virtualenvs/airflow-wPbgcfzP-py3.10/lib/python3.10/site-packages/airflow/example_dags/example_dag_decorator.py
[2024-10-03T21:17:21.918-0400] {processor.py:925} INFO - DAG(s) 'example_dag_decorator' retrieved from /home/patrick/.cache/pypoetry/virtualenvs/airflow-wPbgcfzP-py3.10/lib/python3.10/site-packages/airflow/example_dags/example_dag_decorator.py
[2024-10-03T21:17:26.035-0400] {logging_mixin.py:190} INFO - [2024-10-03T21:17:26.034-0400] {dag.py:3239} INFO - Sync 1 DAGs
[2024-10-03T21:17:26.276-0400] {logging_mixin.py:190} INFO - [2024-10-03T21:17:26.276-0400] {dag.py:4180} INFO - Setting next_dagrun for example_dag_decorator to None, run_after=None
[2024-10-03T21:17:27.102-0400] {processor.py:208} INFO - Processing /home/patrick/.cache/pypoetry/virtualenvs/airflow-wPbgcfzP-py3.10/lib/python3.10/site-packages/airflow/example_dags/example_dag_decorator.py took 5.198 seconds
[2024-10-03T21:21:48.113-0400] {processor.py:186} INFO - Started process (PID=10747) to work on /home/patrick/.cache/pypoetry/virtualenvs/airflow-wPbgcfzP-py3.10/lib/python3.10/site-packages/airflow/example_dags/example_dag_decorator.py
[2024-10-03T21:21:48.113-0400] {processor.py:914} INFO - Processing file /home/patrick/.cache/pypoetry/virtualenvs/airflow-wPbgcfzP-py3.10/lib/python3.10/site-packages/airflow/example_dags/example_dag_decorator.py for tasks to queue
[2024-10-03T21:21:48.115-0400] {logging_mixin.py:190} INFO - [2024-10-03T21:21:48.115-0400] {dagbag.py:588} INFO - Filling up the DagBag from /home/patrick/.cache/pypoetry/virtualenvs/airflow-wPbgcfzP-py3.10/lib/python3.10/site-packages/airflow/example_dags/example_dag_decorator.py
[2024-10-03T21:21:48.123-0400] {processor.py:925} INFO - DAG(s) 'example_dag_decorator' retrieved from /home/patrick/.cache/pypoetry/virtualenvs/airflow-wPbgcfzP-py3.10/lib/python3.10/site-packages/airflow/example_dags/example_dag_decorator.py
[2024-10-03T21:21:53.619-0400] {logging_mixin.py:190} INFO - [2024-10-03T21:21:53.618-0400] {dag.py:3239} INFO - Sync 1 DAGs
[2024-10-03T21:21:53.686-0400] {logging_mixin.py:190} INFO - [2024-10-03T21:21:53.686-0400] {dag.py:4180} INFO - Setting next_dagrun for example_dag_decorator to None, run_after=None
[2024-10-03T21:21:54.264-0400] {processor.py:208} INFO - Processing /home/patrick/.cache/pypoetry/virtualenvs/airflow-wPbgcfzP-py3.10/lib/python3.10/site-packages/airflow/example_dags/example_dag_decorator.py took 6.155 seconds
[2024-10-03T21:24:37.013-0400] {processor.py:186} INFO - Started process (PID=11472) to work on /home/patrick/.cache/pypoetry/virtualenvs/airflow-wPbgcfzP-py3.10/lib/python3.10/site-packages/airflow/example_dags/example_dag_decorator.py
[2024-10-03T21:24:37.014-0400] {processor.py:914} INFO - Processing file /home/patrick/.cache/pypoetry/virtualenvs/airflow-wPbgcfzP-py3.10/lib/python3.10/site-packages/airflow/example_dags/example_dag_decorator.py for tasks to queue
[2024-10-03T21:24:37.015-0400] {logging_mixin.py:190} INFO - [2024-10-03T21:24:37.015-0400] {dagbag.py:588} INFO - Filling up the DagBag from /home/patrick/.cache/pypoetry/virtualenvs/airflow-wPbgcfzP-py3.10/lib/python3.10/site-packages/airflow/example_dags/example_dag_decorator.py
[2024-10-03T21:24:37.022-0400] {processor.py:925} INFO - DAG(s) 'example_dag_decorator' retrieved from /home/patrick/.cache/pypoetry/virtualenvs/airflow-wPbgcfzP-py3.10/lib/python3.10/site-packages/airflow/example_dags/example_dag_decorator.py
[2024-10-03T21:24:41.183-0400] {logging_mixin.py:190} INFO - [2024-10-03T21:24:41.183-0400] {dag.py:3239} INFO - Sync 1 DAGs
[2024-10-03T21:24:41.264-0400] {logging_mixin.py:190} INFO - [2024-10-03T21:24:41.263-0400] {dag.py:4180} INFO - Setting next_dagrun for example_dag_decorator to None, run_after=None
[2024-10-03T21:24:41.941-0400] {processor.py:208} INFO - Processing /home/patrick/.cache/pypoetry/virtualenvs/airflow-wPbgcfzP-py3.10/lib/python3.10/site-packages/airflow/example_dags/example_dag_decorator.py took 4.931 seconds
[2024-10-03T21:29:41.401-0400] {processor.py:186} INFO - Started process (PID=12858) to work on /home/patrick/.cache/pypoetry/virtualenvs/airflow-wPbgcfzP-py3.10/lib/python3.10/site-packages/airflow/example_dags/example_dag_decorator.py
[2024-10-03T21:29:41.402-0400] {processor.py:914} INFO - Processing file /home/patrick/.cache/pypoetry/virtualenvs/airflow-wPbgcfzP-py3.10/lib/python3.10/site-packages/airflow/example_dags/example_dag_decorator.py for tasks to queue
[2024-10-03T21:29:41.404-0400] {logging_mixin.py:190} INFO - [2024-10-03T21:29:41.404-0400] {dagbag.py:588} INFO - Filling up the DagBag from /home/patrick/.cache/pypoetry/virtualenvs/airflow-wPbgcfzP-py3.10/lib/python3.10/site-packages/airflow/example_dags/example_dag_decorator.py
[2024-10-03T21:29:41.411-0400] {processor.py:925} INFO - DAG(s) 'example_dag_decorator' retrieved from /home/patrick/.cache/pypoetry/virtualenvs/airflow-wPbgcfzP-py3.10/lib/python3.10/site-packages/airflow/example_dags/example_dag_decorator.py
[2024-10-03T21:29:46.545-0400] {logging_mixin.py:190} INFO - [2024-10-03T21:29:46.545-0400] {dag.py:3239} INFO - Sync 1 DAGs
[2024-10-03T21:29:46.667-0400] {logging_mixin.py:190} INFO - [2024-10-03T21:29:46.667-0400] {dag.py:4180} INFO - Setting next_dagrun for example_dag_decorator to None, run_after=None
[2024-10-03T21:29:47.412-0400] {processor.py:208} INFO - Processing /home/patrick/.cache/pypoetry/virtualenvs/airflow-wPbgcfzP-py3.10/lib/python3.10/site-packages/airflow/example_dags/example_dag_decorator.py took 6.014 seconds
[2024-10-03T21:33:26.307-0400] {processor.py:186} INFO - Started process (PID=13810) to work on /home/patrick/.cache/pypoetry/virtualenvs/airflow-wPbgcfzP-py3.10/lib/python3.10/site-packages/airflow/example_dags/example_dag_decorator.py
[2024-10-03T21:33:26.308-0400] {processor.py:914} INFO - Processing file /home/patrick/.cache/pypoetry/virtualenvs/airflow-wPbgcfzP-py3.10/lib/python3.10/site-packages/airflow/example_dags/example_dag_decorator.py for tasks to queue
[2024-10-03T21:33:26.309-0400] {logging_mixin.py:190} INFO - [2024-10-03T21:33:26.309-0400] {dagbag.py:588} INFO - Filling up the DagBag from /home/patrick/.cache/pypoetry/virtualenvs/airflow-wPbgcfzP-py3.10/lib/python3.10/site-packages/airflow/example_dags/example_dag_decorator.py
[2024-10-03T21:33:26.317-0400] {processor.py:925} INFO - DAG(s) 'example_dag_decorator' retrieved from /home/patrick/.cache/pypoetry/virtualenvs/airflow-wPbgcfzP-py3.10/lib/python3.10/site-packages/airflow/example_dags/example_dag_decorator.py
[2024-10-03T21:33:29.721-0400] {logging_mixin.py:190} INFO - [2024-10-03T21:33:29.721-0400] {dag.py:3239} INFO - Sync 1 DAGs
[2024-10-03T21:33:29.849-0400] {logging_mixin.py:190} INFO - [2024-10-03T21:33:29.849-0400] {dag.py:4180} INFO - Setting next_dagrun for example_dag_decorator to None, run_after=None
[2024-10-03T21:33:30.571-0400] {processor.py:208} INFO - Processing /home/patrick/.cache/pypoetry/virtualenvs/airflow-wPbgcfzP-py3.10/lib/python3.10/site-packages/airflow/example_dags/example_dag_decorator.py took 4.267 seconds
[2024-10-03T21:39:40.488-0400] {processor.py:186} INFO - Started process (PID=15539) to work on /home/patrick/.cache/pypoetry/virtualenvs/airflow-wPbgcfzP-py3.10/lib/python3.10/site-packages/airflow/example_dags/example_dag_decorator.py
[2024-10-03T21:39:40.489-0400] {processor.py:914} INFO - Processing file /home/patrick/.cache/pypoetry/virtualenvs/airflow-wPbgcfzP-py3.10/lib/python3.10/site-packages/airflow/example_dags/example_dag_decorator.py for tasks to queue
[2024-10-03T21:39:40.491-0400] {logging_mixin.py:190} INFO - [2024-10-03T21:39:40.490-0400] {dagbag.py:588} INFO - Filling up the DagBag from /home/patrick/.cache/pypoetry/virtualenvs/airflow-wPbgcfzP-py3.10/lib/python3.10/site-packages/airflow/example_dags/example_dag_decorator.py
[2024-10-03T21:39:40.500-0400] {processor.py:925} INFO - DAG(s) 'example_dag_decorator' retrieved from /home/patrick/.cache/pypoetry/virtualenvs/airflow-wPbgcfzP-py3.10/lib/python3.10/site-packages/airflow/example_dags/example_dag_decorator.py
[2024-10-03T21:39:47.787-0400] {logging_mixin.py:190} INFO - [2024-10-03T21:39:47.787-0400] {dag.py:3239} INFO - Sync 1 DAGs
[2024-10-03T21:39:47.876-0400] {logging_mixin.py:190} INFO - [2024-10-03T21:39:47.876-0400] {dag.py:4180} INFO - Setting next_dagrun for example_dag_decorator to None, run_after=None
[2024-10-03T21:39:48.620-0400] {processor.py:208} INFO - Processing /home/patrick/.cache/pypoetry/virtualenvs/airflow-wPbgcfzP-py3.10/lib/python3.10/site-packages/airflow/example_dags/example_dag_decorator.py took 8.137 seconds
[2024-10-03T21:44:58.647-0400] {processor.py:186} INFO - Started process (PID=16966) to work on /home/patrick/.cache/pypoetry/virtualenvs/airflow-wPbgcfzP-py3.10/lib/python3.10/site-packages/airflow/example_dags/example_dag_decorator.py
[2024-10-03T21:44:58.648-0400] {processor.py:914} INFO - Processing file /home/patrick/.cache/pypoetry/virtualenvs/airflow-wPbgcfzP-py3.10/lib/python3.10/site-packages/airflow/example_dags/example_dag_decorator.py for tasks to queue
[2024-10-03T21:44:58.649-0400] {logging_mixin.py:190} INFO - [2024-10-03T21:44:58.649-0400] {dagbag.py:588} INFO - Filling up the DagBag from /home/patrick/.cache/pypoetry/virtualenvs/airflow-wPbgcfzP-py3.10/lib/python3.10/site-packages/airflow/example_dags/example_dag_decorator.py
[2024-10-03T21:44:58.657-0400] {processor.py:925} INFO - DAG(s) 'example_dag_decorator' retrieved from /home/patrick/.cache/pypoetry/virtualenvs/airflow-wPbgcfzP-py3.10/lib/python3.10/site-packages/airflow/example_dags/example_dag_decorator.py
[2024-10-03T21:45:02.674-0400] {logging_mixin.py:190} INFO - [2024-10-03T21:45:02.673-0400] {dag.py:3239} INFO - Sync 1 DAGs
[2024-10-03T21:45:02.801-0400] {logging_mixin.py:190} INFO - [2024-10-03T21:45:02.801-0400] {dag.py:4180} INFO - Setting next_dagrun for example_dag_decorator to None, run_after=None
[2024-10-03T21:45:03.493-0400] {processor.py:208} INFO - Processing /home/patrick/.cache/pypoetry/virtualenvs/airflow-wPbgcfzP-py3.10/lib/python3.10/site-packages/airflow/example_dags/example_dag_decorator.py took 4.850 seconds
[2024-10-03T21:49:16.500-0400] {processor.py:186} INFO - Started process (PID=18115) to work on /home/patrick/.cache/pypoetry/virtualenvs/airflow-wPbgcfzP-py3.10/lib/python3.10/site-packages/airflow/example_dags/example_dag_decorator.py
[2024-10-03T21:49:16.501-0400] {processor.py:914} INFO - Processing file /home/patrick/.cache/pypoetry/virtualenvs/airflow-wPbgcfzP-py3.10/lib/python3.10/site-packages/airflow/example_dags/example_dag_decorator.py for tasks to queue
[2024-10-03T21:49:16.503-0400] {logging_mixin.py:190} INFO - [2024-10-03T21:49:16.503-0400] {dagbag.py:588} INFO - Filling up the DagBag from /home/patrick/.cache/pypoetry/virtualenvs/airflow-wPbgcfzP-py3.10/lib/python3.10/site-packages/airflow/example_dags/example_dag_decorator.py
[2024-10-03T21:49:16.516-0400] {processor.py:925} INFO - DAG(s) 'example_dag_decorator' retrieved from /home/patrick/.cache/pypoetry/virtualenvs/airflow-wPbgcfzP-py3.10/lib/python3.10/site-packages/airflow/example_dags/example_dag_decorator.py
[2024-10-03T21:49:22.273-0400] {logging_mixin.py:190} INFO - [2024-10-03T21:49:22.273-0400] {dag.py:3239} INFO - Sync 1 DAGs
[2024-10-03T21:49:22.344-0400] {logging_mixin.py:190} INFO - [2024-10-03T21:49:22.344-0400] {dag.py:4180} INFO - Setting next_dagrun for example_dag_decorator to None, run_after=None
[2024-10-03T21:49:22.968-0400] {processor.py:208} INFO - Processing /home/patrick/.cache/pypoetry/virtualenvs/airflow-wPbgcfzP-py3.10/lib/python3.10/site-packages/airflow/example_dags/example_dag_decorator.py took 6.471 seconds
[2024-10-03T21:53:34.455-0400] {processor.py:186} INFO - Started process (PID=19213) to work on /home/patrick/.cache/pypoetry/virtualenvs/airflow-wPbgcfzP-py3.10/lib/python3.10/site-packages/airflow/example_dags/example_dag_decorator.py
[2024-10-03T21:53:34.456-0400] {processor.py:914} INFO - Processing file /home/patrick/.cache/pypoetry/virtualenvs/airflow-wPbgcfzP-py3.10/lib/python3.10/site-packages/airflow/example_dags/example_dag_decorator.py for tasks to queue
[2024-10-03T21:53:34.458-0400] {logging_mixin.py:190} INFO - [2024-10-03T21:53:34.457-0400] {dagbag.py:588} INFO - Filling up the DagBag from /home/patrick/.cache/pypoetry/virtualenvs/airflow-wPbgcfzP-py3.10/lib/python3.10/site-packages/airflow/example_dags/example_dag_decorator.py
[2024-10-03T21:53:34.465-0400] {processor.py:925} INFO - DAG(s) 'example_dag_decorator' retrieved from /home/patrick/.cache/pypoetry/virtualenvs/airflow-wPbgcfzP-py3.10/lib/python3.10/site-packages/airflow/example_dags/example_dag_decorator.py
[2024-10-03T21:53:37.593-0400] {logging_mixin.py:190} INFO - [2024-10-03T21:53:37.593-0400] {dag.py:3239} INFO - Sync 1 DAGs
[2024-10-03T21:53:37.684-0400] {logging_mixin.py:190} INFO - [2024-10-03T21:53:37.683-0400] {dag.py:4180} INFO - Setting next_dagrun for example_dag_decorator to None, run_after=None
[2024-10-03T21:53:38.349-0400] {processor.py:208} INFO - Processing /home/patrick/.cache/pypoetry/virtualenvs/airflow-wPbgcfzP-py3.10/lib/python3.10/site-packages/airflow/example_dags/example_dag_decorator.py took 3.898 seconds
[2024-10-03T21:57:25.981-0400] {processor.py:186} INFO - Started process (PID=20209) to work on /home/patrick/.cache/pypoetry/virtualenvs/airflow-wPbgcfzP-py3.10/lib/python3.10/site-packages/airflow/example_dags/example_dag_decorator.py
[2024-10-03T21:57:25.982-0400] {processor.py:914} INFO - Processing file /home/patrick/.cache/pypoetry/virtualenvs/airflow-wPbgcfzP-py3.10/lib/python3.10/site-packages/airflow/example_dags/example_dag_decorator.py for tasks to queue
[2024-10-03T21:57:25.984-0400] {logging_mixin.py:190} INFO - [2024-10-03T21:57:25.984-0400] {dagbag.py:588} INFO - Filling up the DagBag from /home/patrick/.cache/pypoetry/virtualenvs/airflow-wPbgcfzP-py3.10/lib/python3.10/site-packages/airflow/example_dags/example_dag_decorator.py
[2024-10-03T21:57:25.991-0400] {processor.py:925} INFO - DAG(s) 'example_dag_decorator' retrieved from /home/patrick/.cache/pypoetry/virtualenvs/airflow-wPbgcfzP-py3.10/lib/python3.10/site-packages/airflow/example_dags/example_dag_decorator.py
[2024-10-03T21:57:31.038-0400] {logging_mixin.py:190} INFO - [2024-10-03T21:57:31.037-0400] {dag.py:3239} INFO - Sync 1 DAGs
[2024-10-03T21:57:31.118-0400] {logging_mixin.py:190} INFO - [2024-10-03T21:57:31.118-0400] {dag.py:4180} INFO - Setting next_dagrun for example_dag_decorator to None, run_after=None
[2024-10-03T21:57:31.772-0400] {processor.py:208} INFO - Processing /home/patrick/.cache/pypoetry/virtualenvs/airflow-wPbgcfzP-py3.10/lib/python3.10/site-packages/airflow/example_dags/example_dag_decorator.py took 5.795 seconds
[2024-10-03T22:01:36.967-0400] {processor.py:186} INFO - Started process (PID=21282) to work on /home/patrick/.cache/pypoetry/virtualenvs/airflow-wPbgcfzP-py3.10/lib/python3.10/site-packages/airflow/example_dags/example_dag_decorator.py
[2024-10-03T22:01:36.968-0400] {processor.py:914} INFO - Processing file /home/patrick/.cache/pypoetry/virtualenvs/airflow-wPbgcfzP-py3.10/lib/python3.10/site-packages/airflow/example_dags/example_dag_decorator.py for tasks to queue
[2024-10-03T22:01:36.969-0400] {logging_mixin.py:190} INFO - [2024-10-03T22:01:36.969-0400] {dagbag.py:588} INFO - Filling up the DagBag from /home/patrick/.cache/pypoetry/virtualenvs/airflow-wPbgcfzP-py3.10/lib/python3.10/site-packages/airflow/example_dags/example_dag_decorator.py
[2024-10-03T22:01:36.978-0400] {processor.py:925} INFO - DAG(s) 'example_dag_decorator' retrieved from /home/patrick/.cache/pypoetry/virtualenvs/airflow-wPbgcfzP-py3.10/lib/python3.10/site-packages/airflow/example_dags/example_dag_decorator.py
[2024-10-03T22:01:39.373-0400] {logging_mixin.py:190} INFO - [2024-10-03T22:01:39.373-0400] {dag.py:3239} INFO - Sync 1 DAGs
[2024-10-03T22:01:39.423-0400] {logging_mixin.py:190} INFO - [2024-10-03T22:01:39.423-0400] {dag.py:4180} INFO - Setting next_dagrun for example_dag_decorator to None, run_after=None
[2024-10-03T22:01:40.178-0400] {processor.py:208} INFO - Processing /home/patrick/.cache/pypoetry/virtualenvs/airflow-wPbgcfzP-py3.10/lib/python3.10/site-packages/airflow/example_dags/example_dag_decorator.py took 3.214 seconds
[2024-10-03T22:06:02.806-0400] {processor.py:186} INFO - Started process (PID=22417) to work on /home/patrick/.cache/pypoetry/virtualenvs/airflow-wPbgcfzP-py3.10/lib/python3.10/site-packages/airflow/example_dags/example_dag_decorator.py
[2024-10-03T22:06:02.807-0400] {processor.py:914} INFO - Processing file /home/patrick/.cache/pypoetry/virtualenvs/airflow-wPbgcfzP-py3.10/lib/python3.10/site-packages/airflow/example_dags/example_dag_decorator.py for tasks to queue
[2024-10-03T22:06:02.808-0400] {logging_mixin.py:190} INFO - [2024-10-03T22:06:02.808-0400] {dagbag.py:588} INFO - Filling up the DagBag from /home/patrick/.cache/pypoetry/virtualenvs/airflow-wPbgcfzP-py3.10/lib/python3.10/site-packages/airflow/example_dags/example_dag_decorator.py
[2024-10-03T22:06:02.815-0400] {processor.py:925} INFO - DAG(s) 'example_dag_decorator' retrieved from /home/patrick/.cache/pypoetry/virtualenvs/airflow-wPbgcfzP-py3.10/lib/python3.10/site-packages/airflow/example_dags/example_dag_decorator.py
[2024-10-03T22:06:19.102-0400] {logging_mixin.py:190} INFO - [2024-10-03T22:06:19.101-0400] {dag.py:3239} INFO - Sync 1 DAGs
[2024-10-03T22:06:19.406-0400] {logging_mixin.py:190} INFO - [2024-10-03T22:06:19.406-0400] {dag.py:4180} INFO - Setting next_dagrun for example_dag_decorator to None, run_after=None
[2024-10-03T22:06:20.480-0400] {processor.py:208} INFO - Processing /home/patrick/.cache/pypoetry/virtualenvs/airflow-wPbgcfzP-py3.10/lib/python3.10/site-packages/airflow/example_dags/example_dag_decorator.py took 17.677 seconds
[2024-10-03T22:11:34.718-0400] {processor.py:186} INFO - Started process (PID=23900) to work on /home/patrick/.cache/pypoetry/virtualenvs/airflow-wPbgcfzP-py3.10/lib/python3.10/site-packages/airflow/example_dags/example_dag_decorator.py
[2024-10-03T22:11:34.719-0400] {processor.py:914} INFO - Processing file /home/patrick/.cache/pypoetry/virtualenvs/airflow-wPbgcfzP-py3.10/lib/python3.10/site-packages/airflow/example_dags/example_dag_decorator.py for tasks to queue
[2024-10-03T22:11:34.720-0400] {logging_mixin.py:190} INFO - [2024-10-03T22:11:34.720-0400] {dagbag.py:588} INFO - Filling up the DagBag from /home/patrick/.cache/pypoetry/virtualenvs/airflow-wPbgcfzP-py3.10/lib/python3.10/site-packages/airflow/example_dags/example_dag_decorator.py
[2024-10-03T22:11:34.728-0400] {processor.py:925} INFO - DAG(s) 'example_dag_decorator' retrieved from /home/patrick/.cache/pypoetry/virtualenvs/airflow-wPbgcfzP-py3.10/lib/python3.10/site-packages/airflow/example_dags/example_dag_decorator.py
[2024-10-03T22:11:39.194-0400] {logging_mixin.py:190} INFO - [2024-10-03T22:11:39.194-0400] {dag.py:3239} INFO - Sync 1 DAGs
[2024-10-03T22:11:39.255-0400] {logging_mixin.py:190} INFO - [2024-10-03T22:11:39.255-0400] {dag.py:4180} INFO - Setting next_dagrun for example_dag_decorator to None, run_after=None
[2024-10-03T22:11:39.943-0400] {processor.py:208} INFO - Processing /home/patrick/.cache/pypoetry/virtualenvs/airflow-wPbgcfzP-py3.10/lib/python3.10/site-packages/airflow/example_dags/example_dag_decorator.py took 5.228 seconds
[2024-10-03T22:15:25.585-0400] {processor.py:186} INFO - Started process (PID=24947) to work on /home/patrick/.cache/pypoetry/virtualenvs/airflow-wPbgcfzP-py3.10/lib/python3.10/site-packages/airflow/example_dags/example_dag_decorator.py
[2024-10-03T22:15:25.586-0400] {processor.py:914} INFO - Processing file /home/patrick/.cache/pypoetry/virtualenvs/airflow-wPbgcfzP-py3.10/lib/python3.10/site-packages/airflow/example_dags/example_dag_decorator.py for tasks to queue
[2024-10-03T22:15:25.588-0400] {logging_mixin.py:190} INFO - [2024-10-03T22:15:25.588-0400] {dagbag.py:588} INFO - Filling up the DagBag from /home/patrick/.cache/pypoetry/virtualenvs/airflow-wPbgcfzP-py3.10/lib/python3.10/site-packages/airflow/example_dags/example_dag_decorator.py
[2024-10-03T22:15:25.595-0400] {processor.py:925} INFO - DAG(s) 'example_dag_decorator' retrieved from /home/patrick/.cache/pypoetry/virtualenvs/airflow-wPbgcfzP-py3.10/lib/python3.10/site-packages/airflow/example_dags/example_dag_decorator.py
[2024-10-03T22:15:36.489-0400] {logging_mixin.py:190} INFO - [2024-10-03T22:15:36.489-0400] {dag.py:3239} INFO - Sync 1 DAGs
[2024-10-03T22:15:36.671-0400] {logging_mixin.py:190} INFO - [2024-10-03T22:15:36.671-0400] {dag.py:4180} INFO - Setting next_dagrun for example_dag_decorator to None, run_after=None
[2024-10-03T22:15:37.376-0400] {processor.py:208} INFO - Processing /home/patrick/.cache/pypoetry/virtualenvs/airflow-wPbgcfzP-py3.10/lib/python3.10/site-packages/airflow/example_dags/example_dag_decorator.py took 11.795 seconds
[2024-10-03T22:21:25.447-0400] {processor.py:186} INFO - Started process (PID=26554) to work on /home/patrick/.cache/pypoetry/virtualenvs/airflow-wPbgcfzP-py3.10/lib/python3.10/site-packages/airflow/example_dags/example_dag_decorator.py
[2024-10-03T22:21:25.448-0400] {processor.py:914} INFO - Processing file /home/patrick/.cache/pypoetry/virtualenvs/airflow-wPbgcfzP-py3.10/lib/python3.10/site-packages/airflow/example_dags/example_dag_decorator.py for tasks to queue
[2024-10-03T22:21:25.449-0400] {logging_mixin.py:190} INFO - [2024-10-03T22:21:25.449-0400] {dagbag.py:588} INFO - Filling up the DagBag from /home/patrick/.cache/pypoetry/virtualenvs/airflow-wPbgcfzP-py3.10/lib/python3.10/site-packages/airflow/example_dags/example_dag_decorator.py
[2024-10-03T22:21:25.462-0400] {processor.py:925} INFO - DAG(s) 'example_dag_decorator' retrieved from /home/patrick/.cache/pypoetry/virtualenvs/airflow-wPbgcfzP-py3.10/lib/python3.10/site-packages/airflow/example_dags/example_dag_decorator.py
[2024-10-03T22:21:29.291-0400] {logging_mixin.py:190} INFO - [2024-10-03T22:21:29.291-0400] {dag.py:3239} INFO - Sync 1 DAGs
[2024-10-03T22:21:29.428-0400] {logging_mixin.py:190} INFO - [2024-10-03T22:21:29.428-0400] {dag.py:4180} INFO - Setting next_dagrun for example_dag_decorator to None, run_after=None
[2024-10-03T22:21:30.183-0400] {processor.py:208} INFO - Processing /home/patrick/.cache/pypoetry/virtualenvs/airflow-wPbgcfzP-py3.10/lib/python3.10/site-packages/airflow/example_dags/example_dag_decorator.py took 4.740 seconds
[2024-10-03T22:26:09.204-0400] {processor.py:186} INFO - Started process (PID=27852) to work on /home/patrick/.cache/pypoetry/virtualenvs/airflow-wPbgcfzP-py3.10/lib/python3.10/site-packages/airflow/example_dags/example_dag_decorator.py
[2024-10-03T22:26:09.205-0400] {processor.py:914} INFO - Processing file /home/patrick/.cache/pypoetry/virtualenvs/airflow-wPbgcfzP-py3.10/lib/python3.10/site-packages/airflow/example_dags/example_dag_decorator.py for tasks to queue
[2024-10-03T22:26:09.208-0400] {logging_mixin.py:190} INFO - [2024-10-03T22:26:09.207-0400] {dagbag.py:588} INFO - Filling up the DagBag from /home/patrick/.cache/pypoetry/virtualenvs/airflow-wPbgcfzP-py3.10/lib/python3.10/site-packages/airflow/example_dags/example_dag_decorator.py
[2024-10-03T22:26:09.215-0400] {processor.py:925} INFO - DAG(s) 'example_dag_decorator' retrieved from /home/patrick/.cache/pypoetry/virtualenvs/airflow-wPbgcfzP-py3.10/lib/python3.10/site-packages/airflow/example_dags/example_dag_decorator.py
[2024-10-03T22:26:19.848-0400] {logging_mixin.py:190} INFO - [2024-10-03T22:26:19.848-0400] {dag.py:3239} INFO - Sync 1 DAGs
[2024-10-03T22:26:20.526-0400] {logging_mixin.py:190} INFO - [2024-10-03T22:26:20.526-0400] {dag.py:4180} INFO - Setting next_dagrun for example_dag_decorator to None, run_after=None
[2024-10-03T22:26:21.604-0400] {processor.py:208} INFO - Processing /home/patrick/.cache/pypoetry/virtualenvs/airflow-wPbgcfzP-py3.10/lib/python3.10/site-packages/airflow/example_dags/example_dag_decorator.py took 12.404 seconds
[2024-10-03T22:29:41.755-0400] {processor.py:186} INFO - Started process (PID=28801) to work on /home/patrick/.cache/pypoetry/virtualenvs/airflow-wPbgcfzP-py3.10/lib/python3.10/site-packages/airflow/example_dags/example_dag_decorator.py
[2024-10-03T22:29:41.756-0400] {processor.py:914} INFO - Processing file /home/patrick/.cache/pypoetry/virtualenvs/airflow-wPbgcfzP-py3.10/lib/python3.10/site-packages/airflow/example_dags/example_dag_decorator.py for tasks to queue
[2024-10-03T22:29:41.758-0400] {logging_mixin.py:190} INFO - [2024-10-03T22:29:41.757-0400] {dagbag.py:588} INFO - Filling up the DagBag from /home/patrick/.cache/pypoetry/virtualenvs/airflow-wPbgcfzP-py3.10/lib/python3.10/site-packages/airflow/example_dags/example_dag_decorator.py
[2024-10-03T22:29:41.765-0400] {processor.py:925} INFO - DAG(s) 'example_dag_decorator' retrieved from /home/patrick/.cache/pypoetry/virtualenvs/airflow-wPbgcfzP-py3.10/lib/python3.10/site-packages/airflow/example_dags/example_dag_decorator.py
[2024-10-03T22:29:47.967-0400] {logging_mixin.py:190} INFO - [2024-10-03T22:29:47.967-0400] {dag.py:3239} INFO - Sync 1 DAGs
[2024-10-03T22:29:48.050-0400] {logging_mixin.py:190} INFO - [2024-10-03T22:29:48.050-0400] {dag.py:4180} INFO - Setting next_dagrun for example_dag_decorator to None, run_after=None
[2024-10-03T22:29:48.824-0400] {processor.py:208} INFO - Processing /home/patrick/.cache/pypoetry/virtualenvs/airflow-wPbgcfzP-py3.10/lib/python3.10/site-packages/airflow/example_dags/example_dag_decorator.py took 7.073 seconds
[2024-10-03T22:33:34.429-0400] {processor.py:186} INFO - Started process (PID=29816) to work on /home/patrick/.cache/pypoetry/virtualenvs/airflow-wPbgcfzP-py3.10/lib/python3.10/site-packages/airflow/example_dags/example_dag_decorator.py
[2024-10-03T22:33:34.430-0400] {processor.py:914} INFO - Processing file /home/patrick/.cache/pypoetry/virtualenvs/airflow-wPbgcfzP-py3.10/lib/python3.10/site-packages/airflow/example_dags/example_dag_decorator.py for tasks to queue
[2024-10-03T22:33:34.432-0400] {logging_mixin.py:190} INFO - [2024-10-03T22:33:34.432-0400] {dagbag.py:588} INFO - Filling up the DagBag from /home/patrick/.cache/pypoetry/virtualenvs/airflow-wPbgcfzP-py3.10/lib/python3.10/site-packages/airflow/example_dags/example_dag_decorator.py
[2024-10-03T22:33:34.440-0400] {processor.py:925} INFO - DAG(s) 'example_dag_decorator' retrieved from /home/patrick/.cache/pypoetry/virtualenvs/airflow-wPbgcfzP-py3.10/lib/python3.10/site-packages/airflow/example_dags/example_dag_decorator.py
[2024-10-03T22:33:39.680-0400] {logging_mixin.py:190} INFO - [2024-10-03T22:33:39.680-0400] {dag.py:3239} INFO - Sync 1 DAGs
[2024-10-03T22:33:39.746-0400] {logging_mixin.py:190} INFO - [2024-10-03T22:33:39.746-0400] {dag.py:4180} INFO - Setting next_dagrun for example_dag_decorator to None, run_after=None
[2024-10-03T22:33:40.335-0400] {processor.py:208} INFO - Processing /home/patrick/.cache/pypoetry/virtualenvs/airflow-wPbgcfzP-py3.10/lib/python3.10/site-packages/airflow/example_dags/example_dag_decorator.py took 5.909 seconds
[2024-10-03T22:39:05.714-0400] {processor.py:186} INFO - Started process (PID=31359) to work on /home/patrick/.cache/pypoetry/virtualenvs/airflow-wPbgcfzP-py3.10/lib/python3.10/site-packages/airflow/example_dags/example_dag_decorator.py
[2024-10-03T22:39:05.715-0400] {processor.py:914} INFO - Processing file /home/patrick/.cache/pypoetry/virtualenvs/airflow-wPbgcfzP-py3.10/lib/python3.10/site-packages/airflow/example_dags/example_dag_decorator.py for tasks to queue
[2024-10-03T22:39:05.718-0400] {logging_mixin.py:190} INFO - [2024-10-03T22:39:05.717-0400] {dagbag.py:588} INFO - Filling up the DagBag from /home/patrick/.cache/pypoetry/virtualenvs/airflow-wPbgcfzP-py3.10/lib/python3.10/site-packages/airflow/example_dags/example_dag_decorator.py
[2024-10-03T22:39:05.726-0400] {processor.py:925} INFO - DAG(s) 'example_dag_decorator' retrieved from /home/patrick/.cache/pypoetry/virtualenvs/airflow-wPbgcfzP-py3.10/lib/python3.10/site-packages/airflow/example_dags/example_dag_decorator.py
[2024-10-03T22:39:14.347-0400] {logging_mixin.py:190} INFO - [2024-10-03T22:39:14.347-0400] {dag.py:3239} INFO - Sync 1 DAGs
[2024-10-03T22:39:14.998-0400] {logging_mixin.py:190} INFO - [2024-10-03T22:39:14.997-0400] {dag.py:4180} INFO - Setting next_dagrun for example_dag_decorator to None, run_after=None
[2024-10-03T22:39:15.938-0400] {processor.py:208} INFO - Processing /home/patrick/.cache/pypoetry/virtualenvs/airflow-wPbgcfzP-py3.10/lib/python3.10/site-packages/airflow/example_dags/example_dag_decorator.py took 10.228 seconds
[2024-10-03T22:43:02.058-0400] {processor.py:186} INFO - Started process (PID=32444) to work on /home/patrick/.cache/pypoetry/virtualenvs/airflow-wPbgcfzP-py3.10/lib/python3.10/site-packages/airflow/example_dags/example_dag_decorator.py
[2024-10-03T22:43:02.059-0400] {processor.py:914} INFO - Processing file /home/patrick/.cache/pypoetry/virtualenvs/airflow-wPbgcfzP-py3.10/lib/python3.10/site-packages/airflow/example_dags/example_dag_decorator.py for tasks to queue
[2024-10-03T22:43:02.061-0400] {logging_mixin.py:190} INFO - [2024-10-03T22:43:02.061-0400] {dagbag.py:588} INFO - Filling up the DagBag from /home/patrick/.cache/pypoetry/virtualenvs/airflow-wPbgcfzP-py3.10/lib/python3.10/site-packages/airflow/example_dags/example_dag_decorator.py
[2024-10-03T22:43:02.069-0400] {processor.py:925} INFO - DAG(s) 'example_dag_decorator' retrieved from /home/patrick/.cache/pypoetry/virtualenvs/airflow-wPbgcfzP-py3.10/lib/python3.10/site-packages/airflow/example_dags/example_dag_decorator.py
[2024-10-03T22:43:09.421-0400] {logging_mixin.py:190} INFO - [2024-10-03T22:43:09.421-0400] {dag.py:3239} INFO - Sync 1 DAGs
[2024-10-03T22:43:09.579-0400] {logging_mixin.py:190} INFO - [2024-10-03T22:43:09.578-0400] {dag.py:4180} INFO - Setting next_dagrun for example_dag_decorator to None, run_after=None
[2024-10-03T22:43:10.465-0400] {processor.py:208} INFO - Processing /home/patrick/.cache/pypoetry/virtualenvs/airflow-wPbgcfzP-py3.10/lib/python3.10/site-packages/airflow/example_dags/example_dag_decorator.py took 8.410 seconds
[2024-10-03T22:49:17.104-0400] {processor.py:186} INFO - Started process (PID=34195) to work on /home/patrick/.cache/pypoetry/virtualenvs/airflow-wPbgcfzP-py3.10/lib/python3.10/site-packages/airflow/example_dags/example_dag_decorator.py
[2024-10-03T22:49:17.105-0400] {processor.py:914} INFO - Processing file /home/patrick/.cache/pypoetry/virtualenvs/airflow-wPbgcfzP-py3.10/lib/python3.10/site-packages/airflow/example_dags/example_dag_decorator.py for tasks to queue
[2024-10-03T22:49:17.107-0400] {logging_mixin.py:190} INFO - [2024-10-03T22:49:17.106-0400] {dagbag.py:588} INFO - Filling up the DagBag from /home/patrick/.cache/pypoetry/virtualenvs/airflow-wPbgcfzP-py3.10/lib/python3.10/site-packages/airflow/example_dags/example_dag_decorator.py
[2024-10-03T22:49:17.115-0400] {processor.py:925} INFO - DAG(s) 'example_dag_decorator' retrieved from /home/patrick/.cache/pypoetry/virtualenvs/airflow-wPbgcfzP-py3.10/lib/python3.10/site-packages/airflow/example_dags/example_dag_decorator.py
[2024-10-03T22:49:21.815-0400] {logging_mixin.py:190} INFO - [2024-10-03T22:49:21.814-0400] {dag.py:3239} INFO - Sync 1 DAGs
[2024-10-03T22:49:22.099-0400] {logging_mixin.py:190} INFO - [2024-10-03T22:49:22.099-0400] {dag.py:4180} INFO - Setting next_dagrun for example_dag_decorator to None, run_after=None
[2024-10-03T22:49:22.855-0400] {processor.py:208} INFO - Processing /home/patrick/.cache/pypoetry/virtualenvs/airflow-wPbgcfzP-py3.10/lib/python3.10/site-packages/airflow/example_dags/example_dag_decorator.py took 5.755 seconds
[2024-10-03T22:57:54.892-0400] {processor.py:186} INFO - Started process (PID=36641) to work on /home/patrick/.cache/pypoetry/virtualenvs/airflow-wPbgcfzP-py3.10/lib/python3.10/site-packages/airflow/example_dags/example_dag_decorator.py
[2024-10-03T22:57:54.893-0400] {processor.py:914} INFO - Processing file /home/patrick/.cache/pypoetry/virtualenvs/airflow-wPbgcfzP-py3.10/lib/python3.10/site-packages/airflow/example_dags/example_dag_decorator.py for tasks to queue
[2024-10-03T22:57:54.895-0400] {logging_mixin.py:190} INFO - [2024-10-03T22:57:54.895-0400] {dagbag.py:588} INFO - Filling up the DagBag from /home/patrick/.cache/pypoetry/virtualenvs/airflow-wPbgcfzP-py3.10/lib/python3.10/site-packages/airflow/example_dags/example_dag_decorator.py
[2024-10-03T22:57:54.902-0400] {processor.py:925} INFO - DAG(s) 'example_dag_decorator' retrieved from /home/patrick/.cache/pypoetry/virtualenvs/airflow-wPbgcfzP-py3.10/lib/python3.10/site-packages/airflow/example_dags/example_dag_decorator.py
[2024-10-03T22:58:01.934-0400] {logging_mixin.py:190} INFO - [2024-10-03T22:58:01.933-0400] {dag.py:3239} INFO - Sync 1 DAGs
[2024-10-03T22:58:02.071-0400] {logging_mixin.py:190} INFO - [2024-10-03T22:58:02.070-0400] {dag.py:4180} INFO - Setting next_dagrun for example_dag_decorator to None, run_after=None
[2024-10-03T22:58:02.925-0400] {processor.py:208} INFO - Processing /home/patrick/.cache/pypoetry/virtualenvs/airflow-wPbgcfzP-py3.10/lib/python3.10/site-packages/airflow/example_dags/example_dag_decorator.py took 8.036 seconds
[2024-10-03T23:02:17.104-0400] {processor.py:186} INFO - Started process (PID=37817) to work on /home/patrick/.cache/pypoetry/virtualenvs/airflow-wPbgcfzP-py3.10/lib/python3.10/site-packages/airflow/example_dags/example_dag_decorator.py
[2024-10-03T23:02:17.105-0400] {processor.py:914} INFO - Processing file /home/patrick/.cache/pypoetry/virtualenvs/airflow-wPbgcfzP-py3.10/lib/python3.10/site-packages/airflow/example_dags/example_dag_decorator.py for tasks to queue
[2024-10-03T23:02:17.107-0400] {logging_mixin.py:190} INFO - [2024-10-03T23:02:17.107-0400] {dagbag.py:588} INFO - Filling up the DagBag from /home/patrick/.cache/pypoetry/virtualenvs/airflow-wPbgcfzP-py3.10/lib/python3.10/site-packages/airflow/example_dags/example_dag_decorator.py
[2024-10-03T23:02:17.116-0400] {processor.py:925} INFO - DAG(s) 'example_dag_decorator' retrieved from /home/patrick/.cache/pypoetry/virtualenvs/airflow-wPbgcfzP-py3.10/lib/python3.10/site-packages/airflow/example_dags/example_dag_decorator.py
[2024-10-03T23:02:36.676-0400] {logging_mixin.py:190} INFO - [2024-10-03T23:02:36.676-0400] {dag.py:3239} INFO - Sync 1 DAGs
[2024-10-03T23:02:36.823-0400] {logging_mixin.py:190} INFO - [2024-10-03T23:02:36.822-0400] {dag.py:4180} INFO - Setting next_dagrun for example_dag_decorator to None, run_after=None
[2024-10-03T23:02:37.578-0400] {processor.py:208} INFO - Processing /home/patrick/.cache/pypoetry/virtualenvs/airflow-wPbgcfzP-py3.10/lib/python3.10/site-packages/airflow/example_dags/example_dag_decorator.py took 20.478 seconds
[2024-10-03T23:08:52.501-0400] {processor.py:186} INFO - Started process (PID=39551) to work on /home/patrick/.cache/pypoetry/virtualenvs/airflow-wPbgcfzP-py3.10/lib/python3.10/site-packages/airflow/example_dags/example_dag_decorator.py
[2024-10-03T23:08:52.502-0400] {processor.py:914} INFO - Processing file /home/patrick/.cache/pypoetry/virtualenvs/airflow-wPbgcfzP-py3.10/lib/python3.10/site-packages/airflow/example_dags/example_dag_decorator.py for tasks to queue
[2024-10-03T23:08:52.503-0400] {logging_mixin.py:190} INFO - [2024-10-03T23:08:52.503-0400] {dagbag.py:588} INFO - Filling up the DagBag from /home/patrick/.cache/pypoetry/virtualenvs/airflow-wPbgcfzP-py3.10/lib/python3.10/site-packages/airflow/example_dags/example_dag_decorator.py
[2024-10-03T23:08:52.512-0400] {processor.py:925} INFO - DAG(s) 'example_dag_decorator' retrieved from /home/patrick/.cache/pypoetry/virtualenvs/airflow-wPbgcfzP-py3.10/lib/python3.10/site-packages/airflow/example_dags/example_dag_decorator.py
[2024-10-03T23:09:00.285-0400] {logging_mixin.py:190} INFO - [2024-10-03T23:09:00.284-0400] {dag.py:3239} INFO - Sync 1 DAGs
[2024-10-03T23:09:00.379-0400] {logging_mixin.py:190} INFO - [2024-10-03T23:09:00.379-0400] {dag.py:4180} INFO - Setting next_dagrun for example_dag_decorator to None, run_after=None
[2024-10-03T23:09:01.021-0400] {processor.py:208} INFO - Processing /home/patrick/.cache/pypoetry/virtualenvs/airflow-wPbgcfzP-py3.10/lib/python3.10/site-packages/airflow/example_dags/example_dag_decorator.py took 8.524 seconds
[2024-10-03T23:13:18.208-0400] {processor.py:186} INFO - Started process (PID=40712) to work on /home/patrick/.cache/pypoetry/virtualenvs/airflow-wPbgcfzP-py3.10/lib/python3.10/site-packages/airflow/example_dags/example_dag_decorator.py
[2024-10-03T23:13:18.209-0400] {processor.py:914} INFO - Processing file /home/patrick/.cache/pypoetry/virtualenvs/airflow-wPbgcfzP-py3.10/lib/python3.10/site-packages/airflow/example_dags/example_dag_decorator.py for tasks to queue
[2024-10-03T23:13:18.211-0400] {logging_mixin.py:190} INFO - [2024-10-03T23:13:18.211-0400] {dagbag.py:588} INFO - Filling up the DagBag from /home/patrick/.cache/pypoetry/virtualenvs/airflow-wPbgcfzP-py3.10/lib/python3.10/site-packages/airflow/example_dags/example_dag_decorator.py
[2024-10-03T23:13:18.219-0400] {processor.py:925} INFO - DAG(s) 'example_dag_decorator' retrieved from /home/patrick/.cache/pypoetry/virtualenvs/airflow-wPbgcfzP-py3.10/lib/python3.10/site-packages/airflow/example_dags/example_dag_decorator.py
[2024-10-03T23:13:24.417-0400] {logging_mixin.py:190} INFO - [2024-10-03T23:13:24.416-0400] {dag.py:3239} INFO - Sync 1 DAGs
[2024-10-03T23:13:24.554-0400] {logging_mixin.py:190} INFO - [2024-10-03T23:13:24.554-0400] {dag.py:4180} INFO - Setting next_dagrun for example_dag_decorator to None, run_after=None
[2024-10-03T23:13:25.505-0400] {processor.py:208} INFO - Processing /home/patrick/.cache/pypoetry/virtualenvs/airflow-wPbgcfzP-py3.10/lib/python3.10/site-packages/airflow/example_dags/example_dag_decorator.py took 7.301 seconds
[2024-10-03T23:17:47.345-0400] {processor.py:186} INFO - Started process (PID=41872) to work on /home/patrick/.cache/pypoetry/virtualenvs/airflow-wPbgcfzP-py3.10/lib/python3.10/site-packages/airflow/example_dags/example_dag_decorator.py
[2024-10-03T23:17:47.346-0400] {processor.py:914} INFO - Processing file /home/patrick/.cache/pypoetry/virtualenvs/airflow-wPbgcfzP-py3.10/lib/python3.10/site-packages/airflow/example_dags/example_dag_decorator.py for tasks to queue
[2024-10-03T23:17:47.347-0400] {logging_mixin.py:190} INFO - [2024-10-03T23:17:47.347-0400] {dagbag.py:588} INFO - Filling up the DagBag from /home/patrick/.cache/pypoetry/virtualenvs/airflow-wPbgcfzP-py3.10/lib/python3.10/site-packages/airflow/example_dags/example_dag_decorator.py
[2024-10-03T23:17:47.361-0400] {processor.py:925} INFO - DAG(s) 'example_dag_decorator' retrieved from /home/patrick/.cache/pypoetry/virtualenvs/airflow-wPbgcfzP-py3.10/lib/python3.10/site-packages/airflow/example_dags/example_dag_decorator.py
[2024-10-03T23:17:49.772-0400] {logging_mixin.py:190} INFO - [2024-10-03T23:17:49.772-0400] {dag.py:3239} INFO - Sync 1 DAGs
[2024-10-03T23:17:49.821-0400] {logging_mixin.py:190} INFO - [2024-10-03T23:17:49.821-0400] {dag.py:4180} INFO - Setting next_dagrun for example_dag_decorator to None, run_after=None
[2024-10-03T23:17:50.444-0400] {processor.py:208} INFO - Processing /home/patrick/.cache/pypoetry/virtualenvs/airflow-wPbgcfzP-py3.10/lib/python3.10/site-packages/airflow/example_dags/example_dag_decorator.py took 3.103 seconds
[2024-10-03T23:22:15.345-0400] {processor.py:186} INFO - Started process (PID=43053) to work on /home/patrick/.cache/pypoetry/virtualenvs/airflow-wPbgcfzP-py3.10/lib/python3.10/site-packages/airflow/example_dags/example_dag_decorator.py
[2024-10-03T23:22:15.346-0400] {processor.py:914} INFO - Processing file /home/patrick/.cache/pypoetry/virtualenvs/airflow-wPbgcfzP-py3.10/lib/python3.10/site-packages/airflow/example_dags/example_dag_decorator.py for tasks to queue
[2024-10-03T23:22:15.348-0400] {logging_mixin.py:190} INFO - [2024-10-03T23:22:15.347-0400] {dagbag.py:588} INFO - Filling up the DagBag from /home/patrick/.cache/pypoetry/virtualenvs/airflow-wPbgcfzP-py3.10/lib/python3.10/site-packages/airflow/example_dags/example_dag_decorator.py
[2024-10-03T23:22:15.356-0400] {processor.py:925} INFO - DAG(s) 'example_dag_decorator' retrieved from /home/patrick/.cache/pypoetry/virtualenvs/airflow-wPbgcfzP-py3.10/lib/python3.10/site-packages/airflow/example_dags/example_dag_decorator.py
[2024-10-03T23:22:29.765-0400] {logging_mixin.py:190} INFO - [2024-10-03T23:22:29.764-0400] {dag.py:3239} INFO - Sync 1 DAGs
[2024-10-03T23:22:30.383-0400] {logging_mixin.py:190} INFO - [2024-10-03T23:22:30.383-0400] {dag.py:4180} INFO - Setting next_dagrun for example_dag_decorator to None, run_after=None
[2024-10-03T23:22:31.242-0400] {processor.py:208} INFO - Processing /home/patrick/.cache/pypoetry/virtualenvs/airflow-wPbgcfzP-py3.10/lib/python3.10/site-packages/airflow/example_dags/example_dag_decorator.py took 15.901 seconds
[2024-10-03T23:27:41.001-0400] {processor.py:186} INFO - Started process (PID=44432) to work on /home/patrick/.cache/pypoetry/virtualenvs/airflow-wPbgcfzP-py3.10/lib/python3.10/site-packages/airflow/example_dags/example_dag_decorator.py
[2024-10-03T23:27:41.002-0400] {processor.py:914} INFO - Processing file /home/patrick/.cache/pypoetry/virtualenvs/airflow-wPbgcfzP-py3.10/lib/python3.10/site-packages/airflow/example_dags/example_dag_decorator.py for tasks to queue
[2024-10-03T23:27:41.003-0400] {logging_mixin.py:190} INFO - [2024-10-03T23:27:41.003-0400] {dagbag.py:588} INFO - Filling up the DagBag from /home/patrick/.cache/pypoetry/virtualenvs/airflow-wPbgcfzP-py3.10/lib/python3.10/site-packages/airflow/example_dags/example_dag_decorator.py
[2024-10-03T23:27:41.010-0400] {processor.py:925} INFO - DAG(s) 'example_dag_decorator' retrieved from /home/patrick/.cache/pypoetry/virtualenvs/airflow-wPbgcfzP-py3.10/lib/python3.10/site-packages/airflow/example_dags/example_dag_decorator.py
[2024-10-03T23:27:44.198-0400] {logging_mixin.py:190} INFO - [2024-10-03T23:27:44.198-0400] {dag.py:3239} INFO - Sync 1 DAGs
[2024-10-03T23:27:44.266-0400] {logging_mixin.py:190} INFO - [2024-10-03T23:27:44.265-0400] {dag.py:4180} INFO - Setting next_dagrun for example_dag_decorator to None, run_after=None
[2024-10-03T23:27:45.006-0400] {processor.py:208} INFO - Processing /home/patrick/.cache/pypoetry/virtualenvs/airflow-wPbgcfzP-py3.10/lib/python3.10/site-packages/airflow/example_dags/example_dag_decorator.py took 4.009 seconds
[2024-10-03T23:32:10.715-0400] {processor.py:186} INFO - Started process (PID=45633) to work on /home/patrick/.cache/pypoetry/virtualenvs/airflow-wPbgcfzP-py3.10/lib/python3.10/site-packages/airflow/example_dags/example_dag_decorator.py
[2024-10-03T23:32:10.716-0400] {processor.py:914} INFO - Processing file /home/patrick/.cache/pypoetry/virtualenvs/airflow-wPbgcfzP-py3.10/lib/python3.10/site-packages/airflow/example_dags/example_dag_decorator.py for tasks to queue
[2024-10-03T23:32:10.717-0400] {logging_mixin.py:190} INFO - [2024-10-03T23:32:10.717-0400] {dagbag.py:588} INFO - Filling up the DagBag from /home/patrick/.cache/pypoetry/virtualenvs/airflow-wPbgcfzP-py3.10/lib/python3.10/site-packages/airflow/example_dags/example_dag_decorator.py
[2024-10-03T23:32:10.724-0400] {processor.py:925} INFO - DAG(s) 'example_dag_decorator' retrieved from /home/patrick/.cache/pypoetry/virtualenvs/airflow-wPbgcfzP-py3.10/lib/python3.10/site-packages/airflow/example_dags/example_dag_decorator.py
[2024-10-03T23:32:20.742-0400] {logging_mixin.py:190} INFO - [2024-10-03T23:32:20.742-0400] {dag.py:3239} INFO - Sync 1 DAGs
[2024-10-03T23:32:20.880-0400] {logging_mixin.py:190} INFO - [2024-10-03T23:32:20.880-0400] {dag.py:4180} INFO - Setting next_dagrun for example_dag_decorator to None, run_after=None
[2024-10-03T23:32:21.588-0400] {processor.py:208} INFO - Processing /home/patrick/.cache/pypoetry/virtualenvs/airflow-wPbgcfzP-py3.10/lib/python3.10/site-packages/airflow/example_dags/example_dag_decorator.py took 10.876 seconds
[2024-10-03T23:36:33.617-0400] {processor.py:186} INFO - Started process (PID=46765) to work on /home/patrick/.cache/pypoetry/virtualenvs/airflow-wPbgcfzP-py3.10/lib/python3.10/site-packages/airflow/example_dags/example_dag_decorator.py
[2024-10-03T23:36:33.618-0400] {processor.py:914} INFO - Processing file /home/patrick/.cache/pypoetry/virtualenvs/airflow-wPbgcfzP-py3.10/lib/python3.10/site-packages/airflow/example_dags/example_dag_decorator.py for tasks to queue
[2024-10-03T23:36:33.619-0400] {logging_mixin.py:190} INFO - [2024-10-03T23:36:33.619-0400] {dagbag.py:588} INFO - Filling up the DagBag from /home/patrick/.cache/pypoetry/virtualenvs/airflow-wPbgcfzP-py3.10/lib/python3.10/site-packages/airflow/example_dags/example_dag_decorator.py
[2024-10-03T23:36:33.626-0400] {processor.py:925} INFO - DAG(s) 'example_dag_decorator' retrieved from /home/patrick/.cache/pypoetry/virtualenvs/airflow-wPbgcfzP-py3.10/lib/python3.10/site-packages/airflow/example_dags/example_dag_decorator.py
[2024-10-03T23:36:41.945-0400] {logging_mixin.py:190} INFO - [2024-10-03T23:36:41.945-0400] {dag.py:3239} INFO - Sync 1 DAGs
[2024-10-03T23:36:42.037-0400] {logging_mixin.py:190} INFO - [2024-10-03T23:36:42.037-0400] {dag.py:4180} INFO - Setting next_dagrun for example_dag_decorator to None, run_after=None
[2024-10-03T23:36:42.754-0400] {processor.py:208} INFO - Processing /home/patrick/.cache/pypoetry/virtualenvs/airflow-wPbgcfzP-py3.10/lib/python3.10/site-packages/airflow/example_dags/example_dag_decorator.py took 9.140 seconds
[2024-10-03T23:40:33.153-0400] {processor.py:186} INFO - Started process (PID=47798) to work on /home/patrick/.cache/pypoetry/virtualenvs/airflow-wPbgcfzP-py3.10/lib/python3.10/site-packages/airflow/example_dags/example_dag_decorator.py
[2024-10-03T23:40:33.154-0400] {processor.py:914} INFO - Processing file /home/patrick/.cache/pypoetry/virtualenvs/airflow-wPbgcfzP-py3.10/lib/python3.10/site-packages/airflow/example_dags/example_dag_decorator.py for tasks to queue
[2024-10-03T23:40:33.156-0400] {logging_mixin.py:190} INFO - [2024-10-03T23:40:33.156-0400] {dagbag.py:588} INFO - Filling up the DagBag from /home/patrick/.cache/pypoetry/virtualenvs/airflow-wPbgcfzP-py3.10/lib/python3.10/site-packages/airflow/example_dags/example_dag_decorator.py
[2024-10-03T23:40:33.164-0400] {processor.py:925} INFO - DAG(s) 'example_dag_decorator' retrieved from /home/patrick/.cache/pypoetry/virtualenvs/airflow-wPbgcfzP-py3.10/lib/python3.10/site-packages/airflow/example_dags/example_dag_decorator.py
[2024-10-03T23:40:39.474-0400] {logging_mixin.py:190} INFO - [2024-10-03T23:40:39.474-0400] {dag.py:3239} INFO - Sync 1 DAGs
[2024-10-03T23:40:39.679-0400] {logging_mixin.py:190} INFO - [2024-10-03T23:40:39.679-0400] {dag.py:4180} INFO - Setting next_dagrun for example_dag_decorator to None, run_after=None
[2024-10-03T23:40:40.751-0400] {processor.py:208} INFO - Processing /home/patrick/.cache/pypoetry/virtualenvs/airflow-wPbgcfzP-py3.10/lib/python3.10/site-packages/airflow/example_dags/example_dag_decorator.py took 7.601 seconds
[2024-10-03T23:44:54.412-0400] {processor.py:186} INFO - Started process (PID=48926) to work on /home/patrick/.cache/pypoetry/virtualenvs/airflow-wPbgcfzP-py3.10/lib/python3.10/site-packages/airflow/example_dags/example_dag_decorator.py
[2024-10-03T23:44:54.413-0400] {processor.py:914} INFO - Processing file /home/patrick/.cache/pypoetry/virtualenvs/airflow-wPbgcfzP-py3.10/lib/python3.10/site-packages/airflow/example_dags/example_dag_decorator.py for tasks to queue
[2024-10-03T23:44:54.415-0400] {logging_mixin.py:190} INFO - [2024-10-03T23:44:54.415-0400] {dagbag.py:588} INFO - Filling up the DagBag from /home/patrick/.cache/pypoetry/virtualenvs/airflow-wPbgcfzP-py3.10/lib/python3.10/site-packages/airflow/example_dags/example_dag_decorator.py
[2024-10-03T23:44:54.423-0400] {processor.py:925} INFO - DAG(s) 'example_dag_decorator' retrieved from /home/patrick/.cache/pypoetry/virtualenvs/airflow-wPbgcfzP-py3.10/lib/python3.10/site-packages/airflow/example_dags/example_dag_decorator.py
[2024-10-03T23:44:57.238-0400] {logging_mixin.py:190} INFO - [2024-10-03T23:44:57.237-0400] {dag.py:3239} INFO - Sync 1 DAGs
[2024-10-03T23:44:57.288-0400] {logging_mixin.py:190} INFO - [2024-10-03T23:44:57.288-0400] {dag.py:4180} INFO - Setting next_dagrun for example_dag_decorator to None, run_after=None
[2024-10-03T23:44:57.871-0400] {processor.py:208} INFO - Processing /home/patrick/.cache/pypoetry/virtualenvs/airflow-wPbgcfzP-py3.10/lib/python3.10/site-packages/airflow/example_dags/example_dag_decorator.py took 3.463 seconds
[2024-10-03T23:49:07.538-0400] {processor.py:186} INFO - Started process (PID=50012) to work on /home/patrick/.cache/pypoetry/virtualenvs/airflow-wPbgcfzP-py3.10/lib/python3.10/site-packages/airflow/example_dags/example_dag_decorator.py
[2024-10-03T23:49:07.540-0400] {processor.py:914} INFO - Processing file /home/patrick/.cache/pypoetry/virtualenvs/airflow-wPbgcfzP-py3.10/lib/python3.10/site-packages/airflow/example_dags/example_dag_decorator.py for tasks to queue
[2024-10-03T23:49:07.541-0400] {logging_mixin.py:190} INFO - [2024-10-03T23:49:07.541-0400] {dagbag.py:588} INFO - Filling up the DagBag from /home/patrick/.cache/pypoetry/virtualenvs/airflow-wPbgcfzP-py3.10/lib/python3.10/site-packages/airflow/example_dags/example_dag_decorator.py
[2024-10-03T23:49:07.551-0400] {processor.py:925} INFO - DAG(s) 'example_dag_decorator' retrieved from /home/patrick/.cache/pypoetry/virtualenvs/airflow-wPbgcfzP-py3.10/lib/python3.10/site-packages/airflow/example_dags/example_dag_decorator.py
[2024-10-03T23:49:10.813-0400] {logging_mixin.py:190} INFO - [2024-10-03T23:49:10.812-0400] {dag.py:3239} INFO - Sync 1 DAGs
[2024-10-03T23:49:10.928-0400] {logging_mixin.py:190} INFO - [2024-10-03T23:49:10.928-0400] {dag.py:4180} INFO - Setting next_dagrun for example_dag_decorator to None, run_after=None
[2024-10-03T23:49:11.880-0400] {processor.py:208} INFO - Processing /home/patrick/.cache/pypoetry/virtualenvs/airflow-wPbgcfzP-py3.10/lib/python3.10/site-packages/airflow/example_dags/example_dag_decorator.py took 4.346 seconds
[2024-10-03T23:53:18.340-0400] {processor.py:186} INFO - Started process (PID=51089) to work on /home/patrick/.cache/pypoetry/virtualenvs/airflow-wPbgcfzP-py3.10/lib/python3.10/site-packages/airflow/example_dags/example_dag_decorator.py
[2024-10-03T23:53:18.341-0400] {processor.py:914} INFO - Processing file /home/patrick/.cache/pypoetry/virtualenvs/airflow-wPbgcfzP-py3.10/lib/python3.10/site-packages/airflow/example_dags/example_dag_decorator.py for tasks to queue
[2024-10-03T23:53:18.343-0400] {logging_mixin.py:190} INFO - [2024-10-03T23:53:18.342-0400] {dagbag.py:588} INFO - Filling up the DagBag from /home/patrick/.cache/pypoetry/virtualenvs/airflow-wPbgcfzP-py3.10/lib/python3.10/site-packages/airflow/example_dags/example_dag_decorator.py
[2024-10-03T23:53:18.351-0400] {processor.py:925} INFO - DAG(s) 'example_dag_decorator' retrieved from /home/patrick/.cache/pypoetry/virtualenvs/airflow-wPbgcfzP-py3.10/lib/python3.10/site-packages/airflow/example_dags/example_dag_decorator.py
[2024-10-03T23:53:21.697-0400] {logging_mixin.py:190} INFO - [2024-10-03T23:53:21.697-0400] {dag.py:3239} INFO - Sync 1 DAGs
[2024-10-03T23:53:21.787-0400] {logging_mixin.py:190} INFO - [2024-10-03T23:53:21.787-0400] {dag.py:4180} INFO - Setting next_dagrun for example_dag_decorator to None, run_after=None
[2024-10-03T23:53:22.438-0400] {processor.py:208} INFO - Processing /home/patrick/.cache/pypoetry/virtualenvs/airflow-wPbgcfzP-py3.10/lib/python3.10/site-packages/airflow/example_dags/example_dag_decorator.py took 4.102 seconds
[2024-10-03T23:57:13.716-0400] {processor.py:186} INFO - Started process (PID=52105) to work on /home/patrick/.cache/pypoetry/virtualenvs/airflow-wPbgcfzP-py3.10/lib/python3.10/site-packages/airflow/example_dags/example_dag_decorator.py
[2024-10-03T23:57:13.717-0400] {processor.py:914} INFO - Processing file /home/patrick/.cache/pypoetry/virtualenvs/airflow-wPbgcfzP-py3.10/lib/python3.10/site-packages/airflow/example_dags/example_dag_decorator.py for tasks to queue
[2024-10-03T23:57:13.718-0400] {logging_mixin.py:190} INFO - [2024-10-03T23:57:13.718-0400] {dagbag.py:588} INFO - Filling up the DagBag from /home/patrick/.cache/pypoetry/virtualenvs/airflow-wPbgcfzP-py3.10/lib/python3.10/site-packages/airflow/example_dags/example_dag_decorator.py
[2024-10-03T23:57:13.727-0400] {processor.py:925} INFO - DAG(s) 'example_dag_decorator' retrieved from /home/patrick/.cache/pypoetry/virtualenvs/airflow-wPbgcfzP-py3.10/lib/python3.10/site-packages/airflow/example_dags/example_dag_decorator.py
[2024-10-03T23:57:18.221-0400] {logging_mixin.py:190} INFO - [2024-10-03T23:57:18.221-0400] {dag.py:3239} INFO - Sync 1 DAGs
[2024-10-03T23:57:18.298-0400] {logging_mixin.py:190} INFO - [2024-10-03T23:57:18.298-0400] {dag.py:4180} INFO - Setting next_dagrun for example_dag_decorator to None, run_after=None
[2024-10-03T23:57:18.919-0400] {processor.py:208} INFO - Processing /home/patrick/.cache/pypoetry/virtualenvs/airflow-wPbgcfzP-py3.10/lib/python3.10/site-packages/airflow/example_dags/example_dag_decorator.py took 5.207 seconds
[2024-10-04T00:01:46.999-0400] {processor.py:186} INFO - Started process (PID=53332) to work on /home/patrick/.cache/pypoetry/virtualenvs/airflow-wPbgcfzP-py3.10/lib/python3.10/site-packages/airflow/example_dags/example_dag_decorator.py
[2024-10-04T00:01:47.001-0400] {processor.py:914} INFO - Processing file /home/patrick/.cache/pypoetry/virtualenvs/airflow-wPbgcfzP-py3.10/lib/python3.10/site-packages/airflow/example_dags/example_dag_decorator.py for tasks to queue
[2024-10-04T00:01:47.003-0400] {logging_mixin.py:190} INFO - [2024-10-04T00:01:47.002-0400] {dagbag.py:588} INFO - Filling up the DagBag from /home/patrick/.cache/pypoetry/virtualenvs/airflow-wPbgcfzP-py3.10/lib/python3.10/site-packages/airflow/example_dags/example_dag_decorator.py
[2024-10-04T00:01:47.011-0400] {processor.py:925} INFO - DAG(s) 'example_dag_decorator' retrieved from /home/patrick/.cache/pypoetry/virtualenvs/airflow-wPbgcfzP-py3.10/lib/python3.10/site-packages/airflow/example_dags/example_dag_decorator.py
[2024-10-04T00:01:50.461-0400] {logging_mixin.py:190} INFO - [2024-10-04T00:01:50.461-0400] {dag.py:3239} INFO - Sync 1 DAGs
[2024-10-04T00:01:50.693-0400] {logging_mixin.py:190} INFO - [2024-10-04T00:01:50.693-0400] {dag.py:4180} INFO - Setting next_dagrun for example_dag_decorator to None, run_after=None
[2024-10-04T00:01:51.699-0400] {processor.py:208} INFO - Processing /home/patrick/.cache/pypoetry/virtualenvs/airflow-wPbgcfzP-py3.10/lib/python3.10/site-packages/airflow/example_dags/example_dag_decorator.py took 4.704 seconds
[2024-10-04T00:05:50.500-0400] {processor.py:186} INFO - Started process (PID=54382) to work on /home/patrick/.cache/pypoetry/virtualenvs/airflow-wPbgcfzP-py3.10/lib/python3.10/site-packages/airflow/example_dags/example_dag_decorator.py
[2024-10-04T00:05:50.501-0400] {processor.py:914} INFO - Processing file /home/patrick/.cache/pypoetry/virtualenvs/airflow-wPbgcfzP-py3.10/lib/python3.10/site-packages/airflow/example_dags/example_dag_decorator.py for tasks to queue
[2024-10-04T00:05:50.503-0400] {logging_mixin.py:190} INFO - [2024-10-04T00:05:50.503-0400] {dagbag.py:588} INFO - Filling up the DagBag from /home/patrick/.cache/pypoetry/virtualenvs/airflow-wPbgcfzP-py3.10/lib/python3.10/site-packages/airflow/example_dags/example_dag_decorator.py
[2024-10-04T00:05:50.513-0400] {processor.py:925} INFO - DAG(s) 'example_dag_decorator' retrieved from /home/patrick/.cache/pypoetry/virtualenvs/airflow-wPbgcfzP-py3.10/lib/python3.10/site-packages/airflow/example_dags/example_dag_decorator.py
[2024-10-04T00:05:56.063-0400] {logging_mixin.py:190} INFO - [2024-10-04T00:05:56.063-0400] {dag.py:3239} INFO - Sync 1 DAGs
[2024-10-04T00:05:56.121-0400] {logging_mixin.py:190} INFO - [2024-10-04T00:05:56.121-0400] {dag.py:4180} INFO - Setting next_dagrun for example_dag_decorator to None, run_after=None
[2024-10-04T00:05:57.148-0400] {processor.py:208} INFO - Processing /home/patrick/.cache/pypoetry/virtualenvs/airflow-wPbgcfzP-py3.10/lib/python3.10/site-packages/airflow/example_dags/example_dag_decorator.py took 6.653 seconds
