[2024-10-03T21:01:48.149-0400] {processor.py:186} INFO - Started process (PID=5372) to work on /home/patrick/.cache/pypoetry/virtualenvs/airflow-wPbgcfzP-py3.10/lib/python3.10/site-packages/airflow/example_dags/example_branch_operator.py
[2024-10-03T21:01:48.150-0400] {processor.py:914} INFO - Processing file /home/patrick/.cache/pypoetry/virtualenvs/airflow-wPbgcfzP-py3.10/lib/python3.10/site-packages/airflow/example_dags/example_branch_operator.py for tasks to queue
[2024-10-03T21:01:48.151-0400] {logging_mixin.py:190} INFO - [2024-10-03T21:01:48.150-0400] {dagbag.py:588} INFO - Filling up the DagBag from /home/patrick/.cache/pypoetry/virtualenvs/airflow-wPbgcfzP-py3.10/lib/python3.10/site-packages/airflow/example_dags/example_branch_operator.py
[2024-10-03T21:01:48.196-0400] {processor.py:927} WARNING - No viable dags retrieved from /home/patrick/.cache/pypoetry/virtualenvs/airflow-wPbgcfzP-py3.10/lib/python3.10/site-packages/airflow/example_dags/example_branch_operator.py
[2024-10-03T21:01:52.911-0400] {processor.py:208} INFO - Processing /home/patrick/.cache/pypoetry/virtualenvs/airflow-wPbgcfzP-py3.10/lib/python3.10/site-packages/airflow/example_dags/example_branch_operator.py took 4.766 seconds
[2024-10-03T21:06:12.495-0400] {processor.py:186} INFO - Started process (PID=6512) to work on /home/patrick/.cache/pypoetry/virtualenvs/airflow-wPbgcfzP-py3.10/lib/python3.10/site-packages/airflow/example_dags/example_branch_operator.py
[2024-10-03T21:06:12.496-0400] {processor.py:914} INFO - Processing file /home/patrick/.cache/pypoetry/virtualenvs/airflow-wPbgcfzP-py3.10/lib/python3.10/site-packages/airflow/example_dags/example_branch_operator.py for tasks to queue
[2024-10-03T21:06:12.497-0400] {logging_mixin.py:190} INFO - [2024-10-03T21:06:12.497-0400] {dagbag.py:588} INFO - Filling up the DagBag from /home/patrick/.cache/pypoetry/virtualenvs/airflow-wPbgcfzP-py3.10/lib/python3.10/site-packages/airflow/example_dags/example_branch_operator.py
[2024-10-03T21:06:12.551-0400] {processor.py:927} WARNING - No viable dags retrieved from /home/patrick/.cache/pypoetry/virtualenvs/airflow-wPbgcfzP-py3.10/lib/python3.10/site-packages/airflow/example_dags/example_branch_operator.py
[2024-10-03T21:06:17.938-0400] {processor.py:208} INFO - Processing /home/patrick/.cache/pypoetry/virtualenvs/airflow-wPbgcfzP-py3.10/lib/python3.10/site-packages/airflow/example_dags/example_branch_operator.py took 5.447 seconds
[2024-10-03T21:10:50.254-0400] {processor.py:186} INFO - Started process (PID=7700) to work on /home/patrick/.cache/pypoetry/virtualenvs/airflow-wPbgcfzP-py3.10/lib/python3.10/site-packages/airflow/example_dags/example_branch_operator.py
[2024-10-03T21:10:50.255-0400] {processor.py:914} INFO - Processing file /home/patrick/.cache/pypoetry/virtualenvs/airflow-wPbgcfzP-py3.10/lib/python3.10/site-packages/airflow/example_dags/example_branch_operator.py for tasks to queue
[2024-10-03T21:10:50.256-0400] {logging_mixin.py:190} INFO - [2024-10-03T21:10:50.256-0400] {dagbag.py:588} INFO - Filling up the DagBag from /home/patrick/.cache/pypoetry/virtualenvs/airflow-wPbgcfzP-py3.10/lib/python3.10/site-packages/airflow/example_dags/example_branch_operator.py
[2024-10-03T21:10:50.315-0400] {processor.py:927} WARNING - No viable dags retrieved from /home/patrick/.cache/pypoetry/virtualenvs/airflow-wPbgcfzP-py3.10/lib/python3.10/site-packages/airflow/example_dags/example_branch_operator.py
[2024-10-03T21:10:56.585-0400] {processor.py:208} INFO - Processing /home/patrick/.cache/pypoetry/virtualenvs/airflow-wPbgcfzP-py3.10/lib/python3.10/site-packages/airflow/example_dags/example_branch_operator.py took 6.334 seconds
[2024-10-03T21:17:42.000-0400] {processor.py:186} INFO - Started process (PID=9636) to work on /home/patrick/.cache/pypoetry/virtualenvs/airflow-wPbgcfzP-py3.10/lib/python3.10/site-packages/airflow/example_dags/example_branch_operator.py
[2024-10-03T21:17:42.002-0400] {processor.py:914} INFO - Processing file /home/patrick/.cache/pypoetry/virtualenvs/airflow-wPbgcfzP-py3.10/lib/python3.10/site-packages/airflow/example_dags/example_branch_operator.py for tasks to queue
[2024-10-03T21:17:42.003-0400] {logging_mixin.py:190} INFO - [2024-10-03T21:17:42.003-0400] {dagbag.py:588} INFO - Filling up the DagBag from /home/patrick/.cache/pypoetry/virtualenvs/airflow-wPbgcfzP-py3.10/lib/python3.10/site-packages/airflow/example_dags/example_branch_operator.py
[2024-10-03T21:17:42.155-0400] {processor.py:927} WARNING - No viable dags retrieved from /home/patrick/.cache/pypoetry/virtualenvs/airflow-wPbgcfzP-py3.10/lib/python3.10/site-packages/airflow/example_dags/example_branch_operator.py
[2024-10-03T21:17:43.564-0400] {processor.py:208} INFO - Processing /home/patrick/.cache/pypoetry/virtualenvs/airflow-wPbgcfzP-py3.10/lib/python3.10/site-packages/airflow/example_dags/example_branch_operator.py took 1.567 seconds
[2024-10-03T21:22:24.502-0400] {processor.py:186} INFO - Started process (PID=10898) to work on /home/patrick/.cache/pypoetry/virtualenvs/airflow-wPbgcfzP-py3.10/lib/python3.10/site-packages/airflow/example_dags/example_branch_operator.py
[2024-10-03T21:22:24.504-0400] {processor.py:914} INFO - Processing file /home/patrick/.cache/pypoetry/virtualenvs/airflow-wPbgcfzP-py3.10/lib/python3.10/site-packages/airflow/example_dags/example_branch_operator.py for tasks to queue
[2024-10-03T21:22:24.505-0400] {logging_mixin.py:190} INFO - [2024-10-03T21:22:24.505-0400] {dagbag.py:588} INFO - Filling up the DagBag from /home/patrick/.cache/pypoetry/virtualenvs/airflow-wPbgcfzP-py3.10/lib/python3.10/site-packages/airflow/example_dags/example_branch_operator.py
[2024-10-03T21:22:24.548-0400] {processor.py:927} WARNING - No viable dags retrieved from /home/patrick/.cache/pypoetry/virtualenvs/airflow-wPbgcfzP-py3.10/lib/python3.10/site-packages/airflow/example_dags/example_branch_operator.py
[2024-10-03T21:22:38.651-0400] {processor.py:208} INFO - Processing /home/patrick/.cache/pypoetry/virtualenvs/airflow-wPbgcfzP-py3.10/lib/python3.10/site-packages/airflow/example_dags/example_branch_operator.py took 14.152 seconds
[2024-10-03T21:27:00.175-0400] {processor.py:186} INFO - Started process (PID=12083) to work on /home/patrick/.cache/pypoetry/virtualenvs/airflow-wPbgcfzP-py3.10/lib/python3.10/site-packages/airflow/example_dags/example_branch_operator.py
[2024-10-03T21:27:00.176-0400] {processor.py:914} INFO - Processing file /home/patrick/.cache/pypoetry/virtualenvs/airflow-wPbgcfzP-py3.10/lib/python3.10/site-packages/airflow/example_dags/example_branch_operator.py for tasks to queue
[2024-10-03T21:27:00.178-0400] {logging_mixin.py:190} INFO - [2024-10-03T21:27:00.178-0400] {dagbag.py:588} INFO - Filling up the DagBag from /home/patrick/.cache/pypoetry/virtualenvs/airflow-wPbgcfzP-py3.10/lib/python3.10/site-packages/airflow/example_dags/example_branch_operator.py
[2024-10-03T21:27:00.254-0400] {processor.py:927} WARNING - No viable dags retrieved from /home/patrick/.cache/pypoetry/virtualenvs/airflow-wPbgcfzP-py3.10/lib/python3.10/site-packages/airflow/example_dags/example_branch_operator.py
[2024-10-03T21:27:10.183-0400] {processor.py:208} INFO - Processing /home/patrick/.cache/pypoetry/virtualenvs/airflow-wPbgcfzP-py3.10/lib/python3.10/site-packages/airflow/example_dags/example_branch_operator.py took 10.011 seconds
[2024-10-03T21:30:02.783-0400] {processor.py:186} INFO - Started process (PID=12952) to work on /home/patrick/.cache/pypoetry/virtualenvs/airflow-wPbgcfzP-py3.10/lib/python3.10/site-packages/airflow/example_dags/example_branch_operator.py
[2024-10-03T21:30:02.784-0400] {processor.py:914} INFO - Processing file /home/patrick/.cache/pypoetry/virtualenvs/airflow-wPbgcfzP-py3.10/lib/python3.10/site-packages/airflow/example_dags/example_branch_operator.py for tasks to queue
[2024-10-03T21:30:02.786-0400] {logging_mixin.py:190} INFO - [2024-10-03T21:30:02.785-0400] {dagbag.py:588} INFO - Filling up the DagBag from /home/patrick/.cache/pypoetry/virtualenvs/airflow-wPbgcfzP-py3.10/lib/python3.10/site-packages/airflow/example_dags/example_branch_operator.py
[2024-10-03T21:30:02.828-0400] {processor.py:927} WARNING - No viable dags retrieved from /home/patrick/.cache/pypoetry/virtualenvs/airflow-wPbgcfzP-py3.10/lib/python3.10/site-packages/airflow/example_dags/example_branch_operator.py
[2024-10-03T21:30:07.943-0400] {processor.py:208} INFO - Processing /home/patrick/.cache/pypoetry/virtualenvs/airflow-wPbgcfzP-py3.10/lib/python3.10/site-packages/airflow/example_dags/example_branch_operator.py took 5.163 seconds
[2024-10-03T21:36:28.533-0400] {processor.py:186} INFO - Started process (PID=14657) to work on /home/patrick/.cache/pypoetry/virtualenvs/airflow-wPbgcfzP-py3.10/lib/python3.10/site-packages/airflow/example_dags/example_branch_operator.py
[2024-10-03T21:36:28.534-0400] {processor.py:914} INFO - Processing file /home/patrick/.cache/pypoetry/virtualenvs/airflow-wPbgcfzP-py3.10/lib/python3.10/site-packages/airflow/example_dags/example_branch_operator.py for tasks to queue
[2024-10-03T21:36:28.535-0400] {logging_mixin.py:190} INFO - [2024-10-03T21:36:28.535-0400] {dagbag.py:588} INFO - Filling up the DagBag from /home/patrick/.cache/pypoetry/virtualenvs/airflow-wPbgcfzP-py3.10/lib/python3.10/site-packages/airflow/example_dags/example_branch_operator.py
[2024-10-03T21:36:28.589-0400] {processor.py:927} WARNING - No viable dags retrieved from /home/patrick/.cache/pypoetry/virtualenvs/airflow-wPbgcfzP-py3.10/lib/python3.10/site-packages/airflow/example_dags/example_branch_operator.py
[2024-10-03T21:36:38.079-0400] {processor.py:208} INFO - Processing /home/patrick/.cache/pypoetry/virtualenvs/airflow-wPbgcfzP-py3.10/lib/python3.10/site-packages/airflow/example_dags/example_branch_operator.py took 9.550 seconds
[2024-10-03T21:42:22.500-0400] {processor.py:186} INFO - Started process (PID=16268) to work on /home/patrick/.cache/pypoetry/virtualenvs/airflow-wPbgcfzP-py3.10/lib/python3.10/site-packages/airflow/example_dags/example_branch_operator.py
[2024-10-03T21:42:22.501-0400] {processor.py:914} INFO - Processing file /home/patrick/.cache/pypoetry/virtualenvs/airflow-wPbgcfzP-py3.10/lib/python3.10/site-packages/airflow/example_dags/example_branch_operator.py for tasks to queue
[2024-10-03T21:42:22.502-0400] {logging_mixin.py:190} INFO - [2024-10-03T21:42:22.502-0400] {dagbag.py:588} INFO - Filling up the DagBag from /home/patrick/.cache/pypoetry/virtualenvs/airflow-wPbgcfzP-py3.10/lib/python3.10/site-packages/airflow/example_dags/example_branch_operator.py
[2024-10-03T21:42:22.589-0400] {processor.py:927} WARNING - No viable dags retrieved from /home/patrick/.cache/pypoetry/virtualenvs/airflow-wPbgcfzP-py3.10/lib/python3.10/site-packages/airflow/example_dags/example_branch_operator.py
[2024-10-03T21:42:41.008-0400] {processor.py:208} INFO - Processing /home/patrick/.cache/pypoetry/virtualenvs/airflow-wPbgcfzP-py3.10/lib/python3.10/site-packages/airflow/example_dags/example_branch_operator.py took 18.512 seconds
[2024-10-03T21:47:31.639-0400] {processor.py:186} INFO - Started process (PID=17663) to work on /home/patrick/.cache/pypoetry/virtualenvs/airflow-wPbgcfzP-py3.10/lib/python3.10/site-packages/airflow/example_dags/example_branch_operator.py
[2024-10-03T21:47:31.640-0400] {processor.py:914} INFO - Processing file /home/patrick/.cache/pypoetry/virtualenvs/airflow-wPbgcfzP-py3.10/lib/python3.10/site-packages/airflow/example_dags/example_branch_operator.py for tasks to queue
[2024-10-03T21:47:31.641-0400] {logging_mixin.py:190} INFO - [2024-10-03T21:47:31.641-0400] {dagbag.py:588} INFO - Filling up the DagBag from /home/patrick/.cache/pypoetry/virtualenvs/airflow-wPbgcfzP-py3.10/lib/python3.10/site-packages/airflow/example_dags/example_branch_operator.py
[2024-10-03T21:47:31.694-0400] {processor.py:927} WARNING - No viable dags retrieved from /home/patrick/.cache/pypoetry/virtualenvs/airflow-wPbgcfzP-py3.10/lib/python3.10/site-packages/airflow/example_dags/example_branch_operator.py
[2024-10-03T21:47:33.110-0400] {processor.py:208} INFO - Processing /home/patrick/.cache/pypoetry/virtualenvs/airflow-wPbgcfzP-py3.10/lib/python3.10/site-packages/airflow/example_dags/example_branch_operator.py took 1.475 seconds
[2024-10-03T21:51:33.657-0400] {processor.py:186} INFO - Started process (PID=18701) to work on /home/patrick/.cache/pypoetry/virtualenvs/airflow-wPbgcfzP-py3.10/lib/python3.10/site-packages/airflow/example_dags/example_branch_operator.py
[2024-10-03T21:51:33.658-0400] {processor.py:914} INFO - Processing file /home/patrick/.cache/pypoetry/virtualenvs/airflow-wPbgcfzP-py3.10/lib/python3.10/site-packages/airflow/example_dags/example_branch_operator.py for tasks to queue
[2024-10-03T21:51:33.660-0400] {logging_mixin.py:190} INFO - [2024-10-03T21:51:33.660-0400] {dagbag.py:588} INFO - Filling up the DagBag from /home/patrick/.cache/pypoetry/virtualenvs/airflow-wPbgcfzP-py3.10/lib/python3.10/site-packages/airflow/example_dags/example_branch_operator.py
[2024-10-03T21:51:33.716-0400] {processor.py:927} WARNING - No viable dags retrieved from /home/patrick/.cache/pypoetry/virtualenvs/airflow-wPbgcfzP-py3.10/lib/python3.10/site-packages/airflow/example_dags/example_branch_operator.py
[2024-10-03T21:51:35.545-0400] {processor.py:208} INFO - Processing /home/patrick/.cache/pypoetry/virtualenvs/airflow-wPbgcfzP-py3.10/lib/python3.10/site-packages/airflow/example_dags/example_branch_operator.py took 1.891 seconds
[2024-10-03T21:55:33.879-0400] {processor.py:186} INFO - Started process (PID=19727) to work on /home/patrick/.cache/pypoetry/virtualenvs/airflow-wPbgcfzP-py3.10/lib/python3.10/site-packages/airflow/example_dags/example_branch_operator.py
[2024-10-03T21:55:33.879-0400] {processor.py:914} INFO - Processing file /home/patrick/.cache/pypoetry/virtualenvs/airflow-wPbgcfzP-py3.10/lib/python3.10/site-packages/airflow/example_dags/example_branch_operator.py for tasks to queue
[2024-10-03T21:55:33.881-0400] {logging_mixin.py:190} INFO - [2024-10-03T21:55:33.881-0400] {dagbag.py:588} INFO - Filling up the DagBag from /home/patrick/.cache/pypoetry/virtualenvs/airflow-wPbgcfzP-py3.10/lib/python3.10/site-packages/airflow/example_dags/example_branch_operator.py
[2024-10-03T21:55:33.925-0400] {processor.py:927} WARNING - No viable dags retrieved from /home/patrick/.cache/pypoetry/virtualenvs/airflow-wPbgcfzP-py3.10/lib/python3.10/site-packages/airflow/example_dags/example_branch_operator.py
[2024-10-03T21:55:35.847-0400] {processor.py:208} INFO - Processing /home/patrick/.cache/pypoetry/virtualenvs/airflow-wPbgcfzP-py3.10/lib/python3.10/site-packages/airflow/example_dags/example_branch_operator.py took 1.972 seconds
[2024-10-03T21:59:25.345-0400] {processor.py:186} INFO - Started process (PID=20726) to work on /home/patrick/.cache/pypoetry/virtualenvs/airflow-wPbgcfzP-py3.10/lib/python3.10/site-packages/airflow/example_dags/example_branch_operator.py
[2024-10-03T21:59:25.346-0400] {processor.py:914} INFO - Processing file /home/patrick/.cache/pypoetry/virtualenvs/airflow-wPbgcfzP-py3.10/lib/python3.10/site-packages/airflow/example_dags/example_branch_operator.py for tasks to queue
[2024-10-03T21:59:25.347-0400] {logging_mixin.py:190} INFO - [2024-10-03T21:59:25.347-0400] {dagbag.py:588} INFO - Filling up the DagBag from /home/patrick/.cache/pypoetry/virtualenvs/airflow-wPbgcfzP-py3.10/lib/python3.10/site-packages/airflow/example_dags/example_branch_operator.py
[2024-10-03T21:59:25.407-0400] {processor.py:927} WARNING - No viable dags retrieved from /home/patrick/.cache/pypoetry/virtualenvs/airflow-wPbgcfzP-py3.10/lib/python3.10/site-packages/airflow/example_dags/example_branch_operator.py
[2024-10-03T21:59:28.317-0400] {processor.py:208} INFO - Processing /home/patrick/.cache/pypoetry/virtualenvs/airflow-wPbgcfzP-py3.10/lib/python3.10/site-packages/airflow/example_dags/example_branch_operator.py took 2.975 seconds
[2024-10-03T22:03:56.581-0400] {processor.py:186} INFO - Started process (PID=21877) to work on /home/patrick/.cache/pypoetry/virtualenvs/airflow-wPbgcfzP-py3.10/lib/python3.10/site-packages/airflow/example_dags/example_branch_operator.py
[2024-10-03T22:03:56.582-0400] {processor.py:914} INFO - Processing file /home/patrick/.cache/pypoetry/virtualenvs/airflow-wPbgcfzP-py3.10/lib/python3.10/site-packages/airflow/example_dags/example_branch_operator.py for tasks to queue
[2024-10-03T22:03:56.584-0400] {logging_mixin.py:190} INFO - [2024-10-03T22:03:56.584-0400] {dagbag.py:588} INFO - Filling up the DagBag from /home/patrick/.cache/pypoetry/virtualenvs/airflow-wPbgcfzP-py3.10/lib/python3.10/site-packages/airflow/example_dags/example_branch_operator.py
[2024-10-03T22:03:56.649-0400] {processor.py:927} WARNING - No viable dags retrieved from /home/patrick/.cache/pypoetry/virtualenvs/airflow-wPbgcfzP-py3.10/lib/python3.10/site-packages/airflow/example_dags/example_branch_operator.py
[2024-10-03T22:03:57.817-0400] {processor.py:208} INFO - Processing /home/patrick/.cache/pypoetry/virtualenvs/airflow-wPbgcfzP-py3.10/lib/python3.10/site-packages/airflow/example_dags/example_branch_operator.py took 1.241 seconds
[2024-10-03T22:11:56.378-0400] {processor.py:186} INFO - Started process (PID=24000) to work on /home/patrick/.cache/pypoetry/virtualenvs/airflow-wPbgcfzP-py3.10/lib/python3.10/site-packages/airflow/example_dags/example_branch_operator.py
[2024-10-03T22:11:56.379-0400] {processor.py:914} INFO - Processing file /home/patrick/.cache/pypoetry/virtualenvs/airflow-wPbgcfzP-py3.10/lib/python3.10/site-packages/airflow/example_dags/example_branch_operator.py for tasks to queue
[2024-10-03T22:11:56.380-0400] {logging_mixin.py:190} INFO - [2024-10-03T22:11:56.380-0400] {dagbag.py:588} INFO - Filling up the DagBag from /home/patrick/.cache/pypoetry/virtualenvs/airflow-wPbgcfzP-py3.10/lib/python3.10/site-packages/airflow/example_dags/example_branch_operator.py
[2024-10-03T22:11:56.435-0400] {processor.py:927} WARNING - No viable dags retrieved from /home/patrick/.cache/pypoetry/virtualenvs/airflow-wPbgcfzP-py3.10/lib/python3.10/site-packages/airflow/example_dags/example_branch_operator.py
[2024-10-03T22:11:59.897-0400] {processor.py:208} INFO - Processing /home/patrick/.cache/pypoetry/virtualenvs/airflow-wPbgcfzP-py3.10/lib/python3.10/site-packages/airflow/example_dags/example_branch_operator.py took 3.523 seconds
[2024-10-03T22:18:15.702-0400] {processor.py:186} INFO - Started process (PID=25722) to work on /home/patrick/.cache/pypoetry/virtualenvs/airflow-wPbgcfzP-py3.10/lib/python3.10/site-packages/airflow/example_dags/example_branch_operator.py
[2024-10-03T22:18:15.704-0400] {processor.py:914} INFO - Processing file /home/patrick/.cache/pypoetry/virtualenvs/airflow-wPbgcfzP-py3.10/lib/python3.10/site-packages/airflow/example_dags/example_branch_operator.py for tasks to queue
[2024-10-03T22:18:15.705-0400] {logging_mixin.py:190} INFO - [2024-10-03T22:18:15.705-0400] {dagbag.py:588} INFO - Filling up the DagBag from /home/patrick/.cache/pypoetry/virtualenvs/airflow-wPbgcfzP-py3.10/lib/python3.10/site-packages/airflow/example_dags/example_branch_operator.py
[2024-10-03T22:18:15.763-0400] {processor.py:927} WARNING - No viable dags retrieved from /home/patrick/.cache/pypoetry/virtualenvs/airflow-wPbgcfzP-py3.10/lib/python3.10/site-packages/airflow/example_dags/example_branch_operator.py
[2024-10-03T22:18:35.556-0400] {processor.py:208} INFO - Processing /home/patrick/.cache/pypoetry/virtualenvs/airflow-wPbgcfzP-py3.10/lib/python3.10/site-packages/airflow/example_dags/example_branch_operator.py took 19.857 seconds
[2024-10-03T22:23:37.353-0400] {processor.py:186} INFO - Started process (PID=27158) to work on /home/patrick/.cache/pypoetry/virtualenvs/airflow-wPbgcfzP-py3.10/lib/python3.10/site-packages/airflow/example_dags/example_branch_operator.py
[2024-10-03T22:23:37.354-0400] {processor.py:914} INFO - Processing file /home/patrick/.cache/pypoetry/virtualenvs/airflow-wPbgcfzP-py3.10/lib/python3.10/site-packages/airflow/example_dags/example_branch_operator.py for tasks to queue
[2024-10-03T22:23:37.355-0400] {logging_mixin.py:190} INFO - [2024-10-03T22:23:37.355-0400] {dagbag.py:588} INFO - Filling up the DagBag from /home/patrick/.cache/pypoetry/virtualenvs/airflow-wPbgcfzP-py3.10/lib/python3.10/site-packages/airflow/example_dags/example_branch_operator.py
[2024-10-03T22:23:37.416-0400] {processor.py:927} WARNING - No viable dags retrieved from /home/patrick/.cache/pypoetry/virtualenvs/airflow-wPbgcfzP-py3.10/lib/python3.10/site-packages/airflow/example_dags/example_branch_operator.py
[2024-10-03T22:23:40.581-0400] {processor.py:208} INFO - Processing /home/patrick/.cache/pypoetry/virtualenvs/airflow-wPbgcfzP-py3.10/lib/python3.10/site-packages/airflow/example_dags/example_branch_operator.py took 3.232 seconds
[2024-10-03T22:29:46.053-0400] {processor.py:186} INFO - Started process (PID=28820) to work on /home/patrick/.cache/pypoetry/virtualenvs/airflow-wPbgcfzP-py3.10/lib/python3.10/site-packages/airflow/example_dags/example_branch_operator.py
[2024-10-03T22:29:46.054-0400] {processor.py:914} INFO - Processing file /home/patrick/.cache/pypoetry/virtualenvs/airflow-wPbgcfzP-py3.10/lib/python3.10/site-packages/airflow/example_dags/example_branch_operator.py for tasks to queue
[2024-10-03T22:29:46.055-0400] {logging_mixin.py:190} INFO - [2024-10-03T22:29:46.055-0400] {dagbag.py:588} INFO - Filling up the DagBag from /home/patrick/.cache/pypoetry/virtualenvs/airflow-wPbgcfzP-py3.10/lib/python3.10/site-packages/airflow/example_dags/example_branch_operator.py
[2024-10-03T22:29:46.106-0400] {processor.py:927} WARNING - No viable dags retrieved from /home/patrick/.cache/pypoetry/virtualenvs/airflow-wPbgcfzP-py3.10/lib/python3.10/site-packages/airflow/example_dags/example_branch_operator.py
[2024-10-03T22:29:49.614-0400] {processor.py:208} INFO - Processing /home/patrick/.cache/pypoetry/virtualenvs/airflow-wPbgcfzP-py3.10/lib/python3.10/site-packages/airflow/example_dags/example_branch_operator.py took 3.565 seconds
[2024-10-03T22:33:58.150-0400] {processor.py:186} INFO - Started process (PID=29917) to work on /home/patrick/.cache/pypoetry/virtualenvs/airflow-wPbgcfzP-py3.10/lib/python3.10/site-packages/airflow/example_dags/example_branch_operator.py
[2024-10-03T22:33:58.150-0400] {processor.py:914} INFO - Processing file /home/patrick/.cache/pypoetry/virtualenvs/airflow-wPbgcfzP-py3.10/lib/python3.10/site-packages/airflow/example_dags/example_branch_operator.py for tasks to queue
[2024-10-03T22:33:58.152-0400] {logging_mixin.py:190} INFO - [2024-10-03T22:33:58.152-0400] {dagbag.py:588} INFO - Filling up the DagBag from /home/patrick/.cache/pypoetry/virtualenvs/airflow-wPbgcfzP-py3.10/lib/python3.10/site-packages/airflow/example_dags/example_branch_operator.py
[2024-10-03T22:33:58.209-0400] {processor.py:927} WARNING - No viable dags retrieved from /home/patrick/.cache/pypoetry/virtualenvs/airflow-wPbgcfzP-py3.10/lib/python3.10/site-packages/airflow/example_dags/example_branch_operator.py
[2024-10-03T22:34:01.084-0400] {processor.py:208} INFO - Processing /home/patrick/.cache/pypoetry/virtualenvs/airflow-wPbgcfzP-py3.10/lib/python3.10/site-packages/airflow/example_dags/example_branch_operator.py took 2.938 seconds
[2024-10-03T22:39:39.069-0400] {processor.py:186} INFO - Started process (PID=31505) to work on /home/patrick/.cache/pypoetry/virtualenvs/airflow-wPbgcfzP-py3.10/lib/python3.10/site-packages/airflow/example_dags/example_branch_operator.py
[2024-10-03T22:39:39.070-0400] {processor.py:914} INFO - Processing file /home/patrick/.cache/pypoetry/virtualenvs/airflow-wPbgcfzP-py3.10/lib/python3.10/site-packages/airflow/example_dags/example_branch_operator.py for tasks to queue
[2024-10-03T22:39:39.072-0400] {logging_mixin.py:190} INFO - [2024-10-03T22:39:39.071-0400] {dagbag.py:588} INFO - Filling up the DagBag from /home/patrick/.cache/pypoetry/virtualenvs/airflow-wPbgcfzP-py3.10/lib/python3.10/site-packages/airflow/example_dags/example_branch_operator.py
[2024-10-03T22:39:39.138-0400] {processor.py:927} WARNING - No viable dags retrieved from /home/patrick/.cache/pypoetry/virtualenvs/airflow-wPbgcfzP-py3.10/lib/python3.10/site-packages/airflow/example_dags/example_branch_operator.py
[2024-10-03T22:39:42.145-0400] {processor.py:208} INFO - Processing /home/patrick/.cache/pypoetry/virtualenvs/airflow-wPbgcfzP-py3.10/lib/python3.10/site-packages/airflow/example_dags/example_branch_operator.py took 3.080 seconds
[2024-10-03T22:45:55.431-0400] {processor.py:186} INFO - Started process (PID=33261) to work on /home/patrick/.cache/pypoetry/virtualenvs/airflow-wPbgcfzP-py3.10/lib/python3.10/site-packages/airflow/example_dags/example_branch_operator.py
[2024-10-03T22:45:55.432-0400] {processor.py:914} INFO - Processing file /home/patrick/.cache/pypoetry/virtualenvs/airflow-wPbgcfzP-py3.10/lib/python3.10/site-packages/airflow/example_dags/example_branch_operator.py for tasks to queue
[2024-10-03T22:45:55.433-0400] {logging_mixin.py:190} INFO - [2024-10-03T22:45:55.433-0400] {dagbag.py:588} INFO - Filling up the DagBag from /home/patrick/.cache/pypoetry/virtualenvs/airflow-wPbgcfzP-py3.10/lib/python3.10/site-packages/airflow/example_dags/example_branch_operator.py
[2024-10-03T22:45:55.470-0400] {processor.py:927} WARNING - No viable dags retrieved from /home/patrick/.cache/pypoetry/virtualenvs/airflow-wPbgcfzP-py3.10/lib/python3.10/site-packages/airflow/example_dags/example_branch_operator.py
[2024-10-03T22:46:03.290-0400] {processor.py:208} INFO - Processing /home/patrick/.cache/pypoetry/virtualenvs/airflow-wPbgcfzP-py3.10/lib/python3.10/site-packages/airflow/example_dags/example_branch_operator.py took 7.863 seconds
[2024-10-03T22:49:49.656-0400] {processor.py:186} INFO - Started process (PID=34338) to work on /home/patrick/.cache/pypoetry/virtualenvs/airflow-wPbgcfzP-py3.10/lib/python3.10/site-packages/airflow/example_dags/example_branch_operator.py
[2024-10-03T22:49:49.657-0400] {processor.py:914} INFO - Processing file /home/patrick/.cache/pypoetry/virtualenvs/airflow-wPbgcfzP-py3.10/lib/python3.10/site-packages/airflow/example_dags/example_branch_operator.py for tasks to queue
[2024-10-03T22:49:49.659-0400] {logging_mixin.py:190} INFO - [2024-10-03T22:49:49.659-0400] {dagbag.py:588} INFO - Filling up the DagBag from /home/patrick/.cache/pypoetry/virtualenvs/airflow-wPbgcfzP-py3.10/lib/python3.10/site-packages/airflow/example_dags/example_branch_operator.py
[2024-10-03T22:49:49.718-0400] {processor.py:927} WARNING - No viable dags retrieved from /home/patrick/.cache/pypoetry/virtualenvs/airflow-wPbgcfzP-py3.10/lib/python3.10/site-packages/airflow/example_dags/example_branch_operator.py
[2024-10-03T22:50:00.140-0400] {processor.py:208} INFO - Processing /home/patrick/.cache/pypoetry/virtualenvs/airflow-wPbgcfzP-py3.10/lib/python3.10/site-packages/airflow/example_dags/example_branch_operator.py took 10.487 seconds
[2024-10-03T22:58:57.830-0400] {processor.py:186} INFO - Started process (PID=36916) to work on /home/patrick/.cache/pypoetry/virtualenvs/airflow-wPbgcfzP-py3.10/lib/python3.10/site-packages/airflow/example_dags/example_branch_operator.py
[2024-10-03T22:58:57.831-0400] {processor.py:914} INFO - Processing file /home/patrick/.cache/pypoetry/virtualenvs/airflow-wPbgcfzP-py3.10/lib/python3.10/site-packages/airflow/example_dags/example_branch_operator.py for tasks to queue
[2024-10-03T22:58:57.833-0400] {logging_mixin.py:190} INFO - [2024-10-03T22:58:57.832-0400] {dagbag.py:588} INFO - Filling up the DagBag from /home/patrick/.cache/pypoetry/virtualenvs/airflow-wPbgcfzP-py3.10/lib/python3.10/site-packages/airflow/example_dags/example_branch_operator.py
[2024-10-03T22:58:57.935-0400] {processor.py:927} WARNING - No viable dags retrieved from /home/patrick/.cache/pypoetry/virtualenvs/airflow-wPbgcfzP-py3.10/lib/python3.10/site-packages/airflow/example_dags/example_branch_operator.py
[2024-10-03T22:59:07.465-0400] {processor.py:208} INFO - Processing /home/patrick/.cache/pypoetry/virtualenvs/airflow-wPbgcfzP-py3.10/lib/python3.10/site-packages/airflow/example_dags/example_branch_operator.py took 9.639 seconds
[2024-10-03T23:05:49.298-0400] {processor.py:186} INFO - Started process (PID=38754) to work on /home/patrick/.cache/pypoetry/virtualenvs/airflow-wPbgcfzP-py3.10/lib/python3.10/site-packages/airflow/example_dags/example_branch_operator.py
[2024-10-03T23:05:49.300-0400] {processor.py:914} INFO - Processing file /home/patrick/.cache/pypoetry/virtualenvs/airflow-wPbgcfzP-py3.10/lib/python3.10/site-packages/airflow/example_dags/example_branch_operator.py for tasks to queue
[2024-10-03T23:05:49.301-0400] {logging_mixin.py:190} INFO - [2024-10-03T23:05:49.301-0400] {dagbag.py:588} INFO - Filling up the DagBag from /home/patrick/.cache/pypoetry/virtualenvs/airflow-wPbgcfzP-py3.10/lib/python3.10/site-packages/airflow/example_dags/example_branch_operator.py
[2024-10-03T23:05:49.373-0400] {processor.py:927} WARNING - No viable dags retrieved from /home/patrick/.cache/pypoetry/virtualenvs/airflow-wPbgcfzP-py3.10/lib/python3.10/site-packages/airflow/example_dags/example_branch_operator.py
[2024-10-03T23:05:53.887-0400] {processor.py:208} INFO - Processing /home/patrick/.cache/pypoetry/virtualenvs/airflow-wPbgcfzP-py3.10/lib/python3.10/site-packages/airflow/example_dags/example_branch_operator.py took 4.593 seconds
[2024-10-03T23:11:07.559-0400] {processor.py:186} INFO - Started process (PID=40128) to work on /home/patrick/.cache/pypoetry/virtualenvs/airflow-wPbgcfzP-py3.10/lib/python3.10/site-packages/airflow/example_dags/example_branch_operator.py
[2024-10-03T23:11:07.560-0400] {processor.py:914} INFO - Processing file /home/patrick/.cache/pypoetry/virtualenvs/airflow-wPbgcfzP-py3.10/lib/python3.10/site-packages/airflow/example_dags/example_branch_operator.py for tasks to queue
[2024-10-03T23:11:07.562-0400] {logging_mixin.py:190} INFO - [2024-10-03T23:11:07.561-0400] {dagbag.py:588} INFO - Filling up the DagBag from /home/patrick/.cache/pypoetry/virtualenvs/airflow-wPbgcfzP-py3.10/lib/python3.10/site-packages/airflow/example_dags/example_branch_operator.py
[2024-10-03T23:11:07.685-0400] {processor.py:927} WARNING - No viable dags retrieved from /home/patrick/.cache/pypoetry/virtualenvs/airflow-wPbgcfzP-py3.10/lib/python3.10/site-packages/airflow/example_dags/example_branch_operator.py
[2024-10-03T23:11:10.846-0400] {processor.py:208} INFO - Processing /home/patrick/.cache/pypoetry/virtualenvs/airflow-wPbgcfzP-py3.10/lib/python3.10/site-packages/airflow/example_dags/example_branch_operator.py took 3.292 seconds
[2024-10-03T23:15:40.157-0400] {processor.py:186} INFO - Started process (PID=41319) to work on /home/patrick/.cache/pypoetry/virtualenvs/airflow-wPbgcfzP-py3.10/lib/python3.10/site-packages/airflow/example_dags/example_branch_operator.py
[2024-10-03T23:15:40.159-0400] {processor.py:914} INFO - Processing file /home/patrick/.cache/pypoetry/virtualenvs/airflow-wPbgcfzP-py3.10/lib/python3.10/site-packages/airflow/example_dags/example_branch_operator.py for tasks to queue
[2024-10-03T23:15:40.163-0400] {logging_mixin.py:190} INFO - [2024-10-03T23:15:40.163-0400] {dagbag.py:588} INFO - Filling up the DagBag from /home/patrick/.cache/pypoetry/virtualenvs/airflow-wPbgcfzP-py3.10/lib/python3.10/site-packages/airflow/example_dags/example_branch_operator.py
[2024-10-03T23:15:40.342-0400] {processor.py:927} WARNING - No viable dags retrieved from /home/patrick/.cache/pypoetry/virtualenvs/airflow-wPbgcfzP-py3.10/lib/python3.10/site-packages/airflow/example_dags/example_branch_operator.py
[2024-10-03T23:15:45.516-0400] {processor.py:208} INFO - Processing /home/patrick/.cache/pypoetry/virtualenvs/airflow-wPbgcfzP-py3.10/lib/python3.10/site-packages/airflow/example_dags/example_branch_operator.py took 5.363 seconds
[2024-10-03T23:19:39.302-0400] {processor.py:186} INFO - Started process (PID=42369) to work on /home/patrick/.cache/pypoetry/virtualenvs/airflow-wPbgcfzP-py3.10/lib/python3.10/site-packages/airflow/example_dags/example_branch_operator.py
[2024-10-03T23:19:39.303-0400] {processor.py:914} INFO - Processing file /home/patrick/.cache/pypoetry/virtualenvs/airflow-wPbgcfzP-py3.10/lib/python3.10/site-packages/airflow/example_dags/example_branch_operator.py for tasks to queue
[2024-10-03T23:19:39.304-0400] {logging_mixin.py:190} INFO - [2024-10-03T23:19:39.304-0400] {dagbag.py:588} INFO - Filling up the DagBag from /home/patrick/.cache/pypoetry/virtualenvs/airflow-wPbgcfzP-py3.10/lib/python3.10/site-packages/airflow/example_dags/example_branch_operator.py
[2024-10-03T23:19:39.363-0400] {processor.py:927} WARNING - No viable dags retrieved from /home/patrick/.cache/pypoetry/virtualenvs/airflow-wPbgcfzP-py3.10/lib/python3.10/site-packages/airflow/example_dags/example_branch_operator.py
[2024-10-03T23:19:41.355-0400] {processor.py:208} INFO - Processing /home/patrick/.cache/pypoetry/virtualenvs/airflow-wPbgcfzP-py3.10/lib/python3.10/site-packages/airflow/example_dags/example_branch_operator.py took 2.057 seconds
[2024-10-03T23:25:24.102-0400] {processor.py:186} INFO - Started process (PID=43845) to work on /home/patrick/.cache/pypoetry/virtualenvs/airflow-wPbgcfzP-py3.10/lib/python3.10/site-packages/airflow/example_dags/example_branch_operator.py
[2024-10-03T23:25:24.103-0400] {processor.py:914} INFO - Processing file /home/patrick/.cache/pypoetry/virtualenvs/airflow-wPbgcfzP-py3.10/lib/python3.10/site-packages/airflow/example_dags/example_branch_operator.py for tasks to queue
[2024-10-03T23:25:24.104-0400] {logging_mixin.py:190} INFO - [2024-10-03T23:25:24.104-0400] {dagbag.py:588} INFO - Filling up the DagBag from /home/patrick/.cache/pypoetry/virtualenvs/airflow-wPbgcfzP-py3.10/lib/python3.10/site-packages/airflow/example_dags/example_branch_operator.py
[2024-10-03T23:25:24.171-0400] {processor.py:927} WARNING - No viable dags retrieved from /home/patrick/.cache/pypoetry/virtualenvs/airflow-wPbgcfzP-py3.10/lib/python3.10/site-packages/airflow/example_dags/example_branch_operator.py
[2024-10-03T23:25:27.882-0400] {processor.py:208} INFO - Processing /home/patrick/.cache/pypoetry/virtualenvs/airflow-wPbgcfzP-py3.10/lib/python3.10/site-packages/airflow/example_dags/example_branch_operator.py took 3.784 seconds
[2024-10-03T23:29:42.230-0400] {processor.py:186} INFO - Started process (PID=44946) to work on /home/patrick/.cache/pypoetry/virtualenvs/airflow-wPbgcfzP-py3.10/lib/python3.10/site-packages/airflow/example_dags/example_branch_operator.py
[2024-10-03T23:29:42.230-0400] {processor.py:914} INFO - Processing file /home/patrick/.cache/pypoetry/virtualenvs/airflow-wPbgcfzP-py3.10/lib/python3.10/site-packages/airflow/example_dags/example_branch_operator.py for tasks to queue
[2024-10-03T23:29:42.232-0400] {logging_mixin.py:190} INFO - [2024-10-03T23:29:42.232-0400] {dagbag.py:588} INFO - Filling up the DagBag from /home/patrick/.cache/pypoetry/virtualenvs/airflow-wPbgcfzP-py3.10/lib/python3.10/site-packages/airflow/example_dags/example_branch_operator.py
[2024-10-03T23:29:42.284-0400] {processor.py:927} WARNING - No viable dags retrieved from /home/patrick/.cache/pypoetry/virtualenvs/airflow-wPbgcfzP-py3.10/lib/python3.10/site-packages/airflow/example_dags/example_branch_operator.py
[2024-10-03T23:29:45.116-0400] {processor.py:208} INFO - Processing /home/patrick/.cache/pypoetry/virtualenvs/airflow-wPbgcfzP-py3.10/lib/python3.10/site-packages/airflow/example_dags/example_branch_operator.py took 2.890 seconds
[2024-10-03T23:34:03.239-0400] {processor.py:186} INFO - Started process (PID=46124) to work on /home/patrick/.cache/pypoetry/virtualenvs/airflow-wPbgcfzP-py3.10/lib/python3.10/site-packages/airflow/example_dags/example_branch_operator.py
[2024-10-03T23:34:03.240-0400] {processor.py:914} INFO - Processing file /home/patrick/.cache/pypoetry/virtualenvs/airflow-wPbgcfzP-py3.10/lib/python3.10/site-packages/airflow/example_dags/example_branch_operator.py for tasks to queue
[2024-10-03T23:34:03.241-0400] {logging_mixin.py:190} INFO - [2024-10-03T23:34:03.241-0400] {dagbag.py:588} INFO - Filling up the DagBag from /home/patrick/.cache/pypoetry/virtualenvs/airflow-wPbgcfzP-py3.10/lib/python3.10/site-packages/airflow/example_dags/example_branch_operator.py
[2024-10-03T23:34:03.291-0400] {processor.py:927} WARNING - No viable dags retrieved from /home/patrick/.cache/pypoetry/virtualenvs/airflow-wPbgcfzP-py3.10/lib/python3.10/site-packages/airflow/example_dags/example_branch_operator.py
[2024-10-03T23:34:17.659-0400] {processor.py:208} INFO - Processing /home/patrick/.cache/pypoetry/virtualenvs/airflow-wPbgcfzP-py3.10/lib/python3.10/site-packages/airflow/example_dags/example_branch_operator.py took 14.424 seconds
[2024-10-03T23:38:57.080-0400] {processor.py:186} INFO - Started process (PID=47379) to work on /home/patrick/.cache/pypoetry/virtualenvs/airflow-wPbgcfzP-py3.10/lib/python3.10/site-packages/airflow/example_dags/example_branch_operator.py
[2024-10-03T23:38:57.081-0400] {processor.py:914} INFO - Processing file /home/patrick/.cache/pypoetry/virtualenvs/airflow-wPbgcfzP-py3.10/lib/python3.10/site-packages/airflow/example_dags/example_branch_operator.py for tasks to queue
[2024-10-03T23:38:57.083-0400] {logging_mixin.py:190} INFO - [2024-10-03T23:38:57.083-0400] {dagbag.py:588} INFO - Filling up the DagBag from /home/patrick/.cache/pypoetry/virtualenvs/airflow-wPbgcfzP-py3.10/lib/python3.10/site-packages/airflow/example_dags/example_branch_operator.py
[2024-10-03T23:38:57.147-0400] {processor.py:927} WARNING - No viable dags retrieved from /home/patrick/.cache/pypoetry/virtualenvs/airflow-wPbgcfzP-py3.10/lib/python3.10/site-packages/airflow/example_dags/example_branch_operator.py
[2024-10-03T23:38:58.968-0400] {processor.py:208} INFO - Processing /home/patrick/.cache/pypoetry/virtualenvs/airflow-wPbgcfzP-py3.10/lib/python3.10/site-packages/airflow/example_dags/example_branch_operator.py took 1.892 seconds
[2024-10-03T23:42:58.052-0400] {processor.py:186} INFO - Started process (PID=48420) to work on /home/patrick/.cache/pypoetry/virtualenvs/airflow-wPbgcfzP-py3.10/lib/python3.10/site-packages/airflow/example_dags/example_branch_operator.py
[2024-10-03T23:42:58.053-0400] {processor.py:914} INFO - Processing file /home/patrick/.cache/pypoetry/virtualenvs/airflow-wPbgcfzP-py3.10/lib/python3.10/site-packages/airflow/example_dags/example_branch_operator.py for tasks to queue
[2024-10-03T23:42:58.054-0400] {logging_mixin.py:190} INFO - [2024-10-03T23:42:58.054-0400] {dagbag.py:588} INFO - Filling up the DagBag from /home/patrick/.cache/pypoetry/virtualenvs/airflow-wPbgcfzP-py3.10/lib/python3.10/site-packages/airflow/example_dags/example_branch_operator.py
[2024-10-03T23:42:58.249-0400] {processor.py:927} WARNING - No viable dags retrieved from /home/patrick/.cache/pypoetry/virtualenvs/airflow-wPbgcfzP-py3.10/lib/python3.10/site-packages/airflow/example_dags/example_branch_operator.py
[2024-10-03T23:43:01.981-0400] {processor.py:208} INFO - Processing /home/patrick/.cache/pypoetry/virtualenvs/airflow-wPbgcfzP-py3.10/lib/python3.10/site-packages/airflow/example_dags/example_branch_operator.py took 3.933 seconds
[2024-10-03T23:46:58.271-0400] {processor.py:186} INFO - Started process (PID=49461) to work on /home/patrick/.cache/pypoetry/virtualenvs/airflow-wPbgcfzP-py3.10/lib/python3.10/site-packages/airflow/example_dags/example_branch_operator.py
[2024-10-03T23:46:58.272-0400] {processor.py:914} INFO - Processing file /home/patrick/.cache/pypoetry/virtualenvs/airflow-wPbgcfzP-py3.10/lib/python3.10/site-packages/airflow/example_dags/example_branch_operator.py for tasks to queue
[2024-10-03T23:46:58.274-0400] {logging_mixin.py:190} INFO - [2024-10-03T23:46:58.274-0400] {dagbag.py:588} INFO - Filling up the DagBag from /home/patrick/.cache/pypoetry/virtualenvs/airflow-wPbgcfzP-py3.10/lib/python3.10/site-packages/airflow/example_dags/example_branch_operator.py
[2024-10-03T23:46:58.354-0400] {processor.py:927} WARNING - No viable dags retrieved from /home/patrick/.cache/pypoetry/virtualenvs/airflow-wPbgcfzP-py3.10/lib/python3.10/site-packages/airflow/example_dags/example_branch_operator.py
[2024-10-03T23:46:59.971-0400] {processor.py:208} INFO - Processing /home/patrick/.cache/pypoetry/virtualenvs/airflow-wPbgcfzP-py3.10/lib/python3.10/site-packages/airflow/example_dags/example_branch_operator.py took 1.704 seconds
[2024-10-03T23:51:16.384-0400] {processor.py:186} INFO - Started process (PID=50565) to work on /home/patrick/.cache/pypoetry/virtualenvs/airflow-wPbgcfzP-py3.10/lib/python3.10/site-packages/airflow/example_dags/example_branch_operator.py
[2024-10-03T23:51:16.385-0400] {processor.py:914} INFO - Processing file /home/patrick/.cache/pypoetry/virtualenvs/airflow-wPbgcfzP-py3.10/lib/python3.10/site-packages/airflow/example_dags/example_branch_operator.py for tasks to queue
[2024-10-03T23:51:16.387-0400] {logging_mixin.py:190} INFO - [2024-10-03T23:51:16.387-0400] {dagbag.py:588} INFO - Filling up the DagBag from /home/patrick/.cache/pypoetry/virtualenvs/airflow-wPbgcfzP-py3.10/lib/python3.10/site-packages/airflow/example_dags/example_branch_operator.py
[2024-10-03T23:51:16.459-0400] {processor.py:927} WARNING - No viable dags retrieved from /home/patrick/.cache/pypoetry/virtualenvs/airflow-wPbgcfzP-py3.10/lib/python3.10/site-packages/airflow/example_dags/example_branch_operator.py
[2024-10-03T23:51:19.902-0400] {processor.py:208} INFO - Processing /home/patrick/.cache/pypoetry/virtualenvs/airflow-wPbgcfzP-py3.10/lib/python3.10/site-packages/airflow/example_dags/example_branch_operator.py took 3.522 seconds
[2024-10-03T23:55:31.355-0400] {processor.py:186} INFO - Started process (PID=51660) to work on /home/patrick/.cache/pypoetry/virtualenvs/airflow-wPbgcfzP-py3.10/lib/python3.10/site-packages/airflow/example_dags/example_branch_operator.py
[2024-10-03T23:55:31.357-0400] {processor.py:914} INFO - Processing file /home/patrick/.cache/pypoetry/virtualenvs/airflow-wPbgcfzP-py3.10/lib/python3.10/site-packages/airflow/example_dags/example_branch_operator.py for tasks to queue
[2024-10-03T23:55:31.359-0400] {logging_mixin.py:190} INFO - [2024-10-03T23:55:31.359-0400] {dagbag.py:588} INFO - Filling up the DagBag from /home/patrick/.cache/pypoetry/virtualenvs/airflow-wPbgcfzP-py3.10/lib/python3.10/site-packages/airflow/example_dags/example_branch_operator.py
[2024-10-03T23:55:31.455-0400] {processor.py:927} WARNING - No viable dags retrieved from /home/patrick/.cache/pypoetry/virtualenvs/airflow-wPbgcfzP-py3.10/lib/python3.10/site-packages/airflow/example_dags/example_branch_operator.py
[2024-10-03T23:55:33.052-0400] {processor.py:208} INFO - Processing /home/patrick/.cache/pypoetry/virtualenvs/airflow-wPbgcfzP-py3.10/lib/python3.10/site-packages/airflow/example_dags/example_branch_operator.py took 1.701 seconds
[2024-10-03T23:59:13.586-0400] {processor.py:186} INFO - Started process (PID=52623) to work on /home/patrick/.cache/pypoetry/virtualenvs/airflow-wPbgcfzP-py3.10/lib/python3.10/site-packages/airflow/example_dags/example_branch_operator.py
[2024-10-03T23:59:13.587-0400] {processor.py:914} INFO - Processing file /home/patrick/.cache/pypoetry/virtualenvs/airflow-wPbgcfzP-py3.10/lib/python3.10/site-packages/airflow/example_dags/example_branch_operator.py for tasks to queue
[2024-10-03T23:59:13.589-0400] {logging_mixin.py:190} INFO - [2024-10-03T23:59:13.588-0400] {dagbag.py:588} INFO - Filling up the DagBag from /home/patrick/.cache/pypoetry/virtualenvs/airflow-wPbgcfzP-py3.10/lib/python3.10/site-packages/airflow/example_dags/example_branch_operator.py
[2024-10-03T23:59:13.662-0400] {processor.py:927} WARNING - No viable dags retrieved from /home/patrick/.cache/pypoetry/virtualenvs/airflow-wPbgcfzP-py3.10/lib/python3.10/site-packages/airflow/example_dags/example_branch_operator.py
[2024-10-03T23:59:15.900-0400] {processor.py:208} INFO - Processing /home/patrick/.cache/pypoetry/virtualenvs/airflow-wPbgcfzP-py3.10/lib/python3.10/site-packages/airflow/example_dags/example_branch_operator.py took 2.318 seconds
[2024-10-04T00:03:56.252-0400] {processor.py:186} INFO - Started process (PID=53888) to work on /home/patrick/.cache/pypoetry/virtualenvs/airflow-wPbgcfzP-py3.10/lib/python3.10/site-packages/airflow/example_dags/example_branch_operator.py
[2024-10-04T00:03:56.253-0400] {processor.py:914} INFO - Processing file /home/patrick/.cache/pypoetry/virtualenvs/airflow-wPbgcfzP-py3.10/lib/python3.10/site-packages/airflow/example_dags/example_branch_operator.py for tasks to queue
[2024-10-04T00:03:56.255-0400] {logging_mixin.py:190} INFO - [2024-10-04T00:03:56.255-0400] {dagbag.py:588} INFO - Filling up the DagBag from /home/patrick/.cache/pypoetry/virtualenvs/airflow-wPbgcfzP-py3.10/lib/python3.10/site-packages/airflow/example_dags/example_branch_operator.py
[2024-10-04T00:03:56.406-0400] {processor.py:927} WARNING - No viable dags retrieved from /home/patrick/.cache/pypoetry/virtualenvs/airflow-wPbgcfzP-py3.10/lib/python3.10/site-packages/airflow/example_dags/example_branch_operator.py
[2024-10-04T00:03:59.238-0400] {processor.py:208} INFO - Processing /home/patrick/.cache/pypoetry/virtualenvs/airflow-wPbgcfzP-py3.10/lib/python3.10/site-packages/airflow/example_dags/example_branch_operator.py took 2.991 seconds
