[2024-10-03T20:47:00.329-0400] {processor.py:186} INFO - Started process (PID=1635) to work on /home/patrick/.cache/pypoetry/virtualenvs/airflow-wPbgcfzP-py3.10/lib/python3.10/site-packages/airflow/example_dags/example_display_name.py
[2024-10-03T20:47:00.330-0400] {processor.py:914} INFO - Processing file /home/patrick/.cache/pypoetry/virtualenvs/airflow-wPbgcfzP-py3.10/lib/python3.10/site-packages/airflow/example_dags/example_display_name.py for tasks to queue
[2024-10-03T20:47:00.332-0400] {logging_mixin.py:190} INFO - [2024-10-03T20:47:00.332-0400] {dagbag.py:588} INFO - Filling up the DagBag from /home/patrick/.cache/pypoetry/virtualenvs/airflow-wPbgcfzP-py3.10/lib/python3.10/site-packages/airflow/example_dags/example_display_name.py
[2024-10-03T20:47:00.341-0400] {processor.py:925} INFO - DAG(s) 'example_display_name' retrieved from /home/patrick/.cache/pypoetry/virtualenvs/airflow-wPbgcfzP-py3.10/lib/python3.10/site-packages/airflow/example_dags/example_display_name.py
[2024-10-03T20:47:03.938-0400] {logging_mixin.py:190} INFO - [2024-10-03T20:47:03.938-0400] {dag.py:3239} INFO - Sync 1 DAGs
[2024-10-03T20:47:04.349-0400] {logging_mixin.py:190} INFO - [2024-10-03T20:47:04.348-0400] {dag.py:4180} INFO - Setting next_dagrun for example_display_name to None, run_after=None
[2024-10-03T20:47:05.128-0400] {processor.py:208} INFO - Processing /home/patrick/.cache/pypoetry/virtualenvs/airflow-wPbgcfzP-py3.10/lib/python3.10/site-packages/airflow/example_dags/example_display_name.py took 4.802 seconds
[2024-10-03T21:01:06.415-0400] {processor.py:186} INFO - Started process (PID=5201) to work on /home/patrick/.cache/pypoetry/virtualenvs/airflow-wPbgcfzP-py3.10/lib/python3.10/site-packages/airflow/example_dags/example_display_name.py
[2024-10-03T21:01:06.416-0400] {processor.py:914} INFO - Processing file /home/patrick/.cache/pypoetry/virtualenvs/airflow-wPbgcfzP-py3.10/lib/python3.10/site-packages/airflow/example_dags/example_display_name.py for tasks to queue
[2024-10-03T21:01:06.417-0400] {logging_mixin.py:190} INFO - [2024-10-03T21:01:06.416-0400] {dagbag.py:588} INFO - Filling up the DagBag from /home/patrick/.cache/pypoetry/virtualenvs/airflow-wPbgcfzP-py3.10/lib/python3.10/site-packages/airflow/example_dags/example_display_name.py
[2024-10-03T21:01:06.422-0400] {processor.py:925} INFO - DAG(s) 'example_display_name' retrieved from /home/patrick/.cache/pypoetry/virtualenvs/airflow-wPbgcfzP-py3.10/lib/python3.10/site-packages/airflow/example_dags/example_display_name.py
[2024-10-03T21:01:23.727-0400] {logging_mixin.py:190} INFO - [2024-10-03T21:01:23.727-0400] {dag.py:3239} INFO - Sync 1 DAGs
[2024-10-03T21:01:24.090-0400] {logging_mixin.py:190} INFO - [2024-10-03T21:01:24.090-0400] {dag.py:4180} INFO - Setting next_dagrun for example_display_name to None, run_after=None
[2024-10-03T21:01:24.957-0400] {processor.py:208} INFO - Processing /home/patrick/.cache/pypoetry/virtualenvs/airflow-wPbgcfzP-py3.10/lib/python3.10/site-packages/airflow/example_dags/example_display_name.py took 18.546 seconds
[2024-10-03T21:04:09.913-0400] {processor.py:186} INFO - Started process (PID=5980) to work on /home/patrick/.cache/pypoetry/virtualenvs/airflow-wPbgcfzP-py3.10/lib/python3.10/site-packages/airflow/example_dags/example_display_name.py
[2024-10-03T21:04:09.914-0400] {processor.py:914} INFO - Processing file /home/patrick/.cache/pypoetry/virtualenvs/airflow-wPbgcfzP-py3.10/lib/python3.10/site-packages/airflow/example_dags/example_display_name.py for tasks to queue
[2024-10-03T21:04:09.915-0400] {logging_mixin.py:190} INFO - [2024-10-03T21:04:09.915-0400] {dagbag.py:588} INFO - Filling up the DagBag from /home/patrick/.cache/pypoetry/virtualenvs/airflow-wPbgcfzP-py3.10/lib/python3.10/site-packages/airflow/example_dags/example_display_name.py
[2024-10-03T21:04:09.919-0400] {processor.py:925} INFO - DAG(s) 'example_display_name' retrieved from /home/patrick/.cache/pypoetry/virtualenvs/airflow-wPbgcfzP-py3.10/lib/python3.10/site-packages/airflow/example_dags/example_display_name.py
[2024-10-03T21:04:16.663-0400] {logging_mixin.py:190} INFO - [2024-10-03T21:04:16.662-0400] {dag.py:3239} INFO - Sync 1 DAGs
[2024-10-03T21:04:16.906-0400] {logging_mixin.py:190} INFO - [2024-10-03T21:04:16.906-0400] {dag.py:4180} INFO - Setting next_dagrun for example_display_name to None, run_after=None
[2024-10-03T21:04:17.711-0400] {processor.py:208} INFO - Processing /home/patrick/.cache/pypoetry/virtualenvs/airflow-wPbgcfzP-py3.10/lib/python3.10/site-packages/airflow/example_dags/example_display_name.py took 7.801 seconds
[2024-10-03T21:08:34.007-0400] {processor.py:186} INFO - Started process (PID=7119) to work on /home/patrick/.cache/pypoetry/virtualenvs/airflow-wPbgcfzP-py3.10/lib/python3.10/site-packages/airflow/example_dags/example_display_name.py
[2024-10-03T21:08:34.009-0400] {processor.py:914} INFO - Processing file /home/patrick/.cache/pypoetry/virtualenvs/airflow-wPbgcfzP-py3.10/lib/python3.10/site-packages/airflow/example_dags/example_display_name.py for tasks to queue
[2024-10-03T21:08:34.014-0400] {logging_mixin.py:190} INFO - [2024-10-03T21:08:34.013-0400] {dagbag.py:588} INFO - Filling up the DagBag from /home/patrick/.cache/pypoetry/virtualenvs/airflow-wPbgcfzP-py3.10/lib/python3.10/site-packages/airflow/example_dags/example_display_name.py
[2024-10-03T21:08:34.018-0400] {processor.py:925} INFO - DAG(s) 'example_display_name' retrieved from /home/patrick/.cache/pypoetry/virtualenvs/airflow-wPbgcfzP-py3.10/lib/python3.10/site-packages/airflow/example_dags/example_display_name.py
[2024-10-03T21:08:36.141-0400] {logging_mixin.py:190} INFO - [2024-10-03T21:08:36.141-0400] {dag.py:3239} INFO - Sync 1 DAGs
[2024-10-03T21:08:36.193-0400] {logging_mixin.py:190} INFO - [2024-10-03T21:08:36.193-0400] {dag.py:4180} INFO - Setting next_dagrun for example_display_name to None, run_after=None
[2024-10-03T21:08:36.839-0400] {processor.py:208} INFO - Processing /home/patrick/.cache/pypoetry/virtualenvs/airflow-wPbgcfzP-py3.10/lib/python3.10/site-packages/airflow/example_dags/example_display_name.py took 2.835 seconds
[2024-10-03T21:17:25.558-0400] {processor.py:186} INFO - Started process (PID=9564) to work on /home/patrick/.cache/pypoetry/virtualenvs/airflow-wPbgcfzP-py3.10/lib/python3.10/site-packages/airflow/example_dags/example_display_name.py
[2024-10-03T21:17:25.559-0400] {processor.py:914} INFO - Processing file /home/patrick/.cache/pypoetry/virtualenvs/airflow-wPbgcfzP-py3.10/lib/python3.10/site-packages/airflow/example_dags/example_display_name.py for tasks to queue
[2024-10-03T21:17:25.562-0400] {logging_mixin.py:190} INFO - [2024-10-03T21:17:25.561-0400] {dagbag.py:588} INFO - Filling up the DagBag from /home/patrick/.cache/pypoetry/virtualenvs/airflow-wPbgcfzP-py3.10/lib/python3.10/site-packages/airflow/example_dags/example_display_name.py
[2024-10-03T21:17:25.566-0400] {processor.py:925} INFO - DAG(s) 'example_display_name' retrieved from /home/patrick/.cache/pypoetry/virtualenvs/airflow-wPbgcfzP-py3.10/lib/python3.10/site-packages/airflow/example_dags/example_display_name.py
[2024-10-03T21:17:28.055-0400] {logging_mixin.py:190} INFO - [2024-10-03T21:17:28.055-0400] {dag.py:3239} INFO - Sync 1 DAGs
[2024-10-03T21:17:28.138-0400] {logging_mixin.py:190} INFO - [2024-10-03T21:17:28.138-0400] {dag.py:4180} INFO - Setting next_dagrun for example_display_name to None, run_after=None
[2024-10-03T21:17:28.719-0400] {processor.py:208} INFO - Processing /home/patrick/.cache/pypoetry/virtualenvs/airflow-wPbgcfzP-py3.10/lib/python3.10/site-packages/airflow/example_dags/example_display_name.py took 3.164 seconds
[2024-10-03T21:21:52.437-0400] {processor.py:186} INFO - Started process (PID=10765) to work on /home/patrick/.cache/pypoetry/virtualenvs/airflow-wPbgcfzP-py3.10/lib/python3.10/site-packages/airflow/example_dags/example_display_name.py
[2024-10-03T21:21:52.438-0400] {processor.py:914} INFO - Processing file /home/patrick/.cache/pypoetry/virtualenvs/airflow-wPbgcfzP-py3.10/lib/python3.10/site-packages/airflow/example_dags/example_display_name.py for tasks to queue
[2024-10-03T21:21:52.440-0400] {logging_mixin.py:190} INFO - [2024-10-03T21:21:52.439-0400] {dagbag.py:588} INFO - Filling up the DagBag from /home/patrick/.cache/pypoetry/virtualenvs/airflow-wPbgcfzP-py3.10/lib/python3.10/site-packages/airflow/example_dags/example_display_name.py
[2024-10-03T21:21:52.444-0400] {processor.py:925} INFO - DAG(s) 'example_display_name' retrieved from /home/patrick/.cache/pypoetry/virtualenvs/airflow-wPbgcfzP-py3.10/lib/python3.10/site-packages/airflow/example_dags/example_display_name.py
[2024-10-03T21:21:54.318-0400] {logging_mixin.py:190} INFO - [2024-10-03T21:21:54.317-0400] {dag.py:3239} INFO - Sync 1 DAGs
[2024-10-03T21:21:54.378-0400] {logging_mixin.py:190} INFO - [2024-10-03T21:21:54.378-0400] {dag.py:4180} INFO - Setting next_dagrun for example_display_name to None, run_after=None
[2024-10-03T21:21:54.917-0400] {processor.py:208} INFO - Processing /home/patrick/.cache/pypoetry/virtualenvs/airflow-wPbgcfzP-py3.10/lib/python3.10/site-packages/airflow/example_dags/example_display_name.py took 2.483 seconds
[2024-10-03T21:24:41.209-0400] {processor.py:186} INFO - Started process (PID=11489) to work on /home/patrick/.cache/pypoetry/virtualenvs/airflow-wPbgcfzP-py3.10/lib/python3.10/site-packages/airflow/example_dags/example_display_name.py
[2024-10-03T21:24:41.210-0400] {processor.py:914} INFO - Processing file /home/patrick/.cache/pypoetry/virtualenvs/airflow-wPbgcfzP-py3.10/lib/python3.10/site-packages/airflow/example_dags/example_display_name.py for tasks to queue
[2024-10-03T21:24:41.212-0400] {logging_mixin.py:190} INFO - [2024-10-03T21:24:41.211-0400] {dagbag.py:588} INFO - Filling up the DagBag from /home/patrick/.cache/pypoetry/virtualenvs/airflow-wPbgcfzP-py3.10/lib/python3.10/site-packages/airflow/example_dags/example_display_name.py
[2024-10-03T21:24:41.216-0400] {processor.py:925} INFO - DAG(s) 'example_display_name' retrieved from /home/patrick/.cache/pypoetry/virtualenvs/airflow-wPbgcfzP-py3.10/lib/python3.10/site-packages/airflow/example_dags/example_display_name.py
[2024-10-03T21:24:43.407-0400] {logging_mixin.py:190} INFO - [2024-10-03T21:24:43.407-0400] {dag.py:3239} INFO - Sync 1 DAGs
[2024-10-03T21:24:43.551-0400] {logging_mixin.py:190} INFO - [2024-10-03T21:24:43.551-0400] {dag.py:4180} INFO - Setting next_dagrun for example_display_name to None, run_after=None
[2024-10-03T21:24:44.185-0400] {processor.py:208} INFO - Processing /home/patrick/.cache/pypoetry/virtualenvs/airflow-wPbgcfzP-py3.10/lib/python3.10/site-packages/airflow/example_dags/example_display_name.py took 2.980 seconds
[2024-10-03T21:29:46.304-0400] {processor.py:186} INFO - Started process (PID=12880) to work on /home/patrick/.cache/pypoetry/virtualenvs/airflow-wPbgcfzP-py3.10/lib/python3.10/site-packages/airflow/example_dags/example_display_name.py
[2024-10-03T21:29:46.306-0400] {processor.py:914} INFO - Processing file /home/patrick/.cache/pypoetry/virtualenvs/airflow-wPbgcfzP-py3.10/lib/python3.10/site-packages/airflow/example_dags/example_display_name.py for tasks to queue
[2024-10-03T21:29:46.310-0400] {logging_mixin.py:190} INFO - [2024-10-03T21:29:46.310-0400] {dagbag.py:588} INFO - Filling up the DagBag from /home/patrick/.cache/pypoetry/virtualenvs/airflow-wPbgcfzP-py3.10/lib/python3.10/site-packages/airflow/example_dags/example_display_name.py
[2024-10-03T21:29:46.316-0400] {processor.py:925} INFO - DAG(s) 'example_display_name' retrieved from /home/patrick/.cache/pypoetry/virtualenvs/airflow-wPbgcfzP-py3.10/lib/python3.10/site-packages/airflow/example_dags/example_display_name.py
[2024-10-03T21:29:49.127-0400] {logging_mixin.py:190} INFO - [2024-10-03T21:29:49.127-0400] {dag.py:3239} INFO - Sync 1 DAGs
[2024-10-03T21:29:49.298-0400] {logging_mixin.py:190} INFO - [2024-10-03T21:29:49.298-0400] {dag.py:4180} INFO - Setting next_dagrun for example_display_name to None, run_after=None
[2024-10-03T21:29:50.149-0400] {processor.py:208} INFO - Processing /home/patrick/.cache/pypoetry/virtualenvs/airflow-wPbgcfzP-py3.10/lib/python3.10/site-packages/airflow/example_dags/example_display_name.py took 3.849 seconds
[2024-10-03T21:33:29.445-0400] {processor.py:186} INFO - Started process (PID=13846) to work on /home/patrick/.cache/pypoetry/virtualenvs/airflow-wPbgcfzP-py3.10/lib/python3.10/site-packages/airflow/example_dags/example_display_name.py
[2024-10-03T21:33:29.447-0400] {processor.py:914} INFO - Processing file /home/patrick/.cache/pypoetry/virtualenvs/airflow-wPbgcfzP-py3.10/lib/python3.10/site-packages/airflow/example_dags/example_display_name.py for tasks to queue
[2024-10-03T21:33:29.449-0400] {logging_mixin.py:190} INFO - [2024-10-03T21:33:29.448-0400] {dagbag.py:588} INFO - Filling up the DagBag from /home/patrick/.cache/pypoetry/virtualenvs/airflow-wPbgcfzP-py3.10/lib/python3.10/site-packages/airflow/example_dags/example_display_name.py
[2024-10-03T21:33:29.454-0400] {processor.py:925} INFO - DAG(s) 'example_display_name' retrieved from /home/patrick/.cache/pypoetry/virtualenvs/airflow-wPbgcfzP-py3.10/lib/python3.10/site-packages/airflow/example_dags/example_display_name.py
[2024-10-03T21:33:32.541-0400] {logging_mixin.py:190} INFO - [2024-10-03T21:33:32.541-0400] {dag.py:3239} INFO - Sync 1 DAGs
[2024-10-03T21:33:32.748-0400] {logging_mixin.py:190} INFO - [2024-10-03T21:33:32.748-0400] {dag.py:4180} INFO - Setting next_dagrun for example_display_name to None, run_after=None
[2024-10-03T21:33:33.466-0400] {processor.py:208} INFO - Processing /home/patrick/.cache/pypoetry/virtualenvs/airflow-wPbgcfzP-py3.10/lib/python3.10/site-packages/airflow/example_dags/example_display_name.py took 4.025 seconds
[2024-10-03T21:39:43.153-0400] {processor.py:186} INFO - Started process (PID=15552) to work on /home/patrick/.cache/pypoetry/virtualenvs/airflow-wPbgcfzP-py3.10/lib/python3.10/site-packages/airflow/example_dags/example_display_name.py
[2024-10-03T21:39:43.154-0400] {processor.py:914} INFO - Processing file /home/patrick/.cache/pypoetry/virtualenvs/airflow-wPbgcfzP-py3.10/lib/python3.10/site-packages/airflow/example_dags/example_display_name.py for tasks to queue
[2024-10-03T21:39:43.156-0400] {logging_mixin.py:190} INFO - [2024-10-03T21:39:43.156-0400] {dagbag.py:588} INFO - Filling up the DagBag from /home/patrick/.cache/pypoetry/virtualenvs/airflow-wPbgcfzP-py3.10/lib/python3.10/site-packages/airflow/example_dags/example_display_name.py
[2024-10-03T21:39:43.162-0400] {processor.py:925} INFO - DAG(s) 'example_display_name' retrieved from /home/patrick/.cache/pypoetry/virtualenvs/airflow-wPbgcfzP-py3.10/lib/python3.10/site-packages/airflow/example_dags/example_display_name.py
[2024-10-03T21:39:50.306-0400] {logging_mixin.py:190} INFO - [2024-10-03T21:39:50.306-0400] {dag.py:3239} INFO - Sync 1 DAGs
[2024-10-03T21:39:50.432-0400] {logging_mixin.py:190} INFO - [2024-10-03T21:39:50.432-0400] {dag.py:4180} INFO - Setting next_dagrun for example_display_name to None, run_after=None
[2024-10-03T21:39:51.062-0400] {processor.py:208} INFO - Processing /home/patrick/.cache/pypoetry/virtualenvs/airflow-wPbgcfzP-py3.10/lib/python3.10/site-packages/airflow/example_dags/example_display_name.py took 7.913 seconds
[2024-10-03T21:45:00.053-0400] {processor.py:186} INFO - Started process (PID=16994) to work on /home/patrick/.cache/pypoetry/virtualenvs/airflow-wPbgcfzP-py3.10/lib/python3.10/site-packages/airflow/example_dags/example_display_name.py
[2024-10-03T21:45:00.055-0400] {processor.py:914} INFO - Processing file /home/patrick/.cache/pypoetry/virtualenvs/airflow-wPbgcfzP-py3.10/lib/python3.10/site-packages/airflow/example_dags/example_display_name.py for tasks to queue
[2024-10-03T21:45:00.057-0400] {logging_mixin.py:190} INFO - [2024-10-03T21:45:00.056-0400] {dagbag.py:588} INFO - Filling up the DagBag from /home/patrick/.cache/pypoetry/virtualenvs/airflow-wPbgcfzP-py3.10/lib/python3.10/site-packages/airflow/example_dags/example_display_name.py
[2024-10-03T21:45:00.061-0400] {processor.py:925} INFO - DAG(s) 'example_display_name' retrieved from /home/patrick/.cache/pypoetry/virtualenvs/airflow-wPbgcfzP-py3.10/lib/python3.10/site-packages/airflow/example_dags/example_display_name.py
[2024-10-03T21:45:02.186-0400] {logging_mixin.py:190} INFO - [2024-10-03T21:45:02.186-0400] {dag.py:3239} INFO - Sync 1 DAGs
[2024-10-03T21:45:02.509-0400] {logging_mixin.py:190} INFO - [2024-10-03T21:45:02.509-0400] {dag.py:4180} INFO - Setting next_dagrun for example_display_name to None, run_after=None
[2024-10-03T21:45:03.229-0400] {processor.py:208} INFO - Processing /home/patrick/.cache/pypoetry/virtualenvs/airflow-wPbgcfzP-py3.10/lib/python3.10/site-packages/airflow/example_dags/example_display_name.py took 3.180 seconds
[2024-10-03T21:49:22.353-0400] {processor.py:186} INFO - Started process (PID=18139) to work on /home/patrick/.cache/pypoetry/virtualenvs/airflow-wPbgcfzP-py3.10/lib/python3.10/site-packages/airflow/example_dags/example_display_name.py
[2024-10-03T21:49:22.354-0400] {processor.py:914} INFO - Processing file /home/patrick/.cache/pypoetry/virtualenvs/airflow-wPbgcfzP-py3.10/lib/python3.10/site-packages/airflow/example_dags/example_display_name.py for tasks to queue
[2024-10-03T21:49:22.355-0400] {logging_mixin.py:190} INFO - [2024-10-03T21:49:22.355-0400] {dagbag.py:588} INFO - Filling up the DagBag from /home/patrick/.cache/pypoetry/virtualenvs/airflow-wPbgcfzP-py3.10/lib/python3.10/site-packages/airflow/example_dags/example_display_name.py
[2024-10-03T21:49:22.360-0400] {processor.py:925} INFO - DAG(s) 'example_display_name' retrieved from /home/patrick/.cache/pypoetry/virtualenvs/airflow-wPbgcfzP-py3.10/lib/python3.10/site-packages/airflow/example_dags/example_display_name.py
[2024-10-03T21:49:23.623-0400] {logging_mixin.py:190} INFO - [2024-10-03T21:49:23.623-0400] {dag.py:3239} INFO - Sync 1 DAGs
[2024-10-03T21:49:23.745-0400] {logging_mixin.py:190} INFO - [2024-10-03T21:49:23.745-0400] {dag.py:4180} INFO - Setting next_dagrun for example_display_name to None, run_after=None
[2024-10-03T21:49:24.311-0400] {processor.py:208} INFO - Processing /home/patrick/.cache/pypoetry/virtualenvs/airflow-wPbgcfzP-py3.10/lib/python3.10/site-packages/airflow/example_dags/example_display_name.py took 1.962 seconds
[2024-10-03T21:53:35.435-0400] {processor.py:186} INFO - Started process (PID=19218) to work on /home/patrick/.cache/pypoetry/virtualenvs/airflow-wPbgcfzP-py3.10/lib/python3.10/site-packages/airflow/example_dags/example_display_name.py
[2024-10-03T21:53:35.436-0400] {processor.py:914} INFO - Processing file /home/patrick/.cache/pypoetry/virtualenvs/airflow-wPbgcfzP-py3.10/lib/python3.10/site-packages/airflow/example_dags/example_display_name.py for tasks to queue
[2024-10-03T21:53:35.437-0400] {logging_mixin.py:190} INFO - [2024-10-03T21:53:35.437-0400] {dagbag.py:588} INFO - Filling up the DagBag from /home/patrick/.cache/pypoetry/virtualenvs/airflow-wPbgcfzP-py3.10/lib/python3.10/site-packages/airflow/example_dags/example_display_name.py
[2024-10-03T21:53:35.442-0400] {processor.py:925} INFO - DAG(s) 'example_display_name' retrieved from /home/patrick/.cache/pypoetry/virtualenvs/airflow-wPbgcfzP-py3.10/lib/python3.10/site-packages/airflow/example_dags/example_display_name.py
[2024-10-03T21:53:37.080-0400] {logging_mixin.py:190} INFO - [2024-10-03T21:53:37.080-0400] {dag.py:3239} INFO - Sync 1 DAGs
[2024-10-03T21:53:37.138-0400] {logging_mixin.py:190} INFO - [2024-10-03T21:53:37.138-0400] {dag.py:4180} INFO - Setting next_dagrun for example_display_name to None, run_after=None
[2024-10-03T21:53:37.683-0400] {processor.py:208} INFO - Processing /home/patrick/.cache/pypoetry/virtualenvs/airflow-wPbgcfzP-py3.10/lib/python3.10/site-packages/airflow/example_dags/example_display_name.py took 2.251 seconds
[2024-10-03T21:57:27.091-0400] {processor.py:186} INFO - Started process (PID=20215) to work on /home/patrick/.cache/pypoetry/virtualenvs/airflow-wPbgcfzP-py3.10/lib/python3.10/site-packages/airflow/example_dags/example_display_name.py
[2024-10-03T21:57:27.092-0400] {processor.py:914} INFO - Processing file /home/patrick/.cache/pypoetry/virtualenvs/airflow-wPbgcfzP-py3.10/lib/python3.10/site-packages/airflow/example_dags/example_display_name.py for tasks to queue
[2024-10-03T21:57:27.093-0400] {logging_mixin.py:190} INFO - [2024-10-03T21:57:27.093-0400] {dagbag.py:588} INFO - Filling up the DagBag from /home/patrick/.cache/pypoetry/virtualenvs/airflow-wPbgcfzP-py3.10/lib/python3.10/site-packages/airflow/example_dags/example_display_name.py
[2024-10-03T21:57:27.098-0400] {processor.py:925} INFO - DAG(s) 'example_display_name' retrieved from /home/patrick/.cache/pypoetry/virtualenvs/airflow-wPbgcfzP-py3.10/lib/python3.10/site-packages/airflow/example_dags/example_display_name.py
[2024-10-03T21:57:30.843-0400] {logging_mixin.py:190} INFO - [2024-10-03T21:57:30.843-0400] {dag.py:3239} INFO - Sync 1 DAGs
[2024-10-03T21:57:30.991-0400] {logging_mixin.py:190} INFO - [2024-10-03T21:57:30.991-0400] {dag.py:4180} INFO - Setting next_dagrun for example_display_name to None, run_after=None
[2024-10-03T21:57:31.574-0400] {processor.py:208} INFO - Processing /home/patrick/.cache/pypoetry/virtualenvs/airflow-wPbgcfzP-py3.10/lib/python3.10/site-packages/airflow/example_dags/example_display_name.py took 4.487 seconds
[2024-10-03T22:01:39.570-0400] {processor.py:186} INFO - Started process (PID=21293) to work on /home/patrick/.cache/pypoetry/virtualenvs/airflow-wPbgcfzP-py3.10/lib/python3.10/site-packages/airflow/example_dags/example_display_name.py
[2024-10-03T22:01:39.571-0400] {processor.py:914} INFO - Processing file /home/patrick/.cache/pypoetry/virtualenvs/airflow-wPbgcfzP-py3.10/lib/python3.10/site-packages/airflow/example_dags/example_display_name.py for tasks to queue
[2024-10-03T22:01:39.572-0400] {logging_mixin.py:190} INFO - [2024-10-03T22:01:39.572-0400] {dagbag.py:588} INFO - Filling up the DagBag from /home/patrick/.cache/pypoetry/virtualenvs/airflow-wPbgcfzP-py3.10/lib/python3.10/site-packages/airflow/example_dags/example_display_name.py
[2024-10-03T22:01:39.577-0400] {processor.py:925} INFO - DAG(s) 'example_display_name' retrieved from /home/patrick/.cache/pypoetry/virtualenvs/airflow-wPbgcfzP-py3.10/lib/python3.10/site-packages/airflow/example_dags/example_display_name.py
[2024-10-03T22:01:44.836-0400] {logging_mixin.py:190} INFO - [2024-10-03T22:01:44.836-0400] {dag.py:3239} INFO - Sync 1 DAGs
[2024-10-03T22:01:44.984-0400] {logging_mixin.py:190} INFO - [2024-10-03T22:01:44.983-0400] {dag.py:4180} INFO - Setting next_dagrun for example_display_name to None, run_after=None
[2024-10-03T22:01:45.759-0400] {processor.py:208} INFO - Processing /home/patrick/.cache/pypoetry/virtualenvs/airflow-wPbgcfzP-py3.10/lib/python3.10/site-packages/airflow/example_dags/example_display_name.py took 6.193 seconds
[2024-10-03T22:06:11.006-0400] {processor.py:186} INFO - Started process (PID=22450) to work on /home/patrick/.cache/pypoetry/virtualenvs/airflow-wPbgcfzP-py3.10/lib/python3.10/site-packages/airflow/example_dags/example_display_name.py
[2024-10-03T22:06:11.007-0400] {processor.py:914} INFO - Processing file /home/patrick/.cache/pypoetry/virtualenvs/airflow-wPbgcfzP-py3.10/lib/python3.10/site-packages/airflow/example_dags/example_display_name.py for tasks to queue
[2024-10-03T22:06:11.009-0400] {logging_mixin.py:190} INFO - [2024-10-03T22:06:11.008-0400] {dagbag.py:588} INFO - Filling up the DagBag from /home/patrick/.cache/pypoetry/virtualenvs/airflow-wPbgcfzP-py3.10/lib/python3.10/site-packages/airflow/example_dags/example_display_name.py
[2024-10-03T22:06:11.013-0400] {processor.py:925} INFO - DAG(s) 'example_display_name' retrieved from /home/patrick/.cache/pypoetry/virtualenvs/airflow-wPbgcfzP-py3.10/lib/python3.10/site-packages/airflow/example_dags/example_display_name.py
[2024-10-03T22:06:23.211-0400] {logging_mixin.py:190} INFO - [2024-10-03T22:06:23.210-0400] {dag.py:3239} INFO - Sync 1 DAGs
[2024-10-03T22:06:23.330-0400] {logging_mixin.py:190} INFO - [2024-10-03T22:06:23.330-0400] {dag.py:4180} INFO - Setting next_dagrun for example_display_name to None, run_after=None
[2024-10-03T22:06:24.523-0400] {processor.py:208} INFO - Processing /home/patrick/.cache/pypoetry/virtualenvs/airflow-wPbgcfzP-py3.10/lib/python3.10/site-packages/airflow/example_dags/example_display_name.py took 13.520 seconds
[2024-10-03T22:11:35.945-0400] {processor.py:186} INFO - Started process (PID=23906) to work on /home/patrick/.cache/pypoetry/virtualenvs/airflow-wPbgcfzP-py3.10/lib/python3.10/site-packages/airflow/example_dags/example_display_name.py
[2024-10-03T22:11:35.948-0400] {processor.py:914} INFO - Processing file /home/patrick/.cache/pypoetry/virtualenvs/airflow-wPbgcfzP-py3.10/lib/python3.10/site-packages/airflow/example_dags/example_display_name.py for tasks to queue
[2024-10-03T22:11:35.953-0400] {logging_mixin.py:190} INFO - [2024-10-03T22:11:35.952-0400] {dagbag.py:588} INFO - Filling up the DagBag from /home/patrick/.cache/pypoetry/virtualenvs/airflow-wPbgcfzP-py3.10/lib/python3.10/site-packages/airflow/example_dags/example_display_name.py
[2024-10-03T22:11:35.960-0400] {processor.py:925} INFO - DAG(s) 'example_display_name' retrieved from /home/patrick/.cache/pypoetry/virtualenvs/airflow-wPbgcfzP-py3.10/lib/python3.10/site-packages/airflow/example_dags/example_display_name.py
[2024-10-03T22:11:38.882-0400] {logging_mixin.py:190} INFO - [2024-10-03T22:11:38.882-0400] {dag.py:3239} INFO - Sync 1 DAGs
[2024-10-03T22:11:38.985-0400] {logging_mixin.py:190} INFO - [2024-10-03T22:11:38.984-0400] {dag.py:4180} INFO - Setting next_dagrun for example_display_name to None, run_after=None
[2024-10-03T22:11:39.585-0400] {processor.py:208} INFO - Processing /home/patrick/.cache/pypoetry/virtualenvs/airflow-wPbgcfzP-py3.10/lib/python3.10/site-packages/airflow/example_dags/example_display_name.py took 3.643 seconds
[2024-10-03T22:15:29.080-0400] {processor.py:186} INFO - Started process (PID=24962) to work on /home/patrick/.cache/pypoetry/virtualenvs/airflow-wPbgcfzP-py3.10/lib/python3.10/site-packages/airflow/example_dags/example_display_name.py
[2024-10-03T22:15:29.081-0400] {processor.py:914} INFO - Processing file /home/patrick/.cache/pypoetry/virtualenvs/airflow-wPbgcfzP-py3.10/lib/python3.10/site-packages/airflow/example_dags/example_display_name.py for tasks to queue
[2024-10-03T22:15:29.084-0400] {logging_mixin.py:190} INFO - [2024-10-03T22:15:29.084-0400] {dagbag.py:588} INFO - Filling up the DagBag from /home/patrick/.cache/pypoetry/virtualenvs/airflow-wPbgcfzP-py3.10/lib/python3.10/site-packages/airflow/example_dags/example_display_name.py
[2024-10-03T22:15:29.088-0400] {processor.py:925} INFO - DAG(s) 'example_display_name' retrieved from /home/patrick/.cache/pypoetry/virtualenvs/airflow-wPbgcfzP-py3.10/lib/python3.10/site-packages/airflow/example_dags/example_display_name.py
[2024-10-03T22:15:37.424-0400] {logging_mixin.py:190} INFO - [2024-10-03T22:15:37.423-0400] {dag.py:3239} INFO - Sync 1 DAGs
[2024-10-03T22:15:37.514-0400] {logging_mixin.py:190} INFO - [2024-10-03T22:15:37.514-0400] {dag.py:4180} INFO - Setting next_dagrun for example_display_name to None, run_after=None
[2024-10-03T22:15:38.288-0400] {processor.py:208} INFO - Processing /home/patrick/.cache/pypoetry/virtualenvs/airflow-wPbgcfzP-py3.10/lib/python3.10/site-packages/airflow/example_dags/example_display_name.py took 9.211 seconds
[2024-10-03T22:21:29.549-0400] {processor.py:186} INFO - Started process (PID=26572) to work on /home/patrick/.cache/pypoetry/virtualenvs/airflow-wPbgcfzP-py3.10/lib/python3.10/site-packages/airflow/example_dags/example_display_name.py
[2024-10-03T22:21:29.550-0400] {processor.py:914} INFO - Processing file /home/patrick/.cache/pypoetry/virtualenvs/airflow-wPbgcfzP-py3.10/lib/python3.10/site-packages/airflow/example_dags/example_display_name.py for tasks to queue
[2024-10-03T22:21:29.552-0400] {logging_mixin.py:190} INFO - [2024-10-03T22:21:29.551-0400] {dagbag.py:588} INFO - Filling up the DagBag from /home/patrick/.cache/pypoetry/virtualenvs/airflow-wPbgcfzP-py3.10/lib/python3.10/site-packages/airflow/example_dags/example_display_name.py
[2024-10-03T22:21:29.557-0400] {processor.py:925} INFO - DAG(s) 'example_display_name' retrieved from /home/patrick/.cache/pypoetry/virtualenvs/airflow-wPbgcfzP-py3.10/lib/python3.10/site-packages/airflow/example_dags/example_display_name.py
[2024-10-03T22:21:32.725-0400] {logging_mixin.py:190} INFO - [2024-10-03T22:21:32.724-0400] {dag.py:3239} INFO - Sync 1 DAGs
[2024-10-03T22:21:32.846-0400] {logging_mixin.py:190} INFO - [2024-10-03T22:21:32.845-0400] {dag.py:4180} INFO - Setting next_dagrun for example_display_name to None, run_after=None
[2024-10-03T22:21:33.577-0400] {processor.py:208} INFO - Processing /home/patrick/.cache/pypoetry/virtualenvs/airflow-wPbgcfzP-py3.10/lib/python3.10/site-packages/airflow/example_dags/example_display_name.py took 4.031 seconds
[2024-10-03T22:26:18.232-0400] {processor.py:186} INFO - Started process (PID=27888) to work on /home/patrick/.cache/pypoetry/virtualenvs/airflow-wPbgcfzP-py3.10/lib/python3.10/site-packages/airflow/example_dags/example_display_name.py
[2024-10-03T22:26:18.234-0400] {processor.py:914} INFO - Processing file /home/patrick/.cache/pypoetry/virtualenvs/airflow-wPbgcfzP-py3.10/lib/python3.10/site-packages/airflow/example_dags/example_display_name.py for tasks to queue
[2024-10-03T22:26:18.235-0400] {logging_mixin.py:190} INFO - [2024-10-03T22:26:18.235-0400] {dagbag.py:588} INFO - Filling up the DagBag from /home/patrick/.cache/pypoetry/virtualenvs/airflow-wPbgcfzP-py3.10/lib/python3.10/site-packages/airflow/example_dags/example_display_name.py
[2024-10-03T22:26:18.240-0400] {processor.py:925} INFO - DAG(s) 'example_display_name' retrieved from /home/patrick/.cache/pypoetry/virtualenvs/airflow-wPbgcfzP-py3.10/lib/python3.10/site-packages/airflow/example_dags/example_display_name.py
[2024-10-03T22:26:28.203-0400] {logging_mixin.py:190} INFO - [2024-10-03T22:26:28.203-0400] {dag.py:3239} INFO - Sync 1 DAGs
[2024-10-03T22:26:28.486-0400] {logging_mixin.py:190} INFO - [2024-10-03T22:26:28.485-0400] {dag.py:4180} INFO - Setting next_dagrun for example_display_name to None, run_after=None
[2024-10-03T22:26:29.457-0400] {processor.py:208} INFO - Processing /home/patrick/.cache/pypoetry/virtualenvs/airflow-wPbgcfzP-py3.10/lib/python3.10/site-packages/airflow/example_dags/example_display_name.py took 11.229 seconds
[2024-10-03T22:33:35.164-0400] {processor.py:186} INFO - Started process (PID=29820) to work on /home/patrick/.cache/pypoetry/virtualenvs/airflow-wPbgcfzP-py3.10/lib/python3.10/site-packages/airflow/example_dags/example_display_name.py
[2024-10-03T22:33:35.165-0400] {processor.py:914} INFO - Processing file /home/patrick/.cache/pypoetry/virtualenvs/airflow-wPbgcfzP-py3.10/lib/python3.10/site-packages/airflow/example_dags/example_display_name.py for tasks to queue
[2024-10-03T22:33:35.167-0400] {logging_mixin.py:190} INFO - [2024-10-03T22:33:35.167-0400] {dagbag.py:588} INFO - Filling up the DagBag from /home/patrick/.cache/pypoetry/virtualenvs/airflow-wPbgcfzP-py3.10/lib/python3.10/site-packages/airflow/example_dags/example_display_name.py
[2024-10-03T22:33:35.172-0400] {processor.py:925} INFO - DAG(s) 'example_display_name' retrieved from /home/patrick/.cache/pypoetry/virtualenvs/airflow-wPbgcfzP-py3.10/lib/python3.10/site-packages/airflow/example_dags/example_display_name.py
[2024-10-03T22:33:39.113-0400] {logging_mixin.py:190} INFO - [2024-10-03T22:33:39.112-0400] {dag.py:3239} INFO - Sync 1 DAGs
[2024-10-03T22:33:39.158-0400] {logging_mixin.py:190} INFO - [2024-10-03T22:33:39.158-0400] {dag.py:4180} INFO - Setting next_dagrun for example_display_name to None, run_after=None
[2024-10-03T22:33:39.736-0400] {processor.py:208} INFO - Processing /home/patrick/.cache/pypoetry/virtualenvs/airflow-wPbgcfzP-py3.10/lib/python3.10/site-packages/airflow/example_dags/example_display_name.py took 4.576 seconds
[2024-10-03T22:39:11.524-0400] {processor.py:186} INFO - Started process (PID=31384) to work on /home/patrick/.cache/pypoetry/virtualenvs/airflow-wPbgcfzP-py3.10/lib/python3.10/site-packages/airflow/example_dags/example_display_name.py
[2024-10-03T22:39:11.525-0400] {processor.py:914} INFO - Processing file /home/patrick/.cache/pypoetry/virtualenvs/airflow-wPbgcfzP-py3.10/lib/python3.10/site-packages/airflow/example_dags/example_display_name.py for tasks to queue
[2024-10-03T22:39:11.527-0400] {logging_mixin.py:190} INFO - [2024-10-03T22:39:11.527-0400] {dagbag.py:588} INFO - Filling up the DagBag from /home/patrick/.cache/pypoetry/virtualenvs/airflow-wPbgcfzP-py3.10/lib/python3.10/site-packages/airflow/example_dags/example_display_name.py
[2024-10-03T22:39:11.533-0400] {processor.py:925} INFO - DAG(s) 'example_display_name' retrieved from /home/patrick/.cache/pypoetry/virtualenvs/airflow-wPbgcfzP-py3.10/lib/python3.10/site-packages/airflow/example_dags/example_display_name.py
[2024-10-03T22:39:18.093-0400] {logging_mixin.py:190} INFO - [2024-10-03T22:39:18.093-0400] {dag.py:3239} INFO - Sync 1 DAGs
[2024-10-03T22:39:18.229-0400] {logging_mixin.py:190} INFO - [2024-10-03T22:39:18.229-0400] {dag.py:4180} INFO - Setting next_dagrun for example_display_name to None, run_after=None
[2024-10-03T22:39:18.963-0400] {processor.py:208} INFO - Processing /home/patrick/.cache/pypoetry/virtualenvs/airflow-wPbgcfzP-py3.10/lib/python3.10/site-packages/airflow/example_dags/example_display_name.py took 7.443 seconds
[2024-10-03T22:43:06.724-0400] {processor.py:186} INFO - Started process (PID=32463) to work on /home/patrick/.cache/pypoetry/virtualenvs/airflow-wPbgcfzP-py3.10/lib/python3.10/site-packages/airflow/example_dags/example_display_name.py
[2024-10-03T22:43:06.725-0400] {processor.py:914} INFO - Processing file /home/patrick/.cache/pypoetry/virtualenvs/airflow-wPbgcfzP-py3.10/lib/python3.10/site-packages/airflow/example_dags/example_display_name.py for tasks to queue
[2024-10-03T22:43:06.727-0400] {logging_mixin.py:190} INFO - [2024-10-03T22:43:06.727-0400] {dagbag.py:588} INFO - Filling up the DagBag from /home/patrick/.cache/pypoetry/virtualenvs/airflow-wPbgcfzP-py3.10/lib/python3.10/site-packages/airflow/example_dags/example_display_name.py
[2024-10-03T22:43:06.731-0400] {processor.py:925} INFO - DAG(s) 'example_display_name' retrieved from /home/patrick/.cache/pypoetry/virtualenvs/airflow-wPbgcfzP-py3.10/lib/python3.10/site-packages/airflow/example_dags/example_display_name.py
[2024-10-03T22:43:13.436-0400] {logging_mixin.py:190} INFO - [2024-10-03T22:43:13.435-0400] {dag.py:3239} INFO - Sync 1 DAGs
[2024-10-03T22:43:13.691-0400] {logging_mixin.py:190} INFO - [2024-10-03T22:43:13.691-0400] {dag.py:4180} INFO - Setting next_dagrun for example_display_name to None, run_after=None
[2024-10-03T22:43:14.672-0400] {processor.py:208} INFO - Processing /home/patrick/.cache/pypoetry/virtualenvs/airflow-wPbgcfzP-py3.10/lib/python3.10/site-packages/airflow/example_dags/example_display_name.py took 7.951 seconds
[2024-10-03T22:49:18.203-0400] {processor.py:186} INFO - Started process (PID=34200) to work on /home/patrick/.cache/pypoetry/virtualenvs/airflow-wPbgcfzP-py3.10/lib/python3.10/site-packages/airflow/example_dags/example_display_name.py
[2024-10-03T22:49:18.204-0400] {processor.py:914} INFO - Processing file /home/patrick/.cache/pypoetry/virtualenvs/airflow-wPbgcfzP-py3.10/lib/python3.10/site-packages/airflow/example_dags/example_display_name.py for tasks to queue
[2024-10-03T22:49:18.205-0400] {logging_mixin.py:190} INFO - [2024-10-03T22:49:18.205-0400] {dagbag.py:588} INFO - Filling up the DagBag from /home/patrick/.cache/pypoetry/virtualenvs/airflow-wPbgcfzP-py3.10/lib/python3.10/site-packages/airflow/example_dags/example_display_name.py
[2024-10-03T22:49:18.211-0400] {processor.py:925} INFO - DAG(s) 'example_display_name' retrieved from /home/patrick/.cache/pypoetry/virtualenvs/airflow-wPbgcfzP-py3.10/lib/python3.10/site-packages/airflow/example_dags/example_display_name.py
[2024-10-03T22:49:24.040-0400] {logging_mixin.py:190} INFO - [2024-10-03T22:49:24.039-0400] {dag.py:3239} INFO - Sync 1 DAGs
[2024-10-03T22:49:24.216-0400] {logging_mixin.py:190} INFO - [2024-10-03T22:49:24.216-0400] {dag.py:4180} INFO - Setting next_dagrun for example_display_name to None, run_after=None
[2024-10-03T22:49:24.995-0400] {processor.py:208} INFO - Processing /home/patrick/.cache/pypoetry/virtualenvs/airflow-wPbgcfzP-py3.10/lib/python3.10/site-packages/airflow/example_dags/example_display_name.py took 6.796 seconds
[2024-10-03T22:58:00.684-0400] {processor.py:186} INFO - Started process (PID=36666) to work on /home/patrick/.cache/pypoetry/virtualenvs/airflow-wPbgcfzP-py3.10/lib/python3.10/site-packages/airflow/example_dags/example_display_name.py
[2024-10-03T22:58:00.685-0400] {processor.py:914} INFO - Processing file /home/patrick/.cache/pypoetry/virtualenvs/airflow-wPbgcfzP-py3.10/lib/python3.10/site-packages/airflow/example_dags/example_display_name.py for tasks to queue
[2024-10-03T22:58:00.686-0400] {logging_mixin.py:190} INFO - [2024-10-03T22:58:00.686-0400] {dagbag.py:588} INFO - Filling up the DagBag from /home/patrick/.cache/pypoetry/virtualenvs/airflow-wPbgcfzP-py3.10/lib/python3.10/site-packages/airflow/example_dags/example_display_name.py
[2024-10-03T22:58:00.691-0400] {processor.py:925} INFO - DAG(s) 'example_display_name' retrieved from /home/patrick/.cache/pypoetry/virtualenvs/airflow-wPbgcfzP-py3.10/lib/python3.10/site-packages/airflow/example_dags/example_display_name.py
[2024-10-03T22:58:09.435-0400] {logging_mixin.py:190} INFO - [2024-10-03T22:58:09.434-0400] {dag.py:3239} INFO - Sync 1 DAGs
[2024-10-03T22:58:10.315-0400] {logging_mixin.py:190} INFO - [2024-10-03T22:58:10.315-0400] {dag.py:4180} INFO - Setting next_dagrun for example_display_name to None, run_after=None
[2024-10-03T22:58:11.724-0400] {processor.py:208} INFO - Processing /home/patrick/.cache/pypoetry/virtualenvs/airflow-wPbgcfzP-py3.10/lib/python3.10/site-packages/airflow/example_dags/example_display_name.py took 11.044 seconds
[2024-10-03T23:02:32.928-0400] {processor.py:186} INFO - Started process (PID=37880) to work on /home/patrick/.cache/pypoetry/virtualenvs/airflow-wPbgcfzP-py3.10/lib/python3.10/site-packages/airflow/example_dags/example_display_name.py
[2024-10-03T23:02:32.929-0400] {processor.py:914} INFO - Processing file /home/patrick/.cache/pypoetry/virtualenvs/airflow-wPbgcfzP-py3.10/lib/python3.10/site-packages/airflow/example_dags/example_display_name.py for tasks to queue
[2024-10-03T23:02:32.931-0400] {logging_mixin.py:190} INFO - [2024-10-03T23:02:32.930-0400] {dagbag.py:588} INFO - Filling up the DagBag from /home/patrick/.cache/pypoetry/virtualenvs/airflow-wPbgcfzP-py3.10/lib/python3.10/site-packages/airflow/example_dags/example_display_name.py
[2024-10-03T23:02:32.936-0400] {processor.py:925} INFO - DAG(s) 'example_display_name' retrieved from /home/patrick/.cache/pypoetry/virtualenvs/airflow-wPbgcfzP-py3.10/lib/python3.10/site-packages/airflow/example_dags/example_display_name.py
[2024-10-03T23:02:42.329-0400] {logging_mixin.py:190} INFO - [2024-10-03T23:02:42.328-0400] {dag.py:3239} INFO - Sync 1 DAGs
[2024-10-03T23:02:42.564-0400] {logging_mixin.py:190} INFO - [2024-10-03T23:02:42.563-0400] {dag.py:4180} INFO - Setting next_dagrun for example_display_name to None, run_after=None
[2024-10-03T23:02:43.177-0400] {processor.py:208} INFO - Processing /home/patrick/.cache/pypoetry/virtualenvs/airflow-wPbgcfzP-py3.10/lib/python3.10/site-packages/airflow/example_dags/example_display_name.py took 10.253 seconds
[2024-10-03T23:08:59.129-0400] {processor.py:186} INFO - Started process (PID=39579) to work on /home/patrick/.cache/pypoetry/virtualenvs/airflow-wPbgcfzP-py3.10/lib/python3.10/site-packages/airflow/example_dags/example_display_name.py
[2024-10-03T23:08:59.131-0400] {processor.py:914} INFO - Processing file /home/patrick/.cache/pypoetry/virtualenvs/airflow-wPbgcfzP-py3.10/lib/python3.10/site-packages/airflow/example_dags/example_display_name.py for tasks to queue
[2024-10-03T23:08:59.132-0400] {logging_mixin.py:190} INFO - [2024-10-03T23:08:59.132-0400] {dagbag.py:588} INFO - Filling up the DagBag from /home/patrick/.cache/pypoetry/virtualenvs/airflow-wPbgcfzP-py3.10/lib/python3.10/site-packages/airflow/example_dags/example_display_name.py
[2024-10-03T23:08:59.138-0400] {processor.py:925} INFO - DAG(s) 'example_display_name' retrieved from /home/patrick/.cache/pypoetry/virtualenvs/airflow-wPbgcfzP-py3.10/lib/python3.10/site-packages/airflow/example_dags/example_display_name.py
[2024-10-03T23:09:01.603-0400] {logging_mixin.py:190} INFO - [2024-10-03T23:09:01.603-0400] {dag.py:3239} INFO - Sync 1 DAGs
[2024-10-03T23:09:01.867-0400] {logging_mixin.py:190} INFO - [2024-10-03T23:09:01.867-0400] {dag.py:4180} INFO - Setting next_dagrun for example_display_name to None, run_after=None
[2024-10-03T23:09:02.747-0400] {processor.py:208} INFO - Processing /home/patrick/.cache/pypoetry/virtualenvs/airflow-wPbgcfzP-py3.10/lib/python3.10/site-packages/airflow/example_dags/example_display_name.py took 3.622 seconds
[2024-10-03T23:13:21.154-0400] {processor.py:186} INFO - Started process (PID=40725) to work on /home/patrick/.cache/pypoetry/virtualenvs/airflow-wPbgcfzP-py3.10/lib/python3.10/site-packages/airflow/example_dags/example_display_name.py
[2024-10-03T23:13:21.155-0400] {processor.py:914} INFO - Processing file /home/patrick/.cache/pypoetry/virtualenvs/airflow-wPbgcfzP-py3.10/lib/python3.10/site-packages/airflow/example_dags/example_display_name.py for tasks to queue
[2024-10-03T23:13:21.156-0400] {logging_mixin.py:190} INFO - [2024-10-03T23:13:21.156-0400] {dagbag.py:588} INFO - Filling up the DagBag from /home/patrick/.cache/pypoetry/virtualenvs/airflow-wPbgcfzP-py3.10/lib/python3.10/site-packages/airflow/example_dags/example_display_name.py
[2024-10-03T23:13:21.162-0400] {processor.py:925} INFO - DAG(s) 'example_display_name' retrieved from /home/patrick/.cache/pypoetry/virtualenvs/airflow-wPbgcfzP-py3.10/lib/python3.10/site-packages/airflow/example_dags/example_display_name.py
[2024-10-03T23:13:26.435-0400] {logging_mixin.py:190} INFO - [2024-10-03T23:13:26.435-0400] {dag.py:3239} INFO - Sync 1 DAGs
[2024-10-03T23:13:26.552-0400] {logging_mixin.py:190} INFO - [2024-10-03T23:13:26.551-0400] {dag.py:4180} INFO - Setting next_dagrun for example_display_name to None, run_after=None
[2024-10-03T23:13:27.223-0400] {processor.py:208} INFO - Processing /home/patrick/.cache/pypoetry/virtualenvs/airflow-wPbgcfzP-py3.10/lib/python3.10/site-packages/airflow/example_dags/example_display_name.py took 6.073 seconds
[2024-10-03T23:17:48.949-0400] {processor.py:186} INFO - Started process (PID=41880) to work on /home/patrick/.cache/pypoetry/virtualenvs/airflow-wPbgcfzP-py3.10/lib/python3.10/site-packages/airflow/example_dags/example_display_name.py
[2024-10-03T23:17:48.949-0400] {processor.py:914} INFO - Processing file /home/patrick/.cache/pypoetry/virtualenvs/airflow-wPbgcfzP-py3.10/lib/python3.10/site-packages/airflow/example_dags/example_display_name.py for tasks to queue
[2024-10-03T23:17:48.951-0400] {logging_mixin.py:190} INFO - [2024-10-03T23:17:48.951-0400] {dagbag.py:588} INFO - Filling up the DagBag from /home/patrick/.cache/pypoetry/virtualenvs/airflow-wPbgcfzP-py3.10/lib/python3.10/site-packages/airflow/example_dags/example_display_name.py
[2024-10-03T23:17:48.956-0400] {processor.py:925} INFO - DAG(s) 'example_display_name' retrieved from /home/patrick/.cache/pypoetry/virtualenvs/airflow-wPbgcfzP-py3.10/lib/python3.10/site-packages/airflow/example_dags/example_display_name.py
[2024-10-03T23:17:50.347-0400] {logging_mixin.py:190} INFO - [2024-10-03T23:17:50.347-0400] {dag.py:3239} INFO - Sync 1 DAGs
[2024-10-03T23:17:50.554-0400] {logging_mixin.py:190} INFO - [2024-10-03T23:17:50.554-0400] {dag.py:4180} INFO - Setting next_dagrun for example_display_name to None, run_after=None
[2024-10-03T23:17:51.208-0400] {processor.py:208} INFO - Processing /home/patrick/.cache/pypoetry/virtualenvs/airflow-wPbgcfzP-py3.10/lib/python3.10/site-packages/airflow/example_dags/example_display_name.py took 2.263 seconds
[2024-10-03T23:22:32.211-0400] {processor.py:186} INFO - Started process (PID=43120) to work on /home/patrick/.cache/pypoetry/virtualenvs/airflow-wPbgcfzP-py3.10/lib/python3.10/site-packages/airflow/example_dags/example_display_name.py
[2024-10-03T23:22:32.212-0400] {processor.py:914} INFO - Processing file /home/patrick/.cache/pypoetry/virtualenvs/airflow-wPbgcfzP-py3.10/lib/python3.10/site-packages/airflow/example_dags/example_display_name.py for tasks to queue
[2024-10-03T23:22:32.214-0400] {logging_mixin.py:190} INFO - [2024-10-03T23:22:32.214-0400] {dagbag.py:588} INFO - Filling up the DagBag from /home/patrick/.cache/pypoetry/virtualenvs/airflow-wPbgcfzP-py3.10/lib/python3.10/site-packages/airflow/example_dags/example_display_name.py
[2024-10-03T23:22:32.218-0400] {processor.py:925} INFO - DAG(s) 'example_display_name' retrieved from /home/patrick/.cache/pypoetry/virtualenvs/airflow-wPbgcfzP-py3.10/lib/python3.10/site-packages/airflow/example_dags/example_display_name.py
[2024-10-03T23:22:46.786-0400] {logging_mixin.py:190} INFO - [2024-10-03T23:22:46.786-0400] {dag.py:3239} INFO - Sync 1 DAGs
[2024-10-03T23:22:47.255-0400] {logging_mixin.py:190} INFO - [2024-10-03T23:22:47.255-0400] {dag.py:4180} INFO - Setting next_dagrun for example_display_name to None, run_after=None
[2024-10-03T23:22:48.321-0400] {processor.py:208} INFO - Processing /home/patrick/.cache/pypoetry/virtualenvs/airflow-wPbgcfzP-py3.10/lib/python3.10/site-packages/airflow/example_dags/example_display_name.py took 16.113 seconds
[2024-10-03T23:27:44.428-0400] {processor.py:186} INFO - Started process (PID=44446) to work on /home/patrick/.cache/pypoetry/virtualenvs/airflow-wPbgcfzP-py3.10/lib/python3.10/site-packages/airflow/example_dags/example_display_name.py
[2024-10-03T23:27:44.428-0400] {processor.py:914} INFO - Processing file /home/patrick/.cache/pypoetry/virtualenvs/airflow-wPbgcfzP-py3.10/lib/python3.10/site-packages/airflow/example_dags/example_display_name.py for tasks to queue
[2024-10-03T23:27:44.430-0400] {logging_mixin.py:190} INFO - [2024-10-03T23:27:44.430-0400] {dagbag.py:588} INFO - Filling up the DagBag from /home/patrick/.cache/pypoetry/virtualenvs/airflow-wPbgcfzP-py3.10/lib/python3.10/site-packages/airflow/example_dags/example_display_name.py
[2024-10-03T23:27:44.435-0400] {processor.py:925} INFO - DAG(s) 'example_display_name' retrieved from /home/patrick/.cache/pypoetry/virtualenvs/airflow-wPbgcfzP-py3.10/lib/python3.10/site-packages/airflow/example_dags/example_display_name.py
[2024-10-03T23:27:47.152-0400] {logging_mixin.py:190} INFO - [2024-10-03T23:27:47.152-0400] {dag.py:3239} INFO - Sync 1 DAGs
[2024-10-03T23:27:47.302-0400] {logging_mixin.py:190} INFO - [2024-10-03T23:27:47.302-0400] {dag.py:4180} INFO - Setting next_dagrun for example_display_name to None, run_after=None
[2024-10-03T23:27:47.932-0400] {processor.py:208} INFO - Processing /home/patrick/.cache/pypoetry/virtualenvs/airflow-wPbgcfzP-py3.10/lib/python3.10/site-packages/airflow/example_dags/example_display_name.py took 3.509 seconds
[2024-10-03T23:32:14.791-0400] {processor.py:186} INFO - Started process (PID=45650) to work on /home/patrick/.cache/pypoetry/virtualenvs/airflow-wPbgcfzP-py3.10/lib/python3.10/site-packages/airflow/example_dags/example_display_name.py
[2024-10-03T23:32:14.792-0400] {processor.py:914} INFO - Processing file /home/patrick/.cache/pypoetry/virtualenvs/airflow-wPbgcfzP-py3.10/lib/python3.10/site-packages/airflow/example_dags/example_display_name.py for tasks to queue
[2024-10-03T23:32:14.794-0400] {logging_mixin.py:190} INFO - [2024-10-03T23:32:14.793-0400] {dagbag.py:588} INFO - Filling up the DagBag from /home/patrick/.cache/pypoetry/virtualenvs/airflow-wPbgcfzP-py3.10/lib/python3.10/site-packages/airflow/example_dags/example_display_name.py
[2024-10-03T23:32:14.798-0400] {processor.py:925} INFO - DAG(s) 'example_display_name' retrieved from /home/patrick/.cache/pypoetry/virtualenvs/airflow-wPbgcfzP-py3.10/lib/python3.10/site-packages/airflow/example_dags/example_display_name.py
[2024-10-03T23:32:21.895-0400] {logging_mixin.py:190} INFO - [2024-10-03T23:32:21.895-0400] {dag.py:3239} INFO - Sync 1 DAGs
[2024-10-03T23:32:21.966-0400] {logging_mixin.py:190} INFO - [2024-10-03T23:32:21.966-0400] {dag.py:4180} INFO - Setting next_dagrun for example_display_name to None, run_after=None
[2024-10-03T23:32:22.578-0400] {processor.py:208} INFO - Processing /home/patrick/.cache/pypoetry/virtualenvs/airflow-wPbgcfzP-py3.10/lib/python3.10/site-packages/airflow/example_dags/example_display_name.py took 7.791 seconds
[2024-10-03T23:36:36.295-0400] {processor.py:186} INFO - Started process (PID=46777) to work on /home/patrick/.cache/pypoetry/virtualenvs/airflow-wPbgcfzP-py3.10/lib/python3.10/site-packages/airflow/example_dags/example_display_name.py
[2024-10-03T23:36:36.296-0400] {processor.py:914} INFO - Processing file /home/patrick/.cache/pypoetry/virtualenvs/airflow-wPbgcfzP-py3.10/lib/python3.10/site-packages/airflow/example_dags/example_display_name.py for tasks to queue
[2024-10-03T23:36:36.298-0400] {logging_mixin.py:190} INFO - [2024-10-03T23:36:36.297-0400] {dagbag.py:588} INFO - Filling up the DagBag from /home/patrick/.cache/pypoetry/virtualenvs/airflow-wPbgcfzP-py3.10/lib/python3.10/site-packages/airflow/example_dags/example_display_name.py
[2024-10-03T23:36:36.303-0400] {processor.py:925} INFO - DAG(s) 'example_display_name' retrieved from /home/patrick/.cache/pypoetry/virtualenvs/airflow-wPbgcfzP-py3.10/lib/python3.10/site-packages/airflow/example_dags/example_display_name.py
[2024-10-03T23:36:42.424-0400] {logging_mixin.py:190} INFO - [2024-10-03T23:36:42.424-0400] {dag.py:3239} INFO - Sync 1 DAGs
[2024-10-03T23:36:42.846-0400] {logging_mixin.py:190} INFO - [2024-10-03T23:36:42.846-0400] {dag.py:4180} INFO - Setting next_dagrun for example_display_name to None, run_after=None
[2024-10-03T23:36:43.468-0400] {processor.py:208} INFO - Processing /home/patrick/.cache/pypoetry/virtualenvs/airflow-wPbgcfzP-py3.10/lib/python3.10/site-packages/airflow/example_dags/example_display_name.py took 7.177 seconds
[2024-10-03T23:40:39.500-0400] {processor.py:186} INFO - Started process (PID=47824) to work on /home/patrick/.cache/pypoetry/virtualenvs/airflow-wPbgcfzP-py3.10/lib/python3.10/site-packages/airflow/example_dags/example_display_name.py
[2024-10-03T23:40:39.501-0400] {processor.py:914} INFO - Processing file /home/patrick/.cache/pypoetry/virtualenvs/airflow-wPbgcfzP-py3.10/lib/python3.10/site-packages/airflow/example_dags/example_display_name.py for tasks to queue
[2024-10-03T23:40:39.503-0400] {logging_mixin.py:190} INFO - [2024-10-03T23:40:39.503-0400] {dagbag.py:588} INFO - Filling up the DagBag from /home/patrick/.cache/pypoetry/virtualenvs/airflow-wPbgcfzP-py3.10/lib/python3.10/site-packages/airflow/example_dags/example_display_name.py
[2024-10-03T23:40:39.508-0400] {processor.py:925} INFO - DAG(s) 'example_display_name' retrieved from /home/patrick/.cache/pypoetry/virtualenvs/airflow-wPbgcfzP-py3.10/lib/python3.10/site-packages/airflow/example_dags/example_display_name.py
[2024-10-03T23:40:42.847-0400] {logging_mixin.py:190} INFO - [2024-10-03T23:40:42.847-0400] {dag.py:3239} INFO - Sync 1 DAGs
[2024-10-03T23:40:43.418-0400] {logging_mixin.py:190} INFO - [2024-10-03T23:40:43.418-0400] {dag.py:4180} INFO - Setting next_dagrun for example_display_name to None, run_after=None
[2024-10-03T23:40:44.127-0400] {processor.py:208} INFO - Processing /home/patrick/.cache/pypoetry/virtualenvs/airflow-wPbgcfzP-py3.10/lib/python3.10/site-packages/airflow/example_dags/example_display_name.py took 4.631 seconds
[2024-10-03T23:44:55.764-0400] {processor.py:186} INFO - Started process (PID=48932) to work on /home/patrick/.cache/pypoetry/virtualenvs/airflow-wPbgcfzP-py3.10/lib/python3.10/site-packages/airflow/example_dags/example_display_name.py
[2024-10-03T23:44:55.765-0400] {processor.py:914} INFO - Processing file /home/patrick/.cache/pypoetry/virtualenvs/airflow-wPbgcfzP-py3.10/lib/python3.10/site-packages/airflow/example_dags/example_display_name.py for tasks to queue
[2024-10-03T23:44:55.767-0400] {logging_mixin.py:190} INFO - [2024-10-03T23:44:55.767-0400] {dagbag.py:588} INFO - Filling up the DagBag from /home/patrick/.cache/pypoetry/virtualenvs/airflow-wPbgcfzP-py3.10/lib/python3.10/site-packages/airflow/example_dags/example_display_name.py
[2024-10-03T23:44:55.773-0400] {processor.py:925} INFO - DAG(s) 'example_display_name' retrieved from /home/patrick/.cache/pypoetry/virtualenvs/airflow-wPbgcfzP-py3.10/lib/python3.10/site-packages/airflow/example_dags/example_display_name.py
[2024-10-03T23:44:57.184-0400] {logging_mixin.py:190} INFO - [2024-10-03T23:44:57.184-0400] {dag.py:3239} INFO - Sync 1 DAGs
[2024-10-03T23:44:57.247-0400] {logging_mixin.py:190} INFO - [2024-10-03T23:44:57.247-0400] {dag.py:4180} INFO - Setting next_dagrun for example_display_name to None, run_after=None
[2024-10-03T23:44:57.800-0400] {processor.py:208} INFO - Processing /home/patrick/.cache/pypoetry/virtualenvs/airflow-wPbgcfzP-py3.10/lib/python3.10/site-packages/airflow/example_dags/example_display_name.py took 2.041 seconds
[2024-10-03T23:49:08.986-0400] {processor.py:186} INFO - Started process (PID=50018) to work on /home/patrick/.cache/pypoetry/virtualenvs/airflow-wPbgcfzP-py3.10/lib/python3.10/site-packages/airflow/example_dags/example_display_name.py
[2024-10-03T23:49:08.987-0400] {processor.py:914} INFO - Processing file /home/patrick/.cache/pypoetry/virtualenvs/airflow-wPbgcfzP-py3.10/lib/python3.10/site-packages/airflow/example_dags/example_display_name.py for tasks to queue
[2024-10-03T23:49:08.989-0400] {logging_mixin.py:190} INFO - [2024-10-03T23:49:08.989-0400] {dagbag.py:588} INFO - Filling up the DagBag from /home/patrick/.cache/pypoetry/virtualenvs/airflow-wPbgcfzP-py3.10/lib/python3.10/site-packages/airflow/example_dags/example_display_name.py
[2024-10-03T23:49:08.995-0400] {processor.py:925} INFO - DAG(s) 'example_display_name' retrieved from /home/patrick/.cache/pypoetry/virtualenvs/airflow-wPbgcfzP-py3.10/lib/python3.10/site-packages/airflow/example_dags/example_display_name.py
[2024-10-03T23:49:11.075-0400] {logging_mixin.py:190} INFO - [2024-10-03T23:49:11.074-0400] {dag.py:3239} INFO - Sync 1 DAGs
[2024-10-03T23:49:11.297-0400] {logging_mixin.py:190} INFO - [2024-10-03T23:49:11.297-0400] {dag.py:4180} INFO - Setting next_dagrun for example_display_name to None, run_after=None
[2024-10-03T23:49:12.251-0400] {processor.py:208} INFO - Processing /home/patrick/.cache/pypoetry/virtualenvs/airflow-wPbgcfzP-py3.10/lib/python3.10/site-packages/airflow/example_dags/example_display_name.py took 3.269 seconds
[2024-10-03T23:53:22.512-0400] {processor.py:186} INFO - Started process (PID=51106) to work on /home/patrick/.cache/pypoetry/virtualenvs/airflow-wPbgcfzP-py3.10/lib/python3.10/site-packages/airflow/example_dags/example_display_name.py
[2024-10-03T23:53:22.517-0400] {processor.py:914} INFO - Processing file /home/patrick/.cache/pypoetry/virtualenvs/airflow-wPbgcfzP-py3.10/lib/python3.10/site-packages/airflow/example_dags/example_display_name.py for tasks to queue
[2024-10-03T23:53:22.519-0400] {logging_mixin.py:190} INFO - [2024-10-03T23:53:22.519-0400] {dagbag.py:588} INFO - Filling up the DagBag from /home/patrick/.cache/pypoetry/virtualenvs/airflow-wPbgcfzP-py3.10/lib/python3.10/site-packages/airflow/example_dags/example_display_name.py
[2024-10-03T23:53:22.526-0400] {processor.py:925} INFO - DAG(s) 'example_display_name' retrieved from /home/patrick/.cache/pypoetry/virtualenvs/airflow-wPbgcfzP-py3.10/lib/python3.10/site-packages/airflow/example_dags/example_display_name.py
[2024-10-03T23:53:28.107-0400] {logging_mixin.py:190} INFO - [2024-10-03T23:53:28.107-0400] {dag.py:3239} INFO - Sync 1 DAGs
[2024-10-03T23:53:28.194-0400] {logging_mixin.py:190} INFO - [2024-10-03T23:53:28.194-0400] {dag.py:4180} INFO - Setting next_dagrun for example_display_name to None, run_after=None
[2024-10-03T23:53:28.767-0400] {processor.py:208} INFO - Processing /home/patrick/.cache/pypoetry/virtualenvs/airflow-wPbgcfzP-py3.10/lib/python3.10/site-packages/airflow/example_dags/example_display_name.py took 6.259 seconds
[2024-10-03T23:57:18.675-0400] {processor.py:186} INFO - Started process (PID=52126) to work on /home/patrick/.cache/pypoetry/virtualenvs/airflow-wPbgcfzP-py3.10/lib/python3.10/site-packages/airflow/example_dags/example_display_name.py
[2024-10-03T23:57:18.676-0400] {processor.py:914} INFO - Processing file /home/patrick/.cache/pypoetry/virtualenvs/airflow-wPbgcfzP-py3.10/lib/python3.10/site-packages/airflow/example_dags/example_display_name.py for tasks to queue
[2024-10-03T23:57:18.678-0400] {logging_mixin.py:190} INFO - [2024-10-03T23:57:18.678-0400] {dagbag.py:588} INFO - Filling up the DagBag from /home/patrick/.cache/pypoetry/virtualenvs/airflow-wPbgcfzP-py3.10/lib/python3.10/site-packages/airflow/example_dags/example_display_name.py
[2024-10-03T23:57:18.684-0400] {processor.py:925} INFO - DAG(s) 'example_display_name' retrieved from /home/patrick/.cache/pypoetry/virtualenvs/airflow-wPbgcfzP-py3.10/lib/python3.10/site-packages/airflow/example_dags/example_display_name.py
[2024-10-03T23:57:20.305-0400] {logging_mixin.py:190} INFO - [2024-10-03T23:57:20.305-0400] {dag.py:3239} INFO - Sync 1 DAGs
[2024-10-03T23:57:20.397-0400] {logging_mixin.py:190} INFO - [2024-10-03T23:57:20.397-0400] {dag.py:4180} INFO - Setting next_dagrun for example_display_name to None, run_after=None
[2024-10-03T23:57:20.986-0400] {processor.py:208} INFO - Processing /home/patrick/.cache/pypoetry/virtualenvs/airflow-wPbgcfzP-py3.10/lib/python3.10/site-packages/airflow/example_dags/example_display_name.py took 2.316 seconds
[2024-10-04T00:01:48.823-0400] {processor.py:186} INFO - Started process (PID=53340) to work on /home/patrick/.cache/pypoetry/virtualenvs/airflow-wPbgcfzP-py3.10/lib/python3.10/site-packages/airflow/example_dags/example_display_name.py
[2024-10-04T00:01:48.825-0400] {processor.py:914} INFO - Processing file /home/patrick/.cache/pypoetry/virtualenvs/airflow-wPbgcfzP-py3.10/lib/python3.10/site-packages/airflow/example_dags/example_display_name.py for tasks to queue
[2024-10-04T00:01:48.827-0400] {logging_mixin.py:190} INFO - [2024-10-04T00:01:48.827-0400] {dagbag.py:588} INFO - Filling up the DagBag from /home/patrick/.cache/pypoetry/virtualenvs/airflow-wPbgcfzP-py3.10/lib/python3.10/site-packages/airflow/example_dags/example_display_name.py
[2024-10-04T00:01:48.833-0400] {processor.py:925} INFO - DAG(s) 'example_display_name' retrieved from /home/patrick/.cache/pypoetry/virtualenvs/airflow-wPbgcfzP-py3.10/lib/python3.10/site-packages/airflow/example_dags/example_display_name.py
[2024-10-04T00:01:52.589-0400] {logging_mixin.py:190} INFO - [2024-10-04T00:01:52.589-0400] {dag.py:3239} INFO - Sync 1 DAGs
[2024-10-04T00:01:52.685-0400] {logging_mixin.py:190} INFO - [2024-10-04T00:01:52.685-0400] {dag.py:4180} INFO - Setting next_dagrun for example_display_name to None, run_after=None
[2024-10-04T00:01:53.268-0400] {processor.py:208} INFO - Processing /home/patrick/.cache/pypoetry/virtualenvs/airflow-wPbgcfzP-py3.10/lib/python3.10/site-packages/airflow/example_dags/example_display_name.py took 4.449 seconds
[2024-10-04T00:05:56.130-0400] {processor.py:186} INFO - Started process (PID=54406) to work on /home/patrick/.cache/pypoetry/virtualenvs/airflow-wPbgcfzP-py3.10/lib/python3.10/site-packages/airflow/example_dags/example_display_name.py
[2024-10-04T00:05:56.131-0400] {processor.py:914} INFO - Processing file /home/patrick/.cache/pypoetry/virtualenvs/airflow-wPbgcfzP-py3.10/lib/python3.10/site-packages/airflow/example_dags/example_display_name.py for tasks to queue
[2024-10-04T00:05:56.132-0400] {logging_mixin.py:190} INFO - [2024-10-04T00:05:56.132-0400] {dagbag.py:588} INFO - Filling up the DagBag from /home/patrick/.cache/pypoetry/virtualenvs/airflow-wPbgcfzP-py3.10/lib/python3.10/site-packages/airflow/example_dags/example_display_name.py
[2024-10-04T00:05:56.138-0400] {processor.py:925} INFO - DAG(s) 'example_display_name' retrieved from /home/patrick/.cache/pypoetry/virtualenvs/airflow-wPbgcfzP-py3.10/lib/python3.10/site-packages/airflow/example_dags/example_display_name.py
[2024-10-04T00:05:57.994-0400] {logging_mixin.py:190} INFO - [2024-10-04T00:05:57.994-0400] {dag.py:3239} INFO - Sync 1 DAGs
[2024-10-04T00:05:58.078-0400] {logging_mixin.py:190} INFO - [2024-10-04T00:05:58.078-0400] {dag.py:4180} INFO - Setting next_dagrun for example_display_name to None, run_after=None
[2024-10-04T00:05:58.839-0400] {processor.py:208} INFO - Processing /home/patrick/.cache/pypoetry/virtualenvs/airflow-wPbgcfzP-py3.10/lib/python3.10/site-packages/airflow/example_dags/example_display_name.py took 2.714 seconds
