[2024-10-03T20:46:00.294-0400] {processor.py:186} INFO - Started process (PID=1366) to work on /home/patrick/.cache/pypoetry/virtualenvs/airflow-wPbgcfzP-py3.10/lib/python3.10/site-packages/airflow/example_dags/example_trigger_target_dag.py
[2024-10-03T20:46:00.295-0400] {processor.py:914} INFO - Processing file /home/patrick/.cache/pypoetry/virtualenvs/airflow-wPbgcfzP-py3.10/lib/python3.10/site-packages/airflow/example_dags/example_trigger_target_dag.py for tasks to queue
[2024-10-03T20:46:00.297-0400] {logging_mixin.py:190} INFO - [2024-10-03T20:46:00.297-0400] {dagbag.py:588} INFO - Filling up the DagBag from /home/patrick/.cache/pypoetry/virtualenvs/airflow-wPbgcfzP-py3.10/lib/python3.10/site-packages/airflow/example_dags/example_trigger_target_dag.py
[2024-10-03T20:46:00.304-0400] {processor.py:925} INFO - DAG(s) 'example_trigger_target_dag' retrieved from /home/patrick/.cache/pypoetry/virtualenvs/airflow-wPbgcfzP-py3.10/lib/python3.10/site-packages/airflow/example_dags/example_trigger_target_dag.py
[2024-10-03T20:46:07.639-0400] {logging_mixin.py:190} INFO - [2024-10-03T20:46:07.639-0400] {dag.py:3239} INFO - Sync 1 DAGs
[2024-10-03T20:46:07.769-0400] {logging_mixin.py:190} INFO - [2024-10-03T20:46:07.768-0400] {dag.py:4180} INFO - Setting next_dagrun for example_trigger_target_dag to None, run_after=None
[2024-10-03T20:46:08.649-0400] {processor.py:208} INFO - Processing /home/patrick/.cache/pypoetry/virtualenvs/airflow-wPbgcfzP-py3.10/lib/python3.10/site-packages/airflow/example_dags/example_trigger_target_dag.py took 8.359 seconds
[2024-10-03T20:59:48.133-0400] {processor.py:186} INFO - Started process (PID=4874) to work on /home/patrick/.cache/pypoetry/virtualenvs/airflow-wPbgcfzP-py3.10/lib/python3.10/site-packages/airflow/example_dags/example_trigger_target_dag.py
[2024-10-03T20:59:48.135-0400] {processor.py:914} INFO - Processing file /home/patrick/.cache/pypoetry/virtualenvs/airflow-wPbgcfzP-py3.10/lib/python3.10/site-packages/airflow/example_dags/example_trigger_target_dag.py for tasks to queue
[2024-10-03T20:59:48.136-0400] {logging_mixin.py:190} INFO - [2024-10-03T20:59:48.135-0400] {dagbag.py:588} INFO - Filling up the DagBag from /home/patrick/.cache/pypoetry/virtualenvs/airflow-wPbgcfzP-py3.10/lib/python3.10/site-packages/airflow/example_dags/example_trigger_target_dag.py
[2024-10-03T20:59:48.141-0400] {processor.py:925} INFO - DAG(s) 'example_trigger_target_dag' retrieved from /home/patrick/.cache/pypoetry/virtualenvs/airflow-wPbgcfzP-py3.10/lib/python3.10/site-packages/airflow/example_dags/example_trigger_target_dag.py
[2024-10-03T20:59:52.538-0400] {logging_mixin.py:190} INFO - [2024-10-03T20:59:52.538-0400] {dag.py:3239} INFO - Sync 1 DAGs
[2024-10-03T20:59:52.724-0400] {logging_mixin.py:190} INFO - [2024-10-03T20:59:52.723-0400] {dag.py:4180} INFO - Setting next_dagrun for example_trigger_target_dag to None, run_after=None
[2024-10-03T20:59:53.309-0400] {processor.py:208} INFO - Processing /home/patrick/.cache/pypoetry/virtualenvs/airflow-wPbgcfzP-py3.10/lib/python3.10/site-packages/airflow/example_dags/example_trigger_target_dag.py took 5.180 seconds
[2024-10-03T21:03:35.360-0400] {processor.py:186} INFO - Started process (PID=5830) to work on /home/patrick/.cache/pypoetry/virtualenvs/airflow-wPbgcfzP-py3.10/lib/python3.10/site-packages/airflow/example_dags/example_trigger_target_dag.py
[2024-10-03T21:03:35.362-0400] {processor.py:914} INFO - Processing file /home/patrick/.cache/pypoetry/virtualenvs/airflow-wPbgcfzP-py3.10/lib/python3.10/site-packages/airflow/example_dags/example_trigger_target_dag.py for tasks to queue
[2024-10-03T21:03:35.363-0400] {logging_mixin.py:190} INFO - [2024-10-03T21:03:35.363-0400] {dagbag.py:588} INFO - Filling up the DagBag from /home/patrick/.cache/pypoetry/virtualenvs/airflow-wPbgcfzP-py3.10/lib/python3.10/site-packages/airflow/example_dags/example_trigger_target_dag.py
[2024-10-03T21:03:35.369-0400] {processor.py:925} INFO - DAG(s) 'example_trigger_target_dag' retrieved from /home/patrick/.cache/pypoetry/virtualenvs/airflow-wPbgcfzP-py3.10/lib/python3.10/site-packages/airflow/example_dags/example_trigger_target_dag.py
[2024-10-03T21:03:36.880-0400] {logging_mixin.py:190} INFO - [2024-10-03T21:03:36.880-0400] {dag.py:3239} INFO - Sync 1 DAGs
[2024-10-03T21:03:36.949-0400] {logging_mixin.py:190} INFO - [2024-10-03T21:03:36.949-0400] {dag.py:4180} INFO - Setting next_dagrun for example_trigger_target_dag to None, run_after=None
[2024-10-03T21:03:37.511-0400] {processor.py:208} INFO - Processing /home/patrick/.cache/pypoetry/virtualenvs/airflow-wPbgcfzP-py3.10/lib/python3.10/site-packages/airflow/example_dags/example_trigger_target_dag.py took 2.156 seconds
[2024-10-03T21:05:38.715-0400] {processor.py:186} INFO - Started process (PID=6366) to work on /home/patrick/.cache/pypoetry/virtualenvs/airflow-wPbgcfzP-py3.10/lib/python3.10/site-packages/airflow/example_dags/example_trigger_target_dag.py
[2024-10-03T21:05:38.717-0400] {processor.py:914} INFO - Processing file /home/patrick/.cache/pypoetry/virtualenvs/airflow-wPbgcfzP-py3.10/lib/python3.10/site-packages/airflow/example_dags/example_trigger_target_dag.py for tasks to queue
[2024-10-03T21:05:38.722-0400] {logging_mixin.py:190} INFO - [2024-10-03T21:05:38.722-0400] {dagbag.py:588} INFO - Filling up the DagBag from /home/patrick/.cache/pypoetry/virtualenvs/airflow-wPbgcfzP-py3.10/lib/python3.10/site-packages/airflow/example_dags/example_trigger_target_dag.py
[2024-10-03T21:05:38.728-0400] {processor.py:925} INFO - DAG(s) 'example_trigger_target_dag' retrieved from /home/patrick/.cache/pypoetry/virtualenvs/airflow-wPbgcfzP-py3.10/lib/python3.10/site-packages/airflow/example_dags/example_trigger_target_dag.py
[2024-10-03T21:05:42.995-0400] {logging_mixin.py:190} INFO - [2024-10-03T21:05:42.995-0400] {dag.py:3239} INFO - Sync 1 DAGs
[2024-10-03T21:05:43.062-0400] {logging_mixin.py:190} INFO - [2024-10-03T21:05:43.062-0400] {dag.py:4180} INFO - Setting next_dagrun for example_trigger_target_dag to None, run_after=None
[2024-10-03T21:05:43.623-0400] {processor.py:208} INFO - Processing /home/patrick/.cache/pypoetry/virtualenvs/airflow-wPbgcfzP-py3.10/lib/python3.10/site-packages/airflow/example_dags/example_trigger_target_dag.py took 4.914 seconds
[2024-10-03T21:07:49.107-0400] {processor.py:186} INFO - Started process (PID=6929) to work on /home/patrick/.cache/pypoetry/virtualenvs/airflow-wPbgcfzP-py3.10/lib/python3.10/site-packages/airflow/example_dags/example_trigger_target_dag.py
[2024-10-03T21:07:49.108-0400] {processor.py:914} INFO - Processing file /home/patrick/.cache/pypoetry/virtualenvs/airflow-wPbgcfzP-py3.10/lib/python3.10/site-packages/airflow/example_dags/example_trigger_target_dag.py for tasks to queue
[2024-10-03T21:07:49.113-0400] {logging_mixin.py:190} INFO - [2024-10-03T21:07:49.113-0400] {dagbag.py:588} INFO - Filling up the DagBag from /home/patrick/.cache/pypoetry/virtualenvs/airflow-wPbgcfzP-py3.10/lib/python3.10/site-packages/airflow/example_dags/example_trigger_target_dag.py
[2024-10-03T21:07:49.121-0400] {processor.py:925} INFO - DAG(s) 'example_trigger_target_dag' retrieved from /home/patrick/.cache/pypoetry/virtualenvs/airflow-wPbgcfzP-py3.10/lib/python3.10/site-packages/airflow/example_dags/example_trigger_target_dag.py
[2024-10-03T21:07:55.496-0400] {logging_mixin.py:190} INFO - [2024-10-03T21:07:55.496-0400] {dag.py:3239} INFO - Sync 1 DAGs
[2024-10-03T21:07:55.723-0400] {logging_mixin.py:190} INFO - [2024-10-03T21:07:55.723-0400] {dag.py:4180} INFO - Setting next_dagrun for example_trigger_target_dag to None, run_after=None
[2024-10-03T21:07:56.323-0400] {processor.py:208} INFO - Processing /home/patrick/.cache/pypoetry/virtualenvs/airflow-wPbgcfzP-py3.10/lib/python3.10/site-packages/airflow/example_dags/example_trigger_target_dag.py took 7.220 seconds
[2024-10-03T21:09:53.577-0400] {processor.py:186} INFO - Started process (PID=7468) to work on /home/patrick/.cache/pypoetry/virtualenvs/airflow-wPbgcfzP-py3.10/lib/python3.10/site-packages/airflow/example_dags/example_trigger_target_dag.py
[2024-10-03T21:09:53.578-0400] {processor.py:914} INFO - Processing file /home/patrick/.cache/pypoetry/virtualenvs/airflow-wPbgcfzP-py3.10/lib/python3.10/site-packages/airflow/example_dags/example_trigger_target_dag.py for tasks to queue
[2024-10-03T21:09:53.579-0400] {logging_mixin.py:190} INFO - [2024-10-03T21:09:53.578-0400] {dagbag.py:588} INFO - Filling up the DagBag from /home/patrick/.cache/pypoetry/virtualenvs/airflow-wPbgcfzP-py3.10/lib/python3.10/site-packages/airflow/example_dags/example_trigger_target_dag.py
[2024-10-03T21:09:53.583-0400] {processor.py:925} INFO - DAG(s) 'example_trigger_target_dag' retrieved from /home/patrick/.cache/pypoetry/virtualenvs/airflow-wPbgcfzP-py3.10/lib/python3.10/site-packages/airflow/example_dags/example_trigger_target_dag.py
[2024-10-03T21:09:54.883-0400] {logging_mixin.py:190} INFO - [2024-10-03T21:09:54.883-0400] {dag.py:3239} INFO - Sync 1 DAGs
[2024-10-03T21:09:54.984-0400] {logging_mixin.py:190} INFO - [2024-10-03T21:09:54.983-0400] {dag.py:4180} INFO - Setting next_dagrun for example_trigger_target_dag to None, run_after=None
[2024-10-03T21:09:55.575-0400] {processor.py:208} INFO - Processing /home/patrick/.cache/pypoetry/virtualenvs/airflow-wPbgcfzP-py3.10/lib/python3.10/site-packages/airflow/example_dags/example_trigger_target_dag.py took 2.002 seconds
[2024-10-03T21:13:54.537-0400] {processor.py:186} INFO - Started process (PID=8570) to work on /home/patrick/.cache/pypoetry/virtualenvs/airflow-wPbgcfzP-py3.10/lib/python3.10/site-packages/airflow/example_dags/example_trigger_target_dag.py
[2024-10-03T21:13:54.538-0400] {processor.py:914} INFO - Processing file /home/patrick/.cache/pypoetry/virtualenvs/airflow-wPbgcfzP-py3.10/lib/python3.10/site-packages/airflow/example_dags/example_trigger_target_dag.py for tasks to queue
[2024-10-03T21:13:54.539-0400] {logging_mixin.py:190} INFO - [2024-10-03T21:13:54.539-0400] {dagbag.py:588} INFO - Filling up the DagBag from /home/patrick/.cache/pypoetry/virtualenvs/airflow-wPbgcfzP-py3.10/lib/python3.10/site-packages/airflow/example_dags/example_trigger_target_dag.py
[2024-10-03T21:13:54.544-0400] {processor.py:925} INFO - DAG(s) 'example_trigger_target_dag' retrieved from /home/patrick/.cache/pypoetry/virtualenvs/airflow-wPbgcfzP-py3.10/lib/python3.10/site-packages/airflow/example_dags/example_trigger_target_dag.py
[2024-10-03T21:13:56.207-0400] {logging_mixin.py:190} INFO - [2024-10-03T21:13:56.207-0400] {dag.py:3239} INFO - Sync 1 DAGs
[2024-10-03T21:13:56.279-0400] {logging_mixin.py:190} INFO - [2024-10-03T21:13:56.279-0400] {dag.py:4180} INFO - Setting next_dagrun for example_trigger_target_dag to None, run_after=None
[2024-10-03T21:13:56.805-0400] {processor.py:208} INFO - Processing /home/patrick/.cache/pypoetry/virtualenvs/airflow-wPbgcfzP-py3.10/lib/python3.10/site-packages/airflow/example_dags/example_trigger_target_dag.py took 2.271 seconds
[2024-10-03T21:16:46.901-0400] {processor.py:186} INFO - Started process (PID=9395) to work on /home/patrick/.cache/pypoetry/virtualenvs/airflow-wPbgcfzP-py3.10/lib/python3.10/site-packages/airflow/example_dags/example_trigger_target_dag.py
[2024-10-03T21:16:46.902-0400] {processor.py:914} INFO - Processing file /home/patrick/.cache/pypoetry/virtualenvs/airflow-wPbgcfzP-py3.10/lib/python3.10/site-packages/airflow/example_dags/example_trigger_target_dag.py for tasks to queue
[2024-10-03T21:16:46.904-0400] {logging_mixin.py:190} INFO - [2024-10-03T21:16:46.903-0400] {dagbag.py:588} INFO - Filling up the DagBag from /home/patrick/.cache/pypoetry/virtualenvs/airflow-wPbgcfzP-py3.10/lib/python3.10/site-packages/airflow/example_dags/example_trigger_target_dag.py
[2024-10-03T21:16:46.909-0400] {processor.py:925} INFO - DAG(s) 'example_trigger_target_dag' retrieved from /home/patrick/.cache/pypoetry/virtualenvs/airflow-wPbgcfzP-py3.10/lib/python3.10/site-packages/airflow/example_dags/example_trigger_target_dag.py
[2024-10-03T21:16:48.450-0400] {logging_mixin.py:190} INFO - [2024-10-03T21:16:48.450-0400] {dag.py:3239} INFO - Sync 1 DAGs
[2024-10-03T21:16:48.539-0400] {logging_mixin.py:190} INFO - [2024-10-03T21:16:48.539-0400] {dag.py:4180} INFO - Setting next_dagrun for example_trigger_target_dag to None, run_after=None
[2024-10-03T21:16:49.205-0400] {processor.py:208} INFO - Processing /home/patrick/.cache/pypoetry/virtualenvs/airflow-wPbgcfzP-py3.10/lib/python3.10/site-packages/airflow/example_dags/example_trigger_target_dag.py took 2.308 seconds
[2024-10-03T21:21:26.227-0400] {processor.py:186} INFO - Started process (PID=10646) to work on /home/patrick/.cache/pypoetry/virtualenvs/airflow-wPbgcfzP-py3.10/lib/python3.10/site-packages/airflow/example_dags/example_trigger_target_dag.py
[2024-10-03T21:21:26.228-0400] {processor.py:914} INFO - Processing file /home/patrick/.cache/pypoetry/virtualenvs/airflow-wPbgcfzP-py3.10/lib/python3.10/site-packages/airflow/example_dags/example_trigger_target_dag.py for tasks to queue
[2024-10-03T21:21:26.229-0400] {logging_mixin.py:190} INFO - [2024-10-03T21:21:26.229-0400] {dagbag.py:588} INFO - Filling up the DagBag from /home/patrick/.cache/pypoetry/virtualenvs/airflow-wPbgcfzP-py3.10/lib/python3.10/site-packages/airflow/example_dags/example_trigger_target_dag.py
[2024-10-03T21:21:26.234-0400] {processor.py:925} INFO - DAG(s) 'example_trigger_target_dag' retrieved from /home/patrick/.cache/pypoetry/virtualenvs/airflow-wPbgcfzP-py3.10/lib/python3.10/site-packages/airflow/example_dags/example_trigger_target_dag.py
[2024-10-03T21:21:28.736-0400] {logging_mixin.py:190} INFO - [2024-10-03T21:21:28.736-0400] {dag.py:3239} INFO - Sync 1 DAGs
[2024-10-03T21:21:28.858-0400] {logging_mixin.py:190} INFO - [2024-10-03T21:21:28.858-0400] {dag.py:4180} INFO - Setting next_dagrun for example_trigger_target_dag to None, run_after=None
[2024-10-03T21:21:29.562-0400] {processor.py:208} INFO - Processing /home/patrick/.cache/pypoetry/virtualenvs/airflow-wPbgcfzP-py3.10/lib/python3.10/site-packages/airflow/example_dags/example_trigger_target_dag.py took 3.339 seconds
[2024-10-03T21:23:55.531-0400] {processor.py:186} INFO - Started process (PID=11296) to work on /home/patrick/.cache/pypoetry/virtualenvs/airflow-wPbgcfzP-py3.10/lib/python3.10/site-packages/airflow/example_dags/example_trigger_target_dag.py
[2024-10-03T21:23:55.532-0400] {processor.py:914} INFO - Processing file /home/patrick/.cache/pypoetry/virtualenvs/airflow-wPbgcfzP-py3.10/lib/python3.10/site-packages/airflow/example_dags/example_trigger_target_dag.py for tasks to queue
[2024-10-03T21:23:55.533-0400] {logging_mixin.py:190} INFO - [2024-10-03T21:23:55.533-0400] {dagbag.py:588} INFO - Filling up the DagBag from /home/patrick/.cache/pypoetry/virtualenvs/airflow-wPbgcfzP-py3.10/lib/python3.10/site-packages/airflow/example_dags/example_trigger_target_dag.py
[2024-10-03T21:23:55.538-0400] {processor.py:925} INFO - DAG(s) 'example_trigger_target_dag' retrieved from /home/patrick/.cache/pypoetry/virtualenvs/airflow-wPbgcfzP-py3.10/lib/python3.10/site-packages/airflow/example_dags/example_trigger_target_dag.py
[2024-10-03T21:23:56.774-0400] {logging_mixin.py:190} INFO - [2024-10-03T21:23:56.774-0400] {dag.py:3239} INFO - Sync 1 DAGs
[2024-10-03T21:23:56.854-0400] {logging_mixin.py:190} INFO - [2024-10-03T21:23:56.854-0400] {dag.py:4180} INFO - Setting next_dagrun for example_trigger_target_dag to None, run_after=None
[2024-10-03T21:23:57.429-0400] {processor.py:208} INFO - Processing /home/patrick/.cache/pypoetry/virtualenvs/airflow-wPbgcfzP-py3.10/lib/python3.10/site-packages/airflow/example_dags/example_trigger_target_dag.py took 1.902 seconds
[2024-10-03T21:26:35.911-0400] {processor.py:186} INFO - Started process (PID=11977) to work on /home/patrick/.cache/pypoetry/virtualenvs/airflow-wPbgcfzP-py3.10/lib/python3.10/site-packages/airflow/example_dags/example_trigger_target_dag.py
[2024-10-03T21:26:35.912-0400] {processor.py:914} INFO - Processing file /home/patrick/.cache/pypoetry/virtualenvs/airflow-wPbgcfzP-py3.10/lib/python3.10/site-packages/airflow/example_dags/example_trigger_target_dag.py for tasks to queue
[2024-10-03T21:26:35.913-0400] {logging_mixin.py:190} INFO - [2024-10-03T21:26:35.913-0400] {dagbag.py:588} INFO - Filling up the DagBag from /home/patrick/.cache/pypoetry/virtualenvs/airflow-wPbgcfzP-py3.10/lib/python3.10/site-packages/airflow/example_dags/example_trigger_target_dag.py
[2024-10-03T21:26:35.918-0400] {processor.py:925} INFO - DAG(s) 'example_trigger_target_dag' retrieved from /home/patrick/.cache/pypoetry/virtualenvs/airflow-wPbgcfzP-py3.10/lib/python3.10/site-packages/airflow/example_dags/example_trigger_target_dag.py
[2024-10-03T21:26:38.989-0400] {logging_mixin.py:190} INFO - [2024-10-03T21:26:38.989-0400] {dag.py:3239} INFO - Sync 1 DAGs
[2024-10-03T21:26:39.118-0400] {logging_mixin.py:190} INFO - [2024-10-03T21:26:39.118-0400] {dag.py:4180} INFO - Setting next_dagrun for example_trigger_target_dag to None, run_after=None
[2024-10-03T21:26:39.882-0400] {processor.py:208} INFO - Processing /home/patrick/.cache/pypoetry/virtualenvs/airflow-wPbgcfzP-py3.10/lib/python3.10/site-packages/airflow/example_dags/example_trigger_target_dag.py took 3.975 seconds
[2024-10-03T21:29:05.506-0400] {processor.py:186} INFO - Started process (PID=12698) to work on /home/patrick/.cache/pypoetry/virtualenvs/airflow-wPbgcfzP-py3.10/lib/python3.10/site-packages/airflow/example_dags/example_trigger_target_dag.py
[2024-10-03T21:29:05.507-0400] {processor.py:914} INFO - Processing file /home/patrick/.cache/pypoetry/virtualenvs/airflow-wPbgcfzP-py3.10/lib/python3.10/site-packages/airflow/example_dags/example_trigger_target_dag.py for tasks to queue
[2024-10-03T21:29:05.511-0400] {logging_mixin.py:190} INFO - [2024-10-03T21:29:05.510-0400] {dagbag.py:588} INFO - Filling up the DagBag from /home/patrick/.cache/pypoetry/virtualenvs/airflow-wPbgcfzP-py3.10/lib/python3.10/site-packages/airflow/example_dags/example_trigger_target_dag.py
[2024-10-03T21:29:05.516-0400] {processor.py:925} INFO - DAG(s) 'example_trigger_target_dag' retrieved from /home/patrick/.cache/pypoetry/virtualenvs/airflow-wPbgcfzP-py3.10/lib/python3.10/site-packages/airflow/example_dags/example_trigger_target_dag.py
[2024-10-03T21:29:07.993-0400] {logging_mixin.py:190} INFO - [2024-10-03T21:29:07.992-0400] {dag.py:3239} INFO - Sync 1 DAGs
[2024-10-03T21:29:08.090-0400] {logging_mixin.py:190} INFO - [2024-10-03T21:29:08.089-0400] {dag.py:4180} INFO - Setting next_dagrun for example_trigger_target_dag to None, run_after=None
[2024-10-03T21:29:09.023-0400] {processor.py:208} INFO - Processing /home/patrick/.cache/pypoetry/virtualenvs/airflow-wPbgcfzP-py3.10/lib/python3.10/site-packages/airflow/example_dags/example_trigger_target_dag.py took 3.521 seconds
[2024-10-03T21:32:59.209-0400] {processor.py:186} INFO - Started process (PID=13687) to work on /home/patrick/.cache/pypoetry/virtualenvs/airflow-wPbgcfzP-py3.10/lib/python3.10/site-packages/airflow/example_dags/example_trigger_target_dag.py
[2024-10-03T21:32:59.211-0400] {processor.py:914} INFO - Processing file /home/patrick/.cache/pypoetry/virtualenvs/airflow-wPbgcfzP-py3.10/lib/python3.10/site-packages/airflow/example_dags/example_trigger_target_dag.py for tasks to queue
[2024-10-03T21:32:59.213-0400] {logging_mixin.py:190} INFO - [2024-10-03T21:32:59.212-0400] {dagbag.py:588} INFO - Filling up the DagBag from /home/patrick/.cache/pypoetry/virtualenvs/airflow-wPbgcfzP-py3.10/lib/python3.10/site-packages/airflow/example_dags/example_trigger_target_dag.py
[2024-10-03T21:32:59.219-0400] {processor.py:925} INFO - DAG(s) 'example_trigger_target_dag' retrieved from /home/patrick/.cache/pypoetry/virtualenvs/airflow-wPbgcfzP-py3.10/lib/python3.10/site-packages/airflow/example_dags/example_trigger_target_dag.py
[2024-10-03T21:33:01.307-0400] {logging_mixin.py:190} INFO - [2024-10-03T21:33:01.307-0400] {dag.py:3239} INFO - Sync 1 DAGs
[2024-10-03T21:33:01.484-0400] {logging_mixin.py:190} INFO - [2024-10-03T21:33:01.483-0400] {dag.py:4180} INFO - Setting next_dagrun for example_trigger_target_dag to None, run_after=None
[2024-10-03T21:33:02.244-0400] {processor.py:208} INFO - Processing /home/patrick/.cache/pypoetry/virtualenvs/airflow-wPbgcfzP-py3.10/lib/python3.10/site-packages/airflow/example_dags/example_trigger_target_dag.py took 3.038 seconds
[2024-10-03T21:35:50.183-0400] {processor.py:186} INFO - Started process (PID=14490) to work on /home/patrick/.cache/pypoetry/virtualenvs/airflow-wPbgcfzP-py3.10/lib/python3.10/site-packages/airflow/example_dags/example_trigger_target_dag.py
[2024-10-03T21:35:50.184-0400] {processor.py:914} INFO - Processing file /home/patrick/.cache/pypoetry/virtualenvs/airflow-wPbgcfzP-py3.10/lib/python3.10/site-packages/airflow/example_dags/example_trigger_target_dag.py for tasks to queue
[2024-10-03T21:35:50.186-0400] {logging_mixin.py:190} INFO - [2024-10-03T21:35:50.185-0400] {dagbag.py:588} INFO - Filling up the DagBag from /home/patrick/.cache/pypoetry/virtualenvs/airflow-wPbgcfzP-py3.10/lib/python3.10/site-packages/airflow/example_dags/example_trigger_target_dag.py
[2024-10-03T21:35:50.191-0400] {processor.py:925} INFO - DAG(s) 'example_trigger_target_dag' retrieved from /home/patrick/.cache/pypoetry/virtualenvs/airflow-wPbgcfzP-py3.10/lib/python3.10/site-packages/airflow/example_dags/example_trigger_target_dag.py
[2024-10-03T21:35:56.589-0400] {logging_mixin.py:190} INFO - [2024-10-03T21:35:56.589-0400] {dag.py:3239} INFO - Sync 1 DAGs
[2024-10-03T21:35:56.915-0400] {logging_mixin.py:190} INFO - [2024-10-03T21:35:56.914-0400] {dag.py:4180} INFO - Setting next_dagrun for example_trigger_target_dag to None, run_after=None
[2024-10-03T21:35:57.674-0400] {processor.py:208} INFO - Processing /home/patrick/.cache/pypoetry/virtualenvs/airflow-wPbgcfzP-py3.10/lib/python3.10/site-packages/airflow/example_dags/example_trigger_target_dag.py took 7.495 seconds
[2024-10-03T21:39:04.899-0400] {processor.py:186} INFO - Started process (PID=15362) to work on /home/patrick/.cache/pypoetry/virtualenvs/airflow-wPbgcfzP-py3.10/lib/python3.10/site-packages/airflow/example_dags/example_trigger_target_dag.py
[2024-10-03T21:39:04.900-0400] {processor.py:914} INFO - Processing file /home/patrick/.cache/pypoetry/virtualenvs/airflow-wPbgcfzP-py3.10/lib/python3.10/site-packages/airflow/example_dags/example_trigger_target_dag.py for tasks to queue
[2024-10-03T21:39:04.901-0400] {logging_mixin.py:190} INFO - [2024-10-03T21:39:04.901-0400] {dagbag.py:588} INFO - Filling up the DagBag from /home/patrick/.cache/pypoetry/virtualenvs/airflow-wPbgcfzP-py3.10/lib/python3.10/site-packages/airflow/example_dags/example_trigger_target_dag.py
[2024-10-03T21:39:04.907-0400] {processor.py:925} INFO - DAG(s) 'example_trigger_target_dag' retrieved from /home/patrick/.cache/pypoetry/virtualenvs/airflow-wPbgcfzP-py3.10/lib/python3.10/site-packages/airflow/example_dags/example_trigger_target_dag.py
[2024-10-03T21:39:08.679-0400] {logging_mixin.py:190} INFO - [2024-10-03T21:39:08.678-0400] {dag.py:3239} INFO - Sync 1 DAGs
[2024-10-03T21:39:08.942-0400] {logging_mixin.py:190} INFO - [2024-10-03T21:39:08.941-0400] {dag.py:4180} INFO - Setting next_dagrun for example_trigger_target_dag to None, run_after=None
[2024-10-03T21:39:09.573-0400] {processor.py:208} INFO - Processing /home/patrick/.cache/pypoetry/virtualenvs/airflow-wPbgcfzP-py3.10/lib/python3.10/site-packages/airflow/example_dags/example_trigger_target_dag.py took 4.678 seconds
[2024-10-03T21:41:36.155-0400] {processor.py:186} INFO - Started process (PID=16061) to work on /home/patrick/.cache/pypoetry/virtualenvs/airflow-wPbgcfzP-py3.10/lib/python3.10/site-packages/airflow/example_dags/example_trigger_target_dag.py
[2024-10-03T21:41:36.156-0400] {processor.py:914} INFO - Processing file /home/patrick/.cache/pypoetry/virtualenvs/airflow-wPbgcfzP-py3.10/lib/python3.10/site-packages/airflow/example_dags/example_trigger_target_dag.py for tasks to queue
[2024-10-03T21:41:36.157-0400] {logging_mixin.py:190} INFO - [2024-10-03T21:41:36.157-0400] {dagbag.py:588} INFO - Filling up the DagBag from /home/patrick/.cache/pypoetry/virtualenvs/airflow-wPbgcfzP-py3.10/lib/python3.10/site-packages/airflow/example_dags/example_trigger_target_dag.py
[2024-10-03T21:41:36.162-0400] {processor.py:925} INFO - DAG(s) 'example_trigger_target_dag' retrieved from /home/patrick/.cache/pypoetry/virtualenvs/airflow-wPbgcfzP-py3.10/lib/python3.10/site-packages/airflow/example_dags/example_trigger_target_dag.py
[2024-10-03T21:41:41.285-0400] {logging_mixin.py:190} INFO - [2024-10-03T21:41:41.285-0400] {dag.py:3239} INFO - Sync 1 DAGs
[2024-10-03T21:41:41.609-0400] {logging_mixin.py:190} INFO - [2024-10-03T21:41:41.609-0400] {dag.py:4180} INFO - Setting next_dagrun for example_trigger_target_dag to None, run_after=None
[2024-10-03T21:41:42.192-0400] {processor.py:208} INFO - Processing /home/patrick/.cache/pypoetry/virtualenvs/airflow-wPbgcfzP-py3.10/lib/python3.10/site-packages/airflow/example_dags/example_trigger_target_dag.py took 6.041 seconds
[2024-10-03T21:44:22.016-0400] {processor.py:186} INFO - Started process (PID=16796) to work on /home/patrick/.cache/pypoetry/virtualenvs/airflow-wPbgcfzP-py3.10/lib/python3.10/site-packages/airflow/example_dags/example_trigger_target_dag.py
[2024-10-03T21:44:22.017-0400] {processor.py:914} INFO - Processing file /home/patrick/.cache/pypoetry/virtualenvs/airflow-wPbgcfzP-py3.10/lib/python3.10/site-packages/airflow/example_dags/example_trigger_target_dag.py for tasks to queue
[2024-10-03T21:44:22.019-0400] {logging_mixin.py:190} INFO - [2024-10-03T21:44:22.019-0400] {dagbag.py:588} INFO - Filling up the DagBag from /home/patrick/.cache/pypoetry/virtualenvs/airflow-wPbgcfzP-py3.10/lib/python3.10/site-packages/airflow/example_dags/example_trigger_target_dag.py
[2024-10-03T21:44:22.025-0400] {processor.py:925} INFO - DAG(s) 'example_trigger_target_dag' retrieved from /home/patrick/.cache/pypoetry/virtualenvs/airflow-wPbgcfzP-py3.10/lib/python3.10/site-packages/airflow/example_dags/example_trigger_target_dag.py
[2024-10-03T21:44:36.114-0400] {logging_mixin.py:190} INFO - [2024-10-03T21:44:36.114-0400] {dag.py:3239} INFO - Sync 1 DAGs
[2024-10-03T21:44:36.220-0400] {logging_mixin.py:190} INFO - [2024-10-03T21:44:36.220-0400] {dag.py:4180} INFO - Setting next_dagrun for example_trigger_target_dag to None, run_after=None
[2024-10-03T21:44:37.060-0400] {processor.py:208} INFO - Processing /home/patrick/.cache/pypoetry/virtualenvs/airflow-wPbgcfzP-py3.10/lib/python3.10/site-packages/airflow/example_dags/example_trigger_target_dag.py took 15.048 seconds
[2024-10-03T21:47:10.184-0400] {processor.py:186} INFO - Started process (PID=17570) to work on /home/patrick/.cache/pypoetry/virtualenvs/airflow-wPbgcfzP-py3.10/lib/python3.10/site-packages/airflow/example_dags/example_trigger_target_dag.py
[2024-10-03T21:47:10.185-0400] {processor.py:914} INFO - Processing file /home/patrick/.cache/pypoetry/virtualenvs/airflow-wPbgcfzP-py3.10/lib/python3.10/site-packages/airflow/example_dags/example_trigger_target_dag.py for tasks to queue
[2024-10-03T21:47:10.186-0400] {logging_mixin.py:190} INFO - [2024-10-03T21:47:10.186-0400] {dagbag.py:588} INFO - Filling up the DagBag from /home/patrick/.cache/pypoetry/virtualenvs/airflow-wPbgcfzP-py3.10/lib/python3.10/site-packages/airflow/example_dags/example_trigger_target_dag.py
[2024-10-03T21:47:10.191-0400] {processor.py:925} INFO - DAG(s) 'example_trigger_target_dag' retrieved from /home/patrick/.cache/pypoetry/virtualenvs/airflow-wPbgcfzP-py3.10/lib/python3.10/site-packages/airflow/example_dags/example_trigger_target_dag.py
[2024-10-03T21:47:13.215-0400] {logging_mixin.py:190} INFO - [2024-10-03T21:47:13.215-0400] {dag.py:3239} INFO - Sync 1 DAGs
[2024-10-03T21:47:13.266-0400] {logging_mixin.py:190} INFO - [2024-10-03T21:47:13.266-0400] {dag.py:4180} INFO - Setting next_dagrun for example_trigger_target_dag to None, run_after=None
[2024-10-03T21:47:13.973-0400] {processor.py:208} INFO - Processing /home/patrick/.cache/pypoetry/virtualenvs/airflow-wPbgcfzP-py3.10/lib/python3.10/site-packages/airflow/example_dags/example_trigger_target_dag.py took 3.792 seconds
[2024-10-03T21:51:16.644-0400] {processor.py:186} INFO - Started process (PID=18625) to work on /home/patrick/.cache/pypoetry/virtualenvs/airflow-wPbgcfzP-py3.10/lib/python3.10/site-packages/airflow/example_dags/example_trigger_target_dag.py
[2024-10-03T21:51:16.645-0400] {processor.py:914} INFO - Processing file /home/patrick/.cache/pypoetry/virtualenvs/airflow-wPbgcfzP-py3.10/lib/python3.10/site-packages/airflow/example_dags/example_trigger_target_dag.py for tasks to queue
[2024-10-03T21:51:16.647-0400] {logging_mixin.py:190} INFO - [2024-10-03T21:51:16.646-0400] {dagbag.py:588} INFO - Filling up the DagBag from /home/patrick/.cache/pypoetry/virtualenvs/airflow-wPbgcfzP-py3.10/lib/python3.10/site-packages/airflow/example_dags/example_trigger_target_dag.py
[2024-10-03T21:51:16.651-0400] {processor.py:925} INFO - DAG(s) 'example_trigger_target_dag' retrieved from /home/patrick/.cache/pypoetry/virtualenvs/airflow-wPbgcfzP-py3.10/lib/python3.10/site-packages/airflow/example_dags/example_trigger_target_dag.py
[2024-10-03T21:51:21.155-0400] {logging_mixin.py:190} INFO - [2024-10-03T21:51:21.154-0400] {dag.py:3239} INFO - Sync 1 DAGs
[2024-10-03T21:51:21.295-0400] {logging_mixin.py:190} INFO - [2024-10-03T21:51:21.295-0400] {dag.py:4180} INFO - Setting next_dagrun for example_trigger_target_dag to None, run_after=None
[2024-10-03T21:51:21.913-0400] {processor.py:208} INFO - Processing /home/patrick/.cache/pypoetry/virtualenvs/airflow-wPbgcfzP-py3.10/lib/python3.10/site-packages/airflow/example_dags/example_trigger_target_dag.py took 5.273 seconds
[2024-10-03T21:55:11.973-0400] {processor.py:186} INFO - Started process (PID=19632) to work on /home/patrick/.cache/pypoetry/virtualenvs/airflow-wPbgcfzP-py3.10/lib/python3.10/site-packages/airflow/example_dags/example_trigger_target_dag.py
[2024-10-03T21:55:11.974-0400] {processor.py:914} INFO - Processing file /home/patrick/.cache/pypoetry/virtualenvs/airflow-wPbgcfzP-py3.10/lib/python3.10/site-packages/airflow/example_dags/example_trigger_target_dag.py for tasks to queue
[2024-10-03T21:55:11.976-0400] {logging_mixin.py:190} INFO - [2024-10-03T21:55:11.976-0400] {dagbag.py:588} INFO - Filling up the DagBag from /home/patrick/.cache/pypoetry/virtualenvs/airflow-wPbgcfzP-py3.10/lib/python3.10/site-packages/airflow/example_dags/example_trigger_target_dag.py
[2024-10-03T21:55:11.980-0400] {processor.py:925} INFO - DAG(s) 'example_trigger_target_dag' retrieved from /home/patrick/.cache/pypoetry/virtualenvs/airflow-wPbgcfzP-py3.10/lib/python3.10/site-packages/airflow/example_dags/example_trigger_target_dag.py
[2024-10-03T21:55:14.343-0400] {logging_mixin.py:190} INFO - [2024-10-03T21:55:14.343-0400] {dag.py:3239} INFO - Sync 1 DAGs
[2024-10-03T21:55:14.481-0400] {logging_mixin.py:190} INFO - [2024-10-03T21:55:14.480-0400] {dag.py:4180} INFO - Setting next_dagrun for example_trigger_target_dag to None, run_after=None
[2024-10-03T21:55:15.025-0400] {processor.py:208} INFO - Processing /home/patrick/.cache/pypoetry/virtualenvs/airflow-wPbgcfzP-py3.10/lib/python3.10/site-packages/airflow/example_dags/example_trigger_target_dag.py took 3.056 seconds
[2024-10-03T21:57:10.795-0400] {processor.py:186} INFO - Started process (PID=20145) to work on /home/patrick/.cache/pypoetry/virtualenvs/airflow-wPbgcfzP-py3.10/lib/python3.10/site-packages/airflow/example_dags/example_trigger_target_dag.py
[2024-10-03T21:57:10.796-0400] {processor.py:914} INFO - Processing file /home/patrick/.cache/pypoetry/virtualenvs/airflow-wPbgcfzP-py3.10/lib/python3.10/site-packages/airflow/example_dags/example_trigger_target_dag.py for tasks to queue
[2024-10-03T21:57:10.798-0400] {logging_mixin.py:190} INFO - [2024-10-03T21:57:10.798-0400] {dagbag.py:588} INFO - Filling up the DagBag from /home/patrick/.cache/pypoetry/virtualenvs/airflow-wPbgcfzP-py3.10/lib/python3.10/site-packages/airflow/example_dags/example_trigger_target_dag.py
[2024-10-03T21:57:10.803-0400] {processor.py:925} INFO - DAG(s) 'example_trigger_target_dag' retrieved from /home/patrick/.cache/pypoetry/virtualenvs/airflow-wPbgcfzP-py3.10/lib/python3.10/site-packages/airflow/example_dags/example_trigger_target_dag.py
[2024-10-03T21:57:13.914-0400] {logging_mixin.py:190} INFO - [2024-10-03T21:57:13.913-0400] {dag.py:3239} INFO - Sync 1 DAGs
[2024-10-03T21:57:13.984-0400] {logging_mixin.py:190} INFO - [2024-10-03T21:57:13.983-0400] {dag.py:4180} INFO - Setting next_dagrun for example_trigger_target_dag to None, run_after=None
[2024-10-03T21:57:14.563-0400] {processor.py:208} INFO - Processing /home/patrick/.cache/pypoetry/virtualenvs/airflow-wPbgcfzP-py3.10/lib/python3.10/site-packages/airflow/example_dags/example_trigger_target_dag.py took 3.771 seconds
[2024-10-03T21:59:08.062-0400] {processor.py:186} INFO - Started process (PID=20649) to work on /home/patrick/.cache/pypoetry/virtualenvs/airflow-wPbgcfzP-py3.10/lib/python3.10/site-packages/airflow/example_dags/example_trigger_target_dag.py
[2024-10-03T21:59:08.063-0400] {processor.py:914} INFO - Processing file /home/patrick/.cache/pypoetry/virtualenvs/airflow-wPbgcfzP-py3.10/lib/python3.10/site-packages/airflow/example_dags/example_trigger_target_dag.py for tasks to queue
[2024-10-03T21:59:08.064-0400] {logging_mixin.py:190} INFO - [2024-10-03T21:59:08.064-0400] {dagbag.py:588} INFO - Filling up the DagBag from /home/patrick/.cache/pypoetry/virtualenvs/airflow-wPbgcfzP-py3.10/lib/python3.10/site-packages/airflow/example_dags/example_trigger_target_dag.py
[2024-10-03T21:59:08.069-0400] {processor.py:925} INFO - DAG(s) 'example_trigger_target_dag' retrieved from /home/patrick/.cache/pypoetry/virtualenvs/airflow-wPbgcfzP-py3.10/lib/python3.10/site-packages/airflow/example_dags/example_trigger_target_dag.py
[2024-10-03T21:59:09.435-0400] {logging_mixin.py:190} INFO - [2024-10-03T21:59:09.435-0400] {dag.py:3239} INFO - Sync 1 DAGs
[2024-10-03T21:59:09.504-0400] {logging_mixin.py:190} INFO - [2024-10-03T21:59:09.504-0400] {dag.py:4180} INFO - Setting next_dagrun for example_trigger_target_dag to None, run_after=None
[2024-10-03T21:59:10.290-0400] {processor.py:208} INFO - Processing /home/patrick/.cache/pypoetry/virtualenvs/airflow-wPbgcfzP-py3.10/lib/python3.10/site-packages/airflow/example_dags/example_trigger_target_dag.py took 2.231 seconds
[2024-10-03T22:03:29.819-0400] {processor.py:186} INFO - Started process (PID=21763) to work on /home/patrick/.cache/pypoetry/virtualenvs/airflow-wPbgcfzP-py3.10/lib/python3.10/site-packages/airflow/example_dags/example_trigger_target_dag.py
[2024-10-03T22:03:29.819-0400] {processor.py:914} INFO - Processing file /home/patrick/.cache/pypoetry/virtualenvs/airflow-wPbgcfzP-py3.10/lib/python3.10/site-packages/airflow/example_dags/example_trigger_target_dag.py for tasks to queue
[2024-10-03T22:03:29.821-0400] {logging_mixin.py:190} INFO - [2024-10-03T22:03:29.821-0400] {dagbag.py:588} INFO - Filling up the DagBag from /home/patrick/.cache/pypoetry/virtualenvs/airflow-wPbgcfzP-py3.10/lib/python3.10/site-packages/airflow/example_dags/example_trigger_target_dag.py
[2024-10-03T22:03:29.826-0400] {processor.py:925} INFO - DAG(s) 'example_trigger_target_dag' retrieved from /home/patrick/.cache/pypoetry/virtualenvs/airflow-wPbgcfzP-py3.10/lib/python3.10/site-packages/airflow/example_dags/example_trigger_target_dag.py
[2024-10-03T22:03:35.042-0400] {logging_mixin.py:190} INFO - [2024-10-03T22:03:35.042-0400] {dag.py:3239} INFO - Sync 1 DAGs
[2024-10-03T22:03:35.284-0400] {logging_mixin.py:190} INFO - [2024-10-03T22:03:35.284-0400] {dag.py:4180} INFO - Setting next_dagrun for example_trigger_target_dag to None, run_after=None
[2024-10-03T22:03:36.293-0400] {processor.py:208} INFO - Processing /home/patrick/.cache/pypoetry/virtualenvs/airflow-wPbgcfzP-py3.10/lib/python3.10/site-packages/airflow/example_dags/example_trigger_target_dag.py took 6.479 seconds
[2024-10-03T22:05:51.263-0400] {processor.py:186} INFO - Started process (PID=22365) to work on /home/patrick/.cache/pypoetry/virtualenvs/airflow-wPbgcfzP-py3.10/lib/python3.10/site-packages/airflow/example_dags/example_trigger_target_dag.py
[2024-10-03T22:05:51.264-0400] {processor.py:914} INFO - Processing file /home/patrick/.cache/pypoetry/virtualenvs/airflow-wPbgcfzP-py3.10/lib/python3.10/site-packages/airflow/example_dags/example_trigger_target_dag.py for tasks to queue
[2024-10-03T22:05:51.268-0400] {logging_mixin.py:190} INFO - [2024-10-03T22:05:51.268-0400] {dagbag.py:588} INFO - Filling up the DagBag from /home/patrick/.cache/pypoetry/virtualenvs/airflow-wPbgcfzP-py3.10/lib/python3.10/site-packages/airflow/example_dags/example_trigger_target_dag.py
[2024-10-03T22:05:51.290-0400] {processor.py:925} INFO - DAG(s) 'example_trigger_target_dag' retrieved from /home/patrick/.cache/pypoetry/virtualenvs/airflow-wPbgcfzP-py3.10/lib/python3.10/site-packages/airflow/example_dags/example_trigger_target_dag.py
[2024-10-03T22:05:53.385-0400] {logging_mixin.py:190} INFO - [2024-10-03T22:05:53.385-0400] {dag.py:3239} INFO - Sync 1 DAGs
[2024-10-03T22:05:53.524-0400] {logging_mixin.py:190} INFO - [2024-10-03T22:05:53.524-0400] {dag.py:4180} INFO - Setting next_dagrun for example_trigger_target_dag to None, run_after=None
[2024-10-03T22:05:54.120-0400] {processor.py:208} INFO - Processing /home/patrick/.cache/pypoetry/virtualenvs/airflow-wPbgcfzP-py3.10/lib/python3.10/site-packages/airflow/example_dags/example_trigger_target_dag.py took 2.861 seconds
[2024-10-03T22:07:59.019-0400] {processor.py:186} INFO - Started process (PID=22912) to work on /home/patrick/.cache/pypoetry/virtualenvs/airflow-wPbgcfzP-py3.10/lib/python3.10/site-packages/airflow/example_dags/example_trigger_target_dag.py
[2024-10-03T22:07:59.020-0400] {processor.py:914} INFO - Processing file /home/patrick/.cache/pypoetry/virtualenvs/airflow-wPbgcfzP-py3.10/lib/python3.10/site-packages/airflow/example_dags/example_trigger_target_dag.py for tasks to queue
[2024-10-03T22:07:59.022-0400] {logging_mixin.py:190} INFO - [2024-10-03T22:07:59.022-0400] {dagbag.py:588} INFO - Filling up the DagBag from /home/patrick/.cache/pypoetry/virtualenvs/airflow-wPbgcfzP-py3.10/lib/python3.10/site-packages/airflow/example_dags/example_trigger_target_dag.py
[2024-10-03T22:07:59.026-0400] {processor.py:925} INFO - DAG(s) 'example_trigger_target_dag' retrieved from /home/patrick/.cache/pypoetry/virtualenvs/airflow-wPbgcfzP-py3.10/lib/python3.10/site-packages/airflow/example_dags/example_trigger_target_dag.py
[2024-10-03T22:08:04.974-0400] {logging_mixin.py:190} INFO - [2024-10-03T22:08:04.973-0400] {dag.py:3239} INFO - Sync 1 DAGs
[2024-10-03T22:08:05.082-0400] {logging_mixin.py:190} INFO - [2024-10-03T22:08:05.082-0400] {dag.py:4180} INFO - Setting next_dagrun for example_trigger_target_dag to None, run_after=None
[2024-10-03T22:08:05.643-0400] {processor.py:208} INFO - Processing /home/patrick/.cache/pypoetry/virtualenvs/airflow-wPbgcfzP-py3.10/lib/python3.10/site-packages/airflow/example_dags/example_trigger_target_dag.py took 6.628 seconds
[2024-10-03T22:11:00.443-0400] {processor.py:186} INFO - Started process (PID=23746) to work on /home/patrick/.cache/pypoetry/virtualenvs/airflow-wPbgcfzP-py3.10/lib/python3.10/site-packages/airflow/example_dags/example_trigger_target_dag.py
[2024-10-03T22:11:00.443-0400] {processor.py:914} INFO - Processing file /home/patrick/.cache/pypoetry/virtualenvs/airflow-wPbgcfzP-py3.10/lib/python3.10/site-packages/airflow/example_dags/example_trigger_target_dag.py for tasks to queue
[2024-10-03T22:11:00.445-0400] {logging_mixin.py:190} INFO - [2024-10-03T22:11:00.445-0400] {dagbag.py:588} INFO - Filling up the DagBag from /home/patrick/.cache/pypoetry/virtualenvs/airflow-wPbgcfzP-py3.10/lib/python3.10/site-packages/airflow/example_dags/example_trigger_target_dag.py
[2024-10-03T22:11:00.450-0400] {processor.py:925} INFO - DAG(s) 'example_trigger_target_dag' retrieved from /home/patrick/.cache/pypoetry/virtualenvs/airflow-wPbgcfzP-py3.10/lib/python3.10/site-packages/airflow/example_dags/example_trigger_target_dag.py
[2024-10-03T22:11:02.738-0400] {logging_mixin.py:190} INFO - [2024-10-03T22:11:02.738-0400] {dag.py:3239} INFO - Sync 1 DAGs
[2024-10-03T22:11:02.926-0400] {logging_mixin.py:190} INFO - [2024-10-03T22:11:02.926-0400] {dag.py:4180} INFO - Setting next_dagrun for example_trigger_target_dag to None, run_after=None
[2024-10-03T22:11:03.824-0400] {processor.py:208} INFO - Processing /home/patrick/.cache/pypoetry/virtualenvs/airflow-wPbgcfzP-py3.10/lib/python3.10/site-packages/airflow/example_dags/example_trigger_target_dag.py took 3.385 seconds
[2024-10-03T22:14:32.909-0400] {processor.py:186} INFO - Started process (PID=24722) to work on /home/patrick/.cache/pypoetry/virtualenvs/airflow-wPbgcfzP-py3.10/lib/python3.10/site-packages/airflow/example_dags/example_trigger_target_dag.py
[2024-10-03T22:14:32.910-0400] {processor.py:914} INFO - Processing file /home/patrick/.cache/pypoetry/virtualenvs/airflow-wPbgcfzP-py3.10/lib/python3.10/site-packages/airflow/example_dags/example_trigger_target_dag.py for tasks to queue
[2024-10-03T22:14:32.912-0400] {logging_mixin.py:190} INFO - [2024-10-03T22:14:32.911-0400] {dagbag.py:588} INFO - Filling up the DagBag from /home/patrick/.cache/pypoetry/virtualenvs/airflow-wPbgcfzP-py3.10/lib/python3.10/site-packages/airflow/example_dags/example_trigger_target_dag.py
[2024-10-03T22:14:32.916-0400] {processor.py:925} INFO - DAG(s) 'example_trigger_target_dag' retrieved from /home/patrick/.cache/pypoetry/virtualenvs/airflow-wPbgcfzP-py3.10/lib/python3.10/site-packages/airflow/example_dags/example_trigger_target_dag.py
[2024-10-03T22:14:39.965-0400] {logging_mixin.py:190} INFO - [2024-10-03T22:14:39.964-0400] {dag.py:3239} INFO - Sync 1 DAGs
[2024-10-03T22:14:40.365-0400] {logging_mixin.py:190} INFO - [2024-10-03T22:14:40.365-0400] {dag.py:4180} INFO - Setting next_dagrun for example_trigger_target_dag to None, run_after=None
[2024-10-03T22:14:41.025-0400] {processor.py:208} INFO - Processing /home/patrick/.cache/pypoetry/virtualenvs/airflow-wPbgcfzP-py3.10/lib/python3.10/site-packages/airflow/example_dags/example_trigger_target_dag.py took 8.120 seconds
[2024-10-03T22:17:31.445-0400] {processor.py:186} INFO - Started process (PID=25507) to work on /home/patrick/.cache/pypoetry/virtualenvs/airflow-wPbgcfzP-py3.10/lib/python3.10/site-packages/airflow/example_dags/example_trigger_target_dag.py
[2024-10-03T22:17:31.446-0400] {processor.py:914} INFO - Processing file /home/patrick/.cache/pypoetry/virtualenvs/airflow-wPbgcfzP-py3.10/lib/python3.10/site-packages/airflow/example_dags/example_trigger_target_dag.py for tasks to queue
[2024-10-03T22:17:31.448-0400] {logging_mixin.py:190} INFO - [2024-10-03T22:17:31.447-0400] {dagbag.py:588} INFO - Filling up the DagBag from /home/patrick/.cache/pypoetry/virtualenvs/airflow-wPbgcfzP-py3.10/lib/python3.10/site-packages/airflow/example_dags/example_trigger_target_dag.py
[2024-10-03T22:17:31.453-0400] {processor.py:925} INFO - DAG(s) 'example_trigger_target_dag' retrieved from /home/patrick/.cache/pypoetry/virtualenvs/airflow-wPbgcfzP-py3.10/lib/python3.10/site-packages/airflow/example_dags/example_trigger_target_dag.py
[2024-10-03T22:17:33.845-0400] {logging_mixin.py:190} INFO - [2024-10-03T22:17:33.845-0400] {dag.py:3239} INFO - Sync 1 DAGs
[2024-10-03T22:17:33.938-0400] {logging_mixin.py:190} INFO - [2024-10-03T22:17:33.938-0400] {dag.py:4180} INFO - Setting next_dagrun for example_trigger_target_dag to None, run_after=None
[2024-10-03T22:17:34.539-0400] {processor.py:208} INFO - Processing /home/patrick/.cache/pypoetry/virtualenvs/airflow-wPbgcfzP-py3.10/lib/python3.10/site-packages/airflow/example_dags/example_trigger_target_dag.py took 3.098 seconds
[2024-10-03T22:20:56.230-0400] {processor.py:186} INFO - Started process (PID=26423) to work on /home/patrick/.cache/pypoetry/virtualenvs/airflow-wPbgcfzP-py3.10/lib/python3.10/site-packages/airflow/example_dags/example_trigger_target_dag.py
[2024-10-03T22:20:56.231-0400] {processor.py:914} INFO - Processing file /home/patrick/.cache/pypoetry/virtualenvs/airflow-wPbgcfzP-py3.10/lib/python3.10/site-packages/airflow/example_dags/example_trigger_target_dag.py for tasks to queue
[2024-10-03T22:20:56.232-0400] {logging_mixin.py:190} INFO - [2024-10-03T22:20:56.232-0400] {dagbag.py:588} INFO - Filling up the DagBag from /home/patrick/.cache/pypoetry/virtualenvs/airflow-wPbgcfzP-py3.10/lib/python3.10/site-packages/airflow/example_dags/example_trigger_target_dag.py
[2024-10-03T22:20:56.237-0400] {processor.py:925} INFO - DAG(s) 'example_trigger_target_dag' retrieved from /home/patrick/.cache/pypoetry/virtualenvs/airflow-wPbgcfzP-py3.10/lib/python3.10/site-packages/airflow/example_dags/example_trigger_target_dag.py
[2024-10-03T22:20:58.258-0400] {logging_mixin.py:190} INFO - [2024-10-03T22:20:58.258-0400] {dag.py:3239} INFO - Sync 1 DAGs
[2024-10-03T22:20:58.374-0400] {logging_mixin.py:190} INFO - [2024-10-03T22:20:58.374-0400] {dag.py:4180} INFO - Setting next_dagrun for example_trigger_target_dag to None, run_after=None
[2024-10-03T22:20:58.927-0400] {processor.py:208} INFO - Processing /home/patrick/.cache/pypoetry/virtualenvs/airflow-wPbgcfzP-py3.10/lib/python3.10/site-packages/airflow/example_dags/example_trigger_target_dag.py took 2.700 seconds
[2024-10-03T22:23:22.302-0400] {processor.py:186} INFO - Started process (PID=27086) to work on /home/patrick/.cache/pypoetry/virtualenvs/airflow-wPbgcfzP-py3.10/lib/python3.10/site-packages/airflow/example_dags/example_trigger_target_dag.py
[2024-10-03T22:23:22.303-0400] {processor.py:914} INFO - Processing file /home/patrick/.cache/pypoetry/virtualenvs/airflow-wPbgcfzP-py3.10/lib/python3.10/site-packages/airflow/example_dags/example_trigger_target_dag.py for tasks to queue
[2024-10-03T22:23:22.305-0400] {logging_mixin.py:190} INFO - [2024-10-03T22:23:22.304-0400] {dagbag.py:588} INFO - Filling up the DagBag from /home/patrick/.cache/pypoetry/virtualenvs/airflow-wPbgcfzP-py3.10/lib/python3.10/site-packages/airflow/example_dags/example_trigger_target_dag.py
[2024-10-03T22:23:22.309-0400] {processor.py:925} INFO - DAG(s) 'example_trigger_target_dag' retrieved from /home/patrick/.cache/pypoetry/virtualenvs/airflow-wPbgcfzP-py3.10/lib/python3.10/site-packages/airflow/example_dags/example_trigger_target_dag.py
[2024-10-03T22:23:27.565-0400] {logging_mixin.py:190} INFO - [2024-10-03T22:23:27.564-0400] {dag.py:3239} INFO - Sync 1 DAGs
[2024-10-03T22:23:28.080-0400] {logging_mixin.py:190} INFO - [2024-10-03T22:23:28.080-0400] {dag.py:4180} INFO - Setting next_dagrun for example_trigger_target_dag to None, run_after=None
[2024-10-03T22:23:28.894-0400] {processor.py:208} INFO - Processing /home/patrick/.cache/pypoetry/virtualenvs/airflow-wPbgcfzP-py3.10/lib/python3.10/site-packages/airflow/example_dags/example_trigger_target_dag.py took 6.596 seconds
[2024-10-03T22:29:12.518-0400] {processor.py:186} INFO - Started process (PID=28650) to work on /home/patrick/.cache/pypoetry/virtualenvs/airflow-wPbgcfzP-py3.10/lib/python3.10/site-packages/airflow/example_dags/example_trigger_target_dag.py
[2024-10-03T22:29:12.519-0400] {processor.py:914} INFO - Processing file /home/patrick/.cache/pypoetry/virtualenvs/airflow-wPbgcfzP-py3.10/lib/python3.10/site-packages/airflow/example_dags/example_trigger_target_dag.py for tasks to queue
[2024-10-03T22:29:12.521-0400] {logging_mixin.py:190} INFO - [2024-10-03T22:29:12.520-0400] {dagbag.py:588} INFO - Filling up the DagBag from /home/patrick/.cache/pypoetry/virtualenvs/airflow-wPbgcfzP-py3.10/lib/python3.10/site-packages/airflow/example_dags/example_trigger_target_dag.py
[2024-10-03T22:29:12.525-0400] {processor.py:925} INFO - DAG(s) 'example_trigger_target_dag' retrieved from /home/patrick/.cache/pypoetry/virtualenvs/airflow-wPbgcfzP-py3.10/lib/python3.10/site-packages/airflow/example_dags/example_trigger_target_dag.py
[2024-10-03T22:29:17.831-0400] {logging_mixin.py:190} INFO - [2024-10-03T22:29:17.831-0400] {dag.py:3239} INFO - Sync 1 DAGs
[2024-10-03T22:29:17.933-0400] {logging_mixin.py:190} INFO - [2024-10-03T22:29:17.933-0400] {dag.py:4180} INFO - Setting next_dagrun for example_trigger_target_dag to None, run_after=None
[2024-10-03T22:29:18.533-0400] {processor.py:208} INFO - Processing /home/patrick/.cache/pypoetry/virtualenvs/airflow-wPbgcfzP-py3.10/lib/python3.10/site-packages/airflow/example_dags/example_trigger_target_dag.py took 6.018 seconds
[2024-10-03T22:33:00.941-0400] {processor.py:186} INFO - Started process (PID=29672) to work on /home/patrick/.cache/pypoetry/virtualenvs/airflow-wPbgcfzP-py3.10/lib/python3.10/site-packages/airflow/example_dags/example_trigger_target_dag.py
[2024-10-03T22:33:00.942-0400] {processor.py:914} INFO - Processing file /home/patrick/.cache/pypoetry/virtualenvs/airflow-wPbgcfzP-py3.10/lib/python3.10/site-packages/airflow/example_dags/example_trigger_target_dag.py for tasks to queue
[2024-10-03T22:33:00.943-0400] {logging_mixin.py:190} INFO - [2024-10-03T22:33:00.943-0400] {dagbag.py:588} INFO - Filling up the DagBag from /home/patrick/.cache/pypoetry/virtualenvs/airflow-wPbgcfzP-py3.10/lib/python3.10/site-packages/airflow/example_dags/example_trigger_target_dag.py
[2024-10-03T22:33:00.948-0400] {processor.py:925} INFO - DAG(s) 'example_trigger_target_dag' retrieved from /home/patrick/.cache/pypoetry/virtualenvs/airflow-wPbgcfzP-py3.10/lib/python3.10/site-packages/airflow/example_dags/example_trigger_target_dag.py
[2024-10-03T22:33:08.268-0400] {logging_mixin.py:190} INFO - [2024-10-03T22:33:08.267-0400] {dag.py:3239} INFO - Sync 1 DAGs
[2024-10-03T22:33:08.349-0400] {logging_mixin.py:190} INFO - [2024-10-03T22:33:08.348-0400] {dag.py:4180} INFO - Setting next_dagrun for example_trigger_target_dag to None, run_after=None
[2024-10-03T22:33:09.019-0400] {processor.py:208} INFO - Processing /home/patrick/.cache/pypoetry/virtualenvs/airflow-wPbgcfzP-py3.10/lib/python3.10/site-packages/airflow/example_dags/example_trigger_target_dag.py took 8.082 seconds
[2024-10-03T22:38:06.985-0400] {processor.py:186} INFO - Started process (PID=31084) to work on /home/patrick/.cache/pypoetry/virtualenvs/airflow-wPbgcfzP-py3.10/lib/python3.10/site-packages/airflow/example_dags/example_trigger_target_dag.py
[2024-10-03T22:38:06.985-0400] {processor.py:914} INFO - Processing file /home/patrick/.cache/pypoetry/virtualenvs/airflow-wPbgcfzP-py3.10/lib/python3.10/site-packages/airflow/example_dags/example_trigger_target_dag.py for tasks to queue
[2024-10-03T22:38:06.987-0400] {logging_mixin.py:190} INFO - [2024-10-03T22:38:06.987-0400] {dagbag.py:588} INFO - Filling up the DagBag from /home/patrick/.cache/pypoetry/virtualenvs/airflow-wPbgcfzP-py3.10/lib/python3.10/site-packages/airflow/example_dags/example_trigger_target_dag.py
[2024-10-03T22:38:06.992-0400] {processor.py:925} INFO - DAG(s) 'example_trigger_target_dag' retrieved from /home/patrick/.cache/pypoetry/virtualenvs/airflow-wPbgcfzP-py3.10/lib/python3.10/site-packages/airflow/example_dags/example_trigger_target_dag.py
[2024-10-03T22:38:10.596-0400] {logging_mixin.py:190} INFO - [2024-10-03T22:38:10.596-0400] {dag.py:3239} INFO - Sync 1 DAGs
[2024-10-03T22:38:11.214-0400] {logging_mixin.py:190} INFO - [2024-10-03T22:38:11.213-0400] {dag.py:4180} INFO - Setting next_dagrun for example_trigger_target_dag to None, run_after=None
[2024-10-03T22:38:12.122-0400] {processor.py:208} INFO - Processing /home/patrick/.cache/pypoetry/virtualenvs/airflow-wPbgcfzP-py3.10/lib/python3.10/site-packages/airflow/example_dags/example_trigger_target_dag.py took 5.141 seconds
[2024-10-03T22:41:55.260-0400] {processor.py:186} INFO - Started process (PID=32159) to work on /home/patrick/.cache/pypoetry/virtualenvs/airflow-wPbgcfzP-py3.10/lib/python3.10/site-packages/airflow/example_dags/example_trigger_target_dag.py
[2024-10-03T22:41:55.261-0400] {processor.py:914} INFO - Processing file /home/patrick/.cache/pypoetry/virtualenvs/airflow-wPbgcfzP-py3.10/lib/python3.10/site-packages/airflow/example_dags/example_trigger_target_dag.py for tasks to queue
[2024-10-03T22:41:55.262-0400] {logging_mixin.py:190} INFO - [2024-10-03T22:41:55.262-0400] {dagbag.py:588} INFO - Filling up the DagBag from /home/patrick/.cache/pypoetry/virtualenvs/airflow-wPbgcfzP-py3.10/lib/python3.10/site-packages/airflow/example_dags/example_trigger_target_dag.py
[2024-10-03T22:41:55.268-0400] {processor.py:925} INFO - DAG(s) 'example_trigger_target_dag' retrieved from /home/patrick/.cache/pypoetry/virtualenvs/airflow-wPbgcfzP-py3.10/lib/python3.10/site-packages/airflow/example_dags/example_trigger_target_dag.py
[2024-10-03T22:42:01.060-0400] {logging_mixin.py:190} INFO - [2024-10-03T22:42:01.059-0400] {dag.py:3239} INFO - Sync 1 DAGs
[2024-10-03T22:42:01.303-0400] {logging_mixin.py:190} INFO - [2024-10-03T22:42:01.303-0400] {dag.py:4180} INFO - Setting next_dagrun for example_trigger_target_dag to None, run_after=None
[2024-10-03T22:42:02.246-0400] {processor.py:208} INFO - Processing /home/patrick/.cache/pypoetry/virtualenvs/airflow-wPbgcfzP-py3.10/lib/python3.10/site-packages/airflow/example_dags/example_trigger_target_dag.py took 6.991 seconds
[2024-10-03T22:45:23.567-0400] {processor.py:186} INFO - Started process (PID=33098) to work on /home/patrick/.cache/pypoetry/virtualenvs/airflow-wPbgcfzP-py3.10/lib/python3.10/site-packages/airflow/example_dags/example_trigger_target_dag.py
[2024-10-03T22:45:23.568-0400] {processor.py:914} INFO - Processing file /home/patrick/.cache/pypoetry/virtualenvs/airflow-wPbgcfzP-py3.10/lib/python3.10/site-packages/airflow/example_dags/example_trigger_target_dag.py for tasks to queue
[2024-10-03T22:45:23.570-0400] {logging_mixin.py:190} INFO - [2024-10-03T22:45:23.570-0400] {dagbag.py:588} INFO - Filling up the DagBag from /home/patrick/.cache/pypoetry/virtualenvs/airflow-wPbgcfzP-py3.10/lib/python3.10/site-packages/airflow/example_dags/example_trigger_target_dag.py
[2024-10-03T22:45:23.575-0400] {processor.py:925} INFO - DAG(s) 'example_trigger_target_dag' retrieved from /home/patrick/.cache/pypoetry/virtualenvs/airflow-wPbgcfzP-py3.10/lib/python3.10/site-packages/airflow/example_dags/example_trigger_target_dag.py
[2024-10-03T22:45:29.572-0400] {logging_mixin.py:190} INFO - [2024-10-03T22:45:29.572-0400] {dag.py:3239} INFO - Sync 1 DAGs
[2024-10-03T22:45:29.681-0400] {logging_mixin.py:190} INFO - [2024-10-03T22:45:29.681-0400] {dag.py:4180} INFO - Setting next_dagrun for example_trigger_target_dag to None, run_after=None
[2024-10-03T22:45:30.333-0400] {processor.py:208} INFO - Processing /home/patrick/.cache/pypoetry/virtualenvs/airflow-wPbgcfzP-py3.10/lib/python3.10/site-packages/airflow/example_dags/example_trigger_target_dag.py took 6.770 seconds
[2024-10-03T22:48:35.722-0400] {processor.py:186} INFO - Started process (PID=33992) to work on /home/patrick/.cache/pypoetry/virtualenvs/airflow-wPbgcfzP-py3.10/lib/python3.10/site-packages/airflow/example_dags/example_trigger_target_dag.py
[2024-10-03T22:48:35.722-0400] {processor.py:914} INFO - Processing file /home/patrick/.cache/pypoetry/virtualenvs/airflow-wPbgcfzP-py3.10/lib/python3.10/site-packages/airflow/example_dags/example_trigger_target_dag.py for tasks to queue
[2024-10-03T22:48:35.724-0400] {logging_mixin.py:190} INFO - [2024-10-03T22:48:35.723-0400] {dagbag.py:588} INFO - Filling up the DagBag from /home/patrick/.cache/pypoetry/virtualenvs/airflow-wPbgcfzP-py3.10/lib/python3.10/site-packages/airflow/example_dags/example_trigger_target_dag.py
[2024-10-03T22:48:35.728-0400] {processor.py:925} INFO - DAG(s) 'example_trigger_target_dag' retrieved from /home/patrick/.cache/pypoetry/virtualenvs/airflow-wPbgcfzP-py3.10/lib/python3.10/site-packages/airflow/example_dags/example_trigger_target_dag.py
[2024-10-03T22:48:38.216-0400] {logging_mixin.py:190} INFO - [2024-10-03T22:48:38.215-0400] {dag.py:3239} INFO - Sync 1 DAGs
[2024-10-03T22:48:38.311-0400] {logging_mixin.py:190} INFO - [2024-10-03T22:48:38.311-0400] {dag.py:4180} INFO - Setting next_dagrun for example_trigger_target_dag to None, run_after=None
[2024-10-03T22:48:38.958-0400] {processor.py:208} INFO - Processing /home/patrick/.cache/pypoetry/virtualenvs/airflow-wPbgcfzP-py3.10/lib/python3.10/site-packages/airflow/example_dags/example_trigger_target_dag.py took 3.240 seconds
[2024-10-03T22:52:05.288-0400] {processor.py:186} INFO - Started process (PID=34964) to work on /home/patrick/.cache/pypoetry/virtualenvs/airflow-wPbgcfzP-py3.10/lib/python3.10/site-packages/airflow/example_dags/example_trigger_target_dag.py
[2024-10-03T22:52:05.289-0400] {processor.py:914} INFO - Processing file /home/patrick/.cache/pypoetry/virtualenvs/airflow-wPbgcfzP-py3.10/lib/python3.10/site-packages/airflow/example_dags/example_trigger_target_dag.py for tasks to queue
[2024-10-03T22:52:05.290-0400] {logging_mixin.py:190} INFO - [2024-10-03T22:52:05.290-0400] {dagbag.py:588} INFO - Filling up the DagBag from /home/patrick/.cache/pypoetry/virtualenvs/airflow-wPbgcfzP-py3.10/lib/python3.10/site-packages/airflow/example_dags/example_trigger_target_dag.py
[2024-10-03T22:52:05.296-0400] {processor.py:925} INFO - DAG(s) 'example_trigger_target_dag' retrieved from /home/patrick/.cache/pypoetry/virtualenvs/airflow-wPbgcfzP-py3.10/lib/python3.10/site-packages/airflow/example_dags/example_trigger_target_dag.py
[2024-10-03T22:52:14.298-0400] {logging_mixin.py:190} INFO - [2024-10-03T22:52:14.298-0400] {dag.py:3239} INFO - Sync 1 DAGs
[2024-10-03T22:52:14.376-0400] {logging_mixin.py:190} INFO - [2024-10-03T22:52:14.376-0400] {dag.py:4180} INFO - Setting next_dagrun for example_trigger_target_dag to None, run_after=None
[2024-10-03T22:52:15.219-0400] {processor.py:208} INFO - Processing /home/patrick/.cache/pypoetry/virtualenvs/airflow-wPbgcfzP-py3.10/lib/python3.10/site-packages/airflow/example_dags/example_trigger_target_dag.py took 9.935 seconds
[2024-10-03T22:57:03.413-0400] {processor.py:186} INFO - Started process (PID=36392) to work on /home/patrick/.cache/pypoetry/virtualenvs/airflow-wPbgcfzP-py3.10/lib/python3.10/site-packages/airflow/example_dags/example_trigger_target_dag.py
[2024-10-03T22:57:03.414-0400] {processor.py:914} INFO - Processing file /home/patrick/.cache/pypoetry/virtualenvs/airflow-wPbgcfzP-py3.10/lib/python3.10/site-packages/airflow/example_dags/example_trigger_target_dag.py for tasks to queue
[2024-10-03T22:57:03.415-0400] {logging_mixin.py:190} INFO - [2024-10-03T22:57:03.415-0400] {dagbag.py:588} INFO - Filling up the DagBag from /home/patrick/.cache/pypoetry/virtualenvs/airflow-wPbgcfzP-py3.10/lib/python3.10/site-packages/airflow/example_dags/example_trigger_target_dag.py
[2024-10-03T22:57:03.421-0400] {processor.py:925} INFO - DAG(s) 'example_trigger_target_dag' retrieved from /home/patrick/.cache/pypoetry/virtualenvs/airflow-wPbgcfzP-py3.10/lib/python3.10/site-packages/airflow/example_dags/example_trigger_target_dag.py
[2024-10-03T22:57:08.546-0400] {logging_mixin.py:190} INFO - [2024-10-03T22:57:08.546-0400] {dag.py:3239} INFO - Sync 1 DAGs
[2024-10-03T22:57:08.663-0400] {logging_mixin.py:190} INFO - [2024-10-03T22:57:08.662-0400] {dag.py:4180} INFO - Setting next_dagrun for example_trigger_target_dag to None, run_after=None
[2024-10-03T22:57:09.292-0400] {processor.py:208} INFO - Processing /home/patrick/.cache/pypoetry/virtualenvs/airflow-wPbgcfzP-py3.10/lib/python3.10/site-packages/airflow/example_dags/example_trigger_target_dag.py took 5.883 seconds
[2024-10-03T23:01:29.106-0400] {processor.py:186} INFO - Started process (PID=37611) to work on /home/patrick/.cache/pypoetry/virtualenvs/airflow-wPbgcfzP-py3.10/lib/python3.10/site-packages/airflow/example_dags/example_trigger_target_dag.py
[2024-10-03T23:01:29.107-0400] {processor.py:914} INFO - Processing file /home/patrick/.cache/pypoetry/virtualenvs/airflow-wPbgcfzP-py3.10/lib/python3.10/site-packages/airflow/example_dags/example_trigger_target_dag.py for tasks to queue
[2024-10-03T23:01:29.109-0400] {logging_mixin.py:190} INFO - [2024-10-03T23:01:29.109-0400] {dagbag.py:588} INFO - Filling up the DagBag from /home/patrick/.cache/pypoetry/virtualenvs/airflow-wPbgcfzP-py3.10/lib/python3.10/site-packages/airflow/example_dags/example_trigger_target_dag.py
[2024-10-03T23:01:29.114-0400] {processor.py:925} INFO - DAG(s) 'example_trigger_target_dag' retrieved from /home/patrick/.cache/pypoetry/virtualenvs/airflow-wPbgcfzP-py3.10/lib/python3.10/site-packages/airflow/example_dags/example_trigger_target_dag.py
[2024-10-03T23:01:32.748-0400] {logging_mixin.py:190} INFO - [2024-10-03T23:01:32.748-0400] {dag.py:3239} INFO - Sync 1 DAGs
[2024-10-03T23:01:32.935-0400] {logging_mixin.py:190} INFO - [2024-10-03T23:01:32.934-0400] {dag.py:4180} INFO - Setting next_dagrun for example_trigger_target_dag to None, run_after=None
[2024-10-03T23:01:33.816-0400] {processor.py:208} INFO - Processing /home/patrick/.cache/pypoetry/virtualenvs/airflow-wPbgcfzP-py3.10/lib/python3.10/site-packages/airflow/example_dags/example_trigger_target_dag.py took 4.714 seconds
[2024-10-03T23:05:00.658-0400] {processor.py:186} INFO - Started process (PID=38523) to work on /home/patrick/.cache/pypoetry/virtualenvs/airflow-wPbgcfzP-py3.10/lib/python3.10/site-packages/airflow/example_dags/example_trigger_target_dag.py
[2024-10-03T23:05:00.659-0400] {processor.py:914} INFO - Processing file /home/patrick/.cache/pypoetry/virtualenvs/airflow-wPbgcfzP-py3.10/lib/python3.10/site-packages/airflow/example_dags/example_trigger_target_dag.py for tasks to queue
[2024-10-03T23:05:00.663-0400] {logging_mixin.py:190} INFO - [2024-10-03T23:05:00.663-0400] {dagbag.py:588} INFO - Filling up the DagBag from /home/patrick/.cache/pypoetry/virtualenvs/airflow-wPbgcfzP-py3.10/lib/python3.10/site-packages/airflow/example_dags/example_trigger_target_dag.py
[2024-10-03T23:05:00.673-0400] {processor.py:925} INFO - DAG(s) 'example_trigger_target_dag' retrieved from /home/patrick/.cache/pypoetry/virtualenvs/airflow-wPbgcfzP-py3.10/lib/python3.10/site-packages/airflow/example_dags/example_trigger_target_dag.py
[2024-10-03T23:05:03.656-0400] {logging_mixin.py:190} INFO - [2024-10-03T23:05:03.656-0400] {dag.py:3239} INFO - Sync 1 DAGs
[2024-10-03T23:05:03.968-0400] {logging_mixin.py:190} INFO - [2024-10-03T23:05:03.968-0400] {dag.py:4180} INFO - Setting next_dagrun for example_trigger_target_dag to None, run_after=None
[2024-10-03T23:05:04.730-0400] {processor.py:208} INFO - Processing /home/patrick/.cache/pypoetry/virtualenvs/airflow-wPbgcfzP-py3.10/lib/python3.10/site-packages/airflow/example_dags/example_trigger_target_dag.py took 4.076 seconds
[2024-10-03T23:08:01.161-0400] {processor.py:186} INFO - Started process (PID=39336) to work on /home/patrick/.cache/pypoetry/virtualenvs/airflow-wPbgcfzP-py3.10/lib/python3.10/site-packages/airflow/example_dags/example_trigger_target_dag.py
[2024-10-03T23:08:01.162-0400] {processor.py:914} INFO - Processing file /home/patrick/.cache/pypoetry/virtualenvs/airflow-wPbgcfzP-py3.10/lib/python3.10/site-packages/airflow/example_dags/example_trigger_target_dag.py for tasks to queue
[2024-10-03T23:08:01.164-0400] {logging_mixin.py:190} INFO - [2024-10-03T23:08:01.164-0400] {dagbag.py:588} INFO - Filling up the DagBag from /home/patrick/.cache/pypoetry/virtualenvs/airflow-wPbgcfzP-py3.10/lib/python3.10/site-packages/airflow/example_dags/example_trigger_target_dag.py
[2024-10-03T23:08:01.171-0400] {processor.py:925} INFO - DAG(s) 'example_trigger_target_dag' retrieved from /home/patrick/.cache/pypoetry/virtualenvs/airflow-wPbgcfzP-py3.10/lib/python3.10/site-packages/airflow/example_dags/example_trigger_target_dag.py
[2024-10-03T23:08:13.116-0400] {logging_mixin.py:190} INFO - [2024-10-03T23:08:13.116-0400] {dag.py:3239} INFO - Sync 1 DAGs
[2024-10-03T23:08:13.204-0400] {logging_mixin.py:190} INFO - [2024-10-03T23:08:13.204-0400] {dag.py:4180} INFO - Setting next_dagrun for example_trigger_target_dag to None, run_after=None
[2024-10-03T23:08:13.916-0400] {processor.py:208} INFO - Processing /home/patrick/.cache/pypoetry/virtualenvs/airflow-wPbgcfzP-py3.10/lib/python3.10/site-packages/airflow/example_dags/example_trigger_target_dag.py took 12.759 seconds
[2024-10-03T23:10:43.391-0400] {processor.py:186} INFO - Started process (PID=40025) to work on /home/patrick/.cache/pypoetry/virtualenvs/airflow-wPbgcfzP-py3.10/lib/python3.10/site-packages/airflow/example_dags/example_trigger_target_dag.py
[2024-10-03T23:10:43.392-0400] {processor.py:914} INFO - Processing file /home/patrick/.cache/pypoetry/virtualenvs/airflow-wPbgcfzP-py3.10/lib/python3.10/site-packages/airflow/example_dags/example_trigger_target_dag.py for tasks to queue
[2024-10-03T23:10:43.394-0400] {logging_mixin.py:190} INFO - [2024-10-03T23:10:43.394-0400] {dagbag.py:588} INFO - Filling up the DagBag from /home/patrick/.cache/pypoetry/virtualenvs/airflow-wPbgcfzP-py3.10/lib/python3.10/site-packages/airflow/example_dags/example_trigger_target_dag.py
[2024-10-03T23:10:43.400-0400] {processor.py:925} INFO - DAG(s) 'example_trigger_target_dag' retrieved from /home/patrick/.cache/pypoetry/virtualenvs/airflow-wPbgcfzP-py3.10/lib/python3.10/site-packages/airflow/example_dags/example_trigger_target_dag.py
[2024-10-03T23:10:51.631-0400] {logging_mixin.py:190} INFO - [2024-10-03T23:10:51.631-0400] {dag.py:3239} INFO - Sync 1 DAGs
[2024-10-03T23:10:51.857-0400] {logging_mixin.py:190} INFO - [2024-10-03T23:10:51.857-0400] {dag.py:4180} INFO - Setting next_dagrun for example_trigger_target_dag to None, run_after=None
[2024-10-03T23:10:52.546-0400] {processor.py:208} INFO - Processing /home/patrick/.cache/pypoetry/virtualenvs/airflow-wPbgcfzP-py3.10/lib/python3.10/site-packages/airflow/example_dags/example_trigger_target_dag.py took 9.159 seconds
[2024-10-03T23:15:21.596-0400] {processor.py:186} INFO - Started process (PID=41237) to work on /home/patrick/.cache/pypoetry/virtualenvs/airflow-wPbgcfzP-py3.10/lib/python3.10/site-packages/airflow/example_dags/example_trigger_target_dag.py
[2024-10-03T23:15:21.598-0400] {processor.py:914} INFO - Processing file /home/patrick/.cache/pypoetry/virtualenvs/airflow-wPbgcfzP-py3.10/lib/python3.10/site-packages/airflow/example_dags/example_trigger_target_dag.py for tasks to queue
[2024-10-03T23:15:21.599-0400] {logging_mixin.py:190} INFO - [2024-10-03T23:15:21.599-0400] {dagbag.py:588} INFO - Filling up the DagBag from /home/patrick/.cache/pypoetry/virtualenvs/airflow-wPbgcfzP-py3.10/lib/python3.10/site-packages/airflow/example_dags/example_trigger_target_dag.py
[2024-10-03T23:15:21.605-0400] {processor.py:925} INFO - DAG(s) 'example_trigger_target_dag' retrieved from /home/patrick/.cache/pypoetry/virtualenvs/airflow-wPbgcfzP-py3.10/lib/python3.10/site-packages/airflow/example_dags/example_trigger_target_dag.py
[2024-10-03T23:15:24.163-0400] {logging_mixin.py:190} INFO - [2024-10-03T23:15:24.163-0400] {dag.py:3239} INFO - Sync 1 DAGs
[2024-10-03T23:15:24.302-0400] {logging_mixin.py:190} INFO - [2024-10-03T23:15:24.301-0400] {dag.py:4180} INFO - Setting next_dagrun for example_trigger_target_dag to None, run_after=None
[2024-10-03T23:15:25.220-0400] {processor.py:208} INFO - Processing /home/patrick/.cache/pypoetry/virtualenvs/airflow-wPbgcfzP-py3.10/lib/python3.10/site-packages/airflow/example_dags/example_trigger_target_dag.py took 3.628 seconds
[2024-10-03T23:17:27.295-0400] {processor.py:186} INFO - Started process (PID=41785) to work on /home/patrick/.cache/pypoetry/virtualenvs/airflow-wPbgcfzP-py3.10/lib/python3.10/site-packages/airflow/example_dags/example_trigger_target_dag.py
[2024-10-03T23:17:27.296-0400] {processor.py:914} INFO - Processing file /home/patrick/.cache/pypoetry/virtualenvs/airflow-wPbgcfzP-py3.10/lib/python3.10/site-packages/airflow/example_dags/example_trigger_target_dag.py for tasks to queue
[2024-10-03T23:17:27.298-0400] {logging_mixin.py:190} INFO - [2024-10-03T23:17:27.298-0400] {dagbag.py:588} INFO - Filling up the DagBag from /home/patrick/.cache/pypoetry/virtualenvs/airflow-wPbgcfzP-py3.10/lib/python3.10/site-packages/airflow/example_dags/example_trigger_target_dag.py
[2024-10-03T23:17:27.304-0400] {processor.py:925} INFO - DAG(s) 'example_trigger_target_dag' retrieved from /home/patrick/.cache/pypoetry/virtualenvs/airflow-wPbgcfzP-py3.10/lib/python3.10/site-packages/airflow/example_dags/example_trigger_target_dag.py
[2024-10-03T23:17:28.533-0400] {logging_mixin.py:190} INFO - [2024-10-03T23:17:28.533-0400] {dag.py:3239} INFO - Sync 1 DAGs
[2024-10-03T23:17:28.631-0400] {logging_mixin.py:190} INFO - [2024-10-03T23:17:28.630-0400] {dag.py:4180} INFO - Setting next_dagrun for example_trigger_target_dag to None, run_after=None
[2024-10-03T23:17:29.210-0400] {processor.py:208} INFO - Processing /home/patrick/.cache/pypoetry/virtualenvs/airflow-wPbgcfzP-py3.10/lib/python3.10/site-packages/airflow/example_dags/example_trigger_target_dag.py took 1.920 seconds
[2024-10-03T23:21:53.381-0400] {processor.py:186} INFO - Started process (PID=42945) to work on /home/patrick/.cache/pypoetry/virtualenvs/airflow-wPbgcfzP-py3.10/lib/python3.10/site-packages/airflow/example_dags/example_trigger_target_dag.py
[2024-10-03T23:21:53.382-0400] {processor.py:914} INFO - Processing file /home/patrick/.cache/pypoetry/virtualenvs/airflow-wPbgcfzP-py3.10/lib/python3.10/site-packages/airflow/example_dags/example_trigger_target_dag.py for tasks to queue
[2024-10-03T23:21:53.384-0400] {logging_mixin.py:190} INFO - [2024-10-03T23:21:53.384-0400] {dagbag.py:588} INFO - Filling up the DagBag from /home/patrick/.cache/pypoetry/virtualenvs/airflow-wPbgcfzP-py3.10/lib/python3.10/site-packages/airflow/example_dags/example_trigger_target_dag.py
[2024-10-03T23:21:53.388-0400] {processor.py:925} INFO - DAG(s) 'example_trigger_target_dag' retrieved from /home/patrick/.cache/pypoetry/virtualenvs/airflow-wPbgcfzP-py3.10/lib/python3.10/site-packages/airflow/example_dags/example_trigger_target_dag.py
[2024-10-03T23:21:56.653-0400] {logging_mixin.py:190} INFO - [2024-10-03T23:21:56.653-0400] {dag.py:3239} INFO - Sync 1 DAGs
[2024-10-03T23:21:56.749-0400] {logging_mixin.py:190} INFO - [2024-10-03T23:21:56.749-0400] {dag.py:4180} INFO - Setting next_dagrun for example_trigger_target_dag to None, run_after=None
[2024-10-03T23:21:57.423-0400] {processor.py:208} INFO - Processing /home/patrick/.cache/pypoetry/virtualenvs/airflow-wPbgcfzP-py3.10/lib/python3.10/site-packages/airflow/example_dags/example_trigger_target_dag.py took 4.045 seconds
[2024-10-03T23:24:01.577-0400] {processor.py:186} INFO - Started process (PID=43505) to work on /home/patrick/.cache/pypoetry/virtualenvs/airflow-wPbgcfzP-py3.10/lib/python3.10/site-packages/airflow/example_dags/example_trigger_target_dag.py
[2024-10-03T23:24:01.578-0400] {processor.py:914} INFO - Processing file /home/patrick/.cache/pypoetry/virtualenvs/airflow-wPbgcfzP-py3.10/lib/python3.10/site-packages/airflow/example_dags/example_trigger_target_dag.py for tasks to queue
[2024-10-03T23:24:01.579-0400] {logging_mixin.py:190} INFO - [2024-10-03T23:24:01.579-0400] {dagbag.py:588} INFO - Filling up the DagBag from /home/patrick/.cache/pypoetry/virtualenvs/airflow-wPbgcfzP-py3.10/lib/python3.10/site-packages/airflow/example_dags/example_trigger_target_dag.py
[2024-10-03T23:24:01.584-0400] {processor.py:925} INFO - DAG(s) 'example_trigger_target_dag' retrieved from /home/patrick/.cache/pypoetry/virtualenvs/airflow-wPbgcfzP-py3.10/lib/python3.10/site-packages/airflow/example_dags/example_trigger_target_dag.py
[2024-10-03T23:24:08.502-0400] {logging_mixin.py:190} INFO - [2024-10-03T23:24:08.501-0400] {dag.py:3239} INFO - Sync 1 DAGs
[2024-10-03T23:24:08.671-0400] {logging_mixin.py:190} INFO - [2024-10-03T23:24:08.671-0400] {dag.py:4180} INFO - Setting next_dagrun for example_trigger_target_dag to None, run_after=None
[2024-10-03T23:24:09.282-0400] {processor.py:208} INFO - Processing /home/patrick/.cache/pypoetry/virtualenvs/airflow-wPbgcfzP-py3.10/lib/python3.10/site-packages/airflow/example_dags/example_trigger_target_dag.py took 7.708 seconds
[2024-10-03T23:27:17.194-0400] {processor.py:186} INFO - Started process (PID=44325) to work on /home/patrick/.cache/pypoetry/virtualenvs/airflow-wPbgcfzP-py3.10/lib/python3.10/site-packages/airflow/example_dags/example_trigger_target_dag.py
[2024-10-03T23:27:17.195-0400] {processor.py:914} INFO - Processing file /home/patrick/.cache/pypoetry/virtualenvs/airflow-wPbgcfzP-py3.10/lib/python3.10/site-packages/airflow/example_dags/example_trigger_target_dag.py for tasks to queue
[2024-10-03T23:27:17.196-0400] {logging_mixin.py:190} INFO - [2024-10-03T23:27:17.196-0400] {dagbag.py:588} INFO - Filling up the DagBag from /home/patrick/.cache/pypoetry/virtualenvs/airflow-wPbgcfzP-py3.10/lib/python3.10/site-packages/airflow/example_dags/example_trigger_target_dag.py
[2024-10-03T23:27:17.201-0400] {processor.py:925} INFO - DAG(s) 'example_trigger_target_dag' retrieved from /home/patrick/.cache/pypoetry/virtualenvs/airflow-wPbgcfzP-py3.10/lib/python3.10/site-packages/airflow/example_dags/example_trigger_target_dag.py
[2024-10-03T23:27:19.906-0400] {logging_mixin.py:190} INFO - [2024-10-03T23:27:19.905-0400] {dag.py:3239} INFO - Sync 1 DAGs
[2024-10-03T23:27:20.037-0400] {logging_mixin.py:190} INFO - [2024-10-03T23:27:20.037-0400] {dag.py:4180} INFO - Setting next_dagrun for example_trigger_target_dag to None, run_after=None
[2024-10-03T23:27:20.712-0400] {processor.py:208} INFO - Processing /home/patrick/.cache/pypoetry/virtualenvs/airflow-wPbgcfzP-py3.10/lib/python3.10/site-packages/airflow/example_dags/example_trigger_target_dag.py took 3.522 seconds
[2024-10-03T23:31:37.575-0400] {processor.py:186} INFO - Started process (PID=45490) to work on /home/patrick/.cache/pypoetry/virtualenvs/airflow-wPbgcfzP-py3.10/lib/python3.10/site-packages/airflow/example_dags/example_trigger_target_dag.py
[2024-10-03T23:31:37.578-0400] {processor.py:914} INFO - Processing file /home/patrick/.cache/pypoetry/virtualenvs/airflow-wPbgcfzP-py3.10/lib/python3.10/site-packages/airflow/example_dags/example_trigger_target_dag.py for tasks to queue
[2024-10-03T23:31:37.580-0400] {logging_mixin.py:190} INFO - [2024-10-03T23:31:37.580-0400] {dagbag.py:588} INFO - Filling up the DagBag from /home/patrick/.cache/pypoetry/virtualenvs/airflow-wPbgcfzP-py3.10/lib/python3.10/site-packages/airflow/example_dags/example_trigger_target_dag.py
[2024-10-03T23:31:37.585-0400] {processor.py:925} INFO - DAG(s) 'example_trigger_target_dag' retrieved from /home/patrick/.cache/pypoetry/virtualenvs/airflow-wPbgcfzP-py3.10/lib/python3.10/site-packages/airflow/example_dags/example_trigger_target_dag.py
[2024-10-03T23:31:40.051-0400] {logging_mixin.py:190} INFO - [2024-10-03T23:31:40.051-0400] {dag.py:3239} INFO - Sync 1 DAGs
[2024-10-03T23:31:40.218-0400] {logging_mixin.py:190} INFO - [2024-10-03T23:31:40.218-0400] {dag.py:4180} INFO - Setting next_dagrun for example_trigger_target_dag to None, run_after=None
[2024-10-03T23:31:40.858-0400] {processor.py:208} INFO - Processing /home/patrick/.cache/pypoetry/virtualenvs/airflow-wPbgcfzP-py3.10/lib/python3.10/site-packages/airflow/example_dags/example_trigger_target_dag.py took 3.287 seconds
[2024-10-03T23:33:43.458-0400] {processor.py:186} INFO - Started process (PID=46037) to work on /home/patrick/.cache/pypoetry/virtualenvs/airflow-wPbgcfzP-py3.10/lib/python3.10/site-packages/airflow/example_dags/example_trigger_target_dag.py
[2024-10-03T23:33:43.459-0400] {processor.py:914} INFO - Processing file /home/patrick/.cache/pypoetry/virtualenvs/airflow-wPbgcfzP-py3.10/lib/python3.10/site-packages/airflow/example_dags/example_trigger_target_dag.py for tasks to queue
[2024-10-03T23:33:43.461-0400] {logging_mixin.py:190} INFO - [2024-10-03T23:33:43.460-0400] {dagbag.py:588} INFO - Filling up the DagBag from /home/patrick/.cache/pypoetry/virtualenvs/airflow-wPbgcfzP-py3.10/lib/python3.10/site-packages/airflow/example_dags/example_trigger_target_dag.py
[2024-10-03T23:33:43.465-0400] {processor.py:925} INFO - DAG(s) 'example_trigger_target_dag' retrieved from /home/patrick/.cache/pypoetry/virtualenvs/airflow-wPbgcfzP-py3.10/lib/python3.10/site-packages/airflow/example_dags/example_trigger_target_dag.py
[2024-10-03T23:33:45.358-0400] {logging_mixin.py:190} INFO - [2024-10-03T23:33:45.358-0400] {dag.py:3239} INFO - Sync 1 DAGs
[2024-10-03T23:33:45.410-0400] {logging_mixin.py:190} INFO - [2024-10-03T23:33:45.409-0400] {dag.py:4180} INFO - Setting next_dagrun for example_trigger_target_dag to None, run_after=None
[2024-10-03T23:33:45.936-0400] {processor.py:208} INFO - Processing /home/patrick/.cache/pypoetry/virtualenvs/airflow-wPbgcfzP-py3.10/lib/python3.10/site-packages/airflow/example_dags/example_trigger_target_dag.py took 2.481 seconds
[2024-10-03T23:35:49.969-0400] {processor.py:186} INFO - Started process (PID=46581) to work on /home/patrick/.cache/pypoetry/virtualenvs/airflow-wPbgcfzP-py3.10/lib/python3.10/site-packages/airflow/example_dags/example_trigger_target_dag.py
[2024-10-03T23:35:49.970-0400] {processor.py:914} INFO - Processing file /home/patrick/.cache/pypoetry/virtualenvs/airflow-wPbgcfzP-py3.10/lib/python3.10/site-packages/airflow/example_dags/example_trigger_target_dag.py for tasks to queue
[2024-10-03T23:35:49.972-0400] {logging_mixin.py:190} INFO - [2024-10-03T23:35:49.972-0400] {dagbag.py:588} INFO - Filling up the DagBag from /home/patrick/.cache/pypoetry/virtualenvs/airflow-wPbgcfzP-py3.10/lib/python3.10/site-packages/airflow/example_dags/example_trigger_target_dag.py
[2024-10-03T23:35:49.977-0400] {processor.py:925} INFO - DAG(s) 'example_trigger_target_dag' retrieved from /home/patrick/.cache/pypoetry/virtualenvs/airflow-wPbgcfzP-py3.10/lib/python3.10/site-packages/airflow/example_dags/example_trigger_target_dag.py
[2024-10-03T23:35:52.202-0400] {logging_mixin.py:190} INFO - [2024-10-03T23:35:52.202-0400] {dag.py:3239} INFO - Sync 1 DAGs
[2024-10-03T23:35:52.250-0400] {logging_mixin.py:190} INFO - [2024-10-03T23:35:52.250-0400] {dag.py:4180} INFO - Setting next_dagrun for example_trigger_target_dag to None, run_after=None
[2024-10-03T23:35:52.885-0400] {processor.py:208} INFO - Processing /home/patrick/.cache/pypoetry/virtualenvs/airflow-wPbgcfzP-py3.10/lib/python3.10/site-packages/airflow/example_dags/example_trigger_target_dag.py took 2.919 seconds
[2024-10-03T23:38:38.742-0400] {processor.py:186} INFO - Started process (PID=47296) to work on /home/patrick/.cache/pypoetry/virtualenvs/airflow-wPbgcfzP-py3.10/lib/python3.10/site-packages/airflow/example_dags/example_trigger_target_dag.py
[2024-10-03T23:38:38.743-0400] {processor.py:914} INFO - Processing file /home/patrick/.cache/pypoetry/virtualenvs/airflow-wPbgcfzP-py3.10/lib/python3.10/site-packages/airflow/example_dags/example_trigger_target_dag.py for tasks to queue
[2024-10-03T23:38:38.744-0400] {logging_mixin.py:190} INFO - [2024-10-03T23:38:38.744-0400] {dagbag.py:588} INFO - Filling up the DagBag from /home/patrick/.cache/pypoetry/virtualenvs/airflow-wPbgcfzP-py3.10/lib/python3.10/site-packages/airflow/example_dags/example_trigger_target_dag.py
[2024-10-03T23:38:38.749-0400] {processor.py:925} INFO - DAG(s) 'example_trigger_target_dag' retrieved from /home/patrick/.cache/pypoetry/virtualenvs/airflow-wPbgcfzP-py3.10/lib/python3.10/site-packages/airflow/example_dags/example_trigger_target_dag.py
[2024-10-03T23:38:40.918-0400] {logging_mixin.py:190} INFO - [2024-10-03T23:38:40.918-0400] {dag.py:3239} INFO - Sync 1 DAGs
[2024-10-03T23:38:40.969-0400] {logging_mixin.py:190} INFO - [2024-10-03T23:38:40.969-0400] {dag.py:4180} INFO - Setting next_dagrun for example_trigger_target_dag to None, run_after=None
[2024-10-03T23:38:41.481-0400] {processor.py:208} INFO - Processing /home/patrick/.cache/pypoetry/virtualenvs/airflow-wPbgcfzP-py3.10/lib/python3.10/site-packages/airflow/example_dags/example_trigger_target_dag.py took 2.743 seconds
[2024-10-03T23:41:56.149-0400] {processor.py:186} INFO - Started process (PID=48164) to work on /home/patrick/.cache/pypoetry/virtualenvs/airflow-wPbgcfzP-py3.10/lib/python3.10/site-packages/airflow/example_dags/example_trigger_target_dag.py
[2024-10-03T23:41:56.150-0400] {processor.py:914} INFO - Processing file /home/patrick/.cache/pypoetry/virtualenvs/airflow-wPbgcfzP-py3.10/lib/python3.10/site-packages/airflow/example_dags/example_trigger_target_dag.py for tasks to queue
[2024-10-03T23:41:56.152-0400] {logging_mixin.py:190} INFO - [2024-10-03T23:41:56.152-0400] {dagbag.py:588} INFO - Filling up the DagBag from /home/patrick/.cache/pypoetry/virtualenvs/airflow-wPbgcfzP-py3.10/lib/python3.10/site-packages/airflow/example_dags/example_trigger_target_dag.py
[2024-10-03T23:41:56.157-0400] {processor.py:925} INFO - DAG(s) 'example_trigger_target_dag' retrieved from /home/patrick/.cache/pypoetry/virtualenvs/airflow-wPbgcfzP-py3.10/lib/python3.10/site-packages/airflow/example_dags/example_trigger_target_dag.py
[2024-10-03T23:41:57.991-0400] {logging_mixin.py:190} INFO - [2024-10-03T23:41:57.991-0400] {dag.py:3239} INFO - Sync 1 DAGs
[2024-10-03T23:41:58.035-0400] {logging_mixin.py:190} INFO - [2024-10-03T23:41:58.035-0400] {dag.py:4180} INFO - Setting next_dagrun for example_trigger_target_dag to None, run_after=None
[2024-10-03T23:41:58.586-0400] {processor.py:208} INFO - Processing /home/patrick/.cache/pypoetry/virtualenvs/airflow-wPbgcfzP-py3.10/lib/python3.10/site-packages/airflow/example_dags/example_trigger_target_dag.py took 2.440 seconds
[2024-10-03T23:44:36.647-0400] {processor.py:186} INFO - Started process (PID=48847) to work on /home/patrick/.cache/pypoetry/virtualenvs/airflow-wPbgcfzP-py3.10/lib/python3.10/site-packages/airflow/example_dags/example_trigger_target_dag.py
[2024-10-03T23:44:36.648-0400] {processor.py:914} INFO - Processing file /home/patrick/.cache/pypoetry/virtualenvs/airflow-wPbgcfzP-py3.10/lib/python3.10/site-packages/airflow/example_dags/example_trigger_target_dag.py for tasks to queue
[2024-10-03T23:44:36.649-0400] {logging_mixin.py:190} INFO - [2024-10-03T23:44:36.649-0400] {dagbag.py:588} INFO - Filling up the DagBag from /home/patrick/.cache/pypoetry/virtualenvs/airflow-wPbgcfzP-py3.10/lib/python3.10/site-packages/airflow/example_dags/example_trigger_target_dag.py
[2024-10-03T23:44:36.654-0400] {processor.py:925} INFO - DAG(s) 'example_trigger_target_dag' retrieved from /home/patrick/.cache/pypoetry/virtualenvs/airflow-wPbgcfzP-py3.10/lib/python3.10/site-packages/airflow/example_dags/example_trigger_target_dag.py
[2024-10-03T23:44:38.064-0400] {logging_mixin.py:190} INFO - [2024-10-03T23:44:38.064-0400] {dag.py:3239} INFO - Sync 1 DAGs
[2024-10-03T23:44:38.117-0400] {logging_mixin.py:190} INFO - [2024-10-03T23:44:38.117-0400] {dag.py:4180} INFO - Setting next_dagrun for example_trigger_target_dag to None, run_after=None
[2024-10-03T23:44:38.668-0400] {processor.py:208} INFO - Processing /home/patrick/.cache/pypoetry/virtualenvs/airflow-wPbgcfzP-py3.10/lib/python3.10/site-packages/airflow/example_dags/example_trigger_target_dag.py took 2.025 seconds
[2024-10-03T23:46:46.829-0400] {processor.py:186} INFO - Started process (PID=49409) to work on /home/patrick/.cache/pypoetry/virtualenvs/airflow-wPbgcfzP-py3.10/lib/python3.10/site-packages/airflow/example_dags/example_trigger_target_dag.py
[2024-10-03T23:46:46.834-0400] {processor.py:914} INFO - Processing file /home/patrick/.cache/pypoetry/virtualenvs/airflow-wPbgcfzP-py3.10/lib/python3.10/site-packages/airflow/example_dags/example_trigger_target_dag.py for tasks to queue
[2024-10-03T23:46:46.836-0400] {logging_mixin.py:190} INFO - [2024-10-03T23:46:46.836-0400] {dagbag.py:588} INFO - Filling up the DagBag from /home/patrick/.cache/pypoetry/virtualenvs/airflow-wPbgcfzP-py3.10/lib/python3.10/site-packages/airflow/example_dags/example_trigger_target_dag.py
[2024-10-03T23:46:46.842-0400] {processor.py:925} INFO - DAG(s) 'example_trigger_target_dag' retrieved from /home/patrick/.cache/pypoetry/virtualenvs/airflow-wPbgcfzP-py3.10/lib/python3.10/site-packages/airflow/example_dags/example_trigger_target_dag.py
[2024-10-03T23:46:48.492-0400] {logging_mixin.py:190} INFO - [2024-10-03T23:46:48.492-0400] {dag.py:3239} INFO - Sync 1 DAGs
[2024-10-03T23:46:48.557-0400] {logging_mixin.py:190} INFO - [2024-10-03T23:46:48.557-0400] {dag.py:4180} INFO - Setting next_dagrun for example_trigger_target_dag to None, run_after=None
[2024-10-03T23:46:49.408-0400] {processor.py:208} INFO - Processing /home/patrick/.cache/pypoetry/virtualenvs/airflow-wPbgcfzP-py3.10/lib/python3.10/site-packages/airflow/example_dags/example_trigger_target_dag.py took 2.583 seconds
[2024-10-03T23:50:59.163-0400] {processor.py:186} INFO - Started process (PID=50491) to work on /home/patrick/.cache/pypoetry/virtualenvs/airflow-wPbgcfzP-py3.10/lib/python3.10/site-packages/airflow/example_dags/example_trigger_target_dag.py
[2024-10-03T23:50:59.164-0400] {processor.py:914} INFO - Processing file /home/patrick/.cache/pypoetry/virtualenvs/airflow-wPbgcfzP-py3.10/lib/python3.10/site-packages/airflow/example_dags/example_trigger_target_dag.py for tasks to queue
[2024-10-03T23:50:59.167-0400] {logging_mixin.py:190} INFO - [2024-10-03T23:50:59.166-0400] {dagbag.py:588} INFO - Filling up the DagBag from /home/patrick/.cache/pypoetry/virtualenvs/airflow-wPbgcfzP-py3.10/lib/python3.10/site-packages/airflow/example_dags/example_trigger_target_dag.py
[2024-10-03T23:50:59.174-0400] {processor.py:925} INFO - DAG(s) 'example_trigger_target_dag' retrieved from /home/patrick/.cache/pypoetry/virtualenvs/airflow-wPbgcfzP-py3.10/lib/python3.10/site-packages/airflow/example_dags/example_trigger_target_dag.py
[2024-10-03T23:51:02.569-0400] {logging_mixin.py:190} INFO - [2024-10-03T23:51:02.569-0400] {dag.py:3239} INFO - Sync 1 DAGs
[2024-10-03T23:51:02.716-0400] {logging_mixin.py:190} INFO - [2024-10-03T23:51:02.716-0400] {dag.py:4180} INFO - Setting next_dagrun for example_trigger_target_dag to None, run_after=None
[2024-10-03T23:51:03.552-0400] {processor.py:208} INFO - Processing /home/patrick/.cache/pypoetry/virtualenvs/airflow-wPbgcfzP-py3.10/lib/python3.10/site-packages/airflow/example_dags/example_trigger_target_dag.py took 4.394 seconds
[2024-10-03T23:55:20.904-0400] {processor.py:186} INFO - Started process (PID=51612) to work on /home/patrick/.cache/pypoetry/virtualenvs/airflow-wPbgcfzP-py3.10/lib/python3.10/site-packages/airflow/example_dags/example_trigger_target_dag.py
[2024-10-03T23:55:20.904-0400] {processor.py:914} INFO - Processing file /home/patrick/.cache/pypoetry/virtualenvs/airflow-wPbgcfzP-py3.10/lib/python3.10/site-packages/airflow/example_dags/example_trigger_target_dag.py for tasks to queue
[2024-10-03T23:55:20.906-0400] {logging_mixin.py:190} INFO - [2024-10-03T23:55:20.906-0400] {dagbag.py:588} INFO - Filling up the DagBag from /home/patrick/.cache/pypoetry/virtualenvs/airflow-wPbgcfzP-py3.10/lib/python3.10/site-packages/airflow/example_dags/example_trigger_target_dag.py
[2024-10-03T23:55:20.912-0400] {processor.py:925} INFO - DAG(s) 'example_trigger_target_dag' retrieved from /home/patrick/.cache/pypoetry/virtualenvs/airflow-wPbgcfzP-py3.10/lib/python3.10/site-packages/airflow/example_dags/example_trigger_target_dag.py
[2024-10-03T23:55:22.590-0400] {logging_mixin.py:190} INFO - [2024-10-03T23:55:22.589-0400] {dag.py:3239} INFO - Sync 1 DAGs
[2024-10-03T23:55:22.653-0400] {logging_mixin.py:190} INFO - [2024-10-03T23:55:22.653-0400] {dag.py:4180} INFO - Setting next_dagrun for example_trigger_target_dag to None, run_after=None
[2024-10-03T23:55:23.291-0400] {processor.py:208} INFO - Processing /home/patrick/.cache/pypoetry/virtualenvs/airflow-wPbgcfzP-py3.10/lib/python3.10/site-packages/airflow/example_dags/example_trigger_target_dag.py took 2.392 seconds
[2024-10-03T23:59:01.162-0400] {processor.py:186} INFO - Started process (PID=52568) to work on /home/patrick/.cache/pypoetry/virtualenvs/airflow-wPbgcfzP-py3.10/lib/python3.10/site-packages/airflow/example_dags/example_trigger_target_dag.py
[2024-10-03T23:59:01.163-0400] {processor.py:914} INFO - Processing file /home/patrick/.cache/pypoetry/virtualenvs/airflow-wPbgcfzP-py3.10/lib/python3.10/site-packages/airflow/example_dags/example_trigger_target_dag.py for tasks to queue
[2024-10-03T23:59:01.165-0400] {logging_mixin.py:190} INFO - [2024-10-03T23:59:01.165-0400] {dagbag.py:588} INFO - Filling up the DagBag from /home/patrick/.cache/pypoetry/virtualenvs/airflow-wPbgcfzP-py3.10/lib/python3.10/site-packages/airflow/example_dags/example_trigger_target_dag.py
[2024-10-03T23:59:01.170-0400] {processor.py:925} INFO - DAG(s) 'example_trigger_target_dag' retrieved from /home/patrick/.cache/pypoetry/virtualenvs/airflow-wPbgcfzP-py3.10/lib/python3.10/site-packages/airflow/example_dags/example_trigger_target_dag.py
[2024-10-03T23:59:05.464-0400] {logging_mixin.py:190} INFO - [2024-10-03T23:59:05.463-0400] {dag.py:3239} INFO - Sync 1 DAGs
[2024-10-03T23:59:05.629-0400] {logging_mixin.py:190} INFO - [2024-10-03T23:59:05.629-0400] {dag.py:4180} INFO - Setting next_dagrun for example_trigger_target_dag to None, run_after=None
[2024-10-03T23:59:06.495-0400] {processor.py:208} INFO - Processing /home/patrick/.cache/pypoetry/virtualenvs/airflow-wPbgcfzP-py3.10/lib/python3.10/site-packages/airflow/example_dags/example_trigger_target_dag.py took 5.338 seconds
[2024-10-04T00:03:39.214-0400] {processor.py:186} INFO - Started process (PID=53814) to work on /home/patrick/.cache/pypoetry/virtualenvs/airflow-wPbgcfzP-py3.10/lib/python3.10/site-packages/airflow/example_dags/example_trigger_target_dag.py
[2024-10-04T00:03:39.216-0400] {processor.py:914} INFO - Processing file /home/patrick/.cache/pypoetry/virtualenvs/airflow-wPbgcfzP-py3.10/lib/python3.10/site-packages/airflow/example_dags/example_trigger_target_dag.py for tasks to queue
[2024-10-04T00:03:39.218-0400] {logging_mixin.py:190} INFO - [2024-10-04T00:03:39.218-0400] {dagbag.py:588} INFO - Filling up the DagBag from /home/patrick/.cache/pypoetry/virtualenvs/airflow-wPbgcfzP-py3.10/lib/python3.10/site-packages/airflow/example_dags/example_trigger_target_dag.py
[2024-10-04T00:03:39.225-0400] {processor.py:925} INFO - DAG(s) 'example_trigger_target_dag' retrieved from /home/patrick/.cache/pypoetry/virtualenvs/airflow-wPbgcfzP-py3.10/lib/python3.10/site-packages/airflow/example_dags/example_trigger_target_dag.py
[2024-10-04T00:03:41.754-0400] {logging_mixin.py:190} INFO - [2024-10-04T00:03:41.754-0400] {dag.py:3239} INFO - Sync 1 DAGs
[2024-10-04T00:03:41.810-0400] {logging_mixin.py:190} INFO - [2024-10-04T00:03:41.809-0400] {dag.py:4180} INFO - Setting next_dagrun for example_trigger_target_dag to None, run_after=None
[2024-10-04T00:03:42.578-0400] {processor.py:208} INFO - Processing /home/patrick/.cache/pypoetry/virtualenvs/airflow-wPbgcfzP-py3.10/lib/python3.10/site-packages/airflow/example_dags/example_trigger_target_dag.py took 3.368 seconds
