[2024-10-03T20:47:05.482-0400] {processor.py:186} INFO - Started process (PID=1658) to work on /home/patrick/.cache/pypoetry/virtualenvs/airflow-wPbgcfzP-py3.10/lib/python3.10/site-packages/airflow/example_dags/example_bash_decorator.py
[2024-10-03T20:47:05.483-0400] {processor.py:914} INFO - Processing file /home/patrick/.cache/pypoetry/virtualenvs/airflow-wPbgcfzP-py3.10/lib/python3.10/site-packages/airflow/example_dags/example_bash_decorator.py for tasks to queue
[2024-10-03T20:47:05.485-0400] {logging_mixin.py:190} INFO - [2024-10-03T20:47:05.485-0400] {dagbag.py:588} INFO - Filling up the DagBag from /home/patrick/.cache/pypoetry/virtualenvs/airflow-wPbgcfzP-py3.10/lib/python3.10/site-packages/airflow/example_dags/example_bash_decorator.py
[2024-10-03T20:47:05.497-0400] {processor.py:925} INFO - DAG(s) 'example_bash_decorator' retrieved from /home/patrick/.cache/pypoetry/virtualenvs/airflow-wPbgcfzP-py3.10/lib/python3.10/site-packages/airflow/example_dags/example_bash_decorator.py
[2024-10-03T20:47:12.937-0400] {logging_mixin.py:190} INFO - [2024-10-03T20:47:12.936-0400] {dag.py:3239} INFO - Sync 1 DAGs
[2024-10-03T20:47:13.015-0400] {logging_mixin.py:190} INFO - [2024-10-03T20:47:13.015-0400] {dag.py:4180} INFO - Setting next_dagrun for example_bash_decorator to None, run_after=None
[2024-10-03T20:47:13.928-0400] {processor.py:208} INFO - Processing /home/patrick/.cache/pypoetry/virtualenvs/airflow-wPbgcfzP-py3.10/lib/python3.10/site-packages/airflow/example_dags/example_bash_decorator.py took 8.450 seconds
[2024-10-03T21:01:13.962-0400] {processor.py:186} INFO - Started process (PID=5231) to work on /home/patrick/.cache/pypoetry/virtualenvs/airflow-wPbgcfzP-py3.10/lib/python3.10/site-packages/airflow/example_dags/example_bash_decorator.py
[2024-10-03T21:01:13.963-0400] {processor.py:914} INFO - Processing file /home/patrick/.cache/pypoetry/virtualenvs/airflow-wPbgcfzP-py3.10/lib/python3.10/site-packages/airflow/example_dags/example_bash_decorator.py for tasks to queue
[2024-10-03T21:01:13.964-0400] {logging_mixin.py:190} INFO - [2024-10-03T21:01:13.964-0400] {dagbag.py:588} INFO - Filling up the DagBag from /home/patrick/.cache/pypoetry/virtualenvs/airflow-wPbgcfzP-py3.10/lib/python3.10/site-packages/airflow/example_dags/example_bash_decorator.py
[2024-10-03T21:01:13.973-0400] {processor.py:925} INFO - DAG(s) 'example_bash_decorator' retrieved from /home/patrick/.cache/pypoetry/virtualenvs/airflow-wPbgcfzP-py3.10/lib/python3.10/site-packages/airflow/example_dags/example_bash_decorator.py
[2024-10-03T21:01:25.917-0400] {logging_mixin.py:190} INFO - [2024-10-03T21:01:25.917-0400] {dag.py:3239} INFO - Sync 1 DAGs
[2024-10-03T21:01:26.004-0400] {logging_mixin.py:190} INFO - [2024-10-03T21:01:26.004-0400] {dag.py:4180} INFO - Setting next_dagrun for example_bash_decorator to None, run_after=None
[2024-10-03T21:01:26.850-0400] {processor.py:208} INFO - Processing /home/patrick/.cache/pypoetry/virtualenvs/airflow-wPbgcfzP-py3.10/lib/python3.10/site-packages/airflow/example_dags/example_bash_decorator.py took 12.891 seconds
[2024-10-03T21:04:12.894-0400] {processor.py:186} INFO - Started process (PID=5992) to work on /home/patrick/.cache/pypoetry/virtualenvs/airflow-wPbgcfzP-py3.10/lib/python3.10/site-packages/airflow/example_dags/example_bash_decorator.py
[2024-10-03T21:04:12.895-0400] {processor.py:914} INFO - Processing file /home/patrick/.cache/pypoetry/virtualenvs/airflow-wPbgcfzP-py3.10/lib/python3.10/site-packages/airflow/example_dags/example_bash_decorator.py for tasks to queue
[2024-10-03T21:04:12.896-0400] {logging_mixin.py:190} INFO - [2024-10-03T21:04:12.895-0400] {dagbag.py:588} INFO - Filling up the DagBag from /home/patrick/.cache/pypoetry/virtualenvs/airflow-wPbgcfzP-py3.10/lib/python3.10/site-packages/airflow/example_dags/example_bash_decorator.py
[2024-10-03T21:04:12.905-0400] {processor.py:925} INFO - DAG(s) 'example_bash_decorator' retrieved from /home/patrick/.cache/pypoetry/virtualenvs/airflow-wPbgcfzP-py3.10/lib/python3.10/site-packages/airflow/example_dags/example_bash_decorator.py
[2024-10-03T21:04:21.711-0400] {logging_mixin.py:190} INFO - [2024-10-03T21:04:21.711-0400] {dag.py:3239} INFO - Sync 1 DAGs
[2024-10-03T21:04:22.168-0400] {logging_mixin.py:190} INFO - [2024-10-03T21:04:22.167-0400] {dag.py:4180} INFO - Setting next_dagrun for example_bash_decorator to None, run_after=None
[2024-10-03T21:04:23.054-0400] {processor.py:208} INFO - Processing /home/patrick/.cache/pypoetry/virtualenvs/airflow-wPbgcfzP-py3.10/lib/python3.10/site-packages/airflow/example_dags/example_bash_decorator.py took 10.163 seconds
[2024-10-03T21:08:36.271-0400] {processor.py:186} INFO - Started process (PID=7128) to work on /home/patrick/.cache/pypoetry/virtualenvs/airflow-wPbgcfzP-py3.10/lib/python3.10/site-packages/airflow/example_dags/example_bash_decorator.py
[2024-10-03T21:08:36.272-0400] {processor.py:914} INFO - Processing file /home/patrick/.cache/pypoetry/virtualenvs/airflow-wPbgcfzP-py3.10/lib/python3.10/site-packages/airflow/example_dags/example_bash_decorator.py for tasks to queue
[2024-10-03T21:08:36.272-0400] {logging_mixin.py:190} INFO - [2024-10-03T21:08:36.272-0400] {dagbag.py:588} INFO - Filling up the DagBag from /home/patrick/.cache/pypoetry/virtualenvs/airflow-wPbgcfzP-py3.10/lib/python3.10/site-packages/airflow/example_dags/example_bash_decorator.py
[2024-10-03T21:08:36.281-0400] {processor.py:925} INFO - DAG(s) 'example_bash_decorator' retrieved from /home/patrick/.cache/pypoetry/virtualenvs/airflow-wPbgcfzP-py3.10/lib/python3.10/site-packages/airflow/example_dags/example_bash_decorator.py
[2024-10-03T21:08:38.425-0400] {logging_mixin.py:190} INFO - [2024-10-03T21:08:38.425-0400] {dag.py:3239} INFO - Sync 1 DAGs
[2024-10-03T21:08:38.561-0400] {logging_mixin.py:190} INFO - [2024-10-03T21:08:38.561-0400] {dag.py:4180} INFO - Setting next_dagrun for example_bash_decorator to None, run_after=None
[2024-10-03T21:08:39.259-0400] {processor.py:208} INFO - Processing /home/patrick/.cache/pypoetry/virtualenvs/airflow-wPbgcfzP-py3.10/lib/python3.10/site-packages/airflow/example_dags/example_bash_decorator.py took 2.992 seconds
[2024-10-03T21:17:28.329-0400] {processor.py:186} INFO - Started process (PID=9576) to work on /home/patrick/.cache/pypoetry/virtualenvs/airflow-wPbgcfzP-py3.10/lib/python3.10/site-packages/airflow/example_dags/example_bash_decorator.py
[2024-10-03T21:17:28.330-0400] {processor.py:914} INFO - Processing file /home/patrick/.cache/pypoetry/virtualenvs/airflow-wPbgcfzP-py3.10/lib/python3.10/site-packages/airflow/example_dags/example_bash_decorator.py for tasks to queue
[2024-10-03T21:17:28.331-0400] {logging_mixin.py:190} INFO - [2024-10-03T21:17:28.331-0400] {dagbag.py:588} INFO - Filling up the DagBag from /home/patrick/.cache/pypoetry/virtualenvs/airflow-wPbgcfzP-py3.10/lib/python3.10/site-packages/airflow/example_dags/example_bash_decorator.py
[2024-10-03T21:17:28.341-0400] {processor.py:925} INFO - DAG(s) 'example_bash_decorator' retrieved from /home/patrick/.cache/pypoetry/virtualenvs/airflow-wPbgcfzP-py3.10/lib/python3.10/site-packages/airflow/example_dags/example_bash_decorator.py
[2024-10-03T21:17:31.202-0400] {logging_mixin.py:190} INFO - [2024-10-03T21:17:31.202-0400] {dag.py:3239} INFO - Sync 1 DAGs
[2024-10-03T21:17:31.248-0400] {logging_mixin.py:190} INFO - [2024-10-03T21:17:31.248-0400] {dag.py:4180} INFO - Setting next_dagrun for example_bash_decorator to None, run_after=None
[2024-10-03T21:17:31.838-0400] {processor.py:208} INFO - Processing /home/patrick/.cache/pypoetry/virtualenvs/airflow-wPbgcfzP-py3.10/lib/python3.10/site-packages/airflow/example_dags/example_bash_decorator.py took 3.513 seconds
[2024-10-03T21:21:55.081-0400] {processor.py:186} INFO - Started process (PID=10777) to work on /home/patrick/.cache/pypoetry/virtualenvs/airflow-wPbgcfzP-py3.10/lib/python3.10/site-packages/airflow/example_dags/example_bash_decorator.py
[2024-10-03T21:21:55.082-0400] {processor.py:914} INFO - Processing file /home/patrick/.cache/pypoetry/virtualenvs/airflow-wPbgcfzP-py3.10/lib/python3.10/site-packages/airflow/example_dags/example_bash_decorator.py for tasks to queue
[2024-10-03T21:21:55.083-0400] {logging_mixin.py:190} INFO - [2024-10-03T21:21:55.083-0400] {dagbag.py:588} INFO - Filling up the DagBag from /home/patrick/.cache/pypoetry/virtualenvs/airflow-wPbgcfzP-py3.10/lib/python3.10/site-packages/airflow/example_dags/example_bash_decorator.py
[2024-10-03T21:21:55.092-0400] {processor.py:925} INFO - DAG(s) 'example_bash_decorator' retrieved from /home/patrick/.cache/pypoetry/virtualenvs/airflow-wPbgcfzP-py3.10/lib/python3.10/site-packages/airflow/example_dags/example_bash_decorator.py
[2024-10-03T21:21:57.640-0400] {logging_mixin.py:190} INFO - [2024-10-03T21:21:57.639-0400] {dag.py:3239} INFO - Sync 1 DAGs
[2024-10-03T21:21:57.701-0400] {logging_mixin.py:190} INFO - [2024-10-03T21:21:57.701-0400] {dag.py:4180} INFO - Setting next_dagrun for example_bash_decorator to None, run_after=None
[2024-10-03T21:21:58.350-0400] {processor.py:208} INFO - Processing /home/patrick/.cache/pypoetry/virtualenvs/airflow-wPbgcfzP-py3.10/lib/python3.10/site-packages/airflow/example_dags/example_bash_decorator.py took 3.272 seconds
[2024-10-03T21:24:42.634-0400] {processor.py:186} INFO - Started process (PID=11496) to work on /home/patrick/.cache/pypoetry/virtualenvs/airflow-wPbgcfzP-py3.10/lib/python3.10/site-packages/airflow/example_dags/example_bash_decorator.py
[2024-10-03T21:24:42.635-0400] {processor.py:914} INFO - Processing file /home/patrick/.cache/pypoetry/virtualenvs/airflow-wPbgcfzP-py3.10/lib/python3.10/site-packages/airflow/example_dags/example_bash_decorator.py for tasks to queue
[2024-10-03T21:24:42.636-0400] {logging_mixin.py:190} INFO - [2024-10-03T21:24:42.636-0400] {dagbag.py:588} INFO - Filling up the DagBag from /home/patrick/.cache/pypoetry/virtualenvs/airflow-wPbgcfzP-py3.10/lib/python3.10/site-packages/airflow/example_dags/example_bash_decorator.py
[2024-10-03T21:24:42.644-0400] {processor.py:925} INFO - DAG(s) 'example_bash_decorator' retrieved from /home/patrick/.cache/pypoetry/virtualenvs/airflow-wPbgcfzP-py3.10/lib/python3.10/site-packages/airflow/example_dags/example_bash_decorator.py
[2024-10-03T21:24:44.504-0400] {logging_mixin.py:190} INFO - [2024-10-03T21:24:44.504-0400] {dag.py:3239} INFO - Sync 1 DAGs
[2024-10-03T21:24:44.558-0400] {logging_mixin.py:190} INFO - [2024-10-03T21:24:44.558-0400] {dag.py:4180} INFO - Setting next_dagrun for example_bash_decorator to None, run_after=None
[2024-10-03T21:24:45.193-0400] {processor.py:208} INFO - Processing /home/patrick/.cache/pypoetry/virtualenvs/airflow-wPbgcfzP-py3.10/lib/python3.10/site-packages/airflow/example_dags/example_bash_decorator.py took 2.563 seconds
[2024-10-03T21:29:48.553-0400] {processor.py:186} INFO - Started process (PID=12890) to work on /home/patrick/.cache/pypoetry/virtualenvs/airflow-wPbgcfzP-py3.10/lib/python3.10/site-packages/airflow/example_dags/example_bash_decorator.py
[2024-10-03T21:29:48.554-0400] {processor.py:914} INFO - Processing file /home/patrick/.cache/pypoetry/virtualenvs/airflow-wPbgcfzP-py3.10/lib/python3.10/site-packages/airflow/example_dags/example_bash_decorator.py for tasks to queue
[2024-10-03T21:29:48.555-0400] {logging_mixin.py:190} INFO - [2024-10-03T21:29:48.555-0400] {dagbag.py:588} INFO - Filling up the DagBag from /home/patrick/.cache/pypoetry/virtualenvs/airflow-wPbgcfzP-py3.10/lib/python3.10/site-packages/airflow/example_dags/example_bash_decorator.py
[2024-10-03T21:29:48.563-0400] {processor.py:925} INFO - DAG(s) 'example_bash_decorator' retrieved from /home/patrick/.cache/pypoetry/virtualenvs/airflow-wPbgcfzP-py3.10/lib/python3.10/site-packages/airflow/example_dags/example_bash_decorator.py
[2024-10-03T21:29:53.256-0400] {logging_mixin.py:190} INFO - [2024-10-03T21:29:53.255-0400] {dag.py:3239} INFO - Sync 1 DAGs
[2024-10-03T21:29:53.300-0400] {logging_mixin.py:190} INFO - [2024-10-03T21:29:53.300-0400] {dag.py:4180} INFO - Setting next_dagrun for example_bash_decorator to None, run_after=None
[2024-10-03T21:29:53.920-0400] {processor.py:208} INFO - Processing /home/patrick/.cache/pypoetry/virtualenvs/airflow-wPbgcfzP-py3.10/lib/python3.10/site-packages/airflow/example_dags/example_bash_decorator.py took 5.371 seconds
[2024-10-03T21:33:31.827-0400] {processor.py:186} INFO - Started process (PID=13856) to work on /home/patrick/.cache/pypoetry/virtualenvs/airflow-wPbgcfzP-py3.10/lib/python3.10/site-packages/airflow/example_dags/example_bash_decorator.py
[2024-10-03T21:33:31.828-0400] {processor.py:914} INFO - Processing file /home/patrick/.cache/pypoetry/virtualenvs/airflow-wPbgcfzP-py3.10/lib/python3.10/site-packages/airflow/example_dags/example_bash_decorator.py for tasks to queue
[2024-10-03T21:33:31.830-0400] {logging_mixin.py:190} INFO - [2024-10-03T21:33:31.830-0400] {dagbag.py:588} INFO - Filling up the DagBag from /home/patrick/.cache/pypoetry/virtualenvs/airflow-wPbgcfzP-py3.10/lib/python3.10/site-packages/airflow/example_dags/example_bash_decorator.py
[2024-10-03T21:33:31.839-0400] {processor.py:925} INFO - DAG(s) 'example_bash_decorator' retrieved from /home/patrick/.cache/pypoetry/virtualenvs/airflow-wPbgcfzP-py3.10/lib/python3.10/site-packages/airflow/example_dags/example_bash_decorator.py
[2024-10-03T21:33:35.070-0400] {logging_mixin.py:190} INFO - [2024-10-03T21:33:35.070-0400] {dag.py:3239} INFO - Sync 1 DAGs
[2024-10-03T21:33:35.230-0400] {logging_mixin.py:190} INFO - [2024-10-03T21:33:35.230-0400] {dag.py:4180} INFO - Setting next_dagrun for example_bash_decorator to None, run_after=None
[2024-10-03T21:33:35.932-0400] {processor.py:208} INFO - Processing /home/patrick/.cache/pypoetry/virtualenvs/airflow-wPbgcfzP-py3.10/lib/python3.10/site-packages/airflow/example_dags/example_bash_decorator.py took 4.108 seconds
[2024-10-03T21:39:49.357-0400] {processor.py:186} INFO - Started process (PID=15580) to work on /home/patrick/.cache/pypoetry/virtualenvs/airflow-wPbgcfzP-py3.10/lib/python3.10/site-packages/airflow/example_dags/example_bash_decorator.py
[2024-10-03T21:39:49.358-0400] {processor.py:914} INFO - Processing file /home/patrick/.cache/pypoetry/virtualenvs/airflow-wPbgcfzP-py3.10/lib/python3.10/site-packages/airflow/example_dags/example_bash_decorator.py for tasks to queue
[2024-10-03T21:39:49.362-0400] {logging_mixin.py:190} INFO - [2024-10-03T21:39:49.361-0400] {dagbag.py:588} INFO - Filling up the DagBag from /home/patrick/.cache/pypoetry/virtualenvs/airflow-wPbgcfzP-py3.10/lib/python3.10/site-packages/airflow/example_dags/example_bash_decorator.py
[2024-10-03T21:39:49.371-0400] {processor.py:925} INFO - DAG(s) 'example_bash_decorator' retrieved from /home/patrick/.cache/pypoetry/virtualenvs/airflow-wPbgcfzP-py3.10/lib/python3.10/site-packages/airflow/example_dags/example_bash_decorator.py
[2024-10-03T21:39:53.619-0400] {logging_mixin.py:190} INFO - [2024-10-03T21:39:53.619-0400] {dag.py:3239} INFO - Sync 1 DAGs
[2024-10-03T21:39:53.740-0400] {logging_mixin.py:190} INFO - [2024-10-03T21:39:53.740-0400] {dag.py:4180} INFO - Setting next_dagrun for example_bash_decorator to None, run_after=None
[2024-10-03T21:39:54.554-0400] {processor.py:208} INFO - Processing /home/patrick/.cache/pypoetry/virtualenvs/airflow-wPbgcfzP-py3.10/lib/python3.10/site-packages/airflow/example_dags/example_bash_decorator.py took 5.200 seconds
[2024-10-03T21:45:04.107-0400] {processor.py:186} INFO - Started process (PID=17012) to work on /home/patrick/.cache/pypoetry/virtualenvs/airflow-wPbgcfzP-py3.10/lib/python3.10/site-packages/airflow/example_dags/example_bash_decorator.py
[2024-10-03T21:45:04.108-0400] {processor.py:914} INFO - Processing file /home/patrick/.cache/pypoetry/virtualenvs/airflow-wPbgcfzP-py3.10/lib/python3.10/site-packages/airflow/example_dags/example_bash_decorator.py for tasks to queue
[2024-10-03T21:45:04.110-0400] {logging_mixin.py:190} INFO - [2024-10-03T21:45:04.110-0400] {dagbag.py:588} INFO - Filling up the DagBag from /home/patrick/.cache/pypoetry/virtualenvs/airflow-wPbgcfzP-py3.10/lib/python3.10/site-packages/airflow/example_dags/example_bash_decorator.py
[2024-10-03T21:45:04.118-0400] {processor.py:925} INFO - DAG(s) 'example_bash_decorator' retrieved from /home/patrick/.cache/pypoetry/virtualenvs/airflow-wPbgcfzP-py3.10/lib/python3.10/site-packages/airflow/example_dags/example_bash_decorator.py
[2024-10-03T21:45:12.562-0400] {logging_mixin.py:190} INFO - [2024-10-03T21:45:12.562-0400] {dag.py:3239} INFO - Sync 1 DAGs
[2024-10-03T21:45:12.915-0400] {logging_mixin.py:190} INFO - [2024-10-03T21:45:12.915-0400] {dag.py:4180} INFO - Setting next_dagrun for example_bash_decorator to None, run_after=None
[2024-10-03T21:45:13.517-0400] {processor.py:208} INFO - Processing /home/patrick/.cache/pypoetry/virtualenvs/airflow-wPbgcfzP-py3.10/lib/python3.10/site-packages/airflow/example_dags/example_bash_decorator.py took 9.415 seconds
[2024-10-03T21:49:23.648-0400] {processor.py:186} INFO - Started process (PID=18145) to work on /home/patrick/.cache/pypoetry/virtualenvs/airflow-wPbgcfzP-py3.10/lib/python3.10/site-packages/airflow/example_dags/example_bash_decorator.py
[2024-10-03T21:49:23.649-0400] {processor.py:914} INFO - Processing file /home/patrick/.cache/pypoetry/virtualenvs/airflow-wPbgcfzP-py3.10/lib/python3.10/site-packages/airflow/example_dags/example_bash_decorator.py for tasks to queue
[2024-10-03T21:49:23.651-0400] {logging_mixin.py:190} INFO - [2024-10-03T21:49:23.651-0400] {dagbag.py:588} INFO - Filling up the DagBag from /home/patrick/.cache/pypoetry/virtualenvs/airflow-wPbgcfzP-py3.10/lib/python3.10/site-packages/airflow/example_dags/example_bash_decorator.py
[2024-10-03T21:49:23.668-0400] {processor.py:925} INFO - DAG(s) 'example_bash_decorator' retrieved from /home/patrick/.cache/pypoetry/virtualenvs/airflow-wPbgcfzP-py3.10/lib/python3.10/site-packages/airflow/example_dags/example_bash_decorator.py
[2024-10-03T21:49:25.055-0400] {logging_mixin.py:190} INFO - [2024-10-03T21:49:25.055-0400] {dag.py:3239} INFO - Sync 1 DAGs
[2024-10-03T21:49:25.128-0400] {logging_mixin.py:190} INFO - [2024-10-03T21:49:25.127-0400] {dag.py:4180} INFO - Setting next_dagrun for example_bash_decorator to None, run_after=None
[2024-10-03T21:49:25.790-0400] {processor.py:208} INFO - Processing /home/patrick/.cache/pypoetry/virtualenvs/airflow-wPbgcfzP-py3.10/lib/python3.10/site-packages/airflow/example_dags/example_bash_decorator.py took 2.145 seconds
[2024-10-03T21:53:38.091-0400] {processor.py:186} INFO - Started process (PID=19229) to work on /home/patrick/.cache/pypoetry/virtualenvs/airflow-wPbgcfzP-py3.10/lib/python3.10/site-packages/airflow/example_dags/example_bash_decorator.py
[2024-10-03T21:53:38.092-0400] {processor.py:914} INFO - Processing file /home/patrick/.cache/pypoetry/virtualenvs/airflow-wPbgcfzP-py3.10/lib/python3.10/site-packages/airflow/example_dags/example_bash_decorator.py for tasks to queue
[2024-10-03T21:53:38.093-0400] {logging_mixin.py:190} INFO - [2024-10-03T21:53:38.093-0400] {dagbag.py:588} INFO - Filling up the DagBag from /home/patrick/.cache/pypoetry/virtualenvs/airflow-wPbgcfzP-py3.10/lib/python3.10/site-packages/airflow/example_dags/example_bash_decorator.py
[2024-10-03T21:53:38.103-0400] {processor.py:925} INFO - DAG(s) 'example_bash_decorator' retrieved from /home/patrick/.cache/pypoetry/virtualenvs/airflow-wPbgcfzP-py3.10/lib/python3.10/site-packages/airflow/example_dags/example_bash_decorator.py
[2024-10-03T21:53:41.622-0400] {logging_mixin.py:190} INFO - [2024-10-03T21:53:41.622-0400] {dag.py:3239} INFO - Sync 1 DAGs
[2024-10-03T21:53:41.675-0400] {logging_mixin.py:190} INFO - [2024-10-03T21:53:41.675-0400] {dag.py:4180} INFO - Setting next_dagrun for example_bash_decorator to None, run_after=None
[2024-10-03T21:53:42.216-0400] {processor.py:208} INFO - Processing /home/patrick/.cache/pypoetry/virtualenvs/airflow-wPbgcfzP-py3.10/lib/python3.10/site-packages/airflow/example_dags/example_bash_decorator.py took 4.129 seconds
[2024-10-03T21:57:31.923-0400] {processor.py:186} INFO - Started process (PID=20235) to work on /home/patrick/.cache/pypoetry/virtualenvs/airflow-wPbgcfzP-py3.10/lib/python3.10/site-packages/airflow/example_dags/example_bash_decorator.py
[2024-10-03T21:57:31.924-0400] {processor.py:914} INFO - Processing file /home/patrick/.cache/pypoetry/virtualenvs/airflow-wPbgcfzP-py3.10/lib/python3.10/site-packages/airflow/example_dags/example_bash_decorator.py for tasks to queue
[2024-10-03T21:57:31.925-0400] {logging_mixin.py:190} INFO - [2024-10-03T21:57:31.925-0400] {dagbag.py:588} INFO - Filling up the DagBag from /home/patrick/.cache/pypoetry/virtualenvs/airflow-wPbgcfzP-py3.10/lib/python3.10/site-packages/airflow/example_dags/example_bash_decorator.py
[2024-10-03T21:57:31.934-0400] {processor.py:925} INFO - DAG(s) 'example_bash_decorator' retrieved from /home/patrick/.cache/pypoetry/virtualenvs/airflow-wPbgcfzP-py3.10/lib/python3.10/site-packages/airflow/example_dags/example_bash_decorator.py
[2024-10-03T21:57:33.541-0400] {logging_mixin.py:190} INFO - [2024-10-03T21:57:33.540-0400] {dag.py:3239} INFO - Sync 1 DAGs
[2024-10-03T21:57:33.622-0400] {logging_mixin.py:190} INFO - [2024-10-03T21:57:33.622-0400] {dag.py:4180} INFO - Setting next_dagrun for example_bash_decorator to None, run_after=None
[2024-10-03T21:57:34.268-0400] {processor.py:208} INFO - Processing /home/patrick/.cache/pypoetry/virtualenvs/airflow-wPbgcfzP-py3.10/lib/python3.10/site-packages/airflow/example_dags/example_bash_decorator.py took 2.348 seconds
[2024-10-03T22:01:40.984-0400] {processor.py:186} INFO - Started process (PID=21300) to work on /home/patrick/.cache/pypoetry/virtualenvs/airflow-wPbgcfzP-py3.10/lib/python3.10/site-packages/airflow/example_dags/example_bash_decorator.py
[2024-10-03T22:01:40.984-0400] {processor.py:914} INFO - Processing file /home/patrick/.cache/pypoetry/virtualenvs/airflow-wPbgcfzP-py3.10/lib/python3.10/site-packages/airflow/example_dags/example_bash_decorator.py for tasks to queue
[2024-10-03T22:01:40.986-0400] {logging_mixin.py:190} INFO - [2024-10-03T22:01:40.986-0400] {dagbag.py:588} INFO - Filling up the DagBag from /home/patrick/.cache/pypoetry/virtualenvs/airflow-wPbgcfzP-py3.10/lib/python3.10/site-packages/airflow/example_dags/example_bash_decorator.py
[2024-10-03T22:01:40.995-0400] {processor.py:925} INFO - DAG(s) 'example_bash_decorator' retrieved from /home/patrick/.cache/pypoetry/virtualenvs/airflow-wPbgcfzP-py3.10/lib/python3.10/site-packages/airflow/example_dags/example_bash_decorator.py
[2024-10-03T22:01:45.692-0400] {logging_mixin.py:190} INFO - [2024-10-03T22:01:45.691-0400] {dag.py:3239} INFO - Sync 1 DAGs
[2024-10-03T22:01:45.886-0400] {logging_mixin.py:190} INFO - [2024-10-03T22:01:45.886-0400] {dag.py:4180} INFO - Setting next_dagrun for example_bash_decorator to None, run_after=None
[2024-10-03T22:01:46.536-0400] {processor.py:208} INFO - Processing /home/patrick/.cache/pypoetry/virtualenvs/airflow-wPbgcfzP-py3.10/lib/python3.10/site-packages/airflow/example_dags/example_bash_decorator.py took 5.556 seconds
[2024-10-03T22:06:20.952-0400] {processor.py:186} INFO - Started process (PID=22490) to work on /home/patrick/.cache/pypoetry/virtualenvs/airflow-wPbgcfzP-py3.10/lib/python3.10/site-packages/airflow/example_dags/example_bash_decorator.py
[2024-10-03T22:06:20.953-0400] {processor.py:914} INFO - Processing file /home/patrick/.cache/pypoetry/virtualenvs/airflow-wPbgcfzP-py3.10/lib/python3.10/site-packages/airflow/example_dags/example_bash_decorator.py for tasks to queue
[2024-10-03T22:06:20.954-0400] {logging_mixin.py:190} INFO - [2024-10-03T22:06:20.954-0400] {dagbag.py:588} INFO - Filling up the DagBag from /home/patrick/.cache/pypoetry/virtualenvs/airflow-wPbgcfzP-py3.10/lib/python3.10/site-packages/airflow/example_dags/example_bash_decorator.py
[2024-10-03T22:06:20.963-0400] {processor.py:925} INFO - DAG(s) 'example_bash_decorator' retrieved from /home/patrick/.cache/pypoetry/virtualenvs/airflow-wPbgcfzP-py3.10/lib/python3.10/site-packages/airflow/example_dags/example_bash_decorator.py
[2024-10-03T22:06:31.358-0400] {logging_mixin.py:190} INFO - [2024-10-03T22:06:31.357-0400] {dag.py:3239} INFO - Sync 1 DAGs
[2024-10-03T22:06:31.535-0400] {logging_mixin.py:190} INFO - [2024-10-03T22:06:31.535-0400] {dag.py:4180} INFO - Setting next_dagrun for example_bash_decorator to None, run_after=None
[2024-10-03T22:06:32.339-0400] {processor.py:208} INFO - Processing /home/patrick/.cache/pypoetry/virtualenvs/airflow-wPbgcfzP-py3.10/lib/python3.10/site-packages/airflow/example_dags/example_bash_decorator.py took 11.391 seconds
[2024-10-03T22:11:39.997-0400] {processor.py:186} INFO - Started process (PID=23925) to work on /home/patrick/.cache/pypoetry/virtualenvs/airflow-wPbgcfzP-py3.10/lib/python3.10/site-packages/airflow/example_dags/example_bash_decorator.py
[2024-10-03T22:11:39.999-0400] {processor.py:914} INFO - Processing file /home/patrick/.cache/pypoetry/virtualenvs/airflow-wPbgcfzP-py3.10/lib/python3.10/site-packages/airflow/example_dags/example_bash_decorator.py for tasks to queue
[2024-10-03T22:11:40.000-0400] {logging_mixin.py:190} INFO - [2024-10-03T22:11:40.000-0400] {dagbag.py:588} INFO - Filling up the DagBag from /home/patrick/.cache/pypoetry/virtualenvs/airflow-wPbgcfzP-py3.10/lib/python3.10/site-packages/airflow/example_dags/example_bash_decorator.py
[2024-10-03T22:11:40.009-0400] {processor.py:925} INFO - DAG(s) 'example_bash_decorator' retrieved from /home/patrick/.cache/pypoetry/virtualenvs/airflow-wPbgcfzP-py3.10/lib/python3.10/site-packages/airflow/example_dags/example_bash_decorator.py
[2024-10-03T22:11:44.428-0400] {logging_mixin.py:190} INFO - [2024-10-03T22:11:44.427-0400] {dag.py:3239} INFO - Sync 1 DAGs
[2024-10-03T22:11:44.483-0400] {logging_mixin.py:190} INFO - [2024-10-03T22:11:44.483-0400] {dag.py:4180} INFO - Setting next_dagrun for example_bash_decorator to None, run_after=None
[2024-10-03T22:11:45.209-0400] {processor.py:208} INFO - Processing /home/patrick/.cache/pypoetry/virtualenvs/airflow-wPbgcfzP-py3.10/lib/python3.10/site-packages/airflow/example_dags/example_bash_decorator.py took 5.216 seconds
[2024-10-03T22:17:47.362-0400] {processor.py:186} INFO - Started process (PID=25598) to work on /home/patrick/.cache/pypoetry/virtualenvs/airflow-wPbgcfzP-py3.10/lib/python3.10/site-packages/airflow/example_dags/example_bash_decorator.py
[2024-10-03T22:17:47.363-0400] {processor.py:914} INFO - Processing file /home/patrick/.cache/pypoetry/virtualenvs/airflow-wPbgcfzP-py3.10/lib/python3.10/site-packages/airflow/example_dags/example_bash_decorator.py for tasks to queue
[2024-10-03T22:17:47.364-0400] {logging_mixin.py:190} INFO - [2024-10-03T22:17:47.364-0400] {dagbag.py:588} INFO - Filling up the DagBag from /home/patrick/.cache/pypoetry/virtualenvs/airflow-wPbgcfzP-py3.10/lib/python3.10/site-packages/airflow/example_dags/example_bash_decorator.py
[2024-10-03T22:17:47.373-0400] {processor.py:925} INFO - DAG(s) 'example_bash_decorator' retrieved from /home/patrick/.cache/pypoetry/virtualenvs/airflow-wPbgcfzP-py3.10/lib/python3.10/site-packages/airflow/example_dags/example_bash_decorator.py
[2024-10-03T22:17:53.763-0400] {logging_mixin.py:190} INFO - [2024-10-03T22:17:53.763-0400] {dag.py:3239} INFO - Sync 1 DAGs
[2024-10-03T22:17:53.987-0400] {logging_mixin.py:190} INFO - [2024-10-03T22:17:53.987-0400] {dag.py:4180} INFO - Setting next_dagrun for example_bash_decorator to None, run_after=None
[2024-10-03T22:17:54.831-0400] {processor.py:208} INFO - Processing /home/patrick/.cache/pypoetry/virtualenvs/airflow-wPbgcfzP-py3.10/lib/python3.10/site-packages/airflow/example_dags/example_bash_decorator.py took 7.473 seconds
[2024-10-03T22:21:30.982-0400] {processor.py:186} INFO - Started process (PID=26579) to work on /home/patrick/.cache/pypoetry/virtualenvs/airflow-wPbgcfzP-py3.10/lib/python3.10/site-packages/airflow/example_dags/example_bash_decorator.py
[2024-10-03T22:21:30.983-0400] {processor.py:914} INFO - Processing file /home/patrick/.cache/pypoetry/virtualenvs/airflow-wPbgcfzP-py3.10/lib/python3.10/site-packages/airflow/example_dags/example_bash_decorator.py for tasks to queue
[2024-10-03T22:21:30.985-0400] {logging_mixin.py:190} INFO - [2024-10-03T22:21:30.985-0400] {dagbag.py:588} INFO - Filling up the DagBag from /home/patrick/.cache/pypoetry/virtualenvs/airflow-wPbgcfzP-py3.10/lib/python3.10/site-packages/airflow/example_dags/example_bash_decorator.py
[2024-10-03T22:21:30.994-0400] {processor.py:925} INFO - DAG(s) 'example_bash_decorator' retrieved from /home/patrick/.cache/pypoetry/virtualenvs/airflow-wPbgcfzP-py3.10/lib/python3.10/site-packages/airflow/example_dags/example_bash_decorator.py
[2024-10-03T22:21:33.829-0400] {logging_mixin.py:190} INFO - [2024-10-03T22:21:33.828-0400] {dag.py:3239} INFO - Sync 1 DAGs
[2024-10-03T22:21:33.892-0400] {logging_mixin.py:190} INFO - [2024-10-03T22:21:33.892-0400] {dag.py:4180} INFO - Setting next_dagrun for example_bash_decorator to None, run_after=None
[2024-10-03T22:21:34.432-0400] {processor.py:208} INFO - Processing /home/patrick/.cache/pypoetry/virtualenvs/airflow-wPbgcfzP-py3.10/lib/python3.10/site-packages/airflow/example_dags/example_bash_decorator.py took 3.453 seconds
[2024-10-03T22:26:22.590-0400] {processor.py:186} INFO - Started process (PID=27913) to work on /home/patrick/.cache/pypoetry/virtualenvs/airflow-wPbgcfzP-py3.10/lib/python3.10/site-packages/airflow/example_dags/example_bash_decorator.py
[2024-10-03T22:26:22.591-0400] {processor.py:914} INFO - Processing file /home/patrick/.cache/pypoetry/virtualenvs/airflow-wPbgcfzP-py3.10/lib/python3.10/site-packages/airflow/example_dags/example_bash_decorator.py for tasks to queue
[2024-10-03T22:26:22.594-0400] {logging_mixin.py:190} INFO - [2024-10-03T22:26:22.593-0400] {dagbag.py:588} INFO - Filling up the DagBag from /home/patrick/.cache/pypoetry/virtualenvs/airflow-wPbgcfzP-py3.10/lib/python3.10/site-packages/airflow/example_dags/example_bash_decorator.py
[2024-10-03T22:26:22.603-0400] {processor.py:925} INFO - DAG(s) 'example_bash_decorator' retrieved from /home/patrick/.cache/pypoetry/virtualenvs/airflow-wPbgcfzP-py3.10/lib/python3.10/site-packages/airflow/example_dags/example_bash_decorator.py
[2024-10-03T22:26:33.996-0400] {logging_mixin.py:190} INFO - [2024-10-03T22:26:33.996-0400] {dag.py:3239} INFO - Sync 1 DAGs
[2024-10-03T22:26:34.366-0400] {logging_mixin.py:190} INFO - [2024-10-03T22:26:34.366-0400] {dag.py:4180} INFO - Setting next_dagrun for example_bash_decorator to None, run_after=None
[2024-10-03T22:26:35.199-0400] {processor.py:208} INFO - Processing /home/patrick/.cache/pypoetry/virtualenvs/airflow-wPbgcfzP-py3.10/lib/python3.10/site-packages/airflow/example_dags/example_bash_decorator.py took 12.613 seconds
[2024-10-03T22:33:40.083-0400] {processor.py:186} INFO - Started process (PID=29841) to work on /home/patrick/.cache/pypoetry/virtualenvs/airflow-wPbgcfzP-py3.10/lib/python3.10/site-packages/airflow/example_dags/example_bash_decorator.py
[2024-10-03T22:33:40.084-0400] {processor.py:914} INFO - Processing file /home/patrick/.cache/pypoetry/virtualenvs/airflow-wPbgcfzP-py3.10/lib/python3.10/site-packages/airflow/example_dags/example_bash_decorator.py for tasks to queue
[2024-10-03T22:33:40.086-0400] {logging_mixin.py:190} INFO - [2024-10-03T22:33:40.086-0400] {dagbag.py:588} INFO - Filling up the DagBag from /home/patrick/.cache/pypoetry/virtualenvs/airflow-wPbgcfzP-py3.10/lib/python3.10/site-packages/airflow/example_dags/example_bash_decorator.py
[2024-10-03T22:33:40.095-0400] {processor.py:925} INFO - DAG(s) 'example_bash_decorator' retrieved from /home/patrick/.cache/pypoetry/virtualenvs/airflow-wPbgcfzP-py3.10/lib/python3.10/site-packages/airflow/example_dags/example_bash_decorator.py
[2024-10-03T22:33:42.402-0400] {logging_mixin.py:190} INFO - [2024-10-03T22:33:42.402-0400] {dag.py:3239} INFO - Sync 1 DAGs
[2024-10-03T22:33:42.540-0400] {logging_mixin.py:190} INFO - [2024-10-03T22:33:42.540-0400] {dag.py:4180} INFO - Setting next_dagrun for example_bash_decorator to None, run_after=None
[2024-10-03T22:33:43.129-0400] {processor.py:208} INFO - Processing /home/patrick/.cache/pypoetry/virtualenvs/airflow-wPbgcfzP-py3.10/lib/python3.10/site-packages/airflow/example_dags/example_bash_decorator.py took 3.050 seconds
[2024-10-03T22:39:16.394-0400] {processor.py:186} INFO - Started process (PID=31405) to work on /home/patrick/.cache/pypoetry/virtualenvs/airflow-wPbgcfzP-py3.10/lib/python3.10/site-packages/airflow/example_dags/example_bash_decorator.py
[2024-10-03T22:39:16.395-0400] {processor.py:914} INFO - Processing file /home/patrick/.cache/pypoetry/virtualenvs/airflow-wPbgcfzP-py3.10/lib/python3.10/site-packages/airflow/example_dags/example_bash_decorator.py for tasks to queue
[2024-10-03T22:39:16.397-0400] {logging_mixin.py:190} INFO - [2024-10-03T22:39:16.396-0400] {dagbag.py:588} INFO - Filling up the DagBag from /home/patrick/.cache/pypoetry/virtualenvs/airflow-wPbgcfzP-py3.10/lib/python3.10/site-packages/airflow/example_dags/example_bash_decorator.py
[2024-10-03T22:39:16.406-0400] {processor.py:925} INFO - DAG(s) 'example_bash_decorator' retrieved from /home/patrick/.cache/pypoetry/virtualenvs/airflow-wPbgcfzP-py3.10/lib/python3.10/site-packages/airflow/example_dags/example_bash_decorator.py
[2024-10-03T22:39:21.834-0400] {logging_mixin.py:190} INFO - [2024-10-03T22:39:21.834-0400] {dag.py:3239} INFO - Sync 1 DAGs
[2024-10-03T22:39:21.967-0400] {logging_mixin.py:190} INFO - [2024-10-03T22:39:21.967-0400] {dag.py:4180} INFO - Setting next_dagrun for example_bash_decorator to None, run_after=None
[2024-10-03T22:39:22.931-0400] {processor.py:208} INFO - Processing /home/patrick/.cache/pypoetry/virtualenvs/airflow-wPbgcfzP-py3.10/lib/python3.10/site-packages/airflow/example_dags/example_bash_decorator.py took 6.540 seconds
[2024-10-03T22:43:11.891-0400] {processor.py:186} INFO - Started process (PID=32487) to work on /home/patrick/.cache/pypoetry/virtualenvs/airflow-wPbgcfzP-py3.10/lib/python3.10/site-packages/airflow/example_dags/example_bash_decorator.py
[2024-10-03T22:43:11.891-0400] {processor.py:914} INFO - Processing file /home/patrick/.cache/pypoetry/virtualenvs/airflow-wPbgcfzP-py3.10/lib/python3.10/site-packages/airflow/example_dags/example_bash_decorator.py for tasks to queue
[2024-10-03T22:43:11.893-0400] {logging_mixin.py:190} INFO - [2024-10-03T22:43:11.893-0400] {dagbag.py:588} INFO - Filling up the DagBag from /home/patrick/.cache/pypoetry/virtualenvs/airflow-wPbgcfzP-py3.10/lib/python3.10/site-packages/airflow/example_dags/example_bash_decorator.py
[2024-10-03T22:43:11.902-0400] {processor.py:925} INFO - DAG(s) 'example_bash_decorator' retrieved from /home/patrick/.cache/pypoetry/virtualenvs/airflow-wPbgcfzP-py3.10/lib/python3.10/site-packages/airflow/example_dags/example_bash_decorator.py
[2024-10-03T22:43:20.172-0400] {logging_mixin.py:190} INFO - [2024-10-03T22:43:20.172-0400] {dag.py:3239} INFO - Sync 1 DAGs
[2024-10-03T22:43:20.406-0400] {logging_mixin.py:190} INFO - [2024-10-03T22:43:20.406-0400] {dag.py:4180} INFO - Setting next_dagrun for example_bash_decorator to None, run_after=None
[2024-10-03T22:43:21.006-0400] {processor.py:208} INFO - Processing /home/patrick/.cache/pypoetry/virtualenvs/airflow-wPbgcfzP-py3.10/lib/python3.10/site-packages/airflow/example_dags/example_bash_decorator.py took 9.119 seconds
[2024-10-03T22:49:23.902-0400] {processor.py:186} INFO - Started process (PID=34226) to work on /home/patrick/.cache/pypoetry/virtualenvs/airflow-wPbgcfzP-py3.10/lib/python3.10/site-packages/airflow/example_dags/example_bash_decorator.py
[2024-10-03T22:49:23.903-0400] {processor.py:914} INFO - Processing file /home/patrick/.cache/pypoetry/virtualenvs/airflow-wPbgcfzP-py3.10/lib/python3.10/site-packages/airflow/example_dags/example_bash_decorator.py for tasks to queue
[2024-10-03T22:49:23.905-0400] {logging_mixin.py:190} INFO - [2024-10-03T22:49:23.905-0400] {dagbag.py:588} INFO - Filling up the DagBag from /home/patrick/.cache/pypoetry/virtualenvs/airflow-wPbgcfzP-py3.10/lib/python3.10/site-packages/airflow/example_dags/example_bash_decorator.py
[2024-10-03T22:49:23.915-0400] {processor.py:925} INFO - DAG(s) 'example_bash_decorator' retrieved from /home/patrick/.cache/pypoetry/virtualenvs/airflow-wPbgcfzP-py3.10/lib/python3.10/site-packages/airflow/example_dags/example_bash_decorator.py
[2024-10-03T22:49:31.799-0400] {logging_mixin.py:190} INFO - [2024-10-03T22:49:31.798-0400] {dag.py:3239} INFO - Sync 1 DAGs
[2024-10-03T22:49:32.095-0400] {logging_mixin.py:190} INFO - [2024-10-03T22:49:32.095-0400] {dag.py:4180} INFO - Setting next_dagrun for example_bash_decorator to None, run_after=None
[2024-10-03T22:49:33.051-0400] {processor.py:208} INFO - Processing /home/patrick/.cache/pypoetry/virtualenvs/airflow-wPbgcfzP-py3.10/lib/python3.10/site-packages/airflow/example_dags/example_bash_decorator.py took 9.152 seconds
[2024-10-03T22:58:03.642-0400] {processor.py:186} INFO - Started process (PID=36678) to work on /home/patrick/.cache/pypoetry/virtualenvs/airflow-wPbgcfzP-py3.10/lib/python3.10/site-packages/airflow/example_dags/example_bash_decorator.py
[2024-10-03T22:58:03.643-0400] {processor.py:914} INFO - Processing file /home/patrick/.cache/pypoetry/virtualenvs/airflow-wPbgcfzP-py3.10/lib/python3.10/site-packages/airflow/example_dags/example_bash_decorator.py for tasks to queue
[2024-10-03T22:58:03.645-0400] {logging_mixin.py:190} INFO - [2024-10-03T22:58:03.645-0400] {dagbag.py:588} INFO - Filling up the DagBag from /home/patrick/.cache/pypoetry/virtualenvs/airflow-wPbgcfzP-py3.10/lib/python3.10/site-packages/airflow/example_dags/example_bash_decorator.py
[2024-10-03T22:58:03.654-0400] {processor.py:925} INFO - DAG(s) 'example_bash_decorator' retrieved from /home/patrick/.cache/pypoetry/virtualenvs/airflow-wPbgcfzP-py3.10/lib/python3.10/site-packages/airflow/example_dags/example_bash_decorator.py
[2024-10-03T22:58:26.278-0400] {logging_mixin.py:190} INFO - [2024-10-03T22:58:26.278-0400] {dag.py:3239} INFO - Sync 1 DAGs
[2024-10-03T22:58:26.810-0400] {logging_mixin.py:190} INFO - [2024-10-03T22:58:26.810-0400] {dag.py:4180} INFO - Setting next_dagrun for example_bash_decorator to None, run_after=None
[2024-10-03T22:58:27.795-0400] {processor.py:208} INFO - Processing /home/patrick/.cache/pypoetry/virtualenvs/airflow-wPbgcfzP-py3.10/lib/python3.10/site-packages/airflow/example_dags/example_bash_decorator.py took 24.157 seconds
[2024-10-03T23:02:38.397-0400] {processor.py:186} INFO - Started process (PID=37903) to work on /home/patrick/.cache/pypoetry/virtualenvs/airflow-wPbgcfzP-py3.10/lib/python3.10/site-packages/airflow/example_dags/example_bash_decorator.py
[2024-10-03T23:02:38.398-0400] {processor.py:914} INFO - Processing file /home/patrick/.cache/pypoetry/virtualenvs/airflow-wPbgcfzP-py3.10/lib/python3.10/site-packages/airflow/example_dags/example_bash_decorator.py for tasks to queue
[2024-10-03T23:02:38.400-0400] {logging_mixin.py:190} INFO - [2024-10-03T23:02:38.399-0400] {dagbag.py:588} INFO - Filling up the DagBag from /home/patrick/.cache/pypoetry/virtualenvs/airflow-wPbgcfzP-py3.10/lib/python3.10/site-packages/airflow/example_dags/example_bash_decorator.py
[2024-10-03T23:02:38.410-0400] {processor.py:925} INFO - DAG(s) 'example_bash_decorator' retrieved from /home/patrick/.cache/pypoetry/virtualenvs/airflow-wPbgcfzP-py3.10/lib/python3.10/site-packages/airflow/example_dags/example_bash_decorator.py
[2024-10-03T23:02:45.645-0400] {logging_mixin.py:190} INFO - [2024-10-03T23:02:45.645-0400] {dag.py:3239} INFO - Sync 1 DAGs
[2024-10-03T23:02:45.832-0400] {logging_mixin.py:190} INFO - [2024-10-03T23:02:45.832-0400] {dag.py:4180} INFO - Setting next_dagrun for example_bash_decorator to None, run_after=None
[2024-10-03T23:02:46.638-0400] {processor.py:208} INFO - Processing /home/patrick/.cache/pypoetry/virtualenvs/airflow-wPbgcfzP-py3.10/lib/python3.10/site-packages/airflow/example_dags/example_bash_decorator.py took 8.245 seconds
[2024-10-03T23:09:01.403-0400] {processor.py:186} INFO - Started process (PID=39589) to work on /home/patrick/.cache/pypoetry/virtualenvs/airflow-wPbgcfzP-py3.10/lib/python3.10/site-packages/airflow/example_dags/example_bash_decorator.py
[2024-10-03T23:09:01.404-0400] {processor.py:914} INFO - Processing file /home/patrick/.cache/pypoetry/virtualenvs/airflow-wPbgcfzP-py3.10/lib/python3.10/site-packages/airflow/example_dags/example_bash_decorator.py for tasks to queue
[2024-10-03T23:09:01.406-0400] {logging_mixin.py:190} INFO - [2024-10-03T23:09:01.406-0400] {dagbag.py:588} INFO - Filling up the DagBag from /home/patrick/.cache/pypoetry/virtualenvs/airflow-wPbgcfzP-py3.10/lib/python3.10/site-packages/airflow/example_dags/example_bash_decorator.py
[2024-10-03T23:09:01.418-0400] {processor.py:925} INFO - DAG(s) 'example_bash_decorator' retrieved from /home/patrick/.cache/pypoetry/virtualenvs/airflow-wPbgcfzP-py3.10/lib/python3.10/site-packages/airflow/example_dags/example_bash_decorator.py
[2024-10-03T23:09:08.542-0400] {logging_mixin.py:190} INFO - [2024-10-03T23:09:08.542-0400] {dag.py:3239} INFO - Sync 1 DAGs
[2024-10-03T23:09:08.774-0400] {logging_mixin.py:190} INFO - [2024-10-03T23:09:08.774-0400] {dag.py:4180} INFO - Setting next_dagrun for example_bash_decorator to None, run_after=None
[2024-10-03T23:09:09.442-0400] {processor.py:208} INFO - Processing /home/patrick/.cache/pypoetry/virtualenvs/airflow-wPbgcfzP-py3.10/lib/python3.10/site-packages/airflow/example_dags/example_bash_decorator.py took 8.044 seconds
[2024-10-03T23:13:25.904-0400] {processor.py:186} INFO - Started process (PID=40747) to work on /home/patrick/.cache/pypoetry/virtualenvs/airflow-wPbgcfzP-py3.10/lib/python3.10/site-packages/airflow/example_dags/example_bash_decorator.py
[2024-10-03T23:13:25.905-0400] {processor.py:914} INFO - Processing file /home/patrick/.cache/pypoetry/virtualenvs/airflow-wPbgcfzP-py3.10/lib/python3.10/site-packages/airflow/example_dags/example_bash_decorator.py for tasks to queue
[2024-10-03T23:13:25.907-0400] {logging_mixin.py:190} INFO - [2024-10-03T23:13:25.907-0400] {dagbag.py:588} INFO - Filling up the DagBag from /home/patrick/.cache/pypoetry/virtualenvs/airflow-wPbgcfzP-py3.10/lib/python3.10/site-packages/airflow/example_dags/example_bash_decorator.py
[2024-10-03T23:13:25.917-0400] {processor.py:925} INFO - DAG(s) 'example_bash_decorator' retrieved from /home/patrick/.cache/pypoetry/virtualenvs/airflow-wPbgcfzP-py3.10/lib/python3.10/site-packages/airflow/example_dags/example_bash_decorator.py
[2024-10-03T23:13:28.396-0400] {logging_mixin.py:190} INFO - [2024-10-03T23:13:28.395-0400] {dag.py:3239} INFO - Sync 1 DAGs
[2024-10-03T23:13:28.532-0400] {logging_mixin.py:190} INFO - [2024-10-03T23:13:28.532-0400] {dag.py:4180} INFO - Setting next_dagrun for example_bash_decorator to None, run_after=None
[2024-10-03T23:13:29.241-0400] {processor.py:208} INFO - Processing /home/patrick/.cache/pypoetry/virtualenvs/airflow-wPbgcfzP-py3.10/lib/python3.10/site-packages/airflow/example_dags/example_bash_decorator.py took 3.342 seconds
[2024-10-03T23:17:50.808-0400] {processor.py:186} INFO - Started process (PID=41889) to work on /home/patrick/.cache/pypoetry/virtualenvs/airflow-wPbgcfzP-py3.10/lib/python3.10/site-packages/airflow/example_dags/example_bash_decorator.py
[2024-10-03T23:17:50.809-0400] {processor.py:914} INFO - Processing file /home/patrick/.cache/pypoetry/virtualenvs/airflow-wPbgcfzP-py3.10/lib/python3.10/site-packages/airflow/example_dags/example_bash_decorator.py for tasks to queue
[2024-10-03T23:17:50.810-0400] {logging_mixin.py:190} INFO - [2024-10-03T23:17:50.810-0400] {dagbag.py:588} INFO - Filling up the DagBag from /home/patrick/.cache/pypoetry/virtualenvs/airflow-wPbgcfzP-py3.10/lib/python3.10/site-packages/airflow/example_dags/example_bash_decorator.py
[2024-10-03T23:17:50.821-0400] {processor.py:925} INFO - DAG(s) 'example_bash_decorator' retrieved from /home/patrick/.cache/pypoetry/virtualenvs/airflow-wPbgcfzP-py3.10/lib/python3.10/site-packages/airflow/example_dags/example_bash_decorator.py
[2024-10-03T23:17:54.415-0400] {logging_mixin.py:190} INFO - [2024-10-03T23:17:54.415-0400] {dag.py:3239} INFO - Sync 1 DAGs
[2024-10-03T23:17:54.748-0400] {logging_mixin.py:190} INFO - [2024-10-03T23:17:54.747-0400] {dag.py:4180} INFO - Setting next_dagrun for example_bash_decorator to None, run_after=None
[2024-10-03T23:17:55.619-0400] {processor.py:208} INFO - Processing /home/patrick/.cache/pypoetry/virtualenvs/airflow-wPbgcfzP-py3.10/lib/python3.10/site-packages/airflow/example_dags/example_bash_decorator.py took 4.815 seconds
[2024-10-03T23:22:32.211-0400] {processor.py:186} INFO - Started process (PID=43121) to work on /home/patrick/.cache/pypoetry/virtualenvs/airflow-wPbgcfzP-py3.10/lib/python3.10/site-packages/airflow/example_dags/example_bash_decorator.py
[2024-10-03T23:22:32.212-0400] {processor.py:914} INFO - Processing file /home/patrick/.cache/pypoetry/virtualenvs/airflow-wPbgcfzP-py3.10/lib/python3.10/site-packages/airflow/example_dags/example_bash_decorator.py for tasks to queue
[2024-10-03T23:22:32.214-0400] {logging_mixin.py:190} INFO - [2024-10-03T23:22:32.214-0400] {dagbag.py:588} INFO - Filling up the DagBag from /home/patrick/.cache/pypoetry/virtualenvs/airflow-wPbgcfzP-py3.10/lib/python3.10/site-packages/airflow/example_dags/example_bash_decorator.py
[2024-10-03T23:22:32.222-0400] {processor.py:925} INFO - DAG(s) 'example_bash_decorator' retrieved from /home/patrick/.cache/pypoetry/virtualenvs/airflow-wPbgcfzP-py3.10/lib/python3.10/site-packages/airflow/example_dags/example_bash_decorator.py
[2024-10-03T23:22:47.820-0400] {logging_mixin.py:190} INFO - [2024-10-03T23:22:47.820-0400] {dag.py:3239} INFO - Sync 1 DAGs
[2024-10-03T23:22:48.169-0400] {logging_mixin.py:190} INFO - [2024-10-03T23:22:48.169-0400] {dag.py:4180} INFO - Setting next_dagrun for example_bash_decorator to None, run_after=None
[2024-10-03T23:22:48.982-0400] {processor.py:208} INFO - Processing /home/patrick/.cache/pypoetry/virtualenvs/airflow-wPbgcfzP-py3.10/lib/python3.10/site-packages/airflow/example_dags/example_bash_decorator.py took 16.774 seconds
[2024-10-03T23:27:45.861-0400] {processor.py:186} INFO - Started process (PID=44453) to work on /home/patrick/.cache/pypoetry/virtualenvs/airflow-wPbgcfzP-py3.10/lib/python3.10/site-packages/airflow/example_dags/example_bash_decorator.py
[2024-10-03T23:27:45.862-0400] {processor.py:914} INFO - Processing file /home/patrick/.cache/pypoetry/virtualenvs/airflow-wPbgcfzP-py3.10/lib/python3.10/site-packages/airflow/example_dags/example_bash_decorator.py for tasks to queue
[2024-10-03T23:27:45.863-0400] {logging_mixin.py:190} INFO - [2024-10-03T23:27:45.863-0400] {dagbag.py:588} INFO - Filling up the DagBag from /home/patrick/.cache/pypoetry/virtualenvs/airflow-wPbgcfzP-py3.10/lib/python3.10/site-packages/airflow/example_dags/example_bash_decorator.py
[2024-10-03T23:27:45.872-0400] {processor.py:925} INFO - DAG(s) 'example_bash_decorator' retrieved from /home/patrick/.cache/pypoetry/virtualenvs/airflow-wPbgcfzP-py3.10/lib/python3.10/site-packages/airflow/example_dags/example_bash_decorator.py
[2024-10-03T23:27:48.448-0400] {logging_mixin.py:190} INFO - [2024-10-03T23:27:48.447-0400] {dag.py:3239} INFO - Sync 1 DAGs
[2024-10-03T23:27:48.528-0400] {logging_mixin.py:190} INFO - [2024-10-03T23:27:48.528-0400] {dag.py:4180} INFO - Setting next_dagrun for example_bash_decorator to None, run_after=None
[2024-10-03T23:27:49.166-0400] {processor.py:208} INFO - Processing /home/patrick/.cache/pypoetry/virtualenvs/airflow-wPbgcfzP-py3.10/lib/python3.10/site-packages/airflow/example_dags/example_bash_decorator.py took 3.309 seconds
[2024-10-03T23:32:22.637-0400] {processor.py:186} INFO - Started process (PID=45682) to work on /home/patrick/.cache/pypoetry/virtualenvs/airflow-wPbgcfzP-py3.10/lib/python3.10/site-packages/airflow/example_dags/example_bash_decorator.py
[2024-10-03T23:32:22.638-0400] {processor.py:914} INFO - Processing file /home/patrick/.cache/pypoetry/virtualenvs/airflow-wPbgcfzP-py3.10/lib/python3.10/site-packages/airflow/example_dags/example_bash_decorator.py for tasks to queue
[2024-10-03T23:32:22.640-0400] {logging_mixin.py:190} INFO - [2024-10-03T23:32:22.640-0400] {dagbag.py:588} INFO - Filling up the DagBag from /home/patrick/.cache/pypoetry/virtualenvs/airflow-wPbgcfzP-py3.10/lib/python3.10/site-packages/airflow/example_dags/example_bash_decorator.py
[2024-10-03T23:32:22.648-0400] {processor.py:925} INFO - DAG(s) 'example_bash_decorator' retrieved from /home/patrick/.cache/pypoetry/virtualenvs/airflow-wPbgcfzP-py3.10/lib/python3.10/site-packages/airflow/example_dags/example_bash_decorator.py
[2024-10-03T23:32:29.906-0400] {logging_mixin.py:190} INFO - [2024-10-03T23:32:29.906-0400] {dag.py:3239} INFO - Sync 1 DAGs
[2024-10-03T23:32:29.995-0400] {logging_mixin.py:190} INFO - [2024-10-03T23:32:29.995-0400] {dag.py:4180} INFO - Setting next_dagrun for example_bash_decorator to None, run_after=None
[2024-10-03T23:32:30.674-0400] {processor.py:208} INFO - Processing /home/patrick/.cache/pypoetry/virtualenvs/airflow-wPbgcfzP-py3.10/lib/python3.10/site-packages/airflow/example_dags/example_bash_decorator.py took 8.040 seconds
[2024-10-03T23:36:43.445-0400] {processor.py:186} INFO - Started process (PID=46806) to work on /home/patrick/.cache/pypoetry/virtualenvs/airflow-wPbgcfzP-py3.10/lib/python3.10/site-packages/airflow/example_dags/example_bash_decorator.py
[2024-10-03T23:36:43.446-0400] {processor.py:914} INFO - Processing file /home/patrick/.cache/pypoetry/virtualenvs/airflow-wPbgcfzP-py3.10/lib/python3.10/site-packages/airflow/example_dags/example_bash_decorator.py for tasks to queue
[2024-10-03T23:36:43.450-0400] {logging_mixin.py:190} INFO - [2024-10-03T23:36:43.450-0400] {dagbag.py:588} INFO - Filling up the DagBag from /home/patrick/.cache/pypoetry/virtualenvs/airflow-wPbgcfzP-py3.10/lib/python3.10/site-packages/airflow/example_dags/example_bash_decorator.py
[2024-10-03T23:36:43.467-0400] {processor.py:925} INFO - DAG(s) 'example_bash_decorator' retrieved from /home/patrick/.cache/pypoetry/virtualenvs/airflow-wPbgcfzP-py3.10/lib/python3.10/site-packages/airflow/example_dags/example_bash_decorator.py
[2024-10-03T23:36:48.145-0400] {logging_mixin.py:190} INFO - [2024-10-03T23:36:48.145-0400] {dag.py:3239} INFO - Sync 1 DAGs
[2024-10-03T23:36:48.218-0400] {logging_mixin.py:190} INFO - [2024-10-03T23:36:48.217-0400] {dag.py:4180} INFO - Setting next_dagrun for example_bash_decorator to None, run_after=None
[2024-10-03T23:36:48.792-0400] {processor.py:208} INFO - Processing /home/patrick/.cache/pypoetry/virtualenvs/airflow-wPbgcfzP-py3.10/lib/python3.10/site-packages/airflow/example_dags/example_bash_decorator.py took 5.351 seconds
[2024-10-03T23:40:41.748-0400] {processor.py:186} INFO - Started process (PID=47834) to work on /home/patrick/.cache/pypoetry/virtualenvs/airflow-wPbgcfzP-py3.10/lib/python3.10/site-packages/airflow/example_dags/example_bash_decorator.py
[2024-10-03T23:40:41.749-0400] {processor.py:914} INFO - Processing file /home/patrick/.cache/pypoetry/virtualenvs/airflow-wPbgcfzP-py3.10/lib/python3.10/site-packages/airflow/example_dags/example_bash_decorator.py for tasks to queue
[2024-10-03T23:40:41.750-0400] {logging_mixin.py:190} INFO - [2024-10-03T23:40:41.750-0400] {dagbag.py:588} INFO - Filling up the DagBag from /home/patrick/.cache/pypoetry/virtualenvs/airflow-wPbgcfzP-py3.10/lib/python3.10/site-packages/airflow/example_dags/example_bash_decorator.py
[2024-10-03T23:40:41.758-0400] {processor.py:925} INFO - DAG(s) 'example_bash_decorator' retrieved from /home/patrick/.cache/pypoetry/virtualenvs/airflow-wPbgcfzP-py3.10/lib/python3.10/site-packages/airflow/example_dags/example_bash_decorator.py
[2024-10-03T23:40:45.786-0400] {logging_mixin.py:190} INFO - [2024-10-03T23:40:45.786-0400] {dag.py:3239} INFO - Sync 1 DAGs
[2024-10-03T23:40:45.984-0400] {logging_mixin.py:190} INFO - [2024-10-03T23:40:45.984-0400] {dag.py:4180} INFO - Setting next_dagrun for example_bash_decorator to None, run_after=None
[2024-10-03T23:40:46.616-0400] {processor.py:208} INFO - Processing /home/patrick/.cache/pypoetry/virtualenvs/airflow-wPbgcfzP-py3.10/lib/python3.10/site-packages/airflow/example_dags/example_bash_decorator.py took 4.871 seconds
[2024-10-03T23:44:58.405-0400] {processor.py:186} INFO - Started process (PID=48944) to work on /home/patrick/.cache/pypoetry/virtualenvs/airflow-wPbgcfzP-py3.10/lib/python3.10/site-packages/airflow/example_dags/example_bash_decorator.py
[2024-10-03T23:44:58.406-0400] {processor.py:914} INFO - Processing file /home/patrick/.cache/pypoetry/virtualenvs/airflow-wPbgcfzP-py3.10/lib/python3.10/site-packages/airflow/example_dags/example_bash_decorator.py for tasks to queue
[2024-10-03T23:44:58.408-0400] {logging_mixin.py:190} INFO - [2024-10-03T23:44:58.408-0400] {dagbag.py:588} INFO - Filling up the DagBag from /home/patrick/.cache/pypoetry/virtualenvs/airflow-wPbgcfzP-py3.10/lib/python3.10/site-packages/airflow/example_dags/example_bash_decorator.py
[2024-10-03T23:44:58.418-0400] {processor.py:925} INFO - DAG(s) 'example_bash_decorator' retrieved from /home/patrick/.cache/pypoetry/virtualenvs/airflow-wPbgcfzP-py3.10/lib/python3.10/site-packages/airflow/example_dags/example_bash_decorator.py
[2024-10-03T23:45:00.261-0400] {logging_mixin.py:190} INFO - [2024-10-03T23:45:00.261-0400] {dag.py:3239} INFO - Sync 1 DAGs
[2024-10-03T23:45:00.366-0400] {logging_mixin.py:190} INFO - [2024-10-03T23:45:00.366-0400] {dag.py:4180} INFO - Setting next_dagrun for example_bash_decorator to None, run_after=None
[2024-10-03T23:45:01.265-0400] {processor.py:208} INFO - Processing /home/patrick/.cache/pypoetry/virtualenvs/airflow-wPbgcfzP-py3.10/lib/python3.10/site-packages/airflow/example_dags/example_bash_decorator.py took 2.864 seconds
[2024-10-03T23:49:12.433-0400] {processor.py:186} INFO - Started process (PID=50033) to work on /home/patrick/.cache/pypoetry/virtualenvs/airflow-wPbgcfzP-py3.10/lib/python3.10/site-packages/airflow/example_dags/example_bash_decorator.py
[2024-10-03T23:49:12.434-0400] {processor.py:914} INFO - Processing file /home/patrick/.cache/pypoetry/virtualenvs/airflow-wPbgcfzP-py3.10/lib/python3.10/site-packages/airflow/example_dags/example_bash_decorator.py for tasks to queue
[2024-10-03T23:49:12.435-0400] {logging_mixin.py:190} INFO - [2024-10-03T23:49:12.435-0400] {dagbag.py:588} INFO - Filling up the DagBag from /home/patrick/.cache/pypoetry/virtualenvs/airflow-wPbgcfzP-py3.10/lib/python3.10/site-packages/airflow/example_dags/example_bash_decorator.py
[2024-10-03T23:49:12.445-0400] {processor.py:925} INFO - DAG(s) 'example_bash_decorator' retrieved from /home/patrick/.cache/pypoetry/virtualenvs/airflow-wPbgcfzP-py3.10/lib/python3.10/site-packages/airflow/example_dags/example_bash_decorator.py
[2024-10-03T23:49:16.796-0400] {logging_mixin.py:190} INFO - [2024-10-03T23:49:16.796-0400] {dag.py:3239} INFO - Sync 1 DAGs
[2024-10-03T23:49:16.884-0400] {logging_mixin.py:190} INFO - [2024-10-03T23:49:16.884-0400] {dag.py:4180} INFO - Setting next_dagrun for example_bash_decorator to None, run_after=None
[2024-10-03T23:49:17.455-0400] {processor.py:208} INFO - Processing /home/patrick/.cache/pypoetry/virtualenvs/airflow-wPbgcfzP-py3.10/lib/python3.10/site-packages/airflow/example_dags/example_bash_decorator.py took 5.026 seconds
[2024-10-03T23:53:23.175-0400] {processor.py:186} INFO - Started process (PID=51110) to work on /home/patrick/.cache/pypoetry/virtualenvs/airflow-wPbgcfzP-py3.10/lib/python3.10/site-packages/airflow/example_dags/example_bash_decorator.py
[2024-10-03T23:53:23.177-0400] {processor.py:914} INFO - Processing file /home/patrick/.cache/pypoetry/virtualenvs/airflow-wPbgcfzP-py3.10/lib/python3.10/site-packages/airflow/example_dags/example_bash_decorator.py for tasks to queue
[2024-10-03T23:53:23.178-0400] {logging_mixin.py:190} INFO - [2024-10-03T23:53:23.178-0400] {dagbag.py:588} INFO - Filling up the DagBag from /home/patrick/.cache/pypoetry/virtualenvs/airflow-wPbgcfzP-py3.10/lib/python3.10/site-packages/airflow/example_dags/example_bash_decorator.py
[2024-10-03T23:53:23.188-0400] {processor.py:925} INFO - DAG(s) 'example_bash_decorator' retrieved from /home/patrick/.cache/pypoetry/virtualenvs/airflow-wPbgcfzP-py3.10/lib/python3.10/site-packages/airflow/example_dags/example_bash_decorator.py
[2024-10-03T23:53:28.114-0400] {logging_mixin.py:190} INFO - [2024-10-03T23:53:28.114-0400] {dag.py:3239} INFO - Sync 1 DAGs
[2024-10-03T23:53:28.214-0400] {logging_mixin.py:190} INFO - [2024-10-03T23:53:28.214-0400] {dag.py:4180} INFO - Setting next_dagrun for example_bash_decorator to None, run_after=None
[2024-10-03T23:53:28.799-0400] {processor.py:208} INFO - Processing /home/patrick/.cache/pypoetry/virtualenvs/airflow-wPbgcfzP-py3.10/lib/python3.10/site-packages/airflow/example_dags/example_bash_decorator.py took 5.628 seconds
[2024-10-03T23:57:20.017-0400] {processor.py:186} INFO - Started process (PID=52132) to work on /home/patrick/.cache/pypoetry/virtualenvs/airflow-wPbgcfzP-py3.10/lib/python3.10/site-packages/airflow/example_dags/example_bash_decorator.py
[2024-10-03T23:57:20.018-0400] {processor.py:914} INFO - Processing file /home/patrick/.cache/pypoetry/virtualenvs/airflow-wPbgcfzP-py3.10/lib/python3.10/site-packages/airflow/example_dags/example_bash_decorator.py for tasks to queue
[2024-10-03T23:57:20.020-0400] {logging_mixin.py:190} INFO - [2024-10-03T23:57:20.019-0400] {dagbag.py:588} INFO - Filling up the DagBag from /home/patrick/.cache/pypoetry/virtualenvs/airflow-wPbgcfzP-py3.10/lib/python3.10/site-packages/airflow/example_dags/example_bash_decorator.py
[2024-10-03T23:57:20.030-0400] {processor.py:925} INFO - DAG(s) 'example_bash_decorator' retrieved from /home/patrick/.cache/pypoetry/virtualenvs/airflow-wPbgcfzP-py3.10/lib/python3.10/site-packages/airflow/example_dags/example_bash_decorator.py
[2024-10-03T23:57:21.575-0400] {logging_mixin.py:190} INFO - [2024-10-03T23:57:21.575-0400] {dag.py:3239} INFO - Sync 1 DAGs
[2024-10-03T23:57:21.724-0400] {logging_mixin.py:190} INFO - [2024-10-03T23:57:21.724-0400] {dag.py:4180} INFO - Setting next_dagrun for example_bash_decorator to None, run_after=None
[2024-10-03T23:57:22.390-0400] {processor.py:208} INFO - Processing /home/patrick/.cache/pypoetry/virtualenvs/airflow-wPbgcfzP-py3.10/lib/python3.10/site-packages/airflow/example_dags/example_bash_decorator.py took 2.378 seconds
[2024-10-04T00:01:52.629-0400] {processor.py:186} INFO - Started process (PID=53356) to work on /home/patrick/.cache/pypoetry/virtualenvs/airflow-wPbgcfzP-py3.10/lib/python3.10/site-packages/airflow/example_dags/example_bash_decorator.py
[2024-10-04T00:01:52.631-0400] {processor.py:914} INFO - Processing file /home/patrick/.cache/pypoetry/virtualenvs/airflow-wPbgcfzP-py3.10/lib/python3.10/site-packages/airflow/example_dags/example_bash_decorator.py for tasks to queue
[2024-10-04T00:01:52.633-0400] {logging_mixin.py:190} INFO - [2024-10-04T00:01:52.632-0400] {dagbag.py:588} INFO - Filling up the DagBag from /home/patrick/.cache/pypoetry/virtualenvs/airflow-wPbgcfzP-py3.10/lib/python3.10/site-packages/airflow/example_dags/example_bash_decorator.py
[2024-10-04T00:01:52.643-0400] {processor.py:925} INFO - DAG(s) 'example_bash_decorator' retrieved from /home/patrick/.cache/pypoetry/virtualenvs/airflow-wPbgcfzP-py3.10/lib/python3.10/site-packages/airflow/example_dags/example_bash_decorator.py
[2024-10-04T00:01:55.943-0400] {logging_mixin.py:190} INFO - [2024-10-04T00:01:55.943-0400] {dag.py:3239} INFO - Sync 1 DAGs
[2024-10-04T00:01:56.057-0400] {logging_mixin.py:190} INFO - [2024-10-04T00:01:56.057-0400] {dag.py:4180} INFO - Setting next_dagrun for example_bash_decorator to None, run_after=None
[2024-10-04T00:01:56.825-0400] {processor.py:208} INFO - Processing /home/patrick/.cache/pypoetry/virtualenvs/airflow-wPbgcfzP-py3.10/lib/python3.10/site-packages/airflow/example_dags/example_bash_decorator.py took 4.200 seconds
[2024-10-04T00:05:58.377-0400] {processor.py:186} INFO - Started process (PID=54415) to work on /home/patrick/.cache/pypoetry/virtualenvs/airflow-wPbgcfzP-py3.10/lib/python3.10/site-packages/airflow/example_dags/example_bash_decorator.py
[2024-10-04T00:05:58.378-0400] {processor.py:914} INFO - Processing file /home/patrick/.cache/pypoetry/virtualenvs/airflow-wPbgcfzP-py3.10/lib/python3.10/site-packages/airflow/example_dags/example_bash_decorator.py for tasks to queue
[2024-10-04T00:05:58.380-0400] {logging_mixin.py:190} INFO - [2024-10-04T00:05:58.380-0400] {dagbag.py:588} INFO - Filling up the DagBag from /home/patrick/.cache/pypoetry/virtualenvs/airflow-wPbgcfzP-py3.10/lib/python3.10/site-packages/airflow/example_dags/example_bash_decorator.py
[2024-10-04T00:05:58.390-0400] {processor.py:925} INFO - DAG(s) 'example_bash_decorator' retrieved from /home/patrick/.cache/pypoetry/virtualenvs/airflow-wPbgcfzP-py3.10/lib/python3.10/site-packages/airflow/example_dags/example_bash_decorator.py
[2024-10-04T00:06:00.719-0400] {logging_mixin.py:190} INFO - [2024-10-04T00:06:00.719-0400] {dag.py:3239} INFO - Sync 1 DAGs
[2024-10-04T00:06:00.806-0400] {logging_mixin.py:190} INFO - [2024-10-04T00:06:00.805-0400] {dag.py:4180} INFO - Setting next_dagrun for example_bash_decorator to None, run_after=None
[2024-10-04T00:06:01.658-0400] {processor.py:208} INFO - Processing /home/patrick/.cache/pypoetry/virtualenvs/airflow-wPbgcfzP-py3.10/lib/python3.10/site-packages/airflow/example_dags/example_bash_decorator.py took 3.286 seconds
