[2024-10-03T21:01:39.612-0400] {processor.py:186} INFO - Started process (PID=5336) to work on /home/patrick/.cache/pypoetry/virtualenvs/airflow-wPbgcfzP-py3.10/lib/python3.10/site-packages/airflow/example_dags/example_dataset_alias.py
[2024-10-03T21:01:39.613-0400] {processor.py:914} INFO - Processing file /home/patrick/.cache/pypoetry/virtualenvs/airflow-wPbgcfzP-py3.10/lib/python3.10/site-packages/airflow/example_dags/example_dataset_alias.py for tasks to queue
[2024-10-03T21:01:39.614-0400] {logging_mixin.py:190} INFO - [2024-10-03T21:01:39.614-0400] {dagbag.py:588} INFO - Filling up the DagBag from /home/patrick/.cache/pypoetry/virtualenvs/airflow-wPbgcfzP-py3.10/lib/python3.10/site-packages/airflow/example_dags/example_dataset_alias.py
[2024-10-03T21:01:41.906-0400] {processor.py:925} INFO - DAG(s) 'dataset_s3_bucket_consumer', 'dataset_s3_bucket_producer', 'dataset_alias_example_alias_consumer', 'dataset_alias_example_alias_producer' retrieved from /home/patrick/.cache/pypoetry/virtualenvs/airflow-wPbgcfzP-py3.10/lib/python3.10/site-packages/airflow/example_dags/example_dataset_alias.py
[2024-10-03T21:01:46.339-0400] {logging_mixin.py:190} INFO - [2024-10-03T21:01:46.339-0400] {dag.py:3239} INFO - Sync 4 DAGs
[2024-10-03T21:01:46.468-0400] {logging_mixin.py:190} INFO - [2024-10-03T21:01:46.468-0400] {dag.py:4180} INFO - Setting next_dagrun for dataset_alias_example_alias_consumer to None, run_after=None
[2024-10-03T21:01:46.506-0400] {logging_mixin.py:190} INFO - [2024-10-03T21:01:46.505-0400] {dag.py:4180} INFO - Setting next_dagrun for dataset_alias_example_alias_producer to None, run_after=None
[2024-10-03T21:01:46.544-0400] {logging_mixin.py:190} INFO - [2024-10-03T21:01:46.544-0400] {dag.py:4180} INFO - Setting next_dagrun for dataset_s3_bucket_consumer to None, run_after=None
[2024-10-03T21:01:46.581-0400] {logging_mixin.py:190} INFO - [2024-10-03T21:01:46.580-0400] {dag.py:4180} INFO - Setting next_dagrun for dataset_s3_bucket_producer to None, run_after=None
[2024-10-03T21:01:47.322-0400] {processor.py:208} INFO - Processing /home/patrick/.cache/pypoetry/virtualenvs/airflow-wPbgcfzP-py3.10/lib/python3.10/site-packages/airflow/example_dags/example_dataset_alias.py took 7.713 seconds
[2024-10-03T21:06:03.317-0400] {processor.py:186} INFO - Started process (PID=6475) to work on /home/patrick/.cache/pypoetry/virtualenvs/airflow-wPbgcfzP-py3.10/lib/python3.10/site-packages/airflow/example_dags/example_dataset_alias.py
[2024-10-03T21:06:03.318-0400] {processor.py:914} INFO - Processing file /home/patrick/.cache/pypoetry/virtualenvs/airflow-wPbgcfzP-py3.10/lib/python3.10/site-packages/airflow/example_dags/example_dataset_alias.py for tasks to queue
[2024-10-03T21:06:03.319-0400] {logging_mixin.py:190} INFO - [2024-10-03T21:06:03.319-0400] {dagbag.py:588} INFO - Filling up the DagBag from /home/patrick/.cache/pypoetry/virtualenvs/airflow-wPbgcfzP-py3.10/lib/python3.10/site-packages/airflow/example_dags/example_dataset_alias.py
[2024-10-03T21:06:08.513-0400] {processor.py:925} INFO - DAG(s) 'dataset_alias_example_alias_producer', 'dataset_s3_bucket_consumer', 'dataset_alias_example_alias_consumer', 'dataset_s3_bucket_producer' retrieved from /home/patrick/.cache/pypoetry/virtualenvs/airflow-wPbgcfzP-py3.10/lib/python3.10/site-packages/airflow/example_dags/example_dataset_alias.py
[2024-10-03T21:06:09.245-0400] {logging_mixin.py:190} INFO - [2024-10-03T21:06:09.245-0400] {dag.py:3239} INFO - Sync 4 DAGs
[2024-10-03T21:06:10.121-0400] {logging_mixin.py:190} INFO - [2024-10-03T21:06:10.121-0400] {dag.py:4180} INFO - Setting next_dagrun for dataset_alias_example_alias_consumer to None, run_after=None
[2024-10-03T21:06:10.168-0400] {logging_mixin.py:190} INFO - [2024-10-03T21:06:10.168-0400] {dag.py:4180} INFO - Setting next_dagrun for dataset_alias_example_alias_producer to None, run_after=None
[2024-10-03T21:06:10.216-0400] {logging_mixin.py:190} INFO - [2024-10-03T21:06:10.216-0400] {dag.py:4180} INFO - Setting next_dagrun for dataset_s3_bucket_consumer to None, run_after=None
[2024-10-03T21:06:10.274-0400] {logging_mixin.py:190} INFO - [2024-10-03T21:06:10.274-0400] {dag.py:4180} INFO - Setting next_dagrun for dataset_s3_bucket_producer to None, run_after=None
[2024-10-03T21:06:11.448-0400] {processor.py:208} INFO - Processing /home/patrick/.cache/pypoetry/virtualenvs/airflow-wPbgcfzP-py3.10/lib/python3.10/site-packages/airflow/example_dags/example_dataset_alias.py took 8.135 seconds
[2024-10-03T21:10:38.857-0400] {processor.py:186} INFO - Started process (PID=7653) to work on /home/patrick/.cache/pypoetry/virtualenvs/airflow-wPbgcfzP-py3.10/lib/python3.10/site-packages/airflow/example_dags/example_dataset_alias.py
[2024-10-03T21:10:38.858-0400] {processor.py:914} INFO - Processing file /home/patrick/.cache/pypoetry/virtualenvs/airflow-wPbgcfzP-py3.10/lib/python3.10/site-packages/airflow/example_dags/example_dataset_alias.py for tasks to queue
[2024-10-03T21:10:38.859-0400] {logging_mixin.py:190} INFO - [2024-10-03T21:10:38.859-0400] {dagbag.py:588} INFO - Filling up the DagBag from /home/patrick/.cache/pypoetry/virtualenvs/airflow-wPbgcfzP-py3.10/lib/python3.10/site-packages/airflow/example_dags/example_dataset_alias.py
[2024-10-03T21:10:46.867-0400] {processor.py:925} INFO - DAG(s) 'dataset_s3_bucket_producer', 'dataset_alias_example_alias_consumer', 'dataset_alias_example_alias_producer', 'dataset_s3_bucket_consumer' retrieved from /home/patrick/.cache/pypoetry/virtualenvs/airflow-wPbgcfzP-py3.10/lib/python3.10/site-packages/airflow/example_dags/example_dataset_alias.py
[2024-10-03T21:10:47.571-0400] {logging_mixin.py:190} INFO - [2024-10-03T21:10:47.571-0400] {dag.py:3239} INFO - Sync 4 DAGs
[2024-10-03T21:10:47.961-0400] {logging_mixin.py:190} INFO - [2024-10-03T21:10:47.960-0400] {dag.py:4180} INFO - Setting next_dagrun for dataset_alias_example_alias_consumer to None, run_after=None
[2024-10-03T21:10:48.019-0400] {logging_mixin.py:190} INFO - [2024-10-03T21:10:48.018-0400] {dag.py:4180} INFO - Setting next_dagrun for dataset_alias_example_alias_producer to None, run_after=None
[2024-10-03T21:10:48.057-0400] {logging_mixin.py:190} INFO - [2024-10-03T21:10:48.057-0400] {dag.py:4180} INFO - Setting next_dagrun for dataset_s3_bucket_consumer to None, run_after=None
[2024-10-03T21:10:48.098-0400] {logging_mixin.py:190} INFO - [2024-10-03T21:10:48.097-0400] {dag.py:4180} INFO - Setting next_dagrun for dataset_s3_bucket_producer to None, run_after=None
[2024-10-03T21:10:49.013-0400] {processor.py:208} INFO - Processing /home/patrick/.cache/pypoetry/virtualenvs/airflow-wPbgcfzP-py3.10/lib/python3.10/site-packages/airflow/example_dags/example_dataset_alias.py took 10.160 seconds
[2024-10-03T21:17:36.198-0400] {processor.py:186} INFO - Started process (PID=9611) to work on /home/patrick/.cache/pypoetry/virtualenvs/airflow-wPbgcfzP-py3.10/lib/python3.10/site-packages/airflow/example_dags/example_dataset_alias.py
[2024-10-03T21:17:36.201-0400] {processor.py:914} INFO - Processing file /home/patrick/.cache/pypoetry/virtualenvs/airflow-wPbgcfzP-py3.10/lib/python3.10/site-packages/airflow/example_dags/example_dataset_alias.py for tasks to queue
[2024-10-03T21:17:36.203-0400] {logging_mixin.py:190} INFO - [2024-10-03T21:17:36.203-0400] {dagbag.py:588} INFO - Filling up the DagBag from /home/patrick/.cache/pypoetry/virtualenvs/airflow-wPbgcfzP-py3.10/lib/python3.10/site-packages/airflow/example_dags/example_dataset_alias.py
[2024-10-03T21:17:39.853-0400] {processor.py:925} INFO - DAG(s) 'dataset_s3_bucket_consumer', 'dataset_alias_example_alias_consumer', 'dataset_s3_bucket_producer', 'dataset_alias_example_alias_producer' retrieved from /home/patrick/.cache/pypoetry/virtualenvs/airflow-wPbgcfzP-py3.10/lib/python3.10/site-packages/airflow/example_dags/example_dataset_alias.py
[2024-10-03T21:17:40.555-0400] {logging_mixin.py:190} INFO - [2024-10-03T21:17:40.555-0400] {dag.py:3239} INFO - Sync 4 DAGs
[2024-10-03T21:17:40.770-0400] {logging_mixin.py:190} INFO - [2024-10-03T21:17:40.769-0400] {dag.py:4180} INFO - Setting next_dagrun for dataset_alias_example_alias_consumer to None, run_after=None
[2024-10-03T21:17:40.807-0400] {logging_mixin.py:190} INFO - [2024-10-03T21:17:40.807-0400] {dag.py:4180} INFO - Setting next_dagrun for dataset_alias_example_alias_producer to None, run_after=None
[2024-10-03T21:17:40.851-0400] {logging_mixin.py:190} INFO - [2024-10-03T21:17:40.851-0400] {dag.py:4180} INFO - Setting next_dagrun for dataset_s3_bucket_consumer to None, run_after=None
[2024-10-03T21:17:40.887-0400] {logging_mixin.py:190} INFO - [2024-10-03T21:17:40.886-0400] {dag.py:4180} INFO - Setting next_dagrun for dataset_s3_bucket_producer to None, run_after=None
[2024-10-03T21:17:41.606-0400] {processor.py:208} INFO - Processing /home/patrick/.cache/pypoetry/virtualenvs/airflow-wPbgcfzP-py3.10/lib/python3.10/site-packages/airflow/example_dags/example_dataset_alias.py took 5.412 seconds
[2024-10-03T21:22:08.859-0400] {processor.py:186} INFO - Started process (PID=10835) to work on /home/patrick/.cache/pypoetry/virtualenvs/airflow-wPbgcfzP-py3.10/lib/python3.10/site-packages/airflow/example_dags/example_dataset_alias.py
[2024-10-03T21:22:08.862-0400] {processor.py:914} INFO - Processing file /home/patrick/.cache/pypoetry/virtualenvs/airflow-wPbgcfzP-py3.10/lib/python3.10/site-packages/airflow/example_dags/example_dataset_alias.py for tasks to queue
[2024-10-03T21:22:08.864-0400] {logging_mixin.py:190} INFO - [2024-10-03T21:22:08.864-0400] {dagbag.py:588} INFO - Filling up the DagBag from /home/patrick/.cache/pypoetry/virtualenvs/airflow-wPbgcfzP-py3.10/lib/python3.10/site-packages/airflow/example_dags/example_dataset_alias.py
[2024-10-03T21:22:18.922-0400] {processor.py:925} INFO - DAG(s) 'dataset_alias_example_alias_producer', 'dataset_s3_bucket_consumer', 'dataset_s3_bucket_producer', 'dataset_alias_example_alias_consumer' retrieved from /home/patrick/.cache/pypoetry/virtualenvs/airflow-wPbgcfzP-py3.10/lib/python3.10/site-packages/airflow/example_dags/example_dataset_alias.py
[2024-10-03T21:22:20.271-0400] {logging_mixin.py:190} INFO - [2024-10-03T21:22:20.271-0400] {dag.py:3239} INFO - Sync 4 DAGs
[2024-10-03T21:22:21.863-0400] {logging_mixin.py:190} INFO - [2024-10-03T21:22:21.863-0400] {dag.py:4180} INFO - Setting next_dagrun for dataset_alias_example_alias_consumer to None, run_after=None
[2024-10-03T21:22:21.922-0400] {logging_mixin.py:190} INFO - [2024-10-03T21:22:21.922-0400] {dag.py:4180} INFO - Setting next_dagrun for dataset_alias_example_alias_producer to None, run_after=None
[2024-10-03T21:22:21.960-0400] {logging_mixin.py:190} INFO - [2024-10-03T21:22:21.960-0400] {dag.py:4180} INFO - Setting next_dagrun for dataset_s3_bucket_consumer to None, run_after=None
[2024-10-03T21:22:22.009-0400] {logging_mixin.py:190} INFO - [2024-10-03T21:22:22.009-0400] {dag.py:4180} INFO - Setting next_dagrun for dataset_s3_bucket_producer to None, run_after=None
[2024-10-03T21:22:23.160-0400] {processor.py:208} INFO - Processing /home/patrick/.cache/pypoetry/virtualenvs/airflow-wPbgcfzP-py3.10/lib/python3.10/site-packages/airflow/example_dags/example_dataset_alias.py took 14.305 seconds
[2024-10-03T21:26:53.531-0400] {processor.py:186} INFO - Started process (PID=12054) to work on /home/patrick/.cache/pypoetry/virtualenvs/airflow-wPbgcfzP-py3.10/lib/python3.10/site-packages/airflow/example_dags/example_dataset_alias.py
[2024-10-03T21:26:53.532-0400] {processor.py:914} INFO - Processing file /home/patrick/.cache/pypoetry/virtualenvs/airflow-wPbgcfzP-py3.10/lib/python3.10/site-packages/airflow/example_dags/example_dataset_alias.py for tasks to queue
[2024-10-03T21:26:53.533-0400] {logging_mixin.py:190} INFO - [2024-10-03T21:26:53.533-0400] {dagbag.py:588} INFO - Filling up the DagBag from /home/patrick/.cache/pypoetry/virtualenvs/airflow-wPbgcfzP-py3.10/lib/python3.10/site-packages/airflow/example_dags/example_dataset_alias.py
[2024-10-03T21:26:56.494-0400] {processor.py:925} INFO - DAG(s) 'dataset_s3_bucket_producer', 'dataset_alias_example_alias_consumer', 'dataset_alias_example_alias_producer', 'dataset_s3_bucket_consumer' retrieved from /home/patrick/.cache/pypoetry/virtualenvs/airflow-wPbgcfzP-py3.10/lib/python3.10/site-packages/airflow/example_dags/example_dataset_alias.py
[2024-10-03T21:26:57.438-0400] {logging_mixin.py:190} INFO - [2024-10-03T21:26:57.437-0400] {dag.py:3239} INFO - Sync 4 DAGs
[2024-10-03T21:26:58.098-0400] {logging_mixin.py:190} INFO - [2024-10-03T21:26:58.098-0400] {dag.py:4180} INFO - Setting next_dagrun for dataset_alias_example_alias_consumer to None, run_after=None
[2024-10-03T21:26:58.185-0400] {logging_mixin.py:190} INFO - [2024-10-03T21:26:58.185-0400] {dag.py:4180} INFO - Setting next_dagrun for dataset_alias_example_alias_producer to None, run_after=None
[2024-10-03T21:26:58.243-0400] {logging_mixin.py:190} INFO - [2024-10-03T21:26:58.242-0400] {dag.py:4180} INFO - Setting next_dagrun for dataset_s3_bucket_consumer to None, run_after=None
[2024-10-03T21:26:58.291-0400] {logging_mixin.py:190} INFO - [2024-10-03T21:26:58.291-0400] {dag.py:4180} INFO - Setting next_dagrun for dataset_s3_bucket_producer to None, run_after=None
[2024-10-03T21:26:59.117-0400] {processor.py:208} INFO - Processing /home/patrick/.cache/pypoetry/virtualenvs/airflow-wPbgcfzP-py3.10/lib/python3.10/site-packages/airflow/example_dags/example_dataset_alias.py took 5.589 seconds
[2024-10-03T21:29:58.190-0400] {processor.py:186} INFO - Started process (PID=12932) to work on /home/patrick/.cache/pypoetry/virtualenvs/airflow-wPbgcfzP-py3.10/lib/python3.10/site-packages/airflow/example_dags/example_dataset_alias.py
[2024-10-03T21:29:58.191-0400] {processor.py:914} INFO - Processing file /home/patrick/.cache/pypoetry/virtualenvs/airflow-wPbgcfzP-py3.10/lib/python3.10/site-packages/airflow/example_dags/example_dataset_alias.py for tasks to queue
[2024-10-03T21:29:58.193-0400] {logging_mixin.py:190} INFO - [2024-10-03T21:29:58.192-0400] {dagbag.py:588} INFO - Filling up the DagBag from /home/patrick/.cache/pypoetry/virtualenvs/airflow-wPbgcfzP-py3.10/lib/python3.10/site-packages/airflow/example_dags/example_dataset_alias.py
[2024-10-03T21:30:00.364-0400] {processor.py:925} INFO - DAG(s) 'dataset_alias_example_alias_consumer', 'dataset_alias_example_alias_producer', 'dataset_s3_bucket_producer', 'dataset_s3_bucket_consumer' retrieved from /home/patrick/.cache/pypoetry/virtualenvs/airflow-wPbgcfzP-py3.10/lib/python3.10/site-packages/airflow/example_dags/example_dataset_alias.py
[2024-10-03T21:30:01.121-0400] {logging_mixin.py:190} INFO - [2024-10-03T21:30:01.121-0400] {dag.py:3239} INFO - Sync 4 DAGs
[2024-10-03T21:30:01.354-0400] {logging_mixin.py:190} INFO - [2024-10-03T21:30:01.354-0400] {dag.py:4180} INFO - Setting next_dagrun for dataset_alias_example_alias_consumer to None, run_after=None
[2024-10-03T21:30:01.394-0400] {logging_mixin.py:190} INFO - [2024-10-03T21:30:01.394-0400] {dag.py:4180} INFO - Setting next_dagrun for dataset_alias_example_alias_producer to None, run_after=None
[2024-10-03T21:30:01.453-0400] {logging_mixin.py:190} INFO - [2024-10-03T21:30:01.453-0400] {dag.py:4180} INFO - Setting next_dagrun for dataset_s3_bucket_consumer to None, run_after=None
[2024-10-03T21:30:01.492-0400] {logging_mixin.py:190} INFO - [2024-10-03T21:30:01.491-0400] {dag.py:4180} INFO - Setting next_dagrun for dataset_s3_bucket_producer to None, run_after=None
[2024-10-03T21:30:02.270-0400] {processor.py:208} INFO - Processing /home/patrick/.cache/pypoetry/virtualenvs/airflow-wPbgcfzP-py3.10/lib/python3.10/site-packages/airflow/example_dags/example_dataset_alias.py took 4.083 seconds
[2024-10-03T21:36:13.069-0400] {processor.py:186} INFO - Started process (PID=14588) to work on /home/patrick/.cache/pypoetry/virtualenvs/airflow-wPbgcfzP-py3.10/lib/python3.10/site-packages/airflow/example_dags/example_dataset_alias.py
[2024-10-03T21:36:13.070-0400] {processor.py:914} INFO - Processing file /home/patrick/.cache/pypoetry/virtualenvs/airflow-wPbgcfzP-py3.10/lib/python3.10/site-packages/airflow/example_dags/example_dataset_alias.py for tasks to queue
[2024-10-03T21:36:13.071-0400] {logging_mixin.py:190} INFO - [2024-10-03T21:36:13.071-0400] {dagbag.py:588} INFO - Filling up the DagBag from /home/patrick/.cache/pypoetry/virtualenvs/airflow-wPbgcfzP-py3.10/lib/python3.10/site-packages/airflow/example_dags/example_dataset_alias.py
[2024-10-03T21:36:24.753-0400] {processor.py:925} INFO - DAG(s) 'dataset_alias_example_alias_consumer', 'dataset_s3_bucket_producer', 'dataset_s3_bucket_consumer', 'dataset_alias_example_alias_producer' retrieved from /home/patrick/.cache/pypoetry/virtualenvs/airflow-wPbgcfzP-py3.10/lib/python3.10/site-packages/airflow/example_dags/example_dataset_alias.py
[2024-10-03T21:36:25.704-0400] {logging_mixin.py:190} INFO - [2024-10-03T21:36:25.704-0400] {dag.py:3239} INFO - Sync 4 DAGs
[2024-10-03T21:36:26.859-0400] {logging_mixin.py:190} INFO - [2024-10-03T21:36:26.858-0400] {dag.py:4180} INFO - Setting next_dagrun for dataset_alias_example_alias_consumer to None, run_after=None
[2024-10-03T21:36:26.907-0400] {logging_mixin.py:190} INFO - [2024-10-03T21:36:26.907-0400] {dag.py:4180} INFO - Setting next_dagrun for dataset_alias_example_alias_producer to None, run_after=None
[2024-10-03T21:36:26.956-0400] {logging_mixin.py:190} INFO - [2024-10-03T21:36:26.956-0400] {dag.py:4180} INFO - Setting next_dagrun for dataset_s3_bucket_consumer to None, run_after=None
[2024-10-03T21:36:26.994-0400] {logging_mixin.py:190} INFO - [2024-10-03T21:36:26.994-0400] {dag.py:4180} INFO - Setting next_dagrun for dataset_s3_bucket_producer to None, run_after=None
[2024-10-03T21:36:28.085-0400] {processor.py:208} INFO - Processing /home/patrick/.cache/pypoetry/virtualenvs/airflow-wPbgcfzP-py3.10/lib/python3.10/site-packages/airflow/example_dags/example_dataset_alias.py took 15.020 seconds
[2024-10-03T21:42:04.047-0400] {processor.py:186} INFO - Started process (PID=16187) to work on /home/patrick/.cache/pypoetry/virtualenvs/airflow-wPbgcfzP-py3.10/lib/python3.10/site-packages/airflow/example_dags/example_dataset_alias.py
[2024-10-03T21:42:04.047-0400] {processor.py:914} INFO - Processing file /home/patrick/.cache/pypoetry/virtualenvs/airflow-wPbgcfzP-py3.10/lib/python3.10/site-packages/airflow/example_dags/example_dataset_alias.py for tasks to queue
[2024-10-03T21:42:04.049-0400] {logging_mixin.py:190} INFO - [2024-10-03T21:42:04.049-0400] {dagbag.py:588} INFO - Filling up the DagBag from /home/patrick/.cache/pypoetry/virtualenvs/airflow-wPbgcfzP-py3.10/lib/python3.10/site-packages/airflow/example_dags/example_dataset_alias.py
[2024-10-03T21:42:19.183-0400] {processor.py:925} INFO - DAG(s) 'dataset_s3_bucket_producer', 'dataset_alias_example_alias_producer', 'dataset_alias_example_alias_consumer', 'dataset_s3_bucket_consumer' retrieved from /home/patrick/.cache/pypoetry/virtualenvs/airflow-wPbgcfzP-py3.10/lib/python3.10/site-packages/airflow/example_dags/example_dataset_alias.py
[2024-10-03T21:42:20.191-0400] {logging_mixin.py:190} INFO - [2024-10-03T21:42:20.191-0400] {dag.py:3239} INFO - Sync 4 DAGs
[2024-10-03T21:42:20.695-0400] {logging_mixin.py:190} INFO - [2024-10-03T21:42:20.695-0400] {dag.py:4180} INFO - Setting next_dagrun for dataset_alias_example_alias_consumer to None, run_after=None
[2024-10-03T21:42:20.918-0400] {logging_mixin.py:190} INFO - [2024-10-03T21:42:20.918-0400] {dag.py:4180} INFO - Setting next_dagrun for dataset_alias_example_alias_producer to None, run_after=None
[2024-10-03T21:42:20.957-0400] {logging_mixin.py:190} INFO - [2024-10-03T21:42:20.957-0400] {dag.py:4180} INFO - Setting next_dagrun for dataset_s3_bucket_consumer to None, run_after=None
[2024-10-03T21:42:21.016-0400] {logging_mixin.py:190} INFO - [2024-10-03T21:42:21.016-0400] {dag.py:4180} INFO - Setting next_dagrun for dataset_s3_bucket_producer to None, run_after=None
[2024-10-03T21:42:22.296-0400] {processor.py:208} INFO - Processing /home/patrick/.cache/pypoetry/virtualenvs/airflow-wPbgcfzP-py3.10/lib/python3.10/site-packages/airflow/example_dags/example_dataset_alias.py took 18.254 seconds
[2024-10-03T21:45:22.284-0400] {processor.py:186} INFO - Started process (PID=17095) to work on /home/patrick/.cache/pypoetry/virtualenvs/airflow-wPbgcfzP-py3.10/lib/python3.10/site-packages/airflow/example_dags/example_dataset_alias.py
[2024-10-03T21:45:22.285-0400] {processor.py:914} INFO - Processing file /home/patrick/.cache/pypoetry/virtualenvs/airflow-wPbgcfzP-py3.10/lib/python3.10/site-packages/airflow/example_dags/example_dataset_alias.py for tasks to queue
[2024-10-03T21:45:22.287-0400] {logging_mixin.py:190} INFO - [2024-10-03T21:45:22.286-0400] {dagbag.py:588} INFO - Filling up the DagBag from /home/patrick/.cache/pypoetry/virtualenvs/airflow-wPbgcfzP-py3.10/lib/python3.10/site-packages/airflow/example_dags/example_dataset_alias.py
[2024-10-03T21:45:24.739-0400] {processor.py:925} INFO - DAG(s) 'dataset_s3_bucket_producer', 'dataset_alias_example_alias_producer', 'dataset_s3_bucket_consumer', 'dataset_alias_example_alias_consumer' retrieved from /home/patrick/.cache/pypoetry/virtualenvs/airflow-wPbgcfzP-py3.10/lib/python3.10/site-packages/airflow/example_dags/example_dataset_alias.py
[2024-10-03T21:45:25.688-0400] {logging_mixin.py:190} INFO - [2024-10-03T21:45:25.687-0400] {dag.py:3239} INFO - Sync 4 DAGs
[2024-10-03T21:45:26.010-0400] {logging_mixin.py:190} INFO - [2024-10-03T21:45:26.010-0400] {dag.py:4180} INFO - Setting next_dagrun for dataset_alias_example_alias_consumer to None, run_after=None
[2024-10-03T21:45:26.058-0400] {logging_mixin.py:190} INFO - [2024-10-03T21:45:26.058-0400] {dag.py:4180} INFO - Setting next_dagrun for dataset_alias_example_alias_producer to None, run_after=None
[2024-10-03T21:45:26.119-0400] {logging_mixin.py:190} INFO - [2024-10-03T21:45:26.119-0400] {dag.py:4180} INFO - Setting next_dagrun for dataset_s3_bucket_consumer to None, run_after=None
[2024-10-03T21:45:26.156-0400] {logging_mixin.py:190} INFO - [2024-10-03T21:45:26.155-0400] {dag.py:4180} INFO - Setting next_dagrun for dataset_s3_bucket_producer to None, run_after=None
[2024-10-03T21:45:27.362-0400] {processor.py:208} INFO - Processing /home/patrick/.cache/pypoetry/virtualenvs/airflow-wPbgcfzP-py3.10/lib/python3.10/site-packages/airflow/example_dags/example_dataset_alias.py took 5.082 seconds
[2024-10-03T21:49:31.740-0400] {processor.py:186} INFO - Started process (PID=18181) to work on /home/patrick/.cache/pypoetry/virtualenvs/airflow-wPbgcfzP-py3.10/lib/python3.10/site-packages/airflow/example_dags/example_dataset_alias.py
[2024-10-03T21:49:31.741-0400] {processor.py:914} INFO - Processing file /home/patrick/.cache/pypoetry/virtualenvs/airflow-wPbgcfzP-py3.10/lib/python3.10/site-packages/airflow/example_dags/example_dataset_alias.py for tasks to queue
[2024-10-03T21:49:31.743-0400] {logging_mixin.py:190} INFO - [2024-10-03T21:49:31.742-0400] {dagbag.py:588} INFO - Filling up the DagBag from /home/patrick/.cache/pypoetry/virtualenvs/airflow-wPbgcfzP-py3.10/lib/python3.10/site-packages/airflow/example_dags/example_dataset_alias.py
[2024-10-03T21:49:33.668-0400] {processor.py:925} INFO - DAG(s) 'dataset_s3_bucket_producer', 'dataset_alias_example_alias_producer', 'dataset_alias_example_alias_consumer', 'dataset_s3_bucket_consumer' retrieved from /home/patrick/.cache/pypoetry/virtualenvs/airflow-wPbgcfzP-py3.10/lib/python3.10/site-packages/airflow/example_dags/example_dataset_alias.py
[2024-10-03T21:49:34.263-0400] {logging_mixin.py:190} INFO - [2024-10-03T21:49:34.262-0400] {dag.py:3239} INFO - Sync 4 DAGs
[2024-10-03T21:49:34.416-0400] {logging_mixin.py:190} INFO - [2024-10-03T21:49:34.416-0400] {dag.py:4180} INFO - Setting next_dagrun for dataset_alias_example_alias_consumer to None, run_after=None
[2024-10-03T21:49:34.475-0400] {logging_mixin.py:190} INFO - [2024-10-03T21:49:34.474-0400] {dag.py:4180} INFO - Setting next_dagrun for dataset_alias_example_alias_producer to None, run_after=None
[2024-10-03T21:49:34.522-0400] {logging_mixin.py:190} INFO - [2024-10-03T21:49:34.521-0400] {dag.py:4180} INFO - Setting next_dagrun for dataset_s3_bucket_consumer to None, run_after=None
[2024-10-03T21:49:34.561-0400] {logging_mixin.py:190} INFO - [2024-10-03T21:49:34.560-0400] {dag.py:4180} INFO - Setting next_dagrun for dataset_s3_bucket_producer to None, run_after=None
[2024-10-03T21:49:35.370-0400] {processor.py:208} INFO - Processing /home/patrick/.cache/pypoetry/virtualenvs/airflow-wPbgcfzP-py3.10/lib/python3.10/site-packages/airflow/example_dags/example_dataset_alias.py took 3.633 seconds
[2024-10-03T21:53:47.651-0400] {processor.py:186} INFO - Started process (PID=19271) to work on /home/patrick/.cache/pypoetry/virtualenvs/airflow-wPbgcfzP-py3.10/lib/python3.10/site-packages/airflow/example_dags/example_dataset_alias.py
[2024-10-03T21:53:47.662-0400] {processor.py:914} INFO - Processing file /home/patrick/.cache/pypoetry/virtualenvs/airflow-wPbgcfzP-py3.10/lib/python3.10/site-packages/airflow/example_dags/example_dataset_alias.py for tasks to queue
[2024-10-03T21:53:47.678-0400] {logging_mixin.py:190} INFO - [2024-10-03T21:53:47.678-0400] {dagbag.py:588} INFO - Filling up the DagBag from /home/patrick/.cache/pypoetry/virtualenvs/airflow-wPbgcfzP-py3.10/lib/python3.10/site-packages/airflow/example_dags/example_dataset_alias.py
[2024-10-03T21:53:50.110-0400] {processor.py:925} INFO - DAG(s) 'dataset_alias_example_alias_producer', 'dataset_alias_example_alias_consumer', 'dataset_s3_bucket_producer', 'dataset_s3_bucket_consumer' retrieved from /home/patrick/.cache/pypoetry/virtualenvs/airflow-wPbgcfzP-py3.10/lib/python3.10/site-packages/airflow/example_dags/example_dataset_alias.py
[2024-10-03T21:53:50.865-0400] {logging_mixin.py:190} INFO - [2024-10-03T21:53:50.864-0400] {dag.py:3239} INFO - Sync 4 DAGs
[2024-10-03T21:53:51.396-0400] {logging_mixin.py:190} INFO - [2024-10-03T21:53:51.396-0400] {dag.py:4180} INFO - Setting next_dagrun for dataset_alias_example_alias_consumer to None, run_after=None
[2024-10-03T21:53:51.445-0400] {logging_mixin.py:190} INFO - [2024-10-03T21:53:51.445-0400] {dag.py:4180} INFO - Setting next_dagrun for dataset_alias_example_alias_producer to None, run_after=None
[2024-10-03T21:53:51.484-0400] {logging_mixin.py:190} INFO - [2024-10-03T21:53:51.484-0400] {dag.py:4180} INFO - Setting next_dagrun for dataset_s3_bucket_consumer to None, run_after=None
[2024-10-03T21:53:51.540-0400] {logging_mixin.py:190} INFO - [2024-10-03T21:53:51.540-0400] {dag.py:4180} INFO - Setting next_dagrun for dataset_s3_bucket_producer to None, run_after=None
[2024-10-03T21:53:52.646-0400] {processor.py:208} INFO - Processing /home/patrick/.cache/pypoetry/virtualenvs/airflow-wPbgcfzP-py3.10/lib/python3.10/site-packages/airflow/example_dags/example_dataset_alias.py took 4.999 seconds
[2024-10-03T21:57:39.131-0400] {processor.py:186} INFO - Started process (PID=20267) to work on /home/patrick/.cache/pypoetry/virtualenvs/airflow-wPbgcfzP-py3.10/lib/python3.10/site-packages/airflow/example_dags/example_dataset_alias.py
[2024-10-03T21:57:39.131-0400] {processor.py:914} INFO - Processing file /home/patrick/.cache/pypoetry/virtualenvs/airflow-wPbgcfzP-py3.10/lib/python3.10/site-packages/airflow/example_dags/example_dataset_alias.py for tasks to queue
[2024-10-03T21:57:39.133-0400] {logging_mixin.py:190} INFO - [2024-10-03T21:57:39.133-0400] {dagbag.py:588} INFO - Filling up the DagBag from /home/patrick/.cache/pypoetry/virtualenvs/airflow-wPbgcfzP-py3.10/lib/python3.10/site-packages/airflow/example_dags/example_dataset_alias.py
[2024-10-03T21:57:43.632-0400] {processor.py:925} INFO - DAG(s) 'dataset_s3_bucket_producer', 'dataset_s3_bucket_consumer', 'dataset_alias_example_alias_consumer', 'dataset_alias_example_alias_producer' retrieved from /home/patrick/.cache/pypoetry/virtualenvs/airflow-wPbgcfzP-py3.10/lib/python3.10/site-packages/airflow/example_dags/example_dataset_alias.py
[2024-10-03T21:57:44.237-0400] {logging_mixin.py:190} INFO - [2024-10-03T21:57:44.237-0400] {dag.py:3239} INFO - Sync 4 DAGs
[2024-10-03T21:57:44.382-0400] {logging_mixin.py:190} INFO - [2024-10-03T21:57:44.382-0400] {dag.py:4180} INFO - Setting next_dagrun for dataset_alias_example_alias_consumer to None, run_after=None
[2024-10-03T21:57:44.430-0400] {logging_mixin.py:190} INFO - [2024-10-03T21:57:44.429-0400] {dag.py:4180} INFO - Setting next_dagrun for dataset_alias_example_alias_producer to None, run_after=None
[2024-10-03T21:57:44.477-0400] {logging_mixin.py:190} INFO - [2024-10-03T21:57:44.476-0400] {dag.py:4180} INFO - Setting next_dagrun for dataset_s3_bucket_consumer to None, run_after=None
[2024-10-03T21:57:44.529-0400] {logging_mixin.py:190} INFO - [2024-10-03T21:57:44.529-0400] {dag.py:4180} INFO - Setting next_dagrun for dataset_s3_bucket_producer to None, run_after=None
[2024-10-03T21:57:45.208-0400] {processor.py:208} INFO - Processing /home/patrick/.cache/pypoetry/virtualenvs/airflow-wPbgcfzP-py3.10/lib/python3.10/site-packages/airflow/example_dags/example_dataset_alias.py took 6.081 seconds
[2024-10-03T22:01:52.546-0400] {processor.py:186} INFO - Started process (PID=21349) to work on /home/patrick/.cache/pypoetry/virtualenvs/airflow-wPbgcfzP-py3.10/lib/python3.10/site-packages/airflow/example_dags/example_dataset_alias.py
[2024-10-03T22:01:52.546-0400] {processor.py:914} INFO - Processing file /home/patrick/.cache/pypoetry/virtualenvs/airflow-wPbgcfzP-py3.10/lib/python3.10/site-packages/airflow/example_dags/example_dataset_alias.py for tasks to queue
[2024-10-03T22:01:52.548-0400] {logging_mixin.py:190} INFO - [2024-10-03T22:01:52.547-0400] {dagbag.py:588} INFO - Filling up the DagBag from /home/patrick/.cache/pypoetry/virtualenvs/airflow-wPbgcfzP-py3.10/lib/python3.10/site-packages/airflow/example_dags/example_dataset_alias.py
[2024-10-03T22:01:55.274-0400] {processor.py:925} INFO - DAG(s) 'dataset_alias_example_alias_producer', 'dataset_s3_bucket_producer', 'dataset_s3_bucket_consumer', 'dataset_alias_example_alias_consumer' retrieved from /home/patrick/.cache/pypoetry/virtualenvs/airflow-wPbgcfzP-py3.10/lib/python3.10/site-packages/airflow/example_dags/example_dataset_alias.py
[2024-10-03T22:01:55.878-0400] {logging_mixin.py:190} INFO - [2024-10-03T22:01:55.878-0400] {dag.py:3239} INFO - Sync 4 DAGs
[2024-10-03T22:01:56.029-0400] {logging_mixin.py:190} INFO - [2024-10-03T22:01:56.029-0400] {dag.py:4180} INFO - Setting next_dagrun for dataset_alias_example_alias_consumer to None, run_after=None
[2024-10-03T22:01:56.071-0400] {logging_mixin.py:190} INFO - [2024-10-03T22:01:56.071-0400] {dag.py:4180} INFO - Setting next_dagrun for dataset_alias_example_alias_producer to None, run_after=None
[2024-10-03T22:01:56.120-0400] {logging_mixin.py:190} INFO - [2024-10-03T22:01:56.120-0400] {dag.py:4180} INFO - Setting next_dagrun for dataset_s3_bucket_consumer to None, run_after=None
[2024-10-03T22:01:56.158-0400] {logging_mixin.py:190} INFO - [2024-10-03T22:01:56.158-0400] {dag.py:4180} INFO - Setting next_dagrun for dataset_s3_bucket_producer to None, run_after=None
[2024-10-03T22:01:56.853-0400] {processor.py:208} INFO - Processing /home/patrick/.cache/pypoetry/virtualenvs/airflow-wPbgcfzP-py3.10/lib/python3.10/site-packages/airflow/example_dags/example_dataset_alias.py took 4.311 seconds
[2024-10-03T22:06:40.464-0400] {processor.py:186} INFO - Started process (PID=22570) to work on /home/patrick/.cache/pypoetry/virtualenvs/airflow-wPbgcfzP-py3.10/lib/python3.10/site-packages/airflow/example_dags/example_dataset_alias.py
[2024-10-03T22:06:40.465-0400] {processor.py:914} INFO - Processing file /home/patrick/.cache/pypoetry/virtualenvs/airflow-wPbgcfzP-py3.10/lib/python3.10/site-packages/airflow/example_dags/example_dataset_alias.py for tasks to queue
[2024-10-03T22:06:40.467-0400] {logging_mixin.py:190} INFO - [2024-10-03T22:06:40.467-0400] {dagbag.py:588} INFO - Filling up the DagBag from /home/patrick/.cache/pypoetry/virtualenvs/airflow-wPbgcfzP-py3.10/lib/python3.10/site-packages/airflow/example_dags/example_dataset_alias.py
[2024-10-03T22:06:42.346-0400] {processor.py:925} INFO - DAG(s) 'dataset_s3_bucket_consumer', 'dataset_s3_bucket_producer', 'dataset_alias_example_alias_consumer', 'dataset_alias_example_alias_producer' retrieved from /home/patrick/.cache/pypoetry/virtualenvs/airflow-wPbgcfzP-py3.10/lib/python3.10/site-packages/airflow/example_dags/example_dataset_alias.py
[2024-10-03T22:06:43.030-0400] {logging_mixin.py:190} INFO - [2024-10-03T22:06:43.029-0400] {dag.py:3239} INFO - Sync 4 DAGs
[2024-10-03T22:06:43.350-0400] {logging_mixin.py:190} INFO - [2024-10-03T22:06:43.349-0400] {dag.py:4180} INFO - Setting next_dagrun for dataset_alias_example_alias_consumer to None, run_after=None
[2024-10-03T22:06:43.397-0400] {logging_mixin.py:190} INFO - [2024-10-03T22:06:43.397-0400] {dag.py:4180} INFO - Setting next_dagrun for dataset_alias_example_alias_producer to None, run_after=None
[2024-10-03T22:06:43.480-0400] {logging_mixin.py:190} INFO - [2024-10-03T22:06:43.480-0400] {dag.py:4180} INFO - Setting next_dagrun for dataset_s3_bucket_consumer to None, run_after=None
[2024-10-03T22:06:43.525-0400] {logging_mixin.py:190} INFO - [2024-10-03T22:06:43.525-0400] {dag.py:4180} INFO - Setting next_dagrun for dataset_s3_bucket_producer to None, run_after=None
[2024-10-03T22:06:44.304-0400] {processor.py:208} INFO - Processing /home/patrick/.cache/pypoetry/virtualenvs/airflow-wPbgcfzP-py3.10/lib/python3.10/site-packages/airflow/example_dags/example_dataset_alias.py took 3.843 seconds
[2024-10-03T22:11:52.316-0400] {processor.py:186} INFO - Started process (PID=23980) to work on /home/patrick/.cache/pypoetry/virtualenvs/airflow-wPbgcfzP-py3.10/lib/python3.10/site-packages/airflow/example_dags/example_dataset_alias.py
[2024-10-03T22:11:52.318-0400] {processor.py:914} INFO - Processing file /home/patrick/.cache/pypoetry/virtualenvs/airflow-wPbgcfzP-py3.10/lib/python3.10/site-packages/airflow/example_dags/example_dataset_alias.py for tasks to queue
[2024-10-03T22:11:52.319-0400] {logging_mixin.py:190} INFO - [2024-10-03T22:11:52.319-0400] {dagbag.py:588} INFO - Filling up the DagBag from /home/patrick/.cache/pypoetry/virtualenvs/airflow-wPbgcfzP-py3.10/lib/python3.10/site-packages/airflow/example_dags/example_dataset_alias.py
[2024-10-03T22:11:54.588-0400] {processor.py:925} INFO - DAG(s) 'dataset_s3_bucket_consumer', 'dataset_s3_bucket_producer', 'dataset_alias_example_alias_producer', 'dataset_alias_example_alias_consumer' retrieved from /home/patrick/.cache/pypoetry/virtualenvs/airflow-wPbgcfzP-py3.10/lib/python3.10/site-packages/airflow/example_dags/example_dataset_alias.py
[2024-10-03T22:11:55.242-0400] {logging_mixin.py:190} INFO - [2024-10-03T22:11:55.241-0400] {dag.py:3239} INFO - Sync 4 DAGs
[2024-10-03T22:11:55.465-0400] {logging_mixin.py:190} INFO - [2024-10-03T22:11:55.465-0400] {dag.py:4180} INFO - Setting next_dagrun for dataset_alias_example_alias_consumer to None, run_after=None
[2024-10-03T22:11:55.515-0400] {logging_mixin.py:190} INFO - [2024-10-03T22:11:55.514-0400] {dag.py:4180} INFO - Setting next_dagrun for dataset_alias_example_alias_producer to None, run_after=None
[2024-10-03T22:11:55.552-0400] {logging_mixin.py:190} INFO - [2024-10-03T22:11:55.552-0400] {dag.py:4180} INFO - Setting next_dagrun for dataset_s3_bucket_consumer to None, run_after=None
[2024-10-03T22:11:55.591-0400] {logging_mixin.py:190} INFO - [2024-10-03T22:11:55.591-0400] {dag.py:4180} INFO - Setting next_dagrun for dataset_s3_bucket_producer to None, run_after=None
[2024-10-03T22:11:56.442-0400] {processor.py:208} INFO - Processing /home/patrick/.cache/pypoetry/virtualenvs/airflow-wPbgcfzP-py3.10/lib/python3.10/site-packages/airflow/example_dags/example_dataset_alias.py took 4.130 seconds
[2024-10-03T22:18:03.021-0400] {processor.py:186} INFO - Started process (PID=25665) to work on /home/patrick/.cache/pypoetry/virtualenvs/airflow-wPbgcfzP-py3.10/lib/python3.10/site-packages/airflow/example_dags/example_dataset_alias.py
[2024-10-03T22:18:03.022-0400] {processor.py:914} INFO - Processing file /home/patrick/.cache/pypoetry/virtualenvs/airflow-wPbgcfzP-py3.10/lib/python3.10/site-packages/airflow/example_dags/example_dataset_alias.py for tasks to queue
[2024-10-03T22:18:03.024-0400] {logging_mixin.py:190} INFO - [2024-10-03T22:18:03.024-0400] {dagbag.py:588} INFO - Filling up the DagBag from /home/patrick/.cache/pypoetry/virtualenvs/airflow-wPbgcfzP-py3.10/lib/python3.10/site-packages/airflow/example_dags/example_dataset_alias.py
[2024-10-03T22:18:11.594-0400] {processor.py:925} INFO - DAG(s) 'dataset_alias_example_alias_consumer', 'dataset_s3_bucket_consumer', 'dataset_alias_example_alias_producer', 'dataset_s3_bucket_producer' retrieved from /home/patrick/.cache/pypoetry/virtualenvs/airflow-wPbgcfzP-py3.10/lib/python3.10/site-packages/airflow/example_dags/example_dataset_alias.py
[2024-10-03T22:18:12.473-0400] {logging_mixin.py:190} INFO - [2024-10-03T22:18:12.473-0400] {dag.py:3239} INFO - Sync 4 DAGs
[2024-10-03T22:18:14.177-0400] {logging_mixin.py:190} INFO - [2024-10-03T22:18:14.176-0400] {dag.py:4180} INFO - Setting next_dagrun for dataset_alias_example_alias_consumer to None, run_after=None
[2024-10-03T22:18:14.255-0400] {logging_mixin.py:190} INFO - [2024-10-03T22:18:14.254-0400] {dag.py:4180} INFO - Setting next_dagrun for dataset_alias_example_alias_producer to None, run_after=None
[2024-10-03T22:18:14.329-0400] {logging_mixin.py:190} INFO - [2024-10-03T22:18:14.329-0400] {dag.py:4180} INFO - Setting next_dagrun for dataset_s3_bucket_consumer to None, run_after=None
[2024-10-03T22:18:14.377-0400] {logging_mixin.py:190} INFO - [2024-10-03T22:18:14.377-0400] {dag.py:4180} INFO - Setting next_dagrun for dataset_s3_bucket_producer to None, run_after=None
[2024-10-03T22:18:15.301-0400] {processor.py:208} INFO - Processing /home/patrick/.cache/pypoetry/virtualenvs/airflow-wPbgcfzP-py3.10/lib/python3.10/site-packages/airflow/example_dags/example_dataset_alias.py took 12.283 seconds
[2024-10-03T22:21:41.196-0400] {processor.py:186} INFO - Started process (PID=26623) to work on /home/patrick/.cache/pypoetry/virtualenvs/airflow-wPbgcfzP-py3.10/lib/python3.10/site-packages/airflow/example_dags/example_dataset_alias.py
[2024-10-03T22:21:41.197-0400] {processor.py:914} INFO - Processing file /home/patrick/.cache/pypoetry/virtualenvs/airflow-wPbgcfzP-py3.10/lib/python3.10/site-packages/airflow/example_dags/example_dataset_alias.py for tasks to queue
[2024-10-03T22:21:41.199-0400] {logging_mixin.py:190} INFO - [2024-10-03T22:21:41.199-0400] {dagbag.py:588} INFO - Filling up the DagBag from /home/patrick/.cache/pypoetry/virtualenvs/airflow-wPbgcfzP-py3.10/lib/python3.10/site-packages/airflow/example_dags/example_dataset_alias.py
[2024-10-03T22:21:43.412-0400] {processor.py:925} INFO - DAG(s) 'dataset_alias_example_alias_consumer', 'dataset_s3_bucket_producer', 'dataset_s3_bucket_consumer', 'dataset_alias_example_alias_producer' retrieved from /home/patrick/.cache/pypoetry/virtualenvs/airflow-wPbgcfzP-py3.10/lib/python3.10/site-packages/airflow/example_dags/example_dataset_alias.py
[2024-10-03T22:21:44.093-0400] {logging_mixin.py:190} INFO - [2024-10-03T22:21:44.092-0400] {dag.py:3239} INFO - Sync 4 DAGs
[2024-10-03T22:21:44.266-0400] {logging_mixin.py:190} INFO - [2024-10-03T22:21:44.266-0400] {dag.py:4180} INFO - Setting next_dagrun for dataset_alias_example_alias_consumer to None, run_after=None
[2024-10-03T22:21:44.306-0400] {logging_mixin.py:190} INFO - [2024-10-03T22:21:44.305-0400] {dag.py:4180} INFO - Setting next_dagrun for dataset_alias_example_alias_producer to None, run_after=None
[2024-10-03T22:21:44.349-0400] {logging_mixin.py:190} INFO - [2024-10-03T22:21:44.348-0400] {dag.py:4180} INFO - Setting next_dagrun for dataset_s3_bucket_consumer to None, run_after=None
[2024-10-03T22:21:44.383-0400] {logging_mixin.py:190} INFO - [2024-10-03T22:21:44.383-0400] {dag.py:4180} INFO - Setting next_dagrun for dataset_s3_bucket_producer to None, run_after=None
[2024-10-03T22:21:45.249-0400] {processor.py:208} INFO - Processing /home/patrick/.cache/pypoetry/virtualenvs/airflow-wPbgcfzP-py3.10/lib/python3.10/site-packages/airflow/example_dags/example_dataset_alias.py took 4.058 seconds
[2024-10-03T22:26:47.607-0400] {processor.py:186} INFO - Started process (PID=28017) to work on /home/patrick/.cache/pypoetry/virtualenvs/airflow-wPbgcfzP-py3.10/lib/python3.10/site-packages/airflow/example_dags/example_dataset_alias.py
[2024-10-03T22:26:47.608-0400] {processor.py:914} INFO - Processing file /home/patrick/.cache/pypoetry/virtualenvs/airflow-wPbgcfzP-py3.10/lib/python3.10/site-packages/airflow/example_dags/example_dataset_alias.py for tasks to queue
[2024-10-03T22:26:47.609-0400] {logging_mixin.py:190} INFO - [2024-10-03T22:26:47.609-0400] {dagbag.py:588} INFO - Filling up the DagBag from /home/patrick/.cache/pypoetry/virtualenvs/airflow-wPbgcfzP-py3.10/lib/python3.10/site-packages/airflow/example_dags/example_dataset_alias.py
[2024-10-03T22:26:51.003-0400] {processor.py:925} INFO - DAG(s) 'dataset_alias_example_alias_consumer', 'dataset_alias_example_alias_producer', 'dataset_s3_bucket_consumer', 'dataset_s3_bucket_producer' retrieved from /home/patrick/.cache/pypoetry/virtualenvs/airflow-wPbgcfzP-py3.10/lib/python3.10/site-packages/airflow/example_dags/example_dataset_alias.py
[2024-10-03T22:26:51.718-0400] {logging_mixin.py:190} INFO - [2024-10-03T22:26:51.717-0400] {dag.py:3239} INFO - Sync 4 DAGs
[2024-10-03T22:26:52.014-0400] {logging_mixin.py:190} INFO - [2024-10-03T22:26:52.013-0400] {dag.py:4180} INFO - Setting next_dagrun for dataset_alias_example_alias_consumer to None, run_after=None
[2024-10-03T22:26:52.050-0400] {logging_mixin.py:190} INFO - [2024-10-03T22:26:52.050-0400] {dag.py:4180} INFO - Setting next_dagrun for dataset_alias_example_alias_producer to None, run_after=None
[2024-10-03T22:26:52.089-0400] {logging_mixin.py:190} INFO - [2024-10-03T22:26:52.089-0400] {dag.py:4180} INFO - Setting next_dagrun for dataset_s3_bucket_consumer to None, run_after=None
[2024-10-03T22:26:52.127-0400] {logging_mixin.py:190} INFO - [2024-10-03T22:26:52.127-0400] {dag.py:4180} INFO - Setting next_dagrun for dataset_s3_bucket_producer to None, run_after=None
[2024-10-03T22:26:52.880-0400] {processor.py:208} INFO - Processing /home/patrick/.cache/pypoetry/virtualenvs/airflow-wPbgcfzP-py3.10/lib/python3.10/site-packages/airflow/example_dags/example_dataset_alias.py took 5.277 seconds
[2024-10-03T22:33:49.351-0400] {processor.py:186} INFO - Started process (PID=29881) to work on /home/patrick/.cache/pypoetry/virtualenvs/airflow-wPbgcfzP-py3.10/lib/python3.10/site-packages/airflow/example_dags/example_dataset_alias.py
[2024-10-03T22:33:49.352-0400] {processor.py:914} INFO - Processing file /home/patrick/.cache/pypoetry/virtualenvs/airflow-wPbgcfzP-py3.10/lib/python3.10/site-packages/airflow/example_dags/example_dataset_alias.py for tasks to queue
[2024-10-03T22:33:49.354-0400] {logging_mixin.py:190} INFO - [2024-10-03T22:33:49.354-0400] {dagbag.py:588} INFO - Filling up the DagBag from /home/patrick/.cache/pypoetry/virtualenvs/airflow-wPbgcfzP-py3.10/lib/python3.10/site-packages/airflow/example_dags/example_dataset_alias.py
[2024-10-03T22:33:54.573-0400] {processor.py:925} INFO - DAG(s) 'dataset_alias_example_alias_producer', 'dataset_alias_example_alias_consumer', 'dataset_s3_bucket_consumer', 'dataset_s3_bucket_producer' retrieved from /home/patrick/.cache/pypoetry/virtualenvs/airflow-wPbgcfzP-py3.10/lib/python3.10/site-packages/airflow/example_dags/example_dataset_alias.py
[2024-10-03T22:33:55.386-0400] {logging_mixin.py:190} INFO - [2024-10-03T22:33:55.386-0400] {dag.py:3239} INFO - Sync 4 DAGs
[2024-10-03T22:33:55.690-0400] {logging_mixin.py:190} INFO - [2024-10-03T22:33:55.690-0400] {dag.py:4180} INFO - Setting next_dagrun for dataset_alias_example_alias_consumer to None, run_after=None
[2024-10-03T22:33:55.828-0400] {logging_mixin.py:190} INFO - [2024-10-03T22:33:55.828-0400] {dag.py:4180} INFO - Setting next_dagrun for dataset_alias_example_alias_producer to None, run_after=None
[2024-10-03T22:33:55.906-0400] {logging_mixin.py:190} INFO - [2024-10-03T22:33:55.905-0400] {dag.py:4180} INFO - Setting next_dagrun for dataset_s3_bucket_consumer to None, run_after=None
[2024-10-03T22:33:55.964-0400] {logging_mixin.py:190} INFO - [2024-10-03T22:33:55.963-0400] {dag.py:4180} INFO - Setting next_dagrun for dataset_s3_bucket_producer to None, run_after=None
[2024-10-03T22:33:56.984-0400] {processor.py:208} INFO - Processing /home/patrick/.cache/pypoetry/virtualenvs/airflow-wPbgcfzP-py3.10/lib/python3.10/site-packages/airflow/example_dags/example_dataset_alias.py took 7.636 seconds
[2024-10-03T22:39:31.562-0400] {processor.py:186} INFO - Started process (PID=31471) to work on /home/patrick/.cache/pypoetry/virtualenvs/airflow-wPbgcfzP-py3.10/lib/python3.10/site-packages/airflow/example_dags/example_dataset_alias.py
[2024-10-03T22:39:31.563-0400] {processor.py:914} INFO - Processing file /home/patrick/.cache/pypoetry/virtualenvs/airflow-wPbgcfzP-py3.10/lib/python3.10/site-packages/airflow/example_dags/example_dataset_alias.py for tasks to queue
[2024-10-03T22:39:31.565-0400] {logging_mixin.py:190} INFO - [2024-10-03T22:39:31.565-0400] {dagbag.py:588} INFO - Filling up the DagBag from /home/patrick/.cache/pypoetry/virtualenvs/airflow-wPbgcfzP-py3.10/lib/python3.10/site-packages/airflow/example_dags/example_dataset_alias.py
[2024-10-03T22:39:36.189-0400] {processor.py:925} INFO - DAG(s) 'dataset_alias_example_alias_producer', 'dataset_s3_bucket_consumer', 'dataset_s3_bucket_producer', 'dataset_alias_example_alias_consumer' retrieved from /home/patrick/.cache/pypoetry/virtualenvs/airflow-wPbgcfzP-py3.10/lib/python3.10/site-packages/airflow/example_dags/example_dataset_alias.py
[2024-10-03T22:39:36.895-0400] {logging_mixin.py:190} INFO - [2024-10-03T22:39:36.895-0400] {dag.py:3239} INFO - Sync 4 DAGs
[2024-10-03T22:39:37.350-0400] {logging_mixin.py:190} INFO - [2024-10-03T22:39:37.350-0400] {dag.py:4180} INFO - Setting next_dagrun for dataset_alias_example_alias_consumer to None, run_after=None
[2024-10-03T22:39:37.390-0400] {logging_mixin.py:190} INFO - [2024-10-03T22:39:37.390-0400] {dag.py:4180} INFO - Setting next_dagrun for dataset_alias_example_alias_producer to None, run_after=None
[2024-10-03T22:39:37.457-0400] {logging_mixin.py:190} INFO - [2024-10-03T22:39:37.457-0400] {dag.py:4180} INFO - Setting next_dagrun for dataset_s3_bucket_consumer to None, run_after=None
[2024-10-03T22:39:37.497-0400] {logging_mixin.py:190} INFO - [2024-10-03T22:39:37.496-0400] {dag.py:4180} INFO - Setting next_dagrun for dataset_s3_bucket_producer to None, run_after=None
[2024-10-03T22:39:38.454-0400] {processor.py:208} INFO - Processing /home/patrick/.cache/pypoetry/virtualenvs/airflow-wPbgcfzP-py3.10/lib/python3.10/site-packages/airflow/example_dags/example_dataset_alias.py took 6.896 seconds
[2024-10-03T22:45:48.887-0400] {processor.py:186} INFO - Started process (PID=33234) to work on /home/patrick/.cache/pypoetry/virtualenvs/airflow-wPbgcfzP-py3.10/lib/python3.10/site-packages/airflow/example_dags/example_dataset_alias.py
[2024-10-03T22:45:48.888-0400] {processor.py:914} INFO - Processing file /home/patrick/.cache/pypoetry/virtualenvs/airflow-wPbgcfzP-py3.10/lib/python3.10/site-packages/airflow/example_dags/example_dataset_alias.py for tasks to queue
[2024-10-03T22:45:48.890-0400] {logging_mixin.py:190} INFO - [2024-10-03T22:45:48.890-0400] {dagbag.py:588} INFO - Filling up the DagBag from /home/patrick/.cache/pypoetry/virtualenvs/airflow-wPbgcfzP-py3.10/lib/python3.10/site-packages/airflow/example_dags/example_dataset_alias.py
[2024-10-03T22:45:52.498-0400] {processor.py:925} INFO - DAG(s) 'dataset_s3_bucket_consumer', 'dataset_s3_bucket_producer', 'dataset_alias_example_alias_consumer', 'dataset_alias_example_alias_producer' retrieved from /home/patrick/.cache/pypoetry/virtualenvs/airflow-wPbgcfzP-py3.10/lib/python3.10/site-packages/airflow/example_dags/example_dataset_alias.py
[2024-10-03T22:45:53.277-0400] {logging_mixin.py:190} INFO - [2024-10-03T22:45:53.276-0400] {dag.py:3239} INFO - Sync 4 DAGs
[2024-10-03T22:45:53.850-0400] {logging_mixin.py:190} INFO - [2024-10-03T22:45:53.849-0400] {dag.py:4180} INFO - Setting next_dagrun for dataset_alias_example_alias_consumer to None, run_after=None
[2024-10-03T22:45:53.889-0400] {logging_mixin.py:190} INFO - [2024-10-03T22:45:53.889-0400] {dag.py:4180} INFO - Setting next_dagrun for dataset_alias_example_alias_producer to None, run_after=None
[2024-10-03T22:45:53.958-0400] {logging_mixin.py:190} INFO - [2024-10-03T22:45:53.958-0400] {dag.py:4180} INFO - Setting next_dagrun for dataset_s3_bucket_consumer to None, run_after=None
[2024-10-03T22:45:54.015-0400] {logging_mixin.py:190} INFO - [2024-10-03T22:45:54.015-0400] {dag.py:4180} INFO - Setting next_dagrun for dataset_s3_bucket_producer to None, run_after=None
[2024-10-03T22:45:54.777-0400] {processor.py:208} INFO - Processing /home/patrick/.cache/pypoetry/virtualenvs/airflow-wPbgcfzP-py3.10/lib/python3.10/site-packages/airflow/example_dags/example_dataset_alias.py took 5.894 seconds
[2024-10-03T22:49:39.766-0400] {processor.py:186} INFO - Started process (PID=34294) to work on /home/patrick/.cache/pypoetry/virtualenvs/airflow-wPbgcfzP-py3.10/lib/python3.10/site-packages/airflow/example_dags/example_dataset_alias.py
[2024-10-03T22:49:39.767-0400] {processor.py:914} INFO - Processing file /home/patrick/.cache/pypoetry/virtualenvs/airflow-wPbgcfzP-py3.10/lib/python3.10/site-packages/airflow/example_dags/example_dataset_alias.py for tasks to queue
[2024-10-03T22:49:39.769-0400] {logging_mixin.py:190} INFO - [2024-10-03T22:49:39.769-0400] {dagbag.py:588} INFO - Filling up the DagBag from /home/patrick/.cache/pypoetry/virtualenvs/airflow-wPbgcfzP-py3.10/lib/python3.10/site-packages/airflow/example_dags/example_dataset_alias.py
[2024-10-03T22:49:46.925-0400] {processor.py:925} INFO - DAG(s) 'dataset_alias_example_alias_producer', 'dataset_alias_example_alias_consumer', 'dataset_s3_bucket_producer', 'dataset_s3_bucket_consumer' retrieved from /home/patrick/.cache/pypoetry/virtualenvs/airflow-wPbgcfzP-py3.10/lib/python3.10/site-packages/airflow/example_dags/example_dataset_alias.py
[2024-10-03T22:49:47.643-0400] {logging_mixin.py:190} INFO - [2024-10-03T22:49:47.642-0400] {dag.py:3239} INFO - Sync 4 DAGs
[2024-10-03T22:49:48.012-0400] {logging_mixin.py:190} INFO - [2024-10-03T22:49:48.012-0400] {dag.py:4180} INFO - Setting next_dagrun for dataset_alias_example_alias_consumer to None, run_after=None
[2024-10-03T22:49:48.207-0400] {logging_mixin.py:190} INFO - [2024-10-03T22:49:48.207-0400] {dag.py:4180} INFO - Setting next_dagrun for dataset_alias_example_alias_producer to None, run_after=None
[2024-10-03T22:49:48.246-0400] {logging_mixin.py:190} INFO - [2024-10-03T22:49:48.246-0400] {dag.py:4180} INFO - Setting next_dagrun for dataset_s3_bucket_consumer to None, run_after=None
[2024-10-03T22:49:48.342-0400] {logging_mixin.py:190} INFO - [2024-10-03T22:49:48.342-0400] {dag.py:4180} INFO - Setting next_dagrun for dataset_s3_bucket_producer to None, run_after=None
[2024-10-03T22:49:49.188-0400] {processor.py:208} INFO - Processing /home/patrick/.cache/pypoetry/virtualenvs/airflow-wPbgcfzP-py3.10/lib/python3.10/site-packages/airflow/example_dags/example_dataset_alias.py took 9.426 seconds
[2024-10-03T22:58:48.212-0400] {processor.py:186} INFO - Started process (PID=36872) to work on /home/patrick/.cache/pypoetry/virtualenvs/airflow-wPbgcfzP-py3.10/lib/python3.10/site-packages/airflow/example_dags/example_dataset_alias.py
[2024-10-03T22:58:48.213-0400] {processor.py:914} INFO - Processing file /home/patrick/.cache/pypoetry/virtualenvs/airflow-wPbgcfzP-py3.10/lib/python3.10/site-packages/airflow/example_dags/example_dataset_alias.py for tasks to queue
[2024-10-03T22:58:48.215-0400] {logging_mixin.py:190} INFO - [2024-10-03T22:58:48.214-0400] {dagbag.py:588} INFO - Filling up the DagBag from /home/patrick/.cache/pypoetry/virtualenvs/airflow-wPbgcfzP-py3.10/lib/python3.10/site-packages/airflow/example_dags/example_dataset_alias.py
[2024-10-03T22:58:55.270-0400] {processor.py:925} INFO - DAG(s) 'dataset_alias_example_alias_producer', 'dataset_alias_example_alias_consumer', 'dataset_s3_bucket_producer', 'dataset_s3_bucket_consumer' retrieved from /home/patrick/.cache/pypoetry/virtualenvs/airflow-wPbgcfzP-py3.10/lib/python3.10/site-packages/airflow/example_dags/example_dataset_alias.py
[2024-10-03T22:58:56.156-0400] {logging_mixin.py:190} INFO - [2024-10-03T22:58:56.156-0400] {dag.py:3239} INFO - Sync 4 DAGs
[2024-10-03T22:58:56.458-0400] {logging_mixin.py:190} INFO - [2024-10-03T22:58:56.457-0400] {dag.py:4180} INFO - Setting next_dagrun for dataset_alias_example_alias_consumer to None, run_after=None
[2024-10-03T22:58:56.495-0400] {logging_mixin.py:190} INFO - [2024-10-03T22:58:56.495-0400] {dag.py:4180} INFO - Setting next_dagrun for dataset_alias_example_alias_producer to None, run_after=None
[2024-10-03T22:58:56.544-0400] {logging_mixin.py:190} INFO - [2024-10-03T22:58:56.544-0400] {dag.py:4180} INFO - Setting next_dagrun for dataset_s3_bucket_consumer to None, run_after=None
[2024-10-03T22:58:56.613-0400] {logging_mixin.py:190} INFO - [2024-10-03T22:58:56.613-0400] {dag.py:4180} INFO - Setting next_dagrun for dataset_s3_bucket_producer to None, run_after=None
[2024-10-03T22:58:57.471-0400] {processor.py:208} INFO - Processing /home/patrick/.cache/pypoetry/virtualenvs/airflow-wPbgcfzP-py3.10/lib/python3.10/site-packages/airflow/example_dags/example_dataset_alias.py took 9.263 seconds
[2024-10-03T23:05:40.832-0400] {processor.py:186} INFO - Started process (PID=38718) to work on /home/patrick/.cache/pypoetry/virtualenvs/airflow-wPbgcfzP-py3.10/lib/python3.10/site-packages/airflow/example_dags/example_dataset_alias.py
[2024-10-03T23:05:40.834-0400] {processor.py:914} INFO - Processing file /home/patrick/.cache/pypoetry/virtualenvs/airflow-wPbgcfzP-py3.10/lib/python3.10/site-packages/airflow/example_dags/example_dataset_alias.py for tasks to queue
[2024-10-03T23:05:40.836-0400] {logging_mixin.py:190} INFO - [2024-10-03T23:05:40.836-0400] {dagbag.py:588} INFO - Filling up the DagBag from /home/patrick/.cache/pypoetry/virtualenvs/airflow-wPbgcfzP-py3.10/lib/python3.10/site-packages/airflow/example_dags/example_dataset_alias.py
[2024-10-03T23:05:46.891-0400] {processor.py:925} INFO - DAG(s) 'dataset_s3_bucket_producer', 'dataset_s3_bucket_consumer', 'dataset_alias_example_alias_producer', 'dataset_alias_example_alias_consumer' retrieved from /home/patrick/.cache/pypoetry/virtualenvs/airflow-wPbgcfzP-py3.10/lib/python3.10/site-packages/airflow/example_dags/example_dataset_alias.py
[2024-10-03T23:05:47.639-0400] {logging_mixin.py:190} INFO - [2024-10-03T23:05:47.638-0400] {dag.py:3239} INFO - Sync 4 DAGs
[2024-10-03T23:05:47.958-0400] {logging_mixin.py:190} INFO - [2024-10-03T23:05:47.958-0400] {dag.py:4180} INFO - Setting next_dagrun for dataset_alias_example_alias_consumer to None, run_after=None
[2024-10-03T23:05:48.000-0400] {logging_mixin.py:190} INFO - [2024-10-03T23:05:48.000-0400] {dag.py:4180} INFO - Setting next_dagrun for dataset_alias_example_alias_producer to None, run_after=None
[2024-10-03T23:05:48.045-0400] {logging_mixin.py:190} INFO - [2024-10-03T23:05:48.045-0400] {dag.py:4180} INFO - Setting next_dagrun for dataset_s3_bucket_consumer to None, run_after=None
[2024-10-03T23:05:48.086-0400] {logging_mixin.py:190} INFO - [2024-10-03T23:05:48.085-0400] {dag.py:4180} INFO - Setting next_dagrun for dataset_s3_bucket_producer to None, run_after=None
[2024-10-03T23:05:48.920-0400] {processor.py:208} INFO - Processing /home/patrick/.cache/pypoetry/virtualenvs/airflow-wPbgcfzP-py3.10/lib/python3.10/site-packages/airflow/example_dags/example_dataset_alias.py took 8.092 seconds
[2024-10-03T23:11:03.040-0400] {processor.py:186} INFO - Started process (PID=40108) to work on /home/patrick/.cache/pypoetry/virtualenvs/airflow-wPbgcfzP-py3.10/lib/python3.10/site-packages/airflow/example_dags/example_dataset_alias.py
[2024-10-03T23:11:03.041-0400] {processor.py:914} INFO - Processing file /home/patrick/.cache/pypoetry/virtualenvs/airflow-wPbgcfzP-py3.10/lib/python3.10/site-packages/airflow/example_dags/example_dataset_alias.py for tasks to queue
[2024-10-03T23:11:03.042-0400] {logging_mixin.py:190} INFO - [2024-10-03T23:11:03.042-0400] {dagbag.py:588} INFO - Filling up the DagBag from /home/patrick/.cache/pypoetry/virtualenvs/airflow-wPbgcfzP-py3.10/lib/python3.10/site-packages/airflow/example_dags/example_dataset_alias.py
[2024-10-03T23:11:05.742-0400] {processor.py:925} INFO - DAG(s) 'dataset_alias_example_alias_producer', 'dataset_s3_bucket_consumer', 'dataset_s3_bucket_producer', 'dataset_alias_example_alias_consumer' retrieved from /home/patrick/.cache/pypoetry/virtualenvs/airflow-wPbgcfzP-py3.10/lib/python3.10/site-packages/airflow/example_dags/example_dataset_alias.py
[2024-10-03T23:11:06.348-0400] {logging_mixin.py:190} INFO - [2024-10-03T23:11:06.348-0400] {dag.py:3239} INFO - Sync 4 DAGs
[2024-10-03T23:11:06.699-0400] {logging_mixin.py:190} INFO - [2024-10-03T23:11:06.699-0400] {dag.py:4180} INFO - Setting next_dagrun for dataset_alias_example_alias_consumer to None, run_after=None
[2024-10-03T23:11:06.738-0400] {logging_mixin.py:190} INFO - [2024-10-03T23:11:06.738-0400] {dag.py:4180} INFO - Setting next_dagrun for dataset_alias_example_alias_producer to None, run_after=None
[2024-10-03T23:11:06.776-0400] {logging_mixin.py:190} INFO - [2024-10-03T23:11:06.776-0400] {dag.py:4180} INFO - Setting next_dagrun for dataset_s3_bucket_consumer to None, run_after=None
[2024-10-03T23:11:06.812-0400] {logging_mixin.py:190} INFO - [2024-10-03T23:11:06.812-0400] {dag.py:4180} INFO - Setting next_dagrun for dataset_s3_bucket_producer to None, run_after=None
[2024-10-03T23:11:07.429-0400] {processor.py:208} INFO - Processing /home/patrick/.cache/pypoetry/virtualenvs/airflow-wPbgcfzP-py3.10/lib/python3.10/site-packages/airflow/example_dags/example_dataset_alias.py took 4.394 seconds
[2024-10-03T23:15:36.842-0400] {processor.py:186} INFO - Started process (PID=41304) to work on /home/patrick/.cache/pypoetry/virtualenvs/airflow-wPbgcfzP-py3.10/lib/python3.10/site-packages/airflow/example_dags/example_dataset_alias.py
[2024-10-03T23:15:36.843-0400] {processor.py:914} INFO - Processing file /home/patrick/.cache/pypoetry/virtualenvs/airflow-wPbgcfzP-py3.10/lib/python3.10/site-packages/airflow/example_dags/example_dataset_alias.py for tasks to queue
[2024-10-03T23:15:36.845-0400] {logging_mixin.py:190} INFO - [2024-10-03T23:15:36.845-0400] {dagbag.py:588} INFO - Filling up the DagBag from /home/patrick/.cache/pypoetry/virtualenvs/airflow-wPbgcfzP-py3.10/lib/python3.10/site-packages/airflow/example_dags/example_dataset_alias.py
[2024-10-03T23:15:38.984-0400] {processor.py:925} INFO - DAG(s) 'dataset_s3_bucket_consumer', 'dataset_alias_example_alias_consumer', 'dataset_alias_example_alias_producer', 'dataset_s3_bucket_producer' retrieved from /home/patrick/.cache/pypoetry/virtualenvs/airflow-wPbgcfzP-py3.10/lib/python3.10/site-packages/airflow/example_dags/example_dataset_alias.py
[2024-10-03T23:15:39.612-0400] {logging_mixin.py:190} INFO - [2024-10-03T23:15:39.612-0400] {dag.py:3239} INFO - Sync 4 DAGs
[2024-10-03T23:15:39.861-0400] {logging_mixin.py:190} INFO - [2024-10-03T23:15:39.861-0400] {dag.py:4180} INFO - Setting next_dagrun for dataset_alias_example_alias_consumer to None, run_after=None
[2024-10-03T23:15:39.901-0400] {logging_mixin.py:190} INFO - [2024-10-03T23:15:39.900-0400] {dag.py:4180} INFO - Setting next_dagrun for dataset_alias_example_alias_producer to None, run_after=None
[2024-10-03T23:15:39.940-0400] {logging_mixin.py:190} INFO - [2024-10-03T23:15:39.940-0400] {dag.py:4180} INFO - Setting next_dagrun for dataset_s3_bucket_consumer to None, run_after=None
[2024-10-03T23:15:39.988-0400] {logging_mixin.py:190} INFO - [2024-10-03T23:15:39.988-0400] {dag.py:4180} INFO - Setting next_dagrun for dataset_s3_bucket_producer to None, run_after=None
[2024-10-03T23:15:40.719-0400] {processor.py:208} INFO - Processing /home/patrick/.cache/pypoetry/virtualenvs/airflow-wPbgcfzP-py3.10/lib/python3.10/site-packages/airflow/example_dags/example_dataset_alias.py took 3.881 seconds
[2024-10-03T23:19:32.879-0400] {processor.py:186} INFO - Started process (PID=42342) to work on /home/patrick/.cache/pypoetry/virtualenvs/airflow-wPbgcfzP-py3.10/lib/python3.10/site-packages/airflow/example_dags/example_dataset_alias.py
[2024-10-03T23:19:32.880-0400] {processor.py:914} INFO - Processing file /home/patrick/.cache/pypoetry/virtualenvs/airflow-wPbgcfzP-py3.10/lib/python3.10/site-packages/airflow/example_dags/example_dataset_alias.py for tasks to queue
[2024-10-03T23:19:32.882-0400] {logging_mixin.py:190} INFO - [2024-10-03T23:19:32.882-0400] {dagbag.py:588} INFO - Filling up the DagBag from /home/patrick/.cache/pypoetry/virtualenvs/airflow-wPbgcfzP-py3.10/lib/python3.10/site-packages/airflow/example_dags/example_dataset_alias.py
[2024-10-03T23:19:37.830-0400] {processor.py:925} INFO - DAG(s) 'dataset_s3_bucket_consumer', 'dataset_alias_example_alias_consumer', 'dataset_s3_bucket_producer', 'dataset_alias_example_alias_producer' retrieved from /home/patrick/.cache/pypoetry/virtualenvs/airflow-wPbgcfzP-py3.10/lib/python3.10/site-packages/airflow/example_dags/example_dataset_alias.py
[2024-10-03T23:19:38.445-0400] {logging_mixin.py:190} INFO - [2024-10-03T23:19:38.445-0400] {dag.py:3239} INFO - Sync 4 DAGs
[2024-10-03T23:19:38.582-0400] {logging_mixin.py:190} INFO - [2024-10-03T23:19:38.581-0400] {dag.py:4180} INFO - Setting next_dagrun for dataset_alias_example_alias_consumer to None, run_after=None
[2024-10-03T23:19:38.622-0400] {logging_mixin.py:190} INFO - [2024-10-03T23:19:38.622-0400] {dag.py:4180} INFO - Setting next_dagrun for dataset_alias_example_alias_producer to None, run_after=None
[2024-10-03T23:19:38.664-0400] {logging_mixin.py:190} INFO - [2024-10-03T23:19:38.663-0400] {dag.py:4180} INFO - Setting next_dagrun for dataset_s3_bucket_consumer to None, run_after=None
[2024-10-03T23:19:38.701-0400] {logging_mixin.py:190} INFO - [2024-10-03T23:19:38.701-0400] {dag.py:4180} INFO - Setting next_dagrun for dataset_s3_bucket_producer to None, run_after=None
[2024-10-03T23:19:39.355-0400] {processor.py:208} INFO - Processing /home/patrick/.cache/pypoetry/virtualenvs/airflow-wPbgcfzP-py3.10/lib/python3.10/site-packages/airflow/example_dags/example_dataset_alias.py took 6.479 seconds
[2024-10-03T23:25:04.163-0400] {processor.py:186} INFO - Started process (PID=43765) to work on /home/patrick/.cache/pypoetry/virtualenvs/airflow-wPbgcfzP-py3.10/lib/python3.10/site-packages/airflow/example_dags/example_dataset_alias.py
[2024-10-03T23:25:04.163-0400] {processor.py:914} INFO - Processing file /home/patrick/.cache/pypoetry/virtualenvs/airflow-wPbgcfzP-py3.10/lib/python3.10/site-packages/airflow/example_dags/example_dataset_alias.py for tasks to queue
[2024-10-03T23:25:04.165-0400] {logging_mixin.py:190} INFO - [2024-10-03T23:25:04.165-0400] {dagbag.py:588} INFO - Filling up the DagBag from /home/patrick/.cache/pypoetry/virtualenvs/airflow-wPbgcfzP-py3.10/lib/python3.10/site-packages/airflow/example_dags/example_dataset_alias.py
[2024-10-03T23:25:17.865-0400] {processor.py:925} INFO - DAG(s) 'dataset_s3_bucket_producer', 'dataset_alias_example_alias_consumer', 'dataset_alias_example_alias_producer', 'dataset_s3_bucket_consumer' retrieved from /home/patrick/.cache/pypoetry/virtualenvs/airflow-wPbgcfzP-py3.10/lib/python3.10/site-packages/airflow/example_dags/example_dataset_alias.py
[2024-10-03T23:25:18.795-0400] {logging_mixin.py:190} INFO - [2024-10-03T23:25:18.795-0400] {dag.py:3239} INFO - Sync 4 DAGs
[2024-10-03T23:25:19.186-0400] {logging_mixin.py:190} INFO - [2024-10-03T23:25:19.185-0400] {dag.py:4180} INFO - Setting next_dagrun for dataset_alias_example_alias_consumer to None, run_after=None
[2024-10-03T23:25:19.235-0400] {logging_mixin.py:190} INFO - [2024-10-03T23:25:19.235-0400] {dag.py:4180} INFO - Setting next_dagrun for dataset_alias_example_alias_producer to None, run_after=None
[2024-10-03T23:25:19.274-0400] {logging_mixin.py:190} INFO - [2024-10-03T23:25:19.273-0400] {dag.py:4180} INFO - Setting next_dagrun for dataset_s3_bucket_consumer to None, run_after=None
[2024-10-03T23:25:19.322-0400] {logging_mixin.py:190} INFO - [2024-10-03T23:25:19.322-0400] {dag.py:4180} INFO - Setting next_dagrun for dataset_s3_bucket_producer to None, run_after=None
[2024-10-03T23:25:20.451-0400] {processor.py:208} INFO - Processing /home/patrick/.cache/pypoetry/virtualenvs/airflow-wPbgcfzP-py3.10/lib/python3.10/site-packages/airflow/example_dags/example_dataset_alias.py took 16.292 seconds
[2024-10-03T23:29:38.043-0400] {processor.py:186} INFO - Started process (PID=44928) to work on /home/patrick/.cache/pypoetry/virtualenvs/airflow-wPbgcfzP-py3.10/lib/python3.10/site-packages/airflow/example_dags/example_dataset_alias.py
[2024-10-03T23:29:38.044-0400] {processor.py:914} INFO - Processing file /home/patrick/.cache/pypoetry/virtualenvs/airflow-wPbgcfzP-py3.10/lib/python3.10/site-packages/airflow/example_dags/example_dataset_alias.py for tasks to queue
[2024-10-03T23:29:38.046-0400] {logging_mixin.py:190} INFO - [2024-10-03T23:29:38.046-0400] {dagbag.py:588} INFO - Filling up the DagBag from /home/patrick/.cache/pypoetry/virtualenvs/airflow-wPbgcfzP-py3.10/lib/python3.10/site-packages/airflow/example_dags/example_dataset_alias.py
[2024-10-03T23:29:39.575-0400] {processor.py:925} INFO - DAG(s) 'dataset_s3_bucket_consumer', 'dataset_alias_example_alias_consumer', 'dataset_alias_example_alias_producer', 'dataset_s3_bucket_producer' retrieved from /home/patrick/.cache/pypoetry/virtualenvs/airflow-wPbgcfzP-py3.10/lib/python3.10/site-packages/airflow/example_dags/example_dataset_alias.py
[2024-10-03T23:29:40.302-0400] {logging_mixin.py:190} INFO - [2024-10-03T23:29:40.301-0400] {dag.py:3239} INFO - Sync 4 DAGs
[2024-10-03T23:29:40.613-0400] {logging_mixin.py:190} INFO - [2024-10-03T23:29:40.613-0400] {dag.py:4180} INFO - Setting next_dagrun for dataset_alias_example_alias_consumer to None, run_after=None
[2024-10-03T23:29:40.663-0400] {logging_mixin.py:190} INFO - [2024-10-03T23:29:40.662-0400] {dag.py:4180} INFO - Setting next_dagrun for dataset_alias_example_alias_producer to None, run_after=None
[2024-10-03T23:29:40.703-0400] {logging_mixin.py:190} INFO - [2024-10-03T23:29:40.702-0400] {dag.py:4180} INFO - Setting next_dagrun for dataset_s3_bucket_consumer to None, run_after=None
[2024-10-03T23:29:40.751-0400] {logging_mixin.py:190} INFO - [2024-10-03T23:29:40.751-0400] {dag.py:4180} INFO - Setting next_dagrun for dataset_s3_bucket_producer to None, run_after=None
[2024-10-03T23:29:41.595-0400] {processor.py:208} INFO - Processing /home/patrick/.cache/pypoetry/virtualenvs/airflow-wPbgcfzP-py3.10/lib/python3.10/site-packages/airflow/example_dags/example_dataset_alias.py took 3.556 seconds
[2024-10-03T23:33:58.062-0400] {processor.py:186} INFO - Started process (PID=46102) to work on /home/patrick/.cache/pypoetry/virtualenvs/airflow-wPbgcfzP-py3.10/lib/python3.10/site-packages/airflow/example_dags/example_dataset_alias.py
[2024-10-03T23:33:58.063-0400] {processor.py:914} INFO - Processing file /home/patrick/.cache/pypoetry/virtualenvs/airflow-wPbgcfzP-py3.10/lib/python3.10/site-packages/airflow/example_dags/example_dataset_alias.py for tasks to queue
[2024-10-03T23:33:58.065-0400] {logging_mixin.py:190} INFO - [2024-10-03T23:33:58.065-0400] {dagbag.py:588} INFO - Filling up the DagBag from /home/patrick/.cache/pypoetry/virtualenvs/airflow-wPbgcfzP-py3.10/lib/python3.10/site-packages/airflow/example_dags/example_dataset_alias.py
[2024-10-03T23:34:00.738-0400] {processor.py:925} INFO - DAG(s) 'dataset_alias_example_alias_consumer', 'dataset_s3_bucket_consumer', 'dataset_alias_example_alias_producer', 'dataset_s3_bucket_producer' retrieved from /home/patrick/.cache/pypoetry/virtualenvs/airflow-wPbgcfzP-py3.10/lib/python3.10/site-packages/airflow/example_dags/example_dataset_alias.py
[2024-10-03T23:34:01.350-0400] {logging_mixin.py:190} INFO - [2024-10-03T23:34:01.350-0400] {dag.py:3239} INFO - Sync 4 DAGs
[2024-10-03T23:34:01.631-0400] {logging_mixin.py:190} INFO - [2024-10-03T23:34:01.631-0400] {dag.py:4180} INFO - Setting next_dagrun for dataset_alias_example_alias_consumer to None, run_after=None
[2024-10-03T23:34:01.692-0400] {logging_mixin.py:190} INFO - [2024-10-03T23:34:01.692-0400] {dag.py:4180} INFO - Setting next_dagrun for dataset_alias_example_alias_producer to None, run_after=None
[2024-10-03T23:34:01.761-0400] {logging_mixin.py:190} INFO - [2024-10-03T23:34:01.761-0400] {dag.py:4180} INFO - Setting next_dagrun for dataset_s3_bucket_consumer to None, run_after=None
[2024-10-03T23:34:01.817-0400] {logging_mixin.py:190} INFO - [2024-10-03T23:34:01.817-0400] {dag.py:4180} INFO - Setting next_dagrun for dataset_s3_bucket_producer to None, run_after=None
[2024-10-03T23:34:02.868-0400] {processor.py:208} INFO - Processing /home/patrick/.cache/pypoetry/virtualenvs/airflow-wPbgcfzP-py3.10/lib/python3.10/site-packages/airflow/example_dags/example_dataset_alias.py took 4.809 seconds
[2024-10-03T23:36:56.726-0400] {processor.py:186} INFO - Started process (PID=46862) to work on /home/patrick/.cache/pypoetry/virtualenvs/airflow-wPbgcfzP-py3.10/lib/python3.10/site-packages/airflow/example_dags/example_dataset_alias.py
[2024-10-03T23:36:56.727-0400] {processor.py:914} INFO - Processing file /home/patrick/.cache/pypoetry/virtualenvs/airflow-wPbgcfzP-py3.10/lib/python3.10/site-packages/airflow/example_dags/example_dataset_alias.py for tasks to queue
[2024-10-03T23:36:56.728-0400] {logging_mixin.py:190} INFO - [2024-10-03T23:36:56.728-0400] {dagbag.py:588} INFO - Filling up the DagBag from /home/patrick/.cache/pypoetry/virtualenvs/airflow-wPbgcfzP-py3.10/lib/python3.10/site-packages/airflow/example_dags/example_dataset_alias.py
[2024-10-03T23:37:01.075-0400] {processor.py:925} INFO - DAG(s) 'dataset_s3_bucket_consumer', 'dataset_s3_bucket_producer', 'dataset_alias_example_alias_consumer', 'dataset_alias_example_alias_producer' retrieved from /home/patrick/.cache/pypoetry/virtualenvs/airflow-wPbgcfzP-py3.10/lib/python3.10/site-packages/airflow/example_dags/example_dataset_alias.py
[2024-10-03T23:37:01.872-0400] {logging_mixin.py:190} INFO - [2024-10-03T23:37:01.871-0400] {dag.py:3239} INFO - Sync 4 DAGs
[2024-10-03T23:37:02.466-0400] {logging_mixin.py:190} INFO - [2024-10-03T23:37:02.465-0400] {dag.py:4180} INFO - Setting next_dagrun for dataset_alias_example_alias_consumer to None, run_after=None
[2024-10-03T23:37:02.582-0400] {logging_mixin.py:190} INFO - [2024-10-03T23:37:02.582-0400] {dag.py:4180} INFO - Setting next_dagrun for dataset_alias_example_alias_producer to None, run_after=None
[2024-10-03T23:37:02.621-0400] {logging_mixin.py:190} INFO - [2024-10-03T23:37:02.620-0400] {dag.py:4180} INFO - Setting next_dagrun for dataset_s3_bucket_consumer to None, run_after=None
[2024-10-03T23:37:02.690-0400] {logging_mixin.py:190} INFO - [2024-10-03T23:37:02.689-0400] {dag.py:4180} INFO - Setting next_dagrun for dataset_s3_bucket_producer to None, run_after=None
[2024-10-03T23:37:03.708-0400] {processor.py:208} INFO - Processing /home/patrick/.cache/pypoetry/virtualenvs/airflow-wPbgcfzP-py3.10/lib/python3.10/site-packages/airflow/example_dags/example_dataset_alias.py took 6.986 seconds
[2024-10-03T23:40:52.126-0400] {processor.py:186} INFO - Started process (PID=47879) to work on /home/patrick/.cache/pypoetry/virtualenvs/airflow-wPbgcfzP-py3.10/lib/python3.10/site-packages/airflow/example_dags/example_dataset_alias.py
[2024-10-03T23:40:52.127-0400] {processor.py:914} INFO - Processing file /home/patrick/.cache/pypoetry/virtualenvs/airflow-wPbgcfzP-py3.10/lib/python3.10/site-packages/airflow/example_dags/example_dataset_alias.py for tasks to queue
[2024-10-03T23:40:52.128-0400] {logging_mixin.py:190} INFO - [2024-10-03T23:40:52.128-0400] {dagbag.py:588} INFO - Filling up the DagBag from /home/patrick/.cache/pypoetry/virtualenvs/airflow-wPbgcfzP-py3.10/lib/python3.10/site-packages/airflow/example_dags/example_dataset_alias.py
[2024-10-03T23:40:55.699-0400] {processor.py:925} INFO - DAG(s) 'dataset_s3_bucket_producer', 'dataset_alias_example_alias_producer', 'dataset_s3_bucket_consumer', 'dataset_alias_example_alias_consumer' retrieved from /home/patrick/.cache/pypoetry/virtualenvs/airflow-wPbgcfzP-py3.10/lib/python3.10/site-packages/airflow/example_dags/example_dataset_alias.py
[2024-10-03T23:40:56.349-0400] {logging_mixin.py:190} INFO - [2024-10-03T23:40:56.349-0400] {dag.py:3239} INFO - Sync 4 DAGs
[2024-10-03T23:40:56.679-0400] {logging_mixin.py:190} INFO - [2024-10-03T23:40:56.678-0400] {dag.py:4180} INFO - Setting next_dagrun for dataset_alias_example_alias_consumer to None, run_after=None
[2024-10-03T23:40:56.729-0400] {logging_mixin.py:190} INFO - [2024-10-03T23:40:56.729-0400] {dag.py:4180} INFO - Setting next_dagrun for dataset_alias_example_alias_producer to None, run_after=None
[2024-10-03T23:40:56.777-0400] {logging_mixin.py:190} INFO - [2024-10-03T23:40:56.776-0400] {dag.py:4180} INFO - Setting next_dagrun for dataset_s3_bucket_consumer to None, run_after=None
[2024-10-03T23:40:56.818-0400] {logging_mixin.py:190} INFO - [2024-10-03T23:40:56.818-0400] {dag.py:4180} INFO - Setting next_dagrun for dataset_s3_bucket_producer to None, run_after=None
[2024-10-03T23:40:57.602-0400] {processor.py:208} INFO - Processing /home/patrick/.cache/pypoetry/virtualenvs/airflow-wPbgcfzP-py3.10/lib/python3.10/site-packages/airflow/example_dags/example_dataset_alias.py took 5.479 seconds
[2024-10-03T23:45:12.322-0400] {processor.py:186} INFO - Started process (PID=49003) to work on /home/patrick/.cache/pypoetry/virtualenvs/airflow-wPbgcfzP-py3.10/lib/python3.10/site-packages/airflow/example_dags/example_dataset_alias.py
[2024-10-03T23:45:12.323-0400] {processor.py:914} INFO - Processing file /home/patrick/.cache/pypoetry/virtualenvs/airflow-wPbgcfzP-py3.10/lib/python3.10/site-packages/airflow/example_dags/example_dataset_alias.py for tasks to queue
[2024-10-03T23:45:12.325-0400] {logging_mixin.py:190} INFO - [2024-10-03T23:45:12.325-0400] {dagbag.py:588} INFO - Filling up the DagBag from /home/patrick/.cache/pypoetry/virtualenvs/airflow-wPbgcfzP-py3.10/lib/python3.10/site-packages/airflow/example_dags/example_dataset_alias.py
[2024-10-03T23:45:18.115-0400] {processor.py:925} INFO - DAG(s) 'dataset_s3_bucket_consumer', 'dataset_s3_bucket_producer', 'dataset_alias_example_alias_producer', 'dataset_alias_example_alias_consumer' retrieved from /home/patrick/.cache/pypoetry/virtualenvs/airflow-wPbgcfzP-py3.10/lib/python3.10/site-packages/airflow/example_dags/example_dataset_alias.py
[2024-10-03T23:45:19.222-0400] {logging_mixin.py:190} INFO - [2024-10-03T23:45:19.222-0400] {dag.py:3239} INFO - Sync 4 DAGs
[2024-10-03T23:45:19.410-0400] {logging_mixin.py:190} INFO - [2024-10-03T23:45:19.410-0400] {dag.py:4180} INFO - Setting next_dagrun for dataset_alias_example_alias_consumer to None, run_after=None
[2024-10-03T23:45:19.475-0400] {logging_mixin.py:190} INFO - [2024-10-03T23:45:19.475-0400] {dag.py:4180} INFO - Setting next_dagrun for dataset_alias_example_alias_producer to None, run_after=None
[2024-10-03T23:45:19.525-0400] {logging_mixin.py:190} INFO - [2024-10-03T23:45:19.524-0400] {dag.py:4180} INFO - Setting next_dagrun for dataset_s3_bucket_consumer to None, run_after=None
[2024-10-03T23:45:19.576-0400] {logging_mixin.py:190} INFO - [2024-10-03T23:45:19.576-0400] {dag.py:4180} INFO - Setting next_dagrun for dataset_s3_bucket_producer to None, run_after=None
[2024-10-03T23:45:20.670-0400] {processor.py:208} INFO - Processing /home/patrick/.cache/pypoetry/virtualenvs/airflow-wPbgcfzP-py3.10/lib/python3.10/site-packages/airflow/example_dags/example_dataset_alias.py took 8.352 seconds
[2024-10-03T23:49:21.813-0400] {processor.py:186} INFO - Started process (PID=50074) to work on /home/patrick/.cache/pypoetry/virtualenvs/airflow-wPbgcfzP-py3.10/lib/python3.10/site-packages/airflow/example_dags/example_dataset_alias.py
[2024-10-03T23:49:21.814-0400] {processor.py:914} INFO - Processing file /home/patrick/.cache/pypoetry/virtualenvs/airflow-wPbgcfzP-py3.10/lib/python3.10/site-packages/airflow/example_dags/example_dataset_alias.py for tasks to queue
[2024-10-03T23:49:21.816-0400] {logging_mixin.py:190} INFO - [2024-10-03T23:49:21.815-0400] {dagbag.py:588} INFO - Filling up the DagBag from /home/patrick/.cache/pypoetry/virtualenvs/airflow-wPbgcfzP-py3.10/lib/python3.10/site-packages/airflow/example_dags/example_dataset_alias.py
[2024-10-03T23:49:24.516-0400] {processor.py:925} INFO - DAG(s) 'dataset_alias_example_alias_producer', 'dataset_s3_bucket_consumer', 'dataset_s3_bucket_producer', 'dataset_alias_example_alias_consumer' retrieved from /home/patrick/.cache/pypoetry/virtualenvs/airflow-wPbgcfzP-py3.10/lib/python3.10/site-packages/airflow/example_dags/example_dataset_alias.py
[2024-10-03T23:49:25.394-0400] {logging_mixin.py:190} INFO - [2024-10-03T23:49:25.394-0400] {dag.py:3239} INFO - Sync 4 DAGs
[2024-10-03T23:49:25.701-0400] {logging_mixin.py:190} INFO - [2024-10-03T23:49:25.701-0400] {dag.py:4180} INFO - Setting next_dagrun for dataset_alias_example_alias_consumer to None, run_after=None
[2024-10-03T23:49:25.767-0400] {logging_mixin.py:190} INFO - [2024-10-03T23:49:25.766-0400] {dag.py:4180} INFO - Setting next_dagrun for dataset_alias_example_alias_producer to None, run_after=None
[2024-10-03T23:49:25.803-0400] {logging_mixin.py:190} INFO - [2024-10-03T23:49:25.803-0400] {dag.py:4180} INFO - Setting next_dagrun for dataset_s3_bucket_consumer to None, run_after=None
[2024-10-03T23:49:25.851-0400] {logging_mixin.py:190} INFO - [2024-10-03T23:49:25.851-0400] {dag.py:4180} INFO - Setting next_dagrun for dataset_s3_bucket_producer to None, run_after=None
[2024-10-03T23:49:26.718-0400] {processor.py:208} INFO - Processing /home/patrick/.cache/pypoetry/virtualenvs/airflow-wPbgcfzP-py3.10/lib/python3.10/site-packages/airflow/example_dags/example_dataset_alias.py took 4.909 seconds
[2024-10-03T23:53:36.444-0400] {processor.py:186} INFO - Started process (PID=51166) to work on /home/patrick/.cache/pypoetry/virtualenvs/airflow-wPbgcfzP-py3.10/lib/python3.10/site-packages/airflow/example_dags/example_dataset_alias.py
[2024-10-03T23:53:36.445-0400] {processor.py:914} INFO - Processing file /home/patrick/.cache/pypoetry/virtualenvs/airflow-wPbgcfzP-py3.10/lib/python3.10/site-packages/airflow/example_dags/example_dataset_alias.py for tasks to queue
[2024-10-03T23:53:36.446-0400] {logging_mixin.py:190} INFO - [2024-10-03T23:53:36.446-0400] {dagbag.py:588} INFO - Filling up the DagBag from /home/patrick/.cache/pypoetry/virtualenvs/airflow-wPbgcfzP-py3.10/lib/python3.10/site-packages/airflow/example_dags/example_dataset_alias.py
[2024-10-03T23:53:39.816-0400] {processor.py:925} INFO - DAG(s) 'dataset_alias_example_alias_consumer', 'dataset_s3_bucket_producer', 'dataset_alias_example_alias_producer', 'dataset_s3_bucket_consumer' retrieved from /home/patrick/.cache/pypoetry/virtualenvs/airflow-wPbgcfzP-py3.10/lib/python3.10/site-packages/airflow/example_dags/example_dataset_alias.py
[2024-10-03T23:53:40.554-0400] {logging_mixin.py:190} INFO - [2024-10-03T23:53:40.553-0400] {dag.py:3239} INFO - Sync 4 DAGs
[2024-10-03T23:53:40.778-0400] {logging_mixin.py:190} INFO - [2024-10-03T23:53:40.778-0400] {dag.py:4180} INFO - Setting next_dagrun for dataset_alias_example_alias_consumer to None, run_after=None
[2024-10-03T23:53:40.818-0400] {logging_mixin.py:190} INFO - [2024-10-03T23:53:40.818-0400] {dag.py:4180} INFO - Setting next_dagrun for dataset_alias_example_alias_producer to None, run_after=None
[2024-10-03T23:53:40.879-0400] {logging_mixin.py:190} INFO - [2024-10-03T23:53:40.879-0400] {dag.py:4180} INFO - Setting next_dagrun for dataset_s3_bucket_consumer to None, run_after=None
[2024-10-03T23:53:40.913-0400] {logging_mixin.py:190} INFO - [2024-10-03T23:53:40.913-0400] {dag.py:4180} INFO - Setting next_dagrun for dataset_s3_bucket_producer to None, run_after=None
[2024-10-03T23:53:41.773-0400] {processor.py:208} INFO - Processing /home/patrick/.cache/pypoetry/virtualenvs/airflow-wPbgcfzP-py3.10/lib/python3.10/site-packages/airflow/example_dags/example_dataset_alias.py took 5.334 seconds
[2024-10-03T23:57:30.379-0400] {processor.py:186} INFO - Started process (PID=52177) to work on /home/patrick/.cache/pypoetry/virtualenvs/airflow-wPbgcfzP-py3.10/lib/python3.10/site-packages/airflow/example_dags/example_dataset_alias.py
[2024-10-03T23:57:30.380-0400] {processor.py:914} INFO - Processing file /home/patrick/.cache/pypoetry/virtualenvs/airflow-wPbgcfzP-py3.10/lib/python3.10/site-packages/airflow/example_dags/example_dataset_alias.py for tasks to queue
[2024-10-03T23:57:30.382-0400] {logging_mixin.py:190} INFO - [2024-10-03T23:57:30.382-0400] {dagbag.py:588} INFO - Filling up the DagBag from /home/patrick/.cache/pypoetry/virtualenvs/airflow-wPbgcfzP-py3.10/lib/python3.10/site-packages/airflow/example_dags/example_dataset_alias.py
[2024-10-03T23:57:32.136-0400] {processor.py:925} INFO - DAG(s) 'dataset_alias_example_alias_producer', 'dataset_s3_bucket_producer', 'dataset_s3_bucket_consumer', 'dataset_alias_example_alias_consumer' retrieved from /home/patrick/.cache/pypoetry/virtualenvs/airflow-wPbgcfzP-py3.10/lib/python3.10/site-packages/airflow/example_dags/example_dataset_alias.py
[2024-10-03T23:57:32.750-0400] {logging_mixin.py:190} INFO - [2024-10-03T23:57:32.750-0400] {dag.py:3239} INFO - Sync 4 DAGs
[2024-10-03T23:57:32.904-0400] {logging_mixin.py:190} INFO - [2024-10-03T23:57:32.904-0400] {dag.py:4180} INFO - Setting next_dagrun for dataset_alias_example_alias_consumer to None, run_after=None
[2024-10-03T23:57:32.946-0400] {logging_mixin.py:190} INFO - [2024-10-03T23:57:32.946-0400] {dag.py:4180} INFO - Setting next_dagrun for dataset_alias_example_alias_producer to None, run_after=None
[2024-10-03T23:57:32.985-0400] {logging_mixin.py:190} INFO - [2024-10-03T23:57:32.985-0400] {dag.py:4180} INFO - Setting next_dagrun for dataset_s3_bucket_consumer to None, run_after=None
[2024-10-03T23:57:33.034-0400] {logging_mixin.py:190} INFO - [2024-10-03T23:57:33.034-0400] {dag.py:4180} INFO - Setting next_dagrun for dataset_s3_bucket_producer to None, run_after=None
[2024-10-03T23:57:33.878-0400] {processor.py:208} INFO - Processing /home/patrick/.cache/pypoetry/virtualenvs/airflow-wPbgcfzP-py3.10/lib/python3.10/site-packages/airflow/example_dags/example_dataset_alias.py took 3.504 seconds
[2024-10-04T00:02:04.315-0400] {processor.py:186} INFO - Started process (PID=53406) to work on /home/patrick/.cache/pypoetry/virtualenvs/airflow-wPbgcfzP-py3.10/lib/python3.10/site-packages/airflow/example_dags/example_dataset_alias.py
[2024-10-04T00:02:04.317-0400] {processor.py:914} INFO - Processing file /home/patrick/.cache/pypoetry/virtualenvs/airflow-wPbgcfzP-py3.10/lib/python3.10/site-packages/airflow/example_dags/example_dataset_alias.py for tasks to queue
[2024-10-04T00:02:04.318-0400] {logging_mixin.py:190} INFO - [2024-10-04T00:02:04.318-0400] {dagbag.py:588} INFO - Filling up the DagBag from /home/patrick/.cache/pypoetry/virtualenvs/airflow-wPbgcfzP-py3.10/lib/python3.10/site-packages/airflow/example_dags/example_dataset_alias.py
[2024-10-04T00:02:12.687-0400] {processor.py:925} INFO - DAG(s) 'dataset_s3_bucket_consumer', 'dataset_alias_example_alias_consumer', 'dataset_s3_bucket_producer', 'dataset_alias_example_alias_producer' retrieved from /home/patrick/.cache/pypoetry/virtualenvs/airflow-wPbgcfzP-py3.10/lib/python3.10/site-packages/airflow/example_dags/example_dataset_alias.py
[2024-10-04T00:02:13.764-0400] {logging_mixin.py:190} INFO - [2024-10-04T00:02:13.763-0400] {dag.py:3239} INFO - Sync 4 DAGs
[2024-10-04T00:02:14.796-0400] {logging_mixin.py:190} INFO - [2024-10-04T00:02:14.795-0400] {dag.py:4180} INFO - Setting next_dagrun for dataset_alias_example_alias_consumer to None, run_after=None
[2024-10-04T00:02:14.843-0400] {logging_mixin.py:190} INFO - [2024-10-04T00:02:14.843-0400] {dag.py:4180} INFO - Setting next_dagrun for dataset_alias_example_alias_producer to None, run_after=None
[2024-10-04T00:02:14.901-0400] {logging_mixin.py:190} INFO - [2024-10-04T00:02:14.901-0400] {dag.py:4180} INFO - Setting next_dagrun for dataset_s3_bucket_consumer to None, run_after=None
[2024-10-04T00:02:14.950-0400] {logging_mixin.py:190} INFO - [2024-10-04T00:02:14.949-0400] {dag.py:4180} INFO - Setting next_dagrun for dataset_s3_bucket_producer to None, run_after=None
[2024-10-04T00:02:16.058-0400] {processor.py:208} INFO - Processing /home/patrick/.cache/pypoetry/virtualenvs/airflow-wPbgcfzP-py3.10/lib/python3.10/site-packages/airflow/example_dags/example_dataset_alias.py took 11.746 seconds
[2024-10-04T00:06:10.652-0400] {processor.py:186} INFO - Started process (PID=54468) to work on /home/patrick/.cache/pypoetry/virtualenvs/airflow-wPbgcfzP-py3.10/lib/python3.10/site-packages/airflow/example_dags/example_dataset_alias.py
[2024-10-04T00:06:10.653-0400] {processor.py:914} INFO - Processing file /home/patrick/.cache/pypoetry/virtualenvs/airflow-wPbgcfzP-py3.10/lib/python3.10/site-packages/airflow/example_dags/example_dataset_alias.py for tasks to queue
[2024-10-04T00:06:10.655-0400] {logging_mixin.py:190} INFO - [2024-10-04T00:06:10.655-0400] {dagbag.py:588} INFO - Filling up the DagBag from /home/patrick/.cache/pypoetry/virtualenvs/airflow-wPbgcfzP-py3.10/lib/python3.10/site-packages/airflow/example_dags/example_dataset_alias.py
[2024-10-04T00:06:14.926-0400] {processor.py:925} INFO - DAG(s) 'dataset_alias_example_alias_consumer', 'dataset_s3_bucket_consumer', 'dataset_alias_example_alias_producer', 'dataset_s3_bucket_producer' retrieved from /home/patrick/.cache/pypoetry/virtualenvs/airflow-wPbgcfzP-py3.10/lib/python3.10/site-packages/airflow/example_dags/example_dataset_alias.py
[2024-10-04T00:06:15.683-0400] {logging_mixin.py:190} INFO - [2024-10-04T00:06:15.683-0400] {dag.py:3239} INFO - Sync 4 DAGs
[2024-10-04T00:06:15.976-0400] {logging_mixin.py:190} INFO - [2024-10-04T00:06:15.976-0400] {dag.py:4180} INFO - Setting next_dagrun for dataset_alias_example_alias_consumer to None, run_after=None
[2024-10-04T00:06:16.046-0400] {logging_mixin.py:190} INFO - [2024-10-04T00:06:16.046-0400] {dag.py:4180} INFO - Setting next_dagrun for dataset_alias_example_alias_producer to None, run_after=None
[2024-10-04T00:06:16.103-0400] {logging_mixin.py:190} INFO - [2024-10-04T00:06:16.102-0400] {dag.py:4180} INFO - Setting next_dagrun for dataset_s3_bucket_consumer to None, run_after=None
[2024-10-04T00:06:16.176-0400] {logging_mixin.py:190} INFO - [2024-10-04T00:06:16.176-0400] {dag.py:4180} INFO - Setting next_dagrun for dataset_s3_bucket_producer to None, run_after=None
[2024-10-04T00:06:17.151-0400] {processor.py:208} INFO - Processing /home/patrick/.cache/pypoetry/virtualenvs/airflow-wPbgcfzP-py3.10/lib/python3.10/site-packages/airflow/example_dags/example_dataset_alias.py took 6.503 seconds
