[2024-10-03T21:01:54.104-0400] {processor.py:186} INFO - Started process (PID=5397) to work on /home/patrick/.cache/pypoetry/virtualenvs/airflow-wPbgcfzP-py3.10/lib/python3.10/site-packages/airflow/example_dags/example_branch_datetime_operator.py
[2024-10-03T21:01:54.104-0400] {processor.py:914} INFO - Processing file /home/patrick/.cache/pypoetry/virtualenvs/airflow-wPbgcfzP-py3.10/lib/python3.10/site-packages/airflow/example_dags/example_branch_datetime_operator.py for tasks to queue
[2024-10-03T21:01:54.105-0400] {logging_mixin.py:190} INFO - [2024-10-03T21:01:54.105-0400] {dagbag.py:588} INFO - Filling up the DagBag from /home/patrick/.cache/pypoetry/virtualenvs/airflow-wPbgcfzP-py3.10/lib/python3.10/site-packages/airflow/example_dags/example_branch_datetime_operator.py
[2024-10-03T21:01:54.113-0400] {processor.py:925} INFO - DAG(s) 'example_branch_datetime_operator_2', 'example_branch_datetime_operator_3', 'example_branch_datetime_operator' retrieved from /home/patrick/.cache/pypoetry/virtualenvs/airflow-wPbgcfzP-py3.10/lib/python3.10/site-packages/airflow/example_dags/example_branch_datetime_operator.py
[2024-10-03T21:02:03.441-0400] {logging_mixin.py:190} INFO - [2024-10-03T21:02:03.441-0400] {dag.py:3239} INFO - Sync 3 DAGs
[2024-10-03T21:02:04.792-0400] {logging_mixin.py:190} INFO - [2024-10-03T21:02:04.792-0400] {dag.py:4180} INFO - Setting next_dagrun for example_branch_datetime_operator to 2024-10-03 00:00:00+00:00, run_after=2024-10-04 00:00:00+00:00
[2024-10-03T21:02:04.830-0400] {logging_mixin.py:190} INFO - [2024-10-03T21:02:04.829-0400] {dag.py:4180} INFO - Setting next_dagrun for example_branch_datetime_operator_2 to 2024-10-03 00:00:00+00:00, run_after=2024-10-04 00:00:00+00:00
[2024-10-03T21:02:05.043-0400] {logging_mixin.py:190} INFO - [2024-10-03T21:02:05.043-0400] {dag.py:4180} INFO - Setting next_dagrun for example_branch_datetime_operator_3 to 2024-10-03 00:00:00+00:00, run_after=2024-10-04 00:00:00+00:00
[2024-10-03T21:02:06.254-0400] {processor.py:208} INFO - Processing /home/patrick/.cache/pypoetry/virtualenvs/airflow-wPbgcfzP-py3.10/lib/python3.10/site-packages/airflow/example_dags/example_branch_datetime_operator.py took 12.154 seconds
[2024-10-03T21:06:19.036-0400] {processor.py:186} INFO - Started process (PID=6540) to work on /home/patrick/.cache/pypoetry/virtualenvs/airflow-wPbgcfzP-py3.10/lib/python3.10/site-packages/airflow/example_dags/example_branch_datetime_operator.py
[2024-10-03T21:06:19.036-0400] {processor.py:914} INFO - Processing file /home/patrick/.cache/pypoetry/virtualenvs/airflow-wPbgcfzP-py3.10/lib/python3.10/site-packages/airflow/example_dags/example_branch_datetime_operator.py for tasks to queue
[2024-10-03T21:06:19.037-0400] {logging_mixin.py:190} INFO - [2024-10-03T21:06:19.037-0400] {dagbag.py:588} INFO - Filling up the DagBag from /home/patrick/.cache/pypoetry/virtualenvs/airflow-wPbgcfzP-py3.10/lib/python3.10/site-packages/airflow/example_dags/example_branch_datetime_operator.py
[2024-10-03T21:06:19.043-0400] {processor.py:925} INFO - DAG(s) 'example_branch_datetime_operator', 'example_branch_datetime_operator_2', 'example_branch_datetime_operator_3' retrieved from /home/patrick/.cache/pypoetry/virtualenvs/airflow-wPbgcfzP-py3.10/lib/python3.10/site-packages/airflow/example_dags/example_branch_datetime_operator.py
[2024-10-03T21:06:29.939-0400] {logging_mixin.py:190} INFO - [2024-10-03T21:06:29.938-0400] {dag.py:3239} INFO - Sync 3 DAGs
[2024-10-03T21:06:30.530-0400] {logging_mixin.py:190} INFO - [2024-10-03T21:06:30.530-0400] {dag.py:4180} INFO - Setting next_dagrun for example_branch_datetime_operator to 2024-10-03 00:00:00+00:00, run_after=2024-10-04 00:00:00+00:00
[2024-10-03T21:06:30.570-0400] {logging_mixin.py:190} INFO - [2024-10-03T21:06:30.569-0400] {dag.py:4180} INFO - Setting next_dagrun for example_branch_datetime_operator_2 to 2024-10-03 00:00:00+00:00, run_after=2024-10-04 00:00:00+00:00
[2024-10-03T21:06:30.628-0400] {logging_mixin.py:190} INFO - [2024-10-03T21:06:30.628-0400] {dag.py:4180} INFO - Setting next_dagrun for example_branch_datetime_operator_3 to 2024-10-03 00:00:00+00:00, run_after=2024-10-04 00:00:00+00:00
[2024-10-03T21:06:31.472-0400] {processor.py:208} INFO - Processing /home/patrick/.cache/pypoetry/virtualenvs/airflow-wPbgcfzP-py3.10/lib/python3.10/site-packages/airflow/example_dags/example_branch_datetime_operator.py took 12.440 seconds
[2024-10-03T21:10:57.032-0400] {processor.py:186} INFO - Started process (PID=7729) to work on /home/patrick/.cache/pypoetry/virtualenvs/airflow-wPbgcfzP-py3.10/lib/python3.10/site-packages/airflow/example_dags/example_branch_datetime_operator.py
[2024-10-03T21:10:57.033-0400] {processor.py:914} INFO - Processing file /home/patrick/.cache/pypoetry/virtualenvs/airflow-wPbgcfzP-py3.10/lib/python3.10/site-packages/airflow/example_dags/example_branch_datetime_operator.py for tasks to queue
[2024-10-03T21:10:57.034-0400] {logging_mixin.py:190} INFO - [2024-10-03T21:10:57.034-0400] {dagbag.py:588} INFO - Filling up the DagBag from /home/patrick/.cache/pypoetry/virtualenvs/airflow-wPbgcfzP-py3.10/lib/python3.10/site-packages/airflow/example_dags/example_branch_datetime_operator.py
[2024-10-03T21:10:57.041-0400] {processor.py:925} INFO - DAG(s) 'example_branch_datetime_operator_2', 'example_branch_datetime_operator_3', 'example_branch_datetime_operator' retrieved from /home/patrick/.cache/pypoetry/virtualenvs/airflow-wPbgcfzP-py3.10/lib/python3.10/site-packages/airflow/example_dags/example_branch_datetime_operator.py
[2024-10-03T21:10:59.816-0400] {logging_mixin.py:190} INFO - [2024-10-03T21:10:59.816-0400] {dag.py:3239} INFO - Sync 3 DAGs
[2024-10-03T21:11:00.024-0400] {logging_mixin.py:190} INFO - [2024-10-03T21:11:00.024-0400] {dag.py:4180} INFO - Setting next_dagrun for example_branch_datetime_operator to 2024-10-03 00:00:00+00:00, run_after=2024-10-04 00:00:00+00:00
[2024-10-03T21:11:00.112-0400] {logging_mixin.py:190} INFO - [2024-10-03T21:11:00.112-0400] {dag.py:4180} INFO - Setting next_dagrun for example_branch_datetime_operator_2 to 2024-10-03 00:00:00+00:00, run_after=2024-10-04 00:00:00+00:00
[2024-10-03T21:11:00.161-0400] {logging_mixin.py:190} INFO - [2024-10-03T21:11:00.161-0400] {dag.py:4180} INFO - Setting next_dagrun for example_branch_datetime_operator_3 to 2024-10-03 00:00:00+00:00, run_after=2024-10-04 00:00:00+00:00
[2024-10-03T21:11:00.897-0400] {processor.py:208} INFO - Processing /home/patrick/.cache/pypoetry/virtualenvs/airflow-wPbgcfzP-py3.10/lib/python3.10/site-packages/airflow/example_dags/example_branch_datetime_operator.py took 3.868 seconds
[2024-10-03T21:17:44.085-0400] {processor.py:186} INFO - Started process (PID=9646) to work on /home/patrick/.cache/pypoetry/virtualenvs/airflow-wPbgcfzP-py3.10/lib/python3.10/site-packages/airflow/example_dags/example_branch_datetime_operator.py
[2024-10-03T21:17:44.086-0400] {processor.py:914} INFO - Processing file /home/patrick/.cache/pypoetry/virtualenvs/airflow-wPbgcfzP-py3.10/lib/python3.10/site-packages/airflow/example_dags/example_branch_datetime_operator.py for tasks to queue
[2024-10-03T21:17:44.088-0400] {logging_mixin.py:190} INFO - [2024-10-03T21:17:44.088-0400] {dagbag.py:588} INFO - Filling up the DagBag from /home/patrick/.cache/pypoetry/virtualenvs/airflow-wPbgcfzP-py3.10/lib/python3.10/site-packages/airflow/example_dags/example_branch_datetime_operator.py
[2024-10-03T21:17:44.099-0400] {processor.py:925} INFO - DAG(s) 'example_branch_datetime_operator_3', 'example_branch_datetime_operator_2', 'example_branch_datetime_operator' retrieved from /home/patrick/.cache/pypoetry/virtualenvs/airflow-wPbgcfzP-py3.10/lib/python3.10/site-packages/airflow/example_dags/example_branch_datetime_operator.py
[2024-10-03T21:17:46.780-0400] {logging_mixin.py:190} INFO - [2024-10-03T21:17:46.780-0400] {dag.py:3239} INFO - Sync 3 DAGs
[2024-10-03T21:17:46.975-0400] {logging_mixin.py:190} INFO - [2024-10-03T21:17:46.975-0400] {dag.py:4180} INFO - Setting next_dagrun for example_branch_datetime_operator to 2024-10-03 00:00:00+00:00, run_after=2024-10-04 00:00:00+00:00
[2024-10-03T21:17:47.024-0400] {logging_mixin.py:190} INFO - [2024-10-03T21:17:47.024-0400] {dag.py:4180} INFO - Setting next_dagrun for example_branch_datetime_operator_2 to 2024-10-03 00:00:00+00:00, run_after=2024-10-04 00:00:00+00:00
[2024-10-03T21:17:47.072-0400] {logging_mixin.py:190} INFO - [2024-10-03T21:17:47.072-0400] {dag.py:4180} INFO - Setting next_dagrun for example_branch_datetime_operator_3 to 2024-10-03 00:00:00+00:00, run_after=2024-10-04 00:00:00+00:00
[2024-10-03T21:17:47.659-0400] {processor.py:208} INFO - Processing /home/patrick/.cache/pypoetry/virtualenvs/airflow-wPbgcfzP-py3.10/lib/python3.10/site-packages/airflow/example_dags/example_branch_datetime_operator.py took 3.578 seconds
[2024-10-03T21:22:39.401-0400] {processor.py:186} INFO - Started process (PID=10959) to work on /home/patrick/.cache/pypoetry/virtualenvs/airflow-wPbgcfzP-py3.10/lib/python3.10/site-packages/airflow/example_dags/example_branch_datetime_operator.py
[2024-10-03T21:22:39.402-0400] {processor.py:914} INFO - Processing file /home/patrick/.cache/pypoetry/virtualenvs/airflow-wPbgcfzP-py3.10/lib/python3.10/site-packages/airflow/example_dags/example_branch_datetime_operator.py for tasks to queue
[2024-10-03T21:22:39.403-0400] {logging_mixin.py:190} INFO - [2024-10-03T21:22:39.403-0400] {dagbag.py:588} INFO - Filling up the DagBag from /home/patrick/.cache/pypoetry/virtualenvs/airflow-wPbgcfzP-py3.10/lib/python3.10/site-packages/airflow/example_dags/example_branch_datetime_operator.py
[2024-10-03T21:22:39.410-0400] {processor.py:925} INFO - DAG(s) 'example_branch_datetime_operator_2', 'example_branch_datetime_operator_3', 'example_branch_datetime_operator' retrieved from /home/patrick/.cache/pypoetry/virtualenvs/airflow-wPbgcfzP-py3.10/lib/python3.10/site-packages/airflow/example_dags/example_branch_datetime_operator.py
[2024-10-03T21:22:45.018-0400] {logging_mixin.py:190} INFO - [2024-10-03T21:22:45.017-0400] {dag.py:3239} INFO - Sync 3 DAGs
[2024-10-03T21:22:45.269-0400] {logging_mixin.py:190} INFO - [2024-10-03T21:22:45.269-0400] {dag.py:4180} INFO - Setting next_dagrun for example_branch_datetime_operator to 2024-10-03 00:00:00+00:00, run_after=2024-10-04 00:00:00+00:00
[2024-10-03T21:22:45.310-0400] {logging_mixin.py:190} INFO - [2024-10-03T21:22:45.310-0400] {dag.py:4180} INFO - Setting next_dagrun for example_branch_datetime_operator_2 to 2024-10-03 00:00:00+00:00, run_after=2024-10-04 00:00:00+00:00
[2024-10-03T21:22:45.347-0400] {logging_mixin.py:190} INFO - [2024-10-03T21:22:45.347-0400] {dag.py:4180} INFO - Setting next_dagrun for example_branch_datetime_operator_3 to 2024-10-03 00:00:00+00:00, run_after=2024-10-04 00:00:00+00:00
[2024-10-03T21:22:46.102-0400] {processor.py:208} INFO - Processing /home/patrick/.cache/pypoetry/virtualenvs/airflow-wPbgcfzP-py3.10/lib/python3.10/site-packages/airflow/example_dags/example_branch_datetime_operator.py took 6.705 seconds
[2024-10-03T21:27:10.639-0400] {processor.py:186} INFO - Started process (PID=12126) to work on /home/patrick/.cache/pypoetry/virtualenvs/airflow-wPbgcfzP-py3.10/lib/python3.10/site-packages/airflow/example_dags/example_branch_datetime_operator.py
[2024-10-03T21:27:10.641-0400] {processor.py:914} INFO - Processing file /home/patrick/.cache/pypoetry/virtualenvs/airflow-wPbgcfzP-py3.10/lib/python3.10/site-packages/airflow/example_dags/example_branch_datetime_operator.py for tasks to queue
[2024-10-03T21:27:10.642-0400] {logging_mixin.py:190} INFO - [2024-10-03T21:27:10.642-0400] {dagbag.py:588} INFO - Filling up the DagBag from /home/patrick/.cache/pypoetry/virtualenvs/airflow-wPbgcfzP-py3.10/lib/python3.10/site-packages/airflow/example_dags/example_branch_datetime_operator.py
[2024-10-03T21:27:10.649-0400] {processor.py:925} INFO - DAG(s) 'example_branch_datetime_operator', 'example_branch_datetime_operator_2', 'example_branch_datetime_operator_3' retrieved from /home/patrick/.cache/pypoetry/virtualenvs/airflow-wPbgcfzP-py3.10/lib/python3.10/site-packages/airflow/example_dags/example_branch_datetime_operator.py
[2024-10-03T21:27:13.961-0400] {logging_mixin.py:190} INFO - [2024-10-03T21:27:13.961-0400] {dag.py:3239} INFO - Sync 3 DAGs
[2024-10-03T21:27:14.125-0400] {logging_mixin.py:190} INFO - [2024-10-03T21:27:14.124-0400] {dag.py:4180} INFO - Setting next_dagrun for example_branch_datetime_operator to 2024-10-03 00:00:00+00:00, run_after=2024-10-04 00:00:00+00:00
[2024-10-03T21:27:14.159-0400] {logging_mixin.py:190} INFO - [2024-10-03T21:27:14.158-0400] {dag.py:4180} INFO - Setting next_dagrun for example_branch_datetime_operator_2 to 2024-10-03 00:00:00+00:00, run_after=2024-10-04 00:00:00+00:00
[2024-10-03T21:27:14.195-0400] {logging_mixin.py:190} INFO - [2024-10-03T21:27:14.194-0400] {dag.py:4180} INFO - Setting next_dagrun for example_branch_datetime_operator_3 to 2024-10-03 00:00:00+00:00, run_after=2024-10-04 00:00:00+00:00
[2024-10-03T21:27:14.774-0400] {processor.py:208} INFO - Processing /home/patrick/.cache/pypoetry/virtualenvs/airflow-wPbgcfzP-py3.10/lib/python3.10/site-packages/airflow/example_dags/example_branch_datetime_operator.py took 4.138 seconds
[2024-10-03T21:30:08.458-0400] {processor.py:186} INFO - Started process (PID=12976) to work on /home/patrick/.cache/pypoetry/virtualenvs/airflow-wPbgcfzP-py3.10/lib/python3.10/site-packages/airflow/example_dags/example_branch_datetime_operator.py
[2024-10-03T21:30:08.459-0400] {processor.py:914} INFO - Processing file /home/patrick/.cache/pypoetry/virtualenvs/airflow-wPbgcfzP-py3.10/lib/python3.10/site-packages/airflow/example_dags/example_branch_datetime_operator.py for tasks to queue
[2024-10-03T21:30:08.460-0400] {logging_mixin.py:190} INFO - [2024-10-03T21:30:08.460-0400] {dagbag.py:588} INFO - Filling up the DagBag from /home/patrick/.cache/pypoetry/virtualenvs/airflow-wPbgcfzP-py3.10/lib/python3.10/site-packages/airflow/example_dags/example_branch_datetime_operator.py
[2024-10-03T21:30:08.467-0400] {processor.py:925} INFO - DAG(s) 'example_branch_datetime_operator', 'example_branch_datetime_operator_2', 'example_branch_datetime_operator_3' retrieved from /home/patrick/.cache/pypoetry/virtualenvs/airflow-wPbgcfzP-py3.10/lib/python3.10/site-packages/airflow/example_dags/example_branch_datetime_operator.py
[2024-10-03T21:30:22.465-0400] {logging_mixin.py:190} INFO - [2024-10-03T21:30:22.464-0400] {dag.py:3239} INFO - Sync 3 DAGs
[2024-10-03T21:30:23.216-0400] {logging_mixin.py:190} INFO - [2024-10-03T21:30:23.215-0400] {dag.py:4180} INFO - Setting next_dagrun for example_branch_datetime_operator to 2024-10-03 00:00:00+00:00, run_after=2024-10-04 00:00:00+00:00
[2024-10-03T21:30:23.276-0400] {logging_mixin.py:190} INFO - [2024-10-03T21:30:23.275-0400] {dag.py:4180} INFO - Setting next_dagrun for example_branch_datetime_operator_2 to 2024-10-03 00:00:00+00:00, run_after=2024-10-04 00:00:00+00:00
[2024-10-03T21:30:23.333-0400] {logging_mixin.py:190} INFO - [2024-10-03T21:30:23.333-0400] {dag.py:4180} INFO - Setting next_dagrun for example_branch_datetime_operator_3 to 2024-10-03 00:00:00+00:00, run_after=2024-10-04 00:00:00+00:00
[2024-10-03T21:30:24.296-0400] {processor.py:208} INFO - Processing /home/patrick/.cache/pypoetry/virtualenvs/airflow-wPbgcfzP-py3.10/lib/python3.10/site-packages/airflow/example_dags/example_branch_datetime_operator.py took 15.842 seconds
[2024-10-03T21:36:38.702-0400] {processor.py:186} INFO - Started process (PID=14701) to work on /home/patrick/.cache/pypoetry/virtualenvs/airflow-wPbgcfzP-py3.10/lib/python3.10/site-packages/airflow/example_dags/example_branch_datetime_operator.py
[2024-10-03T21:36:38.703-0400] {processor.py:914} INFO - Processing file /home/patrick/.cache/pypoetry/virtualenvs/airflow-wPbgcfzP-py3.10/lib/python3.10/site-packages/airflow/example_dags/example_branch_datetime_operator.py for tasks to queue
[2024-10-03T21:36:38.704-0400] {logging_mixin.py:190} INFO - [2024-10-03T21:36:38.704-0400] {dagbag.py:588} INFO - Filling up the DagBag from /home/patrick/.cache/pypoetry/virtualenvs/airflow-wPbgcfzP-py3.10/lib/python3.10/site-packages/airflow/example_dags/example_branch_datetime_operator.py
[2024-10-03T21:36:38.712-0400] {processor.py:925} INFO - DAG(s) 'example_branch_datetime_operator_3', 'example_branch_datetime_operator_2', 'example_branch_datetime_operator' retrieved from /home/patrick/.cache/pypoetry/virtualenvs/airflow-wPbgcfzP-py3.10/lib/python3.10/site-packages/airflow/example_dags/example_branch_datetime_operator.py
[2024-10-03T21:36:48.669-0400] {logging_mixin.py:190} INFO - [2024-10-03T21:36:48.669-0400] {dag.py:3239} INFO - Sync 3 DAGs
[2024-10-03T21:36:49.338-0400] {logging_mixin.py:190} INFO - [2024-10-03T21:36:49.338-0400] {dag.py:4180} INFO - Setting next_dagrun for example_branch_datetime_operator to 2024-10-03 00:00:00+00:00, run_after=2024-10-04 00:00:00+00:00
[2024-10-03T21:36:49.397-0400] {logging_mixin.py:190} INFO - [2024-10-03T21:36:49.397-0400] {dag.py:4180} INFO - Setting next_dagrun for example_branch_datetime_operator_2 to 2024-10-03 00:00:00+00:00, run_after=2024-10-04 00:00:00+00:00
[2024-10-03T21:36:49.445-0400] {logging_mixin.py:190} INFO - [2024-10-03T21:36:49.445-0400] {dag.py:4180} INFO - Setting next_dagrun for example_branch_datetime_operator_3 to 2024-10-03 00:00:00+00:00, run_after=2024-10-04 00:00:00+00:00
[2024-10-03T21:36:50.964-0400] {processor.py:208} INFO - Processing /home/patrick/.cache/pypoetry/virtualenvs/airflow-wPbgcfzP-py3.10/lib/python3.10/site-packages/airflow/example_dags/example_branch_datetime_operator.py took 12.266 seconds
[2024-10-03T21:42:41.389-0400] {processor.py:186} INFO - Started process (PID=16347) to work on /home/patrick/.cache/pypoetry/virtualenvs/airflow-wPbgcfzP-py3.10/lib/python3.10/site-packages/airflow/example_dags/example_branch_datetime_operator.py
[2024-10-03T21:42:41.390-0400] {processor.py:914} INFO - Processing file /home/patrick/.cache/pypoetry/virtualenvs/airflow-wPbgcfzP-py3.10/lib/python3.10/site-packages/airflow/example_dags/example_branch_datetime_operator.py for tasks to queue
[2024-10-03T21:42:41.391-0400] {logging_mixin.py:190} INFO - [2024-10-03T21:42:41.391-0400] {dagbag.py:588} INFO - Filling up the DagBag from /home/patrick/.cache/pypoetry/virtualenvs/airflow-wPbgcfzP-py3.10/lib/python3.10/site-packages/airflow/example_dags/example_branch_datetime_operator.py
[2024-10-03T21:42:41.399-0400] {processor.py:925} INFO - DAG(s) 'example_branch_datetime_operator_3', 'example_branch_datetime_operator', 'example_branch_datetime_operator_2' retrieved from /home/patrick/.cache/pypoetry/virtualenvs/airflow-wPbgcfzP-py3.10/lib/python3.10/site-packages/airflow/example_dags/example_branch_datetime_operator.py
[2024-10-03T21:42:50.827-0400] {logging_mixin.py:190} INFO - [2024-10-03T21:42:50.826-0400] {dag.py:3239} INFO - Sync 3 DAGs
[2024-10-03T21:42:51.616-0400] {logging_mixin.py:190} INFO - [2024-10-03T21:42:51.616-0400] {dag.py:4180} INFO - Setting next_dagrun for example_branch_datetime_operator to 2024-10-03 00:00:00+00:00, run_after=2024-10-04 00:00:00+00:00
[2024-10-03T21:42:51.656-0400] {logging_mixin.py:190} INFO - [2024-10-03T21:42:51.656-0400] {dag.py:4180} INFO - Setting next_dagrun for example_branch_datetime_operator_2 to 2024-10-03 00:00:00+00:00, run_after=2024-10-04 00:00:00+00:00
[2024-10-03T21:42:51.704-0400] {logging_mixin.py:190} INFO - [2024-10-03T21:42:51.704-0400] {dag.py:4180} INFO - Setting next_dagrun for example_branch_datetime_operator_3 to 2024-10-03 00:00:00+00:00, run_after=2024-10-04 00:00:00+00:00
[2024-10-03T21:42:52.502-0400] {processor.py:208} INFO - Processing /home/patrick/.cache/pypoetry/virtualenvs/airflow-wPbgcfzP-py3.10/lib/python3.10/site-packages/airflow/example_dags/example_branch_datetime_operator.py took 11.117 seconds
[2024-10-03T21:47:34.293-0400] {processor.py:186} INFO - Started process (PID=17676) to work on /home/patrick/.cache/pypoetry/virtualenvs/airflow-wPbgcfzP-py3.10/lib/python3.10/site-packages/airflow/example_dags/example_branch_datetime_operator.py
[2024-10-03T21:47:34.293-0400] {processor.py:914} INFO - Processing file /home/patrick/.cache/pypoetry/virtualenvs/airflow-wPbgcfzP-py3.10/lib/python3.10/site-packages/airflow/example_dags/example_branch_datetime_operator.py for tasks to queue
[2024-10-03T21:47:34.295-0400] {logging_mixin.py:190} INFO - [2024-10-03T21:47:34.294-0400] {dagbag.py:588} INFO - Filling up the DagBag from /home/patrick/.cache/pypoetry/virtualenvs/airflow-wPbgcfzP-py3.10/lib/python3.10/site-packages/airflow/example_dags/example_branch_datetime_operator.py
[2024-10-03T21:47:34.301-0400] {processor.py:925} INFO - DAG(s) 'example_branch_datetime_operator_2', 'example_branch_datetime_operator_3', 'example_branch_datetime_operator' retrieved from /home/patrick/.cache/pypoetry/virtualenvs/airflow-wPbgcfzP-py3.10/lib/python3.10/site-packages/airflow/example_dags/example_branch_datetime_operator.py
[2024-10-03T21:47:35.747-0400] {logging_mixin.py:190} INFO - [2024-10-03T21:47:35.747-0400] {dag.py:3239} INFO - Sync 3 DAGs
[2024-10-03T21:47:36.051-0400] {logging_mixin.py:190} INFO - [2024-10-03T21:47:36.051-0400] {dag.py:4180} INFO - Setting next_dagrun for example_branch_datetime_operator to 2024-10-03 00:00:00+00:00, run_after=2024-10-04 00:00:00+00:00
[2024-10-03T21:47:36.111-0400] {logging_mixin.py:190} INFO - [2024-10-03T21:47:36.111-0400] {dag.py:4180} INFO - Setting next_dagrun for example_branch_datetime_operator_2 to 2024-10-03 00:00:00+00:00, run_after=2024-10-04 00:00:00+00:00
[2024-10-03T21:47:36.149-0400] {logging_mixin.py:190} INFO - [2024-10-03T21:47:36.149-0400] {dag.py:4180} INFO - Setting next_dagrun for example_branch_datetime_operator_3 to 2024-10-03 00:00:00+00:00, run_after=2024-10-04 00:00:00+00:00
[2024-10-03T21:47:36.847-0400] {processor.py:208} INFO - Processing /home/patrick/.cache/pypoetry/virtualenvs/airflow-wPbgcfzP-py3.10/lib/python3.10/site-packages/airflow/example_dags/example_branch_datetime_operator.py took 2.558 seconds
[2024-10-03T21:51:36.290-0400] {processor.py:186} INFO - Started process (PID=18713) to work on /home/patrick/.cache/pypoetry/virtualenvs/airflow-wPbgcfzP-py3.10/lib/python3.10/site-packages/airflow/example_dags/example_branch_datetime_operator.py
[2024-10-03T21:51:36.291-0400] {processor.py:914} INFO - Processing file /home/patrick/.cache/pypoetry/virtualenvs/airflow-wPbgcfzP-py3.10/lib/python3.10/site-packages/airflow/example_dags/example_branch_datetime_operator.py for tasks to queue
[2024-10-03T21:51:36.293-0400] {logging_mixin.py:190} INFO - [2024-10-03T21:51:36.293-0400] {dagbag.py:588} INFO - Filling up the DagBag from /home/patrick/.cache/pypoetry/virtualenvs/airflow-wPbgcfzP-py3.10/lib/python3.10/site-packages/airflow/example_dags/example_branch_datetime_operator.py
[2024-10-03T21:51:36.301-0400] {processor.py:925} INFO - DAG(s) 'example_branch_datetime_operator_3', 'example_branch_datetime_operator_2', 'example_branch_datetime_operator' retrieved from /home/patrick/.cache/pypoetry/virtualenvs/airflow-wPbgcfzP-py3.10/lib/python3.10/site-packages/airflow/example_dags/example_branch_datetime_operator.py
[2024-10-03T21:51:37.894-0400] {logging_mixin.py:190} INFO - [2024-10-03T21:51:37.893-0400] {dag.py:3239} INFO - Sync 3 DAGs
[2024-10-03T21:51:38.130-0400] {logging_mixin.py:190} INFO - [2024-10-03T21:51:38.130-0400] {dag.py:4180} INFO - Setting next_dagrun for example_branch_datetime_operator to 2024-10-03 00:00:00+00:00, run_after=2024-10-04 00:00:00+00:00
[2024-10-03T21:51:38.187-0400] {logging_mixin.py:190} INFO - [2024-10-03T21:51:38.187-0400] {dag.py:4180} INFO - Setting next_dagrun for example_branch_datetime_operator_2 to 2024-10-03 00:00:00+00:00, run_after=2024-10-04 00:00:00+00:00
[2024-10-03T21:51:38.239-0400] {logging_mixin.py:190} INFO - [2024-10-03T21:51:38.239-0400] {dag.py:4180} INFO - Setting next_dagrun for example_branch_datetime_operator_3 to 2024-10-03 00:00:00+00:00, run_after=2024-10-04 00:00:00+00:00
[2024-10-03T21:51:38.925-0400] {processor.py:208} INFO - Processing /home/patrick/.cache/pypoetry/virtualenvs/airflow-wPbgcfzP-py3.10/lib/python3.10/site-packages/airflow/example_dags/example_branch_datetime_operator.py took 2.639 seconds
[2024-10-03T21:55:36.270-0400] {processor.py:186} INFO - Started process (PID=19739) to work on /home/patrick/.cache/pypoetry/virtualenvs/airflow-wPbgcfzP-py3.10/lib/python3.10/site-packages/airflow/example_dags/example_branch_datetime_operator.py
[2024-10-03T21:55:36.271-0400] {processor.py:914} INFO - Processing file /home/patrick/.cache/pypoetry/virtualenvs/airflow-wPbgcfzP-py3.10/lib/python3.10/site-packages/airflow/example_dags/example_branch_datetime_operator.py for tasks to queue
[2024-10-03T21:55:36.273-0400] {logging_mixin.py:190} INFO - [2024-10-03T21:55:36.272-0400] {dagbag.py:588} INFO - Filling up the DagBag from /home/patrick/.cache/pypoetry/virtualenvs/airflow-wPbgcfzP-py3.10/lib/python3.10/site-packages/airflow/example_dags/example_branch_datetime_operator.py
[2024-10-03T21:55:36.340-0400] {processor.py:925} INFO - DAG(s) 'example_branch_datetime_operator', 'example_branch_datetime_operator_2', 'example_branch_datetime_operator_3' retrieved from /home/patrick/.cache/pypoetry/virtualenvs/airflow-wPbgcfzP-py3.10/lib/python3.10/site-packages/airflow/example_dags/example_branch_datetime_operator.py
[2024-10-03T21:55:38.904-0400] {logging_mixin.py:190} INFO - [2024-10-03T21:55:38.904-0400] {dag.py:3239} INFO - Sync 3 DAGs
[2024-10-03T21:55:39.422-0400] {logging_mixin.py:190} INFO - [2024-10-03T21:55:39.421-0400] {dag.py:4180} INFO - Setting next_dagrun for example_branch_datetime_operator to 2024-10-03 00:00:00+00:00, run_after=2024-10-04 00:00:00+00:00
[2024-10-03T21:55:39.510-0400] {logging_mixin.py:190} INFO - [2024-10-03T21:55:39.510-0400] {dag.py:4180} INFO - Setting next_dagrun for example_branch_datetime_operator_2 to 2024-10-03 00:00:00+00:00, run_after=2024-10-04 00:00:00+00:00
[2024-10-03T21:55:39.557-0400] {logging_mixin.py:190} INFO - [2024-10-03T21:55:39.557-0400] {dag.py:4180} INFO - Setting next_dagrun for example_branch_datetime_operator_3 to 2024-10-03 00:00:00+00:00, run_after=2024-10-04 00:00:00+00:00
[2024-10-03T21:55:40.578-0400] {processor.py:208} INFO - Processing /home/patrick/.cache/pypoetry/virtualenvs/airflow-wPbgcfzP-py3.10/lib/python3.10/site-packages/airflow/example_dags/example_branch_datetime_operator.py took 4.312 seconds
[2024-10-03T21:59:29.458-0400] {processor.py:186} INFO - Started process (PID=20744) to work on /home/patrick/.cache/pypoetry/virtualenvs/airflow-wPbgcfzP-py3.10/lib/python3.10/site-packages/airflow/example_dags/example_branch_datetime_operator.py
[2024-10-03T21:59:29.459-0400] {processor.py:914} INFO - Processing file /home/patrick/.cache/pypoetry/virtualenvs/airflow-wPbgcfzP-py3.10/lib/python3.10/site-packages/airflow/example_dags/example_branch_datetime_operator.py for tasks to queue
[2024-10-03T21:59:29.461-0400] {logging_mixin.py:190} INFO - [2024-10-03T21:59:29.460-0400] {dagbag.py:588} INFO - Filling up the DagBag from /home/patrick/.cache/pypoetry/virtualenvs/airflow-wPbgcfzP-py3.10/lib/python3.10/site-packages/airflow/example_dags/example_branch_datetime_operator.py
[2024-10-03T21:59:29.467-0400] {processor.py:925} INFO - DAG(s) 'example_branch_datetime_operator_3', 'example_branch_datetime_operator', 'example_branch_datetime_operator_2' retrieved from /home/patrick/.cache/pypoetry/virtualenvs/airflow-wPbgcfzP-py3.10/lib/python3.10/site-packages/airflow/example_dags/example_branch_datetime_operator.py
[2024-10-03T21:59:33.464-0400] {logging_mixin.py:190} INFO - [2024-10-03T21:59:33.464-0400] {dag.py:3239} INFO - Sync 3 DAGs
[2024-10-03T21:59:33.650-0400] {logging_mixin.py:190} INFO - [2024-10-03T21:59:33.649-0400] {dag.py:4180} INFO - Setting next_dagrun for example_branch_datetime_operator to 2024-10-03 00:00:00+00:00, run_after=2024-10-04 00:00:00+00:00
[2024-10-03T21:59:33.722-0400] {logging_mixin.py:190} INFO - [2024-10-03T21:59:33.721-0400] {dag.py:4180} INFO - Setting next_dagrun for example_branch_datetime_operator_2 to 2024-10-03 00:00:00+00:00, run_after=2024-10-04 00:00:00+00:00
[2024-10-03T21:59:33.768-0400] {logging_mixin.py:190} INFO - [2024-10-03T21:59:33.768-0400] {dag.py:4180} INFO - Setting next_dagrun for example_branch_datetime_operator_3 to 2024-10-03 00:00:00+00:00, run_after=2024-10-04 00:00:00+00:00
[2024-10-03T21:59:34.476-0400] {processor.py:208} INFO - Processing /home/patrick/.cache/pypoetry/virtualenvs/airflow-wPbgcfzP-py3.10/lib/python3.10/site-packages/airflow/example_dags/example_branch_datetime_operator.py took 5.022 seconds
[2024-10-03T22:03:58.581-0400] {processor.py:186} INFO - Started process (PID=21887) to work on /home/patrick/.cache/pypoetry/virtualenvs/airflow-wPbgcfzP-py3.10/lib/python3.10/site-packages/airflow/example_dags/example_branch_datetime_operator.py
[2024-10-03T22:03:58.582-0400] {processor.py:914} INFO - Processing file /home/patrick/.cache/pypoetry/virtualenvs/airflow-wPbgcfzP-py3.10/lib/python3.10/site-packages/airflow/example_dags/example_branch_datetime_operator.py for tasks to queue
[2024-10-03T22:03:58.583-0400] {logging_mixin.py:190} INFO - [2024-10-03T22:03:58.583-0400] {dagbag.py:588} INFO - Filling up the DagBag from /home/patrick/.cache/pypoetry/virtualenvs/airflow-wPbgcfzP-py3.10/lib/python3.10/site-packages/airflow/example_dags/example_branch_datetime_operator.py
[2024-10-03T22:03:58.590-0400] {processor.py:925} INFO - DAG(s) 'example_branch_datetime_operator', 'example_branch_datetime_operator_3', 'example_branch_datetime_operator_2' retrieved from /home/patrick/.cache/pypoetry/virtualenvs/airflow-wPbgcfzP-py3.10/lib/python3.10/site-packages/airflow/example_dags/example_branch_datetime_operator.py
[2024-10-03T22:04:00.056-0400] {logging_mixin.py:190} INFO - [2024-10-03T22:04:00.056-0400] {dag.py:3239} INFO - Sync 3 DAGs
[2024-10-03T22:04:00.404-0400] {logging_mixin.py:190} INFO - [2024-10-03T22:04:00.404-0400] {dag.py:4180} INFO - Setting next_dagrun for example_branch_datetime_operator to 2024-10-03 00:00:00+00:00, run_after=2024-10-04 00:00:00+00:00
[2024-10-03T22:04:00.454-0400] {logging_mixin.py:190} INFO - [2024-10-03T22:04:00.454-0400] {dag.py:4180} INFO - Setting next_dagrun for example_branch_datetime_operator_2 to 2024-10-03 00:00:00+00:00, run_after=2024-10-04 00:00:00+00:00
[2024-10-03T22:04:00.509-0400] {logging_mixin.py:190} INFO - [2024-10-03T22:04:00.509-0400] {dag.py:4180} INFO - Setting next_dagrun for example_branch_datetime_operator_3 to 2024-10-03 00:00:00+00:00, run_after=2024-10-04 00:00:00+00:00
[2024-10-03T22:04:01.220-0400] {processor.py:208} INFO - Processing /home/patrick/.cache/pypoetry/virtualenvs/airflow-wPbgcfzP-py3.10/lib/python3.10/site-packages/airflow/example_dags/example_branch_datetime_operator.py took 2.643 seconds
[2024-10-03T22:12:00.327-0400] {processor.py:186} INFO - Started process (PID=24017) to work on /home/patrick/.cache/pypoetry/virtualenvs/airflow-wPbgcfzP-py3.10/lib/python3.10/site-packages/airflow/example_dags/example_branch_datetime_operator.py
[2024-10-03T22:12:00.328-0400] {processor.py:914} INFO - Processing file /home/patrick/.cache/pypoetry/virtualenvs/airflow-wPbgcfzP-py3.10/lib/python3.10/site-packages/airflow/example_dags/example_branch_datetime_operator.py for tasks to queue
[2024-10-03T22:12:00.330-0400] {logging_mixin.py:190} INFO - [2024-10-03T22:12:00.330-0400] {dagbag.py:588} INFO - Filling up the DagBag from /home/patrick/.cache/pypoetry/virtualenvs/airflow-wPbgcfzP-py3.10/lib/python3.10/site-packages/airflow/example_dags/example_branch_datetime_operator.py
[2024-10-03T22:12:00.338-0400] {processor.py:925} INFO - DAG(s) 'example_branch_datetime_operator_2', 'example_branch_datetime_operator', 'example_branch_datetime_operator_3' retrieved from /home/patrick/.cache/pypoetry/virtualenvs/airflow-wPbgcfzP-py3.10/lib/python3.10/site-packages/airflow/example_dags/example_branch_datetime_operator.py
[2024-10-03T22:12:05.295-0400] {logging_mixin.py:190} INFO - [2024-10-03T22:12:05.295-0400] {dag.py:3239} INFO - Sync 3 DAGs
[2024-10-03T22:12:06.062-0400] {logging_mixin.py:190} INFO - [2024-10-03T22:12:06.062-0400] {dag.py:4180} INFO - Setting next_dagrun for example_branch_datetime_operator to 2024-10-03 00:00:00+00:00, run_after=2024-10-04 00:00:00+00:00
[2024-10-03T22:12:06.102-0400] {logging_mixin.py:190} INFO - [2024-10-03T22:12:06.101-0400] {dag.py:4180} INFO - Setting next_dagrun for example_branch_datetime_operator_2 to 2024-10-03 00:00:00+00:00, run_after=2024-10-04 00:00:00+00:00
[2024-10-03T22:12:06.161-0400] {logging_mixin.py:190} INFO - [2024-10-03T22:12:06.161-0400] {dag.py:4180} INFO - Setting next_dagrun for example_branch_datetime_operator_3 to 2024-10-03 00:00:00+00:00, run_after=2024-10-04 00:00:00+00:00
[2024-10-03T22:12:08.246-0400] {processor.py:208} INFO - Processing /home/patrick/.cache/pypoetry/virtualenvs/airflow-wPbgcfzP-py3.10/lib/python3.10/site-packages/airflow/example_dags/example_branch_datetime_operator.py took 7.923 seconds
[2024-10-03T22:18:36.933-0400] {processor.py:186} INFO - Started process (PID=25809) to work on /home/patrick/.cache/pypoetry/virtualenvs/airflow-wPbgcfzP-py3.10/lib/python3.10/site-packages/airflow/example_dags/example_branch_datetime_operator.py
[2024-10-03T22:18:36.934-0400] {processor.py:914} INFO - Processing file /home/patrick/.cache/pypoetry/virtualenvs/airflow-wPbgcfzP-py3.10/lib/python3.10/site-packages/airflow/example_dags/example_branch_datetime_operator.py for tasks to queue
[2024-10-03T22:18:36.936-0400] {logging_mixin.py:190} INFO - [2024-10-03T22:18:36.935-0400] {dagbag.py:588} INFO - Filling up the DagBag from /home/patrick/.cache/pypoetry/virtualenvs/airflow-wPbgcfzP-py3.10/lib/python3.10/site-packages/airflow/example_dags/example_branch_datetime_operator.py
[2024-10-03T22:18:36.943-0400] {processor.py:925} INFO - DAG(s) 'example_branch_datetime_operator_3', 'example_branch_datetime_operator', 'example_branch_datetime_operator_2' retrieved from /home/patrick/.cache/pypoetry/virtualenvs/airflow-wPbgcfzP-py3.10/lib/python3.10/site-packages/airflow/example_dags/example_branch_datetime_operator.py
[2024-10-03T22:18:46.101-0400] {logging_mixin.py:190} INFO - [2024-10-03T22:18:46.100-0400] {dag.py:3239} INFO - Sync 3 DAGs
[2024-10-03T22:18:47.000-0400] {logging_mixin.py:190} INFO - [2024-10-03T22:18:46.999-0400] {dag.py:4180} INFO - Setting next_dagrun for example_branch_datetime_operator to 2024-10-03 00:00:00+00:00, run_after=2024-10-04 00:00:00+00:00
[2024-10-03T22:18:47.039-0400] {logging_mixin.py:190} INFO - [2024-10-03T22:18:47.038-0400] {dag.py:4180} INFO - Setting next_dagrun for example_branch_datetime_operator_2 to 2024-10-03 00:00:00+00:00, run_after=2024-10-04 00:00:00+00:00
[2024-10-03T22:18:47.074-0400] {logging_mixin.py:190} INFO - [2024-10-03T22:18:47.074-0400] {dag.py:4180} INFO - Setting next_dagrun for example_branch_datetime_operator_3 to 2024-10-03 00:00:00+00:00, run_after=2024-10-04 00:00:00+00:00
[2024-10-03T22:18:47.741-0400] {processor.py:208} INFO - Processing /home/patrick/.cache/pypoetry/virtualenvs/airflow-wPbgcfzP-py3.10/lib/python3.10/site-packages/airflow/example_dags/example_branch_datetime_operator.py took 10.811 seconds
[2024-10-03T22:23:41.764-0400] {processor.py:186} INFO - Started process (PID=27178) to work on /home/patrick/.cache/pypoetry/virtualenvs/airflow-wPbgcfzP-py3.10/lib/python3.10/site-packages/airflow/example_dags/example_branch_datetime_operator.py
[2024-10-03T22:23:41.765-0400] {processor.py:914} INFO - Processing file /home/patrick/.cache/pypoetry/virtualenvs/airflow-wPbgcfzP-py3.10/lib/python3.10/site-packages/airflow/example_dags/example_branch_datetime_operator.py for tasks to queue
[2024-10-03T22:23:41.766-0400] {logging_mixin.py:190} INFO - [2024-10-03T22:23:41.766-0400] {dagbag.py:588} INFO - Filling up the DagBag from /home/patrick/.cache/pypoetry/virtualenvs/airflow-wPbgcfzP-py3.10/lib/python3.10/site-packages/airflow/example_dags/example_branch_datetime_operator.py
[2024-10-03T22:23:41.773-0400] {processor.py:925} INFO - DAG(s) 'example_branch_datetime_operator_3', 'example_branch_datetime_operator', 'example_branch_datetime_operator_2' retrieved from /home/patrick/.cache/pypoetry/virtualenvs/airflow-wPbgcfzP-py3.10/lib/python3.10/site-packages/airflow/example_dags/example_branch_datetime_operator.py
[2024-10-03T22:23:45.436-0400] {logging_mixin.py:190} INFO - [2024-10-03T22:23:45.435-0400] {dag.py:3239} INFO - Sync 3 DAGs
[2024-10-03T22:23:45.929-0400] {logging_mixin.py:190} INFO - [2024-10-03T22:23:45.929-0400] {dag.py:4180} INFO - Setting next_dagrun for example_branch_datetime_operator to 2024-10-03 00:00:00+00:00, run_after=2024-10-04 00:00:00+00:00
[2024-10-03T22:23:45.984-0400] {logging_mixin.py:190} INFO - [2024-10-03T22:23:45.984-0400] {dag.py:4180} INFO - Setting next_dagrun for example_branch_datetime_operator_2 to 2024-10-03 00:00:00+00:00, run_after=2024-10-04 00:00:00+00:00
[2024-10-03T22:23:46.029-0400] {logging_mixin.py:190} INFO - [2024-10-03T22:23:46.029-0400] {dag.py:4180} INFO - Setting next_dagrun for example_branch_datetime_operator_3 to 2024-10-03 00:00:00+00:00, run_after=2024-10-04 00:00:00+00:00
[2024-10-03T22:23:46.656-0400] {processor.py:208} INFO - Processing /home/patrick/.cache/pypoetry/virtualenvs/airflow-wPbgcfzP-py3.10/lib/python3.10/site-packages/airflow/example_dags/example_branch_datetime_operator.py took 4.896 seconds
[2024-10-03T22:29:50.528-0400] {processor.py:186} INFO - Started process (PID=28841) to work on /home/patrick/.cache/pypoetry/virtualenvs/airflow-wPbgcfzP-py3.10/lib/python3.10/site-packages/airflow/example_dags/example_branch_datetime_operator.py
[2024-10-03T22:29:50.529-0400] {processor.py:914} INFO - Processing file /home/patrick/.cache/pypoetry/virtualenvs/airflow-wPbgcfzP-py3.10/lib/python3.10/site-packages/airflow/example_dags/example_branch_datetime_operator.py for tasks to queue
[2024-10-03T22:29:50.531-0400] {logging_mixin.py:190} INFO - [2024-10-03T22:29:50.530-0400] {dagbag.py:588} INFO - Filling up the DagBag from /home/patrick/.cache/pypoetry/virtualenvs/airflow-wPbgcfzP-py3.10/lib/python3.10/site-packages/airflow/example_dags/example_branch_datetime_operator.py
[2024-10-03T22:29:50.537-0400] {processor.py:925} INFO - DAG(s) 'example_branch_datetime_operator_3', 'example_branch_datetime_operator_2', 'example_branch_datetime_operator' retrieved from /home/patrick/.cache/pypoetry/virtualenvs/airflow-wPbgcfzP-py3.10/lib/python3.10/site-packages/airflow/example_dags/example_branch_datetime_operator.py
[2024-10-03T22:30:00.025-0400] {logging_mixin.py:190} INFO - [2024-10-03T22:30:00.025-0400] {dag.py:3239} INFO - Sync 3 DAGs
[2024-10-03T22:30:00.534-0400] {logging_mixin.py:190} INFO - [2024-10-03T22:30:00.533-0400] {dag.py:4180} INFO - Setting next_dagrun for example_branch_datetime_operator to 2024-10-03 00:00:00+00:00, run_after=2024-10-04 00:00:00+00:00
[2024-10-03T22:30:00.574-0400] {logging_mixin.py:190} INFO - [2024-10-03T22:30:00.574-0400] {dag.py:4180} INFO - Setting next_dagrun for example_branch_datetime_operator_2 to 2024-10-03 00:00:00+00:00, run_after=2024-10-04 00:00:00+00:00
[2024-10-03T22:30:00.619-0400] {logging_mixin.py:190} INFO - [2024-10-03T22:30:00.619-0400] {dag.py:4180} INFO - Setting next_dagrun for example_branch_datetime_operator_3 to 2024-10-03 00:00:00+00:00, run_after=2024-10-04 00:00:00+00:00
[2024-10-03T22:30:01.232-0400] {processor.py:208} INFO - Processing /home/patrick/.cache/pypoetry/virtualenvs/airflow-wPbgcfzP-py3.10/lib/python3.10/site-packages/airflow/example_dags/example_branch_datetime_operator.py took 10.708 seconds
[2024-10-03T22:39:42.564-0400] {processor.py:186} INFO - Started process (PID=31521) to work on /home/patrick/.cache/pypoetry/virtualenvs/airflow-wPbgcfzP-py3.10/lib/python3.10/site-packages/airflow/example_dags/example_branch_datetime_operator.py
[2024-10-03T22:39:42.565-0400] {processor.py:914} INFO - Processing file /home/patrick/.cache/pypoetry/virtualenvs/airflow-wPbgcfzP-py3.10/lib/python3.10/site-packages/airflow/example_dags/example_branch_datetime_operator.py for tasks to queue
[2024-10-03T22:39:42.567-0400] {logging_mixin.py:190} INFO - [2024-10-03T22:39:42.567-0400] {dagbag.py:588} INFO - Filling up the DagBag from /home/patrick/.cache/pypoetry/virtualenvs/airflow-wPbgcfzP-py3.10/lib/python3.10/site-packages/airflow/example_dags/example_branch_datetime_operator.py
[2024-10-03T22:39:42.575-0400] {processor.py:925} INFO - DAG(s) 'example_branch_datetime_operator_3', 'example_branch_datetime_operator', 'example_branch_datetime_operator_2' retrieved from /home/patrick/.cache/pypoetry/virtualenvs/airflow-wPbgcfzP-py3.10/lib/python3.10/site-packages/airflow/example_dags/example_branch_datetime_operator.py
[2024-10-03T22:39:48.135-0400] {logging_mixin.py:190} INFO - [2024-10-03T22:39:48.134-0400] {dag.py:3239} INFO - Sync 3 DAGs
[2024-10-03T22:39:48.370-0400] {logging_mixin.py:190} INFO - [2024-10-03T22:39:48.369-0400] {dag.py:4180} INFO - Setting next_dagrun for example_branch_datetime_operator to 2024-10-03 00:00:00+00:00, run_after=2024-10-04 00:00:00+00:00
[2024-10-03T22:39:48.428-0400] {logging_mixin.py:190} INFO - [2024-10-03T22:39:48.428-0400] {dag.py:4180} INFO - Setting next_dagrun for example_branch_datetime_operator_2 to 2024-10-03 00:00:00+00:00, run_after=2024-10-04 00:00:00+00:00
[2024-10-03T22:39:48.467-0400] {logging_mixin.py:190} INFO - [2024-10-03T22:39:48.467-0400] {dag.py:4180} INFO - Setting next_dagrun for example_branch_datetime_operator_3 to 2024-10-03 00:00:00+00:00, run_after=2024-10-04 00:00:00+00:00
[2024-10-03T22:39:49.060-0400] {processor.py:208} INFO - Processing /home/patrick/.cache/pypoetry/virtualenvs/airflow-wPbgcfzP-py3.10/lib/python3.10/site-packages/airflow/example_dags/example_branch_datetime_operator.py took 6.501 seconds
[2024-10-03T22:46:03.985-0400] {processor.py:186} INFO - Started process (PID=33297) to work on /home/patrick/.cache/pypoetry/virtualenvs/airflow-wPbgcfzP-py3.10/lib/python3.10/site-packages/airflow/example_dags/example_branch_datetime_operator.py
[2024-10-03T22:46:03.986-0400] {processor.py:914} INFO - Processing file /home/patrick/.cache/pypoetry/virtualenvs/airflow-wPbgcfzP-py3.10/lib/python3.10/site-packages/airflow/example_dags/example_branch_datetime_operator.py for tasks to queue
[2024-10-03T22:46:03.987-0400] {logging_mixin.py:190} INFO - [2024-10-03T22:46:03.987-0400] {dagbag.py:588} INFO - Filling up the DagBag from /home/patrick/.cache/pypoetry/virtualenvs/airflow-wPbgcfzP-py3.10/lib/python3.10/site-packages/airflow/example_dags/example_branch_datetime_operator.py
[2024-10-03T22:46:03.994-0400] {processor.py:925} INFO - DAG(s) 'example_branch_datetime_operator_2', 'example_branch_datetime_operator_3', 'example_branch_datetime_operator' retrieved from /home/patrick/.cache/pypoetry/virtualenvs/airflow-wPbgcfzP-py3.10/lib/python3.10/site-packages/airflow/example_dags/example_branch_datetime_operator.py
[2024-10-03T22:46:23.190-0400] {logging_mixin.py:190} INFO - [2024-10-03T22:46:23.190-0400] {dag.py:3239} INFO - Sync 3 DAGs
[2024-10-03T22:46:23.745-0400] {logging_mixin.py:190} INFO - [2024-10-03T22:46:23.744-0400] {dag.py:4180} INFO - Setting next_dagrun for example_branch_datetime_operator to 2024-10-03 00:00:00+00:00, run_after=2024-10-04 00:00:00+00:00
[2024-10-03T22:46:23.881-0400] {logging_mixin.py:190} INFO - [2024-10-03T22:46:23.881-0400] {dag.py:4180} INFO - Setting next_dagrun for example_branch_datetime_operator_2 to 2024-10-03 00:00:00+00:00, run_after=2024-10-04 00:00:00+00:00
[2024-10-03T22:46:23.976-0400] {logging_mixin.py:190} INFO - [2024-10-03T22:46:23.976-0400] {dag.py:4180} INFO - Setting next_dagrun for example_branch_datetime_operator_3 to 2024-10-03 00:00:00+00:00, run_after=2024-10-04 00:00:00+00:00
[2024-10-03T22:46:25.707-0400] {processor.py:208} INFO - Processing /home/patrick/.cache/pypoetry/virtualenvs/airflow-wPbgcfzP-py3.10/lib/python3.10/site-packages/airflow/example_dags/example_branch_datetime_operator.py took 21.726 seconds
[2024-10-03T22:53:16.824-0400] {processor.py:186} INFO - Started process (PID=35305) to work on /home/patrick/.cache/pypoetry/virtualenvs/airflow-wPbgcfzP-py3.10/lib/python3.10/site-packages/airflow/example_dags/example_branch_datetime_operator.py
[2024-10-03T22:53:16.825-0400] {processor.py:914} INFO - Processing file /home/patrick/.cache/pypoetry/virtualenvs/airflow-wPbgcfzP-py3.10/lib/python3.10/site-packages/airflow/example_dags/example_branch_datetime_operator.py for tasks to queue
[2024-10-03T22:53:16.827-0400] {logging_mixin.py:190} INFO - [2024-10-03T22:53:16.827-0400] {dagbag.py:588} INFO - Filling up the DagBag from /home/patrick/.cache/pypoetry/virtualenvs/airflow-wPbgcfzP-py3.10/lib/python3.10/site-packages/airflow/example_dags/example_branch_datetime_operator.py
[2024-10-03T22:53:16.835-0400] {processor.py:925} INFO - DAG(s) 'example_branch_datetime_operator_3', 'example_branch_datetime_operator_2', 'example_branch_datetime_operator' retrieved from /home/patrick/.cache/pypoetry/virtualenvs/airflow-wPbgcfzP-py3.10/lib/python3.10/site-packages/airflow/example_dags/example_branch_datetime_operator.py
[2024-10-03T22:53:20.835-0400] {logging_mixin.py:190} INFO - [2024-10-03T22:53:20.835-0400] {dag.py:3239} INFO - Sync 3 DAGs
[2024-10-03T22:53:21.440-0400] {logging_mixin.py:190} INFO - [2024-10-03T22:53:21.440-0400] {dag.py:4180} INFO - Setting next_dagrun for example_branch_datetime_operator to 2024-10-03 00:00:00+00:00, run_after=2024-10-04 00:00:00+00:00
[2024-10-03T22:53:21.507-0400] {logging_mixin.py:190} INFO - [2024-10-03T22:53:21.507-0400] {dag.py:4180} INFO - Setting next_dagrun for example_branch_datetime_operator_2 to 2024-10-03 00:00:00+00:00, run_after=2024-10-04 00:00:00+00:00
[2024-10-03T22:53:21.675-0400] {logging_mixin.py:190} INFO - [2024-10-03T22:53:21.674-0400] {dag.py:4180} INFO - Setting next_dagrun for example_branch_datetime_operator_3 to 2024-10-03 00:00:00+00:00, run_after=2024-10-04 00:00:00+00:00
[2024-10-03T22:53:22.430-0400] {processor.py:208} INFO - Processing /home/patrick/.cache/pypoetry/virtualenvs/airflow-wPbgcfzP-py3.10/lib/python3.10/site-packages/airflow/example_dags/example_branch_datetime_operator.py took 5.609 seconds
[2024-10-03T22:59:07.846-0400] {processor.py:186} INFO - Started process (PID=36960) to work on /home/patrick/.cache/pypoetry/virtualenvs/airflow-wPbgcfzP-py3.10/lib/python3.10/site-packages/airflow/example_dags/example_branch_datetime_operator.py
[2024-10-03T22:59:07.848-0400] {processor.py:914} INFO - Processing file /home/patrick/.cache/pypoetry/virtualenvs/airflow-wPbgcfzP-py3.10/lib/python3.10/site-packages/airflow/example_dags/example_branch_datetime_operator.py for tasks to queue
[2024-10-03T22:59:07.851-0400] {logging_mixin.py:190} INFO - [2024-10-03T22:59:07.850-0400] {dagbag.py:588} INFO - Filling up the DagBag from /home/patrick/.cache/pypoetry/virtualenvs/airflow-wPbgcfzP-py3.10/lib/python3.10/site-packages/airflow/example_dags/example_branch_datetime_operator.py
[2024-10-03T22:59:07.861-0400] {processor.py:925} INFO - DAG(s) 'example_branch_datetime_operator_2', 'example_branch_datetime_operator', 'example_branch_datetime_operator_3' retrieved from /home/patrick/.cache/pypoetry/virtualenvs/airflow-wPbgcfzP-py3.10/lib/python3.10/site-packages/airflow/example_dags/example_branch_datetime_operator.py
[2024-10-03T22:59:10.842-0400] {logging_mixin.py:190} INFO - [2024-10-03T22:59:10.842-0400] {dag.py:3239} INFO - Sync 3 DAGs
[2024-10-03T22:59:11.094-0400] {logging_mixin.py:190} INFO - [2024-10-03T22:59:11.093-0400] {dag.py:4180} INFO - Setting next_dagrun for example_branch_datetime_operator to 2024-10-03 00:00:00+00:00, run_after=2024-10-04 00:00:00+00:00
[2024-10-03T22:59:11.144-0400] {logging_mixin.py:190} INFO - [2024-10-03T22:59:11.143-0400] {dag.py:4180} INFO - Setting next_dagrun for example_branch_datetime_operator_2 to 2024-10-03 00:00:00+00:00, run_after=2024-10-04 00:00:00+00:00
[2024-10-03T22:59:11.183-0400] {logging_mixin.py:190} INFO - [2024-10-03T22:59:11.183-0400] {dag.py:4180} INFO - Setting next_dagrun for example_branch_datetime_operator_3 to 2024-10-03 00:00:00+00:00, run_after=2024-10-04 00:00:00+00:00
[2024-10-03T22:59:11.735-0400] {processor.py:208} INFO - Processing /home/patrick/.cache/pypoetry/virtualenvs/airflow-wPbgcfzP-py3.10/lib/python3.10/site-packages/airflow/example_dags/example_branch_datetime_operator.py took 3.894 seconds
[2024-10-03T23:05:54.285-0400] {processor.py:186} INFO - Started process (PID=38775) to work on /home/patrick/.cache/pypoetry/virtualenvs/airflow-wPbgcfzP-py3.10/lib/python3.10/site-packages/airflow/example_dags/example_branch_datetime_operator.py
[2024-10-03T23:05:54.286-0400] {processor.py:914} INFO - Processing file /home/patrick/.cache/pypoetry/virtualenvs/airflow-wPbgcfzP-py3.10/lib/python3.10/site-packages/airflow/example_dags/example_branch_datetime_operator.py for tasks to queue
[2024-10-03T23:05:54.287-0400] {logging_mixin.py:190} INFO - [2024-10-03T23:05:54.287-0400] {dagbag.py:588} INFO - Filling up the DagBag from /home/patrick/.cache/pypoetry/virtualenvs/airflow-wPbgcfzP-py3.10/lib/python3.10/site-packages/airflow/example_dags/example_branch_datetime_operator.py
[2024-10-03T23:05:54.295-0400] {processor.py:925} INFO - DAG(s) 'example_branch_datetime_operator', 'example_branch_datetime_operator_3', 'example_branch_datetime_operator_2' retrieved from /home/patrick/.cache/pypoetry/virtualenvs/airflow-wPbgcfzP-py3.10/lib/python3.10/site-packages/airflow/example_dags/example_branch_datetime_operator.py
[2024-10-03T23:06:01.065-0400] {logging_mixin.py:190} INFO - [2024-10-03T23:06:01.064-0400] {dag.py:3239} INFO - Sync 3 DAGs
[2024-10-03T23:06:01.641-0400] {logging_mixin.py:190} INFO - [2024-10-03T23:06:01.641-0400] {dag.py:4180} INFO - Setting next_dagrun for example_branch_datetime_operator to 2024-10-03 00:00:00+00:00, run_after=2024-10-04 00:00:00+00:00
[2024-10-03T23:06:01.683-0400] {logging_mixin.py:190} INFO - [2024-10-03T23:06:01.682-0400] {dag.py:4180} INFO - Setting next_dagrun for example_branch_datetime_operator_2 to 2024-10-03 00:00:00+00:00, run_after=2024-10-04 00:00:00+00:00
[2024-10-03T23:06:01.727-0400] {logging_mixin.py:190} INFO - [2024-10-03T23:06:01.726-0400] {dag.py:4180} INFO - Setting next_dagrun for example_branch_datetime_operator_3 to 2024-10-03 00:00:00+00:00, run_after=2024-10-04 00:00:00+00:00
[2024-10-03T23:06:02.766-0400] {processor.py:208} INFO - Processing /home/patrick/.cache/pypoetry/virtualenvs/airflow-wPbgcfzP-py3.10/lib/python3.10/site-packages/airflow/example_dags/example_branch_datetime_operator.py took 8.486 seconds
[2024-10-03T23:11:11.193-0400] {processor.py:186} INFO - Started process (PID=40144) to work on /home/patrick/.cache/pypoetry/virtualenvs/airflow-wPbgcfzP-py3.10/lib/python3.10/site-packages/airflow/example_dags/example_branch_datetime_operator.py
[2024-10-03T23:11:11.194-0400] {processor.py:914} INFO - Processing file /home/patrick/.cache/pypoetry/virtualenvs/airflow-wPbgcfzP-py3.10/lib/python3.10/site-packages/airflow/example_dags/example_branch_datetime_operator.py for tasks to queue
[2024-10-03T23:11:11.196-0400] {logging_mixin.py:190} INFO - [2024-10-03T23:11:11.196-0400] {dagbag.py:588} INFO - Filling up the DagBag from /home/patrick/.cache/pypoetry/virtualenvs/airflow-wPbgcfzP-py3.10/lib/python3.10/site-packages/airflow/example_dags/example_branch_datetime_operator.py
[2024-10-03T23:11:11.204-0400] {processor.py:925} INFO - DAG(s) 'example_branch_datetime_operator_2', 'example_branch_datetime_operator_3', 'example_branch_datetime_operator' retrieved from /home/patrick/.cache/pypoetry/virtualenvs/airflow-wPbgcfzP-py3.10/lib/python3.10/site-packages/airflow/example_dags/example_branch_datetime_operator.py
[2024-10-03T23:11:12.682-0400] {logging_mixin.py:190} INFO - [2024-10-03T23:11:12.682-0400] {dag.py:3239} INFO - Sync 3 DAGs
[2024-10-03T23:11:12.897-0400] {logging_mixin.py:190} INFO - [2024-10-03T23:11:12.897-0400] {dag.py:4180} INFO - Setting next_dagrun for example_branch_datetime_operator to 2024-10-03 00:00:00+00:00, run_after=2024-10-04 00:00:00+00:00
[2024-10-03T23:11:12.937-0400] {logging_mixin.py:190} INFO - [2024-10-03T23:11:12.937-0400] {dag.py:4180} INFO - Setting next_dagrun for example_branch_datetime_operator_2 to 2024-10-03 00:00:00+00:00, run_after=2024-10-04 00:00:00+00:00
[2024-10-03T23:11:13.004-0400] {logging_mixin.py:190} INFO - [2024-10-03T23:11:13.004-0400] {dag.py:4180} INFO - Setting next_dagrun for example_branch_datetime_operator_3 to 2024-10-03 00:00:00+00:00, run_after=2024-10-04 00:00:00+00:00
[2024-10-03T23:11:13.913-0400] {processor.py:208} INFO - Processing /home/patrick/.cache/pypoetry/virtualenvs/airflow-wPbgcfzP-py3.10/lib/python3.10/site-packages/airflow/example_dags/example_branch_datetime_operator.py took 2.724 seconds
[2024-10-03T23:15:46.406-0400] {processor.py:186} INFO - Started process (PID=41346) to work on /home/patrick/.cache/pypoetry/virtualenvs/airflow-wPbgcfzP-py3.10/lib/python3.10/site-packages/airflow/example_dags/example_branch_datetime_operator.py
[2024-10-03T23:15:46.407-0400] {processor.py:914} INFO - Processing file /home/patrick/.cache/pypoetry/virtualenvs/airflow-wPbgcfzP-py3.10/lib/python3.10/site-packages/airflow/example_dags/example_branch_datetime_operator.py for tasks to queue
[2024-10-03T23:15:46.409-0400] {logging_mixin.py:190} INFO - [2024-10-03T23:15:46.409-0400] {dagbag.py:588} INFO - Filling up the DagBag from /home/patrick/.cache/pypoetry/virtualenvs/airflow-wPbgcfzP-py3.10/lib/python3.10/site-packages/airflow/example_dags/example_branch_datetime_operator.py
[2024-10-03T23:15:46.418-0400] {processor.py:925} INFO - DAG(s) 'example_branch_datetime_operator_2', 'example_branch_datetime_operator_3', 'example_branch_datetime_operator' retrieved from /home/patrick/.cache/pypoetry/virtualenvs/airflow-wPbgcfzP-py3.10/lib/python3.10/site-packages/airflow/example_dags/example_branch_datetime_operator.py
[2024-10-03T23:15:49.850-0400] {logging_mixin.py:190} INFO - [2024-10-03T23:15:49.850-0400] {dag.py:3239} INFO - Sync 3 DAGs
[2024-10-03T23:15:50.270-0400] {logging_mixin.py:190} INFO - [2024-10-03T23:15:50.270-0400] {dag.py:4180} INFO - Setting next_dagrun for example_branch_datetime_operator to 2024-10-03 00:00:00+00:00, run_after=2024-10-04 00:00:00+00:00
[2024-10-03T23:15:50.329-0400] {logging_mixin.py:190} INFO - [2024-10-03T23:15:50.328-0400] {dag.py:4180} INFO - Setting next_dagrun for example_branch_datetime_operator_2 to 2024-10-03 00:00:00+00:00, run_after=2024-10-04 00:00:00+00:00
[2024-10-03T23:15:50.367-0400] {logging_mixin.py:190} INFO - [2024-10-03T23:15:50.367-0400] {dag.py:4180} INFO - Setting next_dagrun for example_branch_datetime_operator_3 to 2024-10-03 00:00:00+00:00, run_after=2024-10-04 00:00:00+00:00
[2024-10-03T23:15:51.010-0400] {processor.py:208} INFO - Processing /home/patrick/.cache/pypoetry/virtualenvs/airflow-wPbgcfzP-py3.10/lib/python3.10/site-packages/airflow/example_dags/example_branch_datetime_operator.py took 4.608 seconds
[2024-10-03T23:19:41.769-0400] {processor.py:186} INFO - Started process (PID=42380) to work on /home/patrick/.cache/pypoetry/virtualenvs/airflow-wPbgcfzP-py3.10/lib/python3.10/site-packages/airflow/example_dags/example_branch_datetime_operator.py
[2024-10-03T23:19:41.770-0400] {processor.py:914} INFO - Processing file /home/patrick/.cache/pypoetry/virtualenvs/airflow-wPbgcfzP-py3.10/lib/python3.10/site-packages/airflow/example_dags/example_branch_datetime_operator.py for tasks to queue
[2024-10-03T23:19:41.781-0400] {logging_mixin.py:190} INFO - [2024-10-03T23:19:41.781-0400] {dagbag.py:588} INFO - Filling up the DagBag from /home/patrick/.cache/pypoetry/virtualenvs/airflow-wPbgcfzP-py3.10/lib/python3.10/site-packages/airflow/example_dags/example_branch_datetime_operator.py
[2024-10-03T23:19:41.801-0400] {processor.py:925} INFO - DAG(s) 'example_branch_datetime_operator_2', 'example_branch_datetime_operator_3', 'example_branch_datetime_operator' retrieved from /home/patrick/.cache/pypoetry/virtualenvs/airflow-wPbgcfzP-py3.10/lib/python3.10/site-packages/airflow/example_dags/example_branch_datetime_operator.py
[2024-10-03T23:19:44.992-0400] {logging_mixin.py:190} INFO - [2024-10-03T23:19:44.992-0400] {dag.py:3239} INFO - Sync 3 DAGs
[2024-10-03T23:19:45.218-0400] {logging_mixin.py:190} INFO - [2024-10-03T23:19:45.218-0400] {dag.py:4180} INFO - Setting next_dagrun for example_branch_datetime_operator to 2024-10-03 00:00:00+00:00, run_after=2024-10-04 00:00:00+00:00
[2024-10-03T23:19:45.264-0400] {logging_mixin.py:190} INFO - [2024-10-03T23:19:45.264-0400] {dag.py:4180} INFO - Setting next_dagrun for example_branch_datetime_operator_2 to 2024-10-03 00:00:00+00:00, run_after=2024-10-04 00:00:00+00:00
[2024-10-03T23:19:45.303-0400] {logging_mixin.py:190} INFO - [2024-10-03T23:19:45.303-0400] {dag.py:4180} INFO - Setting next_dagrun for example_branch_datetime_operator_3 to 2024-10-03 00:00:00+00:00, run_after=2024-10-04 00:00:00+00:00
[2024-10-03T23:19:45.853-0400] {processor.py:208} INFO - Processing /home/patrick/.cache/pypoetry/virtualenvs/airflow-wPbgcfzP-py3.10/lib/python3.10/site-packages/airflow/example_dags/example_branch_datetime_operator.py took 4.087 seconds
[2024-10-03T23:25:28.271-0400] {processor.py:186} INFO - Started process (PID=43863) to work on /home/patrick/.cache/pypoetry/virtualenvs/airflow-wPbgcfzP-py3.10/lib/python3.10/site-packages/airflow/example_dags/example_branch_datetime_operator.py
[2024-10-03T23:25:28.272-0400] {processor.py:914} INFO - Processing file /home/patrick/.cache/pypoetry/virtualenvs/airflow-wPbgcfzP-py3.10/lib/python3.10/site-packages/airflow/example_dags/example_branch_datetime_operator.py for tasks to queue
[2024-10-03T23:25:28.273-0400] {logging_mixin.py:190} INFO - [2024-10-03T23:25:28.273-0400] {dagbag.py:588} INFO - Filling up the DagBag from /home/patrick/.cache/pypoetry/virtualenvs/airflow-wPbgcfzP-py3.10/lib/python3.10/site-packages/airflow/example_dags/example_branch_datetime_operator.py
[2024-10-03T23:25:28.280-0400] {processor.py:925} INFO - DAG(s) 'example_branch_datetime_operator', 'example_branch_datetime_operator_3', 'example_branch_datetime_operator_2' retrieved from /home/patrick/.cache/pypoetry/virtualenvs/airflow-wPbgcfzP-py3.10/lib/python3.10/site-packages/airflow/example_dags/example_branch_datetime_operator.py
[2024-10-03T23:25:30.183-0400] {logging_mixin.py:190} INFO - [2024-10-03T23:25:30.182-0400] {dag.py:3239} INFO - Sync 3 DAGs
[2024-10-03T23:25:30.342-0400] {logging_mixin.py:190} INFO - [2024-10-03T23:25:30.341-0400] {dag.py:4180} INFO - Setting next_dagrun for example_branch_datetime_operator to 2024-10-03 00:00:00+00:00, run_after=2024-10-04 00:00:00+00:00
[2024-10-03T23:25:30.382-0400] {logging_mixin.py:190} INFO - [2024-10-03T23:25:30.381-0400] {dag.py:4180} INFO - Setting next_dagrun for example_branch_datetime_operator_2 to 2024-10-03 00:00:00+00:00, run_after=2024-10-04 00:00:00+00:00
[2024-10-03T23:25:30.420-0400] {logging_mixin.py:190} INFO - [2024-10-03T23:25:30.419-0400] {dag.py:4180} INFO - Setting next_dagrun for example_branch_datetime_operator_3 to 2024-10-03 00:00:00+00:00, run_after=2024-10-04 00:00:00+00:00
[2024-10-03T23:25:31.005-0400] {processor.py:208} INFO - Processing /home/patrick/.cache/pypoetry/virtualenvs/airflow-wPbgcfzP-py3.10/lib/python3.10/site-packages/airflow/example_dags/example_branch_datetime_operator.py took 2.738 seconds
[2024-10-03T23:29:45.496-0400] {processor.py:186} INFO - Started process (PID=44961) to work on /home/patrick/.cache/pypoetry/virtualenvs/airflow-wPbgcfzP-py3.10/lib/python3.10/site-packages/airflow/example_dags/example_branch_datetime_operator.py
[2024-10-03T23:29:45.497-0400] {processor.py:914} INFO - Processing file /home/patrick/.cache/pypoetry/virtualenvs/airflow-wPbgcfzP-py3.10/lib/python3.10/site-packages/airflow/example_dags/example_branch_datetime_operator.py for tasks to queue
[2024-10-03T23:29:45.498-0400] {logging_mixin.py:190} INFO - [2024-10-03T23:29:45.498-0400] {dagbag.py:588} INFO - Filling up the DagBag from /home/patrick/.cache/pypoetry/virtualenvs/airflow-wPbgcfzP-py3.10/lib/python3.10/site-packages/airflow/example_dags/example_branch_datetime_operator.py
[2024-10-03T23:29:45.506-0400] {processor.py:925} INFO - DAG(s) 'example_branch_datetime_operator_2', 'example_branch_datetime_operator', 'example_branch_datetime_operator_3' retrieved from /home/patrick/.cache/pypoetry/virtualenvs/airflow-wPbgcfzP-py3.10/lib/python3.10/site-packages/airflow/example_dags/example_branch_datetime_operator.py
[2024-10-03T23:29:47.701-0400] {logging_mixin.py:190} INFO - [2024-10-03T23:29:47.701-0400] {dag.py:3239} INFO - Sync 3 DAGs
[2024-10-03T23:29:47.876-0400] {logging_mixin.py:190} INFO - [2024-10-03T23:29:47.876-0400] {dag.py:4180} INFO - Setting next_dagrun for example_branch_datetime_operator to 2024-10-03 00:00:00+00:00, run_after=2024-10-04 00:00:00+00:00
[2024-10-03T23:29:47.932-0400] {logging_mixin.py:190} INFO - [2024-10-03T23:29:47.932-0400] {dag.py:4180} INFO - Setting next_dagrun for example_branch_datetime_operator_2 to 2024-10-03 00:00:00+00:00, run_after=2024-10-04 00:00:00+00:00
[2024-10-03T23:29:47.973-0400] {logging_mixin.py:190} INFO - [2024-10-03T23:29:47.973-0400] {dag.py:4180} INFO - Setting next_dagrun for example_branch_datetime_operator_3 to 2024-10-03 00:00:00+00:00, run_after=2024-10-04 00:00:00+00:00
[2024-10-03T23:29:48.553-0400] {processor.py:208} INFO - Processing /home/patrick/.cache/pypoetry/virtualenvs/airflow-wPbgcfzP-py3.10/lib/python3.10/site-packages/airflow/example_dags/example_branch_datetime_operator.py took 3.060 seconds
[2024-10-03T23:34:18.184-0400] {processor.py:186} INFO - Started process (PID=46185) to work on /home/patrick/.cache/pypoetry/virtualenvs/airflow-wPbgcfzP-py3.10/lib/python3.10/site-packages/airflow/example_dags/example_branch_datetime_operator.py
[2024-10-03T23:34:18.185-0400] {processor.py:914} INFO - Processing file /home/patrick/.cache/pypoetry/virtualenvs/airflow-wPbgcfzP-py3.10/lib/python3.10/site-packages/airflow/example_dags/example_branch_datetime_operator.py for tasks to queue
[2024-10-03T23:34:18.188-0400] {logging_mixin.py:190} INFO - [2024-10-03T23:34:18.188-0400] {dagbag.py:588} INFO - Filling up the DagBag from /home/patrick/.cache/pypoetry/virtualenvs/airflow-wPbgcfzP-py3.10/lib/python3.10/site-packages/airflow/example_dags/example_branch_datetime_operator.py
[2024-10-03T23:34:18.195-0400] {processor.py:925} INFO - DAG(s) 'example_branch_datetime_operator_2', 'example_branch_datetime_operator', 'example_branch_datetime_operator_3' retrieved from /home/patrick/.cache/pypoetry/virtualenvs/airflow-wPbgcfzP-py3.10/lib/python3.10/site-packages/airflow/example_dags/example_branch_datetime_operator.py
[2024-10-03T23:34:31.326-0400] {logging_mixin.py:190} INFO - [2024-10-03T23:34:31.326-0400] {dag.py:3239} INFO - Sync 3 DAGs
[2024-10-03T23:34:31.532-0400] {logging_mixin.py:190} INFO - [2024-10-03T23:34:31.532-0400] {dag.py:4180} INFO - Setting next_dagrun for example_branch_datetime_operator to 2024-10-03 00:00:00+00:00, run_after=2024-10-04 00:00:00+00:00
[2024-10-03T23:34:31.601-0400] {logging_mixin.py:190} INFO - [2024-10-03T23:34:31.601-0400] {dag.py:4180} INFO - Setting next_dagrun for example_branch_datetime_operator_2 to 2024-10-03 00:00:00+00:00, run_after=2024-10-04 00:00:00+00:00
[2024-10-03T23:34:31.651-0400] {logging_mixin.py:190} INFO - [2024-10-03T23:34:31.650-0400] {dag.py:4180} INFO - Setting next_dagrun for example_branch_datetime_operator_3 to 2024-10-03 00:00:00+00:00, run_after=2024-10-04 00:00:00+00:00
[2024-10-03T23:34:32.288-0400] {processor.py:208} INFO - Processing /home/patrick/.cache/pypoetry/virtualenvs/airflow-wPbgcfzP-py3.10/lib/python3.10/site-packages/airflow/example_dags/example_branch_datetime_operator.py took 14.107 seconds
[2024-10-03T23:38:59.806-0400] {processor.py:186} INFO - Started process (PID=47392) to work on /home/patrick/.cache/pypoetry/virtualenvs/airflow-wPbgcfzP-py3.10/lib/python3.10/site-packages/airflow/example_dags/example_branch_datetime_operator.py
[2024-10-03T23:38:59.807-0400] {processor.py:914} INFO - Processing file /home/patrick/.cache/pypoetry/virtualenvs/airflow-wPbgcfzP-py3.10/lib/python3.10/site-packages/airflow/example_dags/example_branch_datetime_operator.py for tasks to queue
[2024-10-03T23:38:59.809-0400] {logging_mixin.py:190} INFO - [2024-10-03T23:38:59.808-0400] {dagbag.py:588} INFO - Filling up the DagBag from /home/patrick/.cache/pypoetry/virtualenvs/airflow-wPbgcfzP-py3.10/lib/python3.10/site-packages/airflow/example_dags/example_branch_datetime_operator.py
[2024-10-03T23:38:59.817-0400] {processor.py:925} INFO - DAG(s) 'example_branch_datetime_operator_2', 'example_branch_datetime_operator_3', 'example_branch_datetime_operator' retrieved from /home/patrick/.cache/pypoetry/virtualenvs/airflow-wPbgcfzP-py3.10/lib/python3.10/site-packages/airflow/example_dags/example_branch_datetime_operator.py
[2024-10-03T23:39:04.603-0400] {logging_mixin.py:190} INFO - [2024-10-03T23:39:04.603-0400] {dag.py:3239} INFO - Sync 3 DAGs
[2024-10-03T23:39:05.093-0400] {logging_mixin.py:190} INFO - [2024-10-03T23:39:05.093-0400] {dag.py:4180} INFO - Setting next_dagrun for example_branch_datetime_operator to 2024-10-03 00:00:00+00:00, run_after=2024-10-04 00:00:00+00:00
[2024-10-03T23:39:05.199-0400] {logging_mixin.py:190} INFO - [2024-10-03T23:39:05.199-0400] {dag.py:4180} INFO - Setting next_dagrun for example_branch_datetime_operator_2 to 2024-10-03 00:00:00+00:00, run_after=2024-10-04 00:00:00+00:00
[2024-10-03T23:39:05.287-0400] {logging_mixin.py:190} INFO - [2024-10-03T23:39:05.287-0400] {dag.py:4180} INFO - Setting next_dagrun for example_branch_datetime_operator_3 to 2024-10-03 00:00:00+00:00, run_after=2024-10-04 00:00:00+00:00
[2024-10-03T23:39:06.110-0400] {processor.py:208} INFO - Processing /home/patrick/.cache/pypoetry/virtualenvs/airflow-wPbgcfzP-py3.10/lib/python3.10/site-packages/airflow/example_dags/example_branch_datetime_operator.py took 6.308 seconds
[2024-10-03T23:43:02.969-0400] {processor.py:186} INFO - Started process (PID=48441) to work on /home/patrick/.cache/pypoetry/virtualenvs/airflow-wPbgcfzP-py3.10/lib/python3.10/site-packages/airflow/example_dags/example_branch_datetime_operator.py
[2024-10-03T23:43:02.970-0400] {processor.py:914} INFO - Processing file /home/patrick/.cache/pypoetry/virtualenvs/airflow-wPbgcfzP-py3.10/lib/python3.10/site-packages/airflow/example_dags/example_branch_datetime_operator.py for tasks to queue
[2024-10-03T23:43:02.971-0400] {logging_mixin.py:190} INFO - [2024-10-03T23:43:02.971-0400] {dagbag.py:588} INFO - Filling up the DagBag from /home/patrick/.cache/pypoetry/virtualenvs/airflow-wPbgcfzP-py3.10/lib/python3.10/site-packages/airflow/example_dags/example_branch_datetime_operator.py
[2024-10-03T23:43:02.981-0400] {processor.py:925} INFO - DAG(s) 'example_branch_datetime_operator_2', 'example_branch_datetime_operator_3', 'example_branch_datetime_operator' retrieved from /home/patrick/.cache/pypoetry/virtualenvs/airflow-wPbgcfzP-py3.10/lib/python3.10/site-packages/airflow/example_dags/example_branch_datetime_operator.py
[2024-10-03T23:43:06.627-0400] {logging_mixin.py:190} INFO - [2024-10-03T23:43:06.627-0400] {dag.py:3239} INFO - Sync 3 DAGs
[2024-10-03T23:43:06.877-0400] {logging_mixin.py:190} INFO - [2024-10-03T23:43:06.877-0400] {dag.py:4180} INFO - Setting next_dagrun for example_branch_datetime_operator to 2024-10-03 00:00:00+00:00, run_after=2024-10-04 00:00:00+00:00
[2024-10-03T23:43:06.918-0400] {logging_mixin.py:190} INFO - [2024-10-03T23:43:06.917-0400] {dag.py:4180} INFO - Setting next_dagrun for example_branch_datetime_operator_2 to 2024-10-03 00:00:00+00:00, run_after=2024-10-04 00:00:00+00:00
[2024-10-03T23:43:06.969-0400] {logging_mixin.py:190} INFO - [2024-10-03T23:43:06.968-0400] {dag.py:4180} INFO - Setting next_dagrun for example_branch_datetime_operator_3 to 2024-10-03 00:00:00+00:00, run_after=2024-10-04 00:00:00+00:00
[2024-10-03T23:43:07.573-0400] {processor.py:208} INFO - Processing /home/patrick/.cache/pypoetry/virtualenvs/airflow-wPbgcfzP-py3.10/lib/python3.10/site-packages/airflow/example_dags/example_branch_datetime_operator.py took 4.608 seconds
[2024-10-03T23:47:01.376-0400] {processor.py:186} INFO - Started process (PID=49475) to work on /home/patrick/.cache/pypoetry/virtualenvs/airflow-wPbgcfzP-py3.10/lib/python3.10/site-packages/airflow/example_dags/example_branch_datetime_operator.py
[2024-10-03T23:47:01.377-0400] {processor.py:914} INFO - Processing file /home/patrick/.cache/pypoetry/virtualenvs/airflow-wPbgcfzP-py3.10/lib/python3.10/site-packages/airflow/example_dags/example_branch_datetime_operator.py for tasks to queue
[2024-10-03T23:47:01.379-0400] {logging_mixin.py:190} INFO - [2024-10-03T23:47:01.378-0400] {dagbag.py:588} INFO - Filling up the DagBag from /home/patrick/.cache/pypoetry/virtualenvs/airflow-wPbgcfzP-py3.10/lib/python3.10/site-packages/airflow/example_dags/example_branch_datetime_operator.py
[2024-10-03T23:47:01.386-0400] {processor.py:925} INFO - DAG(s) 'example_branch_datetime_operator_3', 'example_branch_datetime_operator', 'example_branch_datetime_operator_2' retrieved from /home/patrick/.cache/pypoetry/virtualenvs/airflow-wPbgcfzP-py3.10/lib/python3.10/site-packages/airflow/example_dags/example_branch_datetime_operator.py
[2024-10-03T23:47:06.613-0400] {logging_mixin.py:190} INFO - [2024-10-03T23:47:06.613-0400] {dag.py:3239} INFO - Sync 3 DAGs
[2024-10-03T23:47:06.952-0400] {logging_mixin.py:190} INFO - [2024-10-03T23:47:06.952-0400] {dag.py:4180} INFO - Setting next_dagrun for example_branch_datetime_operator to 2024-10-03 00:00:00+00:00, run_after=2024-10-04 00:00:00+00:00
[2024-10-03T23:47:06.985-0400] {logging_mixin.py:190} INFO - [2024-10-03T23:47:06.985-0400] {dag.py:4180} INFO - Setting next_dagrun for example_branch_datetime_operator_2 to 2024-10-03 00:00:00+00:00, run_after=2024-10-04 00:00:00+00:00
[2024-10-03T23:47:07.025-0400] {logging_mixin.py:190} INFO - [2024-10-03T23:47:07.025-0400] {dag.py:4180} INFO - Setting next_dagrun for example_branch_datetime_operator_3 to 2024-10-03 00:00:00+00:00, run_after=2024-10-04 00:00:00+00:00
[2024-10-03T23:47:07.845-0400] {processor.py:208} INFO - Processing /home/patrick/.cache/pypoetry/virtualenvs/airflow-wPbgcfzP-py3.10/lib/python3.10/site-packages/airflow/example_dags/example_branch_datetime_operator.py took 6.472 seconds
[2024-10-03T23:51:20.269-0400] {processor.py:186} INFO - Started process (PID=50582) to work on /home/patrick/.cache/pypoetry/virtualenvs/airflow-wPbgcfzP-py3.10/lib/python3.10/site-packages/airflow/example_dags/example_branch_datetime_operator.py
[2024-10-03T23:51:20.270-0400] {processor.py:914} INFO - Processing file /home/patrick/.cache/pypoetry/virtualenvs/airflow-wPbgcfzP-py3.10/lib/python3.10/site-packages/airflow/example_dags/example_branch_datetime_operator.py for tasks to queue
[2024-10-03T23:51:20.272-0400] {logging_mixin.py:190} INFO - [2024-10-03T23:51:20.272-0400] {dagbag.py:588} INFO - Filling up the DagBag from /home/patrick/.cache/pypoetry/virtualenvs/airflow-wPbgcfzP-py3.10/lib/python3.10/site-packages/airflow/example_dags/example_branch_datetime_operator.py
[2024-10-03T23:51:20.281-0400] {processor.py:925} INFO - DAG(s) 'example_branch_datetime_operator', 'example_branch_datetime_operator_2', 'example_branch_datetime_operator_3' retrieved from /home/patrick/.cache/pypoetry/virtualenvs/airflow-wPbgcfzP-py3.10/lib/python3.10/site-packages/airflow/example_dags/example_branch_datetime_operator.py
[2024-10-03T23:51:22.287-0400] {logging_mixin.py:190} INFO - [2024-10-03T23:51:22.287-0400] {dag.py:3239} INFO - Sync 3 DAGs
[2024-10-03T23:51:22.639-0400] {logging_mixin.py:190} INFO - [2024-10-03T23:51:22.639-0400] {dag.py:4180} INFO - Setting next_dagrun for example_branch_datetime_operator to 2024-10-03 00:00:00+00:00, run_after=2024-10-04 00:00:00+00:00
[2024-10-03T23:51:22.687-0400] {logging_mixin.py:190} INFO - [2024-10-03T23:51:22.686-0400] {dag.py:4180} INFO - Setting next_dagrun for example_branch_datetime_operator_2 to 2024-10-03 00:00:00+00:00, run_after=2024-10-04 00:00:00+00:00
[2024-10-03T23:51:22.823-0400] {logging_mixin.py:190} INFO - [2024-10-03T23:51:22.822-0400] {dag.py:4180} INFO - Setting next_dagrun for example_branch_datetime_operator_3 to 2024-10-03 00:00:00+00:00, run_after=2024-10-04 00:00:00+00:00
[2024-10-03T23:51:23.631-0400] {processor.py:208} INFO - Processing /home/patrick/.cache/pypoetry/virtualenvs/airflow-wPbgcfzP-py3.10/lib/python3.10/site-packages/airflow/example_dags/example_branch_datetime_operator.py took 3.367 seconds
[2024-10-03T23:55:34.096-0400] {processor.py:186} INFO - Started process (PID=51672) to work on /home/patrick/.cache/pypoetry/virtualenvs/airflow-wPbgcfzP-py3.10/lib/python3.10/site-packages/airflow/example_dags/example_branch_datetime_operator.py
[2024-10-03T23:55:34.097-0400] {processor.py:914} INFO - Processing file /home/patrick/.cache/pypoetry/virtualenvs/airflow-wPbgcfzP-py3.10/lib/python3.10/site-packages/airflow/example_dags/example_branch_datetime_operator.py for tasks to queue
[2024-10-03T23:55:34.099-0400] {logging_mixin.py:190} INFO - [2024-10-03T23:55:34.099-0400] {dagbag.py:588} INFO - Filling up the DagBag from /home/patrick/.cache/pypoetry/virtualenvs/airflow-wPbgcfzP-py3.10/lib/python3.10/site-packages/airflow/example_dags/example_branch_datetime_operator.py
[2024-10-03T23:55:34.108-0400] {processor.py:925} INFO - DAG(s) 'example_branch_datetime_operator_2', 'example_branch_datetime_operator', 'example_branch_datetime_operator_3' retrieved from /home/patrick/.cache/pypoetry/virtualenvs/airflow-wPbgcfzP-py3.10/lib/python3.10/site-packages/airflow/example_dags/example_branch_datetime_operator.py
[2024-10-03T23:55:39.781-0400] {logging_mixin.py:190} INFO - [2024-10-03T23:55:39.780-0400] {dag.py:3239} INFO - Sync 3 DAGs
[2024-10-03T23:55:40.034-0400] {logging_mixin.py:190} INFO - [2024-10-03T23:55:40.034-0400] {dag.py:4180} INFO - Setting next_dagrun for example_branch_datetime_operator to 2024-10-03 00:00:00+00:00, run_after=2024-10-04 00:00:00+00:00
[2024-10-03T23:55:40.072-0400] {logging_mixin.py:190} INFO - [2024-10-03T23:55:40.071-0400] {dag.py:4180} INFO - Setting next_dagrun for example_branch_datetime_operator_2 to 2024-10-03 00:00:00+00:00, run_after=2024-10-04 00:00:00+00:00
[2024-10-03T23:55:40.114-0400] {logging_mixin.py:190} INFO - [2024-10-03T23:55:40.114-0400] {dag.py:4180} INFO - Setting next_dagrun for example_branch_datetime_operator_3 to 2024-10-03 00:00:00+00:00, run_after=2024-10-04 00:00:00+00:00
[2024-10-03T23:55:40.690-0400] {processor.py:208} INFO - Processing /home/patrick/.cache/pypoetry/virtualenvs/airflow-wPbgcfzP-py3.10/lib/python3.10/site-packages/airflow/example_dags/example_branch_datetime_operator.py took 6.599 seconds
[2024-10-03T23:59:16.930-0400] {processor.py:186} INFO - Started process (PID=52638) to work on /home/patrick/.cache/pypoetry/virtualenvs/airflow-wPbgcfzP-py3.10/lib/python3.10/site-packages/airflow/example_dags/example_branch_datetime_operator.py
[2024-10-03T23:59:16.931-0400] {processor.py:914} INFO - Processing file /home/patrick/.cache/pypoetry/virtualenvs/airflow-wPbgcfzP-py3.10/lib/python3.10/site-packages/airflow/example_dags/example_branch_datetime_operator.py for tasks to queue
[2024-10-03T23:59:16.933-0400] {logging_mixin.py:190} INFO - [2024-10-03T23:59:16.933-0400] {dagbag.py:588} INFO - Filling up the DagBag from /home/patrick/.cache/pypoetry/virtualenvs/airflow-wPbgcfzP-py3.10/lib/python3.10/site-packages/airflow/example_dags/example_branch_datetime_operator.py
[2024-10-03T23:59:16.941-0400] {processor.py:925} INFO - DAG(s) 'example_branch_datetime_operator_3', 'example_branch_datetime_operator_2', 'example_branch_datetime_operator' retrieved from /home/patrick/.cache/pypoetry/virtualenvs/airflow-wPbgcfzP-py3.10/lib/python3.10/site-packages/airflow/example_dags/example_branch_datetime_operator.py
[2024-10-03T23:59:20.111-0400] {logging_mixin.py:190} INFO - [2024-10-03T23:59:20.111-0400] {dag.py:3239} INFO - Sync 3 DAGs
[2024-10-03T23:59:20.569-0400] {logging_mixin.py:190} INFO - [2024-10-03T23:59:20.569-0400] {dag.py:4180} INFO - Setting next_dagrun for example_branch_datetime_operator to 2024-10-03 00:00:00+00:00, run_after=2024-10-04 00:00:00+00:00
[2024-10-03T23:59:20.617-0400] {logging_mixin.py:190} INFO - [2024-10-03T23:59:20.617-0400] {dag.py:4180} INFO - Setting next_dagrun for example_branch_datetime_operator_2 to 2024-10-03 00:00:00+00:00, run_after=2024-10-04 00:00:00+00:00
[2024-10-03T23:59:20.666-0400] {logging_mixin.py:190} INFO - [2024-10-03T23:59:20.666-0400] {dag.py:4180} INFO - Setting next_dagrun for example_branch_datetime_operator_3 to 2024-10-03 00:00:00+00:00, run_after=2024-10-04 00:00:00+00:00
[2024-10-03T23:59:21.325-0400] {processor.py:208} INFO - Processing /home/patrick/.cache/pypoetry/virtualenvs/airflow-wPbgcfzP-py3.10/lib/python3.10/site-packages/airflow/example_dags/example_branch_datetime_operator.py took 4.400 seconds
[2024-10-04T00:03:59.936-0400] {processor.py:186} INFO - Started process (PID=53904) to work on /home/patrick/.cache/pypoetry/virtualenvs/airflow-wPbgcfzP-py3.10/lib/python3.10/site-packages/airflow/example_dags/example_branch_datetime_operator.py
[2024-10-04T00:03:59.937-0400] {processor.py:914} INFO - Processing file /home/patrick/.cache/pypoetry/virtualenvs/airflow-wPbgcfzP-py3.10/lib/python3.10/site-packages/airflow/example_dags/example_branch_datetime_operator.py for tasks to queue
[2024-10-04T00:03:59.939-0400] {logging_mixin.py:190} INFO - [2024-10-04T00:03:59.939-0400] {dagbag.py:588} INFO - Filling up the DagBag from /home/patrick/.cache/pypoetry/virtualenvs/airflow-wPbgcfzP-py3.10/lib/python3.10/site-packages/airflow/example_dags/example_branch_datetime_operator.py
[2024-10-04T00:03:59.948-0400] {processor.py:925} INFO - DAG(s) 'example_branch_datetime_operator_2', 'example_branch_datetime_operator_3', 'example_branch_datetime_operator' retrieved from /home/patrick/.cache/pypoetry/virtualenvs/airflow-wPbgcfzP-py3.10/lib/python3.10/site-packages/airflow/example_dags/example_branch_datetime_operator.py
[2024-10-04T00:04:01.458-0400] {logging_mixin.py:190} INFO - [2024-10-04T00:04:01.458-0400] {dag.py:3239} INFO - Sync 3 DAGs
[2024-10-04T00:04:01.754-0400] {logging_mixin.py:190} INFO - [2024-10-04T00:04:01.753-0400] {dag.py:4180} INFO - Setting next_dagrun for example_branch_datetime_operator to 2024-10-03 00:00:00+00:00, run_after=2024-10-04 00:00:00+00:00
[2024-10-04T00:04:01.787-0400] {logging_mixin.py:190} INFO - [2024-10-04T00:04:01.787-0400] {dag.py:4180} INFO - Setting next_dagrun for example_branch_datetime_operator_2 to 2024-10-03 00:00:00+00:00, run_after=2024-10-04 00:00:00+00:00
[2024-10-04T00:04:01.836-0400] {logging_mixin.py:190} INFO - [2024-10-04T00:04:01.836-0400] {dag.py:4180} INFO - Setting next_dagrun for example_branch_datetime_operator_3 to 2024-10-03 00:00:00+00:00, run_after=2024-10-04 00:00:00+00:00
[2024-10-04T00:04:02.541-0400] {processor.py:208} INFO - Processing /home/patrick/.cache/pypoetry/virtualenvs/airflow-wPbgcfzP-py3.10/lib/python3.10/site-packages/airflow/example_dags/example_branch_datetime_operator.py took 2.609 seconds
