[2024-10-03T20:45:56.956-0400] {processor.py:186} INFO - Started process (PID=1352) to work on /home/patrick/.cache/pypoetry/virtualenvs/airflow-wPbgcfzP-py3.10/lib/python3.10/site-packages/airflow/example_dags/example_latest_only_with_trigger.py
[2024-10-03T20:45:56.957-0400] {processor.py:914} INFO - Processing file /home/patrick/.cache/pypoetry/virtualenvs/airflow-wPbgcfzP-py3.10/lib/python3.10/site-packages/airflow/example_dags/example_latest_only_with_trigger.py for tasks to queue
[2024-10-03T20:45:56.959-0400] {logging_mixin.py:190} INFO - [2024-10-03T20:45:56.959-0400] {dagbag.py:588} INFO - Filling up the DagBag from /home/patrick/.cache/pypoetry/virtualenvs/airflow-wPbgcfzP-py3.10/lib/python3.10/site-packages/airflow/example_dags/example_latest_only_with_trigger.py
[2024-10-03T20:45:56.966-0400] {processor.py:925} INFO - DAG(s) 'latest_only_with_trigger' retrieved from /home/patrick/.cache/pypoetry/virtualenvs/airflow-wPbgcfzP-py3.10/lib/python3.10/site-packages/airflow/example_dags/example_latest_only_with_trigger.py
[2024-10-03T20:45:59.217-0400] {logging_mixin.py:190} INFO - [2024-10-03T20:45:59.217-0400] {dag.py:3239} INFO - Sync 1 DAGs
[2024-10-03T20:45:59.357-0400] {logging_mixin.py:190} INFO - [2024-10-03T20:45:59.357-0400] {dag.py:4180} INFO - Setting next_dagrun for latest_only_with_trigger to 2024-10-03 20:00:00+00:00, run_after=2024-10-04 00:00:00+00:00
[2024-10-03T20:45:59.909-0400] {processor.py:208} INFO - Processing /home/patrick/.cache/pypoetry/virtualenvs/airflow-wPbgcfzP-py3.10/lib/python3.10/site-packages/airflow/example_dags/example_latest_only_with_trigger.py took 2.956 seconds
[2024-10-03T20:59:45.493-0400] {processor.py:186} INFO - Started process (PID=4861) to work on /home/patrick/.cache/pypoetry/virtualenvs/airflow-wPbgcfzP-py3.10/lib/python3.10/site-packages/airflow/example_dags/example_latest_only_with_trigger.py
[2024-10-03T20:59:45.494-0400] {processor.py:914} INFO - Processing file /home/patrick/.cache/pypoetry/virtualenvs/airflow-wPbgcfzP-py3.10/lib/python3.10/site-packages/airflow/example_dags/example_latest_only_with_trigger.py for tasks to queue
[2024-10-03T20:59:45.495-0400] {logging_mixin.py:190} INFO - [2024-10-03T20:59:45.495-0400] {dagbag.py:588} INFO - Filling up the DagBag from /home/patrick/.cache/pypoetry/virtualenvs/airflow-wPbgcfzP-py3.10/lib/python3.10/site-packages/airflow/example_dags/example_latest_only_with_trigger.py
[2024-10-03T20:59:45.501-0400] {processor.py:925} INFO - DAG(s) 'latest_only_with_trigger' retrieved from /home/patrick/.cache/pypoetry/virtualenvs/airflow-wPbgcfzP-py3.10/lib/python3.10/site-packages/airflow/example_dags/example_latest_only_with_trigger.py
[2024-10-03T20:59:47.007-0400] {logging_mixin.py:190} INFO - [2024-10-03T20:59:47.006-0400] {dag.py:3239} INFO - Sync 1 DAGs
[2024-10-03T20:59:47.206-0400] {logging_mixin.py:190} INFO - [2024-10-03T20:59:47.206-0400] {dag.py:4180} INFO - Setting next_dagrun for latest_only_with_trigger to 2024-10-03 20:00:00+00:00, run_after=2024-10-04 00:00:00+00:00
[2024-10-03T20:59:47.853-0400] {processor.py:208} INFO - Processing /home/patrick/.cache/pypoetry/virtualenvs/airflow-wPbgcfzP-py3.10/lib/python3.10/site-packages/airflow/example_dags/example_latest_only_with_trigger.py took 2.363 seconds
[2024-10-03T21:03:33.009-0400] {processor.py:186} INFO - Started process (PID=5820) to work on /home/patrick/.cache/pypoetry/virtualenvs/airflow-wPbgcfzP-py3.10/lib/python3.10/site-packages/airflow/example_dags/example_latest_only_with_trigger.py
[2024-10-03T21:03:33.010-0400] {processor.py:914} INFO - Processing file /home/patrick/.cache/pypoetry/virtualenvs/airflow-wPbgcfzP-py3.10/lib/python3.10/site-packages/airflow/example_dags/example_latest_only_with_trigger.py for tasks to queue
[2024-10-03T21:03:33.011-0400] {logging_mixin.py:190} INFO - [2024-10-03T21:03:33.011-0400] {dagbag.py:588} INFO - Filling up the DagBag from /home/patrick/.cache/pypoetry/virtualenvs/airflow-wPbgcfzP-py3.10/lib/python3.10/site-packages/airflow/example_dags/example_latest_only_with_trigger.py
[2024-10-03T21:03:33.016-0400] {processor.py:925} INFO - DAG(s) 'latest_only_with_trigger' retrieved from /home/patrick/.cache/pypoetry/virtualenvs/airflow-wPbgcfzP-py3.10/lib/python3.10/site-packages/airflow/example_dags/example_latest_only_with_trigger.py
[2024-10-03T21:03:35.261-0400] {logging_mixin.py:190} INFO - [2024-10-03T21:03:35.260-0400] {dag.py:3239} INFO - Sync 1 DAGs
[2024-10-03T21:03:35.418-0400] {logging_mixin.py:190} INFO - [2024-10-03T21:03:35.418-0400] {dag.py:4180} INFO - Setting next_dagrun for latest_only_with_trigger to 2024-10-03 20:00:00+00:00, run_after=2024-10-04 00:00:00+00:00
[2024-10-03T21:03:36.054-0400] {processor.py:208} INFO - Processing /home/patrick/.cache/pypoetry/virtualenvs/airflow-wPbgcfzP-py3.10/lib/python3.10/site-packages/airflow/example_dags/example_latest_only_with_trigger.py took 3.049 seconds
[2024-10-03T21:05:33.299-0400] {processor.py:186} INFO - Started process (PID=6344) to work on /home/patrick/.cache/pypoetry/virtualenvs/airflow-wPbgcfzP-py3.10/lib/python3.10/site-packages/airflow/example_dags/example_latest_only_with_trigger.py
[2024-10-03T21:05:33.300-0400] {processor.py:914} INFO - Processing file /home/patrick/.cache/pypoetry/virtualenvs/airflow-wPbgcfzP-py3.10/lib/python3.10/site-packages/airflow/example_dags/example_latest_only_with_trigger.py for tasks to queue
[2024-10-03T21:05:33.301-0400] {logging_mixin.py:190} INFO - [2024-10-03T21:05:33.301-0400] {dagbag.py:588} INFO - Filling up the DagBag from /home/patrick/.cache/pypoetry/virtualenvs/airflow-wPbgcfzP-py3.10/lib/python3.10/site-packages/airflow/example_dags/example_latest_only_with_trigger.py
[2024-10-03T21:05:33.306-0400] {processor.py:925} INFO - DAG(s) 'latest_only_with_trigger' retrieved from /home/patrick/.cache/pypoetry/virtualenvs/airflow-wPbgcfzP-py3.10/lib/python3.10/site-packages/airflow/example_dags/example_latest_only_with_trigger.py
[2024-10-03T21:05:37.799-0400] {logging_mixin.py:190} INFO - [2024-10-03T21:05:37.798-0400] {dag.py:3239} INFO - Sync 1 DAGs
[2024-10-03T21:05:38.069-0400] {logging_mixin.py:190} INFO - [2024-10-03T21:05:38.069-0400] {dag.py:4180} INFO - Setting next_dagrun for latest_only_with_trigger to 2024-10-03 20:00:00+00:00, run_after=2024-10-04 00:00:00+00:00
[2024-10-03T21:05:38.640-0400] {processor.py:208} INFO - Processing /home/patrick/.cache/pypoetry/virtualenvs/airflow-wPbgcfzP-py3.10/lib/python3.10/site-packages/airflow/example_dags/example_latest_only_with_trigger.py took 5.345 seconds
[2024-10-03T21:07:44.113-0400] {processor.py:186} INFO - Started process (PID=6908) to work on /home/patrick/.cache/pypoetry/virtualenvs/airflow-wPbgcfzP-py3.10/lib/python3.10/site-packages/airflow/example_dags/example_latest_only_with_trigger.py
[2024-10-03T21:07:44.113-0400] {processor.py:914} INFO - Processing file /home/patrick/.cache/pypoetry/virtualenvs/airflow-wPbgcfzP-py3.10/lib/python3.10/site-packages/airflow/example_dags/example_latest_only_with_trigger.py for tasks to queue
[2024-10-03T21:07:44.114-0400] {logging_mixin.py:190} INFO - [2024-10-03T21:07:44.114-0400] {dagbag.py:588} INFO - Filling up the DagBag from /home/patrick/.cache/pypoetry/virtualenvs/airflow-wPbgcfzP-py3.10/lib/python3.10/site-packages/airflow/example_dags/example_latest_only_with_trigger.py
[2024-10-03T21:07:44.119-0400] {processor.py:925} INFO - DAG(s) 'latest_only_with_trigger' retrieved from /home/patrick/.cache/pypoetry/virtualenvs/airflow-wPbgcfzP-py3.10/lib/python3.10/site-packages/airflow/example_dags/example_latest_only_with_trigger.py
[2024-10-03T21:07:49.333-0400] {logging_mixin.py:190} INFO - [2024-10-03T21:07:49.333-0400] {dag.py:3239} INFO - Sync 1 DAGs
[2024-10-03T21:07:49.773-0400] {logging_mixin.py:190} INFO - [2024-10-03T21:07:49.773-0400] {dag.py:4180} INFO - Setting next_dagrun for latest_only_with_trigger to 2024-10-03 20:00:00+00:00, run_after=2024-10-04 00:00:00+00:00
[2024-10-03T21:07:50.948-0400] {processor.py:208} INFO - Processing /home/patrick/.cache/pypoetry/virtualenvs/airflow-wPbgcfzP-py3.10/lib/python3.10/site-packages/airflow/example_dags/example_latest_only_with_trigger.py took 6.839 seconds
[2024-10-03T21:09:50.909-0400] {processor.py:186} INFO - Started process (PID=7456) to work on /home/patrick/.cache/pypoetry/virtualenvs/airflow-wPbgcfzP-py3.10/lib/python3.10/site-packages/airflow/example_dags/example_latest_only_with_trigger.py
[2024-10-03T21:09:50.910-0400] {processor.py:914} INFO - Processing file /home/patrick/.cache/pypoetry/virtualenvs/airflow-wPbgcfzP-py3.10/lib/python3.10/site-packages/airflow/example_dags/example_latest_only_with_trigger.py for tasks to queue
[2024-10-03T21:09:50.911-0400] {logging_mixin.py:190} INFO - [2024-10-03T21:09:50.911-0400] {dagbag.py:588} INFO - Filling up the DagBag from /home/patrick/.cache/pypoetry/virtualenvs/airflow-wPbgcfzP-py3.10/lib/python3.10/site-packages/airflow/example_dags/example_latest_only_with_trigger.py
[2024-10-03T21:09:50.915-0400] {processor.py:925} INFO - DAG(s) 'latest_only_with_trigger' retrieved from /home/patrick/.cache/pypoetry/virtualenvs/airflow-wPbgcfzP-py3.10/lib/python3.10/site-packages/airflow/example_dags/example_latest_only_with_trigger.py
[2024-10-03T21:09:53.295-0400] {logging_mixin.py:190} INFO - [2024-10-03T21:09:53.295-0400] {dag.py:3239} INFO - Sync 1 DAGs
[2024-10-03T21:09:53.428-0400] {logging_mixin.py:190} INFO - [2024-10-03T21:09:53.427-0400] {dag.py:4180} INFO - Setting next_dagrun for latest_only_with_trigger to 2024-10-03 20:00:00+00:00, run_after=2024-10-04 00:00:00+00:00
[2024-10-03T21:09:54.043-0400] {processor.py:208} INFO - Processing /home/patrick/.cache/pypoetry/virtualenvs/airflow-wPbgcfzP-py3.10/lib/python3.10/site-packages/airflow/example_dags/example_latest_only_with_trigger.py took 3.138 seconds
[2024-10-03T21:12:07.920-0400] {processor.py:186} INFO - Started process (PID=8041) to work on /home/patrick/.cache/pypoetry/virtualenvs/airflow-wPbgcfzP-py3.10/lib/python3.10/site-packages/airflow/example_dags/example_latest_only_with_trigger.py
[2024-10-03T21:12:07.921-0400] {processor.py:914} INFO - Processing file /home/patrick/.cache/pypoetry/virtualenvs/airflow-wPbgcfzP-py3.10/lib/python3.10/site-packages/airflow/example_dags/example_latest_only_with_trigger.py for tasks to queue
[2024-10-03T21:12:07.922-0400] {logging_mixin.py:190} INFO - [2024-10-03T21:12:07.922-0400] {dagbag.py:588} INFO - Filling up the DagBag from /home/patrick/.cache/pypoetry/virtualenvs/airflow-wPbgcfzP-py3.10/lib/python3.10/site-packages/airflow/example_dags/example_latest_only_with_trigger.py
[2024-10-03T21:12:07.929-0400] {processor.py:925} INFO - DAG(s) 'latest_only_with_trigger' retrieved from /home/patrick/.cache/pypoetry/virtualenvs/airflow-wPbgcfzP-py3.10/lib/python3.10/site-packages/airflow/example_dags/example_latest_only_with_trigger.py
[2024-10-03T21:12:16.332-0400] {logging_mixin.py:190} INFO - [2024-10-03T21:12:16.332-0400] {process_utils.py:266} INFO - Waiting up to 5 seconds for processes to exit...
[2024-10-03T21:13:52.705-0400] {processor.py:186} INFO - Started process (PID=8562) to work on /home/patrick/.cache/pypoetry/virtualenvs/airflow-wPbgcfzP-py3.10/lib/python3.10/site-packages/airflow/example_dags/example_latest_only_with_trigger.py
[2024-10-03T21:13:52.706-0400] {processor.py:914} INFO - Processing file /home/patrick/.cache/pypoetry/virtualenvs/airflow-wPbgcfzP-py3.10/lib/python3.10/site-packages/airflow/example_dags/example_latest_only_with_trigger.py for tasks to queue
[2024-10-03T21:13:52.708-0400] {logging_mixin.py:190} INFO - [2024-10-03T21:13:52.708-0400] {dagbag.py:588} INFO - Filling up the DagBag from /home/patrick/.cache/pypoetry/virtualenvs/airflow-wPbgcfzP-py3.10/lib/python3.10/site-packages/airflow/example_dags/example_latest_only_with_trigger.py
[2024-10-03T21:13:52.713-0400] {processor.py:925} INFO - DAG(s) 'latest_only_with_trigger' retrieved from /home/patrick/.cache/pypoetry/virtualenvs/airflow-wPbgcfzP-py3.10/lib/python3.10/site-packages/airflow/example_dags/example_latest_only_with_trigger.py
[2024-10-03T21:13:54.790-0400] {logging_mixin.py:190} INFO - [2024-10-03T21:13:54.790-0400] {dag.py:3239} INFO - Sync 1 DAGs
[2024-10-03T21:13:55.002-0400] {logging_mixin.py:190} INFO - [2024-10-03T21:13:55.002-0400] {dag.py:4180} INFO - Setting next_dagrun for latest_only_with_trigger to 2024-10-03 20:00:00+00:00, run_after=2024-10-04 00:00:00+00:00
[2024-10-03T21:13:55.621-0400] {processor.py:208} INFO - Processing /home/patrick/.cache/pypoetry/virtualenvs/airflow-wPbgcfzP-py3.10/lib/python3.10/site-packages/airflow/example_dags/example_latest_only_with_trigger.py took 2.919 seconds
[2024-10-03T21:16:45.581-0400] {processor.py:186} INFO - Started process (PID=9388) to work on /home/patrick/.cache/pypoetry/virtualenvs/airflow-wPbgcfzP-py3.10/lib/python3.10/site-packages/airflow/example_dags/example_latest_only_with_trigger.py
[2024-10-03T21:16:45.582-0400] {processor.py:914} INFO - Processing file /home/patrick/.cache/pypoetry/virtualenvs/airflow-wPbgcfzP-py3.10/lib/python3.10/site-packages/airflow/example_dags/example_latest_only_with_trigger.py for tasks to queue
[2024-10-03T21:16:45.584-0400] {logging_mixin.py:190} INFO - [2024-10-03T21:16:45.584-0400] {dagbag.py:588} INFO - Filling up the DagBag from /home/patrick/.cache/pypoetry/virtualenvs/airflow-wPbgcfzP-py3.10/lib/python3.10/site-packages/airflow/example_dags/example_latest_only_with_trigger.py
[2024-10-03T21:16:45.589-0400] {processor.py:925} INFO - DAG(s) 'latest_only_with_trigger' retrieved from /home/patrick/.cache/pypoetry/virtualenvs/airflow-wPbgcfzP-py3.10/lib/python3.10/site-packages/airflow/example_dags/example_latest_only_with_trigger.py
[2024-10-03T21:16:47.659-0400] {logging_mixin.py:190} INFO - [2024-10-03T21:16:47.659-0400] {dag.py:3239} INFO - Sync 1 DAGs
[2024-10-03T21:16:47.829-0400] {logging_mixin.py:190} INFO - [2024-10-03T21:16:47.829-0400] {dag.py:4180} INFO - Setting next_dagrun for latest_only_with_trigger to 2024-10-03 20:00:00+00:00, run_after=2024-10-04 00:00:00+00:00
[2024-10-03T21:16:48.403-0400] {processor.py:208} INFO - Processing /home/patrick/.cache/pypoetry/virtualenvs/airflow-wPbgcfzP-py3.10/lib/python3.10/site-packages/airflow/example_dags/example_latest_only_with_trigger.py took 2.826 seconds
[2024-10-03T21:21:19.627-0400] {processor.py:186} INFO - Started process (PID=10619) to work on /home/patrick/.cache/pypoetry/virtualenvs/airflow-wPbgcfzP-py3.10/lib/python3.10/site-packages/airflow/example_dags/example_latest_only_with_trigger.py
[2024-10-03T21:21:19.628-0400] {processor.py:914} INFO - Processing file /home/patrick/.cache/pypoetry/virtualenvs/airflow-wPbgcfzP-py3.10/lib/python3.10/site-packages/airflow/example_dags/example_latest_only_with_trigger.py for tasks to queue
[2024-10-03T21:21:19.629-0400] {logging_mixin.py:190} INFO - [2024-10-03T21:21:19.629-0400] {dagbag.py:588} INFO - Filling up the DagBag from /home/patrick/.cache/pypoetry/virtualenvs/airflow-wPbgcfzP-py3.10/lib/python3.10/site-packages/airflow/example_dags/example_latest_only_with_trigger.py
[2024-10-03T21:21:19.634-0400] {processor.py:925} INFO - DAG(s) 'latest_only_with_trigger' retrieved from /home/patrick/.cache/pypoetry/virtualenvs/airflow-wPbgcfzP-py3.10/lib/python3.10/site-packages/airflow/example_dags/example_latest_only_with_trigger.py
[2024-10-03T21:21:24.881-0400] {logging_mixin.py:190} INFO - [2024-10-03T21:21:24.881-0400] {dag.py:3239} INFO - Sync 1 DAGs
[2024-10-03T21:21:25.144-0400] {logging_mixin.py:190} INFO - [2024-10-03T21:21:25.144-0400] {dag.py:4180} INFO - Setting next_dagrun for latest_only_with_trigger to 2024-10-03 20:00:00+00:00, run_after=2024-10-04 00:00:00+00:00
[2024-10-03T21:21:25.778-0400] {processor.py:208} INFO - Processing /home/patrick/.cache/pypoetry/virtualenvs/airflow-wPbgcfzP-py3.10/lib/python3.10/site-packages/airflow/example_dags/example_latest_only_with_trigger.py took 6.154 seconds
[2024-10-03T21:23:53.246-0400] {processor.py:186} INFO - Started process (PID=11286) to work on /home/patrick/.cache/pypoetry/virtualenvs/airflow-wPbgcfzP-py3.10/lib/python3.10/site-packages/airflow/example_dags/example_latest_only_with_trigger.py
[2024-10-03T21:23:53.247-0400] {processor.py:914} INFO - Processing file /home/patrick/.cache/pypoetry/virtualenvs/airflow-wPbgcfzP-py3.10/lib/python3.10/site-packages/airflow/example_dags/example_latest_only_with_trigger.py for tasks to queue
[2024-10-03T21:23:53.249-0400] {logging_mixin.py:190} INFO - [2024-10-03T21:23:53.249-0400] {dagbag.py:588} INFO - Filling up the DagBag from /home/patrick/.cache/pypoetry/virtualenvs/airflow-wPbgcfzP-py3.10/lib/python3.10/site-packages/airflow/example_dags/example_latest_only_with_trigger.py
[2024-10-03T21:23:53.253-0400] {processor.py:925} INFO - DAG(s) 'latest_only_with_trigger' retrieved from /home/patrick/.cache/pypoetry/virtualenvs/airflow-wPbgcfzP-py3.10/lib/python3.10/site-packages/airflow/example_dags/example_latest_only_with_trigger.py
[2024-10-03T21:23:54.727-0400] {logging_mixin.py:190} INFO - [2024-10-03T21:23:54.726-0400] {dag.py:3239} INFO - Sync 1 DAGs
[2024-10-03T21:23:54.856-0400] {logging_mixin.py:190} INFO - [2024-10-03T21:23:54.856-0400] {dag.py:4180} INFO - Setting next_dagrun for latest_only_with_trigger to 2024-10-03 20:00:00+00:00, run_after=2024-10-04 00:00:00+00:00
[2024-10-03T21:23:55.367-0400] {processor.py:208} INFO - Processing /home/patrick/.cache/pypoetry/virtualenvs/airflow-wPbgcfzP-py3.10/lib/python3.10/site-packages/airflow/example_dags/example_latest_only_with_trigger.py took 2.124 seconds
[2024-10-03T21:26:32.423-0400] {processor.py:186} INFO - Started process (PID=11962) to work on /home/patrick/.cache/pypoetry/virtualenvs/airflow-wPbgcfzP-py3.10/lib/python3.10/site-packages/airflow/example_dags/example_latest_only_with_trigger.py
[2024-10-03T21:26:32.424-0400] {processor.py:914} INFO - Processing file /home/patrick/.cache/pypoetry/virtualenvs/airflow-wPbgcfzP-py3.10/lib/python3.10/site-packages/airflow/example_dags/example_latest_only_with_trigger.py for tasks to queue
[2024-10-03T21:26:32.425-0400] {logging_mixin.py:190} INFO - [2024-10-03T21:26:32.425-0400] {dagbag.py:588} INFO - Filling up the DagBag from /home/patrick/.cache/pypoetry/virtualenvs/airflow-wPbgcfzP-py3.10/lib/python3.10/site-packages/airflow/example_dags/example_latest_only_with_trigger.py
[2024-10-03T21:26:32.429-0400] {processor.py:925} INFO - DAG(s) 'latest_only_with_trigger' retrieved from /home/patrick/.cache/pypoetry/virtualenvs/airflow-wPbgcfzP-py3.10/lib/python3.10/site-packages/airflow/example_dags/example_latest_only_with_trigger.py
[2024-10-03T21:26:36.325-0400] {logging_mixin.py:190} INFO - [2024-10-03T21:26:36.324-0400] {dag.py:3239} INFO - Sync 1 DAGs
[2024-10-03T21:26:36.786-0400] {logging_mixin.py:190} INFO - [2024-10-03T21:26:36.786-0400] {dag.py:4180} INFO - Setting next_dagrun for latest_only_with_trigger to 2024-10-03 20:00:00+00:00, run_after=2024-10-04 00:00:00+00:00
[2024-10-03T21:26:37.511-0400] {processor.py:208} INFO - Processing /home/patrick/.cache/pypoetry/virtualenvs/airflow-wPbgcfzP-py3.10/lib/python3.10/site-packages/airflow/example_dags/example_latest_only_with_trigger.py took 5.092 seconds
[2024-10-03T21:29:02.837-0400] {processor.py:186} INFO - Started process (PID=12686) to work on /home/patrick/.cache/pypoetry/virtualenvs/airflow-wPbgcfzP-py3.10/lib/python3.10/site-packages/airflow/example_dags/example_latest_only_with_trigger.py
[2024-10-03T21:29:02.838-0400] {processor.py:914} INFO - Processing file /home/patrick/.cache/pypoetry/virtualenvs/airflow-wPbgcfzP-py3.10/lib/python3.10/site-packages/airflow/example_dags/example_latest_only_with_trigger.py for tasks to queue
[2024-10-03T21:29:02.840-0400] {logging_mixin.py:190} INFO - [2024-10-03T21:29:02.840-0400] {dagbag.py:588} INFO - Filling up the DagBag from /home/patrick/.cache/pypoetry/virtualenvs/airflow-wPbgcfzP-py3.10/lib/python3.10/site-packages/airflow/example_dags/example_latest_only_with_trigger.py
[2024-10-03T21:29:02.845-0400] {processor.py:925} INFO - DAG(s) 'latest_only_with_trigger' retrieved from /home/patrick/.cache/pypoetry/virtualenvs/airflow-wPbgcfzP-py3.10/lib/python3.10/site-packages/airflow/example_dags/example_latest_only_with_trigger.py
[2024-10-03T21:29:04.885-0400] {logging_mixin.py:190} INFO - [2024-10-03T21:29:04.885-0400] {dag.py:3239} INFO - Sync 1 DAGs
[2024-10-03T21:29:05.067-0400] {logging_mixin.py:190} INFO - [2024-10-03T21:29:05.067-0400] {dag.py:4180} INFO - Setting next_dagrun for latest_only_with_trigger to 2024-10-03 20:00:00+00:00, run_after=2024-10-04 00:00:00+00:00
[2024-10-03T21:29:05.602-0400] {processor.py:208} INFO - Processing /home/patrick/.cache/pypoetry/virtualenvs/airflow-wPbgcfzP-py3.10/lib/python3.10/site-packages/airflow/example_dags/example_latest_only_with_trigger.py took 2.768 seconds
[2024-10-03T21:32:57.785-0400] {processor.py:186} INFO - Started process (PID=13681) to work on /home/patrick/.cache/pypoetry/virtualenvs/airflow-wPbgcfzP-py3.10/lib/python3.10/site-packages/airflow/example_dags/example_latest_only_with_trigger.py
[2024-10-03T21:32:57.786-0400] {processor.py:914} INFO - Processing file /home/patrick/.cache/pypoetry/virtualenvs/airflow-wPbgcfzP-py3.10/lib/python3.10/site-packages/airflow/example_dags/example_latest_only_with_trigger.py for tasks to queue
[2024-10-03T21:32:57.787-0400] {logging_mixin.py:190} INFO - [2024-10-03T21:32:57.787-0400] {dagbag.py:588} INFO - Filling up the DagBag from /home/patrick/.cache/pypoetry/virtualenvs/airflow-wPbgcfzP-py3.10/lib/python3.10/site-packages/airflow/example_dags/example_latest_only_with_trigger.py
[2024-10-03T21:32:57.791-0400] {processor.py:925} INFO - DAG(s) 'latest_only_with_trigger' retrieved from /home/patrick/.cache/pypoetry/virtualenvs/airflow-wPbgcfzP-py3.10/lib/python3.10/site-packages/airflow/example_dags/example_latest_only_with_trigger.py
[2024-10-03T21:32:59.223-0400] {logging_mixin.py:190} INFO - [2024-10-03T21:32:59.223-0400] {dag.py:3239} INFO - Sync 1 DAGs
[2024-10-03T21:32:59.485-0400] {logging_mixin.py:190} INFO - [2024-10-03T21:32:59.485-0400] {dag.py:4180} INFO - Setting next_dagrun for latest_only_with_trigger to 2024-10-03 20:00:00+00:00, run_after=2024-10-04 00:00:00+00:00
[2024-10-03T21:33:00.247-0400] {processor.py:208} INFO - Processing /home/patrick/.cache/pypoetry/virtualenvs/airflow-wPbgcfzP-py3.10/lib/python3.10/site-packages/airflow/example_dags/example_latest_only_with_trigger.py took 2.466 seconds
[2024-10-03T21:35:43.156-0400] {processor.py:186} INFO - Started process (PID=14459) to work on /home/patrick/.cache/pypoetry/virtualenvs/airflow-wPbgcfzP-py3.10/lib/python3.10/site-packages/airflow/example_dags/example_latest_only_with_trigger.py
[2024-10-03T21:35:43.157-0400] {processor.py:914} INFO - Processing file /home/patrick/.cache/pypoetry/virtualenvs/airflow-wPbgcfzP-py3.10/lib/python3.10/site-packages/airflow/example_dags/example_latest_only_with_trigger.py for tasks to queue
[2024-10-03T21:35:43.159-0400] {logging_mixin.py:190} INFO - [2024-10-03T21:35:43.158-0400] {dagbag.py:588} INFO - Filling up the DagBag from /home/patrick/.cache/pypoetry/virtualenvs/airflow-wPbgcfzP-py3.10/lib/python3.10/site-packages/airflow/example_dags/example_latest_only_with_trigger.py
[2024-10-03T21:35:43.164-0400] {processor.py:925} INFO - DAG(s) 'latest_only_with_trigger' retrieved from /home/patrick/.cache/pypoetry/virtualenvs/airflow-wPbgcfzP-py3.10/lib/python3.10/site-packages/airflow/example_dags/example_latest_only_with_trigger.py
[2024-10-03T21:35:49.916-0400] {logging_mixin.py:190} INFO - [2024-10-03T21:35:49.916-0400] {dag.py:3239} INFO - Sync 1 DAGs
[2024-10-03T21:35:50.235-0400] {logging_mixin.py:190} INFO - [2024-10-03T21:35:50.235-0400] {dag.py:4180} INFO - Setting next_dagrun for latest_only_with_trigger to 2024-10-03 20:00:00+00:00, run_after=2024-10-04 00:00:00+00:00
[2024-10-03T21:35:51.217-0400] {processor.py:208} INFO - Processing /home/patrick/.cache/pypoetry/virtualenvs/airflow-wPbgcfzP-py3.10/lib/python3.10/site-packages/airflow/example_dags/example_latest_only_with_trigger.py took 8.065 seconds
[2024-10-03T21:39:01.444-0400] {processor.py:186} INFO - Started process (PID=15346) to work on /home/patrick/.cache/pypoetry/virtualenvs/airflow-wPbgcfzP-py3.10/lib/python3.10/site-packages/airflow/example_dags/example_latest_only_with_trigger.py
[2024-10-03T21:39:01.445-0400] {processor.py:914} INFO - Processing file /home/patrick/.cache/pypoetry/virtualenvs/airflow-wPbgcfzP-py3.10/lib/python3.10/site-packages/airflow/example_dags/example_latest_only_with_trigger.py for tasks to queue
[2024-10-03T21:39:01.447-0400] {logging_mixin.py:190} INFO - [2024-10-03T21:39:01.447-0400] {dagbag.py:588} INFO - Filling up the DagBag from /home/patrick/.cache/pypoetry/virtualenvs/airflow-wPbgcfzP-py3.10/lib/python3.10/site-packages/airflow/example_dags/example_latest_only_with_trigger.py
[2024-10-03T21:39:01.452-0400] {processor.py:925} INFO - DAG(s) 'latest_only_with_trigger' retrieved from /home/patrick/.cache/pypoetry/virtualenvs/airflow-wPbgcfzP-py3.10/lib/python3.10/site-packages/airflow/example_dags/example_latest_only_with_trigger.py
[2024-10-03T21:39:07.703-0400] {logging_mixin.py:190} INFO - [2024-10-03T21:39:07.703-0400] {dag.py:3239} INFO - Sync 1 DAGs
[2024-10-03T21:39:07.908-0400] {logging_mixin.py:190} INFO - [2024-10-03T21:39:07.907-0400] {dag.py:4180} INFO - Setting next_dagrun for latest_only_with_trigger to 2024-10-03 20:00:00+00:00, run_after=2024-10-04 00:00:00+00:00
[2024-10-03T21:39:08.484-0400] {processor.py:208} INFO - Processing /home/patrick/.cache/pypoetry/virtualenvs/airflow-wPbgcfzP-py3.10/lib/python3.10/site-packages/airflow/example_dags/example_latest_only_with_trigger.py took 7.045 seconds
[2024-10-03T21:41:32.587-0400] {processor.py:186} INFO - Started process (PID=16044) to work on /home/patrick/.cache/pypoetry/virtualenvs/airflow-wPbgcfzP-py3.10/lib/python3.10/site-packages/airflow/example_dags/example_latest_only_with_trigger.py
[2024-10-03T21:41:32.588-0400] {processor.py:914} INFO - Processing file /home/patrick/.cache/pypoetry/virtualenvs/airflow-wPbgcfzP-py3.10/lib/python3.10/site-packages/airflow/example_dags/example_latest_only_with_trigger.py for tasks to queue
[2024-10-03T21:41:32.594-0400] {logging_mixin.py:190} INFO - [2024-10-03T21:41:32.594-0400] {dagbag.py:588} INFO - Filling up the DagBag from /home/patrick/.cache/pypoetry/virtualenvs/airflow-wPbgcfzP-py3.10/lib/python3.10/site-packages/airflow/example_dags/example_latest_only_with_trigger.py
[2024-10-03T21:41:32.600-0400] {processor.py:925} INFO - DAG(s) 'latest_only_with_trigger' retrieved from /home/patrick/.cache/pypoetry/virtualenvs/airflow-wPbgcfzP-py3.10/lib/python3.10/site-packages/airflow/example_dags/example_latest_only_with_trigger.py
[2024-10-03T21:41:35.969-0400] {logging_mixin.py:190} INFO - [2024-10-03T21:41:35.969-0400] {dag.py:3239} INFO - Sync 1 DAGs
[2024-10-03T21:41:36.135-0400] {logging_mixin.py:190} INFO - [2024-10-03T21:41:36.135-0400] {dag.py:4180} INFO - Setting next_dagrun for latest_only_with_trigger to 2024-10-03 20:00:00+00:00, run_after=2024-10-04 00:00:00+00:00
[2024-10-03T21:41:36.871-0400] {processor.py:208} INFO - Processing /home/patrick/.cache/pypoetry/virtualenvs/airflow-wPbgcfzP-py3.10/lib/python3.10/site-packages/airflow/example_dags/example_latest_only_with_trigger.py took 4.288 seconds
[2024-10-03T21:44:22.015-0400] {processor.py:186} INFO - Started process (PID=16795) to work on /home/patrick/.cache/pypoetry/virtualenvs/airflow-wPbgcfzP-py3.10/lib/python3.10/site-packages/airflow/example_dags/example_latest_only_with_trigger.py
[2024-10-03T21:44:22.016-0400] {processor.py:914} INFO - Processing file /home/patrick/.cache/pypoetry/virtualenvs/airflow-wPbgcfzP-py3.10/lib/python3.10/site-packages/airflow/example_dags/example_latest_only_with_trigger.py for tasks to queue
[2024-10-03T21:44:22.017-0400] {logging_mixin.py:190} INFO - [2024-10-03T21:44:22.017-0400] {dagbag.py:588} INFO - Filling up the DagBag from /home/patrick/.cache/pypoetry/virtualenvs/airflow-wPbgcfzP-py3.10/lib/python3.10/site-packages/airflow/example_dags/example_latest_only_with_trigger.py
[2024-10-03T21:44:22.022-0400] {processor.py:925} INFO - DAG(s) 'latest_only_with_trigger' retrieved from /home/patrick/.cache/pypoetry/virtualenvs/airflow-wPbgcfzP-py3.10/lib/python3.10/site-packages/airflow/example_dags/example_latest_only_with_trigger.py
[2024-10-03T21:44:36.760-0400] {logging_mixin.py:190} INFO - [2024-10-03T21:44:36.760-0400] {dag.py:3239} INFO - Sync 1 DAGs
[2024-10-03T21:44:37.060-0400] {logging_mixin.py:190} INFO - [2024-10-03T21:44:37.060-0400] {dag.py:4180} INFO - Setting next_dagrun for latest_only_with_trigger to 2024-10-03 20:00:00+00:00, run_after=2024-10-04 00:00:00+00:00
[2024-10-03T21:44:37.828-0400] {processor.py:208} INFO - Processing /home/patrick/.cache/pypoetry/virtualenvs/airflow-wPbgcfzP-py3.10/lib/python3.10/site-packages/airflow/example_dags/example_latest_only_with_trigger.py took 15.817 seconds
[2024-10-03T21:47:09.254-0400] {processor.py:186} INFO - Started process (PID=17565) to work on /home/patrick/.cache/pypoetry/virtualenvs/airflow-wPbgcfzP-py3.10/lib/python3.10/site-packages/airflow/example_dags/example_latest_only_with_trigger.py
[2024-10-03T21:47:09.255-0400] {processor.py:914} INFO - Processing file /home/patrick/.cache/pypoetry/virtualenvs/airflow-wPbgcfzP-py3.10/lib/python3.10/site-packages/airflow/example_dags/example_latest_only_with_trigger.py for tasks to queue
[2024-10-03T21:47:09.256-0400] {logging_mixin.py:190} INFO - [2024-10-03T21:47:09.256-0400] {dagbag.py:588} INFO - Filling up the DagBag from /home/patrick/.cache/pypoetry/virtualenvs/airflow-wPbgcfzP-py3.10/lib/python3.10/site-packages/airflow/example_dags/example_latest_only_with_trigger.py
[2024-10-03T21:47:09.261-0400] {processor.py:925} INFO - DAG(s) 'latest_only_with_trigger' retrieved from /home/patrick/.cache/pypoetry/virtualenvs/airflow-wPbgcfzP-py3.10/lib/python3.10/site-packages/airflow/example_dags/example_latest_only_with_trigger.py
[2024-10-03T21:47:12.864-0400] {logging_mixin.py:190} INFO - [2024-10-03T21:47:12.864-0400] {dag.py:3239} INFO - Sync 1 DAGs
[2024-10-03T21:47:12.999-0400] {logging_mixin.py:190} INFO - [2024-10-03T21:47:12.999-0400] {dag.py:4180} INFO - Setting next_dagrun for latest_only_with_trigger to 2024-10-03 20:00:00+00:00, run_after=2024-10-04 00:00:00+00:00
[2024-10-03T21:47:13.514-0400] {processor.py:208} INFO - Processing /home/patrick/.cache/pypoetry/virtualenvs/airflow-wPbgcfzP-py3.10/lib/python3.10/site-packages/airflow/example_dags/example_latest_only_with_trigger.py took 4.264 seconds
[2024-10-03T21:51:11.903-0400] {processor.py:186} INFO - Started process (PID=18605) to work on /home/patrick/.cache/pypoetry/virtualenvs/airflow-wPbgcfzP-py3.10/lib/python3.10/site-packages/airflow/example_dags/example_latest_only_with_trigger.py
[2024-10-03T21:51:11.904-0400] {processor.py:914} INFO - Processing file /home/patrick/.cache/pypoetry/virtualenvs/airflow-wPbgcfzP-py3.10/lib/python3.10/site-packages/airflow/example_dags/example_latest_only_with_trigger.py for tasks to queue
[2024-10-03T21:51:11.905-0400] {logging_mixin.py:190} INFO - [2024-10-03T21:51:11.905-0400] {dagbag.py:588} INFO - Filling up the DagBag from /home/patrick/.cache/pypoetry/virtualenvs/airflow-wPbgcfzP-py3.10/lib/python3.10/site-packages/airflow/example_dags/example_latest_only_with_trigger.py
[2024-10-03T21:51:11.909-0400] {processor.py:925} INFO - DAG(s) 'latest_only_with_trigger' retrieved from /home/patrick/.cache/pypoetry/virtualenvs/airflow-wPbgcfzP-py3.10/lib/python3.10/site-packages/airflow/example_dags/example_latest_only_with_trigger.py
[2024-10-03T21:51:18.363-0400] {logging_mixin.py:190} INFO - [2024-10-03T21:51:18.363-0400] {dag.py:3239} INFO - Sync 1 DAGs
[2024-10-03T21:51:18.653-0400] {logging_mixin.py:190} INFO - [2024-10-03T21:51:18.653-0400] {dag.py:4180} INFO - Setting next_dagrun for latest_only_with_trigger to 2024-10-03 20:00:00+00:00, run_after=2024-10-04 00:00:00+00:00
[2024-10-03T21:51:19.327-0400] {processor.py:208} INFO - Processing /home/patrick/.cache/pypoetry/virtualenvs/airflow-wPbgcfzP-py3.10/lib/python3.10/site-packages/airflow/example_dags/example_latest_only_with_trigger.py took 7.427 seconds
[2024-10-03T21:55:09.173-0400] {processor.py:186} INFO - Started process (PID=19620) to work on /home/patrick/.cache/pypoetry/virtualenvs/airflow-wPbgcfzP-py3.10/lib/python3.10/site-packages/airflow/example_dags/example_latest_only_with_trigger.py
[2024-10-03T21:55:09.174-0400] {processor.py:914} INFO - Processing file /home/patrick/.cache/pypoetry/virtualenvs/airflow-wPbgcfzP-py3.10/lib/python3.10/site-packages/airflow/example_dags/example_latest_only_with_trigger.py for tasks to queue
[2024-10-03T21:55:09.176-0400] {logging_mixin.py:190} INFO - [2024-10-03T21:55:09.176-0400] {dagbag.py:588} INFO - Filling up the DagBag from /home/patrick/.cache/pypoetry/virtualenvs/airflow-wPbgcfzP-py3.10/lib/python3.10/site-packages/airflow/example_dags/example_latest_only_with_trigger.py
[2024-10-03T21:55:09.180-0400] {processor.py:925} INFO - DAG(s) 'latest_only_with_trigger' retrieved from /home/patrick/.cache/pypoetry/virtualenvs/airflow-wPbgcfzP-py3.10/lib/python3.10/site-packages/airflow/example_dags/example_latest_only_with_trigger.py
[2024-10-03T21:55:13.526-0400] {logging_mixin.py:190} INFO - [2024-10-03T21:55:13.526-0400] {dag.py:3239} INFO - Sync 1 DAGs
[2024-10-03T21:55:13.807-0400] {logging_mixin.py:190} INFO - [2024-10-03T21:55:13.807-0400] {dag.py:4180} INFO - Setting next_dagrun for latest_only_with_trigger to 2024-10-03 20:00:00+00:00, run_after=2024-10-04 00:00:00+00:00
[2024-10-03T21:55:14.410-0400] {processor.py:208} INFO - Processing /home/patrick/.cache/pypoetry/virtualenvs/airflow-wPbgcfzP-py3.10/lib/python3.10/site-packages/airflow/example_dags/example_latest_only_with_trigger.py took 5.240 seconds
[2024-10-03T21:57:08.338-0400] {processor.py:186} INFO - Started process (PID=20134) to work on /home/patrick/.cache/pypoetry/virtualenvs/airflow-wPbgcfzP-py3.10/lib/python3.10/site-packages/airflow/example_dags/example_latest_only_with_trigger.py
[2024-10-03T21:57:08.338-0400] {processor.py:914} INFO - Processing file /home/patrick/.cache/pypoetry/virtualenvs/airflow-wPbgcfzP-py3.10/lib/python3.10/site-packages/airflow/example_dags/example_latest_only_with_trigger.py for tasks to queue
[2024-10-03T21:57:08.340-0400] {logging_mixin.py:190} INFO - [2024-10-03T21:57:08.340-0400] {dagbag.py:588} INFO - Filling up the DagBag from /home/patrick/.cache/pypoetry/virtualenvs/airflow-wPbgcfzP-py3.10/lib/python3.10/site-packages/airflow/example_dags/example_latest_only_with_trigger.py
[2024-10-03T21:57:08.344-0400] {processor.py:925} INFO - DAG(s) 'latest_only_with_trigger' retrieved from /home/patrick/.cache/pypoetry/virtualenvs/airflow-wPbgcfzP-py3.10/lib/python3.10/site-packages/airflow/example_dags/example_latest_only_with_trigger.py
[2024-10-03T21:57:12.372-0400] {logging_mixin.py:190} INFO - [2024-10-03T21:57:12.371-0400] {dag.py:3239} INFO - Sync 1 DAGs
[2024-10-03T21:57:12.741-0400] {logging_mixin.py:190} INFO - [2024-10-03T21:57:12.740-0400] {dag.py:4180} INFO - Setting next_dagrun for latest_only_with_trigger to 2024-10-03 20:00:00+00:00, run_after=2024-10-04 00:00:00+00:00
[2024-10-03T21:57:13.395-0400] {processor.py:208} INFO - Processing /home/patrick/.cache/pypoetry/virtualenvs/airflow-wPbgcfzP-py3.10/lib/python3.10/site-packages/airflow/example_dags/example_latest_only_with_trigger.py took 5.061 seconds
[2024-10-03T21:59:05.408-0400] {processor.py:186} INFO - Started process (PID=20637) to work on /home/patrick/.cache/pypoetry/virtualenvs/airflow-wPbgcfzP-py3.10/lib/python3.10/site-packages/airflow/example_dags/example_latest_only_with_trigger.py
[2024-10-03T21:59:05.409-0400] {processor.py:914} INFO - Processing file /home/patrick/.cache/pypoetry/virtualenvs/airflow-wPbgcfzP-py3.10/lib/python3.10/site-packages/airflow/example_dags/example_latest_only_with_trigger.py for tasks to queue
[2024-10-03T21:59:05.410-0400] {logging_mixin.py:190} INFO - [2024-10-03T21:59:05.410-0400] {dagbag.py:588} INFO - Filling up the DagBag from /home/patrick/.cache/pypoetry/virtualenvs/airflow-wPbgcfzP-py3.10/lib/python3.10/site-packages/airflow/example_dags/example_latest_only_with_trigger.py
[2024-10-03T21:59:05.415-0400] {processor.py:925} INFO - DAG(s) 'latest_only_with_trigger' retrieved from /home/patrick/.cache/pypoetry/virtualenvs/airflow-wPbgcfzP-py3.10/lib/python3.10/site-packages/airflow/example_dags/example_latest_only_with_trigger.py
[2024-10-03T21:59:07.730-0400] {logging_mixin.py:190} INFO - [2024-10-03T21:59:07.729-0400] {dag.py:3239} INFO - Sync 1 DAGs
[2024-10-03T21:59:07.897-0400] {logging_mixin.py:190} INFO - [2024-10-03T21:59:07.896-0400] {dag.py:4180} INFO - Setting next_dagrun for latest_only_with_trigger to 2024-10-03 20:00:00+00:00, run_after=2024-10-04 00:00:00+00:00
[2024-10-03T21:59:08.474-0400] {processor.py:208} INFO - Processing /home/patrick/.cache/pypoetry/virtualenvs/airflow-wPbgcfzP-py3.10/lib/python3.10/site-packages/airflow/example_dags/example_latest_only_with_trigger.py took 3.070 seconds
[2024-10-03T22:03:27.113-0400] {processor.py:186} INFO - Started process (PID=21751) to work on /home/patrick/.cache/pypoetry/virtualenvs/airflow-wPbgcfzP-py3.10/lib/python3.10/site-packages/airflow/example_dags/example_latest_only_with_trigger.py
[2024-10-03T22:03:27.114-0400] {processor.py:914} INFO - Processing file /home/patrick/.cache/pypoetry/virtualenvs/airflow-wPbgcfzP-py3.10/lib/python3.10/site-packages/airflow/example_dags/example_latest_only_with_trigger.py for tasks to queue
[2024-10-03T22:03:27.115-0400] {logging_mixin.py:190} INFO - [2024-10-03T22:03:27.115-0400] {dagbag.py:588} INFO - Filling up the DagBag from /home/patrick/.cache/pypoetry/virtualenvs/airflow-wPbgcfzP-py3.10/lib/python3.10/site-packages/airflow/example_dags/example_latest_only_with_trigger.py
[2024-10-03T22:03:27.119-0400] {processor.py:925} INFO - DAG(s) 'latest_only_with_trigger' retrieved from /home/patrick/.cache/pypoetry/virtualenvs/airflow-wPbgcfzP-py3.10/lib/python3.10/site-packages/airflow/example_dags/example_latest_only_with_trigger.py
[2024-10-03T22:03:28.757-0400] {logging_mixin.py:190} INFO - [2024-10-03T22:03:28.757-0400] {dag.py:3239} INFO - Sync 1 DAGs
[2024-10-03T22:03:28.923-0400] {logging_mixin.py:190} INFO - [2024-10-03T22:03:28.923-0400] {dag.py:4180} INFO - Setting next_dagrun for latest_only_with_trigger to 2024-10-03 20:00:00+00:00, run_after=2024-10-04 00:00:00+00:00
[2024-10-03T22:03:29.534-0400] {processor.py:208} INFO - Processing /home/patrick/.cache/pypoetry/virtualenvs/airflow-wPbgcfzP-py3.10/lib/python3.10/site-packages/airflow/example_dags/example_latest_only_with_trigger.py took 2.425 seconds
[2024-10-03T22:05:47.504-0400] {processor.py:186} INFO - Started process (PID=22350) to work on /home/patrick/.cache/pypoetry/virtualenvs/airflow-wPbgcfzP-py3.10/lib/python3.10/site-packages/airflow/example_dags/example_latest_only_with_trigger.py
[2024-10-03T22:05:47.505-0400] {processor.py:914} INFO - Processing file /home/patrick/.cache/pypoetry/virtualenvs/airflow-wPbgcfzP-py3.10/lib/python3.10/site-packages/airflow/example_dags/example_latest_only_with_trigger.py for tasks to queue
[2024-10-03T22:05:47.507-0400] {logging_mixin.py:190} INFO - [2024-10-03T22:05:47.507-0400] {dagbag.py:588} INFO - Filling up the DagBag from /home/patrick/.cache/pypoetry/virtualenvs/airflow-wPbgcfzP-py3.10/lib/python3.10/site-packages/airflow/example_dags/example_latest_only_with_trigger.py
[2024-10-03T22:05:47.511-0400] {processor.py:925} INFO - DAG(s) 'latest_only_with_trigger' retrieved from /home/patrick/.cache/pypoetry/virtualenvs/airflow-wPbgcfzP-py3.10/lib/python3.10/site-packages/airflow/example_dags/example_latest_only_with_trigger.py
[2024-10-03T22:05:49.650-0400] {logging_mixin.py:190} INFO - [2024-10-03T22:05:49.649-0400] {dag.py:3239} INFO - Sync 1 DAGs
[2024-10-03T22:05:49.783-0400] {logging_mixin.py:190} INFO - [2024-10-03T22:05:49.783-0400] {dag.py:4180} INFO - Setting next_dagrun for latest_only_with_trigger to 2024-10-03 20:00:00+00:00, run_after=2024-10-04 00:00:00+00:00
[2024-10-03T22:05:50.717-0400] {processor.py:208} INFO - Processing /home/patrick/.cache/pypoetry/virtualenvs/airflow-wPbgcfzP-py3.10/lib/python3.10/site-packages/airflow/example_dags/example_latest_only_with_trigger.py took 3.217 seconds
[2024-10-03T22:07:58.464-0400] {processor.py:186} INFO - Started process (PID=22909) to work on /home/patrick/.cache/pypoetry/virtualenvs/airflow-wPbgcfzP-py3.10/lib/python3.10/site-packages/airflow/example_dags/example_latest_only_with_trigger.py
[2024-10-03T22:07:58.465-0400] {processor.py:914} INFO - Processing file /home/patrick/.cache/pypoetry/virtualenvs/airflow-wPbgcfzP-py3.10/lib/python3.10/site-packages/airflow/example_dags/example_latest_only_with_trigger.py for tasks to queue
[2024-10-03T22:07:58.467-0400] {logging_mixin.py:190} INFO - [2024-10-03T22:07:58.467-0400] {dagbag.py:588} INFO - Filling up the DagBag from /home/patrick/.cache/pypoetry/virtualenvs/airflow-wPbgcfzP-py3.10/lib/python3.10/site-packages/airflow/example_dags/example_latest_only_with_trigger.py
[2024-10-03T22:07:58.472-0400] {processor.py:925} INFO - DAG(s) 'latest_only_with_trigger' retrieved from /home/patrick/.cache/pypoetry/virtualenvs/airflow-wPbgcfzP-py3.10/lib/python3.10/site-packages/airflow/example_dags/example_latest_only_with_trigger.py
[2024-10-03T22:08:05.159-0400] {logging_mixin.py:190} INFO - [2024-10-03T22:08:05.158-0400] {dag.py:3239} INFO - Sync 1 DAGs
[2024-10-03T22:08:05.363-0400] {logging_mixin.py:190} INFO - [2024-10-03T22:08:05.363-0400] {dag.py:4180} INFO - Setting next_dagrun for latest_only_with_trigger to 2024-10-03 20:00:00+00:00, run_after=2024-10-04 00:00:00+00:00
[2024-10-03T22:08:05.984-0400] {processor.py:208} INFO - Processing /home/patrick/.cache/pypoetry/virtualenvs/airflow-wPbgcfzP-py3.10/lib/python3.10/site-packages/airflow/example_dags/example_latest_only_with_trigger.py took 7.524 seconds
[2024-10-03T22:10:59.085-0400] {processor.py:186} INFO - Started process (PID=23739) to work on /home/patrick/.cache/pypoetry/virtualenvs/airflow-wPbgcfzP-py3.10/lib/python3.10/site-packages/airflow/example_dags/example_latest_only_with_trigger.py
[2024-10-03T22:10:59.086-0400] {processor.py:914} INFO - Processing file /home/patrick/.cache/pypoetry/virtualenvs/airflow-wPbgcfzP-py3.10/lib/python3.10/site-packages/airflow/example_dags/example_latest_only_with_trigger.py for tasks to queue
[2024-10-03T22:10:59.088-0400] {logging_mixin.py:190} INFO - [2024-10-03T22:10:59.088-0400] {dagbag.py:588} INFO - Filling up the DagBag from /home/patrick/.cache/pypoetry/virtualenvs/airflow-wPbgcfzP-py3.10/lib/python3.10/site-packages/airflow/example_dags/example_latest_only_with_trigger.py
[2024-10-03T22:10:59.093-0400] {processor.py:925} INFO - DAG(s) 'latest_only_with_trigger' retrieved from /home/patrick/.cache/pypoetry/virtualenvs/airflow-wPbgcfzP-py3.10/lib/python3.10/site-packages/airflow/example_dags/example_latest_only_with_trigger.py
[2024-10-03T22:11:01.420-0400] {logging_mixin.py:190} INFO - [2024-10-03T22:11:01.420-0400] {dag.py:3239} INFO - Sync 1 DAGs
[2024-10-03T22:11:01.636-0400] {logging_mixin.py:190} INFO - [2024-10-03T22:11:01.636-0400] {dag.py:4180} INFO - Setting next_dagrun for latest_only_with_trigger to 2024-10-03 20:00:00+00:00, run_after=2024-10-04 00:00:00+00:00
[2024-10-03T22:11:02.256-0400] {processor.py:208} INFO - Processing /home/patrick/.cache/pypoetry/virtualenvs/airflow-wPbgcfzP-py3.10/lib/python3.10/site-packages/airflow/example_dags/example_latest_only_with_trigger.py took 3.174 seconds
[2024-10-03T22:14:30.784-0400] {processor.py:186} INFO - Started process (PID=24713) to work on /home/patrick/.cache/pypoetry/virtualenvs/airflow-wPbgcfzP-py3.10/lib/python3.10/site-packages/airflow/example_dags/example_latest_only_with_trigger.py
[2024-10-03T22:14:30.786-0400] {processor.py:914} INFO - Processing file /home/patrick/.cache/pypoetry/virtualenvs/airflow-wPbgcfzP-py3.10/lib/python3.10/site-packages/airflow/example_dags/example_latest_only_with_trigger.py for tasks to queue
[2024-10-03T22:14:30.787-0400] {logging_mixin.py:190} INFO - [2024-10-03T22:14:30.787-0400] {dagbag.py:588} INFO - Filling up the DagBag from /home/patrick/.cache/pypoetry/virtualenvs/airflow-wPbgcfzP-py3.10/lib/python3.10/site-packages/airflow/example_dags/example_latest_only_with_trigger.py
[2024-10-03T22:14:30.792-0400] {processor.py:925} INFO - DAG(s) 'latest_only_with_trigger' retrieved from /home/patrick/.cache/pypoetry/virtualenvs/airflow-wPbgcfzP-py3.10/lib/python3.10/site-packages/airflow/example_dags/example_latest_only_with_trigger.py
[2024-10-03T22:14:37.016-0400] {logging_mixin.py:190} INFO - [2024-10-03T22:14:37.016-0400] {dag.py:3239} INFO - Sync 1 DAGs
[2024-10-03T22:14:37.183-0400] {logging_mixin.py:190} INFO - [2024-10-03T22:14:37.183-0400] {dag.py:4180} INFO - Setting next_dagrun for latest_only_with_trigger to 2024-10-03 20:00:00+00:00, run_after=2024-10-04 00:00:00+00:00
[2024-10-03T22:14:37.970-0400] {processor.py:208} INFO - Processing /home/patrick/.cache/pypoetry/virtualenvs/airflow-wPbgcfzP-py3.10/lib/python3.10/site-packages/airflow/example_dags/example_latest_only_with_trigger.py took 7.190 seconds
[2024-10-03T22:17:26.782-0400] {processor.py:186} INFO - Started process (PID=25488) to work on /home/patrick/.cache/pypoetry/virtualenvs/airflow-wPbgcfzP-py3.10/lib/python3.10/site-packages/airflow/example_dags/example_latest_only_with_trigger.py
[2024-10-03T22:17:26.783-0400] {processor.py:914} INFO - Processing file /home/patrick/.cache/pypoetry/virtualenvs/airflow-wPbgcfzP-py3.10/lib/python3.10/site-packages/airflow/example_dags/example_latest_only_with_trigger.py for tasks to queue
[2024-10-03T22:17:26.785-0400] {logging_mixin.py:190} INFO - [2024-10-03T22:17:26.784-0400] {dagbag.py:588} INFO - Filling up the DagBag from /home/patrick/.cache/pypoetry/virtualenvs/airflow-wPbgcfzP-py3.10/lib/python3.10/site-packages/airflow/example_dags/example_latest_only_with_trigger.py
[2024-10-03T22:17:26.789-0400] {processor.py:925} INFO - DAG(s) 'latest_only_with_trigger' retrieved from /home/patrick/.cache/pypoetry/virtualenvs/airflow-wPbgcfzP-py3.10/lib/python3.10/site-packages/airflow/example_dags/example_latest_only_with_trigger.py
[2024-10-03T22:17:31.755-0400] {logging_mixin.py:190} INFO - [2024-10-03T22:17:31.755-0400] {dag.py:3239} INFO - Sync 1 DAGs
[2024-10-03T22:17:32.024-0400] {logging_mixin.py:190} INFO - [2024-10-03T22:17:32.024-0400] {dag.py:4180} INFO - Setting next_dagrun for latest_only_with_trigger to 2024-10-03 20:00:00+00:00, run_after=2024-10-04 00:00:00+00:00
[2024-10-03T22:17:32.637-0400] {processor.py:208} INFO - Processing /home/patrick/.cache/pypoetry/virtualenvs/airflow-wPbgcfzP-py3.10/lib/python3.10/site-packages/airflow/example_dags/example_latest_only_with_trigger.py took 5.859 seconds
[2024-10-03T22:20:47.600-0400] {processor.py:186} INFO - Started process (PID=26388) to work on /home/patrick/.cache/pypoetry/virtualenvs/airflow-wPbgcfzP-py3.10/lib/python3.10/site-packages/airflow/example_dags/example_latest_only_with_trigger.py
[2024-10-03T22:20:47.601-0400] {processor.py:914} INFO - Processing file /home/patrick/.cache/pypoetry/virtualenvs/airflow-wPbgcfzP-py3.10/lib/python3.10/site-packages/airflow/example_dags/example_latest_only_with_trigger.py for tasks to queue
[2024-10-03T22:20:47.603-0400] {logging_mixin.py:190} INFO - [2024-10-03T22:20:47.603-0400] {dagbag.py:588} INFO - Filling up the DagBag from /home/patrick/.cache/pypoetry/virtualenvs/airflow-wPbgcfzP-py3.10/lib/python3.10/site-packages/airflow/example_dags/example_latest_only_with_trigger.py
[2024-10-03T22:20:47.607-0400] {processor.py:925} INFO - DAG(s) 'latest_only_with_trigger' retrieved from /home/patrick/.cache/pypoetry/virtualenvs/airflow-wPbgcfzP-py3.10/lib/python3.10/site-packages/airflow/example_dags/example_latest_only_with_trigger.py
[2024-10-03T22:20:54.605-0400] {logging_mixin.py:190} INFO - [2024-10-03T22:20:54.605-0400] {dag.py:3239} INFO - Sync 1 DAGs
[2024-10-03T22:20:54.744-0400] {logging_mixin.py:190} INFO - [2024-10-03T22:20:54.744-0400] {dag.py:4180} INFO - Setting next_dagrun for latest_only_with_trigger to 2024-10-03 20:00:00+00:00, run_after=2024-10-04 00:00:00+00:00
[2024-10-03T22:20:55.283-0400] {processor.py:208} INFO - Processing /home/patrick/.cache/pypoetry/virtualenvs/airflow-wPbgcfzP-py3.10/lib/python3.10/site-packages/airflow/example_dags/example_latest_only_with_trigger.py took 7.686 seconds
[2024-10-03T22:23:19.708-0400] {processor.py:186} INFO - Started process (PID=27071) to work on /home/patrick/.cache/pypoetry/virtualenvs/airflow-wPbgcfzP-py3.10/lib/python3.10/site-packages/airflow/example_dags/example_latest_only_with_trigger.py
[2024-10-03T22:23:19.709-0400] {processor.py:914} INFO - Processing file /home/patrick/.cache/pypoetry/virtualenvs/airflow-wPbgcfzP-py3.10/lib/python3.10/site-packages/airflow/example_dags/example_latest_only_with_trigger.py for tasks to queue
[2024-10-03T22:23:19.710-0400] {logging_mixin.py:190} INFO - [2024-10-03T22:23:19.710-0400] {dagbag.py:588} INFO - Filling up the DagBag from /home/patrick/.cache/pypoetry/virtualenvs/airflow-wPbgcfzP-py3.10/lib/python3.10/site-packages/airflow/example_dags/example_latest_only_with_trigger.py
[2024-10-03T22:23:19.714-0400] {processor.py:925} INFO - DAG(s) 'latest_only_with_trigger' retrieved from /home/patrick/.cache/pypoetry/virtualenvs/airflow-wPbgcfzP-py3.10/lib/python3.10/site-packages/airflow/example_dags/example_latest_only_with_trigger.py
[2024-10-03T22:23:24.677-0400] {logging_mixin.py:190} INFO - [2024-10-03T22:23:24.677-0400] {dag.py:3239} INFO - Sync 1 DAGs
[2024-10-03T22:23:25.198-0400] {logging_mixin.py:190} INFO - [2024-10-03T22:23:25.198-0400] {dag.py:4180} INFO - Setting next_dagrun for latest_only_with_trigger to 2024-10-03 20:00:00+00:00, run_after=2024-10-04 00:00:00+00:00
[2024-10-03T22:23:25.884-0400] {processor.py:208} INFO - Processing /home/patrick/.cache/pypoetry/virtualenvs/airflow-wPbgcfzP-py3.10/lib/python3.10/site-packages/airflow/example_dags/example_latest_only_with_trigger.py took 6.180 seconds
[2024-10-03T22:29:04.624-0400] {processor.py:186} INFO - Started process (PID=28618) to work on /home/patrick/.cache/pypoetry/virtualenvs/airflow-wPbgcfzP-py3.10/lib/python3.10/site-packages/airflow/example_dags/example_latest_only_with_trigger.py
[2024-10-03T22:29:04.625-0400] {processor.py:914} INFO - Processing file /home/patrick/.cache/pypoetry/virtualenvs/airflow-wPbgcfzP-py3.10/lib/python3.10/site-packages/airflow/example_dags/example_latest_only_with_trigger.py for tasks to queue
[2024-10-03T22:29:04.626-0400] {logging_mixin.py:190} INFO - [2024-10-03T22:29:04.626-0400] {dagbag.py:588} INFO - Filling up the DagBag from /home/patrick/.cache/pypoetry/virtualenvs/airflow-wPbgcfzP-py3.10/lib/python3.10/site-packages/airflow/example_dags/example_latest_only_with_trigger.py
[2024-10-03T22:29:04.631-0400] {processor.py:925} INFO - DAG(s) 'latest_only_with_trigger' retrieved from /home/patrick/.cache/pypoetry/virtualenvs/airflow-wPbgcfzP-py3.10/lib/python3.10/site-packages/airflow/example_dags/example_latest_only_with_trigger.py
[2024-10-03T22:29:10.745-0400] {logging_mixin.py:190} INFO - [2024-10-03T22:29:10.744-0400] {dag.py:3239} INFO - Sync 1 DAGs
[2024-10-03T22:29:11.107-0400] {logging_mixin.py:190} INFO - [2024-10-03T22:29:11.107-0400] {dag.py:4180} INFO - Setting next_dagrun for latest_only_with_trigger to 2024-10-03 20:00:00+00:00, run_after=2024-10-04 00:00:00+00:00
[2024-10-03T22:29:11.788-0400] {processor.py:208} INFO - Processing /home/patrick/.cache/pypoetry/virtualenvs/airflow-wPbgcfzP-py3.10/lib/python3.10/site-packages/airflow/example_dags/example_latest_only_with_trigger.py took 7.167 seconds
[2024-10-03T22:32:57.298-0400] {processor.py:186} INFO - Started process (PID=29657) to work on /home/patrick/.cache/pypoetry/virtualenvs/airflow-wPbgcfzP-py3.10/lib/python3.10/site-packages/airflow/example_dags/example_latest_only_with_trigger.py
[2024-10-03T22:32:57.299-0400] {processor.py:914} INFO - Processing file /home/patrick/.cache/pypoetry/virtualenvs/airflow-wPbgcfzP-py3.10/lib/python3.10/site-packages/airflow/example_dags/example_latest_only_with_trigger.py for tasks to queue
[2024-10-03T22:32:57.300-0400] {logging_mixin.py:190} INFO - [2024-10-03T22:32:57.300-0400] {dagbag.py:588} INFO - Filling up the DagBag from /home/patrick/.cache/pypoetry/virtualenvs/airflow-wPbgcfzP-py3.10/lib/python3.10/site-packages/airflow/example_dags/example_latest_only_with_trigger.py
[2024-10-03T22:32:57.306-0400] {processor.py:925} INFO - DAG(s) 'latest_only_with_trigger' retrieved from /home/patrick/.cache/pypoetry/virtualenvs/airflow-wPbgcfzP-py3.10/lib/python3.10/site-packages/airflow/example_dags/example_latest_only_with_trigger.py
[2024-10-03T22:33:00.860-0400] {logging_mixin.py:190} INFO - [2024-10-03T22:33:00.860-0400] {dag.py:3239} INFO - Sync 1 DAGs
[2024-10-03T22:33:01.044-0400] {logging_mixin.py:190} INFO - [2024-10-03T22:33:01.044-0400] {dag.py:4180} INFO - Setting next_dagrun for latest_only_with_trigger to 2024-10-03 20:00:00+00:00, run_after=2024-10-04 00:00:00+00:00
[2024-10-03T22:33:01.717-0400] {processor.py:208} INFO - Processing /home/patrick/.cache/pypoetry/virtualenvs/airflow-wPbgcfzP-py3.10/lib/python3.10/site-packages/airflow/example_dags/example_latest_only_with_trigger.py took 4.423 seconds
[2024-10-03T22:38:02.834-0400] {processor.py:186} INFO - Started process (PID=31067) to work on /home/patrick/.cache/pypoetry/virtualenvs/airflow-wPbgcfzP-py3.10/lib/python3.10/site-packages/airflow/example_dags/example_latest_only_with_trigger.py
[2024-10-03T22:38:02.835-0400] {processor.py:914} INFO - Processing file /home/patrick/.cache/pypoetry/virtualenvs/airflow-wPbgcfzP-py3.10/lib/python3.10/site-packages/airflow/example_dags/example_latest_only_with_trigger.py for tasks to queue
[2024-10-03T22:38:02.836-0400] {logging_mixin.py:190} INFO - [2024-10-03T22:38:02.836-0400] {dagbag.py:588} INFO - Filling up the DagBag from /home/patrick/.cache/pypoetry/virtualenvs/airflow-wPbgcfzP-py3.10/lib/python3.10/site-packages/airflow/example_dags/example_latest_only_with_trigger.py
[2024-10-03T22:38:02.841-0400] {processor.py:925} INFO - DAG(s) 'latest_only_with_trigger' retrieved from /home/patrick/.cache/pypoetry/virtualenvs/airflow-wPbgcfzP-py3.10/lib/python3.10/site-packages/airflow/example_dags/example_latest_only_with_trigger.py
[2024-10-03T22:38:06.915-0400] {logging_mixin.py:190} INFO - [2024-10-03T22:38:06.914-0400] {dag.py:3239} INFO - Sync 1 DAGs
[2024-10-03T22:38:07.183-0400] {logging_mixin.py:190} INFO - [2024-10-03T22:38:07.182-0400] {dag.py:4180} INFO - Setting next_dagrun for latest_only_with_trigger to 2024-10-03 20:00:00+00:00, run_after=2024-10-04 00:00:00+00:00
[2024-10-03T22:38:08.190-0400] {processor.py:208} INFO - Processing /home/patrick/.cache/pypoetry/virtualenvs/airflow-wPbgcfzP-py3.10/lib/python3.10/site-packages/airflow/example_dags/example_latest_only_with_trigger.py took 5.360 seconds
[2024-10-03T22:41:48.234-0400] {processor.py:186} INFO - Started process (PID=32129) to work on /home/patrick/.cache/pypoetry/virtualenvs/airflow-wPbgcfzP-py3.10/lib/python3.10/site-packages/airflow/example_dags/example_latest_only_with_trigger.py
[2024-10-03T22:41:48.234-0400] {processor.py:914} INFO - Processing file /home/patrick/.cache/pypoetry/virtualenvs/airflow-wPbgcfzP-py3.10/lib/python3.10/site-packages/airflow/example_dags/example_latest_only_with_trigger.py for tasks to queue
[2024-10-03T22:41:48.236-0400] {logging_mixin.py:190} INFO - [2024-10-03T22:41:48.236-0400] {dagbag.py:588} INFO - Filling up the DagBag from /home/patrick/.cache/pypoetry/virtualenvs/airflow-wPbgcfzP-py3.10/lib/python3.10/site-packages/airflow/example_dags/example_latest_only_with_trigger.py
[2024-10-03T22:41:48.240-0400] {processor.py:925} INFO - DAG(s) 'latest_only_with_trigger' retrieved from /home/patrick/.cache/pypoetry/virtualenvs/airflow-wPbgcfzP-py3.10/lib/python3.10/site-packages/airflow/example_dags/example_latest_only_with_trigger.py
[2024-10-03T22:41:54.103-0400] {logging_mixin.py:190} INFO - [2024-10-03T22:41:54.103-0400] {dag.py:3239} INFO - Sync 1 DAGs
[2024-10-03T22:41:54.288-0400] {logging_mixin.py:190} INFO - [2024-10-03T22:41:54.288-0400] {dag.py:4180} INFO - Setting next_dagrun for latest_only_with_trigger to 2024-10-03 20:00:00+00:00, run_after=2024-10-04 00:00:00+00:00
[2024-10-03T22:41:54.899-0400] {processor.py:208} INFO - Processing /home/patrick/.cache/pypoetry/virtualenvs/airflow-wPbgcfzP-py3.10/lib/python3.10/site-packages/airflow/example_dags/example_latest_only_with_trigger.py took 6.669 seconds
[2024-10-03T22:45:19.485-0400] {processor.py:186} INFO - Started process (PID=33079) to work on /home/patrick/.cache/pypoetry/virtualenvs/airflow-wPbgcfzP-py3.10/lib/python3.10/site-packages/airflow/example_dags/example_latest_only_with_trigger.py
[2024-10-03T22:45:19.485-0400] {processor.py:914} INFO - Processing file /home/patrick/.cache/pypoetry/virtualenvs/airflow-wPbgcfzP-py3.10/lib/python3.10/site-packages/airflow/example_dags/example_latest_only_with_trigger.py for tasks to queue
[2024-10-03T22:45:19.487-0400] {logging_mixin.py:190} INFO - [2024-10-03T22:45:19.487-0400] {dagbag.py:588} INFO - Filling up the DagBag from /home/patrick/.cache/pypoetry/virtualenvs/airflow-wPbgcfzP-py3.10/lib/python3.10/site-packages/airflow/example_dags/example_latest_only_with_trigger.py
[2024-10-03T22:45:19.492-0400] {processor.py:925} INFO - DAG(s) 'latest_only_with_trigger' retrieved from /home/patrick/.cache/pypoetry/virtualenvs/airflow-wPbgcfzP-py3.10/lib/python3.10/site-packages/airflow/example_dags/example_latest_only_with_trigger.py
[2024-10-03T22:45:24.179-0400] {logging_mixin.py:190} INFO - [2024-10-03T22:45:24.179-0400] {dag.py:3239} INFO - Sync 1 DAGs
[2024-10-03T22:45:24.443-0400] {logging_mixin.py:190} INFO - [2024-10-03T22:45:24.442-0400] {dag.py:4180} INFO - Setting next_dagrun for latest_only_with_trigger to 2024-10-03 20:00:00+00:00, run_after=2024-10-04 00:00:00+00:00
[2024-10-03T22:45:25.287-0400] {processor.py:208} INFO - Processing /home/patrick/.cache/pypoetry/virtualenvs/airflow-wPbgcfzP-py3.10/lib/python3.10/site-packages/airflow/example_dags/example_latest_only_with_trigger.py took 5.806 seconds
[2024-10-03T22:48:28.656-0400] {processor.py:186} INFO - Started process (PID=33963) to work on /home/patrick/.cache/pypoetry/virtualenvs/airflow-wPbgcfzP-py3.10/lib/python3.10/site-packages/airflow/example_dags/example_latest_only_with_trigger.py
[2024-10-03T22:48:28.657-0400] {processor.py:914} INFO - Processing file /home/patrick/.cache/pypoetry/virtualenvs/airflow-wPbgcfzP-py3.10/lib/python3.10/site-packages/airflow/example_dags/example_latest_only_with_trigger.py for tasks to queue
[2024-10-03T22:48:28.658-0400] {logging_mixin.py:190} INFO - [2024-10-03T22:48:28.658-0400] {dagbag.py:588} INFO - Filling up the DagBag from /home/patrick/.cache/pypoetry/virtualenvs/airflow-wPbgcfzP-py3.10/lib/python3.10/site-packages/airflow/example_dags/example_latest_only_with_trigger.py
[2024-10-03T22:48:28.663-0400] {processor.py:925} INFO - DAG(s) 'latest_only_with_trigger' retrieved from /home/patrick/.cache/pypoetry/virtualenvs/airflow-wPbgcfzP-py3.10/lib/python3.10/site-packages/airflow/example_dags/example_latest_only_with_trigger.py
[2024-10-03T22:48:35.658-0400] {logging_mixin.py:190} INFO - [2024-10-03T22:48:35.657-0400] {dag.py:3239} INFO - Sync 1 DAGs
[2024-10-03T22:48:35.863-0400] {logging_mixin.py:190} INFO - [2024-10-03T22:48:35.863-0400] {dag.py:4180} INFO - Setting next_dagrun for latest_only_with_trigger to 2024-10-03 20:00:00+00:00, run_after=2024-10-04 00:00:00+00:00
[2024-10-03T22:48:36.534-0400] {processor.py:208} INFO - Processing /home/patrick/.cache/pypoetry/virtualenvs/airflow-wPbgcfzP-py3.10/lib/python3.10/site-packages/airflow/example_dags/example_latest_only_with_trigger.py took 7.882 seconds
[2024-10-03T22:51:58.895-0400] {processor.py:186} INFO - Started process (PID=34938) to work on /home/patrick/.cache/pypoetry/virtualenvs/airflow-wPbgcfzP-py3.10/lib/python3.10/site-packages/airflow/example_dags/example_latest_only_with_trigger.py
[2024-10-03T22:51:58.896-0400] {processor.py:914} INFO - Processing file /home/patrick/.cache/pypoetry/virtualenvs/airflow-wPbgcfzP-py3.10/lib/python3.10/site-packages/airflow/example_dags/example_latest_only_with_trigger.py for tasks to queue
[2024-10-03T22:51:58.898-0400] {logging_mixin.py:190} INFO - [2024-10-03T22:51:58.898-0400] {dagbag.py:588} INFO - Filling up the DagBag from /home/patrick/.cache/pypoetry/virtualenvs/airflow-wPbgcfzP-py3.10/lib/python3.10/site-packages/airflow/example_dags/example_latest_only_with_trigger.py
[2024-10-03T22:51:58.904-0400] {processor.py:925} INFO - DAG(s) 'latest_only_with_trigger' retrieved from /home/patrick/.cache/pypoetry/virtualenvs/airflow-wPbgcfzP-py3.10/lib/python3.10/site-packages/airflow/example_dags/example_latest_only_with_trigger.py
[2024-10-03T22:52:04.299-0400] {logging_mixin.py:190} INFO - [2024-10-03T22:52:04.298-0400] {dag.py:3239} INFO - Sync 1 DAGs
[2024-10-03T22:52:04.598-0400] {logging_mixin.py:190} INFO - [2024-10-03T22:52:04.598-0400] {dag.py:4180} INFO - Setting next_dagrun for latest_only_with_trigger to 2024-10-03 20:00:00+00:00, run_after=2024-10-04 00:00:00+00:00
[2024-10-03T22:52:05.344-0400] {processor.py:208} INFO - Processing /home/patrick/.cache/pypoetry/virtualenvs/airflow-wPbgcfzP-py3.10/lib/python3.10/site-packages/airflow/example_dags/example_latest_only_with_trigger.py took 6.452 seconds
[2024-10-03T22:56:58.244-0400] {processor.py:186} INFO - Started process (PID=36371) to work on /home/patrick/.cache/pypoetry/virtualenvs/airflow-wPbgcfzP-py3.10/lib/python3.10/site-packages/airflow/example_dags/example_latest_only_with_trigger.py
[2024-10-03T22:56:58.245-0400] {processor.py:914} INFO - Processing file /home/patrick/.cache/pypoetry/virtualenvs/airflow-wPbgcfzP-py3.10/lib/python3.10/site-packages/airflow/example_dags/example_latest_only_with_trigger.py for tasks to queue
[2024-10-03T22:56:58.247-0400] {logging_mixin.py:190} INFO - [2024-10-03T22:56:58.247-0400] {dagbag.py:588} INFO - Filling up the DagBag from /home/patrick/.cache/pypoetry/virtualenvs/airflow-wPbgcfzP-py3.10/lib/python3.10/site-packages/airflow/example_dags/example_latest_only_with_trigger.py
[2024-10-03T22:56:58.252-0400] {processor.py:925} INFO - DAG(s) 'latest_only_with_trigger' retrieved from /home/patrick/.cache/pypoetry/virtualenvs/airflow-wPbgcfzP-py3.10/lib/python3.10/site-packages/airflow/example_dags/example_latest_only_with_trigger.py
[2024-10-03T22:57:01.395-0400] {logging_mixin.py:190} INFO - [2024-10-03T22:57:01.395-0400] {dag.py:3239} INFO - Sync 1 DAGs
[2024-10-03T22:57:01.570-0400] {logging_mixin.py:190} INFO - [2024-10-03T22:57:01.570-0400] {dag.py:4180} INFO - Setting next_dagrun for latest_only_with_trigger to 2024-10-03 20:00:00+00:00, run_after=2024-10-04 00:00:00+00:00
[2024-10-03T22:57:02.216-0400] {processor.py:208} INFO - Processing /home/patrick/.cache/pypoetry/virtualenvs/airflow-wPbgcfzP-py3.10/lib/python3.10/site-packages/airflow/example_dags/example_latest_only_with_trigger.py took 3.976 seconds
[2024-10-03T23:01:24.994-0400] {processor.py:186} INFO - Started process (PID=37594) to work on /home/patrick/.cache/pypoetry/virtualenvs/airflow-wPbgcfzP-py3.10/lib/python3.10/site-packages/airflow/example_dags/example_latest_only_with_trigger.py
[2024-10-03T23:01:24.995-0400] {processor.py:914} INFO - Processing file /home/patrick/.cache/pypoetry/virtualenvs/airflow-wPbgcfzP-py3.10/lib/python3.10/site-packages/airflow/example_dags/example_latest_only_with_trigger.py for tasks to queue
[2024-10-03T23:01:24.997-0400] {logging_mixin.py:190} INFO - [2024-10-03T23:01:24.997-0400] {dagbag.py:588} INFO - Filling up the DagBag from /home/patrick/.cache/pypoetry/virtualenvs/airflow-wPbgcfzP-py3.10/lib/python3.10/site-packages/airflow/example_dags/example_latest_only_with_trigger.py
[2024-10-03T23:01:25.002-0400] {processor.py:925} INFO - DAG(s) 'latest_only_with_trigger' retrieved from /home/patrick/.cache/pypoetry/virtualenvs/airflow-wPbgcfzP-py3.10/lib/python3.10/site-packages/airflow/example_dags/example_latest_only_with_trigger.py
[2024-10-03T23:01:28.485-0400] {logging_mixin.py:190} INFO - [2024-10-03T23:01:28.485-0400] {dag.py:3239} INFO - Sync 1 DAGs
[2024-10-03T23:01:28.718-0400] {logging_mixin.py:190} INFO - [2024-10-03T23:01:28.717-0400] {dag.py:4180} INFO - Setting next_dagrun for latest_only_with_trigger to 2024-10-03 20:00:00+00:00, run_after=2024-10-04 00:00:00+00:00
[2024-10-03T23:01:29.333-0400] {processor.py:208} INFO - Processing /home/patrick/.cache/pypoetry/virtualenvs/airflow-wPbgcfzP-py3.10/lib/python3.10/site-packages/airflow/example_dags/example_latest_only_with_trigger.py took 4.343 seconds
[2024-10-03T23:04:56.623-0400] {processor.py:186} INFO - Started process (PID=38506) to work on /home/patrick/.cache/pypoetry/virtualenvs/airflow-wPbgcfzP-py3.10/lib/python3.10/site-packages/airflow/example_dags/example_latest_only_with_trigger.py
[2024-10-03T23:04:56.624-0400] {processor.py:914} INFO - Processing file /home/patrick/.cache/pypoetry/virtualenvs/airflow-wPbgcfzP-py3.10/lib/python3.10/site-packages/airflow/example_dags/example_latest_only_with_trigger.py for tasks to queue
[2024-10-03T23:04:56.626-0400] {logging_mixin.py:190} INFO - [2024-10-03T23:04:56.626-0400] {dagbag.py:588} INFO - Filling up the DagBag from /home/patrick/.cache/pypoetry/virtualenvs/airflow-wPbgcfzP-py3.10/lib/python3.10/site-packages/airflow/example_dags/example_latest_only_with_trigger.py
[2024-10-03T23:04:56.632-0400] {processor.py:925} INFO - DAG(s) 'latest_only_with_trigger' retrieved from /home/patrick/.cache/pypoetry/virtualenvs/airflow-wPbgcfzP-py3.10/lib/python3.10/site-packages/airflow/example_dags/example_latest_only_with_trigger.py
[2024-10-03T23:05:01.037-0400] {logging_mixin.py:190} INFO - [2024-10-03T23:05:01.037-0400] {dag.py:3239} INFO - Sync 1 DAGs
[2024-10-03T23:05:01.199-0400] {logging_mixin.py:190} INFO - [2024-10-03T23:05:01.199-0400] {dag.py:4180} INFO - Setting next_dagrun for latest_only_with_trigger to 2024-10-03 20:00:00+00:00, run_after=2024-10-04 00:00:00+00:00
[2024-10-03T23:05:01.989-0400] {processor.py:208} INFO - Processing /home/patrick/.cache/pypoetry/virtualenvs/airflow-wPbgcfzP-py3.10/lib/python3.10/site-packages/airflow/example_dags/example_latest_only_with_trigger.py took 5.370 seconds
[2024-10-03T23:07:59.995-0400] {processor.py:186} INFO - Started process (PID=39330) to work on /home/patrick/.cache/pypoetry/virtualenvs/airflow-wPbgcfzP-py3.10/lib/python3.10/site-packages/airflow/example_dags/example_latest_only_with_trigger.py
[2024-10-03T23:07:59.996-0400] {processor.py:914} INFO - Processing file /home/patrick/.cache/pypoetry/virtualenvs/airflow-wPbgcfzP-py3.10/lib/python3.10/site-packages/airflow/example_dags/example_latest_only_with_trigger.py for tasks to queue
[2024-10-03T23:07:59.999-0400] {logging_mixin.py:190} INFO - [2024-10-03T23:07:59.998-0400] {dagbag.py:588} INFO - Filling up the DagBag from /home/patrick/.cache/pypoetry/virtualenvs/airflow-wPbgcfzP-py3.10/lib/python3.10/site-packages/airflow/example_dags/example_latest_only_with_trigger.py
[2024-10-03T23:08:00.004-0400] {processor.py:925} INFO - DAG(s) 'latest_only_with_trigger' retrieved from /home/patrick/.cache/pypoetry/virtualenvs/airflow-wPbgcfzP-py3.10/lib/python3.10/site-packages/airflow/example_dags/example_latest_only_with_trigger.py
[2024-10-03T23:08:06.531-0400] {logging_mixin.py:190} INFO - [2024-10-03T23:08:06.530-0400] {dag.py:3239} INFO - Sync 1 DAGs
[2024-10-03T23:08:06.789-0400] {logging_mixin.py:190} INFO - [2024-10-03T23:08:06.789-0400] {dag.py:4180} INFO - Setting next_dagrun for latest_only_with_trigger to 2024-10-03 20:00:00+00:00, run_after=2024-10-04 00:00:00+00:00
[2024-10-03T23:08:08.287-0400] {processor.py:208} INFO - Processing /home/patrick/.cache/pypoetry/virtualenvs/airflow-wPbgcfzP-py3.10/lib/python3.10/site-packages/airflow/example_dags/example_latest_only_with_trigger.py took 8.297 seconds
[2024-10-03T23:10:21.418-0400] {processor.py:186} INFO - Started process (PID=39937) to work on /home/patrick/.cache/pypoetry/virtualenvs/airflow-wPbgcfzP-py3.10/lib/python3.10/site-packages/airflow/example_dags/example_latest_only_with_trigger.py
[2024-10-03T23:10:21.420-0400] {processor.py:914} INFO - Processing file /home/patrick/.cache/pypoetry/virtualenvs/airflow-wPbgcfzP-py3.10/lib/python3.10/site-packages/airflow/example_dags/example_latest_only_with_trigger.py for tasks to queue
[2024-10-03T23:10:21.422-0400] {logging_mixin.py:190} INFO - [2024-10-03T23:10:21.422-0400] {dagbag.py:588} INFO - Filling up the DagBag from /home/patrick/.cache/pypoetry/virtualenvs/airflow-wPbgcfzP-py3.10/lib/python3.10/site-packages/airflow/example_dags/example_latest_only_with_trigger.py
[2024-10-03T23:10:21.429-0400] {processor.py:925} INFO - DAG(s) 'latest_only_with_trigger' retrieved from /home/patrick/.cache/pypoetry/virtualenvs/airflow-wPbgcfzP-py3.10/lib/python3.10/site-packages/airflow/example_dags/example_latest_only_with_trigger.py
[2024-10-03T23:10:42.993-0400] {logging_mixin.py:190} INFO - [2024-10-03T23:10:42.993-0400] {dag.py:3239} INFO - Sync 1 DAGs
[2024-10-03T23:10:43.225-0400] {logging_mixin.py:190} INFO - [2024-10-03T23:10:43.225-0400] {dag.py:4180} INFO - Setting next_dagrun for latest_only_with_trigger to 2024-10-03 20:00:00+00:00, run_after=2024-10-04 00:00:00+00:00
[2024-10-03T23:10:43.978-0400] {processor.py:208} INFO - Processing /home/patrick/.cache/pypoetry/virtualenvs/airflow-wPbgcfzP-py3.10/lib/python3.10/site-packages/airflow/example_dags/example_latest_only_with_trigger.py took 22.564 seconds
[2024-10-03T23:12:56.126-0400] {processor.py:186} INFO - Started process (PID=40594) to work on /home/patrick/.cache/pypoetry/virtualenvs/airflow-wPbgcfzP-py3.10/lib/python3.10/site-packages/airflow/example_dags/example_latest_only_with_trigger.py
[2024-10-03T23:12:56.128-0400] {processor.py:914} INFO - Processing file /home/patrick/.cache/pypoetry/virtualenvs/airflow-wPbgcfzP-py3.10/lib/python3.10/site-packages/airflow/example_dags/example_latest_only_with_trigger.py for tasks to queue
[2024-10-03T23:12:56.129-0400] {logging_mixin.py:190} INFO - [2024-10-03T23:12:56.129-0400] {dagbag.py:588} INFO - Filling up the DagBag from /home/patrick/.cache/pypoetry/virtualenvs/airflow-wPbgcfzP-py3.10/lib/python3.10/site-packages/airflow/example_dags/example_latest_only_with_trigger.py
[2024-10-03T23:12:56.135-0400] {processor.py:925} INFO - DAG(s) 'latest_only_with_trigger' retrieved from /home/patrick/.cache/pypoetry/virtualenvs/airflow-wPbgcfzP-py3.10/lib/python3.10/site-packages/airflow/example_dags/example_latest_only_with_trigger.py
[2024-10-03T23:12:57.424-0400] {logging_mixin.py:190} INFO - [2024-10-03T23:12:57.424-0400] {dag.py:3239} INFO - Sync 1 DAGs
[2024-10-03T23:12:57.568-0400] {logging_mixin.py:190} INFO - [2024-10-03T23:12:57.567-0400] {dag.py:4180} INFO - Setting next_dagrun for latest_only_with_trigger to 2024-10-03 20:00:00+00:00, run_after=2024-10-04 00:00:00+00:00
[2024-10-03T23:12:58.183-0400] {processor.py:208} INFO - Processing /home/patrick/.cache/pypoetry/virtualenvs/airflow-wPbgcfzP-py3.10/lib/python3.10/site-packages/airflow/example_dags/example_latest_only_with_trigger.py took 2.061 seconds
[2024-10-03T23:15:19.706-0400] {processor.py:186} INFO - Started process (PID=41228) to work on /home/patrick/.cache/pypoetry/virtualenvs/airflow-wPbgcfzP-py3.10/lib/python3.10/site-packages/airflow/example_dags/example_latest_only_with_trigger.py
[2024-10-03T23:15:19.707-0400] {processor.py:914} INFO - Processing file /home/patrick/.cache/pypoetry/virtualenvs/airflow-wPbgcfzP-py3.10/lib/python3.10/site-packages/airflow/example_dags/example_latest_only_with_trigger.py for tasks to queue
[2024-10-03T23:15:19.709-0400] {logging_mixin.py:190} INFO - [2024-10-03T23:15:19.708-0400] {dagbag.py:588} INFO - Filling up the DagBag from /home/patrick/.cache/pypoetry/virtualenvs/airflow-wPbgcfzP-py3.10/lib/python3.10/site-packages/airflow/example_dags/example_latest_only_with_trigger.py
[2024-10-03T23:15:19.714-0400] {processor.py:925} INFO - DAG(s) 'latest_only_with_trigger' retrieved from /home/patrick/.cache/pypoetry/virtualenvs/airflow-wPbgcfzP-py3.10/lib/python3.10/site-packages/airflow/example_dags/example_latest_only_with_trigger.py
[2024-10-03T23:15:22.393-0400] {logging_mixin.py:190} INFO - [2024-10-03T23:15:22.392-0400] {dag.py:3239} INFO - Sync 1 DAGs
[2024-10-03T23:15:22.579-0400] {logging_mixin.py:190} INFO - [2024-10-03T23:15:22.579-0400] {dag.py:4180} INFO - Setting next_dagrun for latest_only_with_trigger to 2024-10-03 20:00:00+00:00, run_after=2024-10-04 00:00:00+00:00
[2024-10-03T23:15:23.251-0400] {processor.py:208} INFO - Processing /home/patrick/.cache/pypoetry/virtualenvs/airflow-wPbgcfzP-py3.10/lib/python3.10/site-packages/airflow/example_dags/example_latest_only_with_trigger.py took 3.550 seconds
[2024-10-03T23:17:22.756-0400] {processor.py:186} INFO - Started process (PID=41765) to work on /home/patrick/.cache/pypoetry/virtualenvs/airflow-wPbgcfzP-py3.10/lib/python3.10/site-packages/airflow/example_dags/example_latest_only_with_trigger.py
[2024-10-03T23:17:22.757-0400] {processor.py:914} INFO - Processing file /home/patrick/.cache/pypoetry/virtualenvs/airflow-wPbgcfzP-py3.10/lib/python3.10/site-packages/airflow/example_dags/example_latest_only_with_trigger.py for tasks to queue
[2024-10-03T23:17:22.758-0400] {logging_mixin.py:190} INFO - [2024-10-03T23:17:22.758-0400] {dagbag.py:588} INFO - Filling up the DagBag from /home/patrick/.cache/pypoetry/virtualenvs/airflow-wPbgcfzP-py3.10/lib/python3.10/site-packages/airflow/example_dags/example_latest_only_with_trigger.py
[2024-10-03T23:17:22.764-0400] {processor.py:925} INFO - DAG(s) 'latest_only_with_trigger' retrieved from /home/patrick/.cache/pypoetry/virtualenvs/airflow-wPbgcfzP-py3.10/lib/python3.10/site-packages/airflow/example_dags/example_latest_only_with_trigger.py
[2024-10-03T23:17:26.527-0400] {logging_mixin.py:190} INFO - [2024-10-03T23:17:26.527-0400] {dag.py:3239} INFO - Sync 1 DAGs
[2024-10-03T23:17:26.675-0400] {logging_mixin.py:190} INFO - [2024-10-03T23:17:26.675-0400] {dag.py:4180} INFO - Setting next_dagrun for latest_only_with_trigger to 2024-10-03 20:00:00+00:00, run_after=2024-10-04 00:00:00+00:00
[2024-10-03T23:17:27.194-0400] {processor.py:208} INFO - Processing /home/patrick/.cache/pypoetry/virtualenvs/airflow-wPbgcfzP-py3.10/lib/python3.10/site-packages/airflow/example_dags/example_latest_only_with_trigger.py took 4.443 seconds
[2024-10-03T23:21:50.051-0400] {processor.py:186} INFO - Started process (PID=42931) to work on /home/patrick/.cache/pypoetry/virtualenvs/airflow-wPbgcfzP-py3.10/lib/python3.10/site-packages/airflow/example_dags/example_latest_only_with_trigger.py
[2024-10-03T23:21:50.052-0400] {processor.py:914} INFO - Processing file /home/patrick/.cache/pypoetry/virtualenvs/airflow-wPbgcfzP-py3.10/lib/python3.10/site-packages/airflow/example_dags/example_latest_only_with_trigger.py for tasks to queue
[2024-10-03T23:21:50.054-0400] {logging_mixin.py:190} INFO - [2024-10-03T23:21:50.054-0400] {dagbag.py:588} INFO - Filling up the DagBag from /home/patrick/.cache/pypoetry/virtualenvs/airflow-wPbgcfzP-py3.10/lib/python3.10/site-packages/airflow/example_dags/example_latest_only_with_trigger.py
[2024-10-03T23:21:50.059-0400] {processor.py:925} INFO - DAG(s) 'latest_only_with_trigger' retrieved from /home/patrick/.cache/pypoetry/virtualenvs/airflow-wPbgcfzP-py3.10/lib/python3.10/site-packages/airflow/example_dags/example_latest_only_with_trigger.py
[2024-10-03T23:21:52.363-0400] {logging_mixin.py:190} INFO - [2024-10-03T23:21:52.363-0400] {dag.py:3239} INFO - Sync 1 DAGs
[2024-10-03T23:21:52.586-0400] {logging_mixin.py:190} INFO - [2024-10-03T23:21:52.586-0400] {dag.py:4180} INFO - Setting next_dagrun for latest_only_with_trigger to 2024-10-03 20:00:00+00:00, run_after=2024-10-04 00:00:00+00:00
[2024-10-03T23:21:53.179-0400] {processor.py:208} INFO - Processing /home/patrick/.cache/pypoetry/virtualenvs/airflow-wPbgcfzP-py3.10/lib/python3.10/site-packages/airflow/example_dags/example_latest_only_with_trigger.py took 3.132 seconds
[2024-10-03T23:23:58.947-0400] {processor.py:186} INFO - Started process (PID=43494) to work on /home/patrick/.cache/pypoetry/virtualenvs/airflow-wPbgcfzP-py3.10/lib/python3.10/site-packages/airflow/example_dags/example_latest_only_with_trigger.py
[2024-10-03T23:23:58.949-0400] {processor.py:914} INFO - Processing file /home/patrick/.cache/pypoetry/virtualenvs/airflow-wPbgcfzP-py3.10/lib/python3.10/site-packages/airflow/example_dags/example_latest_only_with_trigger.py for tasks to queue
[2024-10-03T23:23:58.951-0400] {logging_mixin.py:190} INFO - [2024-10-03T23:23:58.951-0400] {dagbag.py:588} INFO - Filling up the DagBag from /home/patrick/.cache/pypoetry/virtualenvs/airflow-wPbgcfzP-py3.10/lib/python3.10/site-packages/airflow/example_dags/example_latest_only_with_trigger.py
[2024-10-03T23:23:58.955-0400] {processor.py:925} INFO - DAG(s) 'latest_only_with_trigger' retrieved from /home/patrick/.cache/pypoetry/virtualenvs/airflow-wPbgcfzP-py3.10/lib/python3.10/site-packages/airflow/example_dags/example_latest_only_with_trigger.py
[2024-10-03T23:24:00.759-0400] {logging_mixin.py:190} INFO - [2024-10-03T23:24:00.759-0400] {dag.py:3239} INFO - Sync 1 DAGs
[2024-10-03T23:24:00.974-0400] {logging_mixin.py:190} INFO - [2024-10-03T23:24:00.974-0400] {dag.py:4180} INFO - Setting next_dagrun for latest_only_with_trigger to 2024-10-03 20:00:00+00:00, run_after=2024-10-04 00:00:00+00:00
[2024-10-03T23:24:01.492-0400] {processor.py:208} INFO - Processing /home/patrick/.cache/pypoetry/virtualenvs/airflow-wPbgcfzP-py3.10/lib/python3.10/site-packages/airflow/example_dags/example_latest_only_with_trigger.py took 2.550 seconds
[2024-10-03T23:27:13.291-0400] {processor.py:186} INFO - Started process (PID=44309) to work on /home/patrick/.cache/pypoetry/virtualenvs/airflow-wPbgcfzP-py3.10/lib/python3.10/site-packages/airflow/example_dags/example_latest_only_with_trigger.py
[2024-10-03T23:27:13.292-0400] {processor.py:914} INFO - Processing file /home/patrick/.cache/pypoetry/virtualenvs/airflow-wPbgcfzP-py3.10/lib/python3.10/site-packages/airflow/example_dags/example_latest_only_with_trigger.py for tasks to queue
[2024-10-03T23:27:13.293-0400] {logging_mixin.py:190} INFO - [2024-10-03T23:27:13.293-0400] {dagbag.py:588} INFO - Filling up the DagBag from /home/patrick/.cache/pypoetry/virtualenvs/airflow-wPbgcfzP-py3.10/lib/python3.10/site-packages/airflow/example_dags/example_latest_only_with_trigger.py
[2024-10-03T23:27:13.297-0400] {processor.py:925} INFO - DAG(s) 'latest_only_with_trigger' retrieved from /home/patrick/.cache/pypoetry/virtualenvs/airflow-wPbgcfzP-py3.10/lib/python3.10/site-packages/airflow/example_dags/example_latest_only_with_trigger.py
[2024-10-03T23:27:17.334-0400] {logging_mixin.py:190} INFO - [2024-10-03T23:27:17.333-0400] {dag.py:3239} INFO - Sync 1 DAGs
[2024-10-03T23:27:17.605-0400] {logging_mixin.py:190} INFO - [2024-10-03T23:27:17.605-0400] {dag.py:4180} INFO - Setting next_dagrun for latest_only_with_trigger to 2024-10-03 20:00:00+00:00, run_after=2024-10-04 00:00:00+00:00
[2024-10-03T23:27:18.235-0400] {processor.py:208} INFO - Processing /home/patrick/.cache/pypoetry/virtualenvs/airflow-wPbgcfzP-py3.10/lib/python3.10/site-packages/airflow/example_dags/example_latest_only_with_trigger.py took 4.948 seconds
[2024-10-03T23:29:23.250-0400] {processor.py:186} INFO - Started process (PID=44867) to work on /home/patrick/.cache/pypoetry/virtualenvs/airflow-wPbgcfzP-py3.10/lib/python3.10/site-packages/airflow/example_dags/example_latest_only_with_trigger.py
[2024-10-03T23:29:23.251-0400] {processor.py:914} INFO - Processing file /home/patrick/.cache/pypoetry/virtualenvs/airflow-wPbgcfzP-py3.10/lib/python3.10/site-packages/airflow/example_dags/example_latest_only_with_trigger.py for tasks to queue
[2024-10-03T23:29:23.252-0400] {logging_mixin.py:190} INFO - [2024-10-03T23:29:23.252-0400] {dagbag.py:588} INFO - Filling up the DagBag from /home/patrick/.cache/pypoetry/virtualenvs/airflow-wPbgcfzP-py3.10/lib/python3.10/site-packages/airflow/example_dags/example_latest_only_with_trigger.py
[2024-10-03T23:29:23.257-0400] {processor.py:925} INFO - DAG(s) 'latest_only_with_trigger' retrieved from /home/patrick/.cache/pypoetry/virtualenvs/airflow-wPbgcfzP-py3.10/lib/python3.10/site-packages/airflow/example_dags/example_latest_only_with_trigger.py
[2024-10-03T23:29:30.343-0400] {logging_mixin.py:190} INFO - [2024-10-03T23:29:30.342-0400] {dag.py:3239} INFO - Sync 1 DAGs
[2024-10-03T23:29:30.529-0400] {logging_mixin.py:190} INFO - [2024-10-03T23:29:30.529-0400] {dag.py:4180} INFO - Setting next_dagrun for latest_only_with_trigger to 2024-10-03 20:00:00+00:00, run_after=2024-10-04 00:00:00+00:00
[2024-10-03T23:29:31.202-0400] {processor.py:208} INFO - Processing /home/patrick/.cache/pypoetry/virtualenvs/airflow-wPbgcfzP-py3.10/lib/python3.10/site-packages/airflow/example_dags/example_latest_only_with_trigger.py took 7.956 seconds
[2024-10-03T23:33:37.996-0400] {processor.py:186} INFO - Started process (PID=46014) to work on /home/patrick/.cache/pypoetry/virtualenvs/airflow-wPbgcfzP-py3.10/lib/python3.10/site-packages/airflow/example_dags/example_latest_only_with_trigger.py
[2024-10-03T23:33:37.997-0400] {processor.py:914} INFO - Processing file /home/patrick/.cache/pypoetry/virtualenvs/airflow-wPbgcfzP-py3.10/lib/python3.10/site-packages/airflow/example_dags/example_latest_only_with_trigger.py for tasks to queue
[2024-10-03T23:33:37.999-0400] {logging_mixin.py:190} INFO - [2024-10-03T23:33:37.999-0400] {dagbag.py:588} INFO - Filling up the DagBag from /home/patrick/.cache/pypoetry/virtualenvs/airflow-wPbgcfzP-py3.10/lib/python3.10/site-packages/airflow/example_dags/example_latest_only_with_trigger.py
[2024-10-03T23:33:38.003-0400] {processor.py:925} INFO - DAG(s) 'latest_only_with_trigger' retrieved from /home/patrick/.cache/pypoetry/virtualenvs/airflow-wPbgcfzP-py3.10/lib/python3.10/site-packages/airflow/example_dags/example_latest_only_with_trigger.py
[2024-10-03T23:33:42.831-0400] {logging_mixin.py:190} INFO - [2024-10-03T23:33:42.831-0400] {dag.py:3239} INFO - Sync 1 DAGs
[2024-10-03T23:33:42.996-0400] {logging_mixin.py:190} INFO - [2024-10-03T23:33:42.996-0400] {dag.py:4180} INFO - Setting next_dagrun for latest_only_with_trigger to 2024-10-03 20:00:00+00:00, run_after=2024-10-04 00:00:00+00:00
[2024-10-03T23:33:43.571-0400] {processor.py:208} INFO - Processing /home/patrick/.cache/pypoetry/virtualenvs/airflow-wPbgcfzP-py3.10/lib/python3.10/site-packages/airflow/example_dags/example_latest_only_with_trigger.py took 5.580 seconds
[2024-10-03T23:35:47.654-0400] {processor.py:186} INFO - Started process (PID=46571) to work on /home/patrick/.cache/pypoetry/virtualenvs/airflow-wPbgcfzP-py3.10/lib/python3.10/site-packages/airflow/example_dags/example_latest_only_with_trigger.py
[2024-10-03T23:35:47.655-0400] {processor.py:914} INFO - Processing file /home/patrick/.cache/pypoetry/virtualenvs/airflow-wPbgcfzP-py3.10/lib/python3.10/site-packages/airflow/example_dags/example_latest_only_with_trigger.py for tasks to queue
[2024-10-03T23:35:47.656-0400] {logging_mixin.py:190} INFO - [2024-10-03T23:35:47.656-0400] {dagbag.py:588} INFO - Filling up the DagBag from /home/patrick/.cache/pypoetry/virtualenvs/airflow-wPbgcfzP-py3.10/lib/python3.10/site-packages/airflow/example_dags/example_latest_only_with_trigger.py
[2024-10-03T23:35:47.661-0400] {processor.py:925} INFO - DAG(s) 'latest_only_with_trigger' retrieved from /home/patrick/.cache/pypoetry/virtualenvs/airflow-wPbgcfzP-py3.10/lib/python3.10/site-packages/airflow/example_dags/example_latest_only_with_trigger.py
[2024-10-03T23:35:50.036-0400] {logging_mixin.py:190} INFO - [2024-10-03T23:35:50.036-0400] {dag.py:3239} INFO - Sync 1 DAGs
[2024-10-03T23:35:50.319-0400] {logging_mixin.py:190} INFO - [2024-10-03T23:35:50.319-0400] {dag.py:4180} INFO - Setting next_dagrun for latest_only_with_trigger to 2024-10-03 20:00:00+00:00, run_after=2024-10-04 00:00:00+00:00
[2024-10-03T23:35:51.047-0400] {processor.py:208} INFO - Processing /home/patrick/.cache/pypoetry/virtualenvs/airflow-wPbgcfzP-py3.10/lib/python3.10/site-packages/airflow/example_dags/example_latest_only_with_trigger.py took 3.396 seconds
[2024-10-03T23:38:35.264-0400] {processor.py:186} INFO - Started process (PID=47281) to work on /home/patrick/.cache/pypoetry/virtualenvs/airflow-wPbgcfzP-py3.10/lib/python3.10/site-packages/airflow/example_dags/example_latest_only_with_trigger.py
[2024-10-03T23:38:35.265-0400] {processor.py:914} INFO - Processing file /home/patrick/.cache/pypoetry/virtualenvs/airflow-wPbgcfzP-py3.10/lib/python3.10/site-packages/airflow/example_dags/example_latest_only_with_trigger.py for tasks to queue
[2024-10-03T23:38:35.270-0400] {logging_mixin.py:190} INFO - [2024-10-03T23:38:35.270-0400] {dagbag.py:588} INFO - Filling up the DagBag from /home/patrick/.cache/pypoetry/virtualenvs/airflow-wPbgcfzP-py3.10/lib/python3.10/site-packages/airflow/example_dags/example_latest_only_with_trigger.py
[2024-10-03T23:38:35.275-0400] {processor.py:925} INFO - DAG(s) 'latest_only_with_trigger' retrieved from /home/patrick/.cache/pypoetry/virtualenvs/airflow-wPbgcfzP-py3.10/lib/python3.10/site-packages/airflow/example_dags/example_latest_only_with_trigger.py
[2024-10-03T23:38:37.517-0400] {logging_mixin.py:190} INFO - [2024-10-03T23:38:37.517-0400] {dag.py:3239} INFO - Sync 1 DAGs
[2024-10-03T23:38:37.664-0400] {logging_mixin.py:190} INFO - [2024-10-03T23:38:37.664-0400] {dag.py:4180} INFO - Setting next_dagrun for latest_only_with_trigger to 2024-10-03 20:00:00+00:00, run_after=2024-10-04 00:00:00+00:00
[2024-10-03T23:38:38.266-0400] {processor.py:208} INFO - Processing /home/patrick/.cache/pypoetry/virtualenvs/airflow-wPbgcfzP-py3.10/lib/python3.10/site-packages/airflow/example_dags/example_latest_only_with_trigger.py took 3.006 seconds
[2024-10-03T23:40:21.519-0400] {processor.py:186} INFO - Started process (PID=47749) to work on /home/patrick/.cache/pypoetry/virtualenvs/airflow-wPbgcfzP-py3.10/lib/python3.10/site-packages/airflow/example_dags/example_latest_only_with_trigger.py
[2024-10-03T23:40:21.521-0400] {processor.py:914} INFO - Processing file /home/patrick/.cache/pypoetry/virtualenvs/airflow-wPbgcfzP-py3.10/lib/python3.10/site-packages/airflow/example_dags/example_latest_only_with_trigger.py for tasks to queue
[2024-10-03T23:40:21.522-0400] {logging_mixin.py:190} INFO - [2024-10-03T23:40:21.522-0400] {dagbag.py:588} INFO - Filling up the DagBag from /home/patrick/.cache/pypoetry/virtualenvs/airflow-wPbgcfzP-py3.10/lib/python3.10/site-packages/airflow/example_dags/example_latest_only_with_trigger.py
[2024-10-03T23:40:21.527-0400] {processor.py:925} INFO - DAG(s) 'latest_only_with_trigger' retrieved from /home/patrick/.cache/pypoetry/virtualenvs/airflow-wPbgcfzP-py3.10/lib/python3.10/site-packages/airflow/example_dags/example_latest_only_with_trigger.py
[2024-10-03T23:40:31.357-0400] {logging_mixin.py:190} INFO - [2024-10-03T23:40:31.357-0400] {dag.py:3239} INFO - Sync 1 DAGs
[2024-10-03T23:40:31.630-0400] {logging_mixin.py:190} INFO - [2024-10-03T23:40:31.630-0400] {dag.py:4180} INFO - Setting next_dagrun for latest_only_with_trigger to 2024-10-03 20:00:00+00:00, run_after=2024-10-04 00:00:00+00:00
[2024-10-03T23:40:32.271-0400] {processor.py:208} INFO - Processing /home/patrick/.cache/pypoetry/virtualenvs/airflow-wPbgcfzP-py3.10/lib/python3.10/site-packages/airflow/example_dags/example_latest_only_with_trigger.py took 10.756 seconds
[2024-10-03T23:44:31.788-0400] {processor.py:186} INFO - Started process (PID=48827) to work on /home/patrick/.cache/pypoetry/virtualenvs/airflow-wPbgcfzP-py3.10/lib/python3.10/site-packages/airflow/example_dags/example_latest_only_with_trigger.py
[2024-10-03T23:44:31.789-0400] {processor.py:914} INFO - Processing file /home/patrick/.cache/pypoetry/virtualenvs/airflow-wPbgcfzP-py3.10/lib/python3.10/site-packages/airflow/example_dags/example_latest_only_with_trigger.py for tasks to queue
[2024-10-03T23:44:31.791-0400] {logging_mixin.py:190} INFO - [2024-10-03T23:44:31.791-0400] {dagbag.py:588} INFO - Filling up the DagBag from /home/patrick/.cache/pypoetry/virtualenvs/airflow-wPbgcfzP-py3.10/lib/python3.10/site-packages/airflow/example_dags/example_latest_only_with_trigger.py
[2024-10-03T23:44:31.796-0400] {processor.py:925} INFO - DAG(s) 'latest_only_with_trigger' retrieved from /home/patrick/.cache/pypoetry/virtualenvs/airflow-wPbgcfzP-py3.10/lib/python3.10/site-packages/airflow/example_dags/example_latest_only_with_trigger.py
[2024-10-03T23:44:34.996-0400] {logging_mixin.py:190} INFO - [2024-10-03T23:44:34.996-0400] {dag.py:3239} INFO - Sync 1 DAGs
[2024-10-03T23:44:35.151-0400] {logging_mixin.py:190} INFO - [2024-10-03T23:44:35.150-0400] {dag.py:4180} INFO - Setting next_dagrun for latest_only_with_trigger to 2024-10-03 20:00:00+00:00, run_after=2024-10-04 00:00:00+00:00
[2024-10-03T23:44:35.668-0400] {processor.py:208} INFO - Processing /home/patrick/.cache/pypoetry/virtualenvs/airflow-wPbgcfzP-py3.10/lib/python3.10/site-packages/airflow/example_dags/example_latest_only_with_trigger.py took 3.883 seconds
[2024-10-03T23:46:43.087-0400] {processor.py:186} INFO - Started process (PID=49394) to work on /home/patrick/.cache/pypoetry/virtualenvs/airflow-wPbgcfzP-py3.10/lib/python3.10/site-packages/airflow/example_dags/example_latest_only_with_trigger.py
[2024-10-03T23:46:43.090-0400] {processor.py:914} INFO - Processing file /home/patrick/.cache/pypoetry/virtualenvs/airflow-wPbgcfzP-py3.10/lib/python3.10/site-packages/airflow/example_dags/example_latest_only_with_trigger.py for tasks to queue
[2024-10-03T23:46:43.092-0400] {logging_mixin.py:190} INFO - [2024-10-03T23:46:43.092-0400] {dagbag.py:588} INFO - Filling up the DagBag from /home/patrick/.cache/pypoetry/virtualenvs/airflow-wPbgcfzP-py3.10/lib/python3.10/site-packages/airflow/example_dags/example_latest_only_with_trigger.py
[2024-10-03T23:46:43.097-0400] {processor.py:925} INFO - DAG(s) 'latest_only_with_trigger' retrieved from /home/patrick/.cache/pypoetry/virtualenvs/airflow-wPbgcfzP-py3.10/lib/python3.10/site-packages/airflow/example_dags/example_latest_only_with_trigger.py
[2024-10-03T23:46:45.942-0400] {logging_mixin.py:190} INFO - [2024-10-03T23:46:45.942-0400] {dag.py:3239} INFO - Sync 1 DAGs
[2024-10-03T23:46:46.121-0400] {logging_mixin.py:190} INFO - [2024-10-03T23:46:46.121-0400] {dag.py:4180} INFO - Setting next_dagrun for latest_only_with_trigger to 2024-10-03 20:00:00+00:00, run_after=2024-10-04 00:00:00+00:00
[2024-10-03T23:46:46.856-0400] {processor.py:208} INFO - Processing /home/patrick/.cache/pypoetry/virtualenvs/airflow-wPbgcfzP-py3.10/lib/python3.10/site-packages/airflow/example_dags/example_latest_only_with_trigger.py took 3.773 seconds
[2024-10-03T23:50:53.989-0400] {processor.py:186} INFO - Started process (PID=50469) to work on /home/patrick/.cache/pypoetry/virtualenvs/airflow-wPbgcfzP-py3.10/lib/python3.10/site-packages/airflow/example_dags/example_latest_only_with_trigger.py
[2024-10-03T23:50:53.991-0400] {processor.py:914} INFO - Processing file /home/patrick/.cache/pypoetry/virtualenvs/airflow-wPbgcfzP-py3.10/lib/python3.10/site-packages/airflow/example_dags/example_latest_only_with_trigger.py for tasks to queue
[2024-10-03T23:50:53.993-0400] {logging_mixin.py:190} INFO - [2024-10-03T23:50:53.992-0400] {dagbag.py:588} INFO - Filling up the DagBag from /home/patrick/.cache/pypoetry/virtualenvs/airflow-wPbgcfzP-py3.10/lib/python3.10/site-packages/airflow/example_dags/example_latest_only_with_trigger.py
[2024-10-03T23:50:53.999-0400] {processor.py:925} INFO - DAG(s) 'latest_only_with_trigger' retrieved from /home/patrick/.cache/pypoetry/virtualenvs/airflow-wPbgcfzP-py3.10/lib/python3.10/site-packages/airflow/example_dags/example_latest_only_with_trigger.py
[2024-10-03T23:50:58.362-0400] {logging_mixin.py:190} INFO - [2024-10-03T23:50:58.362-0400] {dag.py:3239} INFO - Sync 1 DAGs
[2024-10-03T23:50:58.743-0400] {logging_mixin.py:190} INFO - [2024-10-03T23:50:58.743-0400] {dag.py:4180} INFO - Setting next_dagrun for latest_only_with_trigger to 2024-10-03 20:00:00+00:00, run_after=2024-10-04 00:00:00+00:00
[2024-10-03T23:50:59.386-0400] {processor.py:208} INFO - Processing /home/patrick/.cache/pypoetry/virtualenvs/airflow-wPbgcfzP-py3.10/lib/python3.10/site-packages/airflow/example_dags/example_latest_only_with_trigger.py took 5.401 seconds
[2024-10-03T23:55:20.583-0400] {processor.py:186} INFO - Started process (PID=51610) to work on /home/patrick/.cache/pypoetry/virtualenvs/airflow-wPbgcfzP-py3.10/lib/python3.10/site-packages/airflow/example_dags/example_latest_only_with_trigger.py
[2024-10-03T23:55:20.584-0400] {processor.py:914} INFO - Processing file /home/patrick/.cache/pypoetry/virtualenvs/airflow-wPbgcfzP-py3.10/lib/python3.10/site-packages/airflow/example_dags/example_latest_only_with_trigger.py for tasks to queue
[2024-10-03T23:55:20.586-0400] {logging_mixin.py:190} INFO - [2024-10-03T23:55:20.586-0400] {dagbag.py:588} INFO - Filling up the DagBag from /home/patrick/.cache/pypoetry/virtualenvs/airflow-wPbgcfzP-py3.10/lib/python3.10/site-packages/airflow/example_dags/example_latest_only_with_trigger.py
[2024-10-03T23:55:20.592-0400] {processor.py:925} INFO - DAG(s) 'latest_only_with_trigger' retrieved from /home/patrick/.cache/pypoetry/virtualenvs/airflow-wPbgcfzP-py3.10/lib/python3.10/site-packages/airflow/example_dags/example_latest_only_with_trigger.py
[2024-10-03T23:55:21.937-0400] {logging_mixin.py:190} INFO - [2024-10-03T23:55:21.936-0400] {dag.py:3239} INFO - Sync 1 DAGs
[2024-10-03T23:55:22.142-0400] {logging_mixin.py:190} INFO - [2024-10-03T23:55:22.142-0400] {dag.py:4180} INFO - Setting next_dagrun for latest_only_with_trigger to 2024-10-03 20:00:00+00:00, run_after=2024-10-04 00:00:00+00:00
[2024-10-03T23:55:22.708-0400] {processor.py:208} INFO - Processing /home/patrick/.cache/pypoetry/virtualenvs/airflow-wPbgcfzP-py3.10/lib/python3.10/site-packages/airflow/example_dags/example_latest_only_with_trigger.py took 2.130 seconds
[2024-10-03T23:58:58.408-0400] {processor.py:186} INFO - Started process (PID=52556) to work on /home/patrick/.cache/pypoetry/virtualenvs/airflow-wPbgcfzP-py3.10/lib/python3.10/site-packages/airflow/example_dags/example_latest_only_with_trigger.py
[2024-10-03T23:58:58.409-0400] {processor.py:914} INFO - Processing file /home/patrick/.cache/pypoetry/virtualenvs/airflow-wPbgcfzP-py3.10/lib/python3.10/site-packages/airflow/example_dags/example_latest_only_with_trigger.py for tasks to queue
[2024-10-03T23:58:58.411-0400] {logging_mixin.py:190} INFO - [2024-10-03T23:58:58.411-0400] {dagbag.py:588} INFO - Filling up the DagBag from /home/patrick/.cache/pypoetry/virtualenvs/airflow-wPbgcfzP-py3.10/lib/python3.10/site-packages/airflow/example_dags/example_latest_only_with_trigger.py
[2024-10-03T23:58:58.415-0400] {processor.py:925} INFO - DAG(s) 'latest_only_with_trigger' retrieved from /home/patrick/.cache/pypoetry/virtualenvs/airflow-wPbgcfzP-py3.10/lib/python3.10/site-packages/airflow/example_dags/example_latest_only_with_trigger.py
[2024-10-03T23:59:01.622-0400] {logging_mixin.py:190} INFO - [2024-10-03T23:59:01.622-0400] {dag.py:3239} INFO - Sync 1 DAGs
[2024-10-03T23:59:01.976-0400] {logging_mixin.py:190} INFO - [2024-10-03T23:59:01.976-0400] {dag.py:4180} INFO - Setting next_dagrun for latest_only_with_trigger to 2024-10-03 20:00:00+00:00, run_after=2024-10-04 00:00:00+00:00
[2024-10-03T23:59:02.873-0400] {processor.py:208} INFO - Processing /home/patrick/.cache/pypoetry/virtualenvs/airflow-wPbgcfzP-py3.10/lib/python3.10/site-packages/airflow/example_dags/example_latest_only_with_trigger.py took 4.470 seconds
[2024-10-04T00:03:36.439-0400] {processor.py:186} INFO - Started process (PID=53802) to work on /home/patrick/.cache/pypoetry/virtualenvs/airflow-wPbgcfzP-py3.10/lib/python3.10/site-packages/airflow/example_dags/example_latest_only_with_trigger.py
[2024-10-04T00:03:36.441-0400] {processor.py:914} INFO - Processing file /home/patrick/.cache/pypoetry/virtualenvs/airflow-wPbgcfzP-py3.10/lib/python3.10/site-packages/airflow/example_dags/example_latest_only_with_trigger.py for tasks to queue
[2024-10-04T00:03:36.443-0400] {logging_mixin.py:190} INFO - [2024-10-04T00:03:36.442-0400] {dagbag.py:588} INFO - Filling up the DagBag from /home/patrick/.cache/pypoetry/virtualenvs/airflow-wPbgcfzP-py3.10/lib/python3.10/site-packages/airflow/example_dags/example_latest_only_with_trigger.py
[2024-10-04T00:03:36.448-0400] {processor.py:925} INFO - DAG(s) 'latest_only_with_trigger' retrieved from /home/patrick/.cache/pypoetry/virtualenvs/airflow-wPbgcfzP-py3.10/lib/python3.10/site-packages/airflow/example_dags/example_latest_only_with_trigger.py
[2024-10-04T00:03:38.700-0400] {logging_mixin.py:190} INFO - [2024-10-04T00:03:38.700-0400] {dag.py:3239} INFO - Sync 1 DAGs
[2024-10-04T00:03:38.867-0400] {logging_mixin.py:190} INFO - [2024-10-04T00:03:38.867-0400] {dag.py:4180} INFO - Setting next_dagrun for latest_only_with_trigger to 2024-10-04 00:00:00+00:00, run_after=2024-10-04 04:00:00+00:00
[2024-10-04T00:03:39.555-0400] {processor.py:208} INFO - Processing /home/patrick/.cache/pypoetry/virtualenvs/airflow-wPbgcfzP-py3.10/lib/python3.10/site-packages/airflow/example_dags/example_latest_only_with_trigger.py took 3.120 seconds
