[2024-10-03T20:46:50.569-0400] {processor.py:186} INFO - Started process (PID=1590) to work on /home/patrick/.cache/pypoetry/virtualenvs/airflow-wPbgcfzP-py3.10/lib/python3.10/site-packages/airflow/example_dags/example_branch_labels.py
[2024-10-03T20:46:50.570-0400] {processor.py:914} INFO - Processing file /home/patrick/.cache/pypoetry/virtualenvs/airflow-wPbgcfzP-py3.10/lib/python3.10/site-packages/airflow/example_dags/example_branch_labels.py for tasks to queue
[2024-10-03T20:46:50.571-0400] {logging_mixin.py:190} INFO - [2024-10-03T20:46:50.571-0400] {dagbag.py:588} INFO - Filling up the DagBag from /home/patrick/.cache/pypoetry/virtualenvs/airflow-wPbgcfzP-py3.10/lib/python3.10/site-packages/airflow/example_dags/example_branch_labels.py
[2024-10-03T20:46:50.580-0400] {processor.py:925} INFO - DAG(s) 'example_branch_labels' retrieved from /home/patrick/.cache/pypoetry/virtualenvs/airflow-wPbgcfzP-py3.10/lib/python3.10/site-packages/airflow/example_dags/example_branch_labels.py
[2024-10-03T20:46:53.149-0400] {logging_mixin.py:190} INFO - [2024-10-03T20:46:53.148-0400] {dag.py:3239} INFO - Sync 1 DAGs
[2024-10-03T20:46:53.530-0400] {logging_mixin.py:190} INFO - [2024-10-03T20:46:53.530-0400] {dag.py:4180} INFO - Setting next_dagrun for example_branch_labels to 2024-10-03 00:00:00+00:00, run_after=2024-10-04 00:00:00+00:00
[2024-10-03T20:46:54.397-0400] {processor.py:208} INFO - Processing /home/patrick/.cache/pypoetry/virtualenvs/airflow-wPbgcfzP-py3.10/lib/python3.10/site-packages/airflow/example_dags/example_branch_labels.py took 3.832 seconds
[2024-10-03T21:00:20.354-0400] {processor.py:186} INFO - Started process (PID=5014) to work on /home/patrick/.cache/pypoetry/virtualenvs/airflow-wPbgcfzP-py3.10/lib/python3.10/site-packages/airflow/example_dags/example_branch_labels.py
[2024-10-03T21:00:20.355-0400] {processor.py:914} INFO - Processing file /home/patrick/.cache/pypoetry/virtualenvs/airflow-wPbgcfzP-py3.10/lib/python3.10/site-packages/airflow/example_dags/example_branch_labels.py for tasks to queue
[2024-10-03T21:00:20.356-0400] {logging_mixin.py:190} INFO - [2024-10-03T21:00:20.356-0400] {dagbag.py:588} INFO - Filling up the DagBag from /home/patrick/.cache/pypoetry/virtualenvs/airflow-wPbgcfzP-py3.10/lib/python3.10/site-packages/airflow/example_dags/example_branch_labels.py
[2024-10-03T21:00:20.363-0400] {processor.py:925} INFO - DAG(s) 'example_branch_labels' retrieved from /home/patrick/.cache/pypoetry/virtualenvs/airflow-wPbgcfzP-py3.10/lib/python3.10/site-packages/airflow/example_dags/example_branch_labels.py
[2024-10-03T21:00:36.369-0400] {logging_mixin.py:190} INFO - [2024-10-03T21:00:36.368-0400] {dag.py:3239} INFO - Sync 1 DAGs
[2024-10-03T21:00:37.410-0400] {logging_mixin.py:190} INFO - [2024-10-03T21:00:37.409-0400] {dag.py:4180} INFO - Setting next_dagrun for example_branch_labels to 2024-10-03 00:00:00+00:00, run_after=2024-10-04 00:00:00+00:00
[2024-10-03T21:00:40.319-0400] {processor.py:208} INFO - Processing /home/patrick/.cache/pypoetry/virtualenvs/airflow-wPbgcfzP-py3.10/lib/python3.10/site-packages/airflow/example_dags/example_branch_labels.py took 19.969 seconds
[2024-10-03T21:03:59.259-0400] {processor.py:186} INFO - Started process (PID=5934) to work on /home/patrick/.cache/pypoetry/virtualenvs/airflow-wPbgcfzP-py3.10/lib/python3.10/site-packages/airflow/example_dags/example_branch_labels.py
[2024-10-03T21:03:59.260-0400] {processor.py:914} INFO - Processing file /home/patrick/.cache/pypoetry/virtualenvs/airflow-wPbgcfzP-py3.10/lib/python3.10/site-packages/airflow/example_dags/example_branch_labels.py for tasks to queue
[2024-10-03T21:03:59.261-0400] {logging_mixin.py:190} INFO - [2024-10-03T21:03:59.261-0400] {dagbag.py:588} INFO - Filling up the DagBag from /home/patrick/.cache/pypoetry/virtualenvs/airflow-wPbgcfzP-py3.10/lib/python3.10/site-packages/airflow/example_dags/example_branch_labels.py
[2024-10-03T21:03:59.266-0400] {processor.py:925} INFO - DAG(s) 'example_branch_labels' retrieved from /home/patrick/.cache/pypoetry/virtualenvs/airflow-wPbgcfzP-py3.10/lib/python3.10/site-packages/airflow/example_dags/example_branch_labels.py
[2024-10-03T21:04:01.807-0400] {logging_mixin.py:190} INFO - [2024-10-03T21:04:01.806-0400] {dag.py:3239} INFO - Sync 1 DAGs
[2024-10-03T21:04:02.041-0400] {logging_mixin.py:190} INFO - [2024-10-03T21:04:02.041-0400] {dag.py:4180} INFO - Setting next_dagrun for example_branch_labels to 2024-10-03 00:00:00+00:00, run_after=2024-10-04 00:00:00+00:00
[2024-10-03T21:04:02.679-0400] {processor.py:208} INFO - Processing /home/patrick/.cache/pypoetry/virtualenvs/airflow-wPbgcfzP-py3.10/lib/python3.10/site-packages/airflow/example_dags/example_branch_labels.py took 3.423 seconds
[2024-10-03T21:05:57.716-0400] {processor.py:186} INFO - Started process (PID=6451) to work on /home/patrick/.cache/pypoetry/virtualenvs/airflow-wPbgcfzP-py3.10/lib/python3.10/site-packages/airflow/example_dags/example_branch_labels.py
[2024-10-03T21:05:57.717-0400] {processor.py:914} INFO - Processing file /home/patrick/.cache/pypoetry/virtualenvs/airflow-wPbgcfzP-py3.10/lib/python3.10/site-packages/airflow/example_dags/example_branch_labels.py for tasks to queue
[2024-10-03T21:05:57.718-0400] {logging_mixin.py:190} INFO - [2024-10-03T21:05:57.718-0400] {dagbag.py:588} INFO - Filling up the DagBag from /home/patrick/.cache/pypoetry/virtualenvs/airflow-wPbgcfzP-py3.10/lib/python3.10/site-packages/airflow/example_dags/example_branch_labels.py
[2024-10-03T21:05:57.724-0400] {processor.py:925} INFO - DAG(s) 'example_branch_labels' retrieved from /home/patrick/.cache/pypoetry/virtualenvs/airflow-wPbgcfzP-py3.10/lib/python3.10/site-packages/airflow/example_dags/example_branch_labels.py
[2024-10-03T21:06:01.167-0400] {logging_mixin.py:190} INFO - [2024-10-03T21:06:01.167-0400] {dag.py:3239} INFO - Sync 1 DAGs
[2024-10-03T21:06:01.550-0400] {logging_mixin.py:190} INFO - [2024-10-03T21:06:01.550-0400] {dag.py:4180} INFO - Setting next_dagrun for example_branch_labels to 2024-10-03 00:00:00+00:00, run_after=2024-10-04 00:00:00+00:00
[2024-10-03T21:06:02.333-0400] {processor.py:208} INFO - Processing /home/patrick/.cache/pypoetry/virtualenvs/airflow-wPbgcfzP-py3.10/lib/python3.10/site-packages/airflow/example_dags/example_branch_labels.py took 4.620 seconds
[2024-10-03T21:08:25.253-0400] {processor.py:186} INFO - Started process (PID=7081) to work on /home/patrick/.cache/pypoetry/virtualenvs/airflow-wPbgcfzP-py3.10/lib/python3.10/site-packages/airflow/example_dags/example_branch_labels.py
[2024-10-03T21:08:25.254-0400] {processor.py:914} INFO - Processing file /home/patrick/.cache/pypoetry/virtualenvs/airflow-wPbgcfzP-py3.10/lib/python3.10/site-packages/airflow/example_dags/example_branch_labels.py for tasks to queue
[2024-10-03T21:08:25.255-0400] {logging_mixin.py:190} INFO - [2024-10-03T21:08:25.255-0400] {dagbag.py:588} INFO - Filling up the DagBag from /home/patrick/.cache/pypoetry/virtualenvs/airflow-wPbgcfzP-py3.10/lib/python3.10/site-packages/airflow/example_dags/example_branch_labels.py
[2024-10-03T21:08:25.262-0400] {processor.py:925} INFO - DAG(s) 'example_branch_labels' retrieved from /home/patrick/.cache/pypoetry/virtualenvs/airflow-wPbgcfzP-py3.10/lib/python3.10/site-packages/airflow/example_dags/example_branch_labels.py
[2024-10-03T21:08:30.072-0400] {logging_mixin.py:190} INFO - [2024-10-03T21:08:30.071-0400] {dag.py:3239} INFO - Sync 1 DAGs
[2024-10-03T21:08:30.412-0400] {logging_mixin.py:190} INFO - [2024-10-03T21:08:30.412-0400] {dag.py:4180} INFO - Setting next_dagrun for example_branch_labels to 2024-10-03 00:00:00+00:00, run_after=2024-10-04 00:00:00+00:00
[2024-10-03T21:08:31.113-0400] {processor.py:208} INFO - Processing /home/patrick/.cache/pypoetry/virtualenvs/airflow-wPbgcfzP-py3.10/lib/python3.10/site-packages/airflow/example_dags/example_branch_labels.py took 5.863 seconds
[2024-10-03T21:14:33.594-0400] {processor.py:186} INFO - Started process (PID=8734) to work on /home/patrick/.cache/pypoetry/virtualenvs/airflow-wPbgcfzP-py3.10/lib/python3.10/site-packages/airflow/example_dags/example_branch_labels.py
[2024-10-03T21:14:33.595-0400] {processor.py:914} INFO - Processing file /home/patrick/.cache/pypoetry/virtualenvs/airflow-wPbgcfzP-py3.10/lib/python3.10/site-packages/airflow/example_dags/example_branch_labels.py for tasks to queue
[2024-10-03T21:14:33.596-0400] {logging_mixin.py:190} INFO - [2024-10-03T21:14:33.596-0400] {dagbag.py:588} INFO - Filling up the DagBag from /home/patrick/.cache/pypoetry/virtualenvs/airflow-wPbgcfzP-py3.10/lib/python3.10/site-packages/airflow/example_dags/example_branch_labels.py
[2024-10-03T21:14:33.602-0400] {processor.py:925} INFO - DAG(s) 'example_branch_labels' retrieved from /home/patrick/.cache/pypoetry/virtualenvs/airflow-wPbgcfzP-py3.10/lib/python3.10/site-packages/airflow/example_dags/example_branch_labels.py
[2024-10-03T21:14:39.805-0400] {logging_mixin.py:190} INFO - [2024-10-03T21:14:39.805-0400] {process_utils.py:266} INFO - Waiting up to 5 seconds for processes to exit...
[2024-10-03T21:17:17.750-0400] {processor.py:186} INFO - Started process (PID=9529) to work on /home/patrick/.cache/pypoetry/virtualenvs/airflow-wPbgcfzP-py3.10/lib/python3.10/site-packages/airflow/example_dags/example_branch_labels.py
[2024-10-03T21:17:17.751-0400] {processor.py:914} INFO - Processing file /home/patrick/.cache/pypoetry/virtualenvs/airflow-wPbgcfzP-py3.10/lib/python3.10/site-packages/airflow/example_dags/example_branch_labels.py for tasks to queue
[2024-10-03T21:17:17.752-0400] {logging_mixin.py:190} INFO - [2024-10-03T21:17:17.752-0400] {dagbag.py:588} INFO - Filling up the DagBag from /home/patrick/.cache/pypoetry/virtualenvs/airflow-wPbgcfzP-py3.10/lib/python3.10/site-packages/airflow/example_dags/example_branch_labels.py
[2024-10-03T21:17:17.758-0400] {processor.py:925} INFO - DAG(s) 'example_branch_labels' retrieved from /home/patrick/.cache/pypoetry/virtualenvs/airflow-wPbgcfzP-py3.10/lib/python3.10/site-packages/airflow/example_dags/example_branch_labels.py
[2024-10-03T21:17:20.388-0400] {logging_mixin.py:190} INFO - [2024-10-03T21:17:20.388-0400] {dag.py:3239} INFO - Sync 1 DAGs
[2024-10-03T21:17:20.573-0400] {logging_mixin.py:190} INFO - [2024-10-03T21:17:20.573-0400] {dag.py:4180} INFO - Setting next_dagrun for example_branch_labels to 2024-10-03 00:00:00+00:00, run_after=2024-10-04 00:00:00+00:00
[2024-10-03T21:17:21.134-0400] {processor.py:208} INFO - Processing /home/patrick/.cache/pypoetry/virtualenvs/airflow-wPbgcfzP-py3.10/lib/python3.10/site-packages/airflow/example_dags/example_branch_labels.py took 3.388 seconds
[2024-10-03T21:21:44.410-0400] {processor.py:186} INFO - Started process (PID=10730) to work on /home/patrick/.cache/pypoetry/virtualenvs/airflow-wPbgcfzP-py3.10/lib/python3.10/site-packages/airflow/example_dags/example_branch_labels.py
[2024-10-03T21:21:44.411-0400] {processor.py:914} INFO - Processing file /home/patrick/.cache/pypoetry/virtualenvs/airflow-wPbgcfzP-py3.10/lib/python3.10/site-packages/airflow/example_dags/example_branch_labels.py for tasks to queue
[2024-10-03T21:21:44.413-0400] {logging_mixin.py:190} INFO - [2024-10-03T21:21:44.413-0400] {dagbag.py:588} INFO - Filling up the DagBag from /home/patrick/.cache/pypoetry/virtualenvs/airflow-wPbgcfzP-py3.10/lib/python3.10/site-packages/airflow/example_dags/example_branch_labels.py
[2024-10-03T21:21:44.419-0400] {processor.py:925} INFO - DAG(s) 'example_branch_labels' retrieved from /home/patrick/.cache/pypoetry/virtualenvs/airflow-wPbgcfzP-py3.10/lib/python3.10/site-packages/airflow/example_dags/example_branch_labels.py
[2024-10-03T21:21:46.288-0400] {logging_mixin.py:190} INFO - [2024-10-03T21:21:46.288-0400] {dag.py:3239} INFO - Sync 1 DAGs
[2024-10-03T21:21:46.510-0400] {logging_mixin.py:190} INFO - [2024-10-03T21:21:46.510-0400] {dag.py:4180} INFO - Setting next_dagrun for example_branch_labels to 2024-10-03 00:00:00+00:00, run_after=2024-10-04 00:00:00+00:00
[2024-10-03T21:21:47.151-0400] {processor.py:208} INFO - Processing /home/patrick/.cache/pypoetry/virtualenvs/airflow-wPbgcfzP-py3.10/lib/python3.10/site-packages/airflow/example_dags/example_branch_labels.py took 2.744 seconds
[2024-10-03T21:24:29.523-0400] {processor.py:186} INFO - Started process (PID=11440) to work on /home/patrick/.cache/pypoetry/virtualenvs/airflow-wPbgcfzP-py3.10/lib/python3.10/site-packages/airflow/example_dags/example_branch_labels.py
[2024-10-03T21:24:29.524-0400] {processor.py:914} INFO - Processing file /home/patrick/.cache/pypoetry/virtualenvs/airflow-wPbgcfzP-py3.10/lib/python3.10/site-packages/airflow/example_dags/example_branch_labels.py for tasks to queue
[2024-10-03T21:24:29.526-0400] {logging_mixin.py:190} INFO - [2024-10-03T21:24:29.526-0400] {dagbag.py:588} INFO - Filling up the DagBag from /home/patrick/.cache/pypoetry/virtualenvs/airflow-wPbgcfzP-py3.10/lib/python3.10/site-packages/airflow/example_dags/example_branch_labels.py
[2024-10-03T21:24:29.531-0400] {processor.py:925} INFO - DAG(s) 'example_branch_labels' retrieved from /home/patrick/.cache/pypoetry/virtualenvs/airflow-wPbgcfzP-py3.10/lib/python3.10/site-packages/airflow/example_dags/example_branch_labels.py
[2024-10-03T21:24:35.790-0400] {logging_mixin.py:190} INFO - [2024-10-03T21:24:35.789-0400] {dag.py:3239} INFO - Sync 1 DAGs
[2024-10-03T21:24:35.997-0400] {logging_mixin.py:190} INFO - [2024-10-03T21:24:35.996-0400] {dag.py:4180} INFO - Setting next_dagrun for example_branch_labels to 2024-10-03 00:00:00+00:00, run_after=2024-10-04 00:00:00+00:00
[2024-10-03T21:24:36.656-0400] {processor.py:208} INFO - Processing /home/patrick/.cache/pypoetry/virtualenvs/airflow-wPbgcfzP-py3.10/lib/python3.10/site-packages/airflow/example_dags/example_branch_labels.py took 7.137 seconds
[2024-10-03T21:29:34.253-0400] {processor.py:186} INFO - Started process (PID=12827) to work on /home/patrick/.cache/pypoetry/virtualenvs/airflow-wPbgcfzP-py3.10/lib/python3.10/site-packages/airflow/example_dags/example_branch_labels.py
[2024-10-03T21:29:34.254-0400] {processor.py:914} INFO - Processing file /home/patrick/.cache/pypoetry/virtualenvs/airflow-wPbgcfzP-py3.10/lib/python3.10/site-packages/airflow/example_dags/example_branch_labels.py for tasks to queue
[2024-10-03T21:29:34.256-0400] {logging_mixin.py:190} INFO - [2024-10-03T21:29:34.256-0400] {dagbag.py:588} INFO - Filling up the DagBag from /home/patrick/.cache/pypoetry/virtualenvs/airflow-wPbgcfzP-py3.10/lib/python3.10/site-packages/airflow/example_dags/example_branch_labels.py
[2024-10-03T21:29:34.263-0400] {processor.py:925} INFO - DAG(s) 'example_branch_labels' retrieved from /home/patrick/.cache/pypoetry/virtualenvs/airflow-wPbgcfzP-py3.10/lib/python3.10/site-packages/airflow/example_dags/example_branch_labels.py
[2024-10-03T21:29:38.292-0400] {logging_mixin.py:190} INFO - [2024-10-03T21:29:38.292-0400] {dag.py:3239} INFO - Sync 1 DAGs
[2024-10-03T21:29:38.469-0400] {logging_mixin.py:190} INFO - [2024-10-03T21:29:38.468-0400] {dag.py:4180} INFO - Setting next_dagrun for example_branch_labels to 2024-10-03 00:00:00+00:00, run_after=2024-10-04 00:00:00+00:00
[2024-10-03T21:29:39.245-0400] {processor.py:208} INFO - Processing /home/patrick/.cache/pypoetry/virtualenvs/airflow-wPbgcfzP-py3.10/lib/python3.10/site-packages/airflow/example_dags/example_branch_labels.py took 4.996 seconds
[2024-10-03T21:33:18.706-0400] {processor.py:186} INFO - Started process (PID=13775) to work on /home/patrick/.cache/pypoetry/virtualenvs/airflow-wPbgcfzP-py3.10/lib/python3.10/site-packages/airflow/example_dags/example_branch_labels.py
[2024-10-03T21:33:18.707-0400] {processor.py:914} INFO - Processing file /home/patrick/.cache/pypoetry/virtualenvs/airflow-wPbgcfzP-py3.10/lib/python3.10/site-packages/airflow/example_dags/example_branch_labels.py for tasks to queue
[2024-10-03T21:33:18.708-0400] {logging_mixin.py:190} INFO - [2024-10-03T21:33:18.708-0400] {dagbag.py:588} INFO - Filling up the DagBag from /home/patrick/.cache/pypoetry/virtualenvs/airflow-wPbgcfzP-py3.10/lib/python3.10/site-packages/airflow/example_dags/example_branch_labels.py
[2024-10-03T21:33:18.714-0400] {processor.py:925} INFO - DAG(s) 'example_branch_labels' retrieved from /home/patrick/.cache/pypoetry/virtualenvs/airflow-wPbgcfzP-py3.10/lib/python3.10/site-packages/airflow/example_dags/example_branch_labels.py
[2024-10-03T21:33:23.753-0400] {logging_mixin.py:190} INFO - [2024-10-03T21:33:23.753-0400] {dag.py:3239} INFO - Sync 1 DAGs
[2024-10-03T21:33:23.946-0400] {logging_mixin.py:190} INFO - [2024-10-03T21:33:23.946-0400] {dag.py:4180} INFO - Setting next_dagrun for example_branch_labels to 2024-10-03 00:00:00+00:00, run_after=2024-10-04 00:00:00+00:00
[2024-10-03T21:33:24.578-0400] {processor.py:208} INFO - Processing /home/patrick/.cache/pypoetry/virtualenvs/airflow-wPbgcfzP-py3.10/lib/python3.10/site-packages/airflow/example_dags/example_branch_labels.py took 5.875 seconds
[2024-10-03T21:39:31.343-0400] {processor.py:186} INFO - Started process (PID=15500) to work on /home/patrick/.cache/pypoetry/virtualenvs/airflow-wPbgcfzP-py3.10/lib/python3.10/site-packages/airflow/example_dags/example_branch_labels.py
[2024-10-03T21:39:31.344-0400] {processor.py:914} INFO - Processing file /home/patrick/.cache/pypoetry/virtualenvs/airflow-wPbgcfzP-py3.10/lib/python3.10/site-packages/airflow/example_dags/example_branch_labels.py for tasks to queue
[2024-10-03T21:39:31.346-0400] {logging_mixin.py:190} INFO - [2024-10-03T21:39:31.345-0400] {dagbag.py:588} INFO - Filling up the DagBag from /home/patrick/.cache/pypoetry/virtualenvs/airflow-wPbgcfzP-py3.10/lib/python3.10/site-packages/airflow/example_dags/example_branch_labels.py
[2024-10-03T21:39:31.351-0400] {processor.py:925} INFO - DAG(s) 'example_branch_labels' retrieved from /home/patrick/.cache/pypoetry/virtualenvs/airflow-wPbgcfzP-py3.10/lib/python3.10/site-packages/airflow/example_dags/example_branch_labels.py
[2024-10-03T21:39:36.366-0400] {logging_mixin.py:190} INFO - [2024-10-03T21:39:36.366-0400] {dag.py:3239} INFO - Sync 1 DAGs
[2024-10-03T21:39:36.919-0400] {logging_mixin.py:190} INFO - [2024-10-03T21:39:36.919-0400] {dag.py:4180} INFO - Setting next_dagrun for example_branch_labels to 2024-10-03 00:00:00+00:00, run_after=2024-10-04 00:00:00+00:00
[2024-10-03T21:39:37.667-0400] {processor.py:208} INFO - Processing /home/patrick/.cache/pypoetry/virtualenvs/airflow-wPbgcfzP-py3.10/lib/python3.10/site-packages/airflow/example_dags/example_branch_labels.py took 6.328 seconds
[2024-10-03T21:44:53.166-0400] {processor.py:186} INFO - Started process (PID=16938) to work on /home/patrick/.cache/pypoetry/virtualenvs/airflow-wPbgcfzP-py3.10/lib/python3.10/site-packages/airflow/example_dags/example_branch_labels.py
[2024-10-03T21:44:53.167-0400] {processor.py:914} INFO - Processing file /home/patrick/.cache/pypoetry/virtualenvs/airflow-wPbgcfzP-py3.10/lib/python3.10/site-packages/airflow/example_dags/example_branch_labels.py for tasks to queue
[2024-10-03T21:44:53.168-0400] {logging_mixin.py:190} INFO - [2024-10-03T21:44:53.168-0400] {dagbag.py:588} INFO - Filling up the DagBag from /home/patrick/.cache/pypoetry/virtualenvs/airflow-wPbgcfzP-py3.10/lib/python3.10/site-packages/airflow/example_dags/example_branch_labels.py
[2024-10-03T21:44:53.175-0400] {processor.py:925} INFO - DAG(s) 'example_branch_labels' retrieved from /home/patrick/.cache/pypoetry/virtualenvs/airflow-wPbgcfzP-py3.10/lib/python3.10/site-packages/airflow/example_dags/example_branch_labels.py
[2024-10-03T21:44:54.818-0400] {logging_mixin.py:190} INFO - [2024-10-03T21:44:54.818-0400] {dag.py:3239} INFO - Sync 1 DAGs
[2024-10-03T21:44:55.006-0400] {logging_mixin.py:190} INFO - [2024-10-03T21:44:55.006-0400] {dag.py:4180} INFO - Setting next_dagrun for example_branch_labels to 2024-10-03 00:00:00+00:00, run_after=2024-10-04 00:00:00+00:00
[2024-10-03T21:44:55.596-0400] {processor.py:208} INFO - Processing /home/patrick/.cache/pypoetry/virtualenvs/airflow-wPbgcfzP-py3.10/lib/python3.10/site-packages/airflow/example_dags/example_branch_labels.py took 2.434 seconds
[2024-10-03T21:49:08.573-0400] {processor.py:186} INFO - Started process (PID=18081) to work on /home/patrick/.cache/pypoetry/virtualenvs/airflow-wPbgcfzP-py3.10/lib/python3.10/site-packages/airflow/example_dags/example_branch_labels.py
[2024-10-03T21:49:08.573-0400] {processor.py:914} INFO - Processing file /home/patrick/.cache/pypoetry/virtualenvs/airflow-wPbgcfzP-py3.10/lib/python3.10/site-packages/airflow/example_dags/example_branch_labels.py for tasks to queue
[2024-10-03T21:49:08.575-0400] {logging_mixin.py:190} INFO - [2024-10-03T21:49:08.575-0400] {dagbag.py:588} INFO - Filling up the DagBag from /home/patrick/.cache/pypoetry/virtualenvs/airflow-wPbgcfzP-py3.10/lib/python3.10/site-packages/airflow/example_dags/example_branch_labels.py
[2024-10-03T21:49:08.581-0400] {processor.py:925} INFO - DAG(s) 'example_branch_labels' retrieved from /home/patrick/.cache/pypoetry/virtualenvs/airflow-wPbgcfzP-py3.10/lib/python3.10/site-packages/airflow/example_dags/example_branch_labels.py
[2024-10-03T21:49:14.382-0400] {logging_mixin.py:190} INFO - [2024-10-03T21:49:14.381-0400] {dag.py:3239} INFO - Sync 1 DAGs
[2024-10-03T21:49:14.754-0400] {logging_mixin.py:190} INFO - [2024-10-03T21:49:14.754-0400] {dag.py:4180} INFO - Setting next_dagrun for example_branch_labels to 2024-10-03 00:00:00+00:00, run_after=2024-10-04 00:00:00+00:00
[2024-10-03T21:49:15.499-0400] {processor.py:208} INFO - Processing /home/patrick/.cache/pypoetry/virtualenvs/airflow-wPbgcfzP-py3.10/lib/python3.10/site-packages/airflow/example_dags/example_branch_labels.py took 6.930 seconds
[2024-10-03T21:53:26.839-0400] {processor.py:186} INFO - Started process (PID=19180) to work on /home/patrick/.cache/pypoetry/virtualenvs/airflow-wPbgcfzP-py3.10/lib/python3.10/site-packages/airflow/example_dags/example_branch_labels.py
[2024-10-03T21:53:26.840-0400] {processor.py:914} INFO - Processing file /home/patrick/.cache/pypoetry/virtualenvs/airflow-wPbgcfzP-py3.10/lib/python3.10/site-packages/airflow/example_dags/example_branch_labels.py for tasks to queue
[2024-10-03T21:53:26.842-0400] {logging_mixin.py:190} INFO - [2024-10-03T21:53:26.842-0400] {dagbag.py:588} INFO - Filling up the DagBag from /home/patrick/.cache/pypoetry/virtualenvs/airflow-wPbgcfzP-py3.10/lib/python3.10/site-packages/airflow/example_dags/example_branch_labels.py
[2024-10-03T21:53:26.847-0400] {processor.py:925} INFO - DAG(s) 'example_branch_labels' retrieved from /home/patrick/.cache/pypoetry/virtualenvs/airflow-wPbgcfzP-py3.10/lib/python3.10/site-packages/airflow/example_dags/example_branch_labels.py
[2024-10-03T21:53:29.432-0400] {logging_mixin.py:190} INFO - [2024-10-03T21:53:29.431-0400] {dag.py:3239} INFO - Sync 1 DAGs
[2024-10-03T21:53:29.655-0400] {logging_mixin.py:190} INFO - [2024-10-03T21:53:29.655-0400] {dag.py:4180} INFO - Setting next_dagrun for example_branch_labels to 2024-10-03 00:00:00+00:00, run_after=2024-10-04 00:00:00+00:00
[2024-10-03T21:53:30.485-0400] {processor.py:208} INFO - Processing /home/patrick/.cache/pypoetry/virtualenvs/airflow-wPbgcfzP-py3.10/lib/python3.10/site-packages/airflow/example_dags/example_branch_labels.py took 3.649 seconds
[2024-10-03T21:57:15.876-0400] {processor.py:186} INFO - Started process (PID=20167) to work on /home/patrick/.cache/pypoetry/virtualenvs/airflow-wPbgcfzP-py3.10/lib/python3.10/site-packages/airflow/example_dags/example_branch_labels.py
[2024-10-03T21:57:15.876-0400] {processor.py:914} INFO - Processing file /home/patrick/.cache/pypoetry/virtualenvs/airflow-wPbgcfzP-py3.10/lib/python3.10/site-packages/airflow/example_dags/example_branch_labels.py for tasks to queue
[2024-10-03T21:57:15.878-0400] {logging_mixin.py:190} INFO - [2024-10-03T21:57:15.878-0400] {dagbag.py:588} INFO - Filling up the DagBag from /home/patrick/.cache/pypoetry/virtualenvs/airflow-wPbgcfzP-py3.10/lib/python3.10/site-packages/airflow/example_dags/example_branch_labels.py
[2024-10-03T21:57:15.883-0400] {processor.py:925} INFO - DAG(s) 'example_branch_labels' retrieved from /home/patrick/.cache/pypoetry/virtualenvs/airflow-wPbgcfzP-py3.10/lib/python3.10/site-packages/airflow/example_dags/example_branch_labels.py
[2024-10-03T21:57:18.493-0400] {logging_mixin.py:190} INFO - [2024-10-03T21:57:18.492-0400] {dag.py:3239} INFO - Sync 1 DAGs
[2024-10-03T21:57:18.636-0400] {logging_mixin.py:190} INFO - [2024-10-03T21:57:18.635-0400] {dag.py:4180} INFO - Setting next_dagrun for example_branch_labels to 2024-10-03 00:00:00+00:00, run_after=2024-10-04 00:00:00+00:00
[2024-10-03T21:57:19.185-0400] {processor.py:208} INFO - Processing /home/patrick/.cache/pypoetry/virtualenvs/airflow-wPbgcfzP-py3.10/lib/python3.10/site-packages/airflow/example_dags/example_branch_labels.py took 3.313 seconds
[2024-10-03T22:01:28.608-0400] {processor.py:186} INFO - Started process (PID=21246) to work on /home/patrick/.cache/pypoetry/virtualenvs/airflow-wPbgcfzP-py3.10/lib/python3.10/site-packages/airflow/example_dags/example_branch_labels.py
[2024-10-03T22:01:28.609-0400] {processor.py:914} INFO - Processing file /home/patrick/.cache/pypoetry/virtualenvs/airflow-wPbgcfzP-py3.10/lib/python3.10/site-packages/airflow/example_dags/example_branch_labels.py for tasks to queue
[2024-10-03T22:01:28.611-0400] {logging_mixin.py:190} INFO - [2024-10-03T22:01:28.610-0400] {dagbag.py:588} INFO - Filling up the DagBag from /home/patrick/.cache/pypoetry/virtualenvs/airflow-wPbgcfzP-py3.10/lib/python3.10/site-packages/airflow/example_dags/example_branch_labels.py
[2024-10-03T22:01:28.616-0400] {processor.py:925} INFO - DAG(s) 'example_branch_labels' retrieved from /home/patrick/.cache/pypoetry/virtualenvs/airflow-wPbgcfzP-py3.10/lib/python3.10/site-packages/airflow/example_dags/example_branch_labels.py
[2024-10-03T22:01:34.325-0400] {logging_mixin.py:190} INFO - [2024-10-03T22:01:34.325-0400] {dag.py:3239} INFO - Sync 1 DAGs
[2024-10-03T22:01:34.693-0400] {logging_mixin.py:190} INFO - [2024-10-03T22:01:34.693-0400] {dag.py:4180} INFO - Setting next_dagrun for example_branch_labels to 2024-10-03 00:00:00+00:00, run_after=2024-10-04 00:00:00+00:00
[2024-10-03T22:01:35.378-0400] {processor.py:208} INFO - Processing /home/patrick/.cache/pypoetry/virtualenvs/airflow-wPbgcfzP-py3.10/lib/python3.10/site-packages/airflow/example_dags/example_branch_labels.py took 6.774 seconds
[2024-10-03T22:05:55.265-0400] {processor.py:186} INFO - Started process (PID=22384) to work on /home/patrick/.cache/pypoetry/virtualenvs/airflow-wPbgcfzP-py3.10/lib/python3.10/site-packages/airflow/example_dags/example_branch_labels.py
[2024-10-03T22:05:55.266-0400] {processor.py:914} INFO - Processing file /home/patrick/.cache/pypoetry/virtualenvs/airflow-wPbgcfzP-py3.10/lib/python3.10/site-packages/airflow/example_dags/example_branch_labels.py for tasks to queue
[2024-10-03T22:05:55.268-0400] {logging_mixin.py:190} INFO - [2024-10-03T22:05:55.268-0400] {dagbag.py:588} INFO - Filling up the DagBag from /home/patrick/.cache/pypoetry/virtualenvs/airflow-wPbgcfzP-py3.10/lib/python3.10/site-packages/airflow/example_dags/example_branch_labels.py
[2024-10-03T22:05:55.274-0400] {processor.py:925} INFO - DAG(s) 'example_branch_labels' retrieved from /home/patrick/.cache/pypoetry/virtualenvs/airflow-wPbgcfzP-py3.10/lib/python3.10/site-packages/airflow/example_dags/example_branch_labels.py
[2024-10-03T22:05:57.801-0400] {logging_mixin.py:190} INFO - [2024-10-03T22:05:57.800-0400] {dag.py:3239} INFO - Sync 1 DAGs
[2024-10-03T22:05:57.935-0400] {logging_mixin.py:190} INFO - [2024-10-03T22:05:57.935-0400] {dag.py:4180} INFO - Setting next_dagrun for example_branch_labels to 2024-10-03 00:00:00+00:00, run_after=2024-10-04 00:00:00+00:00
[2024-10-03T22:05:58.444-0400] {processor.py:208} INFO - Processing /home/patrick/.cache/pypoetry/virtualenvs/airflow-wPbgcfzP-py3.10/lib/python3.10/site-packages/airflow/example_dags/example_branch_labels.py took 3.182 seconds
[2024-10-03T22:11:28.062-0400] {processor.py:186} INFO - Started process (PID=23869) to work on /home/patrick/.cache/pypoetry/virtualenvs/airflow-wPbgcfzP-py3.10/lib/python3.10/site-packages/airflow/example_dags/example_branch_labels.py
[2024-10-03T22:11:28.063-0400] {processor.py:914} INFO - Processing file /home/patrick/.cache/pypoetry/virtualenvs/airflow-wPbgcfzP-py3.10/lib/python3.10/site-packages/airflow/example_dags/example_branch_labels.py for tasks to queue
[2024-10-03T22:11:28.065-0400] {logging_mixin.py:190} INFO - [2024-10-03T22:11:28.064-0400] {dagbag.py:588} INFO - Filling up the DagBag from /home/patrick/.cache/pypoetry/virtualenvs/airflow-wPbgcfzP-py3.10/lib/python3.10/site-packages/airflow/example_dags/example_branch_labels.py
[2024-10-03T22:11:28.071-0400] {processor.py:925} INFO - DAG(s) 'example_branch_labels' retrieved from /home/patrick/.cache/pypoetry/virtualenvs/airflow-wPbgcfzP-py3.10/lib/python3.10/site-packages/airflow/example_dags/example_branch_labels.py
[2024-10-03T22:11:30.061-0400] {logging_mixin.py:190} INFO - [2024-10-03T22:11:30.061-0400] {dag.py:3239} INFO - Sync 1 DAGs
[2024-10-03T22:11:30.266-0400] {logging_mixin.py:190} INFO - [2024-10-03T22:11:30.265-0400] {dag.py:4180} INFO - Setting next_dagrun for example_branch_labels to 2024-10-03 00:00:00+00:00, run_after=2024-10-04 00:00:00+00:00
[2024-10-03T22:11:30.851-0400] {processor.py:208} INFO - Processing /home/patrick/.cache/pypoetry/virtualenvs/airflow-wPbgcfzP-py3.10/lib/python3.10/site-packages/airflow/example_dags/example_branch_labels.py took 2.794 seconds
[2024-10-03T22:15:01.318-0400] {processor.py:186} INFO - Started process (PID=24846) to work on /home/patrick/.cache/pypoetry/virtualenvs/airflow-wPbgcfzP-py3.10/lib/python3.10/site-packages/airflow/example_dags/example_branch_labels.py
[2024-10-03T22:15:01.319-0400] {processor.py:914} INFO - Processing file /home/patrick/.cache/pypoetry/virtualenvs/airflow-wPbgcfzP-py3.10/lib/python3.10/site-packages/airflow/example_dags/example_branch_labels.py for tasks to queue
[2024-10-03T22:15:01.321-0400] {logging_mixin.py:190} INFO - [2024-10-03T22:15:01.320-0400] {dagbag.py:588} INFO - Filling up the DagBag from /home/patrick/.cache/pypoetry/virtualenvs/airflow-wPbgcfzP-py3.10/lib/python3.10/site-packages/airflow/example_dags/example_branch_labels.py
[2024-10-03T22:15:01.327-0400] {processor.py:925} INFO - DAG(s) 'example_branch_labels' retrieved from /home/patrick/.cache/pypoetry/virtualenvs/airflow-wPbgcfzP-py3.10/lib/python3.10/site-packages/airflow/example_dags/example_branch_labels.py
[2024-10-03T22:15:14.556-0400] {logging_mixin.py:190} INFO - [2024-10-03T22:15:14.556-0400] {dag.py:3239} INFO - Sync 1 DAGs
[2024-10-03T22:15:15.326-0400] {logging_mixin.py:190} INFO - [2024-10-03T22:15:15.326-0400] {dag.py:4180} INFO - Setting next_dagrun for example_branch_labels to 2024-10-03 00:00:00+00:00, run_after=2024-10-04 00:00:00+00:00
[2024-10-03T22:15:16.170-0400] {processor.py:208} INFO - Processing /home/patrick/.cache/pypoetry/virtualenvs/airflow-wPbgcfzP-py3.10/lib/python3.10/site-packages/airflow/example_dags/example_branch_labels.py took 14.856 seconds
[2024-10-03T22:21:20.836-0400] {processor.py:186} INFO - Started process (PID=26532) to work on /home/patrick/.cache/pypoetry/virtualenvs/airflow-wPbgcfzP-py3.10/lib/python3.10/site-packages/airflow/example_dags/example_branch_labels.py
[2024-10-03T22:21:20.837-0400] {processor.py:914} INFO - Processing file /home/patrick/.cache/pypoetry/virtualenvs/airflow-wPbgcfzP-py3.10/lib/python3.10/site-packages/airflow/example_dags/example_branch_labels.py for tasks to queue
[2024-10-03T22:21:20.839-0400] {logging_mixin.py:190} INFO - [2024-10-03T22:21:20.839-0400] {dagbag.py:588} INFO - Filling up the DagBag from /home/patrick/.cache/pypoetry/virtualenvs/airflow-wPbgcfzP-py3.10/lib/python3.10/site-packages/airflow/example_dags/example_branch_labels.py
[2024-10-03T22:21:20.845-0400] {processor.py:925} INFO - DAG(s) 'example_branch_labels' retrieved from /home/patrick/.cache/pypoetry/virtualenvs/airflow-wPbgcfzP-py3.10/lib/python3.10/site-packages/airflow/example_dags/example_branch_labels.py
[2024-10-03T22:21:23.851-0400] {logging_mixin.py:190} INFO - [2024-10-03T22:21:23.850-0400] {dag.py:3239} INFO - Sync 1 DAGs
[2024-10-03T22:21:24.036-0400] {logging_mixin.py:190} INFO - [2024-10-03T22:21:24.036-0400] {dag.py:4180} INFO - Setting next_dagrun for example_branch_labels to 2024-10-03 00:00:00+00:00, run_after=2024-10-04 00:00:00+00:00
[2024-10-03T22:21:24.612-0400] {processor.py:208} INFO - Processing /home/patrick/.cache/pypoetry/virtualenvs/airflow-wPbgcfzP-py3.10/lib/python3.10/site-packages/airflow/example_dags/example_branch_labels.py took 3.779 seconds
[2024-10-03T22:25:58.383-0400] {processor.py:186} INFO - Started process (PID=27803) to work on /home/patrick/.cache/pypoetry/virtualenvs/airflow-wPbgcfzP-py3.10/lib/python3.10/site-packages/airflow/example_dags/example_branch_labels.py
[2024-10-03T22:25:58.383-0400] {processor.py:914} INFO - Processing file /home/patrick/.cache/pypoetry/virtualenvs/airflow-wPbgcfzP-py3.10/lib/python3.10/site-packages/airflow/example_dags/example_branch_labels.py for tasks to queue
[2024-10-03T22:25:58.385-0400] {logging_mixin.py:190} INFO - [2024-10-03T22:25:58.385-0400] {dagbag.py:588} INFO - Filling up the DagBag from /home/patrick/.cache/pypoetry/virtualenvs/airflow-wPbgcfzP-py3.10/lib/python3.10/site-packages/airflow/example_dags/example_branch_labels.py
[2024-10-03T22:25:58.391-0400] {processor.py:925} INFO - DAG(s) 'example_branch_labels' retrieved from /home/patrick/.cache/pypoetry/virtualenvs/airflow-wPbgcfzP-py3.10/lib/python3.10/site-packages/airflow/example_dags/example_branch_labels.py
[2024-10-03T22:26:04.544-0400] {logging_mixin.py:190} INFO - [2024-10-03T22:26:04.543-0400] {dag.py:3239} INFO - Sync 1 DAGs
[2024-10-03T22:26:04.700-0400] {logging_mixin.py:190} INFO - [2024-10-03T22:26:04.700-0400] {dag.py:4180} INFO - Setting next_dagrun for example_branch_labels to 2024-10-03 00:00:00+00:00, run_after=2024-10-04 00:00:00+00:00
[2024-10-03T22:26:05.615-0400] {processor.py:208} INFO - Processing /home/patrick/.cache/pypoetry/virtualenvs/airflow-wPbgcfzP-py3.10/lib/python3.10/site-packages/airflow/example_dags/example_branch_labels.py took 7.236 seconds
[2024-10-03T22:29:37.312-0400] {processor.py:186} INFO - Started process (PID=28781) to work on /home/patrick/.cache/pypoetry/virtualenvs/airflow-wPbgcfzP-py3.10/lib/python3.10/site-packages/airflow/example_dags/example_branch_labels.py
[2024-10-03T22:29:37.314-0400] {processor.py:914} INFO - Processing file /home/patrick/.cache/pypoetry/virtualenvs/airflow-wPbgcfzP-py3.10/lib/python3.10/site-packages/airflow/example_dags/example_branch_labels.py for tasks to queue
[2024-10-03T22:29:37.316-0400] {logging_mixin.py:190} INFO - [2024-10-03T22:29:37.315-0400] {dagbag.py:588} INFO - Filling up the DagBag from /home/patrick/.cache/pypoetry/virtualenvs/airflow-wPbgcfzP-py3.10/lib/python3.10/site-packages/airflow/example_dags/example_branch_labels.py
[2024-10-03T22:29:37.321-0400] {processor.py:925} INFO - DAG(s) 'example_branch_labels' retrieved from /home/patrick/.cache/pypoetry/virtualenvs/airflow-wPbgcfzP-py3.10/lib/python3.10/site-packages/airflow/example_dags/example_branch_labels.py
[2024-10-03T22:29:39.251-0400] {logging_mixin.py:190} INFO - [2024-10-03T22:29:39.251-0400] {dag.py:3239} INFO - Sync 1 DAGs
[2024-10-03T22:29:39.447-0400] {logging_mixin.py:190} INFO - [2024-10-03T22:29:39.447-0400] {dag.py:4180} INFO - Setting next_dagrun for example_branch_labels to 2024-10-03 00:00:00+00:00, run_after=2024-10-04 00:00:00+00:00
[2024-10-03T22:29:40.040-0400] {processor.py:208} INFO - Processing /home/patrick/.cache/pypoetry/virtualenvs/airflow-wPbgcfzP-py3.10/lib/python3.10/site-packages/airflow/example_dags/example_branch_labels.py took 2.732 seconds
[2024-10-03T22:33:29.034-0400] {processor.py:186} INFO - Started process (PID=29792) to work on /home/patrick/.cache/pypoetry/virtualenvs/airflow-wPbgcfzP-py3.10/lib/python3.10/site-packages/airflow/example_dags/example_branch_labels.py
[2024-10-03T22:33:29.035-0400] {processor.py:914} INFO - Processing file /home/patrick/.cache/pypoetry/virtualenvs/airflow-wPbgcfzP-py3.10/lib/python3.10/site-packages/airflow/example_dags/example_branch_labels.py for tasks to queue
[2024-10-03T22:33:29.037-0400] {logging_mixin.py:190} INFO - [2024-10-03T22:33:29.037-0400] {dagbag.py:588} INFO - Filling up the DagBag from /home/patrick/.cache/pypoetry/virtualenvs/airflow-wPbgcfzP-py3.10/lib/python3.10/site-packages/airflow/example_dags/example_branch_labels.py
[2024-10-03T22:33:29.043-0400] {processor.py:925} INFO - DAG(s) 'example_branch_labels' retrieved from /home/patrick/.cache/pypoetry/virtualenvs/airflow-wPbgcfzP-py3.10/lib/python3.10/site-packages/airflow/example_dags/example_branch_labels.py
[2024-10-03T22:33:30.946-0400] {logging_mixin.py:190} INFO - [2024-10-03T22:33:30.946-0400] {dag.py:3239} INFO - Sync 1 DAGs
[2024-10-03T22:33:31.134-0400] {logging_mixin.py:190} INFO - [2024-10-03T22:33:31.134-0400] {dag.py:4180} INFO - Setting next_dagrun for example_branch_labels to 2024-10-03 00:00:00+00:00, run_after=2024-10-04 00:00:00+00:00
[2024-10-03T22:33:31.749-0400] {processor.py:208} INFO - Processing /home/patrick/.cache/pypoetry/virtualenvs/airflow-wPbgcfzP-py3.10/lib/python3.10/site-packages/airflow/example_dags/example_branch_labels.py took 2.718 seconds
[2024-10-03T22:38:50.633-0400] {processor.py:186} INFO - Started process (PID=31295) to work on /home/patrick/.cache/pypoetry/virtualenvs/airflow-wPbgcfzP-py3.10/lib/python3.10/site-packages/airflow/example_dags/example_branch_labels.py
[2024-10-03T22:38:50.636-0400] {processor.py:914} INFO - Processing file /home/patrick/.cache/pypoetry/virtualenvs/airflow-wPbgcfzP-py3.10/lib/python3.10/site-packages/airflow/example_dags/example_branch_labels.py for tasks to queue
[2024-10-03T22:38:50.645-0400] {logging_mixin.py:190} INFO - [2024-10-03T22:38:50.645-0400] {dagbag.py:588} INFO - Filling up the DagBag from /home/patrick/.cache/pypoetry/virtualenvs/airflow-wPbgcfzP-py3.10/lib/python3.10/site-packages/airflow/example_dags/example_branch_labels.py
[2024-10-03T22:38:50.652-0400] {processor.py:925} INFO - DAG(s) 'example_branch_labels' retrieved from /home/patrick/.cache/pypoetry/virtualenvs/airflow-wPbgcfzP-py3.10/lib/python3.10/site-packages/airflow/example_dags/example_branch_labels.py
[2024-10-03T22:38:56.922-0400] {logging_mixin.py:190} INFO - [2024-10-03T22:38:56.922-0400] {dag.py:3239} INFO - Sync 1 DAGs
[2024-10-03T22:38:57.283-0400] {logging_mixin.py:190} INFO - [2024-10-03T22:38:57.283-0400] {dag.py:4180} INFO - Setting next_dagrun for example_branch_labels to 2024-10-03 00:00:00+00:00, run_after=2024-10-04 00:00:00+00:00
[2024-10-03T22:38:57.981-0400] {processor.py:208} INFO - Processing /home/patrick/.cache/pypoetry/virtualenvs/airflow-wPbgcfzP-py3.10/lib/python3.10/site-packages/airflow/example_dags/example_branch_labels.py took 7.352 seconds
[2024-10-03T22:42:54.183-0400] {processor.py:186} INFO - Started process (PID=32410) to work on /home/patrick/.cache/pypoetry/virtualenvs/airflow-wPbgcfzP-py3.10/lib/python3.10/site-packages/airflow/example_dags/example_branch_labels.py
[2024-10-03T22:42:54.183-0400] {processor.py:914} INFO - Processing file /home/patrick/.cache/pypoetry/virtualenvs/airflow-wPbgcfzP-py3.10/lib/python3.10/site-packages/airflow/example_dags/example_branch_labels.py for tasks to queue
[2024-10-03T22:42:54.185-0400] {logging_mixin.py:190} INFO - [2024-10-03T22:42:54.185-0400] {dagbag.py:588} INFO - Filling up the DagBag from /home/patrick/.cache/pypoetry/virtualenvs/airflow-wPbgcfzP-py3.10/lib/python3.10/site-packages/airflow/example_dags/example_branch_labels.py
[2024-10-03T22:42:54.190-0400] {processor.py:925} INFO - DAG(s) 'example_branch_labels' retrieved from /home/patrick/.cache/pypoetry/virtualenvs/airflow-wPbgcfzP-py3.10/lib/python3.10/site-packages/airflow/example_dags/example_branch_labels.py
[2024-10-03T22:42:56.890-0400] {logging_mixin.py:190} INFO - [2024-10-03T22:42:56.890-0400] {dag.py:3239} INFO - Sync 1 DAGs
[2024-10-03T22:42:57.138-0400] {logging_mixin.py:190} INFO - [2024-10-03T22:42:57.138-0400] {dag.py:4180} INFO - Setting next_dagrun for example_branch_labels to 2024-10-03 00:00:00+00:00, run_after=2024-10-04 00:00:00+00:00
[2024-10-03T22:42:57.789-0400] {processor.py:208} INFO - Processing /home/patrick/.cache/pypoetry/virtualenvs/airflow-wPbgcfzP-py3.10/lib/python3.10/site-packages/airflow/example_dags/example_branch_labels.py took 3.610 seconds
[2024-10-03T22:49:05.958-0400] {processor.py:186} INFO - Started process (PID=34143) to work on /home/patrick/.cache/pypoetry/virtualenvs/airflow-wPbgcfzP-py3.10/lib/python3.10/site-packages/airflow/example_dags/example_branch_labels.py
[2024-10-03T22:49:05.959-0400] {processor.py:914} INFO - Processing file /home/patrick/.cache/pypoetry/virtualenvs/airflow-wPbgcfzP-py3.10/lib/python3.10/site-packages/airflow/example_dags/example_branch_labels.py for tasks to queue
[2024-10-03T22:49:05.961-0400] {logging_mixin.py:190} INFO - [2024-10-03T22:49:05.961-0400] {dagbag.py:588} INFO - Filling up the DagBag from /home/patrick/.cache/pypoetry/virtualenvs/airflow-wPbgcfzP-py3.10/lib/python3.10/site-packages/airflow/example_dags/example_branch_labels.py
[2024-10-03T22:49:05.967-0400] {processor.py:925} INFO - DAG(s) 'example_branch_labels' retrieved from /home/patrick/.cache/pypoetry/virtualenvs/airflow-wPbgcfzP-py3.10/lib/python3.10/site-packages/airflow/example_dags/example_branch_labels.py
[2024-10-03T22:49:08.810-0400] {logging_mixin.py:190} INFO - [2024-10-03T22:49:08.810-0400] {dag.py:3239} INFO - Sync 1 DAGs
[2024-10-03T22:49:08.987-0400] {logging_mixin.py:190} INFO - [2024-10-03T22:49:08.987-0400] {dag.py:4180} INFO - Setting next_dagrun for example_branch_labels to 2024-10-03 00:00:00+00:00, run_after=2024-10-04 00:00:00+00:00
[2024-10-03T22:49:09.677-0400] {processor.py:208} INFO - Processing /home/patrick/.cache/pypoetry/virtualenvs/airflow-wPbgcfzP-py3.10/lib/python3.10/site-packages/airflow/example_dags/example_branch_labels.py took 3.723 seconds
[2024-10-03T22:53:04.536-0400] {processor.py:186} INFO - Started process (PID=35249) to work on /home/patrick/.cache/pypoetry/virtualenvs/airflow-wPbgcfzP-py3.10/lib/python3.10/site-packages/airflow/example_dags/example_branch_labels.py
[2024-10-03T22:53:04.537-0400] {processor.py:914} INFO - Processing file /home/patrick/.cache/pypoetry/virtualenvs/airflow-wPbgcfzP-py3.10/lib/python3.10/site-packages/airflow/example_dags/example_branch_labels.py for tasks to queue
[2024-10-03T22:53:04.538-0400] {logging_mixin.py:190} INFO - [2024-10-03T22:53:04.538-0400] {dagbag.py:588} INFO - Filling up the DagBag from /home/patrick/.cache/pypoetry/virtualenvs/airflow-wPbgcfzP-py3.10/lib/python3.10/site-packages/airflow/example_dags/example_branch_labels.py
[2024-10-03T22:53:04.544-0400] {processor.py:925} INFO - DAG(s) 'example_branch_labels' retrieved from /home/patrick/.cache/pypoetry/virtualenvs/airflow-wPbgcfzP-py3.10/lib/python3.10/site-packages/airflow/example_dags/example_branch_labels.py
[2024-10-03T22:53:09.740-0400] {logging_mixin.py:190} INFO - [2024-10-03T22:53:09.740-0400] {dag.py:3239} INFO - Sync 1 DAGs
[2024-10-03T22:53:09.937-0400] {logging_mixin.py:190} INFO - [2024-10-03T22:53:09.936-0400] {dag.py:4180} INFO - Setting next_dagrun for example_branch_labels to 2024-10-03 00:00:00+00:00, run_after=2024-10-04 00:00:00+00:00
[2024-10-03T22:53:10.562-0400] {processor.py:208} INFO - Processing /home/patrick/.cache/pypoetry/virtualenvs/airflow-wPbgcfzP-py3.10/lib/python3.10/site-packages/airflow/example_dags/example_branch_labels.py took 6.031 seconds
[2024-10-03T22:57:38.754-0400] {processor.py:186} INFO - Started process (PID=36569) to work on /home/patrick/.cache/pypoetry/virtualenvs/airflow-wPbgcfzP-py3.10/lib/python3.10/site-packages/airflow/example_dags/example_branch_labels.py
[2024-10-03T22:57:38.755-0400] {processor.py:914} INFO - Processing file /home/patrick/.cache/pypoetry/virtualenvs/airflow-wPbgcfzP-py3.10/lib/python3.10/site-packages/airflow/example_dags/example_branch_labels.py for tasks to queue
[2024-10-03T22:57:38.757-0400] {logging_mixin.py:190} INFO - [2024-10-03T22:57:38.756-0400] {dagbag.py:588} INFO - Filling up the DagBag from /home/patrick/.cache/pypoetry/virtualenvs/airflow-wPbgcfzP-py3.10/lib/python3.10/site-packages/airflow/example_dags/example_branch_labels.py
[2024-10-03T22:57:38.762-0400] {processor.py:925} INFO - DAG(s) 'example_branch_labels' retrieved from /home/patrick/.cache/pypoetry/virtualenvs/airflow-wPbgcfzP-py3.10/lib/python3.10/site-packages/airflow/example_dags/example_branch_labels.py
[2024-10-03T22:57:49.722-0400] {logging_mixin.py:190} INFO - [2024-10-03T22:57:49.722-0400] {dag.py:3239} INFO - Sync 1 DAGs
[2024-10-03T22:57:50.210-0400] {logging_mixin.py:190} INFO - [2024-10-03T22:57:50.210-0400] {dag.py:4180} INFO - Setting next_dagrun for example_branch_labels to 2024-10-03 00:00:00+00:00, run_after=2024-10-04 00:00:00+00:00
[2024-10-03T22:57:50.988-0400] {processor.py:208} INFO - Processing /home/patrick/.cache/pypoetry/virtualenvs/airflow-wPbgcfzP-py3.10/lib/python3.10/site-packages/airflow/example_dags/example_branch_labels.py took 12.238 seconds
[2024-10-03T23:02:01.286-0400] {processor.py:186} INFO - Started process (PID=37751) to work on /home/patrick/.cache/pypoetry/virtualenvs/airflow-wPbgcfzP-py3.10/lib/python3.10/site-packages/airflow/example_dags/example_branch_labels.py
[2024-10-03T23:02:01.287-0400] {processor.py:914} INFO - Processing file /home/patrick/.cache/pypoetry/virtualenvs/airflow-wPbgcfzP-py3.10/lib/python3.10/site-packages/airflow/example_dags/example_branch_labels.py for tasks to queue
[2024-10-03T23:02:01.289-0400] {logging_mixin.py:190} INFO - [2024-10-03T23:02:01.289-0400] {dagbag.py:588} INFO - Filling up the DagBag from /home/patrick/.cache/pypoetry/virtualenvs/airflow-wPbgcfzP-py3.10/lib/python3.10/site-packages/airflow/example_dags/example_branch_labels.py
[2024-10-03T23:02:01.296-0400] {processor.py:925} INFO - DAG(s) 'example_branch_labels' retrieved from /home/patrick/.cache/pypoetry/virtualenvs/airflow-wPbgcfzP-py3.10/lib/python3.10/site-packages/airflow/example_dags/example_branch_labels.py
[2024-10-03T23:02:08.308-0400] {logging_mixin.py:190} INFO - [2024-10-03T23:02:08.308-0400] {dag.py:3239} INFO - Sync 1 DAGs
[2024-10-03T23:02:08.648-0400] {logging_mixin.py:190} INFO - [2024-10-03T23:02:08.648-0400] {dag.py:4180} INFO - Setting next_dagrun for example_branch_labels to 2024-10-03 00:00:00+00:00, run_after=2024-10-04 00:00:00+00:00
[2024-10-03T23:02:09.443-0400] {processor.py:208} INFO - Processing /home/patrick/.cache/pypoetry/virtualenvs/airflow-wPbgcfzP-py3.10/lib/python3.10/site-packages/airflow/example_dags/example_branch_labels.py took 8.161 seconds
[2024-10-03T23:05:29.493-0400] {processor.py:186} INFO - Started process (PID=38670) to work on /home/patrick/.cache/pypoetry/virtualenvs/airflow-wPbgcfzP-py3.10/lib/python3.10/site-packages/airflow/example_dags/example_branch_labels.py
[2024-10-03T23:05:29.494-0400] {processor.py:914} INFO - Processing file /home/patrick/.cache/pypoetry/virtualenvs/airflow-wPbgcfzP-py3.10/lib/python3.10/site-packages/airflow/example_dags/example_branch_labels.py for tasks to queue
[2024-10-03T23:05:29.496-0400] {logging_mixin.py:190} INFO - [2024-10-03T23:05:29.496-0400] {dagbag.py:588} INFO - Filling up the DagBag from /home/patrick/.cache/pypoetry/virtualenvs/airflow-wPbgcfzP-py3.10/lib/python3.10/site-packages/airflow/example_dags/example_branch_labels.py
[2024-10-03T23:05:29.502-0400] {processor.py:925} INFO - DAG(s) 'example_branch_labels' retrieved from /home/patrick/.cache/pypoetry/virtualenvs/airflow-wPbgcfzP-py3.10/lib/python3.10/site-packages/airflow/example_dags/example_branch_labels.py
[2024-10-03T23:05:32.867-0400] {logging_mixin.py:190} INFO - [2024-10-03T23:05:32.866-0400] {dag.py:3239} INFO - Sync 1 DAGs
[2024-10-03T23:05:33.158-0400] {logging_mixin.py:190} INFO - [2024-10-03T23:05:33.158-0400] {dag.py:4180} INFO - Setting next_dagrun for example_branch_labels to 2024-10-03 00:00:00+00:00, run_after=2024-10-04 00:00:00+00:00
[2024-10-03T23:05:33.923-0400] {processor.py:208} INFO - Processing /home/patrick/.cache/pypoetry/virtualenvs/airflow-wPbgcfzP-py3.10/lib/python3.10/site-packages/airflow/example_dags/example_branch_labels.py took 4.434 seconds
[2024-10-03T23:08:42.551-0400] {processor.py:186} INFO - Started process (PID=39509) to work on /home/patrick/.cache/pypoetry/virtualenvs/airflow-wPbgcfzP-py3.10/lib/python3.10/site-packages/airflow/example_dags/example_branch_labels.py
[2024-10-03T23:08:42.552-0400] {processor.py:914} INFO - Processing file /home/patrick/.cache/pypoetry/virtualenvs/airflow-wPbgcfzP-py3.10/lib/python3.10/site-packages/airflow/example_dags/example_branch_labels.py for tasks to queue
[2024-10-03T23:08:42.554-0400] {logging_mixin.py:190} INFO - [2024-10-03T23:08:42.554-0400] {dagbag.py:588} INFO - Filling up the DagBag from /home/patrick/.cache/pypoetry/virtualenvs/airflow-wPbgcfzP-py3.10/lib/python3.10/site-packages/airflow/example_dags/example_branch_labels.py
[2024-10-03T23:08:42.562-0400] {processor.py:925} INFO - DAG(s) 'example_branch_labels' retrieved from /home/patrick/.cache/pypoetry/virtualenvs/airflow-wPbgcfzP-py3.10/lib/python3.10/site-packages/airflow/example_dags/example_branch_labels.py
[2024-10-03T23:08:47.828-0400] {logging_mixin.py:190} INFO - [2024-10-03T23:08:47.828-0400] {dag.py:3239} INFO - Sync 1 DAGs
[2024-10-03T23:08:48.093-0400] {logging_mixin.py:190} INFO - [2024-10-03T23:08:48.093-0400] {dag.py:4180} INFO - Setting next_dagrun for example_branch_labels to 2024-10-03 00:00:00+00:00, run_after=2024-10-04 00:00:00+00:00
[2024-10-03T23:08:48.712-0400] {processor.py:208} INFO - Processing /home/patrick/.cache/pypoetry/virtualenvs/airflow-wPbgcfzP-py3.10/lib/python3.10/site-packages/airflow/example_dags/example_branch_labels.py took 6.166 seconds
[2024-10-03T23:13:09.804-0400] {processor.py:186} INFO - Started process (PID=40676) to work on /home/patrick/.cache/pypoetry/virtualenvs/airflow-wPbgcfzP-py3.10/lib/python3.10/site-packages/airflow/example_dags/example_branch_labels.py
[2024-10-03T23:13:09.805-0400] {processor.py:914} INFO - Processing file /home/patrick/.cache/pypoetry/virtualenvs/airflow-wPbgcfzP-py3.10/lib/python3.10/site-packages/airflow/example_dags/example_branch_labels.py for tasks to queue
[2024-10-03T23:13:09.807-0400] {logging_mixin.py:190} INFO - [2024-10-03T23:13:09.807-0400] {dagbag.py:588} INFO - Filling up the DagBag from /home/patrick/.cache/pypoetry/virtualenvs/airflow-wPbgcfzP-py3.10/lib/python3.10/site-packages/airflow/example_dags/example_branch_labels.py
[2024-10-03T23:13:09.815-0400] {processor.py:925} INFO - DAG(s) 'example_branch_labels' retrieved from /home/patrick/.cache/pypoetry/virtualenvs/airflow-wPbgcfzP-py3.10/lib/python3.10/site-packages/airflow/example_dags/example_branch_labels.py
[2024-10-03T23:13:14.814-0400] {logging_mixin.py:190} INFO - [2024-10-03T23:13:14.814-0400] {dag.py:3239} INFO - Sync 1 DAGs
[2024-10-03T23:13:15.805-0400] {logging_mixin.py:190} INFO - [2024-10-03T23:13:15.805-0400] {dag.py:4180} INFO - Setting next_dagrun for example_branch_labels to 2024-10-03 00:00:00+00:00, run_after=2024-10-04 00:00:00+00:00
[2024-10-03T23:13:16.421-0400] {processor.py:208} INFO - Processing /home/patrick/.cache/pypoetry/virtualenvs/airflow-wPbgcfzP-py3.10/lib/python3.10/site-packages/airflow/example_dags/example_branch_labels.py took 6.621 seconds
[2024-10-03T23:17:41.788-0400] {processor.py:186} INFO - Started process (PID=41848) to work on /home/patrick/.cache/pypoetry/virtualenvs/airflow-wPbgcfzP-py3.10/lib/python3.10/site-packages/airflow/example_dags/example_branch_labels.py
[2024-10-03T23:17:41.789-0400] {processor.py:914} INFO - Processing file /home/patrick/.cache/pypoetry/virtualenvs/airflow-wPbgcfzP-py3.10/lib/python3.10/site-packages/airflow/example_dags/example_branch_labels.py for tasks to queue
[2024-10-03T23:17:41.791-0400] {logging_mixin.py:190} INFO - [2024-10-03T23:17:41.791-0400] {dagbag.py:588} INFO - Filling up the DagBag from /home/patrick/.cache/pypoetry/virtualenvs/airflow-wPbgcfzP-py3.10/lib/python3.10/site-packages/airflow/example_dags/example_branch_labels.py
[2024-10-03T23:17:41.797-0400] {processor.py:925} INFO - DAG(s) 'example_branch_labels' retrieved from /home/patrick/.cache/pypoetry/virtualenvs/airflow-wPbgcfzP-py3.10/lib/python3.10/site-packages/airflow/example_dags/example_branch_labels.py
[2024-10-03T23:17:45.524-0400] {logging_mixin.py:190} INFO - [2024-10-03T23:17:45.524-0400] {dag.py:3239} INFO - Sync 1 DAGs
[2024-10-03T23:17:45.691-0400] {logging_mixin.py:190} INFO - [2024-10-03T23:17:45.690-0400] {dag.py:4180} INFO - Setting next_dagrun for example_branch_labels to 2024-10-03 00:00:00+00:00, run_after=2024-10-04 00:00:00+00:00
[2024-10-03T23:17:46.276-0400] {processor.py:208} INFO - Processing /home/patrick/.cache/pypoetry/virtualenvs/airflow-wPbgcfzP-py3.10/lib/python3.10/site-packages/airflow/example_dags/example_branch_labels.py took 4.491 seconds
[2024-10-03T23:22:07.694-0400] {processor.py:186} INFO - Started process (PID=43016) to work on /home/patrick/.cache/pypoetry/virtualenvs/airflow-wPbgcfzP-py3.10/lib/python3.10/site-packages/airflow/example_dags/example_branch_labels.py
[2024-10-03T23:22:07.695-0400] {processor.py:914} INFO - Processing file /home/patrick/.cache/pypoetry/virtualenvs/airflow-wPbgcfzP-py3.10/lib/python3.10/site-packages/airflow/example_dags/example_branch_labels.py for tasks to queue
[2024-10-03T23:22:07.696-0400] {logging_mixin.py:190} INFO - [2024-10-03T23:22:07.696-0400] {dagbag.py:588} INFO - Filling up the DagBag from /home/patrick/.cache/pypoetry/virtualenvs/airflow-wPbgcfzP-py3.10/lib/python3.10/site-packages/airflow/example_dags/example_branch_labels.py
[2024-10-03T23:22:07.703-0400] {processor.py:925} INFO - DAG(s) 'example_branch_labels' retrieved from /home/patrick/.cache/pypoetry/virtualenvs/airflow-wPbgcfzP-py3.10/lib/python3.10/site-packages/airflow/example_dags/example_branch_labels.py
[2024-10-03T23:22:12.962-0400] {logging_mixin.py:190} INFO - [2024-10-03T23:22:12.962-0400] {dag.py:3239} INFO - Sync 1 DAGs
[2024-10-03T23:22:13.355-0400] {logging_mixin.py:190} INFO - [2024-10-03T23:22:13.355-0400] {dag.py:4180} INFO - Setting next_dagrun for example_branch_labels to 2024-10-03 00:00:00+00:00, run_after=2024-10-04 00:00:00+00:00
[2024-10-03T23:22:14.797-0400] {processor.py:208} INFO - Processing /home/patrick/.cache/pypoetry/virtualenvs/airflow-wPbgcfzP-py3.10/lib/python3.10/site-packages/airflow/example_dags/example_branch_labels.py took 7.107 seconds
[2024-10-03T23:24:48.079-0400] {processor.py:186} INFO - Started process (PID=43698) to work on /home/patrick/.cache/pypoetry/virtualenvs/airflow-wPbgcfzP-py3.10/lib/python3.10/site-packages/airflow/example_dags/example_branch_labels.py
[2024-10-03T23:24:48.080-0400] {processor.py:914} INFO - Processing file /home/patrick/.cache/pypoetry/virtualenvs/airflow-wPbgcfzP-py3.10/lib/python3.10/site-packages/airflow/example_dags/example_branch_labels.py for tasks to queue
[2024-10-03T23:24:48.081-0400] {logging_mixin.py:190} INFO - [2024-10-03T23:24:48.081-0400] {dagbag.py:588} INFO - Filling up the DagBag from /home/patrick/.cache/pypoetry/virtualenvs/airflow-wPbgcfzP-py3.10/lib/python3.10/site-packages/airflow/example_dags/example_branch_labels.py
[2024-10-03T23:24:48.087-0400] {processor.py:925} INFO - DAG(s) 'example_branch_labels' retrieved from /home/patrick/.cache/pypoetry/virtualenvs/airflow-wPbgcfzP-py3.10/lib/python3.10/site-packages/airflow/example_dags/example_branch_labels.py
[2024-10-03T23:24:50.245-0400] {logging_mixin.py:190} INFO - [2024-10-03T23:24:50.245-0400] {dag.py:3239} INFO - Sync 1 DAGs
[2024-10-03T23:24:50.452-0400] {logging_mixin.py:190} INFO - [2024-10-03T23:24:50.452-0400] {dag.py:4180} INFO - Setting next_dagrun for example_branch_labels to 2024-10-03 00:00:00+00:00, run_after=2024-10-04 00:00:00+00:00
[2024-10-03T23:24:51.147-0400] {processor.py:208} INFO - Processing /home/patrick/.cache/pypoetry/virtualenvs/airflow-wPbgcfzP-py3.10/lib/python3.10/site-packages/airflow/example_dags/example_branch_labels.py took 3.072 seconds
[2024-10-03T23:27:36.209-0400] {processor.py:186} INFO - Started process (PID=44410) to work on /home/patrick/.cache/pypoetry/virtualenvs/airflow-wPbgcfzP-py3.10/lib/python3.10/site-packages/airflow/example_dags/example_branch_labels.py
[2024-10-03T23:27:36.210-0400] {processor.py:914} INFO - Processing file /home/patrick/.cache/pypoetry/virtualenvs/airflow-wPbgcfzP-py3.10/lib/python3.10/site-packages/airflow/example_dags/example_branch_labels.py for tasks to queue
[2024-10-03T23:27:36.212-0400] {logging_mixin.py:190} INFO - [2024-10-03T23:27:36.211-0400] {dagbag.py:588} INFO - Filling up the DagBag from /home/patrick/.cache/pypoetry/virtualenvs/airflow-wPbgcfzP-py3.10/lib/python3.10/site-packages/airflow/example_dags/example_branch_labels.py
[2024-10-03T23:27:36.217-0400] {processor.py:925} INFO - DAG(s) 'example_branch_labels' retrieved from /home/patrick/.cache/pypoetry/virtualenvs/airflow-wPbgcfzP-py3.10/lib/python3.10/site-packages/airflow/example_dags/example_branch_labels.py
[2024-10-03T23:27:39.416-0400] {logging_mixin.py:190} INFO - [2024-10-03T23:27:39.416-0400] {dag.py:3239} INFO - Sync 1 DAGs
[2024-10-03T23:27:39.633-0400] {logging_mixin.py:190} INFO - [2024-10-03T23:27:39.632-0400] {dag.py:4180} INFO - Setting next_dagrun for example_branch_labels to 2024-10-03 00:00:00+00:00, run_after=2024-10-04 00:00:00+00:00
[2024-10-03T23:27:40.204-0400] {processor.py:208} INFO - Processing /home/patrick/.cache/pypoetry/virtualenvs/airflow-wPbgcfzP-py3.10/lib/python3.10/site-packages/airflow/example_dags/example_branch_labels.py took 3.998 seconds
[2024-10-03T23:32:00.223-0400] {processor.py:186} INFO - Started process (PID=45589) to work on /home/patrick/.cache/pypoetry/virtualenvs/airflow-wPbgcfzP-py3.10/lib/python3.10/site-packages/airflow/example_dags/example_branch_labels.py
[2024-10-03T23:32:00.224-0400] {processor.py:914} INFO - Processing file /home/patrick/.cache/pypoetry/virtualenvs/airflow-wPbgcfzP-py3.10/lib/python3.10/site-packages/airflow/example_dags/example_branch_labels.py for tasks to queue
[2024-10-03T23:32:00.226-0400] {logging_mixin.py:190} INFO - [2024-10-03T23:32:00.225-0400] {dagbag.py:588} INFO - Filling up the DagBag from /home/patrick/.cache/pypoetry/virtualenvs/airflow-wPbgcfzP-py3.10/lib/python3.10/site-packages/airflow/example_dags/example_branch_labels.py
[2024-10-03T23:32:00.232-0400] {processor.py:925} INFO - DAG(s) 'example_branch_labels' retrieved from /home/patrick/.cache/pypoetry/virtualenvs/airflow-wPbgcfzP-py3.10/lib/python3.10/site-packages/airflow/example_dags/example_branch_labels.py
[2024-10-03T23:32:05.371-0400] {logging_mixin.py:190} INFO - [2024-10-03T23:32:05.370-0400] {dag.py:3239} INFO - Sync 1 DAGs
[2024-10-03T23:32:05.896-0400] {logging_mixin.py:190} INFO - [2024-10-03T23:32:05.896-0400] {dag.py:4180} INFO - Setting next_dagrun for example_branch_labels to 2024-10-03 00:00:00+00:00, run_after=2024-10-04 00:00:00+00:00
[2024-10-03T23:32:06.729-0400] {processor.py:208} INFO - Processing /home/patrick/.cache/pypoetry/virtualenvs/airflow-wPbgcfzP-py3.10/lib/python3.10/site-packages/airflow/example_dags/example_branch_labels.py took 6.510 seconds
[2024-10-03T23:36:08.223-0400] {processor.py:186} INFO - Started process (PID=46662) to work on /home/patrick/.cache/pypoetry/virtualenvs/airflow-wPbgcfzP-py3.10/lib/python3.10/site-packages/airflow/example_dags/example_branch_labels.py
[2024-10-03T23:36:08.225-0400] {processor.py:914} INFO - Processing file /home/patrick/.cache/pypoetry/virtualenvs/airflow-wPbgcfzP-py3.10/lib/python3.10/site-packages/airflow/example_dags/example_branch_labels.py for tasks to queue
[2024-10-03T23:36:08.227-0400] {logging_mixin.py:190} INFO - [2024-10-03T23:36:08.227-0400] {dagbag.py:588} INFO - Filling up the DagBag from /home/patrick/.cache/pypoetry/virtualenvs/airflow-wPbgcfzP-py3.10/lib/python3.10/site-packages/airflow/example_dags/example_branch_labels.py
[2024-10-03T23:36:08.233-0400] {processor.py:925} INFO - DAG(s) 'example_branch_labels' retrieved from /home/patrick/.cache/pypoetry/virtualenvs/airflow-wPbgcfzP-py3.10/lib/python3.10/site-packages/airflow/example_dags/example_branch_labels.py
[2024-10-03T23:36:14.084-0400] {logging_mixin.py:190} INFO - [2024-10-03T23:36:14.084-0400] {dag.py:3239} INFO - Sync 1 DAGs
[2024-10-03T23:36:14.809-0400] {logging_mixin.py:190} INFO - [2024-10-03T23:36:14.809-0400] {dag.py:4180} INFO - Setting next_dagrun for example_branch_labels to 2024-10-03 00:00:00+00:00, run_after=2024-10-04 00:00:00+00:00
[2024-10-03T23:36:15.943-0400] {processor.py:208} INFO - Processing /home/patrick/.cache/pypoetry/virtualenvs/airflow-wPbgcfzP-py3.10/lib/python3.10/site-packages/airflow/example_dags/example_branch_labels.py took 7.725 seconds
[2024-10-03T23:38:55.032-0400] {processor.py:186} INFO - Started process (PID=47370) to work on /home/patrick/.cache/pypoetry/virtualenvs/airflow-wPbgcfzP-py3.10/lib/python3.10/site-packages/airflow/example_dags/example_branch_labels.py
[2024-10-03T23:38:55.033-0400] {processor.py:914} INFO - Processing file /home/patrick/.cache/pypoetry/virtualenvs/airflow-wPbgcfzP-py3.10/lib/python3.10/site-packages/airflow/example_dags/example_branch_labels.py for tasks to queue
[2024-10-03T23:38:55.035-0400] {logging_mixin.py:190} INFO - [2024-10-03T23:38:55.035-0400] {dagbag.py:588} INFO - Filling up the DagBag from /home/patrick/.cache/pypoetry/virtualenvs/airflow-wPbgcfzP-py3.10/lib/python3.10/site-packages/airflow/example_dags/example_branch_labels.py
[2024-10-03T23:38:55.040-0400] {processor.py:925} INFO - DAG(s) 'example_branch_labels' retrieved from /home/patrick/.cache/pypoetry/virtualenvs/airflow-wPbgcfzP-py3.10/lib/python3.10/site-packages/airflow/example_dags/example_branch_labels.py
[2024-10-03T23:38:56.819-0400] {logging_mixin.py:190} INFO - [2024-10-03T23:38:56.819-0400] {dag.py:3239} INFO - Sync 1 DAGs
[2024-10-03T23:38:56.967-0400] {logging_mixin.py:190} INFO - [2024-10-03T23:38:56.967-0400] {dag.py:4180} INFO - Setting next_dagrun for example_branch_labels to 2024-10-03 00:00:00+00:00, run_after=2024-10-04 00:00:00+00:00
[2024-10-03T23:38:57.621-0400] {processor.py:208} INFO - Processing /home/patrick/.cache/pypoetry/virtualenvs/airflow-wPbgcfzP-py3.10/lib/python3.10/site-packages/airflow/example_dags/example_branch_labels.py took 2.593 seconds
[2024-10-03T23:42:47.506-0400] {processor.py:186} INFO - Started process (PID=48377) to work on /home/patrick/.cache/pypoetry/virtualenvs/airflow-wPbgcfzP-py3.10/lib/python3.10/site-packages/airflow/example_dags/example_branch_labels.py
[2024-10-03T23:42:47.507-0400] {processor.py:914} INFO - Processing file /home/patrick/.cache/pypoetry/virtualenvs/airflow-wPbgcfzP-py3.10/lib/python3.10/site-packages/airflow/example_dags/example_branch_labels.py for tasks to queue
[2024-10-03T23:42:47.509-0400] {logging_mixin.py:190} INFO - [2024-10-03T23:42:47.509-0400] {dagbag.py:588} INFO - Filling up the DagBag from /home/patrick/.cache/pypoetry/virtualenvs/airflow-wPbgcfzP-py3.10/lib/python3.10/site-packages/airflow/example_dags/example_branch_labels.py
[2024-10-03T23:42:47.515-0400] {processor.py:925} INFO - DAG(s) 'example_branch_labels' retrieved from /home/patrick/.cache/pypoetry/virtualenvs/airflow-wPbgcfzP-py3.10/lib/python3.10/site-packages/airflow/example_dags/example_branch_labels.py
[2024-10-03T23:42:56.772-0400] {logging_mixin.py:190} INFO - [2024-10-03T23:42:56.772-0400] {dag.py:3239} INFO - Sync 1 DAGs
[2024-10-03T23:42:57.063-0400] {logging_mixin.py:190} INFO - [2024-10-03T23:42:57.063-0400] {dag.py:4180} INFO - Setting next_dagrun for example_branch_labels to 2024-10-03 00:00:00+00:00, run_after=2024-10-04 00:00:00+00:00
[2024-10-03T23:42:57.709-0400] {processor.py:208} INFO - Processing /home/patrick/.cache/pypoetry/virtualenvs/airflow-wPbgcfzP-py3.10/lib/python3.10/site-packages/airflow/example_dags/example_branch_labels.py took 10.207 seconds
[2024-10-03T23:46:55.149-0400] {processor.py:186} INFO - Started process (PID=49447) to work on /home/patrick/.cache/pypoetry/virtualenvs/airflow-wPbgcfzP-py3.10/lib/python3.10/site-packages/airflow/example_dags/example_branch_labels.py
[2024-10-03T23:46:55.151-0400] {processor.py:914} INFO - Processing file /home/patrick/.cache/pypoetry/virtualenvs/airflow-wPbgcfzP-py3.10/lib/python3.10/site-packages/airflow/example_dags/example_branch_labels.py for tasks to queue
[2024-10-03T23:46:55.152-0400] {logging_mixin.py:190} INFO - [2024-10-03T23:46:55.152-0400] {dagbag.py:588} INFO - Filling up the DagBag from /home/patrick/.cache/pypoetry/virtualenvs/airflow-wPbgcfzP-py3.10/lib/python3.10/site-packages/airflow/example_dags/example_branch_labels.py
[2024-10-03T23:46:55.160-0400] {processor.py:925} INFO - DAG(s) 'example_branch_labels' retrieved from /home/patrick/.cache/pypoetry/virtualenvs/airflow-wPbgcfzP-py3.10/lib/python3.10/site-packages/airflow/example_dags/example_branch_labels.py
[2024-10-03T23:46:56.865-0400] {logging_mixin.py:190} INFO - [2024-10-03T23:46:56.865-0400] {dag.py:3239} INFO - Sync 1 DAGs
[2024-10-03T23:46:57.034-0400] {logging_mixin.py:190} INFO - [2024-10-03T23:46:57.034-0400] {dag.py:4180} INFO - Setting next_dagrun for example_branch_labels to 2024-10-03 00:00:00+00:00, run_after=2024-10-04 00:00:00+00:00
[2024-10-03T23:46:58.213-0400] {processor.py:208} INFO - Processing /home/patrick/.cache/pypoetry/virtualenvs/airflow-wPbgcfzP-py3.10/lib/python3.10/site-packages/airflow/example_dags/example_branch_labels.py took 3.068 seconds
[2024-10-03T23:51:12.520-0400] {processor.py:186} INFO - Started process (PID=50549) to work on /home/patrick/.cache/pypoetry/virtualenvs/airflow-wPbgcfzP-py3.10/lib/python3.10/site-packages/airflow/example_dags/example_branch_labels.py
[2024-10-03T23:51:12.521-0400] {processor.py:914} INFO - Processing file /home/patrick/.cache/pypoetry/virtualenvs/airflow-wPbgcfzP-py3.10/lib/python3.10/site-packages/airflow/example_dags/example_branch_labels.py for tasks to queue
[2024-10-03T23:51:12.523-0400] {logging_mixin.py:190} INFO - [2024-10-03T23:51:12.523-0400] {dagbag.py:588} INFO - Filling up the DagBag from /home/patrick/.cache/pypoetry/virtualenvs/airflow-wPbgcfzP-py3.10/lib/python3.10/site-packages/airflow/example_dags/example_branch_labels.py
[2024-10-03T23:51:12.529-0400] {processor.py:925} INFO - DAG(s) 'example_branch_labels' retrieved from /home/patrick/.cache/pypoetry/virtualenvs/airflow-wPbgcfzP-py3.10/lib/python3.10/site-packages/airflow/example_dags/example_branch_labels.py
[2024-10-03T23:51:15.702-0400] {logging_mixin.py:190} INFO - [2024-10-03T23:51:15.702-0400] {dag.py:3239} INFO - Sync 1 DAGs
[2024-10-03T23:51:15.887-0400] {logging_mixin.py:190} INFO - [2024-10-03T23:51:15.886-0400] {dag.py:4180} INFO - Setting next_dagrun for example_branch_labels to 2024-10-03 00:00:00+00:00, run_after=2024-10-04 00:00:00+00:00
[2024-10-03T23:51:16.491-0400] {processor.py:208} INFO - Processing /home/patrick/.cache/pypoetry/virtualenvs/airflow-wPbgcfzP-py3.10/lib/python3.10/site-packages/airflow/example_dags/example_branch_labels.py took 3.975 seconds
[2024-10-03T23:55:30.647-0400] {processor.py:186} INFO - Started process (PID=51656) to work on /home/patrick/.cache/pypoetry/virtualenvs/airflow-wPbgcfzP-py3.10/lib/python3.10/site-packages/airflow/example_dags/example_branch_labels.py
[2024-10-03T23:55:30.648-0400] {processor.py:914} INFO - Processing file /home/patrick/.cache/pypoetry/virtualenvs/airflow-wPbgcfzP-py3.10/lib/python3.10/site-packages/airflow/example_dags/example_branch_labels.py for tasks to queue
[2024-10-03T23:55:30.650-0400] {logging_mixin.py:190} INFO - [2024-10-03T23:55:30.650-0400] {dagbag.py:588} INFO - Filling up the DagBag from /home/patrick/.cache/pypoetry/virtualenvs/airflow-wPbgcfzP-py3.10/lib/python3.10/site-packages/airflow/example_dags/example_branch_labels.py
[2024-10-03T23:55:30.657-0400] {processor.py:925} INFO - DAG(s) 'example_branch_labels' retrieved from /home/patrick/.cache/pypoetry/virtualenvs/airflow-wPbgcfzP-py3.10/lib/python3.10/site-packages/airflow/example_dags/example_branch_labels.py
[2024-10-03T23:55:32.340-0400] {logging_mixin.py:190} INFO - [2024-10-03T23:55:32.339-0400] {dag.py:3239} INFO - Sync 1 DAGs
[2024-10-03T23:55:32.494-0400] {logging_mixin.py:190} INFO - [2024-10-03T23:55:32.494-0400] {dag.py:4180} INFO - Setting next_dagrun for example_branch_labels to 2024-10-03 00:00:00+00:00, run_after=2024-10-04 00:00:00+00:00
[2024-10-03T23:55:33.093-0400] {processor.py:208} INFO - Processing /home/patrick/.cache/pypoetry/virtualenvs/airflow-wPbgcfzP-py3.10/lib/python3.10/site-packages/airflow/example_dags/example_branch_labels.py took 2.450 seconds
[2024-10-03T23:59:12.950-0400] {processor.py:186} INFO - Started process (PID=52619) to work on /home/patrick/.cache/pypoetry/virtualenvs/airflow-wPbgcfzP-py3.10/lib/python3.10/site-packages/airflow/example_dags/example_branch_labels.py
[2024-10-03T23:59:12.951-0400] {processor.py:914} INFO - Processing file /home/patrick/.cache/pypoetry/virtualenvs/airflow-wPbgcfzP-py3.10/lib/python3.10/site-packages/airflow/example_dags/example_branch_labels.py for tasks to queue
[2024-10-03T23:59:12.953-0400] {logging_mixin.py:190} INFO - [2024-10-03T23:59:12.953-0400] {dagbag.py:588} INFO - Filling up the DagBag from /home/patrick/.cache/pypoetry/virtualenvs/airflow-wPbgcfzP-py3.10/lib/python3.10/site-packages/airflow/example_dags/example_branch_labels.py
[2024-10-03T23:59:12.959-0400] {processor.py:925} INFO - DAG(s) 'example_branch_labels' retrieved from /home/patrick/.cache/pypoetry/virtualenvs/airflow-wPbgcfzP-py3.10/lib/python3.10/site-packages/airflow/example_dags/example_branch_labels.py
[2024-10-03T23:59:15.285-0400] {logging_mixin.py:190} INFO - [2024-10-03T23:59:15.285-0400] {dag.py:3239} INFO - Sync 1 DAGs
[2024-10-03T23:59:15.453-0400] {logging_mixin.py:190} INFO - [2024-10-03T23:59:15.452-0400] {dag.py:4180} INFO - Setting next_dagrun for example_branch_labels to 2024-10-03 00:00:00+00:00, run_after=2024-10-04 00:00:00+00:00
[2024-10-03T23:59:16.056-0400] {processor.py:208} INFO - Processing /home/patrick/.cache/pypoetry/virtualenvs/airflow-wPbgcfzP-py3.10/lib/python3.10/site-packages/airflow/example_dags/example_branch_labels.py took 3.111 seconds
[2024-10-04T00:03:47.633-0400] {processor.py:186} INFO - Started process (PID=53853) to work on /home/patrick/.cache/pypoetry/virtualenvs/airflow-wPbgcfzP-py3.10/lib/python3.10/site-packages/airflow/example_dags/example_branch_labels.py
[2024-10-04T00:03:47.634-0400] {processor.py:914} INFO - Processing file /home/patrick/.cache/pypoetry/virtualenvs/airflow-wPbgcfzP-py3.10/lib/python3.10/site-packages/airflow/example_dags/example_branch_labels.py for tasks to queue
[2024-10-04T00:03:47.637-0400] {logging_mixin.py:190} INFO - [2024-10-04T00:03:47.636-0400] {dagbag.py:588} INFO - Filling up the DagBag from /home/patrick/.cache/pypoetry/virtualenvs/airflow-wPbgcfzP-py3.10/lib/python3.10/site-packages/airflow/example_dags/example_branch_labels.py
[2024-10-04T00:03:47.643-0400] {processor.py:925} INFO - DAG(s) 'example_branch_labels' retrieved from /home/patrick/.cache/pypoetry/virtualenvs/airflow-wPbgcfzP-py3.10/lib/python3.10/site-packages/airflow/example_dags/example_branch_labels.py
[2024-10-04T00:03:55.767-0400] {logging_mixin.py:190} INFO - [2024-10-04T00:03:55.767-0400] {dag.py:3239} INFO - Sync 1 DAGs
[2024-10-04T00:03:56.155-0400] {logging_mixin.py:190} INFO - [2024-10-04T00:03:56.155-0400] {dag.py:4180} INFO - Setting next_dagrun for example_branch_labels to 2024-10-03 00:00:00+00:00, run_after=2024-10-04 00:00:00+00:00
[2024-10-04T00:03:56.839-0400] {processor.py:208} INFO - Processing /home/patrick/.cache/pypoetry/virtualenvs/airflow-wPbgcfzP-py3.10/lib/python3.10/site-packages/airflow/example_dags/example_branch_labels.py took 9.210 seconds
