[2024-10-03T04:30:22.724-0400] {executor_loader.py:254} INFO - Loaded executor: SequentialExecutor
[2024-10-03T04:30:23.530-0400] {scheduler_job_runner.py:935} INFO - Starting the scheduler
[2024-10-03T04:30:23.542-0400] {scheduler_job_runner.py:942} INFO - Processing each file at most -1 times
[2024-10-03T04:30:23.563-0400] {manager.py:174} INFO - Launched DagFileProcessorManager with pid: 96903
[2024-10-03T04:30:23.572-0400] {scheduler_job_runner.py:1847} INFO - Adopting or resetting orphaned tasks for active dag runs
[2024-10-03T04:30:23.575-0400] {settings.py:63} INFO - Configured default timezone UTC
[2024-10-03T04:31:38.037-0400] {dag.py:4180} INFO - Setting next_dagrun for huggingface_pdf_pipeline to 2024-10-02 00:00:00+00:00, run_after=2024-10-03 00:00:00+00:00
Dag run  in running state
Dag information Queued at: 2024-10-03 08:31:37.898260+00:00 hash info: e198412fdae65bc03411a75e9f78d1d2
Dag run  in running state
Dag information Queued at: 2024-10-03 08:31:37.284804+00:00 hash info: e198412fdae65bc03411a75e9f78d1d2
[2024-10-03T04:31:39.092-0400] {scheduler_job_runner.py:423} INFO - 2 tasks up for execution:
	<TaskInstance: huggingface_pdf_pipeline.process_pdfs_task scheduled__2024-10-01T00:00:00+00:00 [scheduled]>
	<TaskInstance: huggingface_pdf_pipeline.process_pdfs_task manual__2024-10-03T08:31:36.535474+00:00 [scheduled]>
[2024-10-03T04:31:39.096-0400] {scheduler_job_runner.py:495} INFO - DAG huggingface_pdf_pipeline has 0/16 running and queued tasks
[2024-10-03T04:31:39.097-0400] {scheduler_job_runner.py:495} INFO - DAG huggingface_pdf_pipeline has 1/16 running and queued tasks
[2024-10-03T04:31:39.097-0400] {scheduler_job_runner.py:634} INFO - Setting the following tasks to queued state:
	<TaskInstance: huggingface_pdf_pipeline.process_pdfs_task scheduled__2024-10-01T00:00:00+00:00 [scheduled]>
	<TaskInstance: huggingface_pdf_pipeline.process_pdfs_task manual__2024-10-03T08:31:36.535474+00:00 [scheduled]>
[2024-10-03T04:31:39.133-0400] {scheduler_job_runner.py:736} INFO - Trying to enqueue tasks: [<TaskInstance: huggingface_pdf_pipeline.process_pdfs_task scheduled__2024-10-01T00:00:00+00:00 [scheduled]>, <TaskInstance: huggingface_pdf_pipeline.process_pdfs_task manual__2024-10-03T08:31:36.535474+00:00 [scheduled]>] for executor: SequentialExecutor(parallelism=32)
[2024-10-03T04:31:39.135-0400] {scheduler_job_runner.py:680} INFO - Sending TaskInstanceKey(dag_id='huggingface_pdf_pipeline', task_id='process_pdfs_task', run_id='scheduled__2024-10-01T00:00:00+00:00', try_number=1, map_index=-1) to SequentialExecutor with priority 1 and queue default
[2024-10-03T04:31:39.135-0400] {base_executor.py:168} INFO - Adding to queue: ['airflow', 'tasks', 'run', 'huggingface_pdf_pipeline', 'process_pdfs_task', 'scheduled__2024-10-01T00:00:00+00:00', '--local', '--subdir', 'DAGS_FOLDER/huggingface_pdf_airflow_dag.py']
[2024-10-03T04:31:39.136-0400] {scheduler_job_runner.py:680} INFO - Sending TaskInstanceKey(dag_id='huggingface_pdf_pipeline', task_id='process_pdfs_task', run_id='manual__2024-10-03T08:31:36.535474+00:00', try_number=1, map_index=-1) to SequentialExecutor with priority 1 and queue default
[2024-10-03T04:31:39.136-0400] {base_executor.py:168} INFO - Adding to queue: ['airflow', 'tasks', 'run', 'huggingface_pdf_pipeline', 'process_pdfs_task', 'manual__2024-10-03T08:31:36.535474+00:00', '--local', '--subdir', 'DAGS_FOLDER/huggingface_pdf_airflow_dag.py']
[2024-10-03T04:31:39.171-0400] {sequential_executor.py:84} INFO - Executing command: ['airflow', 'tasks', 'run', 'huggingface_pdf_pipeline', 'process_pdfs_task', 'scheduled__2024-10-01T00:00:00+00:00', '--local', '--subdir', 'DAGS_FOLDER/huggingface_pdf_airflow_dag.py']
[2024-10-03T04:31:40.897-0400] {dagbag.py:588} INFO - Filling up the DagBag from /mnt/c/Users/User/Documents/GitHub/DAMG7245/big_data_assignment2/airflow/dags/huggingface_pdf_airflow_dag.py
[2024-10-03T04:31:41.146-0400] {example_kubernetes_executor.py:39} WARNING - The example_kubernetes_executor example DAG requires the kubernetes provider. Please install it with: pip install apache-airflow[cncf.kubernetes]
[2024-10-03T04:31:41.197-0400] {tutorial_taskflow_api_virtualenv.py:29} WARNING - The tutorial_taskflow_api_virtualenv example DAG requires virtualenv, please install it.
[2024-10-03T04:31:41.778-0400] {example_python_operator.py:93} WARNING - The virtalenv_python example task requires virtualenv, please install it.
[2024-10-03T04:31:41.855-0400] {example_local_kubernetes_executor.py:40} WARNING - Could not import DAGs in example_local_kubernetes_executor.py
Traceback (most recent call last):
  File "/home/patrick/.cache/pypoetry/virtualenvs/airflow-ZQKp6x3P-py3.10/lib/python3.10/site-packages/airflow/example_dags/example_local_kubernetes_executor.py", line 38, in <module>
    from kubernetes.client import models as k8s
ModuleNotFoundError: No module named 'kubernetes'
[2024-10-03T04:31:41.855-0400] {example_local_kubernetes_executor.py:41} WARNING - Install Kubernetes dependencies with: pip install apache-airflow[cncf.kubernetes]
[2024-10-03T04:31:42.064-0400] {example_python_decorator.py:80} WARNING - The virtalenv_python example task requires virtualenv, please install it.
[2024-10-03T04:31:42.771-0400] {task_command.py:467} INFO - Running <TaskInstance: huggingface_pdf_pipeline.process_pdfs_task scheduled__2024-10-01T00:00:00+00:00 [queued]> on host LAPTOP-GD5THE3N.
