[2024-10-03T22:47:39.057-0400] {local_task_job_runner.py:123} INFO - ::group::Pre task execution logs
[2024-10-03T22:47:42.890-0400] {taskinstance.py:2612} INFO - Dependencies all met for dep_context=non-requeueable deps ti=<TaskInstance: huggingface_pdf_pipeline.extract_texts_task manual__2024-10-04T02:38:59.076013+00:00 [queued]>
[2024-10-03T22:47:43.055-0400] {taskinstance.py:2612} INFO - Dependencies all met for dep_context=requeueable deps ti=<TaskInstance: huggingface_pdf_pipeline.extract_texts_task manual__2024-10-04T02:38:59.076013+00:00 [queued]>
[2024-10-03T22:47:43.056-0400] {taskinstance.py:2865} INFO - Starting attempt 1 of 2
[2024-10-03T22:47:43.250-0400] {taskinstance.py:2888} INFO - Executing <Task(PythonOperator): extract_texts_task> on 2024-10-04 02:38:59.076013+00:00
[2024-10-03T22:47:43.255-0400] {standard_task_runner.py:72} INFO - Started process 33759 to run task
[2024-10-03T22:47:43.257-0400] {standard_task_runner.py:104} INFO - Running: ['airflow', 'tasks', 'run', 'huggingface_pdf_pipeline', 'extract_texts_task', 'manual__2024-10-04T02:38:59.076013+00:00', '--job-id', '42', '--raw', '--subdir', 'DAGS_FOLDER/huggingface_pdf_airflow_dag.py', '--cfg-path', '/tmp/tmpl54wvpm3']
[2024-10-03T22:47:43.258-0400] {standard_task_runner.py:105} INFO - Job 42: Subtask extract_texts_task
[2024-10-03T22:47:51.236-0400] {task_command.py:467} INFO - Running <TaskInstance: huggingface_pdf_pipeline.extract_texts_task manual__2024-10-04T02:38:59.076013+00:00 [running]> on host LAPTOP-GD5THE3N.
[2024-10-03T22:47:54.035-0400] {job.py:229} INFO - Heartbeat recovered after 42.60 seconds
[2024-10-03T22:48:07.387-0400] {taskinstance.py:3131} INFO - Exporting env vars: AIRFLOW_CTX_DAG_OWNER='airflow' AIRFLOW_CTX_DAG_ID='huggingface_pdf_pipeline' AIRFLOW_CTX_TASK_ID='extract_texts_task' AIRFLOW_CTX_EXECUTION_DATE='2024-10-04T02:38:59.076013+00:00' AIRFLOW_CTX_TRY_NUMBER='1' AIRFLOW_CTX_DAG_RUN_ID='manual__2024-10-04T02:38:59.076013+00:00'
[2024-10-03T22:48:07.390-0400] {logging_mixin.py:190} INFO - Task instance is in running state
[2024-10-03T22:48:07.392-0400] {logging_mixin.py:190} INFO -  Previous state of the Task instance: queued
[2024-10-03T22:48:07.393-0400] {logging_mixin.py:190} INFO - Current task name:extract_texts_task state:running start_date:2024-10-04 02:47:42.892044+00:00
[2024-10-03T22:48:07.404-0400] {logging_mixin.py:190} INFO - Dag name:huggingface_pdf_pipeline and current dag run status:running
[2024-10-03T22:48:07.407-0400] {taskinstance.py:731} INFO - ::endgroup::
[2024-10-03T22:48:07.414-0400] {logging_mixin.py:190} INFO - Error extracting text from /: [Errno 21] Is a directory: '/'
[2024-10-03T22:48:07.423-0400] {logging_mixin.py:190} INFO - Error extracting text from h: [Errno 2] No such file or directory: 'h'
[2024-10-03T22:48:07.426-0400] {logging_mixin.py:190} INFO - Error extracting text from o: [Errno 2] No such file or directory: 'o'
[2024-10-03T22:48:07.427-0400] {logging_mixin.py:190} INFO - Error extracting text from m: [Errno 2] No such file or directory: 'm'
[2024-10-03T22:48:07.430-0400] {logging_mixin.py:190} INFO - Error extracting text from e: [Errno 2] No such file or directory: 'e'
[2024-10-03T22:48:07.434-0400] {logging_mixin.py:190} INFO - Error extracting text from /: [Errno 21] Is a directory: '/'
[2024-10-03T22:48:07.437-0400] {logging_mixin.py:190} INFO - Error extracting text from p: [Errno 2] No such file or directory: 'p'
[2024-10-03T22:48:07.440-0400] {logging_mixin.py:190} INFO - Error extracting text from a: [Errno 2] No such file or directory: 'a'
[2024-10-03T22:48:07.440-0400] {logging_mixin.py:190} INFO - Error extracting text from t: [Errno 2] No such file or directory: 't'
[2024-10-03T22:48:07.445-0400] {logging_mixin.py:190} INFO - Error extracting text from r: [Errno 2] No such file or directory: 'r'
[2024-10-03T22:48:07.451-0400] {logging_mixin.py:190} INFO - Error extracting text from i: [Errno 2] No such file or directory: 'i'
[2024-10-03T22:48:07.452-0400] {logging_mixin.py:190} INFO - Error extracting text from c: [Errno 2] No such file or directory: 'c'
[2024-10-03T22:48:07.454-0400] {logging_mixin.py:190} INFO - Error extracting text from k: [Errno 2] No such file or directory: 'k'
[2024-10-03T22:48:07.456-0400] {logging_mixin.py:190} INFO - Error extracting text from /: [Errno 21] Is a directory: '/'
[2024-10-03T22:48:07.460-0400] {logging_mixin.py:190} INFO - Error extracting text from D: [Errno 2] No such file or directory: 'D'
[2024-10-03T22:48:07.461-0400] {logging_mixin.py:190} INFO - Error extracting text from o: [Errno 2] No such file or directory: 'o'
[2024-10-03T22:48:07.462-0400] {logging_mixin.py:190} INFO - Error extracting text from w: [Errno 2] No such file or directory: 'w'
[2024-10-03T22:48:07.463-0400] {logging_mixin.py:190} INFO - Error extracting text from n: [Errno 2] No such file or directory: 'n'
[2024-10-03T22:48:07.464-0400] {logging_mixin.py:190} INFO - Error extracting text from l: [Errno 2] No such file or directory: 'l'
[2024-10-03T22:48:07.465-0400] {logging_mixin.py:190} INFO - Error extracting text from o: [Errno 2] No such file or directory: 'o'
[2024-10-03T22:48:07.466-0400] {logging_mixin.py:190} INFO - Error extracting text from a: [Errno 2] No such file or directory: 'a'
[2024-10-03T22:48:07.467-0400] {logging_mixin.py:190} INFO - Error extracting text from d: [Errno 2] No such file or directory: 'd'
[2024-10-03T22:48:07.467-0400] {logging_mixin.py:190} INFO - Error extracting text from s: [Errno 2] No such file or directory: 's'
[2024-10-03T22:48:07.468-0400] {python.py:240} INFO - Done. Returned value was: []
[2024-10-03T22:48:12.485-0400] {job.py:229} INFO - Heartbeat recovered after 18.59 seconds
[2024-10-03T22:48:28.003-0400] {taskinstance.py:340} INFO - ::group::Post task execution logs
[2024-10-03T22:48:28.005-0400] {taskinstance.py:352} INFO - Marking task as SUCCESS. dag_id=huggingface_pdf_pipeline, task_id=extract_texts_task, run_id=manual__2024-10-04T02:38:59.076013+00:00, execution_date=20241004T023859, start_date=20241004T024742, end_date=20241004T024828
[2024-10-03T22:48:28.361-0400] {logging_mixin.py:190} INFO - Task instance in success state
[2024-10-03T22:48:28.363-0400] {logging_mixin.py:190} INFO -  Previous state of the Task instance: running
[2024-10-03T22:48:28.363-0400] {logging_mixin.py:190} INFO - Dag name:huggingface_pdf_pipeline queued_at:2024-10-04 02:38:59.673155+00:00
[2024-10-03T22:48:28.364-0400] {logging_mixin.py:190} INFO - Task hostname:LAPTOP-GD5THE3N. operator:PythonOperator
[2024-10-03T22:48:33.283-0400] {job.py:229} INFO - Heartbeat recovered after 21.22 seconds
[2024-10-03T22:48:36.437-0400] {local_task_job_runner.py:266} INFO - Task exited with return code 0
[2024-10-03T22:48:38.318-0400] {standard_task_runner.py:217} INFO - Process not found (most likely exited), stop collecting metrics
[2024-10-03T22:48:38.782-0400] {taskinstance.py:3900} INFO - 1 downstream tasks scheduled from follow-on schedule check
[2024-10-03T22:48:38.840-0400] {local_task_job_runner.py:245} INFO - ::endgroup::
