[2024-10-05T13:29:46.125-0400] {processor.py:186} INFO - Started process (PID=1327) to work on /home/patrick/.cache/pypoetry/virtualenvs/airflow-wPbgcfzP-py3.10/lib/python3.10/site-packages/airflow/example_dags/subdags/subdag.py
[2024-10-05T13:29:46.126-0400] {processor.py:914} INFO - Processing file /home/patrick/.cache/pypoetry/virtualenvs/airflow-wPbgcfzP-py3.10/lib/python3.10/site-packages/airflow/example_dags/subdags/subdag.py for tasks to queue
[2024-10-05T13:29:46.127-0400] {logging_mixin.py:190} INFO - [2024-10-05T13:29:46.127-0400] {dagbag.py:588} INFO - Filling up the DagBag from /home/patrick/.cache/pypoetry/virtualenvs/airflow-wPbgcfzP-py3.10/lib/python3.10/site-packages/airflow/example_dags/subdags/subdag.py
[2024-10-05T13:29:46.129-0400] {processor.py:927} WARNING - No viable dags retrieved from /home/patrick/.cache/pypoetry/virtualenvs/airflow-wPbgcfzP-py3.10/lib/python3.10/site-packages/airflow/example_dags/subdags/subdag.py
[2024-10-05T13:29:48.702-0400] {processor.py:208} INFO - Processing /home/patrick/.cache/pypoetry/virtualenvs/airflow-wPbgcfzP-py3.10/lib/python3.10/site-packages/airflow/example_dags/subdags/subdag.py took 2.581 seconds
[2024-10-05T13:34:43.971-0400] {processor.py:186} INFO - Started process (PID=2651) to work on /home/patrick/.cache/pypoetry/virtualenvs/airflow-wPbgcfzP-py3.10/lib/python3.10/site-packages/airflow/example_dags/subdags/subdag.py
[2024-10-05T13:34:43.972-0400] {processor.py:914} INFO - Processing file /home/patrick/.cache/pypoetry/virtualenvs/airflow-wPbgcfzP-py3.10/lib/python3.10/site-packages/airflow/example_dags/subdags/subdag.py for tasks to queue
[2024-10-05T13:34:43.973-0400] {logging_mixin.py:190} INFO - [2024-10-05T13:34:43.973-0400] {dagbag.py:588} INFO - Filling up the DagBag from /home/patrick/.cache/pypoetry/virtualenvs/airflow-wPbgcfzP-py3.10/lib/python3.10/site-packages/airflow/example_dags/subdags/subdag.py
[2024-10-05T13:34:43.975-0400] {processor.py:927} WARNING - No viable dags retrieved from /home/patrick/.cache/pypoetry/virtualenvs/airflow-wPbgcfzP-py3.10/lib/python3.10/site-packages/airflow/example_dags/subdags/subdag.py
[2024-10-05T13:34:45.838-0400] {processor.py:208} INFO - Processing /home/patrick/.cache/pypoetry/virtualenvs/airflow-wPbgcfzP-py3.10/lib/python3.10/site-packages/airflow/example_dags/subdags/subdag.py took 1.871 seconds
[2024-10-05T13:37:28.557-0400] {processor.py:186} INFO - Started process (PID=3461) to work on /home/patrick/.cache/pypoetry/virtualenvs/airflow-wPbgcfzP-py3.10/lib/python3.10/site-packages/airflow/example_dags/subdags/subdag.py
[2024-10-05T13:37:28.561-0400] {processor.py:914} INFO - Processing file /home/patrick/.cache/pypoetry/virtualenvs/airflow-wPbgcfzP-py3.10/lib/python3.10/site-packages/airflow/example_dags/subdags/subdag.py for tasks to queue
[2024-10-05T13:37:28.566-0400] {logging_mixin.py:190} INFO - [2024-10-05T13:37:28.566-0400] {dagbag.py:588} INFO - Filling up the DagBag from /home/patrick/.cache/pypoetry/virtualenvs/airflow-wPbgcfzP-py3.10/lib/python3.10/site-packages/airflow/example_dags/subdags/subdag.py
[2024-10-05T13:37:28.568-0400] {processor.py:927} WARNING - No viable dags retrieved from /home/patrick/.cache/pypoetry/virtualenvs/airflow-wPbgcfzP-py3.10/lib/python3.10/site-packages/airflow/example_dags/subdags/subdag.py
[2024-10-05T13:37:30.478-0400] {processor.py:208} INFO - Processing /home/patrick/.cache/pypoetry/virtualenvs/airflow-wPbgcfzP-py3.10/lib/python3.10/site-packages/airflow/example_dags/subdags/subdag.py took 1.924 seconds
[2024-10-05T13:42:18.198-0400] {processor.py:186} INFO - Started process (PID=4729) to work on /home/patrick/.cache/pypoetry/virtualenvs/airflow-wPbgcfzP-py3.10/lib/python3.10/site-packages/airflow/example_dags/subdags/subdag.py
[2024-10-05T13:42:18.200-0400] {processor.py:914} INFO - Processing file /home/patrick/.cache/pypoetry/virtualenvs/airflow-wPbgcfzP-py3.10/lib/python3.10/site-packages/airflow/example_dags/subdags/subdag.py for tasks to queue
[2024-10-05T13:42:18.202-0400] {logging_mixin.py:190} INFO - [2024-10-05T13:42:18.201-0400] {dagbag.py:588} INFO - Filling up the DagBag from /home/patrick/.cache/pypoetry/virtualenvs/airflow-wPbgcfzP-py3.10/lib/python3.10/site-packages/airflow/example_dags/subdags/subdag.py
[2024-10-05T13:42:18.203-0400] {processor.py:927} WARNING - No viable dags retrieved from /home/patrick/.cache/pypoetry/virtualenvs/airflow-wPbgcfzP-py3.10/lib/python3.10/site-packages/airflow/example_dags/subdags/subdag.py
[2024-10-05T13:42:27.903-0400] {processor.py:208} INFO - Processing /home/patrick/.cache/pypoetry/virtualenvs/airflow-wPbgcfzP-py3.10/lib/python3.10/site-packages/airflow/example_dags/subdags/subdag.py took 9.708 seconds
[2024-10-05T13:44:45.131-0400] {processor.py:186} INFO - Started process (PID=5357) to work on /home/patrick/.cache/pypoetry/virtualenvs/airflow-wPbgcfzP-py3.10/lib/python3.10/site-packages/airflow/example_dags/subdags/subdag.py
[2024-10-05T13:44:45.132-0400] {processor.py:914} INFO - Processing file /home/patrick/.cache/pypoetry/virtualenvs/airflow-wPbgcfzP-py3.10/lib/python3.10/site-packages/airflow/example_dags/subdags/subdag.py for tasks to queue
[2024-10-05T13:44:45.134-0400] {logging_mixin.py:190} INFO - [2024-10-05T13:44:45.133-0400] {dagbag.py:588} INFO - Filling up the DagBag from /home/patrick/.cache/pypoetry/virtualenvs/airflow-wPbgcfzP-py3.10/lib/python3.10/site-packages/airflow/example_dags/subdags/subdag.py
[2024-10-05T13:44:45.136-0400] {processor.py:927} WARNING - No viable dags retrieved from /home/patrick/.cache/pypoetry/virtualenvs/airflow-wPbgcfzP-py3.10/lib/python3.10/site-packages/airflow/example_dags/subdags/subdag.py
[2024-10-05T13:44:46.528-0400] {processor.py:208} INFO - Processing /home/patrick/.cache/pypoetry/virtualenvs/airflow-wPbgcfzP-py3.10/lib/python3.10/site-packages/airflow/example_dags/subdags/subdag.py took 1.400 seconds
[2024-10-05T13:47:56.425-0400] {processor.py:186} INFO - Started process (PID=6195) to work on /home/patrick/.cache/pypoetry/virtualenvs/airflow-wPbgcfzP-py3.10/lib/python3.10/site-packages/airflow/example_dags/subdags/subdag.py
[2024-10-05T13:47:56.426-0400] {processor.py:914} INFO - Processing file /home/patrick/.cache/pypoetry/virtualenvs/airflow-wPbgcfzP-py3.10/lib/python3.10/site-packages/airflow/example_dags/subdags/subdag.py for tasks to queue
[2024-10-05T13:47:56.427-0400] {logging_mixin.py:190} INFO - [2024-10-05T13:47:56.427-0400] {dagbag.py:588} INFO - Filling up the DagBag from /home/patrick/.cache/pypoetry/virtualenvs/airflow-wPbgcfzP-py3.10/lib/python3.10/site-packages/airflow/example_dags/subdags/subdag.py
[2024-10-05T13:47:56.429-0400] {processor.py:927} WARNING - No viable dags retrieved from /home/patrick/.cache/pypoetry/virtualenvs/airflow-wPbgcfzP-py3.10/lib/python3.10/site-packages/airflow/example_dags/subdags/subdag.py
[2024-10-05T13:48:00.773-0400] {processor.py:208} INFO - Processing /home/patrick/.cache/pypoetry/virtualenvs/airflow-wPbgcfzP-py3.10/lib/python3.10/site-packages/airflow/example_dags/subdags/subdag.py took 4.351 seconds
[2024-10-05T13:50:24.938-0400] {processor.py:186} INFO - Started process (PID=6827) to work on /home/patrick/.cache/pypoetry/virtualenvs/airflow-wPbgcfzP-py3.10/lib/python3.10/site-packages/airflow/example_dags/subdags/subdag.py
[2024-10-05T13:50:24.939-0400] {processor.py:914} INFO - Processing file /home/patrick/.cache/pypoetry/virtualenvs/airflow-wPbgcfzP-py3.10/lib/python3.10/site-packages/airflow/example_dags/subdags/subdag.py for tasks to queue
[2024-10-05T13:50:24.945-0400] {logging_mixin.py:190} INFO - [2024-10-05T13:50:24.945-0400] {dagbag.py:588} INFO - Filling up the DagBag from /home/patrick/.cache/pypoetry/virtualenvs/airflow-wPbgcfzP-py3.10/lib/python3.10/site-packages/airflow/example_dags/subdags/subdag.py
[2024-10-05T13:50:24.948-0400] {processor.py:927} WARNING - No viable dags retrieved from /home/patrick/.cache/pypoetry/virtualenvs/airflow-wPbgcfzP-py3.10/lib/python3.10/site-packages/airflow/example_dags/subdags/subdag.py
[2024-10-05T13:50:39.421-0400] {processor.py:208} INFO - Processing /home/patrick/.cache/pypoetry/virtualenvs/airflow-wPbgcfzP-py3.10/lib/python3.10/site-packages/airflow/example_dags/subdags/subdag.py took 14.487 seconds
